[日志] 日志文件: logs/grasp/grasp_260708_101906.log
[日志] 执行命令: python3 -m compliant_grasp_execute.main
[INFO] [1783477147.090292978] [XARM_manager]: waiting for service /controller_manager/get_parameters to become available...
[INFO] [1783477147.345351984] [XARM_manager]: XARM_manager initialized, robot_type: tianyi2, run_type: real
[INFO] [1783477147.350321465] [XARM_manager]: 已订阅关节状态话题: /joint_states
[INFO] [1783477147.354280541] [XARM_manager]: 已订阅警告和错误信息话题: /manipulator/warn_and_error_info
[INFO] [1783477147.363838731] [XARM_manager]: /joint_action_report 服务已启动
[CONFIG] loaded 201 params from /home/ubuntu/niu/compliant_grasp_execute/config.yaml
[GRASP-EXEC] STARTUP: enabling arms and moving BOTH to home posture
[INFO] [1783477152.105559698] [XARM_manager]: Deactivated controllers: ['jointspace_arm_L_controller']
[GRASP-EXEC] STARTUP: left -> home joints=['0.844', '0.026', '-0.006', '-2.216', '-1.529', '0.250', '0.683']
[INFO] [1783477152.124009494] [XARM_manager]: Activated controllers: ['jointspace_arm_L_controller']
[INFO] [1783477152.137754897] [XARM_manager]: Sending goal to action server /jointspace_arm_L_controller/jointspace (attempt 1/3):
eai_manipulator_msgs.action.JointSpace_Goal(target_positions=[0.844, 0.026, -0.006, -2.216, -1.529, 0.25, 0.683])
[INFO] [1783477152.139770813] [XARM_manager]: Goal accepted. Waiting for result...
[INFO] [1783477152.592911003] [XARM_manager]: Action result received from /jointspace_arm_L_controller/jointspace
[INFO] [1783477152.593231304] [XARM_manager]: Action result: eai_manipulator_msgs.action.JointSpace_Result(success=True, result_msg='action finished')
[GRASP-EXEC] STARTUP: right -> home joints=['0.844', '-0.026', '0.006', '-2.216', '1.529', '0.250', '-0.683']
[INFO] [1783477152.602318636] [XARM_manager]: Activated controllers: ['jointspace_arm_R_controller']
[INFO] [1783477152.615183280] [XARM_manager]: Sending goal to action server /jointspace_arm_R_controller/jointspace (attempt 1/3):
eai_manipulator_msgs.action.JointSpace_Goal(target_positions=[0.844, -0.026, 0.006, -2.216, 1.529, 0.25, -0.683])
[INFO] [1783477152.616712163] [XARM_manager]: Goal accepted. Waiting for result...
[INFO] [1783477153.074886905] [XARM_manager]: Action result received from /jointspace_arm_R_controller/jointspace
[INFO] [1783477153.075438268] [XARM_manager]: Action result: eai_manipulator_msgs.action.JointSpace_Result(success=True, result_msg='action finished')
[GRASP-EXEC] STARTUP: activating both grippers (open/close cycle)
[GRASP-EXEC] WARNING: startup activation of gripper 'left' failed: NoResponseError('No communication with the instrument (no answer)')
[robotiq_api] gripper already activated (gSTA==3); skip resetActivate()
[GRASP-EXEC] STARTUP: gripper 'right' activated
perception health check pass
[object_pose] RGB (720, 1280, 3), depth (720, 1280), valid-depth pixels: 838295/921600 (median valid depth 1.013 m)
[GRASP-EXEC] ARM-SELECT: object waist Y=+0.180m (y >= boundary 0.000) -> 'left' arm
[GRASP-EXEC] diagonal schedule: angle-from-X=45.29562850405357deg -> tilt_scale=0.66, yaw_clamp=35.2deg (freed wrist_pitch, raised jaw alignment)
[GRASP-EXEC] reach tilt reduction: object |Y|=0.180m -> tilt_scale=1.00 (backed the side-tilt off so the elbow can extend to a far-outboard object instead of folding into its stop)
[GRASP-EXEC] applied grasp tilt +29.8deg about waist Y (tilt scale 1.00 x diag 0.66 x reach 1.00) -> quat=['-0.3167', '0.4051', '0.6402', '-0.5708']
[GRASP-EXEC] continuous orientation: object long-axis yaw -45.3deg (angle-from-X 45.3deg); applied continuous yaw -35.2deg about waist Z (gain=1.00, clamp +/-35deg) -> quat=['-0.1794', '0.4819', '0.7828', '-0.3505']
[GRASP-EXEC] recomputed TCP along final quat: detected_tcp_xyz=['0.2838', '0.2274', '-0.1408'] -> consistent_tcp_xyz=['0.3480', '0.3474', '0.1118']
[GRASP-EXEC] approach lateral clamp: approach Y +0.4228 -> +0.3474 (= grasp Y); tool_z outboard component would have pushed the standoff further from center than the grasp, which folds the elbow into its stop at far-outboard reaches.
[GRASP-EXEC] approach along grasp axis: dist=0.120m tool_z=[-0.619,0.629,0.471] approach_xyz=['0.3138', '0.3474', '0.1733']
[GRASP-EXEC] applied lift tilt -15.0deg about waist Y -> lift quat=['-0.2800', '0.5235', '0.7527', '-0.2846']
[GRASP-EXEC] detected class=remote-control detected_pose7=['0.2838', '0.2274', '-0.1408', '0.6947', '0.5066', '-0.3431', '-0.3781'] -> motion grasp_pose7=['0.3880', '0.3474', '0.1168', '-0.1794', '0.4819', '0.7828', '-0.3505']
[INFO] [1783477156.728305060] [XARM_manager]: Deactivated controllers: ['jointspace_arm_L_controller', 'jointspace_arm_R_controller']
[GRASP-EXEC] arms enabled (mode 3) [took 0.03s]
[JOINT-LIMIT] left: using live controller limits from endpose_single_arm_qp_L_controller
[GRASP-EXEC] joint-limit guard ON (margin 0.050 rad) arm=left
[GRASP-EXEC] gripper: connecting in background (overlaps arm enable + approach to hide the slow serial open; --no-gripper-async-connect for the old blocking behaviour)
[GRASP-EXEC] ARM: approach via qp_stream
[GRASP-EXEC] gripper: arm='left' -> stable by-id port /dev/serial/by-id/usb-FTDI_FT231X_USB_UART_DU0E2IPR-if00-port0
[INFO] [1783477156.761904261] [XARM_manager]: Activated controllers: ['endpose_single_arm_qp_L_controller']
[GRASP-EXEC] QP-Stream left -> approach (pure-pursuit): pos=22.0cm rot=79.3deg, lookahead=13cm @ 50Hz, pos_tol=2.0cm accept=2.5cm keep_ori=False
[GRASP-EXEC] approach TCP tracking: commanded=[0.3138,0.3474,0.1733] achieved=[0.3041,0.3363,0.1606] err=[-9.6,-11.1,-12.7]mm |err|=19.4mm approach-axis tilt: achieved=+31.5deg commanded=+28.1deg (0=level) ori-err=5.2deg
[JOINT-LIMIT] left closest-to-limit: wrist_pitch=-0.4013 [-0.785,1.05] dist=0.3837rad
[JOINT-LIMIT] left approach per-joint: shoulder_pitch=-0.020[-2.96,+2.96](2.940) shoulder_roll=+1.096[-0.26,+2.62](1.358) shoulder_yaw=-0.373[-2.96,+2.96](2.587) elbow_pitch=-1.868[-2.61,+0.26](0.742) elbow_yaw=-0.474[-2.96,+2.96](2.486) wrist_pitch=-0.401[-0.79,+1.05](0.384) wrist_roll=-0.373[-1.65,+1.30](1.277)
[GRASP-EXEC] WARNING: gripper init failed, continue without gripper action: NoResponseError('No communication with the instrument (no answer)')
[GRASP-EXEC] GRIPPER: still connecting -> deferring pre-grasp open; the grasp insert will overlap the connect (fingers assumed already open). Will hard-wait for the gripper before closing.
[GRASP-EXEC] ARM: HYBRID pre-descent (position QP-stream) -> 6.5cm, leaving final 3.0cm for F/T compliant descend-to-contact
[GRASP-EXEC] QP-Stream left -> pre-grasp (pure-pursuit): pos=6.5cm rot=0.0deg, lookahead=8cm @ 50Hz, pos_tol=1.0cm accept=2.5cm keep_ori=True
[GRASP-EXEC] ARM: COMPLIANT insert to grasp pose (F/T admittance descend-to-contact)
[INFO] [1783477160.646525618] [XARM_manager]: [COMPLIANT-LEFT] Loaded F/T calibration from /home/ubuntu/niu/compliant_grasp_execute/ft_calibration/ft_calibration_left.json
[INFO] [1783477160.668320684] [XARM_manager]: [COMPLIANT-LEFT] target set: p=[0.3526401324681502, 0.34253443945242135, 0.1327017183209349] q=[-0.1316878005679372, 0.44545284538645513, 0.8267741267275607, -0.31729265527674844]
[INFO] [1783477160.669197354] [XARM_manager]: [COMPLIANT-LEFT] seeded QP target at captured pose (z=+0.1327).
[INFO] [1783477160.669973322] [XARM_manager]: [COMPLIANT-LEFT] admittance loop starting (calibrating force offset; keep hands off the arm briefly)...
[INFO] [1783477160.990632385] [XARM_manager]: [COMPLIANT-LEFT] runtime offset calibrated. p_ref=[0.3526401324681502, 0.34253443945242135, 0.1327017183209349], ready.
[COMPLIANT-INSERT] runtime force-offset calibrated in 0.32s
[INFO] [1783477160.994128393] [XARM_manager]: [COMPLIANT-LEFT] gains updated: B=[3.9597979746446663, 5.6, 3.9597979746446663] K=[20.0, 40.0, 20.0] B_rot=[0.5, 0.5, 0.5] K_rot=[0.0, 0.0, 0.0]
[COMPLIANT-INSERT] insertion dir=[+0.91,+0.12,-0.41] planned_depth=3.9cm soft_axes=xz K=[20.0, 40.0, 20.0] B=[3.96, 5.6, 3.96] contact_thresh=1.5N
[INFO] [1783477161.830797206] [XARM_manager]: [COMPLIANT-LEFT] n=200 hz=240.3 F=[+0.00,-2.37,+2.03]N disp=[-3.0,-1.1,+2.0]cm v=[+0.12,-0.20,+0.20]
[COMPLIANT-INSERT] insert s=3.9cm tcp_drop=-0.2cm lag=+4.1cm resist=-1.92N (throttle x0)
[INFO] [1783477162.662212193] [XARM_manager]: [COMPLIANT-LEFT] n=400 hz=240.9 F=[+1.61,-3.68,-23.05]N disp=[-2.1,-3.2,+4.4]cm v=[+0.20,-0.20,-0.20]
[COMPLIANT-INSERT] insert s=5.9cm tcp_drop=3.0cm lag=+2.9cm resist=-10.57N (throttle x0)
[INFO] [1783477163.499896168] [XARM_manager]: [COMPLIANT-LEFT] n=600 hz=239.7 F=[+0.00,-0.80,-15.54]N disp=[+0.2,-4.9,+3.3]cm v=[-0.01,+0.19,-0.20]
[COMPLIANT-INSERT] insert s=5.9cm tcp_drop=4.6cm lag=+1.3cm resist=-0.49N (throttle x0)
[INFO] [1783477164.339336603] [XARM_manager]: [COMPLIANT-LEFT] n=800 hz=239.5 F=[-0.28,+0.00,-9.68]N disp=[-0.3,-4.8,+1.4]cm v=[-0.04,+0.20,-0.20]
[INFO] [1783477164.495805656] [XARM_manager]: [COMPLIANT-LEFT] gains updated: B=[10.844353369380768, 10.844353369380768, 10.844353369380768] K=[150.0, 150.0, 150.0] B_rot=[0.5, 0.5, 0.5] K_rot=[0.0, 0.0, 0.0]
[INFO] [1783477164.496887079] [XARM_manager]: [COMPLIANT-LEFT] target set: p=[0.4042817439669546, 0.30294454856215275, 0.12169210878624781] q=[-0.1316878005679372, 0.44545284538645513, 0.8267741267275607, -0.31729265527674844]
[COMPLIANT-INSERT] CONTACT (stall) at tcp_drop 4.6cm (resist -6.8N, thresh 1.5N); holding compliant for gripper close
[GRASP-EXEC] grasp TCP tracking: commanded=[0.3880,0.3474,0.1168] achieved=[0.4061,0.3032,0.1212] err=[+18.2,-44.2,+4.4]mm |err|=48.0mm approach-axis tilt: achieved=+31.2deg commanded=+28.1deg (0=level) ori-err=7.8deg
[JOINT-LIMIT] left closest-to-limit: wrist_pitch=-0.6422 [-0.785,1.05] dist=0.1428rad
[JOINT-LIMIT] left grasp per-joint: shoulder_pitch=-0.419[-2.96,+2.96](2.541) shoulder_roll=+0.710[-0.26,+2.62](0.972) shoulder_yaw=-0.502[-2.96,+2.96](2.458) elbow_pitch=-1.393[-2.61,+0.26](1.216) elbow_yaw=-0.670[-2.96,+2.96](2.290) wrist_pitch=-0.642[-0.79,+1.05](0.143) wrist_roll=-0.497[-1.65,+1.30](1.153)
[GRASP-EXEC] WARNING: --close-gripper requested but gripper controller is unavailable; skipped close
[INFO] [1783477164.699222347] [XARM_manager]: [COMPLIANT-LEFT] admittance loop stopped.
[GRASP-EXEC] ARM: rotate wrist away from table -20deg about waist Y before lift
[GRASP-EXEC] QP-Stream left -> table-clear (pure-pursuit): pos=0.0cm rot=20.0deg, lookahead=13cm @ 50Hz, pos_tol=2.0cm accept=2.5cm keep_ori=False
[GRASP-EXEC] ARM: lift after grasp
[GRASP-EXEC] QP-Stream left -> lift (pure-pursuit): pos=12.6cm rot=0.0deg, lookahead=13cm @ 50Hz, pos_tol=2.0cm accept=2.5cm keep_ori=True
[JOINT-LIMIT] left closest-to-limit: wrist_pitch=-0.6452 [-0.785,1.05] dist=0.1398rad
[JOINT-LIMIT] left lift per-joint: shoulder_pitch=-0.395[-2.96,+2.96](2.565) shoulder_roll=+0.861[-0.26,+2.62](1.123) shoulder_yaw=-0.273[-2.96,+2.96](2.687) elbow_pitch=-1.599[-2.61,+0.26](1.012) elbow_yaw=-0.327[-2.96,+2.96](2.633) wrist_pitch=-0.645[-0.79,+1.05](0.140) wrist_roll=-0.910[-1.65,+1.30](0.740)
[INFO] [1783477166.227521608] [XARM_manager]: Deactivated controllers: ['endpose_single_arm_qp_L_controller']
[GRASP-EXEC] PRE-HOME WAYPOINT: left -> joints=['0.000', '1.180', '0.000', '-1.300', '1.400', '-0.130', '0.180']
[INFO] [1783477166.247147984] [XARM_manager]: Activated controllers: ['jointspace_arm_L_controller']
[INFO] [1783477166.248183619] [XARM_manager]: Sending goal to action server /jointspace_arm_L_controller/jointspace (attempt 1/3):
eai_manipulator_msgs.action.JointSpace_Goal(target_positions=[0.0, 1.18, 0.0, -1.3, 1.4, -0.13, 0.18])
[INFO] [1783477166.249819699] [XARM_manager]: Goal accepted. Waiting for result...
[INFO] [1783477168.307880333] [XARM_manager]: Action result received from /jointspace_arm_L_controller/jointspace
[INFO] [1783477168.308121295] [XARM_manager]: Action result: eai_manipulator_msgs.action.JointSpace_Result(success=True, result_msg='action finished')
[GRASP-EXEC] pre-home waypoint result: eai_manipulator_msgs.action.JointSpace_Result(success=True, result_msg='action finished')
[GRASP-EXEC] RETURN HOME: left -> joints=['0.844', '0.026', '-0.006', '-2.216', '-1.529', '0.250', '0.683']
[INFO] [1783477168.310644997] [XARM_manager]: Sending goal to action server /jointspace_arm_L_controller/jointspace (attempt 1/3):
eai_manipulator_msgs.action.JointSpace_Goal(target_positions=[0.844, 0.026, -0.006, -2.216, -1.529, 0.25, 0.683])
[INFO] [1783477168.312307729] [XARM_manager]: Goal accepted. Waiting for result...
[INFO] [1783477171.263630132] [XARM_manager]: Action result received from /jointspace_arm_L_controller/jointspace
[INFO] [1783477171.264088829] [XARM_manager]: Action result: eai_manipulator_msgs.action.JointSpace_Result(success=True, result_msg='action finished')
[GRASP-EXEC] return home result: eai_manipulator_msgs.action.JointSpace_Result(success=True, result_msg='action finished')
{
  "arm": "left",
  "pipeline_version": "accelerated",
  "motion_strategy": "qp_all",
  "dry_run": false,
  "motion": {
    "detected_pose7": [
      0.28384064103714196,
      0.227385223641174,
      -0.1408433025682767,
      0.6947123009083761,
      0.5066455386929668,
      -0.34312074468183407,
      -0.37809161807435915
    ],
    "approach_pose7": [
      0.3137579735647561,
      0.34736302431033744,
      0.17334283743384882,
      -0.17938187293460878,
      0.48191123251940043,
      0.7827647301463863,
      -0.35051830889835034
    ],
    "grasp_pose7": [
      0.38799777683418785,
      0.34736302431033744,
      0.11680274760166381,
      -0.17938187293460878,
      0.48191123251940043,
      0.7827647301463863,
      -0.35051830889835034
    ],
    "lift_pose7": [
      0.38799777683418785,
      0.34736302431033744,
      0.2368027476016638,
      -0.2800185357747917,
      0.5235402352835925,
      0.7526540365408364,
      -0.2846175380058782
    ],
    "pre_home_pose7": [
      0.20799777683418785,
      0.24736302431033744,
      0.2868027476016638,
      -0.2800185357747917,
      0.5235402352835925,
      0.7526540365408364,
      -0.2846175380058782
    ],
    "grasp_xyz_offset_m": [
      0.04,
      0.0,
      0.005
    ],
    "grasp_quat": [
      -0.17938187293460878,
      0.48191123251940043,
      0.7827647301463863,
      -0.35051830889835034
    ],
    "use_fixed_grasp_quat": true,
    "phase_backends": {
      "approach": "qp_stream",
      "grasp": "qp_stream",
      "lift": "qp_stream"
    },
    "joint_limits_used": {
      "shoulder_pitch": [
        -2.96,
        2.96
      ],
      "shoulder_roll": [
        -0.262,
        2.616
      ],
      "shoulder_yaw": [
        -2.96,
        2.96
      ],
      "elbow_pitch": [
        -2.61,
        0.261
      ],
      "elbow_yaw": [
        -2.96,
        2.96
      ],
      "wrist_pitch": [
        -0.785,
        1.05
      ],
      "wrist_roll": [
        -1.65,
        1.3
      ]
    },
    "approach_tcp_tracking": {
      "commanded_xyz": [
        0.3137579735647561,
        0.34736302431033744,
        0.17334283743384882
      ],
      "achieved_xyz": [
        0.3041115553005127,
        0.33625837934127467,
        0.16062385674444635
      ],
      "error_mm": [
        -9.646418264243394,
        -11.104644969062772,
        -12.718980689402471
      ],
      "error_norm_mm": 19.445796332242416,
      "achieved_quat": [
        -0.14423577620740063,
        0.4667993616012898,
        0.8037518596340264,
        -0.3395251758048602
      ],
      "approach_axis_tilt_deg": 31.50606341359929,
      "commanded_approach_axis_tilt_deg": 28.110102701184775,
      "orientation_error_deg": 5.156960256505521
    },
    "approach_joint_limits": {
      "closest": {
        "joint": "wrist_pitch",
        "value": -0.4013,
        "lower": -0.785,
        "upper": 1.05,
        "dist_to_limit": 0.3837,
        "nearest_side": "lower"
      },
      "breached": [],
      "margin_rad": 0.05
    },
    "compliant_insert": {
      "ok": true,
      "contact": true,
      "reason": "stall_contact",
      "resist_n": -6.847364584059604,
      "traveled_m": 0.04632526702897237,
      "planned_depth_m": 0.039067320317338526,
      "ft_topic": "/arm_6dof_left",
      "calib_path": "/home/ubuntu/niu/compliant_grasp_execute/ft_calibration/ft_calibration_left.json",
      "calib_present": true,
      "commanded_m": 0.05906732031733852,
      "throttle_events": 0,
      "contact_kind": "stall"
    },
    "grasp_tcp_tracking": {
      "commanded_xyz": [
        0.38799777683418785,
        0.34736302431033744,
        0.11680274760166381
      ],
      "achieved_xyz": [
        0.4061486936870422,
        0.30315332304523074,
        0.12116473436025282
      ],
      "error_mm": [
        18.15091685285436,
        -44.2097012651067,
        4.361986758589009
      ],
      "error_norm_mm": 47.98937796045408,
      "achieved_quat": [
        -0.142432329405548,
        0.4698691387557804,
        0.8157498585359689,
        -0.3057583887378355
      ],
      "approach_axis_tilt_deg": 31.18962062382929,
      "commanded_approach_axis_tilt_deg": 28.110102701184775,
      "orientation_error_deg": 7.774947088688315
    },
    "grasp_joint_limits": {
      "closest": {
        "joint": "wrist_pitch",
        "value": -0.6422,
        "lower": -0.785,
        "upper": 1.05,
        "dist_to_limit": 0.1428,
        "nearest_side": "lower"
      },
      "breached": [],
      "margin_rad": 0.05
    },
    "lift_joint_limits": {
      "closest": {
        "joint": "wrist_pitch",
        "value": -0.6452,
        "lower": -0.785,
        "upper": 1.05,
        "dist_to_limit": 0.1398,
        "nearest_side": "lower"
      },
      "breached": [],
      "margin_rad": 0.05
    },
    "retract_ok": null,
    "return_home_ok": true,
    "released_on_finish_ok": null,
    "approach_ok": true,
    "grasp_ok": true,
    "lift_ok": true
  },
  "detection": {
    "class_name": "remote-control",
    "pose_head_roll_link": [
      0.7740080538181615,
      0.18035253807871449,
      -0.14744758105803665,
      0.35419911864036807,
      0.8650784834778206,
      0.14875042580449416,
      0.3225763670839548
    ],
    "pose_tip_waist_yaw_link_rpy": {
      "x": 0.5125626740814283,
      "y": 0.18013069422144182,
      "z": -0.013527784859679648,
      "roll": 3.098652263719415,
      "pitch": -0.0007205291818317416,
      "yaw": 2.3510347994338647
    },
    "pose_tip_used_for_tcp_conversion_rpy": {
      "x": 0.5125626740814283,
      "y": 0.18013069422144182,
      "z": -0.013527784859679648,
      "roll": -2.0722962901108284,
      "pitch": 0.0937608574740445,
      "yaw": 1.3157761465865176
    },
    "pose_tcp_waist_yaw_link_rpy": {
      "x": 0.28384064103714196,
      "y": 0.227385223641174,
      "z": -0.1408433025682767,
      "roll": -2.0722962901108284,
      "pitch": 0.0937608574740445,
      "yaw": 1.3157761465865176
    },
    "pose_tcp_waist_yaw_link_pose7": [
      0.28384064103714196,
      0.227385223641174,
      -0.1408433025682767,
      0.6947123009083761,
      0.5066455386929668,
      -0.34312074468183407,
      -0.37809161807435915
    ],
    "current_tcp_pose7": [
      0.11562054363650527,
      -0.257909160806594,
      0.14131399174957285,
      0.6947123009083761,
      0.5066455386929668,
      -0.34312074468183407,
      -0.37809161807435915
    ],
    "tcp_minus_tip_waist_m": [
      -0.22872203304428634,
      0.04725452941973218,
      -0.12731551770859706
    ],
    "tcp_to_tip_offset_m": [
      0.0,
      0.0,
      -0.266
    ],
    "orientation_policy": "current",
    "use_current_tcp_rotation": true,
    "rotation_source_arm": "right",
    "bbox_2d": [
      401.241455078125,
      319.37969970703125,
      582.8563842773438,
      457.80560302734375
    ],
    "bbox_3d": {
      "min": [
        0.7240640604153403,
        0.10394182734260213,
        -0.20072284535389742
      ],
      "max": [
        0.8375991513904942,
        0.2556912099523693,
        -0.0993675702033483
      ],
      "center": [
        0.7808316059029172,
        0.1798165186474857,
        -0.15004520777862285
      ],
      "size": [
        0.11353509097515391,
        0.1517493826097672,
        0.10135527515054912
      ]
    },
    "object_long_axis_waist": [
      -0.7034487500267469,
      0.7107456204040903,
      0.0007205291194863782
    ],
    "object_long_axis_yaw_waist_deg": -45.29562850405355,
    "object_angle_from_waist_x_deg": 45.29562850405357
  },
  "gripper": {
    "open_ok": null,
    "close_ok": null,
    "final_pos_pct": null,
    "backend": "modbus_rtu"
  },
  "ok": false
}
[GRASP-EXEC] saved result json: /tmp/grasp_exec.json
[GRASP-EXEC] saved handoff: /tmp/grasp_handoff.json (arm=left holding=False)



右上到左下放，没抓起来，对准了但是没夹。