[日志] 日志文件: logs/grasp/grasp_260708_132223.log
[日志] 执行命令: python3 -m grasp_pose_place_execute.main
[CONFIG] loaded 91 params from /home/ubuntu/niu/grasp_pose_place_execute/config.yaml
[PLACE-EXEC] ARM: handoff /tmp/grasp_handoff.json -> arm='right' holding=True object=['remote-control']
[INFO] [1783488144.337059929] [XARM_manager]: waiting for service /controller_manager/get_parameters to become available...
[INFO] [1783488145.094800845] [XARM_manager]: XARM_manager initialized, robot_type: tianyi2, run_type: real
[INFO] [1783488145.102605518] [XARM_manager]: 已订阅关节状态话题: /joint_states
[INFO] [1783488145.107062756] [XARM_manager]: 已订阅警告和错误信息话题: /manipulator/warn_and_error_info
[INFO] [1783488145.115397316] [XARM_manager]: /joint_action_report 服务已启动
[PLACE-EXEC] applied place tilt +45.0deg about waist Y -> quat=['0.2294', '0.3262', '-0.6764', '-0.6193']
[PLACE-EXEC] place TCP target (waist) from handoff grasp_pose7 (original detected grasp position): x=0.3568 y=-0.2449 z=0.2061 (+5cm release clearance)
[PLACE-EXEC] approach along place axis: dist=0.120m extra_z=0.120m tool_z=[-0.714,-0.157,0.682] approach_xyz=['0.2710', '-0.2638', '0.4079']
[INFO] [1783488152.327019057] [XARM_manager]: Deactivated controllers: ['jointspace_arm_R_controller']
[PLACE-EXEC] arms enabled (mode 3); placing with 'right' arm
[PLACE-EXEC] gripper: connecting in background (overlaps approach)
[GRASP-EXEC] gripper: arm='right' -> stable by-id port /dev/serial/by-id/usb-FTDI_FT231X_USB_UART_D30JLK40-if00-port0
[INFO] [1783488152.349207835] [XARM_manager]: Deactivated controllers: []
[PLACE-EXEC] START HOME: right -> joints=['0.844', '-0.026', '0.006', '-2.216', '1.529', '0.200', '-0.683']
[INFO] [1783488152.368197331] [XARM_manager]: Activated controllers: ['jointspace_arm_R_controller']
[robotiq_api] gripper already activated (gSTA==3); skip resetActivate()
[GRASP-EXEC] gripper: cached serial port /dev/serial/by-id/usb-FTDI_FT231X_USB_UART_D30JLK40-if00-port0 -> /tmp/robotiq_gripper_port.txt
[GRASP-EXEC] gripper controller ready: backend=modbus_rtu port=auto slave=9 (wait_timeout=8.0s) [connect took 0.04s]
[INFO] [1783488152.384226006] [XARM_manager]: Sending goal to action server /jointspace_arm_R_controller/jointspace (attempt 1/3):
eai_manipulator_msgs.action.JointSpace_Goal(target_positions=[0.844, -0.026, 0.006, -2.216, 1.529, 0.2, -0.683])
[INFO] [1783488152.389563646] [XARM_manager]: Goal accepted. Waiting for result...
[INFO] [1783488152.995270846] [XARM_manager]: Action result received from /jointspace_arm_R_controller/jointspace
[INFO] [1783488152.995524774] [XARM_manager]: Action result: eai_manipulator_msgs.action.JointSpace_Result(success=True, result_msg='action finished')
[PLACE-EXEC] START HOME result: eai_manipulator_msgs.action.JointSpace_Result(success=True, result_msg='action finished')
[INFO] [1783488153.008593268] [XARM_manager]: Deactivated controllers: ['jointspace_arm_R_controller']
[WARN] [1783488153.639401073] [XARM_manager]: TF查找超时: waist_yaw_link <- right_tcp_link, 超时0.5s
[PLACE-EXEC] TF warmup ok: read TCP after 2 attempt(s)
[PLACE-EXEC] ARM: approach to middle waypoint
[INFO] [1783488153.657049051] [XARM_manager]: Activated controllers: ['endpose_single_arm_qp_R_controller']
[GRASP-EXEC] QP-Stream right -> approach (pure-pursuit): pos=30.9cm rot=74.6deg, lookahead=13cm @ 50Hz, pos_tol=2.0cm accept=2.5cm keep_ori=False
[GRASP-EXEC] QP-Stream approach: settled 2.4cm from target (QP steady-state; exiting without deadline hover)
[GRASP-EXEC] approach TCP tracking: commanded=[0.2710,-0.2638,0.4079] achieved=[0.2708,-0.2612,0.4322] err=[-0.2,+2.6,+24.3]mm |err|=24.5mm approach-axis tilt: achieved=+37.1deg commanded=+43.0deg (0=level) ori-err=5.9deg
[PLACE-EXEC] ARM: HYBRID pre-descent (QP, fast transit) -> 18.2cm, leaving final 6.0cm for F/T compliant set-down
[GRASP-EXEC] QP-Stream right -> approach (pure-pursuit): pos=18.2cm rot=0.0deg, lookahead=13cm @ 50Hz, pos_tol=2.0cm accept=2.5cm keep_ori=True
[GRASP-EXEC] QP-Stream approach: settled 2.4cm from target (QP steady-state; exiting without deadline hover)
[PLACE-EXEC] ARM: COMPLIANT set-down (F/T admittance descend-to-contact)
[INFO] [1783488160.865386195] [XARM_manager]: [COMPLIANT-RIGHT] Loaded F/T calibration from /home/ubuntu/niu/compliant_grasp_execute/ft_calibration/ft_calibration_right.json
[INFO] [1783488160.886549223] [XARM_manager]: [COMPLIANT-RIGHT] target set: p=[0.3255471368845203, -0.24377769784886247, 0.24248482229416762] q=[-0.24025411686579137, -0.31576459751659663, 0.7142132135513861, 0.5766022579498129]
[INFO] [1783488160.886924589] [XARM_manager]: [COMPLIANT-RIGHT] seeded QP target at captured pose (z=+0.2425).
[INFO] [1783488160.887319495] [XARM_manager]: [COMPLIANT-RIGHT] admittance loop starting (calibrating force offset; keep hands off the arm briefly)...
[INFO] [1783488161.202253802] [XARM_manager]: [COMPLIANT-RIGHT] runtime offset calibrated. p_ref=[0.3255471368845203, -0.24377769784886247, 0.24248482229416762], ready.
[COMPLIANT-INSERT] runtime force-offset calibrated in 0.32s
[INFO] [1783488161.212525745] [XARM_manager]: [COMPLIANT-RIGHT] gains updated: B=[3.9597979746446663, 5.6, 3.9597979746446663] K=[20.0, 40.0, 20.0] B_rot=[0.5, 0.5, 0.5] K_rot=[0.0, 0.0, 0.0]
[COMPLIANT-INSERT] insertion dir=[+0.51,+0.02,-0.86] planned_depth=9.6cm soft_axes=xz K=[20.0, 40.0, 20.0] B=[3.96, 5.6, 3.96] contact_thresh=1.5N
[INFO] [1783488162.026793929] [XARM_manager]: [COMPLIANT-RIGHT] n=200 hz=243.4 F=[+0.00,+0.00,+0.00]N disp=[-1.4,+0.0,+2.6]cm v=[+0.08,-0.00,-0.14]
[COMPLIANT-INSERT] insert s=5.4cm tcp_drop=2.2cm lag=+3.2cm resist=-0.05N (throttle x0)
[INFO] [1783488162.866817537] [XARM_manager]: [COMPLIANT-RIGHT] n=400 hz=239.0 F=[+0.00,+0.00,+0.00]N disp=[-1.6,+0.1,+2.7]cm v=[+0.08,-0.00,-0.13]
[COMPLIANT-INSERT] insert s=8.3cm tcp_drop=5.1cm lag=+3.1cm resist=+0.13N (throttle x0)
[INFO] [1783488163.692954936] [XARM_manager]: [COMPLIANT-RIGHT] n=600 hz=242.5 F=[+0.00,+0.00,+0.00]N disp=[-1.4,+0.1,+2.9]cm v=[+0.07,-0.00,-0.14]
[COMPLIANT-INSERT] insert s=10.9cm tcp_drop=7.8cm lag=+3.2cm resist=-0.41N (throttle x0)
[INFO] [1783488164.530351524] [XARM_manager]: [COMPLIANT-RIGHT] n=800 hz=240.1 F=[+0.00,+0.00,+0.00]N disp=[-1.0,+0.1,+2.9]cm v=[+0.05,-0.01,-0.15]
[INFO] [1783488164.714620023] [XARM_manager]: [COMPLIANT-RIGHT] gains updated: B=[10.844353369380768, 10.844353369380768, 10.844353369380768] K=[150.0, 150.0, 150.0] B_rot=[0.5, 0.5, 0.5] K_rot=[0.0, 0.0, 0.0]
[INFO] [1783488164.715894411] [XARM_manager]: [COMPLIANT-RIGHT] target set: p=[0.37682483980960935, -0.2399530299712867, 0.16906583446929993] q=[-0.24025411686579137, -0.31576459751659663, 0.7142132135513861, 0.5766022579498129]
[COMPLIANT-INSERT] CONTACT (force) at tcp_drop 8.9cm (resist 1.6N, thresh 1.5N); holding compliant for gripper close
[GRASP-EXEC] place TCP tracking: commanded=[0.3568,-0.2449,0.2061] achieved=[0.3790,-0.2400,0.1725] err=[+22.3,+4.9,-33.6]mm |err|=40.6mm approach-axis tilt: achieved=+42.1deg commanded=+43.0deg (0=level) ori-err=6.5deg
[PLACE-EXEC] GRIPPER: release (open) at place pose
[GRASP-EXEC] gripper release: start=90% -> target=0%
[INFO] [1783488165.362236959] [XARM_manager]: [COMPLIANT-RIGHT] n=1000 hz=240.9 F=[+0.00,+0.00,+0.90]N disp=[+0.2,-0.0,+0.5]cm v=[-0.04,+0.00,-0.00]
[GRASP-EXEC] gripper release result: pos=1% status=3 ok=True
[INFO] [1783488165.801231061] [XARM_manager]: [COMPLIANT-RIGHT] admittance loop stopped.
[PLACE-EXEC] ARM: retract to pre-insert standoff (keep orientation)
[GRASP-EXEC] QP-Stream right -> retract (pure-pursuit): pos=26.1cm rot=0.0deg, lookahead=13cm @ 50Hz, pos_tol=2.0cm accept=2.5cm keep_ori=True
[GRASP-EXEC] retract TCP tracking: commanded=[0.2710,-0.2638,0.4079] achieved=[0.2887,-0.2709,0.4074] err=[+17.6,-7.1,-0.5]mm |err|=19.0mm approach-axis tilt: achieved=+45.2deg commanded=+43.0deg (0=level) ori-err=4.8deg
[INFO] [1783488168.025733704] [XARM_manager]: Deactivated controllers: ['endpose_single_arm_qp_R_controller']
[PLACE-EXEC] RETURN HOME: right -> joints=['0.844', '-0.026', '0.006', '-2.216', '1.529', '0.200', '-0.683']
[INFO] [1783488168.044055043] [XARM_manager]: Activated controllers: ['jointspace_arm_R_controller']
[INFO] [1783488168.045119493] [XARM_manager]: Sending goal to action server /jointspace_arm_R_controller/jointspace (attempt 1/3):
eai_manipulator_msgs.action.JointSpace_Goal(target_positions=[0.844, -0.026, 0.006, -2.216, 1.529, 0.2, -0.683])
[INFO] [1783488168.047422924] [XARM_manager]: Goal accepted. Waiting for result...
[INFO] [1783488170.473230459] [XARM_manager]: Action result received from /jointspace_arm_R_controller/jointspace
[INFO] [1783488170.473506760] [XARM_manager]: Action result: eai_manipulator_msgs.action.JointSpace_Result(success=True, result_msg='action finished')
[PLACE-EXEC] RETURN HOME result: eai_manipulator_msgs.action.JointSpace_Result(success=True, result_msg='action finished')
{
  "arm": "right",
  "motion_strategy": "qp_all",
  "dry_run": false,
  "motion": {
    "place_pose7": [
      0.356763856448069,
      -0.2449456960865175,
      0.20606388463299785,
      0.22941393277711944,
      0.3262292453010775,
      -0.6763556988345837,
      -0.6192630261948527
    ],
    "approach_pose7": [
      0.27103894512704496,
      -0.2638047623880537,
      0.4078903791029238,
      0.22941393277711944,
      0.3262292453010775,
      -0.6763556988345837,
      -0.6192630261948527
    ],
    "approach_tcp_tracking": {
      "commanded_xyz": [
        0.27103894512704496,
        -0.2638047623880537,
        0.4078903791029238
      ],
      "achieved_xyz": [
        0.2708277072446758,
        -0.26119410268642973,
        0.4322071212581809
      ],
      "error_mm": [
        -0.21123788236915297,
        2.6106597016239963,
        24.31674215525709
      ],
      "error_norm_mm": 24.45739386291778,
      "achieved_quat": [
        -0.2529417721597857,
        -0.36643542533216983,
        0.6642872182243554,
        0.6003898988674331
      ],
      "approach_axis_tilt_deg": 37.12033898799547,
      "commanded_approach_axis_tilt_deg": 42.99131199460442,
      "orientation_error_deg": 5.923989553624847
    },
    "compliant_place": {
      "ok": true,
      "contact": true,
      "reason": "contact",
      "resist_n": 1.609722760263967,
      "traveled_m": 0.08934996001591115,
      "planned_depth_m": 0.09642516854266277,
      "ft_topic": "/arm_6dof_right",
      "calib_path": "/home/ubuntu/niu/compliant_grasp_execute/ft_calibration/ft_calibration_right.json",
      "calib_present": true,
      "commanded_m": 0.11642516854266277,
      "throttle_events": 0,
      "contact_kind": "force"
    },
    "place_tcp_tracking": {
      "commanded_xyz": [
        0.356763856448069,
        -0.2449456960865175,
        0.20606388463299785
      ],
      "achieved_xyz": [
        0.3790465997955614,
        -0.24000066751127208,
        0.1724712520324172
      ],
      "error_mm": [
        22.282743347492364,
        4.945028575245425,
        -33.59263260058065
      ],
      "error_norm_mm": 40.61328506459189,
      "achieved_quat": [
        -0.24322862222484024,
        -0.32484145761491556,
        0.7100638088813825,
        0.5754365751862551
      ],
      "approach_axis_tilt_deg": 42.11614968616842,
      "commanded_approach_axis_tilt_deg": 42.99131199460442,
      "orientation_error_deg": 6.533373752314209
    },
    "retract_tcp_tracking": {
      "commanded_xyz": [
        0.27103894512704496,
        -0.2638047623880537,
        0.4078903791029238
      ],
      "achieved_xyz": [
        0.28868684447378634,
        -0.27089132398480587,
        0.40739126098740885
      ],
      "error_mm": [
        17.64789934674138,
        -7.086561596752139,
        -0.49911811551495155
      ],
      "error_norm_mm": 19.024111687816394,
      "achieved_quat": [
        -0.21974879595313918,
        -0.3108807253944077,
        0.7067162770794239,
        0.5963352622194931
      ],
      "approach_axis_tilt_deg": 45.24527232665352,
      "commanded_approach_axis_tilt_deg": 42.99131199460442,
      "orientation_error_deg": 4.830142340623896
    },
    "approach_ok": true,
    "place_ok": true,
    "released_ok": true,
    "lift_ok": null,
    "retract_ok": true,
    "return_home_ok": true
  },
  "ok": true
}
[PLACE-EXEC] saved result json: /tmp/place_exec.json
[PLACE-EXEC] updated handoff: /tmp/grasp_handoff.json (holding=false, placed=true)
