[日志] 日志文件: logs/grasp/grasp_260708_131736.log
[日志] 执行命令: python3 -m grasp_pose_place_execute.main
[CONFIG] loaded 91 params from /home/ubuntu/niu/grasp_pose_place_execute/config.yaml
[PLACE-EXEC] ARM: handoff /tmp/grasp_handoff.json -> arm='left' holding=True object=['remote-control']
[INFO] [1783487856.946648072] [XARM_manager]: waiting for service /controller_manager/get_parameters to become available...
[INFO] [1783487859.707323910] [XARM_manager]: XARM_manager initialized, robot_type: tianyi2, run_type: real
[INFO] [1783487859.713305487] [XARM_manager]: 已订阅关节状态话题: /joint_states
[INFO] [1783487859.719341135] [XARM_manager]: 已订阅警告和错误信息话题: /manipulator/warn_and_error_info
[INFO] [1783487859.730917279] [XARM_manager]: /joint_action_report 服务已启动
[PLACE-EXEC] applied place tilt +45.0deg about waist Y -> quat=['-0.2294', '0.3262', '0.6764', '-0.6193']
[PLACE-EXEC] place TCP target (waist) from handoff grasp_pose7 (original detected grasp position): x=0.3209 y=0.2247 z=0.2156 (+5cm release clearance)
[PLACE-EXEC] approach along place axis: dist=0.120m extra_z=0.120m tool_z=[-0.714,0.157,0.682] approach_xyz=['0.2352', '0.2436', '0.4174']
[INFO] [1783487864.915687185] [XARM_manager]: Deactivated controllers: ['jointspace_arm_L_controller']
[PLACE-EXEC] arms enabled (mode 3); placing with 'left' arm
[PLACE-EXEC] gripper: connecting in background (overlaps approach)
[GRASP-EXEC] gripper: arm='left' -> stable by-id port /dev/serial/by-id/usb-FTDI_FT231X_USB_UART_DU0E2IPR-if00-port0
[INFO] [1783487864.936232801] [XARM_manager]: Deactivated controllers: []
[PLACE-EXEC] START HOME: left -> joints=['0.844', '0.026', '-0.006', '-2.216', '-1.529', '0.200', '0.683']
[INFO] [1783487864.953421075] [XARM_manager]: Activated controllers: ['jointspace_arm_L_controller']
[INFO] [1783487864.970149233] [XARM_manager]: Sending goal to action server /jointspace_arm_L_controller/jointspace (attempt 1/3):
eai_manipulator_msgs.action.JointSpace_Goal(target_positions=[0.844, 0.026, -0.006, -2.216, -1.529, 0.2, 0.683])
[INFO] [1783487864.972969557] [XARM_manager]: Goal accepted. Waiting for result...
[robotiq_api] gripper already activated (gSTA==3); skip resetActivate()
[GRASP-EXEC] gripper: cached serial port /dev/serial/by-id/usb-FTDI_FT231X_USB_UART_DU0E2IPR-if00-port0 -> /tmp/robotiq_gripper_port.txt
[GRASP-EXEC] gripper controller ready: backend=modbus_rtu port=auto slave=9 (wait_timeout=8.0s) [connect took 0.04s]
[INFO] [1783487865.534706555] [XARM_manager]: Action result received from /jointspace_arm_L_controller/jointspace
[INFO] [1783487865.535029279] [XARM_manager]: Action result: eai_manipulator_msgs.action.JointSpace_Result(success=True, result_msg='action finished')
[PLACE-EXEC] START HOME result: eai_manipulator_msgs.action.JointSpace_Result(success=True, result_msg='action finished')
[INFO] [1783487865.548558435] [XARM_manager]: Deactivated controllers: ['jointspace_arm_L_controller']
[WARN] [1783487866.184971205] [XARM_manager]: TF查找超时: waist_yaw_link <- left_tcp_link, 超时0.5s
[PLACE-EXEC] TF warmup ok: read TCP after 2 attempt(s)
[PLACE-EXEC] ARM: approach to middle waypoint
[INFO] [1783487866.200703308] [XARM_manager]: Activated controllers: ['endpose_single_arm_qp_L_controller']
[GRASP-EXEC] QP-Stream left -> approach (pure-pursuit): pos=30.1cm rot=74.6deg, lookahead=13cm @ 50Hz, pos_tol=2.0cm accept=2.5cm keep_ori=False
[GRASP-EXEC] approach TCP tracking: commanded=[0.2352,0.2436,0.4174] achieved=[0.2465,0.2597,0.4149] err=[+11.4,+16.1,-2.5]mm |err|=19.9mm approach-axis tilt: achieved=+36.7deg commanded=+43.0deg (0=level) ori-err=11.3deg
[PLACE-EXEC] ARM: HYBRID pre-descent (QP, fast transit) -> 15.6cm, leaving final 6.0cm for F/T compliant set-down
[GRASP-EXEC] QP-Stream left -> approach (pure-pursuit): pos=15.6cm rot=0.0deg, lookahead=13cm @ 50Hz, pos_tol=2.0cm accept=2.5cm keep_ori=True
[PLACE-EXEC] ARM: COMPLIANT set-down (F/T admittance descend-to-contact)
[INFO] [1783487870.590444125] [XARM_manager]: [COMPLIANT-LEFT] Loaded F/T calibration from /home/ubuntu/niu/compliant_grasp_execute/ft_calibration/ft_calibration_left.json
[INFO] [1783487870.611411167] [XARM_manager]: [COMPLIANT-LEFT] target set: p=[0.29050082015914125, 0.2462062187483244, 0.27883770493496557] q=[0.18679364212206095, -0.4269653472965476, -0.6080527882253308, 0.6427134152965183]
[INFO] [1783487870.612073930] [XARM_manager]: [COMPLIANT-LEFT] seeded QP target at captured pose (z=+0.2788).
[INFO] [1783487870.612781502] [XARM_manager]: [COMPLIANT-LEFT] admittance loop starting (calibrating force offset; keep hands off the arm briefly)...
[INFO] [1783487870.934147149] [XARM_manager]: [COMPLIANT-LEFT] runtime offset calibrated. p_ref=[0.29050082015914125, 0.2462062187483244, 0.27883770493496557], ready.
[COMPLIANT-INSERT] runtime force-offset calibrated in 0.32s
[INFO] [1783487870.936465477] [XARM_manager]: [COMPLIANT-LEFT] gains updated: B=[3.9597979746446663, 5.6, 3.9597979746446663] K=[20.0, 40.0, 20.0] B_rot=[0.5, 0.5, 0.5] K_rot=[0.0, 0.0, 0.0]
[COMPLIANT-INSERT] insertion dir=[+0.39,-0.24,-0.89] planned_depth=12.3cm soft_axes=xz K=[20.0, 40.0, 20.0] B=[3.96, 5.6, 3.96] contact_thresh=1.5N
[INFO] [1783487871.765999242] [XARM_manager]: [COMPLIANT-LEFT] n=200 hz=241.6 F=[+0.00,+0.00,+0.00]N disp=[-1.1,+0.2,+3.0]cm v=[+0.05,-0.02,-0.15]
[COMPLIANT-INSERT] insert s=5.4cm tcp_drop=2.2cm lag=+3.2cm resist=+0.01N (throttle x0)
[INFO] [1783487872.598653386] [XARM_manager]: [COMPLIANT-LEFT] n=400 hz=240.9 F=[+0.00,+0.00,+0.00]N disp=[-1.8,+0.7,+2.6]cm v=[+0.09,-0.05,-0.13]
[COMPLIANT-INSERT] insert s=9.5cm tcp_drop=6.3cm lag=+3.1cm resist=+0.23N (throttle x0)
[INFO] [1783487873.438006392] [XARM_manager]: [COMPLIANT-LEFT] n=600 hz=239.2 F=[+0.00,+0.00,+0.00]N disp=[-2.3,+0.9,+2.3]cm v=[+0.12,-0.06,-0.11]
[COMPLIANT-INSERT] insert s=13.5cm tcp_drop=10.3cm lag=+3.2cm resist=+0.14N (throttle x0)
[INFO] [1783487874.279746713] [XARM_manager]: [COMPLIANT-LEFT] n=800 hz=239.2 F=[+0.00,+0.00,+0.00]N disp=[-2.6,+0.8,+1.6]cm v=[+0.13,-0.06,-0.08]
[INFO] [1783487874.379890882] [XARM_manager]: [COMPLIANT-LEFT] gains updated: B=[10.844353369380768, 10.844353369380768, 10.844353369380768] K=[150.0, 150.0, 150.0] B_rot=[0.5, 0.5, 0.5] K_rot=[0.0, 0.0, 0.0]
[INFO] [1783487874.380562838] [XARM_manager]: [COMPLIANT-LEFT] target set: p=[0.320979127721266, 0.21916964816280782, 0.1639864077768166] q=[0.18679364212206095, -0.4269653472965476, -0.6080527882253308, 0.6427134152965183]
[COMPLIANT-INSERT] CONTACT (force) at tcp_drop 12.1cm (resist 4.5N, thresh 1.5N); holding compliant for gripper close
[GRASP-EXEC] place TCP tracking: commanded=[0.3209,0.2247,0.2156] achieved=[0.3248,0.2183,0.1647] err=[+3.9,-6.4,-50.9]mm |err|=51.5mm approach-axis tilt: achieved=+35.4deg commanded=+43.0deg (0=level) ori-err=14.8deg
[PLACE-EXEC] GRIPPER: release (open) at place pose
[GRASP-EXEC] gripper release: start=90% -> target=0%
[INFO] [1783487875.112819199] [XARM_manager]: [COMPLIANT-LEFT] n=1000 hz=241.2 F=[-0.30,+0.00,+0.00]N disp=[+0.1,+0.0,+0.2]cm v=[-0.03,-0.00,-0.02]
[GRASP-EXEC] gripper release result: pos=1% status=3 ok=True
[INFO] [1783487875.426038910] [XARM_manager]: [COMPLIANT-LEFT] admittance loop stopped.
[PLACE-EXEC] ARM: retract to pre-insert standoff (keep orientation)
[GRASP-EXEC] QP-Stream left -> retract (pure-pursuit): pos=26.5cm rot=0.0deg, lookahead=13cm @ 50Hz, pos_tol=2.0cm accept=2.5cm keep_ori=True
[GRASP-EXEC] retract TCP tracking: commanded=[0.2352,0.2436,0.4174] achieved=[0.2506,0.2468,0.4279] err=[+15.5,+3.2,+10.5]mm |err|=19.0mm approach-axis tilt: achieved=+32.6deg commanded=+43.0deg (0=level) ori-err=15.6deg
[INFO] [1783487878.437280860] [XARM_manager]: Deactivated controllers: ['endpose_single_arm_qp_L_controller']
[PLACE-EXEC] RETURN HOME: left -> joints=['0.844', '0.026', '-0.006', '-2.216', '-1.529', '0.200', '0.683']
[INFO] [1783487878.457009518] [XARM_manager]: Activated controllers: ['jointspace_arm_L_controller']
[INFO] [1783487878.457760236] [XARM_manager]: Sending goal to action server /jointspace_arm_L_controller/jointspace (attempt 1/3):
eai_manipulator_msgs.action.JointSpace_Goal(target_positions=[0.844, 0.026, -0.006, -2.216, -1.529, 0.2, 0.683])
[INFO] [1783487878.459488868] [XARM_manager]: Goal accepted. Waiting for result...
[INFO] [1783487881.371760652] [XARM_manager]: Action result received from /jointspace_arm_L_controller/jointspace
[INFO] [1783487881.372069394] [XARM_manager]: Action result: eai_manipulator_msgs.action.JointSpace_Result(success=True, result_msg='action finished')
[PLACE-EXEC] RETURN HOME result: eai_manipulator_msgs.action.JointSpace_Result(success=True, result_msg='action finished')
{
  "arm": "left",
  "motion_strategy": "qp_all",
  "dry_run": false,
  "motion": {
    "place_pose7": [
      0.32087560087491956,
      0.22472282509532765,
      0.2155763300141953,
      -0.22941393277711944,
      0.3262292453010775,
      0.6763556988345837,
      -0.6192630261948527
    ],
    "approach_pose7": [
      0.2351506895538955,
      0.24358189139686387,
      0.41740282448412125,
      -0.22941393277711944,
      0.3262292453010775,
      0.6763556988345837,
      -0.6192630261948527
    ],
    "approach_tcp_tracking": {
      "commanded_xyz": [
        0.2351506895538955,
        0.24358189139686387,
        0.41740282448412125
      ],
      "achieved_xyz": [
        0.24652557340853237,
        0.2596696705716952,
        0.41491219355792464
      ],
      "error_mm": [
        11.374883854636863,
        16.08777917483134,
        -2.490630926196613
      ],
      "error_norm_mm": 19.85970452688414,
      "achieved_quat": [
        0.1912059568853768,
        -0.4057530413058673,
        -0.634300822870269,
        0.6296564282437574
      ],
      "approach_axis_tilt_deg": 36.69888207546261,
      "commanded_approach_axis_tilt_deg": 42.99131199460442,
      "orientation_error_deg": 11.267506685013464
    },
    "compliant_place": {
      "ok": true,
      "contact": true,
      "reason": "contact",
      "resist_n": 4.48400265484991,
      "traveled_m": 0.12053152203479688,
      "planned_depth_m": 0.12300706005938644,
      "ft_topic": "/arm_6dof_left",
      "calib_path": "/home/ubuntu/niu/compliant_grasp_execute/ft_calibration/ft_calibration_left.json",
      "calib_present": true,
      "commanded_m": 0.14300706005938643,
      "throttle_events": 0,
      "contact_kind": "force"
    },
    "place_tcp_tracking": {
      "commanded_xyz": [
        0.32087560087491956,
        0.22472282509532765,
        0.2155763300141953
      ],
      "achieved_xyz": [
        0.3248048206403149,
        0.2183279632017642,
        0.164651567862915
      ],
      "error_mm": [
        3.929219765395342,
        -6.394861893563447,
        -50.924762151280305
      ],
      "error_norm_mm": 51.47489122637361,
      "achieved_quat": [
        0.1814970086876833,
        -0.4213155774817317,
        -0.608514799946393,
        0.6475042534646851
      ],
      "approach_axis_tilt_deg": 35.387550232914194,
      "commanded_approach_axis_tilt_deg": 42.99131199460442,
      "orientation_error_deg": 14.835422578202493
    },
    "retract_tcp_tracking": {
      "commanded_xyz": [
        0.2351506895538955,
        0.24358189139686387,
        0.41740282448412125
      ],
      "achieved_xyz": [
        0.2506463620126304,
        0.24678293480072538,
        0.4279257326875461
      ],
      "error_mm": [
        15.4956724587349,
        3.2010434038615143,
        10.52290820342483
      ],
      "error_norm_mm": 19.002477230074664,
      "achieved_quat": [
        0.1989967614679084,
        -0.43734128552231233,
        -0.6062551108557614,
        0.633709420368866
      ],
      "approach_axis_tilt_deg": 32.56566068430159,
      "commanded_approach_axis_tilt_deg": 42.99131199460442,
      "orientation_error_deg": 15.55330611771049
    },
    "approach_ok": true,
    "place_ok": true,
    "released_ok": true,
    "lift_ok": null,
    "retract_ok": true,
    "return_home_ok": true
  },
  "ok": true
}
[PLACE-EXEC] saved result json: /tmp/place_exec.json
[PLACE-EXEC] updated handoff: /tmp/grasp_handoff.json (holding=false, placed=true)
