[日志] 日志文件: logs/grasp/grasp_260706_155722.log
[日志] 执行命令: python3 -m compliant_grasp_execute.main
[INFO] [1783324642.907299520] [XARM_manager]: waiting for service /controller_manager/get_parameters to become available...
[INFO] [1783324644.917084532] [XARM_manager]: XARM_manager initialized, robot_type: tianyi2, run_type: real
[INFO] [1783324644.923260478] [XARM_manager]: 已订阅关节状态话题: /joint_states
[INFO] [1783324644.927763984] [XARM_manager]: 已订阅警告和错误信息话题: /manipulator/warn_and_error_info
[INFO] [1783324644.938420721] [XARM_manager]: /joint_action_report 服务已启动
[CONFIG] loaded 198 params from /home/ubuntu/niu/compliant_grasp_execute/config.yaml
[GRASP-EXEC] STARTUP: enabling arms and moving BOTH to home posture
[INFO] [1783324651.893573651] [XARM_manager]: Deactivated controllers: ['jointspace_arm_L_controller']
[GRASP-EXEC] STARTUP: left -> home joints=['0.000', '1.180', '0.000', '-1.300', '1.400', '-0.130', '0.180']
[INFO] [1783324651.916926022] [XARM_manager]: Activated controllers: ['jointspace_arm_L_controller']
[INFO] [1783324651.931184237] [XARM_manager]: Sending goal to action server /jointspace_arm_L_controller/jointspace (attempt 1/3):
eai_manipulator_msgs.action.JointSpace_Goal(target_positions=[0.0, 1.18, 0.0, -1.3, 1.4, -0.13, 0.18])
[INFO] [1783324651.933751738] [XARM_manager]: Goal accepted. Waiting for result...
[INFO] [1783324652.052908669] [XARM_manager]: Action result received from /jointspace_arm_L_controller/jointspace
[INFO] [1783324652.053514205] [XARM_manager]: Action result: eai_manipulator_msgs.action.JointSpace_Result(success=True, result_msg='action finished')
[GRASP-EXEC] STARTUP: right -> home joints=['0.000', '-1.180', '0.000', '-1.300', '-1.400', '-0.130', '0.180']
[INFO] [1783324652.068594998] [XARM_manager]: Activated controllers: ['jointspace_arm_R_controller']
[INFO] [1783324652.086774748] [XARM_manager]: Sending goal to action server /jointspace_arm_R_controller/jointspace (attempt 1/3):
eai_manipulator_msgs.action.JointSpace_Goal(target_positions=[0.0, -1.18, 0.0, -1.3, -1.4, -0.13, 0.18])
[INFO] [1783324652.882705049] [XARM_manager]: Goal accepted. Waiting for result...
[INFO] [1783324653.019068113] [XARM_manager]: Action result received from /jointspace_arm_R_controller/jointspace
[INFO] [1783324653.019552941] [XARM_manager]: Action result: eai_manipulator_msgs.action.JointSpace_Result(success=True, result_msg='action finished')
[GRASP-EXEC] STARTUP: activating both grippers (open/close cycle)
[robotiq_api] gripper already activated (gSTA==3); skip resetActivate()
[GRASP-EXEC] STARTUP: gripper 'left' activated
[robotiq_api] gripper already activated (gSTA==3); skip resetActivate()
[GRASP-EXEC] STARTUP: gripper 'right' activated
perception health check pass
[object_pose] RGB (720, 1280, 3), depth (720, 1280), valid-depth pixels: 901076/921600 (median valid depth 1.181 m)
[GRASP-EXEC] ARM-SELECT: object waist Y=+0.155m (y >= boundary 0.000) -> 'left' arm
[GRASP-EXEC] diagonal schedule: angle-from-X=61.50728024330956deg -> tilt_scale=0.50, yaw_clamp=45.0deg (freed wrist_pitch, raised jaw alignment)
[GRASP-EXEC] applied grasp tilt +22.5deg about waist Y (tilt scale 1.00 x diag 0.50) -> quat=['-0.3570', '0.4408', '0.6186', '-0.5437']
[GRASP-EXEC] continuous orientation: object long-axis yaw -61.5deg (angle-from-X 61.5deg); applied continuous yaw -45.0deg about waist Z (gain=1.00, clamp +/-45deg) -> quat=['-0.1611', '0.5438', '0.7796', '-0.2656']
[GRASP-EXEC] recomputed TCP along final quat: detected_tcp_xyz=['0.3520', '0.1797', '-0.0358'] -> consistent_tcp_xyz=['0.4725', '0.3573', '0.0778']
[GRASP-EXEC] approach lateral clamp: approach Y +0.4488 -> +0.3573 (= grasp Y); tool_z outboard component would have pushed the standoff further from center than the grasp, which folds the elbow into its stop at far-outboard reaches.
[GRASP-EXEC] approach along grasp axis: dist=0.120m tool_z=[-0.540,0.762,0.357] approach_xyz=['0.4277', '0.3573', '0.1256']
[GRASP-EXEC] applied lift tilt -15.0deg about waist Y -> lift quat=['-0.2615', '0.5738', '0.7519', '-0.1923']
[GRASP-EXEC] detected class=remote-control detected_pose7=['0.3520', '0.1797', '-0.0358', '0.0059', '-0.7316', '-0.0702', '0.6781'] -> motion grasp_pose7=['0.4925', '0.3573', '0.0828', '-0.1611', '0.5438', '0.7796', '-0.2656']
[INFO] [1783324656.623958675] [XARM_manager]: Deactivated controllers: ['jointspace_arm_L_controller', 'jointspace_arm_R_controller']
[GRASP-EXEC] arms enabled (mode 3) [took 0.02s]
[JOINT-LIMIT] left: using live controller limits from endpose_single_arm_qp_L_controller
[GRASP-EXEC] joint-limit guard ON (margin 0.050 rad) arm=left
[GRASP-EXEC] gripper: connecting in background (overlaps arm enable + approach to hide the slow serial open; --no-gripper-async-connect for the old blocking behaviour)
[GRASP-EXEC] ARM: approach via qp_stream
[GRASP-EXEC] ELBOW-HIGH (proactive): object long axis ~parallel to body (angle-from-X=61.50728024330956 >= 45.0deg); the elbow-high seed's fore-aft jaws match a parallel object's short axis; reconfiguring to elbow-high seed before approach.
[GRASP-EXEC] elbow-high seed ready/left: clamped 1 joint(s) inward (margin 0.05rad): shoulder_yaw -2.964->-2.910 [-2.960,2.960]
[GRASP-EXEC] ELBOW-HIGH: reconfiguring left arm into elbow-high seed (jointspace, via transition waypoint). NOTE: jointspace moves run at the controller's own speed; watch the first reconfiguration for table/body clearance.
[GRASP-EXEC] gripper: arm='left' -> stable by-id port /dev/serial/by-id/usb-FTDI_FT231X_USB_UART_DU0E2IPR-if00-port0
[GRASP-EXEC] ELBOW-HIGH: left -> transition joints=['-1.452', '0.585', '-1.455', '-1.870', '0.746', '-0.142', '0.093']
[INFO] [1783324656.666332837] [XARM_manager]: Activated controllers: ['jointspace_arm_L_controller']
[INFO] [1783324656.667419931] [XARM_manager]: Sending goal to action server /jointspace_arm_L_controller/jointspace (attempt 1/3):
eai_manipulator_msgs.action.JointSpace_Goal(target_positions=[-1.4525, 0.5845, -1.455, -1.87, 0.7456999999999999, -0.14179999999999998, 0.09315])
[INFO] [1783324656.672849988] [XARM_manager]: Goal accepted. Waiting for result...
[robotiq_api] gripper already activated (gSTA==3); skip resetActivate()
[GRASP-EXEC] gripper: cached serial port /dev/serial/by-id/usb-FTDI_FT231X_USB_UART_DU0E2IPR-if00-port0 -> /tmp/robotiq_gripper_port.txt
[GRASP-EXEC] gripper controller ready: backend=modbus_rtu port=auto slave=9 (wait_timeout=8.0s) [connect took 0.05s]
[INFO] [1783324658.526438194] [XARM_manager]: Action result received from /jointspace_arm_L_controller/jointspace
[INFO] [1783324658.526699664] [XARM_manager]: Action result: eai_manipulator_msgs.action.JointSpace_Result(success=True, result_msg='action finished')
[GRASP-EXEC] ELBOW-HIGH: transition move result: eai_manipulator_msgs.action.JointSpace_Result(success=True, result_msg='action finished')
[GRASP-EXEC] ELBOW-HIGH: left -> ready joints=['-2.905', '-0.011', '-2.910', '-2.440', '0.091', '-0.154', '0.006']
[INFO] [1783324658.529474786] [XARM_manager]: Sending goal to action server /jointspace_arm_L_controller/jointspace (attempt 1/3):
eai_manipulator_msgs.action.JointSpace_Goal(target_positions=[-2.905, -0.011, -2.91, -2.44, 0.0914, -0.1536, 0.0063])
[INFO] [1783324658.531305528] [XARM_manager]: Goal accepted. Waiting for result...
[INFO] [1783324660.391032278] [XARM_manager]: Action result received from /jointspace_arm_L_controller/jointspace
[INFO] [1783324660.391492731] [XARM_manager]: Action result: eai_manipulator_msgs.action.JointSpace_Result(success=True, result_msg='action finished')
[GRASP-EXEC] ELBOW-HIGH: ready move result: eai_manipulator_msgs.action.JointSpace_Result(success=True, result_msg='action finished')
[JOINT-LIMIT] left closest-to-limit: shoulder_pitch=-2.7891 [-2.96,2.96] dist=0.1709rad
[GRASP-EXEC] continuous orientation: object long-axis yaw -61.5deg (angle-from-X 61.5deg); applied continuous yaw +38.2deg about waist Z (gain=1.00, clamp +/-90deg) [top-down jaw-align: base jaw heading +170.3deg -> short-axis +28.5deg] -> quat=['-0.2971', '0.2057', '0.9184', '-0.1614']
[GRASP-EXEC] recomputed TCP along final quat: detected_tcp_xyz=['0.3520', '0.1797', '-0.0358'] -> consistent_tcp_xyz=['0.4533', '0.2295', '0.1795']
[GRASP-EXEC] approach lateral clamp: approach Y +0.2633 -> +0.2295 (= grasp Y); tool_z outboard component would have pushed the standoff further from center than the grasp, which folds the elbow into its stop at far-outboard reaches.
[GRASP-EXEC] approach along grasp axis: dist=0.120m tool_z=[-0.612,0.282,0.739] approach_xyz=['0.3999', '0.2295', '0.2731']
[GRASP-EXEC] applied lift tilt -15.0deg about waist Y -> lift quat=['-0.4144', '0.2250', '0.8717', '-0.1332']
[GRASP-EXEC] ELBOW-HIGH: using SEED grasp orientation (proactive); rebuilt grasp/approach/lift poses. The seed-anchored mode keeps the orientation the arm is already in, so the approach only translates and the wrist stays in range.
[GRASP-EXEC] ELBOW-HIGH QP joint window set on endpose_single_arm_qp_L_controller (flex 0.40rad, drop 0.15rad): shoulder_pitch[-2.96,-2.64], shoulder_roll[-0.00,0.55], shoulder_yaw[-2.96,-2.41], elbow_pitch[-2.61,-2.14], elbow_yaw[0.00,0.55]. Asymmetric: tight on the drop side so the elbow is actually held high; loose on the flex side so the arm can still reach.
[GRASP-EXEC] ELBOW-HIGH: wrist guard margin relaxed to 0.010rad (from 0.050) so the nose-down grasp can reach wrist_pitch~-0.71 (still inside the -0.785 stop). Other joints keep the full margin.
[INFO] [1783324660.413511172] [XARM_manager]: Deactivated controllers: ['jointspace_arm_L_controller']
[INFO] [1783324660.423271063] [XARM_manager]: Activated controllers: ['endpose_single_arm_qp_L_controller']
[GRASP-EXEC] QP-Stream left -> approach (pure-pursuit): pos=24.6cm rot=39.7deg, lookahead=13cm @ 50Hz, pos_tol=2.0cm accept=2.5cm keep_ori=False
[GRASP-EXEC] approach TCP tracking: commanded=[0.3999,0.2295,0.2731] achieved=[0.3931,0.2271,0.2548] err=[-6.8,-2.4,-18.3]mm |err|=19.7mm approach-axis tilt: achieved=+52.6deg commanded=+47.6deg (0=level) ori-err=7.2deg
[GRASP-EXEC] approach orientation miss 7.2deg -> ~33mm fingertip offset > tol 30mm: TCP reached position but the wrist could not hold the commanded tilt, so the fingers would miss the object. Treating approach as failed to trigger the reduced-tilt retry (prevents grasping air).
[GRASP-EXEC] approach failed to reach target; retrying with reduced long-axis alignment (yaw scale 0.50)
[GRASP-EXEC] continuous orientation: object long-axis yaw -61.5deg (angle-from-X 61.5deg); applied continuous yaw +19.1deg about waist Z (gain=1.00, clamp +/-90deg x scale 0.50) [top-down jaw-align: base jaw heading +170.3deg -> short-axis +28.5deg] -> quat=['-0.2589', '0.2521', '0.9324', '-0.0068']
[GRASP-EXEC] recomputed TCP along final quat: detected_tcp_xyz=['0.3520', '0.1797', '-0.0358'] -> consistent_tcp_xyz=['0.4868', '0.2787', '0.1795']
[GRASP-EXEC] ELBOW-HIGH seed retry: yaw scale 0.50
[GRASP-EXEC] approach lateral clamp: approach Y +0.3346 -> +0.2787 (= grasp Y); tool_z outboard component would have pushed the standoff further from center than the grasp, which folds the elbow into its stop at far-outboard reaches.
[GRASP-EXEC] approach along grasp axis: dist=0.120m tool_z=[-0.486,0.467,0.739] approach_xyz=['0.4485', '0.2787', '0.2731']
[GRASP-EXEC] applied lift tilt -15.0deg about waist Y -> lift quat=['-0.3783', '0.2508', '0.8906', '0.0261']
[GRASP-EXEC] QP-Stream left -> approach (pure-pursuit): pos=7.8cm rot=17.8deg, lookahead=13cm @ 50Hz, pos_tol=2.0cm accept=2.5cm keep_ori=False
[GRASP-EXEC] approach TCP tracking: commanded=[0.4485,0.2787,0.2731] achieved=[0.4485,0.2645,0.2868] err=[-0.0,-14.1,+13.6]mm |err|=19.6mm approach-axis tilt: achieved=+44.8deg commanded=+47.6deg (0=level) ori-err=3.5deg
[JOINT-LIMIT] left closest-to-limit: wrist_pitch=-0.754 [-0.785,1.05] dist=0.031rad
[JOINT-LIMIT] left approach per-joint: shoulder_pitch=-1.172[-2.96,+2.96](1.788) shoulder_roll=+0.905[-0.26,+2.62](1.167) shoulder_yaw=-1.107[-2.96,+2.96](1.853) elbow_pitch=-1.551[-2.61,+0.26](1.059) elbow_yaw=-0.830[-2.96,+2.96](2.130) wrist_pitch=-0.754[-0.79,+1.05](0.031) wrist_roll=-0.538[-1.65,+1.30](1.112)
[GRASP-EXEC] GRIPPER: open (after approach, before grasp insert)
[GRASP-EXEC] gripper open: start=90% -> target=0%
[GRASP-EXEC] gripper open result: pos=1% status=3 ok=True
[GRASP-EXEC] ARM: HYBRID pre-descent (position QP-stream) -> 8.9cm, leaving final 3.0cm for F/T compliant descend-to-contact
[GRASP-EXEC] QP-Stream left -> pre-grasp (pure-pursuit): pos=8.1cm rot=0.0deg, lookahead=8cm @ 50Hz, pos_tol=1.0cm accept=2.5cm keep_ori=True
[GRASP-EXEC] ARM: COMPLIANT insert to grasp pose (F/T admittance descend-to-contact)
[INFO] [1783324668.117069658] [XARM_manager]: [COMPLIANT-LEFT] Loaded F/T calibration from /home/ubuntu/niu/compliant_grasp_execute/ft_calibration/ft_calibration_left.json
[INFO] [1783324668.138024085] [XARM_manager]: [COMPLIANT-LEFT] target set: p=[0.4868542490584025, 0.27452000467349424, 0.2168164640645436] q=[-0.2651508860152239, 0.2633585428201519, 0.9274905950446014, 0.009923793266643686]
[INFO] [1783324668.138686562] [XARM_manager]: [COMPLIANT-LEFT] seeded QP target at captured pose (z=+0.2168).
[INFO] [1783324668.139367226] [XARM_manager]: [COMPLIANT-LEFT] admittance loop starting (calibrating force offset; keep hands off the arm briefly)...
[INFO] [1783324668.477844568] [XARM_manager]: [COMPLIANT-LEFT] runtime offset calibrated. p_ref=[0.4868542490584025, 0.27452000467349424, 0.2168164640645436], ready.
[COMPLIANT-INSERT] runtime force-offset calibrated in 0.34s
[INFO] [1783324668.484155546] [XARM_manager]: [COMPLIANT-LEFT] gains updated: B=[3.9597979746446663, 5.6, 3.9597979746446663] K=[20.0, 40.0, 20.0] B_rot=[0.5, 0.5, 0.5] K_rot=[0.0, 0.0, 0.0]
[COMPLIANT-INSERT] insertion dir=[+0.52,+0.11,-0.85] planned_depth=3.8cm soft_axes=xz K=[20.0, 40.0, 20.0] B=[3.96, 5.6, 3.96] contact_thresh=1.5N
[INFO] [1783324669.308993283] [XARM_manager]: [COMPLIANT-LEFT] n=200 hz=241.4 F=[+0.00,+0.00,+0.00]N disp=[-2.3,-0.6,+3.3]cm v=[+0.12,+0.04,-0.17]
[COMPLIANT-INSERT] insert s=5.8cm tcp_drop=2.3cm lag=+3.6cm resist=+0.03N (throttle x0)
[INFO] [1783324669.751593924] [XARM_manager]: [COMPLIANT-LEFT] gains updated: B=[10.844353369380768, 10.844353369380768, 10.844353369380768] K=[150.0, 150.0, 150.0] B_rot=[0.5, 0.5, 0.5] K_rot=[0.0, 0.0, 0.0]
[INFO] [1783324669.751888949] [XARM_manager]: [COMPLIANT-LEFT] target set: p=[0.49985791561406934, 0.27671360543558016, 0.19161999521902465] q=[-0.2651508860152239, 0.2633585428201519, 0.9274905950446014, 0.009923793266643686]
[COMPLIANT-INSERT] CONTACT (force) at tcp_drop 2.8cm (resist 1.9N, thresh 1.5N); holding compliant for gripper close
[GRASP-EXEC] grasp TCP tracking: commanded=[0.5068,0.2787,0.1845] achieved=[0.5013,0.2767,0.1922] err=[-5.5,-2.0,+7.7]mm |err|=9.7mm approach-axis tilt: achieved=+45.5deg commanded=+47.6deg (0=level) ori-err=3.4deg
[JOINT-LIMIT] left closest-to-limit: wrist_pitch=-0.7751 [-0.785,1.05] dist=0.0099rad  BREACHED(<= 0.05): wrist_pitch
[JOINT-LIMIT] left grasp per-joint: shoulder_pitch=-1.104[-2.96,+2.96](1.856) shoulder_roll=+0.699[-0.26,+2.62](0.961) shoulder_yaw=-1.177[-2.96,+2.96](1.783) elbow_pitch=-1.123[-2.61,+0.26](1.385) elbow_yaw=-1.228[-2.96,+2.96](1.732) wrist_pitch=-0.775[-0.79,+1.05](0.010) wrist_roll=-0.121[-1.65,+1.30](1.421)
[GRASP-EXEC] GRIPPER: close at grasp pose (after arm motion, not at approach)
[GRASP-EXEC] gripper close: start=1% -> target=100%
[INFO] [1783324670.147106239] [XARM_manager]: [COMPLIANT-LEFT] n=400 hz=239.9 F=[+0.00,+0.00,+0.58]N disp=[+0.2,+0.1,+0.5]cm v=[-0.03,-0.01,+0.02]
[INFO] [1783324670.983055493] [XARM_manager]: [COMPLIANT-LEFT] n=600 hz=240.2 F=[+0.00,+0.00,+0.00]N disp=[+0.0,-0.0,+0.6]cm v=[+0.02,+0.00,-0.08]
[GRASP-EXEC] gripper close result: pos=90% status=3 ok=True
[INFO] [1783324671.248467962] [XARM_manager]: [COMPLIANT-LEFT] admittance loop stopped.
[GRASP-EXEC] ARM: rotate wrist away from table -20deg about waist Y before lift
[GRASP-EXEC] QP-Stream left -> table-clear (pure-pursuit): pos=0.0cm rot=20.0deg, lookahead=13cm @ 50Hz, pos_tol=2.0cm accept=2.5cm keep_ori=False
[GRASP-EXEC] ARM: lift after grasp
[GRASP-EXEC] QP-Stream left -> lift (pure-pursuit): pos=11.1cm rot=0.0deg, lookahead=13cm @ 50Hz, pos_tol=2.0cm accept=2.5cm keep_ori=True
[JOINT-LIMIT] left closest-to-limit: wrist_pitch=-0.7564 [-0.785,1.05] dist=0.0286rad
[JOINT-LIMIT] left lift per-joint: shoulder_pitch=-1.386[-2.96,+2.96](1.574) shoulder_roll=+0.754[-0.26,+2.62](1.016) shoulder_yaw=-1.334[-2.96,+2.96](1.626) elbow_pitch=-1.186[-2.61,+0.26](1.424) elbow_yaw=-0.946[-2.96,+2.96](2.014) wrist_pitch=-0.756[-0.79,+1.05](0.029) wrist_roll=-0.227[-1.65,+1.30](1.423)
[GRASP-EXEC] ELBOW-HIGH QP joint limits restored on endpose_single_arm_qp_L_controller (back to hard limits).
[GRASP-EXEC] ELBOW-HIGH: wrist guard margin restored to full.
[INFO] [1783324671.821980408] [XARM_manager]: Deactivated controllers: ['endpose_single_arm_qp_L_controller']
[GRASP-EXEC] elbow-high seed ready/left: clamped 1 joint(s) inward (margin 0.05rad): shoulder_yaw -2.964->-2.910 [-2.960,2.960]
[GRASP-EXEC] ELBOW-HIGH: returning via transition waypoint before home (bridges elbow-high -> elbow-low without a large sweep).
[GRASP-EXEC] ELBOW-HIGH: left -> transition(return) joints=['-1.452', '0.585', '-1.455', '-1.870', '0.746', '-0.142', '0.093']
[INFO] [1783324671.840343489] [XARM_manager]: Activated controllers: ['jointspace_arm_L_controller']
[INFO] [1783324671.841168678] [XARM_manager]: Sending goal to action server /jointspace_arm_L_controller/jointspace (attempt 1/3):
eai_manipulator_msgs.action.JointSpace_Goal(target_positions=[-1.4525, 0.5845, -1.455, -1.87, 0.7456999999999999, -0.14179999999999998, 0.09315])
[INFO] [1783324671.843118824] [XARM_manager]: Goal accepted. Waiting for result...
[INFO] [1783324673.864852992] [XARM_manager]: Action result received from /jointspace_arm_L_controller/jointspace
[INFO] [1783324673.865154344] [XARM_manager]: Action result: eai_manipulator_msgs.action.JointSpace_Result(success=True, result_msg='action finished')
[GRASP-EXEC] ELBOW-HIGH: transition(return) move result: eai_manipulator_msgs.action.JointSpace_Result(success=True, result_msg='action finished')
[GRASP-EXEC] PRE-HOME WAYPOINT: left -> joints=['0.000', '1.180', '0.000', '-1.300', '1.400', '-0.130', '0.180']
[INFO] [1783324673.867875270] [XARM_manager]: Sending goal to action server /jointspace_arm_L_controller/jointspace (attempt 1/3):
eai_manipulator_msgs.action.JointSpace_Goal(target_positions=[0.0, 1.18, 0.0, -1.3, 1.4, -0.13, 0.18])
[INFO] [1783324673.869925813] [XARM_manager]: Goal accepted. Waiting for result...
[INFO] [1783324675.725015661] [XARM_manager]: Action result received from /jointspace_arm_L_controller/jointspace
[INFO] [1783324675.725334999] [XARM_manager]: Action result: eai_manipulator_msgs.action.JointSpace_Result(success=True, result_msg='action finished')
[GRASP-EXEC] pre-home waypoint result: eai_manipulator_msgs.action.JointSpace_Result(success=True, result_msg='action finished')
[GRASP-EXEC] RETURN HOME: left -> joints=['0.000', '1.180', '0.000', '-1.300', '1.400', '-0.130', '0.180']
[INFO] [1783324675.728284646] [XARM_manager]: Sending goal to action server /jointspace_arm_L_controller/jointspace (attempt 1/3):
eai_manipulator_msgs.action.JointSpace_Goal(target_positions=[0.0, 1.18, 0.0, -1.3, 1.4, -0.13, 0.18])
[INFO] [1783324675.730237364] [XARM_manager]: Goal accepted. Waiting for result...
[INFO] [1783324675.734103665] [XARM_manager]: Action result received from /jointspace_arm_L_controller/jointspace
[INFO] [1783324675.734390897] [XARM_manager]: Action result: eai_manipulator_msgs.action.JointSpace_Result(success=True, result_msg='action finished')
[GRASP-EXEC] return home result: eai_manipulator_msgs.action.JointSpace_Result(success=True, result_msg='action finished')
{
  "arm": "left",
  "pipeline_version": "accelerated",
  "motion_strategy": "qp_all",
  "dry_run": false,
  "motion": {
    "detected_pose7": [
      0.35201245340054566,
      0.17974978284569215,
      -0.035804408557816386,
      0.005901322882698919,
      -0.7315732711024081,
      -0.07022813308469601,
      0.67811041336953
    ],
    "approach_pose7": [
      0.4484947852145375,
      0.2786573859464835,
      0.2731497960115901,
      -0.25885592682695263,
      0.25209355746604173,
      0.9324140825325908,
      -0.006813671960248014
    ],
    "grasp_pose7": [
      0.5068336478523796,
      0.2786573859464835,
      0.18448360862822813,
      -0.25885592682695263,
      0.25209355746604173,
      0.9324140825325908,
      -0.006813671960248014
    ],
    "lift_pose7": [
      0.5068336478523796,
      0.2786573859464835,
      0.3044836086282281,
      -0.3783458382540692,
      0.2508262247911582,
      0.8906496723371987,
      0.02614943208717447
    ],
    "pre_home_pose7": [
      0.3268336478523796,
      0.17865738594648348,
      0.3544836086282281,
      -0.3783458382540692,
      0.2508262247911582,
      0.8906496723371987,
      0.02614943208717447
    ],
    "grasp_xyz_offset_m": [
      0.02,
      0.0,
      0.005
    ],
    "grasp_quat": [
      -0.25885592682695263,
      0.25209355746604173,
      0.9324140825325908,
      -0.006813671960248014
    ],
    "use_fixed_grasp_quat": true,
    "phase_backends": {
      "approach": "qp_stream",
      "grasp": "qp_stream",
      "lift": "qp_stream"
    },
    "joint_limits_used": {
      "shoulder_pitch": [
        -2.96,
        2.96
      ],
      "shoulder_roll": [
        -0.262,
        2.616
      ],
      "shoulder_yaw": [
        -2.96,
        2.96
      ],
      "elbow_pitch": [
        -2.61,
        0.261
      ],
      "elbow_yaw": [
        -2.96,
        2.96
      ],
      "wrist_pitch": [
        -0.785,
        1.05
      ],
      "wrist_roll": [
        -1.65,
        1.3
      ]
    },
    "elbow_high_proactive_used": true,
    "elbow_high_orientation": "seed",
    "grasp_reach_retry_used": true,
    "grasp_reach_retry_yaw_scale": 0.5,
    "approach_tcp_tracking": {
      "commanded_xyz": [
        0.4484947852145375,
        0.2786573859464835,
        0.2731497960115901
      ],
      "achieved_xyz": [
        0.44845300189518356,
        0.26454275687653545,
        0.2867733529033307
      ],
      "error_mm": [
        -0.04178331935394963,
        -14.114629069948037,
        13.623556891740607
      ],
      "error_norm_mm": 19.616977392312286,
      "achieved_quat": [
        -0.26990079409918294,
        0.2734218056978992,
        0.9232019114884601,
        0.0096077124012143
      ],
      "approach_axis_tilt_deg": 44.81243195694632,
      "commanded_approach_axis_tilt_deg": 47.63651216122371,
      "orientation_error_deg": 3.497355272164882
    },
    "approach_joint_limits": {
      "closest": {
        "joint": "wrist_pitch",
        "value": -0.754,
        "lower": -0.785,
        "upper": 1.05,
        "dist_to_limit": 0.031,
        "nearest_side": "lower"
      },
      "breached": [],
      "margin_rad": 0.05
    },
    "compliant_insert": {
      "ok": true,
      "contact": true,
      "reason": "contact",
      "resist_n": 1.8963054341937502,
      "traveled_m": 0.028341358727592005,
      "planned_depth_m": 0.03823228793353244,
      "ft_topic": "/arm_6dof_left",
      "calib_path": "/home/ubuntu/niu/compliant_grasp_execute/ft_calibration/ft_calibration_left.json",
      "calib_present": true,
      "commanded_m": 0.05823228793353244,
      "throttle_events": 0,
      "contact_kind": "force"
    },
    "grasp_tcp_tracking": {
      "commanded_xyz": [
        0.5068336478523796,
        0.2786573859464835,
        0.18448360862822813
      ],
      "achieved_xyz": [
        0.501335494227743,
        0.27668210355431433,
        0.19219991180165863
      ],
      "error_mm": [
        -5.49815362463657,
        -1.9752823921691531,
        7.7163031734305
      ],
      "error_norm_mm": 9.678469324909354,
      "achieved_quat": [
        -0.2672186636554935,
        0.2684684716682346,
        0.9253550565470194,
        0.015391063548595093
      ],
      "approach_axis_tilt_deg": 45.482614055471934,
      "commanded_approach_axis_tilt_deg": 47.63651216122371,
      "orientation_error_deg": 3.401300605578393
    },
    "grasp_joint_limits": {
      "closest": {
        "joint": "wrist_pitch",
        "value": -0.7751,
        "lower": -0.785,
        "upper": 1.05,
        "dist_to_limit": 0.0099,
        "nearest_side": "lower"
      },
      "breached": [
        {
          "joint": "wrist_pitch",
          "value": -0.7751,
          "lower": -0.785,
          "upper": 1.05,
          "dist_to_limit": 0.0099,
          "nearest_side": "lower"
        }
      ],
      "margin_rad": 0.05
    },
    "lift_joint_limits": {
      "closest": {
        "joint": "wrist_pitch",
        "value": -0.7564,
        "lower": -0.785,
        "upper": 1.05,
        "dist_to_limit": 0.0286,
        "nearest_side": "lower"
      },
      "breached": [],
      "margin_rad": 0.05
    },
    "retract_ok": null,
    "return_home_ok": true,
    "released_on_finish_ok": null,
    "approach_ok": true,
    "grasp_ok": true,
    "lift_ok": true
  },
  "detection": {
    "class_name": "remote-control",
    "pose_head_roll_link": [
      0.8545324606626403,
      0.1621679448432449,
      -0.0834246610201196,
      0.46672205849341386,
      0.8085401787393102,
      0.1929287177037271,
      0.3020129291356088
    ],
    "pose_tip_waist_yaw_link_rpy": {
      "x": 0.6161514600329295,
      "y": 0.15454613572387302,
      "z": -0.017059773404890954,
      "roll": 3.095072660694712,
      "pitch": -0.012093921591436407,
      "yaw": 2.0680880993971824
    },
    "pose_tip_used_for_tcp_conversion_rpy": {
      "x": 0.6161514600329295,
      "y": 0.15454613572387302,
      "z": -0.017059773404890954,
      "roll": 2.137438641292893,
      "pitch": -1.4391416118955487,
      "yaw": -2.228639550603415
    },
    "pose_tcp_waist_yaw_link_rpy": {
      "x": 0.35201245340054566,
      "y": 0.17974978284569215,
      "z": -0.035804408557816386,
      "roll": 2.137438641292893,
      "pitch": -1.4391416118955487,
      "yaw": -2.228639550603415
    },
    "pose_tcp_waist_yaw_link_pose7": [
      0.35201245340054566,
      0.17974978284569215,
      -0.035804408557816386,
      0.005901322882698919,
      -0.7315732711024081,
      -0.07022813308469601,
      0.67811041336953
    ],
    "current_tcp_pose7": [
      0.35169171294706797,
      -0.5952480010721363,
      0.2750442898990702,
      0.005901322882698919,
      -0.7315732711024081,
      -0.07022813308469601,
      0.67811041336953
    ],
    "tcp_minus_tip_waist_m": [
      -0.2641390066323839,
      0.025203647121819134,
      -0.018744635152925432
    ],
    "tcp_to_tip_offset_m": [
      0.0,
      0.0,
      -0.266
    ],
    "orientation_policy": "current",
    "use_current_tcp_rotation": true,
    "rotation_source_arm": "right",
    "bbox_2d": [
      425.7995910644531,
      270.8587646484375,
      611.5410766601562,
      364.3751220703125
    ],
    "bbox_3d": {
      "min": [
        0.8123213177032972,
        0.07590407767438218,
        -0.12638761234587778
      ],
      "max": [
        0.9112530312225002,
        0.24613903090625724,
        -0.04623598753059434
      ],
      "center": [
        0.8617871744628987,
        0.16102155429031972,
        -0.08631179993823607
      ],
      "size": [
        0.09893171351920305,
        0.17023495323187507,
        0.08015162481528344
      ]
    },
    "object_long_axis_waist": [
      -0.477012203470842,
      0.8788134625341393,
      0.01209362677817236
    ],
    "object_long_axis_yaw_waist_deg": -61.50728024330955,
    "object_angle_from_waist_x_deg": 61.50728024330956
  },
  "gripper": {
    "open_ok": true,
    "close_ok": true,
    "final_pos_pct": 90.0,
    "backend": "modbus_rtu"
  },
  "ok": true
}
[GRASP-EXEC] saved result json: /tmp/grasp_exec.json
[GRASP-EXEC] saved handoff: /tmp/grasp_handoff.json (arm=left holding=True)
