[日志] 日志文件: logs/grasp/grasp_260707_145239.log
[日志] 执行命令: python3 -m compliant_grasp_execute.main
[INFO] [1783407160.455645041] [XARM_manager]: waiting for service /controller_manager/get_parameters to become available...
[INFO] [1783407162.717382249] [XARM_manager]: XARM_manager initialized, robot_type: tianyi2, run_type: real
[INFO] [1783407162.723878598] [XARM_manager]: 已订阅关节状态话题: /joint_states
[INFO] [1783407162.730483879] [XARM_manager]: 已订阅警告和错误信息话题: /manipulator/warn_and_error_info
[INFO] [1783407162.740865633] [XARM_manager]: /joint_action_report 服务已启动
[CONFIG] loaded 201 params from /home/ubuntu/niu/compliant_grasp_execute/config.yaml
[GRASP-EXEC] STARTUP: enabling arms and moving BOTH to home posture
[INFO] [1783407169.465328486] [XARM_manager]: Deactivated controllers: ['jointspace_arm_L_controller']
[GRASP-EXEC] STARTUP: left -> home joints=['0.844', '0.026', '-0.006', '-2.216', '-1.529', '0.250', '0.683']
[INFO] [1783407169.489362214] [XARM_manager]: Activated controllers: ['jointspace_arm_L_controller']
[INFO] [1783407169.508752778] [XARM_manager]: Sending goal to action server /jointspace_arm_L_controller/jointspace (attempt 1/3):
eai_manipulator_msgs.action.JointSpace_Goal(target_positions=[0.844, 0.026, -0.006, -2.216, -1.529, 0.25, 0.683])
[INFO] [1783407169.517657616] [XARM_manager]: Goal accepted. Waiting for result...
[INFO] [1783407169.987711650] [XARM_manager]: Action result received from /jointspace_arm_L_controller/jointspace
[INFO] [1783407169.987979144] [XARM_manager]: Action result: eai_manipulator_msgs.action.JointSpace_Result(success=True, result_msg='action finished')
[GRASP-EXEC] STARTUP: right -> home joints=['0.844', '-0.026', '0.006', '-2.216', '1.529', '0.250', '-0.683']
[INFO] [1783407169.996784879] [XARM_manager]: Activated controllers: ['jointspace_arm_R_controller']
[INFO] [1783407170.009139675] [XARM_manager]: Sending goal to action server /jointspace_arm_R_controller/jointspace (attempt 1/3):
eai_manipulator_msgs.action.JointSpace_Goal(target_positions=[0.844, -0.026, 0.006, -2.216, 1.529, 0.25, -0.683])
[INFO] [1783407170.011376367] [XARM_manager]: Goal accepted. Waiting for result...
[INFO] [1783407170.466931797] [XARM_manager]: Action result received from /jointspace_arm_R_controller/jointspace
[INFO] [1783407170.467451823] [XARM_manager]: Action result: eai_manipulator_msgs.action.JointSpace_Result(success=True, result_msg='action finished')
[GRASP-EXEC] STARTUP: activating both grippers (open/close cycle)
[robotiq_api] gripper already activated (gSTA==3); skip resetActivate()
[GRASP-EXEC] STARTUP: gripper 'left' activated
[robotiq_api] gripper already activated (gSTA==3); skip resetActivate()
[GRASP-EXEC] STARTUP: gripper 'right' activated
perception health check pass
[object_pose] RGB (720, 1280, 3), depth (720, 1280), valid-depth pixels: 855061/921600 (median valid depth 1.296 m)
[GRASP-EXEC] ARM-SELECT: object waist Y=+0.165m (y >= boundary 0.000) -> 'left' arm
[GRASP-EXEC] applied grasp tilt +45.0deg about waist Y -> quat=['-0.2294', '0.3262', '0.6764', '-0.6193']
[GRASP-EXEC] continuous orientation: object long-axis yaw -10.8deg (angle-from-X 10.8deg); applied continuous yaw -10.8deg about waist Z (gain=1.00, clamp +/-15deg) -> quat=['-0.1978', '0.3463', '0.7315', '-0.5530']
[GRASP-EXEC] recomputed TCP along final quat: detected_tcp_xyz=['0.3817', '0.2118', '-0.1379'] -> consistent_tcp_xyz=['0.4315', '0.2412', '0.1708']
[GRASP-EXEC] approach lateral clamp: approach Y +0.2758 -> +0.2412 (= grasp Y); tool_z outboard component would have pushed the standoff further from center than the grasp, which folds the elbow into its stop at far-outboard reaches.
[GRASP-EXEC] approach along grasp axis: dist=0.120m tool_z=[-0.672,0.288,0.682] approach_xyz=['0.3908', '0.2412', '0.2577']
[GRASP-EXEC] applied lift tilt -15.0deg about waist Y -> lift quat=['-0.2915', '0.4156', '0.6995', '-0.5031']
[GRASP-EXEC] detected class=remote-control detected_pose7=['0.3817', '0.2118', '-0.1379', '0.6947', '0.5068', '-0.3431', '-0.3780'] -> motion grasp_pose7=['0.4715', '0.2412', '0.1758', '-0.1978', '0.3463', '0.7315', '-0.5530']
[INFO] [1783407173.976451390] [XARM_manager]: Deactivated controllers: ['jointspace_arm_L_controller', 'jointspace_arm_R_controller']
[GRASP-EXEC] arms enabled (mode 3) [took 0.02s]
[JOINT-LIMIT] left: using live controller limits from endpose_single_arm_qp_L_controller
[GRASP-EXEC] joint-limit guard ON (margin 0.050 rad) arm=left
[GRASP-EXEC] gripper: connecting in background (overlaps arm enable + approach to hide the slow serial open; --no-gripper-async-connect for the old blocking behaviour)
[GRASP-EXEC] ARM: approach via qp_stream
[GRASP-EXEC] gripper: arm='left' -> stable by-id port /dev/serial/by-id/usb-FTDI_FT231X_USB_UART_DU0E2IPR-if00-port0
[INFO] [1783407174.012167713] [XARM_manager]: Activated controllers: ['endpose_single_arm_qp_L_controller']
[GRASP-EXEC] QP-Stream left -> approach (pure-pursuit): pos=29.9cm rot=78.8deg, lookahead=13cm @ 50Hz, pos_tol=2.0cm accept=2.5cm keep_ori=False
[robotiq_api] gripper already activated (gSTA==3); skip resetActivate()
[GRASP-EXEC] gripper: cached serial port /dev/serial/by-id/usb-FTDI_FT231X_USB_UART_DU0E2IPR-if00-port0 -> /tmp/robotiq_gripper_port.txt
[GRASP-EXEC] gripper controller ready: backend=modbus_rtu port=auto slave=9 (wait_timeout=8.0s) [connect took 0.04s]
[GRASP-EXEC] approach TCP tracking: commanded=[0.3908,0.2412,0.2577] achieved=[0.3864,0.2264,0.2695] err=[-4.5,-14.8,+11.8]mm |err|=19.5mm approach-axis tilt: achieved=+41.8deg commanded=+43.0deg (0=level) ori-err=3.4deg
[JOINT-LIMIT] left closest-to-limit: wrist_pitch=0.6036 [-0.785,1.05] dist=0.4464rad
[JOINT-LIMIT] left approach per-joint: shoulder_pitch=-0.875[-2.96,+2.96](2.085) shoulder_roll=+0.910[-0.26,+2.62](1.172) shoulder_yaw=-0.923[-2.96,+2.96](2.037) elbow_pitch=-2.042[-2.61,+0.26](0.569) elbow_yaw=-0.261[-2.96,+2.96](2.700) wrist_pitch=+0.604[-0.79,+1.05](0.446) wrist_roll=-0.861[-1.65,+1.30](0.789)
[GRASP-EXEC] GRIPPER: open (after approach, before grasp insert)
[GRASP-EXEC] gripper open: start=90% -> target=0%
[GRASP-EXEC] gripper open result: pos=1% status=3 ok=True
[GRASP-EXEC] ARM: HYBRID pre-descent (position QP-stream) -> 9.7cm, leaving final 3.0cm for F/T compliant descend-to-contact
[GRASP-EXEC] QP-Stream left -> pre-grasp (pure-pursuit): pos=8.4cm rot=0.0deg, lookahead=8cm @ 50Hz, pos_tol=1.0cm accept=2.5cm keep_ori=True
[GRASP-EXEC] ARM: COMPLIANT insert to grasp pose (F/T admittance descend-to-contact)
[INFO] [1783407178.695338721] [XARM_manager]: [COMPLIANT-LEFT] Loaded F/T calibration from /home/ubuntu/niu/compliant_grasp_execute/ft_calibration/ft_calibration_left.json
[INFO] [1783407178.717189894] [XARM_manager]: [COMPLIANT-LEFT] target set: p=[0.44323897037151505, 0.23738627281670854, 0.1939554623087207] q=[0.17413846253751866, -0.27183550081919033, -0.7968704353915996, 0.5106650228459473]
[INFO] [1783407178.717933770] [XARM_manager]: [COMPLIANT-LEFT] seeded QP target at captured pose (z=+0.1940).
[INFO] [1783407178.718594425] [XARM_manager]: [COMPLIANT-LEFT] admittance loop starting (calibrating force offset; keep hands off the arm briefly)...
[INFO] [1783407179.041020765] [XARM_manager]: [COMPLIANT-LEFT] runtime offset calibrated. p_ref=[0.44323897037151505, 0.23738627281670854, 0.1939554623087207], ready.
[COMPLIANT-INSERT] runtime force-offset calibrated in 0.32s
[INFO] [1783407179.043407683] [XARM_manager]: [COMPLIANT-LEFT] gains updated: B=[3.9597979746446663, 5.6, 3.9597979746446663] K=[20.0, 40.0, 20.0] B_rot=[0.5, 0.5, 0.5] K_rot=[0.0, 0.0, 0.0]
[COMPLIANT-INSERT] insertion dir=[+0.84,+0.11,-0.54] planned_depth=3.4cm soft_axes=xz K=[20.0, 40.0, 20.0] B=[3.96, 5.6, 3.96] contact_thresh=1.5N
[INFO] [1783407179.875639927] [XARM_manager]: [COMPLIANT-LEFT] n=200 hz=240.5 F=[+1.39,+0.07,-11.34]N disp=[-2.4,-0.3,+2.6]cm v=[+0.20,+0.10,-0.20]
[COMPLIANT-INSERT] insert s=5.4cm tcp_drop=2.4cm lag=+2.9cm resist=-5.50N (throttle x0)
[INFO] [1783407180.336287012] [XARM_manager]: [COMPLIANT-LEFT] gains updated: B=[10.844353369380768, 10.844353369380768, 10.844353369380768] K=[150.0, 150.0, 150.0] B_rot=[0.5, 0.5, 0.5] K_rot=[0.0, 0.0, 0.0]
[INFO] [1783407180.338137938] [XARM_manager]: [COMPLIANT-LEFT] target set: p=[0.47671909771042553, 0.2417095821199195, 0.18779025826086462] q=[0.17413846253751866, -0.27183550081919033, -0.7968704353915996, 0.5106650228459473]
[COMPLIANT-INSERT] CONTACT (force) at tcp_drop 3.2cm (resist 2.6N, thresh 1.5N); holding compliant for gripper close
[GRASP-EXEC] grasp TCP tracking: commanded=[0.4715,0.2412,0.1758] achieved=[0.4795,0.2405,0.1926] err=[+8.0,-0.7,+16.8]mm |err|=18.6mm approach-axis tilt: achieved=+50.2deg commanded=+43.0deg (0=level) ori-err=10.4deg
[JOINT-LIMIT] left closest-to-limit: wrist_roll=-1.142 [-1.65,1.3] dist=0.508rad
[JOINT-LIMIT] left grasp per-joint: shoulder_pitch=-0.711[-2.96,+2.96](2.249) shoulder_roll=+0.471[-0.26,+2.62](0.733) shoulder_yaw=-0.524[-2.96,+2.96](2.436) elbow_pitch=-1.432[-2.61,+0.26](1.178) elbow_yaw=-0.769[-2.96,+2.96](2.191) wrist_pitch=+0.019[-0.79,+1.05](0.804) wrist_roll=-1.142[-1.65,+1.30](0.508)
[GRASP-EXEC] GRIPPER: close at grasp pose (after arm motion, not at approach)
[GRASP-EXEC] gripper close: start=1% -> target=100%
[INFO] [1783407180.714292561] [XARM_manager]: [COMPLIANT-LEFT] n=400 hz=239.5 F=[+2.39,+1.09,-13.43]N disp=[+0.9,-0.5,+1.1]cm v=[+0.10,+0.15,-0.20]
[INFO] [1783407181.543882157] [XARM_manager]: [COMPLIANT-LEFT] n=600 hz=241.6 F=[+0.44,-0.94,-1.55]N disp=[+1.9,-0.5,+2.0]cm v=[-0.18,-0.00,-0.20]
[GRASP-EXEC] gripper close result: pos=90% status=3 ok=True
[INFO] [1783407181.604620946] [XARM_manager]: [COMPLIANT-LEFT] admittance loop stopped.
[GRASP-EXEC] ARM: rotate wrist away from table -20deg about waist Y before lift
[GRASP-EXEC] QP-Stream left -> table-clear (pure-pursuit): pos=0.0cm rot=20.0deg, lookahead=13cm @ 50Hz, pos_tol=2.0cm accept=2.5cm keep_ori=False
[GRASP-EXEC] ARM: lift after grasp
[GRASP-EXEC] QP-Stream left -> lift (pure-pursuit): pos=9.5cm rot=0.0deg, lookahead=13cm @ 50Hz, pos_tol=2.0cm accept=2.5cm keep_ori=True
[JOINT-LIMIT] left closest-to-limit: wrist_roll=-1.3787 [-1.65,1.3] dist=0.2713rad
[JOINT-LIMIT] left lift per-joint: shoulder_pitch=-0.908[-2.96,+2.96](2.052) shoulder_roll=+0.565[-0.26,+2.62](0.827) shoulder_yaw=-0.602[-2.96,+2.96](2.358) elbow_pitch=-1.526[-2.61,+0.26](1.084) elbow_yaw=-0.618[-2.96,+2.96](2.342) wrist_pitch=+0.134[-0.79,+1.05](0.916) wrist_roll=-1.379[-1.65,+1.30](0.271)
[INFO] [1783407182.587844131] [XARM_manager]: Deactivated controllers: ['endpose_single_arm_qp_L_controller']
[GRASP-EXEC] PRE-HOME WAYPOINT: left -> joints=['0.000', '1.180', '0.000', '-1.300', '1.400', '-0.130', '0.180']
[INFO] [1783407182.606593757] [XARM_manager]: Activated controllers: ['jointspace_arm_L_controller']
[INFO] [1783407182.607834400] [XARM_manager]: Sending goal to action server /jointspace_arm_L_controller/jointspace (attempt 1/3):
eai_manipulator_msgs.action.JointSpace_Goal(target_positions=[0.0, 1.18, 0.0, -1.3, 1.4, -0.13, 0.18])
[INFO] [1783407182.610898041] [XARM_manager]: Goal accepted. Waiting for result...
[INFO] [1783407184.892088285] [XARM_manager]: Action result received from /jointspace_arm_L_controller/jointspace
[INFO] [1783407184.892480404] [XARM_manager]: Action result: eai_manipulator_msgs.action.JointSpace_Result(success=True, result_msg='action finished')
[GRASP-EXEC] pre-home waypoint result: eai_manipulator_msgs.action.JointSpace_Result(success=True, result_msg='action finished')
[GRASP-EXEC] RETURN HOME: left -> joints=['0.844', '0.026', '-0.006', '-2.216', '-1.529', '0.250', '0.683']
[INFO] [1783407184.895573610] [XARM_manager]: Sending goal to action server /jointspace_arm_L_controller/jointspace (attempt 1/3):
eai_manipulator_msgs.action.JointSpace_Goal(target_positions=[0.844, 0.026, -0.006, -2.216, -1.529, 0.25, 0.683])
[INFO] [1783407184.897945885] [XARM_manager]: Goal accepted. Waiting for result...
[INFO] [1783407187.854884056] [XARM_manager]: Action result received from /jointspace_arm_L_controller/jointspace
[INFO] [1783407187.855354511] [XARM_manager]: Action result: eai_manipulator_msgs.action.JointSpace_Result(success=True, result_msg='action finished')
[GRASP-EXEC] return home result: eai_manipulator_msgs.action.JointSpace_Result(success=True, result_msg='action finished')
{
  "arm": "left",
  "pipeline_version": "accelerated",
  "motion_strategy": "qp_all",
  "dry_run": false,
  "motion": {
    "detected_pose7": [
      0.3816714483487591,
      0.21176507016185248,
      -0.1379116797868679,
      0.6946700929038436,
      0.5068173749716031,
      -0.34310816705062747,
      -0.3779502561912317
    ],
    "approach_pose7": [
      0.39084184220478513,
      0.24120766189952292,
      0.2576738446643384,
      -0.1977551766504258,
      0.34633677706812216,
      0.7315355826715051,
      -0.5529913364994848
    ],
    "grasp_pose7": [
      0.4715265267504893,
      0.24120766189952292,
      0.17584735019441244,
      -0.1977551766504258,
      0.34633677706812216,
      0.7315355826715051,
      -0.5529913364994848
    ],
    "lift_pose7": [
      0.4715265267504893,
      0.24120766189952292,
      0.29584735019441244,
      -0.29154790777972306,
      0.41555367141291166,
      0.6994649641517763,
      -0.503054398220183
    ],
    "pre_home_pose7": [
      0.2915265267504893,
      0.1412076618995229,
      0.34584735019441243,
      -0.29154790777972306,
      0.41555367141291166,
      0.6994649641517763,
      -0.503054398220183
    ],
    "grasp_xyz_offset_m": [
      0.04,
      0.0,
      0.005
    ],
    "grasp_quat": [
      -0.1977551766504258,
      0.34633677706812216,
      0.7315355826715051,
      -0.5529913364994848
    ],
    "use_fixed_grasp_quat": true,
    "phase_backends": {
      "approach": "qp_stream",
      "grasp": "qp_stream",
      "lift": "qp_stream"
    },
    "joint_limits_used": {
      "shoulder_pitch": [
        -2.96,
        2.96
      ],
      "shoulder_roll": [
        -0.262,
        2.616
      ],
      "shoulder_yaw": [
        -2.96,
        2.96
      ],
      "elbow_pitch": [
        -2.61,
        0.261
      ],
      "elbow_yaw": [
        -2.96,
        2.96
      ],
      "wrist_pitch": [
        -0.785,
        1.05
      ],
      "wrist_roll": [
        -1.65,
        1.3
      ]
    },
    "approach_tcp_tracking": {
      "commanded_xyz": [
        0.39084184220478513,
        0.24120766189952292,
        0.2576738446643384
      ],
      "achieved_xyz": [
        0.3863658871038409,
        0.2264148957391069,
        0.26952123346989587
      ],
      "error_mm": [
        -4.475955100944229,
        -14.792766160416026,
        11.847388805557468
      ],
      "error_norm_mm": 19.473590481790115,
      "achieved_quat": [
        0.18457083962277857,
        -0.3646434314113445,
        -0.7395683523771067,
        0.5347966204565195
      ],
      "approach_axis_tilt_deg": 41.7542916342681,
      "commanded_approach_axis_tilt_deg": 42.99131199460444,
      "orientation_error_deg": 3.446523987988621
    },
    "approach_joint_limits": {
      "closest": {
        "joint": "wrist_pitch",
        "value": 0.6036,
        "lower": -0.785,
        "upper": 1.05,
        "dist_to_limit": 0.4464,
        "nearest_side": "upper"
      },
      "breached": [],
      "margin_rad": 0.05
    },
    "compliant_insert": {
      "ok": true,
      "contact": true,
      "reason": "contact",
      "resist_n": 2.635497436291753,
      "traveled_m": 0.03180808874676632,
      "planned_depth_m": 0.033803736254447624,
      "ft_topic": "/arm_6dof_left",
      "calib_path": "/home/ubuntu/niu/compliant_grasp_execute/ft_calibration/ft_calibration_left.json",
      "calib_present": true,
      "commanded_m": 0.05380373625444762,
      "throttle_events": 0,
      "contact_kind": "force"
    },
    "grasp_tcp_tracking": {
      "commanded_xyz": [
        0.4715265267504893,
        0.24120766189952292,
        0.17584735019441244
      ],
      "achieved_xyz": [
        0.47952024250153824,
        0.24053489252905547,
        0.19261189300649845
      ],
      "error_mm": [
        7.993715751048958,
        -0.672769370467452,
        16.764542812086002
      ],
      "error_norm_mm": 18.5849941036491,
      "achieved_quat": [
        0.18225119762135836,
        -0.2877022529272741,
        -0.7867900650915923,
        0.5147555809307164
      ],
      "approach_axis_tilt_deg": 50.176760593980696,
      "commanded_approach_axis_tilt_deg": 42.99131199460444,
      "orientation_error_deg": 10.376081898277134
    },
    "grasp_joint_limits": {
      "closest": {
        "joint": "wrist_roll",
        "value": -1.142,
        "lower": -1.65,
        "upper": 1.3,
        "dist_to_limit": 0.508,
        "nearest_side": "lower"
      },
      "breached": [],
      "margin_rad": 0.05
    },
    "lift_joint_limits": {
      "closest": {
        "joint": "wrist_roll",
        "value": -1.3787,
        "lower": -1.65,
        "upper": 1.3,
        "dist_to_limit": 0.2713,
        "nearest_side": "lower"
      },
      "breached": [],
      "margin_rad": 0.05
    },
    "retract_ok": null,
    "return_home_ok": true,
    "released_on_finish_ok": null,
    "approach_ok": true,
    "grasp_ok": true,
    "lift_ok": true
  },
  "detection": {
    "class_name": "remote-control",
    "pose_head_roll_link": [
      0.8458815308213036,
      0.17144031177857527,
      -0.08303290306010386,
      0.09833886146965057,
      0.9329907151067337,
      -0.015093142299334504,
      0.34587568706836075
    ],
    "pose_tip_waist_yaw_link_rpy": {
      "x": 0.6103775774934669,
      "y": 0.16459924876029866,
      "z": -0.010534712547256797,
      "roll": -3.0503896186208186,
      "pitch": 0.020969243646994595,
      "yaw": 2.953445149029359
    },
    "pose_tip_used_for_tcp_conversion_rpy": {
      "x": 0.6103775774934669,
      "y": 0.16459924876029866,
      "z": -0.010534712547256797,
      "roll": -2.072559211735295,
      "pitch": 0.09372762165447779,
      "yaw": 1.3161205552309614
    },
    "pose_tcp_waist_yaw_link_rpy": {
      "x": 0.3816714483487591,
      "y": 0.21176507016185248,
      "z": -0.1379116797868679,
      "roll": -2.072559211735295,
      "pitch": 0.09372762165447779,
      "yaw": 1.3161205552309614
    },
    "pose_tcp_waist_yaw_link_pose7": [
      0.3816714483487591,
      0.21176507016185248,
      -0.1379116797868679,
      0.6946700929038436,
      0.5068173749716031,
      -0.34310816705062747,
      -0.3779502561912317
    ],
    "current_tcp_pose7": [
      0.11561042803751785,
      -0.25787428359642534,
      0.1413320334565598,
      0.6946700929038436,
      0.5068173749716031,
      -0.34310816705062747,
      -0.3779502561912317
    ],
    "tcp_minus_tip_waist_m": [
      -0.22870612914470778,
      0.047165821401553815,
      -0.12737696723961112
    ],
    "tcp_to_tip_offset_m": [
      0.0,
      0.0,
      -0.266
    ],
    "orientation_policy": "current",
    "use_current_tcp_rotation": true,
    "rotation_source_arm": "right",
    "bbox_2d": [
      462.5511474609375,
      236.78195190429688,
      547.2130126953125,
      394.11676025390625
    ],
    "bbox_3d": {
      "min": [
        0.7840854691487723,
        0.1363614884397525,
        -0.1408324900037762
      ],
      "max": [
        0.9222218264603615,
        0.2129664156448846,
        -0.020325817841428312
      ],
      "center": [
        0.8531536478045669,
        0.17466395204231855,
        -0.08057915392260226
      ],
      "size": [
        0.13813635731158924,
        0.07660492720513212,
        0.1205066721623479
      ]
    },
    "object_long_axis_waist": [
      -0.9821364433958009,
      0.18699829362589368,
      -0.02096770695262803
    ],
    "object_long_axis_yaw_waist_deg": -10.780057937231277,
    "object_angle_from_waist_x_deg": 10.780057937231291
  },
  "gripper": {
    "open_ok": true,
    "close_ok": true,
    "final_pos_pct": 90.0,
    "backend": "modbus_rtu"
  },
  "ok": true
}
[GRASP-EXEC] saved result json: /tmp/grasp_exec.json
[GRASP-EXEC] saved handoff: /tmp/grasp_handoff.json (arm=left holding=True)



竖放，抓起来了。