[日志] 日志文件: logs/grasp/grasp_260706_153039.log
[日志] 执行命令: python3 -m compliant_grasp_execute.main
[INFO] [1783323039.653430730] [XARM_manager]: waiting for service /controller_manager/get_parameters to become available...
[INFO] [1783323040.765690503] [XARM_manager]: XARM_manager initialized, robot_type: tianyi2, run_type: real
[INFO] [1783323040.771135683] [XARM_manager]: 已订阅关节状态话题: /joint_states
[INFO] [1783323040.779956040] [XARM_manager]: 已订阅警告和错误信息话题: /manipulator/warn_and_error_info
[INFO] [1783323040.790198072] [XARM_manager]: /joint_action_report 服务已启动
[CONFIG] loaded 198 params from /home/ubuntu/niu/compliant_grasp_execute/config.yaml
[GRASP-EXEC] STARTUP: enabling arms and moving BOTH to home posture
[INFO] [1783323043.387284774] [XARM_manager]: Deactivated controllers: ['jointspace_arm_L_controller', 'jointspace_arm_R_controller']
[GRASP-EXEC] STARTUP: left -> home joints=['0.000', '1.180', '0.000', '-1.300', '1.400', '-0.130', '0.180']
[INFO] [1783323043.406597314] [XARM_manager]: Activated controllers: ['jointspace_arm_L_controller']
[INFO] [1783323043.420392727] [XARM_manager]: Sending goal to action server /jointspace_arm_L_controller/jointspace (attempt 1/3):
eai_manipulator_msgs.action.JointSpace_Goal(target_positions=[0.0, 1.18, 0.0, -1.3, 1.4, -0.13, 0.18])
[INFO] [1783323043.422135462] [XARM_manager]: Goal accepted. Waiting for result...
[INFO] [1783323043.545745763] [XARM_manager]: Action result received from /jointspace_arm_L_controller/jointspace
[INFO] [1783323043.546101656] [XARM_manager]: Action result: eai_manipulator_msgs.action.JointSpace_Result(success=True, result_msg='action finished')
[GRASP-EXEC] STARTUP: right -> home joints=['0.000', '-1.180', '0.000', '-1.300', '-1.400', '-0.130', '0.180']
[INFO] [1783323043.561596793] [XARM_manager]: Activated controllers: ['jointspace_arm_R_controller']
[INFO] [1783323043.579284898] [XARM_manager]: Sending goal to action server /jointspace_arm_R_controller/jointspace (attempt 1/3):
eai_manipulator_msgs.action.JointSpace_Goal(target_positions=[0.0, -1.18, 0.0, -1.3, -1.4, -0.13, 0.18])
[INFO] [1783323044.399334401] [XARM_manager]: Goal accepted. Waiting for result...
[INFO] [1783323044.552243925] [XARM_manager]: Action result received from /jointspace_arm_R_controller/jointspace
[INFO] [1783323044.552983485] [XARM_manager]: Action result: eai_manipulator_msgs.action.JointSpace_Result(success=True, result_msg='action finished')
[GRASP-EXEC] STARTUP: activating both grippers (open/close cycle)
[robotiq_api] gripper already activated (gSTA==3); skip resetActivate()
[GRASP-EXEC] STARTUP: gripper 'left' activated
[robotiq_api] gripper already activated (gSTA==3); skip resetActivate()
[GRASP-EXEC] STARTUP: gripper 'right' activated
perception health check pass
[object_pose] RGB (720, 1280, 3), depth (720, 1280), valid-depth pixels: 903854/921600 (median valid depth 1.198 m)
[GRASP-EXEC] ARM-SELECT: object waist Y=+0.229m (y >= boundary 0.000) -> 'left' arm
[GRASP-EXEC] diagonal schedule: angle-from-X=55.84014980331559deg -> tilt_scale=0.55, yaw_clamp=42.2deg (freed wrist_pitch, raised jaw alignment)
[GRASP-EXEC] reach tilt reduction: object |Y|=0.229m -> tilt_scale=0.71 (backed the side-tilt off so the elbow can extend to a far-outboard object instead of folding into its stop)
[GRASP-EXEC] applied grasp tilt +17.4deg about waist Y (tilt scale 1.00 x diag 0.55 x reach 0.71) -> quat=['-0.3840', '0.4644', '0.6022', '-0.5237']
[GRASP-EXEC] continuous orientation: object long-axis yaw +55.8deg (angle-from-X 55.8deg); applied continuous yaw +42.2deg about waist Z (gain=1.00, clamp +/-42deg) -> quat=['-0.5255', '0.2949', '0.3731', '-0.7054']
[GRASP-EXEC] recomputed TCP along final quat: detected_tcp_xyz=['0.2013', '0.2540', '-0.0450'] -> consistent_tcp_xyz=['0.2504', '0.0899', '0.0462']
[GRASP-EXEC] approach along grasp axis: dist=0.120m tool_z=[-0.808,-0.521,0.274] approach_xyz=['0.1734', '0.0273', '0.0840']
[GRASP-EXEC] applied lift tilt -15.0deg about waist Y -> lift quat=['-0.5697', '0.3845', '0.3013', '-0.6609']
[GRASP-EXEC] detected class=remote-control detected_pose7=['0.2013', '0.2540', '-0.0450', '0.0056', '-0.7311', '-0.0708', '0.6785'] -> motion grasp_pose7=['0.2704', '0.0899', '0.0512', '-0.5255', '0.2949', '0.3731', '-0.7054']
[INFO] [1783323048.139836143] [XARM_manager]: Deactivated controllers: ['jointspace_arm_L_controller', 'jointspace_arm_R_controller']
[GRASP-EXEC] arms enabled (mode 3) [took 0.02s]
[JOINT-LIMIT] left: using live controller limits from endpose_single_arm_qp_L_controller
[GRASP-EXEC] joint-limit guard ON (margin 0.050 rad) arm=left
[GRASP-EXEC] gripper: arm='left' -> stable by-id port /dev/serial/by-id/usb-FTDI_FT231X_USB_UART_DU0E2IPR-if00-port0
[GRASP-EXEC] gripper: connecting in background (overlaps arm enable + approach to hide the slow serial open; --no-gripper-async-connect for the old blocking behaviour)
[GRASP-EXEC] ARM: approach via qp_stream
[GRASP-EXEC] ELBOW-HIGH (proactive): object long axis ~parallel to body (angle-from-X=55.84014980331559 >= 45.0deg); the elbow-high seed's fore-aft jaws match a parallel object's short axis; reconfiguring to elbow-high seed before approach.
[GRASP-EXEC] elbow-high seed ready/left: clamped 1 joint(s) inward (margin 0.05rad): shoulder_yaw -2.964->-2.910 [-2.960,2.960]
[GRASP-EXEC] ELBOW-HIGH: reconfiguring left arm into elbow-high seed (jointspace, via transition waypoint). NOTE: jointspace moves run at the controller's own speed; watch the first reconfiguration for table/body clearance.
[GRASP-EXEC] ELBOW-HIGH: left -> transition joints=['-1.452', '0.585', '-1.455', '-1.870', '0.746', '-0.142', '0.093']
[INFO] [1783323048.187935162] [XARM_manager]: Activated controllers: ['jointspace_arm_L_controller']
[INFO] [1783323048.189381087] [XARM_manager]: Sending goal to action server /jointspace_arm_L_controller/jointspace (attempt 1/3):
eai_manipulator_msgs.action.JointSpace_Goal(target_positions=[-1.4525, 0.5845, -1.455, -1.87, 0.7456999999999999, -0.14179999999999998, 0.09315])
[INFO] [1783323048.193291983] [XARM_manager]: Goal accepted. Waiting for result...
[robotiq_api] gripper already activated (gSTA==3); skip resetActivate()
[GRASP-EXEC] gripper: cached serial port /dev/serial/by-id/usb-FTDI_FT231X_USB_UART_DU0E2IPR-if00-port0 -> /tmp/robotiq_gripper_port.txt
[GRASP-EXEC] gripper controller ready: backend=modbus_rtu port=auto slave=9 (wait_timeout=8.0s) [connect took 0.04s]
[INFO] [1783323050.051838214] [XARM_manager]: Action result received from /jointspace_arm_L_controller/jointspace
[INFO] [1783323050.052066208] [XARM_manager]: Action result: eai_manipulator_msgs.action.JointSpace_Result(success=True, result_msg='action finished')
[GRASP-EXEC] ELBOW-HIGH: transition move result: eai_manipulator_msgs.action.JointSpace_Result(success=True, result_msg='action finished')
[GRASP-EXEC] ELBOW-HIGH: left -> ready joints=['-2.905', '-0.011', '-2.910', '-2.440', '0.091', '-0.154', '0.006']
[INFO] [1783323050.054946568] [XARM_manager]: Sending goal to action server /jointspace_arm_L_controller/jointspace (attempt 1/3):
eai_manipulator_msgs.action.JointSpace_Goal(target_positions=[-2.905, -0.011, -2.91, -2.44, 0.0914, -0.1536, 0.0063])
[INFO] [1783323050.057286775] [XARM_manager]: Goal accepted. Waiting for result...
[INFO] [1783323051.916268324] [XARM_manager]: Action result received from /jointspace_arm_L_controller/jointspace
[INFO] [1783323051.916890736] [XARM_manager]: Action result: eai_manipulator_msgs.action.JointSpace_Result(success=True, result_msg='action finished')
[GRASP-EXEC] ELBOW-HIGH: ready move result: eai_manipulator_msgs.action.JointSpace_Result(success=True, result_msg='action finished')
[JOINT-LIMIT] left closest-to-limit: shoulder_pitch=-2.7897 [-2.96,2.96] dist=0.1703rad
[GRASP-EXEC] continuous orientation: object long-axis yaw +55.8deg (angle-from-X 55.8deg); applied continuous yaw -24.2deg about waist Z (gain=1.00, clamp +/-90deg) [top-down jaw-align: base jaw heading +170.1deg -> short-axis +145.8deg] -> quat=['-0.1567', '0.3167', '0.8723', '0.3379']
[GRASP-EXEC] recomputed TCP along final quat: detected_tcp_xyz=['0.2013', '0.2540', '-0.0450'] -> consistent_tcp_xyz=['0.4496', '0.4037', '0.1730']
[GRASP-EXEC] approach lateral clamp: approach Y +0.4827 -> +0.4037 (= grasp Y); tool_z outboard component would have pushed the standoff further from center than the grasp, which folds the elbow into its stop at far-outboard reaches.
[GRASP-EXEC] approach along grasp axis: dist=0.120m tool_z=[-0.059,0.658,0.750] approach_xyz=['0.4625', '0.4037', '0.2680']
[GRASP-EXEC] applied lift tilt -15.0deg about waist Y -> lift quat=['-0.2692', '0.2699', '0.8444', '0.3764']
[GRASP-EXEC] ELBOW-HIGH: using SEED grasp orientation (proactive); rebuilt grasp/approach/lift poses. The seed-anchored mode keeps the orientation the arm is already in, so the approach only translates and the wrist stays in range.
[GRASP-EXEC] ELBOW-HIGH QP joint window set on endpose_single_arm_qp_L_controller (flex 0.40rad, drop 0.15rad): shoulder_pitch[-2.96,-2.64], shoulder_roll[-0.01,0.54], shoulder_yaw[-2.96,-2.41], elbow_pitch[-2.61,-2.14], elbow_yaw[0.00,0.55]. Asymmetric: tight on the drop side so the elbow is actually held high; loose on the flex side so the arm can still reach.
[GRASP-EXEC] ELBOW-HIGH: wrist guard margin relaxed to 0.010rad (from 0.050) so the nose-down grasp can reach wrist_pitch~-0.71 (still inside the -0.785 stop). Other joints keep the full margin.
[INFO] [1783323051.938832353] [XARM_manager]: Deactivated controllers: ['jointspace_arm_L_controller']
[INFO] [1783323051.948821367] [XARM_manager]: Activated controllers: ['endpose_single_arm_qp_L_controller']
[GRASP-EXEC] QP-Stream left -> approach (pure-pursuit): pos=41.0cm rot=28.5deg, lookahead=13cm @ 50Hz, pos_tol=2.0cm accept=2.5cm keep_ori=False
[GRASP-EXEC] approach TCP tracking: commanded=[0.4625,0.4037,0.2680] achieved=[0.4506,0.3888,0.2622] err=[-11.9,-14.9,-5.8]mm |err|=20.0mm approach-axis tilt: achieved=+47.3deg commanded=+48.6deg (0=level) ori-err=1.7deg
[JOINT-LIMIT] left closest-to-limit: wrist_roll=1.1859 [-1.65,1.3] dist=0.1141rad
[JOINT-LIMIT] left approach per-joint: shoulder_pitch=-1.777[-2.96,+2.96](1.183) shoulder_roll=+0.840[-0.26,+2.62](1.102) shoulder_yaw=-2.337[-2.96,+2.96](0.623) elbow_pitch=-1.025[-2.61,+0.26](1.286) elbow_yaw=-1.595[-2.96,+2.96](1.365) wrist_pitch=-0.461[-0.79,+1.05](0.324) wrist_roll=+1.186[-1.65,+1.30](0.114)
[GRASP-EXEC] GRIPPER: open (after approach, before grasp insert)
[GRASP-EXEC] gripper open: start=90% -> target=0%
[GRASP-EXEC] gripper open result: pos=1% status=3 ok=True
[GRASP-EXEC] ARM: HYBRID pre-descent (position QP-stream) -> 5.8cm, leaving final 3.0cm for F/T compliant descend-to-contact
[GRASP-EXEC] QP-Stream left -> pre-grasp (pure-pursuit): pos=5.7cm rot=0.0deg, lookahead=8cm @ 50Hz, pos_tol=1.0cm accept=2.5cm keep_ori=True
[GRASP-EXEC] QP-Stream pre-grasp: settled 2.0cm from target (QP steady-state; exiting without deadline hover)
[GRASP-EXEC] ARM: COMPLIANT insert to grasp pose (F/T admittance descend-to-contact)
[INFO] [1783323057.658375720] [XARM_manager]: [COMPLIANT-LEFT] Loaded F/T calibration from /home/ubuntu/niu/compliant_grasp_execute/ft_calibration/ft_calibration_left.json
[INFO] [1783323057.679397013] [XARM_manager]: [COMPLIANT-LEFT] target set: p=[0.45079243142645353, 0.40189901593195587, 0.19097408350635323] q=[-0.10991979928934449, 0.31964885292563705, 0.8781175329098407, 0.33860278637933466]
[INFO] [1783323057.680025143] [XARM_manager]: [COMPLIANT-LEFT] seeded QP target at captured pose (z=+0.1910).
[INFO] [1783323057.680784700] [XARM_manager]: [COMPLIANT-LEFT] admittance loop starting (calibrating force offset; keep hands off the arm briefly)...
[INFO] [1783323058.010067654] [XARM_manager]: [COMPLIANT-LEFT] runtime offset calibrated. p_ref=[0.45079243142645353, 0.40189901593195587, 0.19097408350635323], ready.
[COMPLIANT-INSERT] runtime force-offset calibrated in 0.34s
[INFO] [1783323058.025004220] [XARM_manager]: [COMPLIANT-LEFT] gains updated: B=[3.9597979746446663, 5.6, 3.9597979746446663] K=[20.0, 40.0, 20.0] B_rot=[0.5, 0.5, 0.5] K_rot=[0.0, 0.0, 0.0]
[COMPLIANT-INSERT] insertion dir=[+0.82,+0.08,-0.57] planned_depth=2.3cm soft_axes=xz K=[20.0, 40.0, 20.0] B=[3.96, 5.6, 3.96] contact_thresh=1.5N
[INFO] [1783323058.843575802] [XARM_manager]: [COMPLIANT-LEFT] n=200 hz=241.8 F=[-0.44,+0.00,-1.78]N disp=[-3.3,-0.5,+2.3]cm v=[+0.02,+0.03,-0.20]
[COMPLIANT-INSERT] insert s=4.3cm tcp_drop=0.4cm lag=+3.9cm resist=-0.41N (throttle x0)
[INFO] [1783323059.680997054] [XARM_manager]: [COMPLIANT-LEFT] n=400 hz=240.0 F=[-0.99,+0.00,-2.01]N disp=[-2.5,-1.4,+1.6]cm v=[-0.02,+0.10,-0.20]
[COMPLIANT-INSERT] insert s=4.3cm tcp_drop=1.4cm lag=+2.9cm resist=+0.21N (throttle x0)
[INFO] [1783323060.214986088] [XARM_manager]: [COMPLIANT-LEFT] gains updated: B=[10.844353369380768, 10.844353369380768, 10.844353369380768] K=[150.0, 150.0, 150.0] B_rot=[0.5, 0.5, 0.5] K_rot=[0.0, 0.0, 0.0]
[INFO] [1783323060.216815978] [XARM_manager]: [COMPLIANT-LEFT] target set: p=[0.4632342837085369, 0.39177737174928035, 0.1809004216971763] q=[-0.10991979928934449, 0.31964885292563705, 0.8781175329098407, 0.33860278637933466]
[COMPLIANT-INSERT] CONTACT (force) at tcp_drop 1.5cm (resist 1.8N, thresh 1.5N); holding compliant for gripper close
[GRASP-EXEC] grasp TCP tracking: commanded=[0.4696,0.4037,0.1780] achieved=[0.4642,0.3913,0.1837] err=[-5.5,-12.4,+5.8]mm |err|=14.7mm approach-axis tilt: achieved=+49.5deg commanded=+48.6deg (0=level) ori-err=4.9deg
[JOINT-LIMIT] left closest-to-limit: wrist_roll=1.2569 [-1.65,1.3] dist=0.0431rad
[JOINT-LIMIT] left grasp per-joint: shoulder_pitch=-1.509[-2.96,+2.96](1.451) shoulder_roll=+0.695[-0.26,+2.62](0.957) shoulder_yaw=-2.274[-2.96,+2.96](0.686) elbow_pitch=-0.742[-2.61,+0.26](1.003) elbow_yaw=-1.629[-2.96,+2.96](1.331) wrist_pitch=-0.409[-0.79,+1.05](0.376) wrist_roll=+1.257[-1.65,+1.30](0.043)
[INFO] [1783323060.517171089] [XARM_manager]: [COMPLIANT-LEFT] n=600 hz=239.9 F=[-2.05,-1.20,+4.01]N disp=[+0.1,-0.1,+0.5]cm v=[-0.19,-0.09,+0.20]
[GRASP-EXEC] GRIPPER: close at grasp pose (after arm motion, not at approach)
[GRASP-EXEC] gripper close: start=1% -> target=100%
[INFO] [1783323061.352543585] [XARM_manager]: [COMPLIANT-LEFT] n=800 hz=240.8 F=[-0.69,+0.00,-1.82]N disp=[-0.3,-0.4,+1.5]cm v=[-0.03,+0.05,-0.20]
[GRASP-EXEC] gripper close result: pos=90% status=3 ok=True
[INFO] [1783323061.409816629] [XARM_manager]: [COMPLIANT-LEFT] admittance loop stopped.
[GRASP-EXEC] ARM: rotate wrist away from table -20deg about waist Y before lift
[GRASP-EXEC] QP-Stream left -> table-clear (pure-pursuit): pos=0.1cm rot=20.2deg, lookahead=13cm @ 50Hz, pos_tol=2.0cm accept=2.5cm keep_ori=False
[GRASP-EXEC] ARM: lift after grasp
[GRASP-EXEC] QP-Stream left -> lift (pure-pursuit): pos=10.1cm rot=0.0deg, lookahead=13cm @ 50Hz, pos_tol=2.0cm accept=2.5cm keep_ori=True
[JOINT-LIMIT] left closest-to-limit: wrist_roll=1.2371 [-1.65,1.3] dist=0.0629rad
[JOINT-LIMIT] left lift per-joint: shoulder_pitch=-1.811[-2.96,+2.96](1.149) shoulder_roll=+0.775[-0.26,+2.62](1.037) shoulder_yaw=-2.366[-2.96,+2.96](0.594) elbow_pitch=-0.919[-2.61,+0.26](1.180) elbow_yaw=-1.596[-2.96,+2.96](1.364) wrist_pitch=-0.493[-0.79,+1.05](0.292) wrist_roll=+1.237[-1.65,+1.30](0.063)
[GRASP-EXEC] ELBOW-HIGH QP joint limits restored on endpose_single_arm_qp_L_controller (back to hard limits).
[GRASP-EXEC] ELBOW-HIGH: wrist guard margin restored to full.
[INFO] [1783323062.173062243] [XARM_manager]: Deactivated controllers: ['endpose_single_arm_qp_L_controller']
[GRASP-EXEC] elbow-high seed ready/left: clamped 1 joint(s) inward (margin 0.05rad): shoulder_yaw -2.964->-2.910 [-2.960,2.960]
[GRASP-EXEC] ELBOW-HIGH: returning via transition waypoint before home (bridges elbow-high -> elbow-low without a large sweep).
[GRASP-EXEC] ELBOW-HIGH: left -> transition(return) joints=['-1.452', '0.585', '-1.455', '-1.870', '0.746', '-0.142', '0.093']
[INFO] [1783323062.191854438] [XARM_manager]: Activated controllers: ['jointspace_arm_L_controller']
[INFO] [1783323062.192569771] [XARM_manager]: Sending goal to action server /jointspace_arm_L_controller/jointspace (attempt 1/3):
eai_manipulator_msgs.action.JointSpace_Goal(target_positions=[-1.4525, 0.5845, -1.455, -1.87, 0.7456999999999999, -0.14179999999999998, 0.09315])
[INFO] [1783323062.193557039] [XARM_manager]: Goal accepted. Waiting for result...
[INFO] [1783323064.717002720] [XARM_manager]: Action result received from /jointspace_arm_L_controller/jointspace
[INFO] [1783323064.717255766] [XARM_manager]: Action result: eai_manipulator_msgs.action.JointSpace_Result(success=True, result_msg='action finished')
[GRASP-EXEC] ELBOW-HIGH: transition(return) move result: eai_manipulator_msgs.action.JointSpace_Result(success=True, result_msg='action finished')
[GRASP-EXEC] PRE-HOME WAYPOINT: left -> joints=['0.000', '1.180', '0.000', '-1.300', '1.400', '-0.130', '0.180']
[INFO] [1783323064.721756057] [XARM_manager]: Sending goal to action server /jointspace_arm_L_controller/jointspace (attempt 1/3):
eai_manipulator_msgs.action.JointSpace_Goal(target_positions=[0.0, 1.18, 0.0, -1.3, 1.4, -0.13, 0.18])
[INFO] [1783323064.724256785] [XARM_manager]: Goal accepted. Waiting for result...
[INFO] [1783323066.580050740] [XARM_manager]: Action result received from /jointspace_arm_L_controller/jointspace
[INFO] [1783323066.580315332] [XARM_manager]: Action result: eai_manipulator_msgs.action.JointSpace_Result(success=True, result_msg='action finished')
[GRASP-EXEC] pre-home waypoint result: eai_manipulator_msgs.action.JointSpace_Result(success=True, result_msg='action finished')
[GRASP-EXEC] RETURN HOME: left -> joints=['0.000', '1.180', '0.000', '-1.300', '1.400', '-0.130', '0.180']
[INFO] [1783323066.583268717] [XARM_manager]: Sending goal to action server /jointspace_arm_L_controller/jointspace (attempt 1/3):
eai_manipulator_msgs.action.JointSpace_Goal(target_positions=[0.0, 1.18, 0.0, -1.3, 1.4, -0.13, 0.18])
[INFO] [1783323066.585053195] [XARM_manager]: Goal accepted. Waiting for result...
[INFO] [1783323066.589521202] [XARM_manager]: Action result received from /jointspace_arm_L_controller/jointspace
[INFO] [1783323066.589747032] [XARM_manager]: Action result: eai_manipulator_msgs.action.JointSpace_Result(success=True, result_msg='action finished')
[GRASP-EXEC] return home result: eai_manipulator_msgs.action.JointSpace_Result(success=True, result_msg='action finished')
{
  "arm": "left",
  "pipeline_version": "accelerated",
  "motion_strategy": "qp_all",
  "dry_run": false,
  "motion": {
    "detected_pose7": [
      0.20126975132920216,
      0.2540406135095535,
      -0.045018965876409675,
      0.00558568748483434,
      -0.7311390074629052,
      -0.0707527306337828,
      0.6785267886895423
    ],
    "approach_pose7": [
      0.4625234656330521,
      0.4036958613148148,
      0.2679816094088535,
      -0.15667722077226676,
      0.31674620640825113,
      0.8723161078168742,
      0.3379181813106238
    ],
    "grasp_pose7": [
      0.46963652836931924,
      0.4036958613148148,
      0.1779518279967591,
      -0.15667722077226676,
      0.31674620640825113,
      0.8723161078168742,
      0.3379181813106238
    ],
    "lift_pose7": [
      0.46963652836931924,
      0.4036958613148148,
      0.2979518279967591,
      -0.2691969253945464,
      0.26992922521470814,
      0.8444028415536183,
      0.3763709206478171
    ],
    "pre_home_pose7": [
      0.28963652836931925,
      0.30369586131481474,
      0.3479518279967591,
      -0.2691969253945464,
      0.26992922521470814,
      0.8444028415536183,
      0.3763709206478171
    ],
    "grasp_xyz_offset_m": [
      0.02,
      0.0,
      0.005
    ],
    "grasp_quat": [
      -0.15667722077226676,
      0.31674620640825113,
      0.8723161078168742,
      0.3379181813106238
    ],
    "use_fixed_grasp_quat": true,
    "phase_backends": {
      "approach": "qp_stream",
      "grasp": "qp_stream",
      "lift": "qp_stream"
    },
    "joint_limits_used": {
      "shoulder_pitch": [
        -2.96,
        2.96
      ],
      "shoulder_roll": [
        -0.262,
        2.616
      ],
      "shoulder_yaw": [
        -2.96,
        2.96
      ],
      "elbow_pitch": [
        -2.61,
        0.261
      ],
      "elbow_yaw": [
        -2.96,
        2.96
      ],
      "wrist_pitch": [
        -0.785,
        1.05
      ],
      "wrist_roll": [
        -1.65,
        1.3
      ]
    },
    "elbow_high_proactive_used": true,
    "elbow_high_orientation": "seed",
    "approach_tcp_tracking": {
      "commanded_xyz": [
        0.4625234656330521,
        0.4036958613148148,
        0.2679816094088535
      ],
      "achieved_xyz": [
        0.45059328308964963,
        0.388797865841641,
        0.2621590524561717
      ],
      "error_mm": [
        -11.930182543402445,
        -14.897995473173776,
        -5.822556952681801
      ],
      "error_norm_mm": 19.954490574926584,
      "achieved_quat": [
        -0.15407678468993477,
        0.329799443018119,
        0.8667466736709545,
        0.34094409436868994
      ],
      "approach_axis_tilt_deg": 47.30597767379639,
      "commanded_approach_axis_tilt_deg": 48.61188044579377,
      "orientation_error_deg": 1.689314096600077
    },
    "approach_joint_limits": {
      "closest": {
        "joint": "wrist_roll",
        "value": 1.1859,
        "lower": -1.65,
        "upper": 1.3,
        "dist_to_limit": 0.1141,
        "nearest_side": "upper"
      },
      "breached": [],
      "margin_rad": 0.05
    },
    "compliant_insert": {
      "ok": true,
      "contact": true,
      "reason": "contact",
      "resist_n": 1.840337784936842,
      "traveled_m": 0.015122151435735578,
      "planned_depth_m": 0.02297624385053346,
      "ft_topic": "/arm_6dof_left",
      "calib_path": "/home/ubuntu/niu/compliant_grasp_execute/ft_calibration/ft_calibration_left.json",
      "calib_present": true,
      "commanded_m": 0.04297624385053346,
      "throttle_events": 0,
      "contact_kind": "force"
    },
    "grasp_tcp_tracking": {
      "commanded_xyz": [
        0.46963652836931924,
        0.4036958613148148,
        0.1779518279967591
      ],
      "achieved_xyz": [
        0.4641685382003789,
        0.3912870912486772,
        0.18373108108307173
      ],
      "error_mm": [
        -5.467990168940339,
        -12.408770066137553,
        5.779253086312636
      ],
      "error_norm_mm": 14.740293663206092,
      "achieved_quat": [
        -0.11584082979102342,
        0.3258744663528552,
        0.8772906654111029,
        0.33278795458236354
      ],
      "approach_axis_tilt_deg": 49.53243270316695,
      "commanded_approach_axis_tilt_deg": 48.61188044579377,
      "orientation_error_deg": 4.864775516609527
    },
    "grasp_joint_limits": {
      "closest": {
        "joint": "wrist_roll",
        "value": 1.2569,
        "lower": -1.65,
        "upper": 1.3,
        "dist_to_limit": 0.0431,
        "nearest_side": "upper"
      },
      "breached": [],
      "margin_rad": 0.05
    },
    "lift_joint_limits": {
      "closest": {
        "joint": "wrist_roll",
        "value": 1.2371,
        "lower": -1.65,
        "upper": 1.3,
        "dist_to_limit": 0.0629,
        "nearest_side": "upper"
      },
      "breached": [],
      "margin_rad": 0.05
    },
    "retract_ok": null,
    "return_home_ok": true,
    "released_on_finish_ok": null,
    "approach_ok": true,
    "grasp_ok": true,
    "lift_ok": true
  },
  "detection": {
    "class_name": "remote-control",
    "pose_head_roll_link": [
      0.744102944535256,
      0.23346489052393463,
      -0.19024607170971017,
      -0.3349077353895838,
      0.22324675579564598,
      0.8121487810883901,
      -0.4223885085789883
    ],
    "pose_tip_waist_yaw_link_rpy": {
      "x": 0.46540381743471143,
      "y": 0.22853651081487694,
      "z": -0.026614187466716843,
      "roll": 0.1508519111413322,
      "pitch": 0.007042654313561325,
      "yaw": -2.166998184715072
    },
    "pose_tip_used_for_tcp_conversion_rpy": {
      "x": 0.46540381743471143,
      "y": 0.22853651081487694,
      "z": -0.026614187466716843,
      "roll": 2.1280393598790126,
      "pitch": -1.4395870130655748,
      "yaw": -2.2204310176095254
    },
    "pose_tcp_waist_yaw_link_rpy": {
      "x": 0.20126975132920216,
      "y": 0.2540406135095535,
      "z": -0.045018965876409675,
      "roll": 2.1280393598790126,
      "pitch": -1.4395870130655748,
      "yaw": -2.2204310176095254
    },
    "pose_tcp_waist_yaw_link_pose7": [
      0.20126975132920216,
      0.2540406135095535,
      -0.045018965876409675,
      0.00558568748483434,
      -0.7311390074629052,
      -0.0707527306337828,
      0.6785267886895423
    ],
    "current_tcp_pose7": [
      0.35168851558749636,
      -0.5953401157115065,
      0.2749013098649076,
      0.00558568748483434,
      -0.7311390074629052,
      -0.0707527306337828,
      0.6785267886895423
    ],
    "tcp_minus_tip_waist_m": [
      -0.26413406610550927,
      0.02550410269467654,
      -0.018404778409692832
    ],
    "tcp_to_tip_offset_m": [
      0.0,
      0.0,
      -0.266
    ],
    "orientation_policy": "current",
    "use_current_tcp_rotation": true,
    "rotation_source_arm": "right",
    "bbox_2d": [
      335.0128479003906,
      376.01605224609375,
      511.0592956542969,
      503.09027099609375
    ],
    "bbox_3d": {
      "min": [
        0.7024172699609045,
        0.15221711535899682,
        -0.24032768358517873
      ],
      "max": [
        0.7988038556591689,
        0.31877530433009565,
        -0.1468390360662037
      ],
      "center": [
        0.7506105628100367,
        0.23549620984454622,
        -0.1935833598256912
      ],
      "size": [
        0.09638658569826442,
        0.16655818897109884,
        0.09348864751897504
      ]
    },
    "object_long_axis_waist": [
      -0.5614897413277219,
      -0.8274537281467542,
      -0.007042596095627281
    ],
    "object_long_axis_yaw_waist_deg": 55.84014980331558,
    "object_angle_from_waist_x_deg": 55.84014980331559
  },
  "gripper": {
    "open_ok": true,
    "close_ok": true,
    "final_pos_pct": 90.0,
    "backend": "modbus_rtu"
  },
  "ok": true
}
[GRASP-EXEC] saved result json: /tmp/grasp_exec.json
[GRASP-EXEC] saved handoff: /tmp/grasp_handoff.json (arm=left holding=True)

这个遥控器斜放，没抓到。