[日志] 日志文件: logs/grasp/grasp_260706_152749.log
[日志] 执行命令: python3 -m compliant_grasp_execute.main
[INFO] [1783322870.395691893] [XARM_manager]: waiting for service /controller_manager/get_parameters to become available...
[INFO] [1783322870.902667335] [XARM_manager]: XARM_manager initialized, robot_type: tianyi2, run_type: real
[INFO] [1783322870.908500324] [XARM_manager]: 已订阅关节状态话题: /joint_states
[INFO] [1783322870.912881666] [XARM_manager]: 已订阅警告和错误信息话题: /manipulator/warn_and_error_info
[INFO] [1783322870.922028807] [XARM_manager]: /joint_action_report 服务已启动
[CONFIG] loaded 198 params from /home/ubuntu/niu/compliant_grasp_execute/config.yaml
[GRASP-EXEC] STARTUP: enabling arms and moving BOTH to home posture
[INFO] [1783322877.359719983] [XARM_manager]: Deactivated controllers: ['jointspace_arm_L_controller']
[GRASP-EXEC] STARTUP: left -> home joints=['0.000', '1.180', '0.000', '-1.300', '1.400', '-0.130', '0.180']
[INFO] [1783322877.382911303] [XARM_manager]: Activated controllers: ['jointspace_arm_L_controller']
[INFO] [1783322877.397493558] [XARM_manager]: Sending goal to action server /jointspace_arm_L_controller/jointspace (attempt 1/3):
eai_manipulator_msgs.action.JointSpace_Goal(target_positions=[0.0, 1.18, 0.0, -1.3, 1.4, -0.13, 0.18])
[INFO] [1783322877.399021180] [XARM_manager]: Goal accepted. Waiting for result...
[INFO] [1783322877.504434831] [XARM_manager]: Action result received from /jointspace_arm_L_controller/jointspace
[INFO] [1783322877.504891415] [XARM_manager]: Action result: eai_manipulator_msgs.action.JointSpace_Result(success=True, result_msg='action finished')
[GRASP-EXEC] STARTUP: right -> home joints=['0.000', '-1.180', '0.000', '-1.300', '-1.400', '-0.130', '0.180']
[INFO] [1783322877.517767045] [XARM_manager]: Activated controllers: ['jointspace_arm_R_controller']
[INFO] [1783322877.530531244] [XARM_manager]: Sending goal to action server /jointspace_arm_R_controller/jointspace (attempt 1/3):
eai_manipulator_msgs.action.JointSpace_Goal(target_positions=[0.0, -1.18, 0.0, -1.3, -1.4, -0.13, 0.18])
[INFO] [1783322877.532638640] [XARM_manager]: Goal accepted. Waiting for result...
[INFO] [1783322877.654242735] [XARM_manager]: Action result received from /jointspace_arm_R_controller/jointspace
[INFO] [1783322877.654689551] [XARM_manager]: Action result: eai_manipulator_msgs.action.JointSpace_Result(success=True, result_msg='action finished')
[GRASP-EXEC] STARTUP: activating both grippers (open/close cycle)
[robotiq_api] gripper already activated (gSTA==3); skip resetActivate()
[GRASP-EXEC] STARTUP: gripper 'left' activated
[robotiq_api] gripper already activated (gSTA==3); skip resetActivate()
[GRASP-EXEC] STARTUP: gripper 'right' activated
perception health check pass
[object_pose] RGB (720, 1280, 3), depth (720, 1280), valid-depth pixels: 904242/921600 (median valid depth 1.198 m)
[GRASP-EXEC] ARM-SELECT: object waist Y=+0.288m (y >= boundary 0.000) -> 'left' arm
[GRASP-EXEC] diagonal schedule: angle-from-X=78.68594147691478deg -> tilt_scale=0.50, yaw_clamp=45.0deg (freed wrist_pitch, raised jaw alignment)
[GRASP-EXEC] reach tilt reduction: object |Y|=0.288m -> tilt_scale=0.40 (backed the side-tilt off so the elbow can extend to a far-outboard object instead of folding into its stop)
[GRASP-EXEC] applied grasp tilt +9.0deg about waist Y (tilt scale 1.00 x diag 0.50 x reach 0.40) -> quat=['-0.4272', '0.5016', '0.5724', '-0.4881']
[GRASP-EXEC] continuous orientation: object long-axis yaw -78.7deg (angle-from-X 78.7deg); applied continuous yaw -45.0deg about waist Z (gain=1.00, clamp +/-45deg) -> quat=['-0.2027', '0.6269', '0.7156', '-0.2320']
[GRASP-EXEC] recomputed TCP along final quat: detected_tcp_xyz=['0.2221', '0.3133', '-0.0424'] -> consistent_tcp_xyz=['0.3317', '0.5014', '0.0112']
[GRASP-EXEC] approach lateral clamp: approach Y +0.5978 -> +0.5014 (= grasp Y); tool_z outboard component would have pushed the standoff further from center than the grasp, which folds the elbow into its stop at far-outboard reaches.
[GRASP-EXEC] approach along grasp axis: dist=0.120m tool_z=[-0.581,0.803,0.132] approach_xyz=['0.2820', '0.5014', '0.0320']
[GRASP-EXEC] applied lift tilt -15.0deg about waist Y -> lift quat=['-0.2944', '0.6518', '0.6830', '-0.1481']
[GRASP-EXEC] detected class=remote-control detected_pose7=['0.2221', '0.3133', '-0.0424', '0.0056', '-0.7313', '-0.0707', '0.6784'] -> motion grasp_pose7=['0.3517', '0.5014', '0.0162', '-0.2027', '0.6269', '0.7156', '-0.2320']
[INFO] [1783322881.278652191] [XARM_manager]: Deactivated controllers: ['jointspace_arm_L_controller', 'jointspace_arm_R_controller']
[GRASP-EXEC] arms enabled (mode 3) [took 0.03s]
[JOINT-LIMIT] left: using live controller limits from endpose_single_arm_qp_L_controller
[GRASP-EXEC] joint-limit guard ON (margin 0.050 rad) arm=left
[GRASP-EXEC] gripper: connecting in background (overlaps arm enable + approach to hide the slow serial open; --no-gripper-async-connect for the old blocking behaviour)
[GRASP-EXEC] ARM: approach via qp_stream
[GRASP-EXEC] ELBOW-HIGH (proactive): object long axis ~parallel to body (angle-from-X=78.68594147691478 >= 45.0deg); the elbow-high seed's fore-aft jaws match a parallel object's short axis; reconfiguring to elbow-high seed before approach.
[GRASP-EXEC] elbow-high seed ready/left: clamped 1 joint(s) inward (margin 0.05rad): shoulder_yaw -2.964->-2.910 [-2.960,2.960]
[GRASP-EXEC] ELBOW-HIGH: reconfiguring left arm into elbow-high seed (jointspace, via transition waypoint). NOTE: jointspace moves run at the controller's own speed; watch the first reconfiguration for table/body clearance.
[GRASP-EXEC] gripper: arm='left' -> stable by-id port /dev/serial/by-id/usb-FTDI_FT231X_USB_UART_DU0E2IPR-if00-port0
[GRASP-EXEC] ELBOW-HIGH: left -> transition joints=['-1.452', '0.585', '-1.455', '-1.870', '0.746', '-0.142', '0.093']
[INFO] [1783322881.325300615] [XARM_manager]: Activated controllers: ['jointspace_arm_L_controller']
[INFO] [1783322881.326103999] [XARM_manager]: Sending goal to action server /jointspace_arm_L_controller/jointspace (attempt 1/3):
eai_manipulator_msgs.action.JointSpace_Goal(target_positions=[-1.4525, 0.5845, -1.455, -1.87, 0.7456999999999999, -0.14179999999999998, 0.09315])
[INFO] [1783322881.327730901] [XARM_manager]: Goal accepted. Waiting for result...
[robotiq_api] gripper already activated (gSTA==3); skip resetActivate()
[GRASP-EXEC] gripper: cached serial port /dev/serial/by-id/usb-FTDI_FT231X_USB_UART_DU0E2IPR-if00-port0 -> /tmp/robotiq_gripper_port.txt
[GRASP-EXEC] gripper controller ready: backend=modbus_rtu port=auto slave=9 (wait_timeout=8.0s) [connect took 0.04s]
[INFO] [1783322883.190710309] [XARM_manager]: Action result received from /jointspace_arm_L_controller/jointspace
[INFO] [1783322883.190955117] [XARM_manager]: Action result: eai_manipulator_msgs.action.JointSpace_Result(success=True, result_msg='action finished')
[GRASP-EXEC] ELBOW-HIGH: transition move result: eai_manipulator_msgs.action.JointSpace_Result(success=True, result_msg='action finished')
[GRASP-EXEC] ELBOW-HIGH: left -> ready joints=['-2.905', '-0.011', '-2.910', '-2.440', '0.091', '-0.154', '0.006']
[INFO] [1783322883.194579886] [XARM_manager]: Sending goal to action server /jointspace_arm_L_controller/jointspace (attempt 1/3):
eai_manipulator_msgs.action.JointSpace_Goal(target_positions=[-2.905, -0.011, -2.91, -2.44, 0.0914, -0.1536, 0.0063])
[INFO] [1783322883.196640507] [XARM_manager]: Goal accepted. Waiting for result...
[INFO] [1783322885.055596607] [XARM_manager]: Action result received from /jointspace_arm_L_controller/jointspace
[INFO] [1783322885.055850673] [XARM_manager]: Action result: eai_manipulator_msgs.action.JointSpace_Result(success=True, result_msg='action finished')
[GRASP-EXEC] ELBOW-HIGH: ready move result: eai_manipulator_msgs.action.JointSpace_Result(success=True, result_msg='action finished')
[JOINT-LIMIT] left closest-to-limit: shoulder_pitch=-2.7906 [-2.96,2.96] dist=0.1694rad
[GRASP-EXEC] continuous orientation: object long-axis yaw -78.7deg (angle-from-X 78.7deg); applied continuous yaw +21.1deg about waist Z (gain=1.00, clamp +/-90deg) [top-down jaw-align: base jaw heading +170.2deg -> short-axis +11.3deg] -> quat=['-0.2645', '0.2392', '0.9339', '-0.0243']
[GRASP-EXEC] recomputed TCP along final quat: detected_tcp_xyz=['0.2221', '0.3133', '-0.0424'] -> consistent_tcp_xyz=['0.3518', '0.4032', '0.1745']
[GRASP-EXEC] approach lateral clamp: approach Y +0.4553 -> +0.4032 (= grasp Y); tool_z outboard component would have pushed the standoff further from center than the grasp, which folds the elbow into its stop at far-outboard reaches.
[GRASP-EXEC] approach along grasp axis: dist=0.120m tool_z=[-0.506,0.434,0.746] approach_xyz=['0.3111', '0.4032', '0.2689']
[GRASP-EXEC] applied lift tilt -15.0deg about waist Y -> lift quat=['-0.3841', '0.2403', '0.8914', '0.0072']
[GRASP-EXEC] ELBOW-HIGH: using SEED grasp orientation (proactive); rebuilt grasp/approach/lift poses. The seed-anchored mode keeps the orientation the arm is already in, so the approach only translates and the wrist stays in range.
[GRASP-EXEC] ELBOW-HIGH QP joint window set on endpose_single_arm_qp_L_controller (flex 0.40rad, drop 0.15rad): shoulder_pitch[-2.96,-2.64], shoulder_roll[-0.01,0.54], shoulder_yaw[-2.96,-2.41], elbow_pitch[-2.61,-2.14], elbow_yaw[0.00,0.55]. Asymmetric: tight on the drop side so the elbow is actually held high; loose on the flex side so the arm can still reach.
[GRASP-EXEC] ELBOW-HIGH: wrist guard margin relaxed to 0.010rad (from 0.050) so the nose-down grasp can reach wrist_pitch~-0.71 (still inside the -0.785 stop). Other joints keep the full margin.
[INFO] [1783322885.081456613] [XARM_manager]: Deactivated controllers: ['jointspace_arm_L_controller']
[INFO] [1783322885.091033450] [XARM_manager]: Activated controllers: ['endpose_single_arm_qp_L_controller']
[GRASP-EXEC] QP-Stream left -> approach (pure-pursuit): pos=36.0cm rot=24.4deg, lookahead=13cm @ 50Hz, pos_tol=2.0cm accept=2.5cm keep_ori=False
[GRASP-EXEC] approach TCP tracking: commanded=[0.3111,0.4032,0.2689] achieved=[0.3034,0.4040,0.2514] err=[-7.7,+0.9,-17.5]mm |err|=19.1mm approach-axis tilt: achieved=+51.3deg commanded=+48.2deg (0=level) ori-err=3.6deg
[JOINT-LIMIT] left closest-to-limit: wrist_pitch=-0.7624 [-0.785,1.05] dist=0.0226rad
[JOINT-LIMIT] left approach per-joint: shoulder_pitch=-0.157[-2.96,+2.96](2.803) shoulder_roll=+1.473[-0.26,+2.62](1.143) shoulder_yaw=-0.355[-2.96,+2.96](2.605) elbow_pitch=-1.880[-2.61,+0.26](0.730) elbow_yaw=-0.974[-2.96,+2.96](1.986) wrist_pitch=-0.762[-0.79,+1.05](0.023) wrist_roll=-0.210[-1.65,+1.30](1.440)
[GRASP-EXEC] GRIPPER: open (after approach, before grasp insert)
[GRASP-EXEC] gripper already open enough: 1% (skip open command)
[GRASP-EXEC] ARM: HYBRID pre-descent (position QP-stream) -> 6.9cm, leaving final 3.0cm for F/T compliant descend-to-contact
[GRASP-EXEC] QP-Stream left -> pre-grasp (pure-pursuit): pos=6.9cm rot=0.0deg, lookahead=8cm @ 50Hz, pos_tol=1.0cm accept=2.5cm keep_ori=True
[GRASP-EXEC] ARM: COMPLIANT insert to grasp pose (F/T admittance descend-to-contact)
[INFO] [1783322892.280420662] [XARM_manager]: [COMPLIANT-LEFT] Loaded F/T calibration from /home/ubuntu/niu/compliant_grasp_execute/ft_calibration/ft_calibration_left.json
[INFO] [1783322892.301351165] [XARM_manager]: [COMPLIANT-LEFT] target set: p=[0.3524307611722864, 0.40361354707545205, 0.20966491435447845] q=[-0.24594623987664463, 0.23399325432046306, 0.9402296516473425, -0.026940790377715466]
[INFO] [1783322892.302102726] [XARM_manager]: [COMPLIANT-LEFT] seeded QP target at captured pose (z=+0.2097).
[INFO] [1783322892.303684490] [XARM_manager]: [COMPLIANT-LEFT] admittance loop starting (calibrating force offset; keep hands off the arm briefly)...
[INFO] [1783322892.637334480] [XARM_manager]: [COMPLIANT-LEFT] runtime offset calibrated. p_ref=[0.3524307611722864, 0.40361354707545205, 0.20966491435447845], ready.
[COMPLIANT-INSERT] runtime force-offset calibrated in 0.35s
[INFO] [1783322892.654032001] [XARM_manager]: [COMPLIANT-LEFT] gains updated: B=[3.9597979746446663, 5.6, 3.9597979746446663] K=[20.0, 40.0, 20.0] B_rot=[0.5, 0.5, 0.5] K_rot=[0.0, 0.0, 0.0]
[COMPLIANT-INSERT] insertion dir=[+0.54,-0.01,-0.84] planned_depth=3.6cm soft_axes=xz K=[20.0, 40.0, 20.0] B=[3.96, 5.6, 3.96] contact_thresh=1.5N
[COMPLIANT-INSERT] ABORT joint-limit guard - 'wrist_pitch'=-0.7759 within 0.010rad of limit; holding compliant pose
[COMPLIANT-INSERT] insert aborted by joint-limit guard after tcp_drop 0.1cm
[GRASP-EXEC] grasp TCP tracking: commanded=[0.3718,0.4032,0.1795] achieved=[0.3523,0.4037,0.2087] err=[-19.5,+0.5,+29.2]mm |err|=35.1mm approach-axis tilt: achieved=+50.5deg commanded=+48.2deg (0=level) ori-err=2.6deg
[JOINT-LIMIT] left closest-to-limit: wrist_pitch=-0.7759 [-0.785,1.05] dist=0.0091rad  BREACHED(<= 0.05): wrist_pitch
[JOINT-LIMIT] left grasp per-joint: shoulder_pitch=-0.622[-2.96,+2.96](2.338) shoulder_roll=+1.279[-0.26,+2.62](1.337) shoulder_yaw=-0.828[-2.96,+2.96](2.132) elbow_pitch=-1.659[-2.61,+0.26](0.951) elbow_yaw=-1.127[-2.96,+2.96](1.833) wrist_pitch=-0.776[-0.79,+1.05](0.009) wrist_roll=-0.155[-1.65,+1.30](1.455)
[GRASP-EXEC] grasp insert failed to reach target; retrying with reduced long-axis alignment (yaw scale 0.50)
[GRASP-EXEC] continuous orientation: object long-axis yaw -78.7deg (angle-from-X 78.7deg); applied continuous yaw +7.1deg about waist Z (gain=1.00, clamp +/-90deg x scale 0.50) [top-down jaw-align: base jaw heading +177.1deg -> short-axis +11.3deg] -> quat=['-0.3011', '0.3479', '0.8838', '0.0852']
[GRASP-EXEC] recomputed TCP along final quat: detected_tcp_xyz=['0.2221', '0.3133', '-0.0424'] -> consistent_tcp_xyz=['0.3605', '0.4650', '0.1295']
[GRASP-EXEC] ELBOW-HIGH seed retry: yaw scale 0.50
[GRASP-EXEC] approach lateral clamp: approach Y +0.5449 -> +0.4650 (= grasp Y); tool_z outboard component would have pushed the standoff further from center than the grasp, which folds the elbow into its stop at far-outboard reaches.
[GRASP-EXEC] approach along grasp axis: dist=0.120m tool_z=[-0.473,0.666,0.577] approach_xyz=['0.3237', '0.4650', '0.2037']
[GRASP-EXEC] applied lift tilt -15.0deg about waist Y -> lift quat=['-0.4139', '0.3338', '0.8369', '0.1299']
[GRASP-EXEC] QP-Stream left -> approach (pure-pursuit): pos=6.8cm rot=20.7deg, lookahead=13cm @ 50Hz, pos_tol=2.0cm accept=2.5cm keep_ori=False
[GRASP-EXEC] QP-Stream approach: ABORT joint-limit guard - 'wrist_pitch'=-0.776 within 0.010rad of limit [-0.785,1.05] (side=lower); holding pose to avoid the hard stop
[GRASP-EXEC] approach TCP tracking: commanded=[0.3237,0.4650,0.2037] achieved=[0.3526,0.4045,0.2071] err=[+28.9,-60.5,+3.4]mm |err|=67.1mm approach-axis tilt: achieved=+50.9deg commanded=+35.2deg (0=level) ori-err=21.0deg
[JOINT-LIMIT] left closest-to-limit: wrist_pitch=-0.776 [-0.785,1.05] dist=0.009rad  BREACHED(<= 0.05): wrist_pitch
[JOINT-LIMIT] left approach per-joint: shoulder_pitch=-0.620[-2.96,+2.96](2.340) shoulder_roll=+1.277[-0.26,+2.62](1.339) shoulder_yaw=-0.827[-2.96,+2.96](2.133) elbow_pitch=-1.656[-2.61,+0.26](0.954) elbow_yaw=-1.133[-2.96,+2.96](1.827) wrist_pitch=-0.776[-0.79,+1.05](0.009) wrist_roll=-0.158[-1.65,+1.30](1.458)
[INFO] [1783322892.868789895] [XARM_manager]: [COMPLIANT-LEFT] admittance loop stopped.
[JOINT-LIMIT] left closest-to-limit: wrist_pitch=-0.776 [-0.785,1.05] dist=0.009rad  BREACHED(<= 0.05): wrist_pitch
[JOINT-LIMIT] left lift per-joint: shoulder_pitch=-0.620[-2.96,+2.96](2.340) shoulder_roll=+1.277[-0.26,+2.62](1.339) shoulder_yaw=-0.827[-2.96,+2.96](2.133) elbow_pitch=-1.656[-2.61,+0.26](0.954) elbow_yaw=-1.133[-2.96,+2.96](1.827) wrist_pitch=-0.776[-0.79,+1.05](0.009) wrist_roll=-0.158[-1.65,+1.30](1.458)
[GRASP-EXEC] ELBOW-HIGH QP joint limits restored on endpose_single_arm_qp_L_controller (back to hard limits).
[GRASP-EXEC] ELBOW-HIGH: wrist guard margin restored to full.
[INFO] [1783322892.890697204] [XARM_manager]: Deactivated controllers: ['endpose_single_arm_qp_L_controller']
[GRASP-EXEC] elbow-high seed ready/left: clamped 1 joint(s) inward (margin 0.05rad): shoulder_yaw -2.964->-2.910 [-2.960,2.960]
[GRASP-EXEC] ELBOW-HIGH: returning via transition waypoint before home (bridges elbow-high -> elbow-low without a large sweep).
[GRASP-EXEC] ELBOW-HIGH: left -> transition(return) joints=['-1.452', '0.585', '-1.455', '-1.870', '0.746', '-0.142', '0.093']
[INFO] [1783322892.909401678] [XARM_manager]: Activated controllers: ['jointspace_arm_L_controller']
[INFO] [1783322892.910157885] [XARM_manager]: Sending goal to action server /jointspace_arm_L_controller/jointspace (attempt 1/3):
eai_manipulator_msgs.action.JointSpace_Goal(target_positions=[-1.4525, 0.5845, -1.455, -1.87, 0.7456999999999999, -0.14179999999999998, 0.09315])
[INFO] [1783322892.911386039] [XARM_manager]: Goal accepted. Waiting for result...
[INFO] [1783322895.096798654] [XARM_manager]: Action result received from /jointspace_arm_L_controller/jointspace
[INFO] [1783322895.097199813] [XARM_manager]: Action result: eai_manipulator_msgs.action.JointSpace_Result(success=True, result_msg='action finished')
[GRASP-EXEC] ELBOW-HIGH: transition(return) move result: eai_manipulator_msgs.action.JointSpace_Result(success=True, result_msg='action finished')
[GRASP-EXEC] RETURN HOME: left -> joints=['0.000', '1.180', '0.000', '-1.300', '1.400', '-0.130', '0.180']
[INFO] [1783322895.100173729] [XARM_manager]: Sending goal to action server /jointspace_arm_L_controller/jointspace (attempt 1/3):
eai_manipulator_msgs.action.JointSpace_Goal(target_positions=[0.0, 1.18, 0.0, -1.3, 1.4, -0.13, 0.18])
[INFO] [1783322895.101712475] [XARM_manager]: Goal accepted. Waiting for result...
[INFO] [1783322896.958799795] [XARM_manager]: Action result received from /jointspace_arm_L_controller/jointspace
[INFO] [1783322896.959036171] [XARM_manager]: Action result: eai_manipulator_msgs.action.JointSpace_Result(success=True, result_msg='action finished')
[GRASP-EXEC] return home result: eai_manipulator_msgs.action.JointSpace_Result(success=True, result_msg='action finished')
{
  "arm": "left",
  "pipeline_version": "accelerated",
  "motion_strategy": "qp_all",
  "dry_run": false,
  "motion": {
    "detected_pose7": [
      0.22214630005980146,
      0.31325639453564724,
      -0.04237814900063311,
      0.005566349191323929,
      -0.7312716523424114,
      -0.07070835591042172,
      0.6783886162381596
    ],
    "approach_pose7": [
      0.3237094688017391,
      0.464959320161207,
      0.20371412472007974,
      -0.30111830246203447,
      0.3478591535691042,
      0.8837770491011762,
      0.08520507427722024
    ],
    "grasp_pose7": [
      0.3804651679447117,
      0.464959320161207,
      0.13451689819194312,
      -0.30111830246203447,
      0.3478591535691042,
      0.8837770491011762,
      0.08520507427722024
    ],
    "lift_pose7": [
      0.3804651679447117,
      0.464959320161207,
      0.2545168981919431,
      -0.41389824663223895,
      0.33376167638469934,
      0.8369123885033356,
      0.12988086379938918
    ],
    "pre_home_pose7": [
      0.2004651679447117,
      0.364959320161207,
      0.3045168981919431,
      -0.41389824663223895,
      0.33376167638469934,
      0.8369123885033356,
      0.12988086379938918
    ],
    "grasp_xyz_offset_m": [
      0.02,
      0.0,
      0.005
    ],
    "grasp_quat": [
      -0.30111830246203447,
      0.3478591535691042,
      0.8837770491011762,
      0.08520507427722024
    ],
    "use_fixed_grasp_quat": true,
    "phase_backends": {
      "approach": "qp_stream",
      "grasp": "qp_stream",
      "lift": "qp_stream"
    },
    "joint_limits_used": {
      "shoulder_pitch": [
        -2.96,
        2.96
      ],
      "shoulder_roll": [
        -0.262,
        2.616
      ],
      "shoulder_yaw": [
        -2.96,
        2.96
      ],
      "elbow_pitch": [
        -2.61,
        0.261
      ],
      "elbow_yaw": [
        -2.96,
        2.96
      ],
      "wrist_pitch": [
        -0.785,
        1.05
      ],
      "wrist_roll": [
        -1.65,
        1.3
      ]
    },
    "elbow_high_proactive_used": true,
    "elbow_high_orientation": "seed",
    "approach_tcp_tracking": {
      "commanded_xyz": [
        0.3237094688017391,
        0.464959320161207,
        0.20371412472007974
      ],
      "achieved_xyz": [
        0.3525664938647251,
        0.4044903384979147,
        0.2071151706271182
      ],
      "error_mm": [
        28.857025062985986,
        -60.46898166329229,
        3.4010459070384638
      ],
      "error_norm_mm": 67.08794789038612,
      "achieved_quat": [
        -0.24380821961279872,
        0.22942946904390016,
        0.9418592945841086,
        -0.02864855998121056
      ],
      "approach_axis_tilt_deg": 50.881192264365325,
      "commanded_approach_axis_tilt_deg": 35.21481274989065,
      "orientation_error_deg": 21.04900580567556
    },
    "approach_joint_limits": {
      "closest": {
        "joint": "wrist_pitch",
        "value": -0.776,
        "lower": -0.785,
        "upper": 1.05,
        "dist_to_limit": 0.009,
        "nearest_side": "lower"
      },
      "breached": [
        {
          "joint": "wrist_pitch",
          "value": -0.776,
          "lower": -0.785,
          "upper": 1.05,
          "dist_to_limit": 0.009,
          "nearest_side": "lower"
        }
      ],
      "margin_rad": 0.05
    },
    "compliant_insert": {
      "ok": false,
      "contact": false,
      "reason": "joint_limit_abort",
      "resist_n": 0.1409854714334741,
      "traveled_m": 0.000790152698404168,
      "planned_depth_m": 0.03585785688708233,
      "ft_topic": "/arm_6dof_left",
      "calib_path": "/home/ubuntu/niu/compliant_grasp_execute/ft_calibration/ft_calibration_left.json",
      "calib_present": true,
      "commanded_m": 0.032499999999999994,
      "throttle_events": 0
    },
    "grasp_tcp_tracking": {
      "commanded_xyz": [
        0.3717699735874873,
        0.40319130636235684,
        0.17947215899041105
      ],
      "achieved_xyz": [
        0.3523164058125711,
        0.4036955484801015,
        0.20865211015911722
      ],
      "error_mm": [
        -19.45356777491619,
        0.5042421177446355,
        29.179951168706168
      ],
      "error_norm_mm": 35.073709662575496,
      "achieved_quat": [
        -0.24385611838217286,
        0.23336867796361832,
        0.9408854096973331,
        -0.02842357281860254
      ],
      "approach_axis_tilt_deg": 50.54703657560468,
      "commanded_approach_axis_tilt_deg": 48.21481274989065,
      "orientation_error_deg": 2.6275542003372854
    },
    "grasp_joint_limits": {
      "closest": {
        "joint": "wrist_pitch",
        "value": -0.7759,
        "lower": -0.785,
        "upper": 1.05,
        "dist_to_limit": 0.0091,
        "nearest_side": "lower"
      },
      "breached": [
        {
          "joint": "wrist_pitch",
          "value": -0.7759,
          "lower": -0.785,
          "upper": 1.05,
          "dist_to_limit": 0.0091,
          "nearest_side": "lower"
        }
      ],
      "margin_rad": 0.05
    },
    "grasp_reach_retry_used": true,
    "grasp_reach_retry_yaw_scale": 0.5,
    "lift_joint_limits": {
      "closest": {
        "joint": "wrist_pitch",
        "value": -0.776,
        "lower": -0.785,
        "upper": 1.05,
        "dist_to_limit": 0.009,
        "nearest_side": "lower"
      },
      "breached": [
        {
          "joint": "wrist_pitch",
          "value": -0.776,
          "lower": -0.785,
          "upper": 1.05,
          "dist_to_limit": 0.009,
          "nearest_side": "lower"
        }
      ],
      "margin_rad": 0.05
    },
    "retract_ok": null,
    "return_home_ok": true,
    "released_on_finish_ok": null,
    "approach_ok": false,
    "grasp_ok": false,
    "lift_ok": true
  },
  "detection": {
    "class_name": "remote-control",
    "pose_head_roll_link": [
      0.757804541629237,
      0.29300754632838477,
      -0.17548534449099695,
      -0.27176861084595416,
      -0.2565366927424459,
      0.7275515238250243,
      0.5753255840091881
    ],
    "pose_tip_waist_yaw_link_rpy": {
      "x": 0.4862736343783009,
      "y": 0.2877571725810924,
      "z": -0.023870287278759728,
      "roll": -0.08053125480541891,
      "pitch": -0.04786996553438705,
      "yaw": 1.7682638997860602
    },
    "pose_tip_used_for_tcp_conversion_rpy": {
      "x": 0.4862736343783009,
      "y": 0.2877571725810924,
      "z": -0.023870287278759728,
      "roll": 2.130848979782853,
      "pitch": -1.4394430417163675,
      "yaw": -2.223205553781905
    },
    "pose_tcp_waist_yaw_link_rpy": {
      "x": 0.22214630005980146,
      "y": 0.31325639453564724,
      "z": -0.04237814900063311,
      "roll": 2.130848979782853,
      "pitch": -1.4394430417163675,
      "yaw": -2.223205553781905
    },
    "pose_tcp_waist_yaw_link_pose7": [
      0.22214630005980146,
      0.31325639453564724,
      -0.04237814900063311,
      0.005566349191323929,
      -0.7312716523424114,
      -0.07070835591042172,
      0.6783886162381596
    ],
    "current_tcp_pose7": [
      0.3516821760487195,
      -0.5953418302394525,
      0.2749416500188609,
      0.005566349191323929,
      -0.7312716523424114,
      -0.07070835591042172,
      0.6783886162381596
    ],
    "tcp_minus_tip_waist_m": [
      -0.26412733431849944,
      0.02549922195455484,
      -0.01850786172187338
    ],
    "tcp_to_tip_offset_m": [
      0.0,
      0.0,
      -0.266
    ],
    "orientation_policy": "current",
    "use_current_tcp_rotation": true,
    "rotation_source_arm": "right",
    "bbox_2d": [
      266.5242004394531,
      391.7434387207031,
      484.10491943359375,
      456.42950439453125
    ],
    "bbox_3d": {
      "min": [
        0.734743388988428,
        0.20333546471262257,
        -0.20289528612991872
      ],
      "max": [
        0.7990632057605717,
        0.3814800037616054,
        -0.15454151202843602
      ],
      "center": [
        0.7669032973744998,
        0.29240773423711397,
        -0.17871839907917736
      ],
      "size": [
        0.06431981677214371,
        0.17814453904898284,
        0.0483537741014827
      ]
    },
    "object_long_axis_waist": [
      -0.1959620079821202,
      0.979443264139403,
      0.04785168502328891
    ],
    "object_long_axis_yaw_waist_deg": -78.68594147691476,
    "object_angle_from_waist_x_deg": 78.68594147691478
  },
  "gripper": {
    "open_ok": true,
    "close_ok": null,
    "final_pos_pct": null,
    "backend": "modbus_rtu"
  },
  "ok": false
}
[GRASP-EXEC] saved result json: /tmp/grasp_exec.json
[GRASP-EXEC] saved handoff: /tmp/grasp_handoff.json (arm=left holding=False)
