[日志] 日志文件: logs/grasp/grasp_260707_145707.log
[日志] 执行命令: python3 -m compliant_grasp_execute.main
[INFO] [1783407428.044962998] [XARM_manager]: waiting for service /controller_manager/get_parameters to become available...
[INFO] [1783407428.304284684] [XARM_manager]: XARM_manager initialized, robot_type: tianyi2, run_type: real
[INFO] [1783407428.314804657] [XARM_manager]: 已订阅关节状态话题: /joint_states
[INFO] [1783407428.322678882] [XARM_manager]: 已订阅警告和错误信息话题: /manipulator/warn_and_error_info
[INFO] [1783407428.334965536] [XARM_manager]: /joint_action_report 服务已启动
[CONFIG] loaded 201 params from /home/ubuntu/niu/compliant_grasp_execute/config.yaml
[GRASP-EXEC] STARTUP: enabling arms and moving BOTH to home posture
[INFO] [1783407432.955205126] [XARM_manager]: Deactivated controllers: ['jointspace_arm_L_controller']
[GRASP-EXEC] STARTUP: left -> home joints=['0.844', '0.026', '-0.006', '-2.216', '-1.529', '0.250', '0.683']
[INFO] [1783407432.978877565] [XARM_manager]: Activated controllers: ['jointspace_arm_L_controller']
[INFO] [1783407432.993817841] [XARM_manager]: Sending goal to action server /jointspace_arm_L_controller/jointspace (attempt 1/3):
eai_manipulator_msgs.action.JointSpace_Goal(target_positions=[0.844, 0.026, -0.006, -2.216, -1.529, 0.25, 0.683])
[INFO] [1783407432.996779310] [XARM_manager]: Goal accepted. Waiting for result...
[INFO] [1783407433.547902865] [XARM_manager]: Action result received from /jointspace_arm_L_controller/jointspace
[INFO] [1783407433.548592061] [XARM_manager]: Action result: eai_manipulator_msgs.action.JointSpace_Result(success=True, result_msg='action finished')
[GRASP-EXEC] STARTUP: right -> home joints=['0.844', '-0.026', '0.006', '-2.216', '1.529', '0.250', '-0.683']
[INFO] [1783407433.567414364] [XARM_manager]: Activated controllers: ['jointspace_arm_R_controller']
[INFO] [1783407433.588410589] [XARM_manager]: Sending goal to action server /jointspace_arm_R_controller/jointspace (attempt 1/3):
eai_manipulator_msgs.action.JointSpace_Goal(target_positions=[0.844, -0.026, 0.006, -2.216, 1.529, 0.25, -0.683])
[INFO] [1783407434.943374843] [XARM_manager]: Goal accepted. Waiting for result...
[INFO] [1783407435.396677410] [XARM_manager]: Action result received from /jointspace_arm_R_controller/jointspace
[INFO] [1783407435.397120864] [XARM_manager]: Action result: eai_manipulator_msgs.action.JointSpace_Result(success=True, result_msg='action finished')
[GRASP-EXEC] STARTUP: activating both grippers (open/close cycle)
[robotiq_api] gripper already activated (gSTA==3); skip resetActivate()
[GRASP-EXEC] STARTUP: gripper 'left' activated
[robotiq_api] gripper already activated (gSTA==3); skip resetActivate()
[GRASP-EXEC] STARTUP: gripper 'right' activated
perception health check pass
[object_pose] RGB (720, 1280, 3), depth (720, 1280), valid-depth pixels: 854795/921600 (median valid depth 1.299 m)
[GRASP-EXEC] ARM-SELECT: object waist Y=+0.172m (y >= boundary 0.000) -> 'left' arm
[GRASP-EXEC] diagonal schedule: angle-from-X=88.93290892158383deg -> tilt_scale=0.50, yaw_clamp=45.0deg (freed wrist_pitch, raised jaw alignment)
[GRASP-EXEC] applied grasp tilt +22.5deg about waist Y (tilt scale 1.00 x diag 0.50) -> quat=['-0.3570', '0.4408', '0.6186', '-0.5437']
[GRASP-EXEC] continuous orientation: object long-axis yaw -88.9deg (angle-from-X 88.9deg); applied continuous yaw -45.0deg about waist Z (gain=1.00, clamp +/-45deg) -> quat=['-0.1611', '0.5438', '0.7796', '-0.2656']
[GRASP-EXEC] recomputed TCP along final quat: detected_tcp_xyz=['0.3083', '0.2191', '-0.1448'] -> consistent_tcp_xyz=['0.3932', '0.3747', '0.0777']
[GRASP-EXEC] approach lateral clamp: approach Y +0.4662 -> +0.3747 (= grasp Y); tool_z outboard component would have pushed the standoff further from center than the grasp, which folds the elbow into its stop at far-outboard reaches.
[GRASP-EXEC] approach along grasp axis: dist=0.120m tool_z=[-0.540,0.762,0.357] approach_xyz=['0.3684', '0.3747', '0.1255']
[GRASP-EXEC] applied lift tilt -15.0deg about waist Y -> lift quat=['-0.2615', '0.5738', '0.7519', '-0.1923']
[GRASP-EXEC] detected class=remote-control detected_pose7=['0.3083', '0.2191', '-0.1448', '0.6950', '0.5069', '-0.3428', '-0.3776'] -> motion grasp_pose7=['0.4332', '0.3747', '0.0827', '-0.1611', '0.5438', '0.7796', '-0.2656']
[INFO] [1783407439.015611957] [XARM_manager]: Deactivated controllers: ['jointspace_arm_L_controller', 'jointspace_arm_R_controller']
[GRASP-EXEC] arms enabled (mode 3) [took 0.02s]
[JOINT-LIMIT] left: using live controller limits from endpose_single_arm_qp_L_controller
[GRASP-EXEC] joint-limit guard ON (margin 0.050 rad) arm=left
[GRASP-EXEC] gripper: connecting in background (overlaps arm enable + approach to hide the slow serial open; --no-gripper-async-connect for the old blocking behaviour)
[GRASP-EXEC] ARM: approach via qp_stream
[GRASP-EXEC] ELBOW-HIGH (proactive): object long axis ~parallel to body (angle-from-X=88.93290892158383 >= 60.0deg); the elbow-high seed's fore-aft jaws match a parallel object's short axis; reconfiguring to elbow-high seed before approach.
[GRASP-EXEC] elbow-high seed ready/left: clamped 1 joint(s) inward (margin 0.05rad): shoulder_yaw -2.964->-2.910 [-2.960,2.960]
[GRASP-EXEC] ELBOW-HIGH: reconfiguring left arm into elbow-high seed (jointspace: home -> stage -> transition -> ready). NOTE: jointspace moves run at the controller's own speed; watch the first reconfiguration for table/body clearance.
[GRASP-EXEC] gripper: arm='left' -> stable by-id port /dev/serial/by-id/usb-FTDI_FT231X_USB_UART_DU0E2IPR-if00-port0
[GRASP-EXEC] ELBOW-HIGH: left -> stage joints=['0.000', '1.180', '0.000', '-1.300', '1.400', '-0.130', '0.180']
[INFO] [1783407439.067630225] [XARM_manager]: Activated controllers: ['jointspace_arm_L_controller']
[INFO] [1783407439.068535383] [XARM_manager]: Sending goal to action server /jointspace_arm_L_controller/jointspace (attempt 1/3):
eai_manipulator_msgs.action.JointSpace_Goal(target_positions=[0.0, 1.18, 0.0, -1.3, 1.4, -0.13, 0.18])
[INFO] [1783407439.071766827] [XARM_manager]: Goal accepted. Waiting for result...
[robotiq_api] gripper already activated (gSTA==3); skip resetActivate()
[GRASP-EXEC] gripper: cached serial port /dev/serial/by-id/usb-FTDI_FT231X_USB_UART_DU0E2IPR-if00-port0 -> /tmp/robotiq_gripper_port.txt
[GRASP-EXEC] gripper controller ready: backend=modbus_rtu port=auto slave=9 (wait_timeout=8.0s) [connect took 0.04s]
[INFO] [1783407442.025625042] [XARM_manager]: Action result received from /jointspace_arm_L_controller/jointspace
[INFO] [1783407442.025938418] [XARM_manager]: Action result: eai_manipulator_msgs.action.JointSpace_Result(success=True, result_msg='action finished')
[GRASP-EXEC] ELBOW-HIGH: stage move result: eai_manipulator_msgs.action.JointSpace_Result(success=True, result_msg='action finished')
[GRASP-EXEC] ELBOW-HIGH: left -> transition joints=['-1.452', '0.585', '-1.455', '-1.870', '0.746', '-0.142', '0.093']
[INFO] [1783407442.028549102] [XARM_manager]: Sending goal to action server /jointspace_arm_L_controller/jointspace (attempt 1/3):
eai_manipulator_msgs.action.JointSpace_Goal(target_positions=[-1.4525, 0.5845, -1.455, -1.87, 0.7456999999999999, -0.14179999999999998, 0.09315])
[INFO] [1783407442.031459361] [XARM_manager]: Goal accepted. Waiting for result...
[INFO] [1783407443.888226043] [XARM_manager]: Action result received from /jointspace_arm_L_controller/jointspace
[INFO] [1783407443.888713159] [XARM_manager]: Action result: eai_manipulator_msgs.action.JointSpace_Result(success=True, result_msg='action finished')
[GRASP-EXEC] ELBOW-HIGH: transition move result: eai_manipulator_msgs.action.JointSpace_Result(success=True, result_msg='action finished')
[GRASP-EXEC] ELBOW-HIGH: left -> ready joints=['-2.905', '-0.011', '-2.910', '-2.440', '0.091', '-0.154', '0.006']
[INFO] [1783407443.891931671] [XARM_manager]: Sending goal to action server /jointspace_arm_L_controller/jointspace (attempt 1/3):
eai_manipulator_msgs.action.JointSpace_Goal(target_positions=[-2.905, -0.011, -2.91, -2.44, 0.0914, -0.1536, 0.0063])
[INFO] [1783407443.893987164] [XARM_manager]: Goal accepted. Waiting for result...
[INFO] [1783407445.750302466] [XARM_manager]: Action result received from /jointspace_arm_L_controller/jointspace
[INFO] [1783407445.750599372] [XARM_manager]: Action result: eai_manipulator_msgs.action.JointSpace_Result(success=True, result_msg='action finished')
[GRASP-EXEC] ELBOW-HIGH: ready move result: eai_manipulator_msgs.action.JointSpace_Result(success=True, result_msg='action finished')
[JOINT-LIMIT] left closest-to-limit: shoulder_pitch=-2.7883 [-2.96,2.96] dist=0.1717rad
[GRASP-EXEC] continuous orientation: object long-axis yaw -88.9deg (angle-from-X 88.9deg); applied continuous yaw +10.9deg about waist Z (gain=1.00, clamp +/-90deg) [top-down jaw-align: base jaw heading +170.1deg -> short-axis +1.1deg] -> quat=['-0.2431', '0.2587', '0.9330', '0.0587']
[GRASP-EXEC] recomputed TCP along final quat: detected_tcp_xyz=['0.3083', '0.2191', '-0.1448'] -> consistent_tcp_xyz=['0.4242', '0.3079', '0.1819']
[GRASP-EXEC] approach lateral clamp: approach Y +0.3693 -> +0.3079 (= grasp Y); tool_z outboard component would have pushed the standoff further from center than the grasp, which folds the elbow into its stop at far-outboard reaches.
[GRASP-EXEC] approach along grasp axis: dist=0.120m tool_z=[-0.423,0.511,0.748] approach_xyz=['0.4134', '0.3079', '0.2766']
[GRASP-EXEC] applied lift tilt -15.0deg about waist Y -> lift quat=['-0.3628', '0.2488', '0.8933', '0.0919']
[GRASP-EXEC] ELBOW-HIGH: using SEED grasp orientation (proactive); rebuilt grasp/approach/lift poses. The seed-anchored mode keeps the orientation the arm is already in, so the approach only translates and the wrist stays in range.
[GRASP-EXEC] ELBOW-HIGH QP joint window set on endpose_single_arm_qp_L_controller (flex 0.40rad, drop 0.15rad): shoulder_pitch[-2.96,-2.64], shoulder_roll[-0.00,0.55], shoulder_yaw[-2.95,-2.40], elbow_pitch[-2.61,-2.14], elbow_yaw[0.01,0.56]. Asymmetric: tight on the drop side so the elbow is actually held high; loose on the flex side so the arm can still reach.
[GRASP-EXEC] ELBOW-HIGH: wrist guard margin relaxed to 0.010rad (from 0.050) so the nose-down grasp can reach wrist_pitch~-0.71 (still inside the -0.785 stop). Other joints keep the full margin.
[INFO] [1783407445.770092033] [XARM_manager]: Deactivated controllers: ['jointspace_arm_L_controller']
[INFO] [1783407445.779211204] [XARM_manager]: Activated controllers: ['endpose_single_arm_qp_L_controller']
[GRASP-EXEC] QP-Stream left -> approach (pure-pursuit): pos=30.7cm rot=16.9deg, lookahead=13cm @ 50Hz, pos_tol=2.0cm accept=2.5cm keep_ori=False
[GRASP-EXEC] approach TCP tracking: commanded=[0.4134,0.3079,0.2766] achieved=[0.4069,0.3085,0.2579] err=[-6.6,+0.6,-18.7]mm |err|=19.9mm approach-axis tilt: achieved=+51.9deg commanded=+48.4deg (0=level) ori-err=3.7deg
[JOINT-LIMIT] left closest-to-limit: wrist_pitch=-0.7437 [-0.785,1.05] dist=0.0413rad
[JOINT-LIMIT] left approach per-joint: shoulder_pitch=-1.432[-2.96,+2.96](1.528) shoulder_roll=+1.091[-0.26,+2.62](1.353) shoulder_yaw=-1.599[-2.96,+2.96](1.361) elbow_pitch=-1.638[-2.61,+0.26](0.972) elbow_yaw=-0.898[-2.96,+2.96](2.062) wrist_pitch=-0.744[-0.79,+1.05](0.041) wrist_roll=-0.237[-1.65,+1.30](1.413)
[GRASP-EXEC] GRIPPER: open (after approach, before grasp insert)
[GRASP-EXEC] gripper open: start=90% -> target=0%
[GRASP-EXEC] gripper open result: pos=1% status=3 ok=True
[GRASP-EXEC] ARM: HYBRID pre-descent (position QP-stream) -> 6.1cm, leaving final 3.0cm for F/T compliant descend-to-contact
[GRASP-EXEC] QP-Stream left -> pre-grasp (pure-pursuit): pos=6.4cm rot=0.0deg, lookahead=8cm @ 50Hz, pos_tol=1.0cm accept=2.5cm keep_ori=True
[GRASP-EXEC] ARM: COMPLIANT insert to grasp pose (F/T admittance descend-to-contact)
[INFO] [1783407451.632253996] [XARM_manager]: [COMPLIANT-LEFT] Loaded F/T calibration from /home/ubuntu/niu/compliant_grasp_execute/ft_calibration/ft_calibration_left.json
[INFO] [1783407451.653170901] [XARM_manager]: [COMPLIANT-LEFT] target set: p=[0.4367444736948358, 0.3079855567570573, 0.21317201331636576] q=[-0.21828896128776867, 0.25628321679575744, 0.9393052793618359, 0.06613950658803959]
[INFO] [1783407451.654565038] [XARM_manager]: [COMPLIANT-LEFT] seeded QP target at captured pose (z=+0.2132).
[INFO] [1783407451.655059905] [XARM_manager]: [COMPLIANT-LEFT] admittance loop starting (calibrating force offset; keep hands off the arm briefly)...
[INFO] [1783407451.988104744] [XARM_manager]: [COMPLIANT-LEFT] runtime offset calibrated. p_ref=[0.4367444736948358, 0.3079855567570573, 0.21317201331636576], ready.
[COMPLIANT-INSERT] runtime force-offset calibrated in 0.35s
[INFO] [1783407452.001405955] [XARM_manager]: [COMPLIANT-LEFT] gains updated: B=[3.9597979746446663, 5.6, 3.9597979746446663] K=[20.0, 40.0, 20.0] B_rot=[0.5, 0.5, 0.5] K_rot=[0.0, 0.0, 0.0]
[COMPLIANT-INSERT] insertion dir=[+0.72,-0.00,-0.69] planned_depth=3.8cm soft_axes=xz K=[20.0, 40.0, 20.0] B=[3.96, 5.6, 3.96] contact_thresh=1.5N
[INFO] [1783407452.758490432] [XARM_manager]: [COMPLIANT-LEFT] gains updated: B=[10.844353369380768, 10.844353369380768, 10.844353369380768] K=[150.0, 150.0, 150.0] B_rot=[0.5, 0.5, 0.5] K_rot=[0.0, 0.0, 0.0]
[INFO] [1783407452.758749014] [XARM_manager]: [COMPLIANT-LEFT] target set: p=[0.44491826853288474, 0.3075379682913945, 0.20402747720670522] q=[-0.21828896128776867, 0.25628321679575744, 0.9393052793618359, 0.06613950658803959]
[COMPLIANT-INSERT] CONTACT (force) at tcp_drop 1.2cm (resist 1.5N, thresh 1.5N); holding compliant for gripper close
[INFO] [1783407452.823735958] [XARM_manager]: [COMPLIANT-LEFT] n=200 hz=241.5 F=[+0.00,+0.00,+0.30]N disp=[+0.1,-0.0,+0.0]cm v=[-0.01,+0.00,+0.01]
[GRASP-EXEC] grasp TCP tracking: commanded=[0.4642,0.3079,0.1869] achieved=[0.4465,0.3069,0.2047] err=[-17.7,-1.1,+17.8]mm |err|=25.1mm approach-axis tilt: achieved=+50.1deg commanded=+48.4deg (0=level) ori-err=3.4deg
[JOINT-LIMIT] left closest-to-limit: wrist_pitch=-0.7699 [-0.785,1.05] dist=0.0151rad
[JOINT-LIMIT] left grasp per-joint: shoulder_pitch=-1.240[-2.96,+2.96](1.720) shoulder_roll=+0.926[-0.26,+2.62](1.188) shoulder_yaw=-1.465[-2.96,+2.96](1.495) elbow_pitch=-1.373[-2.61,+0.26](1.237) elbow_yaw=-1.126[-2.96,+2.96](1.834) wrist_pitch=-0.770[-0.79,+1.05](0.015) wrist_roll=-0.035[-1.65,+1.30](1.335)
[GRASP-EXEC] GRIPPER: close at grasp pose (after arm motion, not at approach)
[GRASP-EXEC] gripper close: start=1% -> target=100%
[INFO] [1783407453.662386067] [XARM_manager]: [COMPLIANT-LEFT] n=400 hz=239.5 F=[-0.16,+0.00,+0.00]N disp=[-0.1,+0.0,+0.3]cm v=[+0.01,-0.00,-0.04]
[GRASP-EXEC] gripper close result: pos=90% status=3 ok=True
[INFO] [1783407453.957069333] [XARM_manager]: [COMPLIANT-LEFT] admittance loop stopped.
[GRASP-EXEC] ARM: rotate wrist away from table -20deg about waist Y before lift
[GRASP-EXEC] QP-Stream left -> table-clear (pure-pursuit): pos=0.0cm rot=20.0deg, lookahead=13cm @ 50Hz, pos_tol=2.0cm accept=2.5cm keep_ori=False
[GRASP-EXEC] ARM: lift after grasp
[GRASP-EXEC] QP-Stream left -> lift (pure-pursuit): pos=10.3cm rot=0.0deg, lookahead=13cm @ 50Hz, pos_tol=2.0cm accept=2.5cm keep_ori=True
[JOINT-LIMIT] left closest-to-limit: wrist_pitch=-0.7736 [-0.785,1.05] dist=0.0114rad
[JOINT-LIMIT] left lift per-joint: shoulder_pitch=-1.519[-2.96,+2.96](1.441) shoulder_roll=+0.945[-0.26,+2.62](1.207) shoulder_yaw=-1.578[-2.96,+2.96](1.382) elbow_pitch=-1.410[-2.61,+0.26](1.200) elbow_yaw=-0.919[-2.96,+2.96](2.041) wrist_pitch=-0.774[-0.79,+1.05](0.011) wrist_roll=-0.125[-1.65,+1.30](1.425)
[GRASP-EXEC] ELBOW-HIGH QP joint limits restored on endpose_single_arm_qp_L_controller (back to hard limits).
[GRASP-EXEC] ELBOW-HIGH: wrist guard margin restored to full.
[INFO] [1783407454.532873767] [XARM_manager]: Deactivated controllers: ['endpose_single_arm_qp_L_controller']
[GRASP-EXEC] elbow-high seed ready/left: clamped 1 joint(s) inward (margin 0.05rad): shoulder_yaw -2.964->-2.910 [-2.960,2.960]
[GRASP-EXEC] ELBOW-HIGH: returning via transition -> stage waypoints before home (unwinds elbow-high -> elbow-low without a large sweep).
[GRASP-EXEC] ELBOW-HIGH: left -> transition(return) joints=['-1.452', '0.585', '-1.455', '-1.870', '0.746', '-0.142', '0.093']
[INFO] [1783407454.551222056] [XARM_manager]: Activated controllers: ['jointspace_arm_L_controller']
[INFO] [1783407454.551961234] [XARM_manager]: Sending goal to action server /jointspace_arm_L_controller/jointspace (attempt 1/3):
eai_manipulator_msgs.action.JointSpace_Goal(target_positions=[-1.4525, 0.5845, -1.455, -1.87, 0.7456999999999999, -0.14179999999999998, 0.09315])
[INFO] [1783407454.556027666] [XARM_manager]: Goal accepted. Waiting for result...
[INFO] [1783407456.564627249] [XARM_manager]: Action result received from /jointspace_arm_L_controller/jointspace
[INFO] [1783407456.564916351] [XARM_manager]: Action result: eai_manipulator_msgs.action.JointSpace_Result(success=True, result_msg='action finished')
[GRASP-EXEC] ELBOW-HIGH: transition(return) move result: eai_manipulator_msgs.action.JointSpace_Result(success=True, result_msg='action finished')
[GRASP-EXEC] ELBOW-HIGH: left -> stage(return) joints=['0.000', '1.180', '0.000', '-1.300', '1.400', '-0.130', '0.180']
[INFO] [1783407456.567673717] [XARM_manager]: Sending goal to action server /jointspace_arm_L_controller/jointspace (attempt 1/3):
eai_manipulator_msgs.action.JointSpace_Goal(target_positions=[0.0, 1.18, 0.0, -1.3, 1.4, -0.13, 0.18])
[INFO] [1783407456.570458113] [XARM_manager]: Goal accepted. Waiting for result...
[INFO] [1783407458.425978106] [XARM_manager]: Action result received from /jointspace_arm_L_controller/jointspace
[INFO] [1783407458.426254957] [XARM_manager]: Action result: eai_manipulator_msgs.action.JointSpace_Result(success=True, result_msg='action finished')
[GRASP-EXEC] ELBOW-HIGH: stage(return) move result: eai_manipulator_msgs.action.JointSpace_Result(success=True, result_msg='action finished')
[GRASP-EXEC] PRE-HOME WAYPOINT: left -> joints=['0.000', '1.180', '0.000', '-1.300', '1.400', '-0.130', '0.180']
[INFO] [1783407458.430053900] [XARM_manager]: Sending goal to action server /jointspace_arm_L_controller/jointspace (attempt 1/3):
eai_manipulator_msgs.action.JointSpace_Goal(target_positions=[0.0, 1.18, 0.0, -1.3, 1.4, -0.13, 0.18])
[INFO] [1783407458.432400564] [XARM_manager]: Goal accepted. Waiting for result...
[INFO] [1783407458.434271445] [XARM_manager]: Action result received from /jointspace_arm_L_controller/jointspace
[INFO] [1783407458.434547653] [XARM_manager]: Action result: eai_manipulator_msgs.action.JointSpace_Result(success=True, result_msg='action finished')
[GRASP-EXEC] pre-home waypoint result: eai_manipulator_msgs.action.JointSpace_Result(success=True, result_msg='action finished')
[GRASP-EXEC] RETURN HOME: left -> joints=['0.844', '0.026', '-0.006', '-2.216', '-1.529', '0.250', '0.683']
[INFO] [1783407458.438446598] [XARM_manager]: Sending goal to action server /jointspace_arm_L_controller/jointspace (attempt 1/3):
eai_manipulator_msgs.action.JointSpace_Goal(target_positions=[0.844, 0.026, -0.006, -2.216, -1.529, 0.25, 0.683])
[INFO] [1783407458.439804530] [XARM_manager]: Goal accepted. Waiting for result...
[INFO] [1783407461.401396200] [XARM_manager]: Action result received from /jointspace_arm_L_controller/jointspace
[INFO] [1783407461.401913556] [XARM_manager]: Action result: eai_manipulator_msgs.action.JointSpace_Result(success=True, result_msg='action finished')
[GRASP-EXEC] return home result: eai_manipulator_msgs.action.JointSpace_Result(success=True, result_msg='action finished')
{
  "arm": "left",
  "pipeline_version": "accelerated",
  "motion_strategy": "qp_all",
  "dry_run": false,
  "motion": {
    "detected_pose7": [
      0.3082778292039573,
      0.2191378864811195,
      -0.1447570404255296,
      0.694997432662356,
      0.5068725173651694,
      -0.34275288837334617,
      -0.3775967124384936
    ],
    "approach_pose7": [
      0.4134496523951702,
      0.30793236865724327,
      0.2766232486886614,
      -0.24307869609554167,
      0.2586660175378834,
      0.9330403029598371,
      0.05865519523621305
    ],
    "grasp_pose7": [
      0.4642408798723881,
      0.30793236865724327,
      0.1868621353585215,
      -0.24307869609554167,
      0.2586660175378834,
      0.9330403029598371,
      0.05865519523621305
    ],
    "lift_pose7": [
      0.4642408798723881,
      0.30793236865724327,
      0.30686213535852147,
      -0.3627853220865617,
      0.2487970546118558,
      0.8933298772130276,
      0.09191608223576603
    ],
    "pre_home_pose7": [
      0.2842408798723881,
      0.20793236865724327,
      0.35686213535852146,
      -0.3627853220865617,
      0.2487970546118558,
      0.8933298772130276,
      0.09191608223576603
    ],
    "grasp_xyz_offset_m": [
      0.04,
      0.0,
      0.005
    ],
    "grasp_quat": [
      -0.24307869609554167,
      0.2586660175378834,
      0.9330403029598371,
      0.05865519523621305
    ],
    "use_fixed_grasp_quat": true,
    "phase_backends": {
      "approach": "qp_stream",
      "grasp": "qp_stream",
      "lift": "qp_stream"
    },
    "joint_limits_used": {
      "shoulder_pitch": [
        -2.96,
        2.96
      ],
      "shoulder_roll": [
        -0.262,
        2.616
      ],
      "shoulder_yaw": [
        -2.96,
        2.96
      ],
      "elbow_pitch": [
        -2.61,
        0.261
      ],
      "elbow_yaw": [
        -2.96,
        2.96
      ],
      "wrist_pitch": [
        -0.785,
        1.05
      ],
      "wrist_roll": [
        -1.65,
        1.3
      ]
    },
    "elbow_high_proactive_used": true,
    "elbow_high_orientation": "seed",
    "approach_tcp_tracking": {
      "commanded_xyz": [
        0.4134496523951702,
        0.30793236865724327,
        0.2766232486886614
      ],
      "achieved_xyz": [
        0.4068806609112656,
        0.3085341432330256,
        0.257891877813859
      ],
      "error_mm": [
        -6.568991483904552,
        0.6017745757823101,
        -18.731370874802366
      ],
      "error_norm_mm": 19.858953562689624,
      "achieved_quat": [
        -0.21495639716902454,
        0.2461454030912112,
        0.9432127404573356,
        0.059631485744870434
      ],
      "approach_axis_tilt_deg": 51.8514950872664,
      "commanded_approach_axis_tilt_deg": 48.4182283913205,
      "orientation_error_deg": 3.716996492227507
    },
    "approach_joint_limits": {
      "closest": {
        "joint": "wrist_pitch",
        "value": -0.7437,
        "lower": -0.785,
        "upper": 1.05,
        "dist_to_limit": 0.0413,
        "nearest_side": "lower"
      },
      "breached": [],
      "margin_rad": 0.05
    },
    "compliant_insert": {
      "ok": true,
      "contact": true,
      "reason": "contact",
      "resist_n": 1.5467224950954537,
      "traveled_m": 0.01222841335608217,
      "planned_depth_m": 0.03805607520241093,
      "ft_topic": "/arm_6dof_left",
      "calib_path": "/home/ubuntu/niu/compliant_grasp_execute/ft_calibration/ft_calibration_left.json",
      "calib_present": true,
      "commanded_m": 0.05272841335608217,
      "throttle_events": 0,
      "contact_kind": "force"
    },
    "grasp_tcp_tracking": {
      "commanded_xyz": [
        0.4642408798723881,
        0.30793236865724327,
        0.1868621353585215
      ],
      "achieved_xyz": [
        0.4465395949761462,
        0.3068778091946024,
        0.2046892906653134
      ],
      "error_mm": [
        -17.701284896241898,
        -1.0545594626408805,
        17.82715530679191
      ],
      "error_norm_mm": 25.14468231993886,
      "achieved_quat": [
        -0.2166080689400026,
        0.26383879553767875,
        0.9372713954637604,
        0.07065667473583313
      ],
      "approach_axis_tilt_deg": 50.07989928282526,
      "commanded_approach_axis_tilt_deg": 48.4182283913205,
      "orientation_error_deg": 3.4175485671570396
    },
    "grasp_joint_limits": {
      "closest": {
        "joint": "wrist_pitch",
        "value": -0.7699,
        "lower": -0.785,
        "upper": 1.05,
        "dist_to_limit": 0.0151,
        "nearest_side": "lower"
      },
      "breached": [],
      "margin_rad": 0.05
    },
    "lift_joint_limits": {
      "closest": {
        "joint": "wrist_pitch",
        "value": -0.7736,
        "lower": -0.785,
        "upper": 1.05,
        "dist_to_limit": 0.0114,
        "nearest_side": "lower"
      },
      "breached": [],
      "margin_rad": 0.05
    },
    "retract_ok": null,
    "return_home_ok": true,
    "released_on_finish_ok": null,
    "approach_ok": true,
    "grasp_ok": true,
    "lift_ok": true
  },
  "detection": {
    "class_name": "remote-control",
    "pose_head_roll_link": [
      0.7936275679426468,
      0.17774357685177825,
      -0.13535656595523154,
      -0.30212940179601977,
      -0.33434044183807615,
      0.6466873635984478,
      0.6154102268275918
    ],
    "pose_tip_waist_yaw_link_rpy": {
      "x": 0.5368281007802213,
      "y": 0.1719512280562599,
      "z": -0.017108332523288583,
      "roll": -0.23839232840185787,
      "pitch": -0.05730185510315544,
      "yaw": 1.5894205795319154
    },
    "pose_tip_used_for_tcp_conversion_rpy": {
      "x": 0.5368281007802213,
      "y": 0.1719512280562599,
      "z": -0.017108332523288583,
      "roll": -2.073732403113983,
      "pitch": 0.09377534263113341,
      "yaw": 1.31572958854188
    },
    "pose_tcp_waist_yaw_link_rpy": {
      "x": 0.3082778292039573,
      "y": 0.2191378864811195,
      "z": -0.1447570404255296,
      "roll": -2.073732403113983,
      "pitch": 0.09377534263113341,
      "yaw": 1.31572958854188
    },
    "pose_tcp_waist_yaw_link_pose7": [
      0.3082778292039573,
      0.2191378864811195,
      -0.1447570404255296,
      0.694997432662356,
      0.5068725173651694,
      -0.34275288837334617,
      -0.3775967124384936
    ],
    "current_tcp_pose7": [
      0.11556384803354401,
      -0.2578889510292079,
      0.14141425025363177,
      0.694997432662356,
      0.5068725173651694,
      -0.34275288837334617,
      -0.3775967124384936
    ],
    "tcp_minus_tip_waist_m": [
      -0.22855027157626395,
      0.04718665842485961,
      -0.127648707902241
    ],
    "tcp_to_tip_offset_m": [
      0.0,
      0.0,
      -0.266
    ],
    "orientation_policy": "current",
    "use_current_tcp_rotation": true,
    "rotation_source_arm": "right",
    "bbox_2d": [
      388.2885437011719,
      358.9634094238281,
      593.685791015625,
      397.2899169921875
    ],
    "bbox_3d": {
      "min": [
        0.7761005938350305,
        0.08841839789447162,
        -0.15669277305879056
      ],
      "max": [
        0.8261563141108286,
        0.2658149979666135,
        -0.11747970209809588
      ],
      "center": [
        0.8011284539729295,
        0.17711669793054258,
        -0.13708623757844324
      ],
      "size": [
        0.05005572027579808,
        0.1773966000721419,
        0.03921307096069468
      ]
    },
    "object_long_axis_waist": [
      -0.018592609820531722,
      0.9981855561393586,
      0.05727050178601382
    ],
    "object_long_axis_yaw_waist_deg": -88.93290892158382,
    "object_angle_from_waist_x_deg": 88.93290892158383
  },
  "gripper": {
    "open_ok": true,
    "close_ok": true,
    "final_pos_pct": 90.0,
    "backend": "modbus_rtu"
  },
  "ok": true
}
[GRASP-EXEC] saved result json: /tmp/grasp_exec.json
[GRASP-EXEC] saved handoff: /tmp/grasp_handoff.json (arm=left holding=True)



横放，抓起来了。