[日志] 日志文件: logs/grasp/grasp_260706_162159.log
[日志] 执行命令: python3 -m compliant_grasp_execute.main
[INFO] [1783326120.352183223] [XARM_manager]: waiting for service /controller_manager/get_parameters to become available...
[INFO] [1783326120.609082517] [XARM_manager]: XARM_manager initialized, robot_type: tianyi2, run_type: real
[INFO] [1783326120.617387840] [XARM_manager]: 已订阅关节状态话题: /joint_states
[INFO] [1783326120.624083912] [XARM_manager]: 已订阅警告和错误信息话题: /manipulator/warn_and_error_info
[CONFIG] loaded 198 params from /home/ubuntu/niu/compliant_grasp_execute/config.yaml
[GRASP-EXEC] STARTUP: enabling arms and moving BOTH to home posture
[INFO] [1783326120.640784930] [XARM_manager]: /joint_action_report 服务已启动
[INFO] [1783326126.264855032] [XARM_manager]: Deactivated controllers: ['jointspace_arm_R_controller']
[GRASP-EXEC] STARTUP: left -> home joints=['0.000', '1.180', '0.000', '-1.300', '1.400', '-0.130', '0.180']
[INFO] [1783326126.284507315] [XARM_manager]: Activated controllers: ['jointspace_arm_L_controller']
[INFO] [1783326126.299290033] [XARM_manager]: Sending goal to action server /jointspace_arm_L_controller/jointspace (attempt 1/3):
eai_manipulator_msgs.action.JointSpace_Goal(target_positions=[0.0, 1.18, 0.0, -1.3, 1.4, -0.13, 0.18])
[INFO] [1783326126.301675467] [XARM_manager]: Goal accepted. Waiting for result...
[INFO] [1783326126.416434230] [XARM_manager]: Action result received from /jointspace_arm_L_controller/jointspace
[INFO] [1783326126.416934564] [XARM_manager]: Action result: eai_manipulator_msgs.action.JointSpace_Result(success=True, result_msg='action finished')
[GRASP-EXEC] STARTUP: right -> home joints=['0.000', '-1.180', '0.000', '-1.300', '-1.400', '-0.130', '0.180']
[INFO] [1783326126.429734000] [XARM_manager]: Activated controllers: ['jointspace_arm_R_controller']
[INFO] [1783326126.443196112] [XARM_manager]: Sending goal to action server /jointspace_arm_R_controller/jointspace (attempt 1/3):
eai_manipulator_msgs.action.JointSpace_Goal(target_positions=[0.0, -1.18, 0.0, -1.3, -1.4, -0.13, 0.18])
[INFO] [1783326126.445689284] [XARM_manager]: Goal accepted. Waiting for result...
[INFO] [1783326126.589132345] [XARM_manager]: Action result received from /jointspace_arm_R_controller/jointspace
[INFO] [1783326126.589618000] [XARM_manager]: Action result: eai_manipulator_msgs.action.JointSpace_Result(success=True, result_msg='action finished')
[GRASP-EXEC] STARTUP: activating both grippers (open/close cycle)
[robotiq_api] gripper already activated (gSTA==3); skip resetActivate()
[GRASP-EXEC] STARTUP: gripper 'left' activated
[robotiq_api] gripper already activated (gSTA==3); skip resetActivate()
[GRASP-EXEC] STARTUP: gripper 'right' activated
perception health check pass
[object_pose] RGB (720, 1280, 3), depth (720, 1280), valid-depth pixels: 906133/921600 (median valid depth 1.210 m)
[GRASP-EXEC] ARM-SELECT: object waist Y=-0.154m (y < boundary 0.000) -> 'right' arm
[GRASP-EXEC] diagonal schedule: angle-from-X=75.86913964583131deg -> tilt_scale=0.50, yaw_clamp=45.0deg (freed wrist_pitch, raised jaw alignment)
[GRASP-EXEC] applied grasp tilt +22.5deg about waist Y (tilt scale 1.00 x diag 0.50) -> quat=['0.3570', '0.4408', '-0.6186', '-0.5437']
[GRASP-EXEC] continuous orientation: object long-axis yaw -75.9deg (angle-from-X 75.9deg); applied continuous yaw -45.0deg about waist Z (gain=1.00, clamp +/-45deg) -> quat=['0.4985', '0.2706', '-0.3634', '-0.7391']
[GRASP-EXEC] recomputed TCP along final quat: detected_tcp_xyz=['0.3840', '-0.1281', '-0.0389'] -> consistent_tcp_xyz=['0.4453', '-0.0100', '0.0747']
[GRASP-EXEC] approach lateral clamp: approach Y +0.0548 -> -0.0100 (= grasp Y); tool_z outboard component would have pushed the standoff further from center than the grasp, which folds the elbow into its stop at far-outboard reaches.
[GRASP-EXEC] approach along grasp axis: dist=0.120m tool_z=[-0.762,0.540,0.357] approach_xyz=['0.3739', '-0.0100', '0.1225']
[GRASP-EXEC] applied lift tilt -15.0deg about waist Y -> lift quat=['0.5416', '0.3648', '-0.2953', '-0.6974']
[GRASP-EXEC] detected class=remote-control detected_pose7=['0.3840', '-0.1281', '-0.0389', '0.0054', '-0.7315', '-0.0707', '0.6781'] -> motion grasp_pose7=['0.4653', '-0.0100', '0.0797', '0.4985', '0.2706', '-0.3634', '-0.7391']
[INFO] [1783326131.330741070] [XARM_manager]: Deactivated controllers: ['jointspace_arm_L_controller', 'jointspace_arm_R_controller']
[GRASP-EXEC] arms enabled (mode 3) [took 0.02s]
[JOINT-LIMIT] right: using live controller limits from endpose_single_arm_qp_R_controller
[GRASP-EXEC] joint-limit guard ON (margin 0.050 rad) arm=right
[GRASP-EXEC] gripper: connecting in background (overlaps arm enable + approach to hide the slow serial open; --no-gripper-async-connect for the old blocking behaviour)
[GRASP-EXEC] ARM: approach via qp_stream
[GRASP-EXEC] ELBOW-HIGH (proactive): object long axis ~parallel to body (angle-from-X=75.86913964583131 >= 45.0deg); the elbow-high seed's fore-aft jaws match a parallel object's short axis; reconfiguring to elbow-high seed before approach.
[GRASP-EXEC] elbow-high seed ready/right: clamped 1 joint(s) inward (margin 0.05rad): shoulder_yaw +2.964->+2.910 [-2.960,2.960]
[GRASP-EXEC] ELBOW-HIGH: reconfiguring right arm into elbow-high seed (jointspace, via transition waypoint). NOTE: jointspace moves run at the controller's own speed; watch the first reconfiguration for table/body clearance.
[GRASP-EXEC] gripper: arm='right' -> stable by-id port /dev/serial/by-id/usb-FTDI_FT231X_USB_UART_D30JLK40-if00-port0
[GRASP-EXEC] ELBOW-HIGH: right -> transition joints=['-1.452', '-0.585', '1.455', '-1.870', '-0.746', '-0.142', '0.087']
[INFO] [1783326131.380409305] [XARM_manager]: Activated controllers: ['jointspace_arm_R_controller']
[INFO] [1783326131.381751277] [XARM_manager]: Sending goal to action server /jointspace_arm_R_controller/jointspace (attempt 1/3):
eai_manipulator_msgs.action.JointSpace_Goal(target_positions=[-1.4525, -0.5845, 1.455, -1.87, -0.7456999999999999, -0.14179999999999998, 0.08685])
[robotiq_api] gripper already activated (gSTA==3); skip resetActivate()
[INFO] [1783326131.388946740] [XARM_manager]: Goal accepted. Waiting for result...
[GRASP-EXEC] gripper: cached serial port /dev/serial/by-id/usb-FTDI_FT231X_USB_UART_D30JLK40-if00-port0 -> /tmp/robotiq_gripper_port.txt
[GRASP-EXEC] gripper controller ready: backend=modbus_rtu port=auto slave=9 (wait_timeout=8.0s) [connect took 0.04s]
[INFO] [1783326133.248276680] [XARM_manager]: Action result received from /jointspace_arm_R_controller/jointspace
[INFO] [1783326133.248554806] [XARM_manager]: Action result: eai_manipulator_msgs.action.JointSpace_Result(success=True, result_msg='action finished')
[GRASP-EXEC] ELBOW-HIGH: transition move result: eai_manipulator_msgs.action.JointSpace_Result(success=True, result_msg='action finished')
[GRASP-EXEC] ELBOW-HIGH: right -> ready joints=['-2.905', '0.011', '2.910', '-2.440', '-0.091', '-0.154', '-0.006']
[INFO] [1783326133.251555895] [XARM_manager]: Sending goal to action server /jointspace_arm_R_controller/jointspace (attempt 1/3):
eai_manipulator_msgs.action.JointSpace_Goal(target_positions=[-2.905, 0.011, 2.91, -2.44, -0.0914, -0.1536, -0.0063])
[INFO] [1783326133.254394623] [XARM_manager]: Goal accepted. Waiting for result...
[INFO] [1783326135.115665087] [XARM_manager]: Action result received from /jointspace_arm_R_controller/jointspace
[INFO] [1783326135.116142288] [XARM_manager]: Action result: eai_manipulator_msgs.action.JointSpace_Result(success=True, result_msg='action finished')
[GRASP-EXEC] ELBOW-HIGH: ready move result: eai_manipulator_msgs.action.JointSpace_Result(success=True, result_msg='action finished')
[JOINT-LIMIT] right closest-to-limit: shoulder_pitch=-2.7909 [-2.96,2.96] dist=0.1691rad
[GRASP-EXEC] continuous orientation: object long-axis yaw -75.9deg (angle-from-X 75.9deg); applied continuous yaw +4.1deg about waist Z (gain=1.00, clamp +/-90deg) [top-down jaw-align: base jaw heading -170.0deg -> short-axis +14.1deg] -> quat=['-0.2061', '-0.2874', '0.9177', '-0.1811']
[GRASP-EXEC] recomputed TCP along final quat: detected_tcp_xyz=['0.3840', '-0.1281', '-0.0389'] -> consistent_tcp_xyz=['0.5752', '-0.3138', '0.1793']
[GRASP-EXEC] approach lateral clamp: approach Y -0.3860 -> -0.3138 (= grasp Y); tool_z outboard component would have pushed the standoff further from center than the grasp, which folds the elbow into its stop at far-outboard reaches.
[GRASP-EXEC] approach along grasp axis: dist=0.120m tool_z=[-0.274,-0.602,0.750] approach_xyz=['0.5622', '-0.3138', '0.2743']
[GRASP-EXEC] applied lift tilt -15.0deg about waist Y -> lift quat=['-0.3242', '-0.2613', '0.8829', '-0.2170']
[GRASP-EXEC] ELBOW-HIGH: using SEED grasp orientation (proactive); rebuilt grasp/approach/lift poses. The seed-anchored mode keeps the orientation the arm is already in, so the approach only translates and the wrist stays in range.
[GRASP-EXEC] ELBOW-HIGH QP joint window set on endpose_single_arm_qp_R_controller (flex 0.40rad, drop 0.15rad): shoulder_pitch[-2.96,-2.64], shoulder_roll[-0.54,0.01], shoulder_yaw[2.41,2.96], elbow_pitch[-2.61,-2.14], elbow_yaw[-0.55,-0.00]. Asymmetric: tight on the drop side so the elbow is actually held high; loose on the flex side so the arm can still reach.
[GRASP-EXEC] ELBOW-HIGH: wrist guard margin relaxed to 0.010rad (from 0.050) so the nose-down grasp can reach wrist_pitch~-0.71 (still inside the -0.785 stop). Other joints keep the full margin.
[INFO] [1783326135.139305963] [XARM_manager]: Deactivated controllers: ['jointspace_arm_R_controller']
[INFO] [1783326135.149352094] [XARM_manager]: Activated controllers: ['endpose_single_arm_qp_R_controller']
[GRASP-EXEC] QP-Stream right -> approach (pure-pursuit): pos=41.0cm rot=14.3deg, lookahead=13cm @ 50Hz, pos_tol=2.0cm accept=2.5cm keep_ori=False
[GRASP-EXEC] approach TCP tracking: commanded=[0.5622,-0.3138,0.2743] achieved=[0.5490,-0.3085,0.2614] err=[-13.3,+5.3,-12.8]mm |err|=19.2mm approach-axis tilt: achieved=+46.7deg commanded=+48.6deg (0=level) ori-err=4.6deg
[JOINT-LIMIT] right closest-to-limit: wrist_pitch=-0.7466 [-0.785,1.05] dist=0.0384rad
[JOINT-LIMIT] right approach per-joint: shoulder_pitch=-1.607[-2.96,+2.96](1.353) shoulder_roll=-0.343[-2.62,+0.26](0.605) shoulder_yaw=+2.623[-2.96,+2.96](0.337) elbow_pitch=-0.357[-2.61,+0.26](0.619) elbow_yaw=+0.969[-2.96,+2.96](1.992) wrist_pitch=-0.747[-0.79,+1.05](0.038) wrist_roll=-1.169[-1.30,+1.65](0.131)
[GRASP-EXEC] GRIPPER: open (after approach, before grasp insert)
[GRASP-EXEC] gripper open: start=91% -> target=0%
[GRASP-EXEC] gripper open result: pos=1% status=3 ok=True
[GRASP-EXEC] ARM: HYBRID pre-descent (position QP-stream) -> 6.0cm, leaving final 3.0cm for F/T compliant descend-to-contact
[GRASP-EXEC] QP-Stream right -> pre-grasp (pure-pursuit): pos=6.2cm rot=0.0deg, lookahead=8cm @ 50Hz, pos_tol=1.0cm accept=2.5cm keep_ori=True
[GRASP-EXEC] QP-Stream pre-grasp: ABORT joint-limit guard - 'wrist_pitch'=-0.7751 within 0.010rad of limit [-0.785,1.05] (side=lower); holding pose to avoid the hard stop
[GRASP-EXEC] ARM: COMPLIANT insert to grasp pose (F/T admittance descend-to-contact)
[INFO] [1783326143.031477983] [XARM_manager]: [COMPLIANT-RIGHT] Loaded F/T calibration from /home/ubuntu/niu/compliant_grasp_execute/ft_calibration/ft_calibration_right.json
[INFO] [1783326143.054063512] [XARM_manager]: [COMPLIANT-RIGHT] target set: p=[0.5471837233759962, -0.3064647816398267, 0.21191779458186508] q=[-0.18248449653304347, -0.3035967213082532, 0.917542532153147, -0.18067689676865623]
[INFO] [1783326143.055937732] [XARM_manager]: [COMPLIANT-RIGHT] seeded QP target at captured pose (z=+0.2119).
[INFO] [1783326143.056702259] [XARM_manager]: [COMPLIANT-RIGHT] admittance loop starting (calibrating force offset; keep hands off the arm briefly)...
[INFO] [1783326143.385241851] [XARM_manager]: [COMPLIANT-RIGHT] runtime offset calibrated. p_ref=[0.5471837233759962, -0.3064647816398267, 0.21191779458186508], ready.
[COMPLIANT-INSERT] runtime force-offset calibrated in 0.35s
[INFO] [1783326143.402618437] [XARM_manager]: [COMPLIANT-RIGHT] gains updated: B=[3.9597979746446663, 5.6, 3.9597979746446663] K=[20.0, 40.0, 20.0] B_rot=[0.5, 0.5, 0.5] K_rot=[0.0, 0.0, 0.0]
[COMPLIANT-INSERT] insertion dir=[+0.86,-0.13,-0.49] planned_depth=5.6cm soft_axes=xz K=[20.0, 40.0, 20.0] B=[3.96, 5.6, 3.96] contact_thresh=1.5N
[COMPLIANT-INSERT] ABORT joint-limit guard - 'wrist_pitch'=-0.7784 within 0.010rad of limit; holding compliant pose
[COMPLIANT-INSERT] insert aborted by joint-limit guard after tcp_drop 0.0cm
[GRASP-EXEC] grasp TCP tracking: commanded=[0.5952,-0.3138,0.1843] achieved=[0.5469,-0.3072,0.2108] err=[-48.3,+6.6,+26.5]mm |err|=55.5mm approach-axis tilt: achieved=+48.9deg commanded=+48.6deg (0=level) ori-err=3.2deg
[JOINT-LIMIT] right closest-to-limit: wrist_pitch=-0.7784 [-0.785,1.05] dist=0.0066rad  BREACHED(<= 0.05): wrist_pitch
[JOINT-LIMIT] right grasp per-joint: shoulder_pitch=-1.406[-2.96,+2.96](1.554) shoulder_roll=-0.326[-2.62,+0.26](0.588) shoulder_yaw=+1.953[-2.96,+2.96](1.007) elbow_pitch=-0.200[-2.61,+0.26](0.461) elbow_yaw=+1.619[-2.96,+2.96](1.341) wrist_pitch=-0.778[-0.79,+1.05](0.007) wrist_roll=-1.160[-1.30,+1.65](0.140)
[GRASP-EXEC] grasp insert failed to reach target; retrying with reduced long-axis alignment (yaw scale 0.50)
[GRASP-EXEC] continuous orientation: object long-axis yaw -75.9deg (angle-from-X 75.9deg); applied continuous yaw +5.5deg about waist Z (gain=1.00, clamp +/-90deg x scale 0.50) [top-down jaw-align: base jaw heading -176.8deg -> short-axis +14.1deg] -> quat=['-0.2621', '-0.3747', '0.8704', '-0.1825']
[GRASP-EXEC] recomputed TCP along final quat: detected_tcp_xyz=['0.3840', '-0.1281', '-0.0389'] -> consistent_tcp_xyz=['0.5631', '-0.3526', '0.1346']
[GRASP-EXEC] ELBOW-HIGH seed retry: yaw scale 0.50
[GRASP-EXEC] approach lateral clamp: approach Y -0.4424 -> -0.3526 (= grasp Y); tool_z outboard component would have pushed the standoff further from center than the grasp, which folds the elbow into its stop at far-outboard reaches.
[GRASP-EXEC] approach along grasp axis: dist=0.120m tool_z=[-0.319,-0.748,0.582] approach_xyz=['0.5448', '-0.3526', '0.2094']
[GRASP-EXEC] applied lift tilt -15.0deg about waist Y -> lift quat=['-0.3735', '-0.3477', '0.8288', '-0.2299']
[GRASP-EXEC] QP-Stream right -> approach (pure-pursuit): pos=4.5cm rot=13.7deg, lookahead=13cm @ 50Hz, pos_tol=2.0cm accept=2.5cm keep_ori=False
[GRASP-EXEC] QP-Stream approach: ABORT joint-limit guard - 'wrist_pitch'=-0.7785 within 0.010rad of limit [-0.785,1.05] (side=lower); holding pose to avoid the hard stop
[GRASP-EXEC] approach TCP tracking: commanded=[0.5448,-0.3526,0.2094] achieved=[0.5467,-0.3074,0.2103] err=[+1.9,+45.2,+0.9]mm |err|=45.3mm approach-axis tilt: achieved=+49.0deg commanded=+35.6deg (0=level) ori-err=13.9deg
[JOINT-LIMIT] right closest-to-limit: wrist_pitch=-0.7787 [-0.785,1.05] dist=0.0063rad  BREACHED(<= 0.05): wrist_pitch
[JOINT-LIMIT] right approach per-joint: shoulder_pitch=-1.404[-2.96,+2.96](1.556) shoulder_roll=-0.326[-2.62,+0.26](0.588) shoulder_yaw=+1.944[-2.96,+2.96](1.016) elbow_pitch=-0.200[-2.61,+0.26](0.461) elbow_yaw=+1.632[-2.96,+2.96](1.328) wrist_pitch=-0.779[-0.79,+1.05](0.006) wrist_roll=-1.160[-1.30,+1.65](0.140)
[INFO] [1783326143.621965508] [XARM_manager]: [COMPLIANT-RIGHT] admittance loop stopped.
[JOINT-LIMIT] right closest-to-limit: wrist_pitch=-0.7788 [-0.785,1.05] dist=0.0062rad  BREACHED(<= 0.05): wrist_pitch
[JOINT-LIMIT] right lift per-joint: shoulder_pitch=-1.403[-2.96,+2.96](1.556) shoulder_roll=-0.326[-2.62,+0.26](0.588) shoulder_yaw=+1.942[-2.96,+2.96](1.018) elbow_pitch=-0.200[-2.61,+0.26](0.461) elbow_yaw=+1.634[-2.96,+2.96](1.326) wrist_pitch=-0.779[-0.79,+1.05](0.006) wrist_roll=-1.160[-1.30,+1.65](0.140)
[GRASP-EXEC] ELBOW-HIGH QP joint limits restored on endpose_single_arm_qp_R_controller (back to hard limits).
[GRASP-EXEC] ELBOW-HIGH: wrist guard margin restored to full.
[INFO] [1783326143.640272629] [XARM_manager]: Deactivated controllers: ['endpose_single_arm_qp_R_controller']
[GRASP-EXEC] elbow-high seed ready/right: clamped 1 joint(s) inward (margin 0.05rad): shoulder_yaw +2.964->+2.910 [-2.960,2.960]
[GRASP-EXEC] ELBOW-HIGH: returning via transition waypoint before home (bridges elbow-high -> elbow-low without a large sweep).
[GRASP-EXEC] ELBOW-HIGH: right -> transition(return) joints=['-1.452', '-0.585', '1.455', '-1.870', '-0.746', '-0.142', '0.087']
[INFO] [1783326143.658569551] [XARM_manager]: Activated controllers: ['jointspace_arm_R_controller']
[INFO] [1783326143.659424443] [XARM_manager]: Sending goal to action server /jointspace_arm_R_controller/jointspace (attempt 1/3):
eai_manipulator_msgs.action.JointSpace_Goal(target_positions=[-1.4525, -0.5845, 1.455, -1.87, -0.7456999999999999, -0.14179999999999998, 0.08685])
[INFO] [1783326143.661893330] [XARM_manager]: Goal accepted. Waiting for result...
[INFO] [1783326146.210475346] [XARM_manager]: Action result received from /jointspace_arm_R_controller/jointspace
[INFO] [1783326146.210727866] [XARM_manager]: Action result: eai_manipulator_msgs.action.JointSpace_Result(success=True, result_msg='action finished')
[GRASP-EXEC] ELBOW-HIGH: transition(return) move result: eai_manipulator_msgs.action.JointSpace_Result(success=True, result_msg='action finished')
[GRASP-EXEC] RETURN HOME: right -> joints=['0.000', '-1.180', '0.000', '-1.300', '-1.400', '-0.130', '0.180']
[INFO] [1783326146.213509286] [XARM_manager]: Sending goal to action server /jointspace_arm_R_controller/jointspace (attempt 1/3):
eai_manipulator_msgs.action.JointSpace_Goal(target_positions=[0.0, -1.18, 0.0, -1.3, -1.4, -0.13, 0.18])
[INFO] [1783326146.215830409] [XARM_manager]: Goal accepted. Waiting for result...
[INFO] [1783326148.073887808] [XARM_manager]: Action result received from /jointspace_arm_R_controller/jointspace
[INFO] [1783326148.074393251] [XARM_manager]: Action result: eai_manipulator_msgs.action.JointSpace_Result(success=True, result_msg='action finished')
[GRASP-EXEC] return home result: eai_manipulator_msgs.action.JointSpace_Result(success=True, result_msg='action finished')
{
  "arm": "right",
  "pipeline_version": "accelerated",
  "motion_strategy": "qp_all",
  "dry_run": false,
  "motion": {
    "detected_pose7": [
      0.38401388624743327,
      -0.12808341331926923,
      -0.03891294640325392,
      0.0054084015338865385,
      -0.7315424195722318,
      -0.07073362568247588,
      0.6780952674639933
    ],
    "approach_pose7": [
      0.5448022647409214,
      -0.35261022885332627,
      0.20939424583113198,
      -0.26208831242334996,
      -0.374687372475021,
      0.8704060919953436,
      -0.18251664147753485
    ],
    "grasp_pose7": [
      0.5831390446479325,
      -0.35261022885332627,
      0.13957366437540908,
      -0.26208831242334996,
      -0.374687372475021,
      0.8704060919953436,
      -0.18251664147753485
    ],
    "lift_pose7": [
      0.5831390446479325,
      -0.35261022885332627,
      0.2595736643754091,
      -0.37345690345155225,
      -0.34765866783315946,
      0.8287502577712444,
      -0.22986170231020864
    ],
    "pre_home_pose7": [
      0.40313904464793254,
      -0.45261022885332625,
      0.30957366437540906,
      -0.37345690345155225,
      -0.34765866783315946,
      0.8287502577712444,
      -0.22986170231020864
    ],
    "grasp_xyz_offset_m": [
      0.02,
      0.0,
      0.005
    ],
    "grasp_quat": [
      -0.26208831242334996,
      -0.374687372475021,
      0.8704060919953436,
      -0.18251664147753485
    ],
    "use_fixed_grasp_quat": true,
    "phase_backends": {
      "approach": "qp_stream",
      "grasp": "qp_stream",
      "lift": "qp_stream"
    },
    "joint_limits_used": {
      "shoulder_pitch": [
        -2.96,
        2.96
      ],
      "shoulder_roll": [
        -2.616,
        0.262
      ],
      "shoulder_yaw": [
        -2.96,
        2.96
      ],
      "elbow_pitch": [
        -2.61,
        0.261
      ],
      "elbow_yaw": [
        -2.96,
        2.96
      ],
      "wrist_pitch": [
        -0.785,
        1.05
      ],
      "wrist_roll": [
        -1.3,
        1.65
      ]
    },
    "elbow_high_proactive_used": true,
    "elbow_high_orientation": "seed",
    "approach_tcp_tracking": {
      "commanded_xyz": [
        0.5448022647409214,
        -0.35261022885332627,
        0.20939424583113198
      ],
      "achieved_xyz": [
        0.5467031866129815,
        -0.30738654903365237,
        0.2102770682415152
      ],
      "error_mm": [
        1.9009218720600352,
        45.223679819673904,
        0.8828224103832327
      ],
      "error_norm_mm": 45.27222212134425,
      "achieved_quat": [
        -0.18058373241722925,
        -0.2997153682413456,
        0.91903580861769,
        -0.18147560746460054
      ],
      "approach_axis_tilt_deg": 49.03589354994755,
      "commanded_approach_axis_tilt_deg": 35.57993446970916,
      "orientation_error_deg": 13.868704317739024
    },
    "approach_joint_limits": {
      "closest": {
        "joint": "wrist_pitch",
        "value": -0.7787,
        "lower": -0.785,
        "upper": 1.05,
        "dist_to_limit": 0.0063,
        "nearest_side": "lower"
      },
      "breached": [
        {
          "joint": "wrist_pitch",
          "value": -0.7787,
          "lower": -0.785,
          "upper": 1.05,
          "dist_to_limit": 0.0063,
          "nearest_side": "lower"
        }
      ],
      "margin_rad": 0.05
    },
    "compliant_insert": {
      "ok": false,
      "contact": false,
      "reason": "joint_limit_abort",
      "resist_n": 0.1396689525537203,
      "traveled_m": 0.0003895288620100573,
      "planned_depth_m": 0.05585744197862023,
      "ft_topic": "/arm_6dof_right",
      "calib_path": "/home/ubuntu/niu/compliant_grasp_execute/ft_calibration/ft_calibration_right.json",
      "calib_present": true,
      "commanded_m": 0.032499999999999994,
      "throttle_events": 0
    },
    "grasp_tcp_tracking": {
      "commanded_xyz": [
        0.5951622401000348,
        -0.3138037849786449,
        0.18427263610250588
      ],
      "achieved_xyz": [
        0.5468597439285802,
        -0.30724749488153746,
        0.21077626363082608
      ],
      "error_mm": [
        -48.302496171454656,
        6.556290097107453,
        26.503627528320195
      ],
      "error_norm_mm": 55.48475780239788,
      "achieved_quat": [
        -0.18125340087729389,
        -0.30057981283444773,
        0.9186872948223866,
        -0.1811425822901639
      ],
      "approach_axis_tilt_deg": 48.9030130935155,
      "commanded_approach_axis_tilt_deg": 48.57993446970917,
      "orientation_error_deg": 3.2309679046475233
    },
    "grasp_joint_limits": {
      "closest": {
        "joint": "wrist_pitch",
        "value": -0.7784,
        "lower": -0.785,
        "upper": 1.05,
        "dist_to_limit": 0.0066,
        "nearest_side": "lower"
      },
      "breached": [
        {
          "joint": "wrist_pitch",
          "value": -0.7784,
          "lower": -0.785,
          "upper": 1.05,
          "dist_to_limit": 0.0066,
          "nearest_side": "lower"
        }
      ],
      "margin_rad": 0.05
    },
    "grasp_reach_retry_used": true,
    "grasp_reach_retry_yaw_scale": 0.5,
    "lift_joint_limits": {
      "closest": {
        "joint": "wrist_pitch",
        "value": -0.7788,
        "lower": -0.785,
        "upper": 1.05,
        "dist_to_limit": 0.0062,
        "nearest_side": "lower"
      },
      "breached": [
        {
          "joint": "wrist_pitch",
          "value": -0.7788,
          "lower": -0.785,
          "upper": 1.05,
          "dist_to_limit": 0.0062,
          "nearest_side": "lower"
        }
      ],
      "margin_rad": 0.05
    },
    "retract_ok": null,
    "return_home_ok": true,
    "released_on_finish_ok": null,
    "approach_ok": false,
    "grasp_ok": false,
    "lift_ok": true
  },
  "detection": {
    "class_name": "remote-control",
    "pose_head_roll_link": [
      0.8839150187250304,
      -0.14637140824003084,
      -0.06192375175505005,
      0.5442678326960352,
      0.728770075097226,
      0.28263682985143973,
      0.3046032277351517
    ],
    "pose_tip_waist_yaw_link_rpy": {
      "x": 0.6481189067751405,
      "y": -0.15366050297352019,
      "z": -0.020195291184776698,
      "roll": 2.9688978926099736,
      "pitch": -0.041155690338266604,
      "yaw": 1.8174263661146721
    },
    "pose_tip_used_for_tcp_conversion_rpy": {
      "x": 0.6481189067751405,
      "y": -0.15366050297352019,
      "z": -0.020195291184776698,
      "roll": 2.136514549685775,
      "pitch": -1.439139820593641,
      "yaw": -2.229131995248651
    },
    "pose_tcp_waist_yaw_link_rpy": {
      "x": 0.38401388624743327,
      "y": -0.12808341331926923,
      "z": -0.03891294640325392,
      "roll": 2.136514549685775,
      "pitch": -1.439139820593641,
      "yaw": -2.229131995248651
    },
    "pose_tcp_waist_yaw_link_pose7": [
      0.38401388624743327,
      -0.12808341331926923,
      -0.03891294640325392,
      0.0054084015338865385,
      -0.7315424195722318,
      -0.07073362568247588,
      0.6780952674639933
    ],
    "current_tcp_pose7": [
      0.35168074656612086,
      -0.5953671205723146,
      0.2750369397265325,
      0.0054084015338865385,
      -0.7315424195722318,
      -0.07073362568247588,
      0.6780952674639933
    ],
    "tcp_minus_tip_waist_m": [
      -0.26410502052770723,
      0.025577089654250956,
      -0.018717655218477222
    ],
    "tcp_to_tip_offset_m": [
      0.0,
      0.0,
      -0.266
    ],
    "orientation_policy": "current",
    "use_current_tcp_rotation": true,
    "rotation_source_arm": "right",
    "bbox_2d": [
      686.5299072265625,
      268.09332275390625,
      871.5869750976562,
      327.7503967285156
    ],
    "bbox_3d": {
      "min": [
        0.8556848136150923,
        -0.23690475129749294,
        -0.09230032104981531
      ],
      "max": [
        0.9272788769922244,
        -0.05755356573114918,
        -0.03638026821800243
      ],
      "center": [
        0.8914818453036584,
        -0.14722915851432106,
        -0.06434029463390886
      ],
      "size": [
        0.07159406337713214,
        0.17935118556634377,
        0.05592005283181288
      ]
    },
    "object_long_axis_waist": [
      -0.24393063420018635,
      0.9689195069481646,
      0.0411440731335651
    ],
    "object_long_axis_yaw_waist_deg": -75.8691396458313,
    "object_angle_from_waist_x_deg": 75.86913964583131
  },
  "gripper": {
    "open_ok": true,
    "close_ok": null,
    "final_pos_pct": null,
    "backend": "modbus_rtu"
  },
  "ok": false
}
[GRASP-EXEC] saved result json: /tmp/grasp_exec.json
[GRASP-EXEC] saved handoff: /tmp/grasp_handoff.json (arm=right holding=False)
