[日志] 日志文件: logs/grasp/grasp_260706_165336.log
[日志] 执行命令: python3 -m compliant_grasp_execute.main
[INFO] [1783328017.059082942] [XARM_manager]: waiting for service /controller_manager/get_parameters to become available...
[INFO] [1783328019.072456412] [XARM_manager]: XARM_manager initialized, robot_type: tianyi2, run_type: real
[INFO] [1783328019.084312679] [XARM_manager]: 已订阅关节状态话题: /joint_states
[INFO] [1783328019.096947183] [XARM_manager]: 已订阅警告和错误信息话题: /manipulator/warn_and_error_info
[INFO] [1783328019.109303324] [XARM_manager]: /joint_action_report 服务已启动
[CONFIG] loaded 198 params from /home/ubuntu/niu/compliant_grasp_execute/config.yaml
[GRASP-EXEC] STARTUP: enabling arms and moving BOTH to home posture
[INFO] [1783328025.051938617] [XARM_manager]: Deactivated controllers: ['jointspace_arm_R_controller']
[GRASP-EXEC] STARTUP: left -> home joints=['0.000', '1.180', '0.000', '-1.300', '1.400', '-0.130', '0.180']
[INFO] [1783328025.074541226] [XARM_manager]: Activated controllers: ['jointspace_arm_L_controller']
[INFO] [1783328025.089230544] [XARM_manager]: Sending goal to action server /jointspace_arm_L_controller/jointspace (attempt 1/3):
eai_manipulator_msgs.action.JointSpace_Goal(target_positions=[0.0, 1.18, 0.0, -1.3, 1.4, -0.13, 0.18])
[INFO] [1783328025.091160872] [XARM_manager]: Goal accepted. Waiting for result...
[INFO] [1783328025.213680408] [XARM_manager]: Action result received from /jointspace_arm_L_controller/jointspace
[INFO] [1783328025.213919534] [XARM_manager]: Action result: eai_manipulator_msgs.action.JointSpace_Result(success=True, result_msg='action finished')
[GRASP-EXEC] STARTUP: right -> home joints=['0.000', '-1.180', '0.000', '-1.300', '-1.400', '-0.130', '0.180']
[INFO] [1783328025.223283363] [XARM_manager]: Activated controllers: ['jointspace_arm_R_controller']
[INFO] [1783328025.237199226] [XARM_manager]: Sending goal to action server /jointspace_arm_R_controller/jointspace (attempt 1/3):
eai_manipulator_msgs.action.JointSpace_Goal(target_positions=[0.0, -1.18, 0.0, -1.3, -1.4, -0.13, 0.18])
[INFO] [1783328025.239047717] [XARM_manager]: Goal accepted. Waiting for result...
[INFO] [1783328025.358388948] [XARM_manager]: Action result received from /jointspace_arm_R_controller/jointspace
[INFO] [1783328025.358834169] [XARM_manager]: Action result: eai_manipulator_msgs.action.JointSpace_Result(success=True, result_msg='action finished')
[GRASP-EXEC] STARTUP: activating both grippers (open/close cycle)
[robotiq_api] gripper already activated (gSTA==3); skip resetActivate()
[GRASP-EXEC] STARTUP: gripper 'left' activated
[robotiq_api] gripper already activated (gSTA==3); skip resetActivate()
[GRASP-EXEC] STARTUP: gripper 'right' activated
perception health check pass
[object_pose] RGB (720, 1280, 3), depth (720, 1280), valid-depth pixels: 902543/921600 (median valid depth 1.193 m)
[GRASP-EXEC] ARM-SELECT: object waist Y=-0.110m (y < boundary 0.000) -> 'right' arm
[GRASP-EXEC] diagonal schedule: angle-from-X=80.34049329608399deg -> tilt_scale=0.50, yaw_clamp=45.0deg (freed wrist_pitch, raised jaw alignment)
[GRASP-EXEC] applied grasp tilt +22.5deg about waist Y (tilt scale 1.00 x diag 0.50) -> quat=['0.3570', '0.4408', '-0.6186', '-0.5437']
[GRASP-EXEC] continuous orientation: object long-axis yaw -80.3deg (angle-from-X 80.3deg); applied continuous yaw -45.0deg about waist Z (gain=1.00, clamp +/-45deg) -> quat=['0.4985', '0.2706', '-0.3634', '-0.7391']
[GRASP-EXEC] recomputed TCP along final quat: detected_tcp_xyz=['0.3915', '-0.0844', '-0.0375'] -> consistent_tcp_xyz=['0.4529', '0.0341', '0.0760']
[GRASP-EXEC] approach lateral clamp: approach Y +0.0989 -> +0.0341 (= grasp Y); tool_z outboard component would have pushed the standoff further from center than the grasp, which folds the elbow into its stop at far-outboard reaches.
[GRASP-EXEC] approach along grasp axis: dist=0.120m tool_z=[-0.762,0.540,0.357] approach_xyz=['0.3814', '0.0341', '0.1238']
[GRASP-EXEC] applied lift tilt -15.0deg about waist Y -> lift quat=['0.5416', '0.3648', '-0.2953', '-0.6974']
[GRASP-EXEC] detected class=remote-control detected_pose7=['0.3915', '-0.0844', '-0.0375', '0.0059', '-0.7315', '-0.0703', '0.6782'] -> motion grasp_pose7=['0.4729', '0.0341', '0.0810', '0.4985', '0.2706', '-0.3634', '-0.7391']
[INFO] [1783328029.134173545] [XARM_manager]: Deactivated controllers: ['jointspace_arm_L_controller', 'jointspace_arm_R_controller']
[GRASP-EXEC] arms enabled (mode 3) [took 0.02s]
[JOINT-LIMIT] right: using live controller limits from endpose_single_arm_qp_R_controller
[GRASP-EXEC] joint-limit guard ON (margin 0.050 rad) arm=right
[GRASP-EXEC] gripper: connecting in background (overlaps arm enable + approach to hide the slow serial open; --no-gripper-async-connect for the old blocking behaviour)
[GRASP-EXEC] ARM: approach via qp_stream
[GRASP-EXEC] ELBOW-HIGH (proactive): object long axis ~parallel to body (angle-from-X=80.34049329608399 >= 45.0deg); the elbow-high seed's fore-aft jaws match a parallel object's short axis; reconfiguring to elbow-high seed before approach.
[GRASP-EXEC] elbow-high seed ready/right: clamped 1 joint(s) inward (margin 0.05rad): shoulder_yaw +2.964->+2.910 [-2.960,2.960]
[GRASP-EXEC] ELBOW-HIGH: reconfiguring right arm into elbow-high seed (jointspace, via transition waypoint). NOTE: jointspace moves run at the controller's own speed; watch the first reconfiguration for table/body clearance.
[GRASP-EXEC] gripper: arm='right' -> stable by-id port /dev/serial/by-id/usb-FTDI_FT231X_USB_UART_D30JLK40-if00-port0
[GRASP-EXEC] ELBOW-HIGH: right -> transition joints=['-1.452', '-0.585', '1.455', '-1.870', '-0.746', '-0.142', '0.087']
[INFO] [1783328029.180686947] [XARM_manager]: Activated controllers: ['jointspace_arm_R_controller']
[INFO] [1783328029.181591958] [XARM_manager]: Sending goal to action server /jointspace_arm_R_controller/jointspace (attempt 1/3):
eai_manipulator_msgs.action.JointSpace_Goal(target_positions=[-1.4525, -0.5845, 1.455, -1.87, -0.7456999999999999, -0.14179999999999998, 0.08685])
[INFO] [1783328029.183506541] [XARM_manager]: Goal accepted. Waiting for result...
[robotiq_api] gripper already activated (gSTA==3); skip resetActivate()
[GRASP-EXEC] gripper: cached serial port /dev/serial/by-id/usb-FTDI_FT231X_USB_UART_D30JLK40-if00-port0 -> /tmp/robotiq_gripper_port.txt
[GRASP-EXEC] gripper controller ready: backend=modbus_rtu port=auto slave=9 (wait_timeout=8.0s) [connect took 0.04s]
[INFO] [1783328031.047811926] [XARM_manager]: Action result received from /jointspace_arm_R_controller/jointspace
[INFO] [1783328031.048283460] [XARM_manager]: Action result: eai_manipulator_msgs.action.JointSpace_Result(success=True, result_msg='action finished')
[GRASP-EXEC] ELBOW-HIGH: transition move result: eai_manipulator_msgs.action.JointSpace_Result(success=True, result_msg='action finished')
[GRASP-EXEC] ELBOW-HIGH: right -> ready joints=['-2.905', '0.011', '2.910', '-2.440', '-0.091', '-0.154', '-0.006']
[INFO] [1783328031.051064947] [XARM_manager]: Sending goal to action server /jointspace_arm_R_controller/jointspace (attempt 1/3):
eai_manipulator_msgs.action.JointSpace_Goal(target_positions=[-2.905, 0.011, 2.91, -2.44, -0.0914, -0.1536, -0.0063])
[INFO] [1783328031.052396192] [XARM_manager]: Goal accepted. Waiting for result...
[INFO] [1783328032.910827704] [XARM_manager]: Action result received from /jointspace_arm_R_controller/jointspace
[INFO] [1783328032.911354117] [XARM_manager]: Action result: eai_manipulator_msgs.action.JointSpace_Result(success=True, result_msg='action finished')
[GRASP-EXEC] ELBOW-HIGH: ready move result: eai_manipulator_msgs.action.JointSpace_Result(success=True, result_msg='action finished')
[JOINT-LIMIT] right closest-to-limit: shoulder_pitch=-2.7894 [-2.96,2.96] dist=0.1706rad
[GRASP-EXEC] continuous orientation: object long-axis yaw -80.3deg (angle-from-X 80.3deg); applied continuous yaw -0.4deg about waist Z (gain=1.00, clamp +/-90deg) [top-down jaw-align: base jaw heading -169.9deg -> short-axis +9.7deg] -> quat=['-0.2219', '-0.2678', '0.9266', '-0.1432']
[GRASP-EXEC] recomputed TCP along final quat: detected_tcp_xyz=['0.3915', '-0.0844', '-0.0375'] -> consistent_tcp_xyz=['0.5667', '-0.2585', '0.1828']
[GRASP-EXEC] approach lateral clamp: approach Y -0.3257 -> -0.2585 (= grasp Y); tool_z outboard component would have pushed the standoff further from center than the grasp, which folds the elbow into its stop at far-outboard reaches.
[GRASP-EXEC] approach along grasp axis: dist=0.120m tool_z=[-0.334,-0.560,0.758] approach_xyz=['0.5465', '-0.2585', '0.2788']
[GRASP-EXEC] applied lift tilt -15.0deg about waist Y -> lift quat=['-0.3409', '-0.2468', '0.8897', '-0.1769']
[GRASP-EXEC] ELBOW-HIGH: using SEED grasp orientation (proactive); rebuilt grasp/approach/lift poses. The seed-anchored mode keeps the orientation the arm is already in, so the approach only translates and the wrist stays in range.
[GRASP-EXEC] ELBOW-HIGH QP joint window set on endpose_single_arm_qp_R_controller (flex 0.40rad, drop 0.15rad): shoulder_pitch[-2.96,-2.64], shoulder_roll[-0.55,0.00], shoulder_yaw[2.41,2.96], elbow_pitch[-2.61,-2.14], elbow_yaw[-0.55,-0.00]. Asymmetric: tight on the drop side so the elbow is actually held high; loose on the flex side so the arm can still reach.
[GRASP-EXEC] ELBOW-HIGH: wrist guard margin relaxed to 0.010rad (from 0.050) so the nose-down grasp can reach wrist_pitch~-0.71 (still inside the -0.785 stop). Other joints keep the full margin.
[INFO] [1783328032.933632420] [XARM_manager]: Deactivated controllers: ['jointspace_arm_R_controller']
[INFO] [1783328032.943374265] [XARM_manager]: Activated controllers: ['endpose_single_arm_qp_R_controller']
[GRASP-EXEC] QP-Stream right -> approach (pure-pursuit): pos=36.4cm rot=13.3deg, lookahead=13cm @ 50Hz, pos_tol=2.0cm accept=2.5cm keep_ori=False
[GRASP-EXEC] approach TCP tracking: commanded=[0.5465,-0.2585,0.2788] achieved=[0.5369,-0.2565,0.2614] err=[-9.7,+2.0,-17.3]mm |err|=20.0mm approach-axis tilt: achieved=+53.3deg commanded=+49.3deg (0=level) ori-err=4.5deg
[JOINT-LIMIT] right closest-to-limit: wrist_pitch=-0.7208 [-0.785,1.05] dist=0.0642rad
[JOINT-LIMIT] right approach per-joint: shoulder_pitch=-1.758[-2.96,+2.96](1.202) shoulder_roll=-0.427[-2.62,+0.26](0.689) shoulder_yaw=+2.408[-2.96,+2.96](0.552) elbow_pitch=-0.818[-2.61,+0.26](1.079) elbow_yaw=+0.874[-2.96,+2.96](2.086) wrist_pitch=-0.721[-0.79,+1.05](0.064) wrist_roll=-0.563[-1.30,+1.65](0.737)
[GRASP-EXEC] GRIPPER: open (after approach, before grasp insert)
[GRASP-EXEC] gripper open: start=90% -> target=0%
[GRASP-EXEC] gripper open result: pos=1% status=3 ok=True
[GRASP-EXEC] ARM: HYBRID pre-descent (position QP-stream) -> 5.9cm, leaving final 3.0cm for F/T compliant descend-to-contact
[GRASP-EXEC] QP-Stream right -> pre-grasp (pure-pursuit): pos=6.0cm rot=0.0deg, lookahead=8cm @ 50Hz, pos_tol=1.0cm accept=2.5cm keep_ori=True
[GRASP-EXEC] ARM: COMPLIANT insert to grasp pose (F/T admittance descend-to-contact)
[INFO] [1783328039.263543568] [XARM_manager]: [COMPLIANT-RIGHT] Loaded F/T calibration from /home/ubuntu/niu/compliant_grasp_execute/ft_calibration/ft_calibration_right.json
[INFO] [1783328039.284219315] [XARM_manager]: [COMPLIANT-RIGHT] target set: p=[0.5615040497038312, -0.2564668755584182, 0.20839055209047574] q=[-0.19085287342236035, -0.2727438221263833, 0.9327655799295842, -0.13832700783630994]
[INFO] [1783328039.285011973] [XARM_manager]: [COMPLIANT-RIGHT] seeded QP target at captured pose (z=+0.2084).
[INFO] [1783328039.285551796] [XARM_manager]: [COMPLIANT-RIGHT] admittance loop starting (calibrating force offset; keep hands off the arm briefly)...
[INFO] [1783328039.606812493] [XARM_manager]: [COMPLIANT-RIGHT] runtime offset calibrated. p_ref=[0.5615040497038312, -0.2564668755584182, 0.20839055209047574], ready.
[COMPLIANT-INSERT] runtime force-offset calibrated in 0.32s
[INFO] [1783328039.610427169] [XARM_manager]: [COMPLIANT-RIGHT] gains updated: B=[3.9597979746446663, 5.6, 3.9597979746446663] K=[20.0, 40.0, 20.0] B_rot=[0.5, 0.5, 0.5] K_rot=[0.0, 0.0, 0.0]
[COMPLIANT-INSERT] insertion dir=[+0.77,-0.06,-0.63] planned_depth=3.3cm soft_axes=xz K=[20.0, 40.0, 20.0] B=[3.96, 5.6, 3.96] contact_thresh=1.5N
[INFO] [1783328040.443682991] [XARM_manager]: [COMPLIANT-RIGHT] n=200 hz=240.9 F=[+0.00,-0.98,+0.36]N disp=[-3.6,-0.8,+2.1]cm v=[+0.17,-0.11,-0.09]
[COMPLIANT-INSERT] insert s=4.0cm tcp_drop=-0.1cm lag=+4.0cm resist=-0.42N (throttle x0)
[INFO] [1783328041.281534374] [XARM_manager]: [COMPLIANT-RIGHT] n=400 hz=240.1 F=[-1.54,-0.26,+1.47]N disp=[-4.6,-0.4,+0.7]cm v=[+0.01,-0.07,+0.19]
[COMPLIANT-INSERT] insert s=4.6cm tcp_drop=0.7cm lag=+3.9cm resist=+21.23N (throttle x0)
[COMPLIANT-INSERT] ABORT no forward progress: tcp_drop 0.7cm < min 0.8cm (resist +22.7N). The arm is blocked before the descent started -- a wrist joint is saturated at its hard stop, or a residual force is pushing the tool backward. Re-teach this arm's elbow-high seed (so the grasp orientation keeps the wrist in range at the grasp pose) or lower the grasp tilt; do NOT just retry -- the arm will grind against the stop again.
[GRASP-EXEC] grasp TCP tracking: commanded=[0.5867,-0.2585,0.1878] achieved=[0.5594,-0.2731,0.1970] err=[-27.3,-14.6,+9.2]mm |err|=32.3mm approach-axis tilt: achieved=+55.9deg commanded=+49.3deg (0=level) ori-err=7.2deg
[JOINT-LIMIT] right closest-to-limit: wrist_pitch=-0.743 [-0.785,1.05] dist=0.042rad
[JOINT-LIMIT] right grasp per-joint: shoulder_pitch=-1.500[-2.96,+2.96](1.460) shoulder_roll=-0.294[-2.62,+0.26](0.556) shoulder_yaw=+2.354[-2.96,+2.96](0.606) elbow_pitch=-0.402[-2.61,+0.26](0.663) elbow_yaw=+0.997[-2.96,+2.96](1.963) wrist_pitch=-0.743[-0.79,+1.05](0.042) wrist_roll=-0.659[-1.30,+1.65](0.641)
[GRASP-EXEC] grasp insert failed to reach target; retrying with reduced long-axis alignment (yaw scale 0.50)
[GRASP-EXEC] continuous orientation: object long-axis yaw -80.3deg (angle-from-X 80.3deg); applied continuous yaw -0.2deg about waist Z (gain=1.00, clamp +/-90deg x scale 0.50) [top-down jaw-align: base jaw heading -169.9deg -> short-axis +9.7deg] -> quat=['-0.2214', '-0.2682', '0.9263', '-0.1448']
[GRASP-EXEC] recomputed TCP along final quat: detected_tcp_xyz=['0.3915', '-0.0844', '-0.0375'] -> consistent_tcp_xyz=['0.5672', '-0.2588', '0.1828']
[GRASP-EXEC] ELBOW-HIGH seed retry: yaw scale 0.50
[GRASP-EXEC] approach lateral clamp: approach Y -0.3262 -> -0.2588 (= grasp Y); tool_z outboard component would have pushed the standoff further from center than the grasp, which folds the elbow into its stop at far-outboard reaches.
[GRASP-EXEC] approach along grasp axis: dist=0.120m tool_z=[-0.332,-0.561,0.758] approach_xyz=['0.5473', '-0.2588', '0.2788']
[GRASP-EXEC] applied lift tilt -15.0deg about waist Y -> lift quat=['-0.3404', '-0.2470', '0.8895', '-0.1786']
[GRASP-EXEC] QP-Stream right -> approach (pure-pursuit): pos=8.4cm rot=7.3deg, lookahead=13cm @ 50Hz, pos_tol=2.0cm accept=2.5cm keep_ori=False
[INFO] [1783328042.163911686] [XARM_manager]: [COMPLIANT-RIGHT] n=600 hz=228.8 F=[+0.00,+0.00,+0.00]N disp=[-4.1,-1.0,+4.1]cm v=[+0.16,+0.08,-0.20]
[INFO] [1783328043.104412250] [XARM_manager]: [COMPLIANT-RIGHT] n=800 hz=215.6 F=[+0.00,+0.00,+0.00]N disp=[-3.6,+0.4,+7.0]cm v=[+0.18,-0.03,-0.20]
[INFO] [1783328044.030818299] [XARM_manager]: [COMPLIANT-RIGHT] n=1000 hz=217.4 F=[+0.00,-0.38,-1.04]N disp=[-3.8,+0.4,+5.9]cm v=[+0.19,-0.10,-0.20]
[INFO] [1783328044.949694357] [XARM_manager]: [COMPLIANT-RIGHT] n=1200 hz=220.5 F=[+0.00,-0.45,-1.10]N disp=[-3.4,+0.1,+6.1]cm v=[+0.19,-0.04,-0.20]
[INFO] [1783328045.883207019] [XARM_manager]: [COMPLIANT-RIGHT] n=1400 hz=216.0 F=[-0.25,-0.38,-0.98]N disp=[-4.0,-0.1,+2.8]cm v=[+0.20,-0.06,-0.20]
[INFO] [1783328046.821153904] [XARM_manager]: [COMPLIANT-RIGHT] n=1600 hz=216.1 F=[+0.00,+0.00,+0.00]N disp=[-3.8,-0.1,+2.3]cm v=[+0.20,+0.00,-0.07]
[INFO] [1783328047.760797846] [XARM_manager]: [COMPLIANT-RIGHT] n=1800 hz=215.7 F=[-0.08,+0.00,-0.86]N disp=[-3.5,-0.4,+5.5]cm v=[+0.16,+0.03,-0.20]
[INFO] [1783328048.688061467] [XARM_manager]: [COMPLIANT-RIGHT] n=2000 hz=218.2 F=[+0.59,+0.00,-1.73]N disp=[-3.3,-0.3,+6.0]cm v=[+0.18,-0.02,-0.20]
[INFO] [1783328049.605155934] [XARM_manager]: [COMPLIANT-RIGHT] n=2200 hz=221.9 F=[+0.00,-0.15,-1.19]N disp=[-4.0,-0.2,+5.5]cm v=[+0.20,-0.03,-0.20]
[GRASP-EXEC] QP-Stream approach: finished by deadline, 7.3cm from target
[GRASP-EXEC] QP-Stream approach: WARNING target not reached within 2.5cm (final 7.3cm)
[GRASP-EXEC] approach TCP tracking: commanded=[0.5473,-0.2588,0.2788] achieved=[0.5578,-0.2629,0.2062] err=[+10.5,-4.1,-72.6]mm |err|=73.5mm approach-axis tilt: achieved=+50.3deg commanded=+49.3deg (0=level) ori-err=2.6deg
[JOINT-LIMIT] right closest-to-limit: shoulder_yaw=2.8964 [-2.96,2.96] dist=0.0636rad
[JOINT-LIMIT] right approach per-joint: shoulder_pitch=-1.554[-2.96,+2.96](1.407) shoulder_roll=-0.205[-2.62,+0.26](0.467) shoulder_yaw=+2.896[-2.96,+2.96](0.064) elbow_pitch=-0.403[-2.61,+0.26](0.664) elbow_yaw=+0.521[-2.96,+2.96](2.438) wrist_pitch=-0.657[-0.79,+1.05](0.128) wrist_roll=-0.895[-1.30,+1.65](0.405)
[INFO] [1783328050.533071741] [XARM_manager]: [COMPLIANT-RIGHT] admittance loop stopped.
[JOINT-LIMIT] right closest-to-limit: shoulder_yaw=2.8966 [-2.96,2.96] dist=0.0634rad
[JOINT-LIMIT] right lift per-joint: shoulder_pitch=-1.552[-2.96,+2.96](1.407) shoulder_roll=-0.205[-2.62,+0.26](0.467) shoulder_yaw=+2.897[-2.96,+2.96](0.063) elbow_pitch=-0.402[-2.61,+0.26](0.663) elbow_yaw=+0.521[-2.96,+2.96](2.439) wrist_pitch=-0.657[-0.79,+1.05](0.128) wrist_roll=-0.895[-1.30,+1.65](0.405)
[GRASP-EXEC] ELBOW-HIGH QP joint limits restored on endpose_single_arm_qp_R_controller (back to hard limits).
[GRASP-EXEC] ELBOW-HIGH: wrist guard margin restored to full.
[INFO] [1783328050.553623896] [XARM_manager]: Deactivated controllers: ['endpose_single_arm_qp_R_controller']
[GRASP-EXEC] elbow-high seed ready/right: clamped 1 joint(s) inward (margin 0.05rad): shoulder_yaw +2.964->+2.910 [-2.960,2.960]
[GRASP-EXEC] ELBOW-HIGH: returning via transition waypoint before home (bridges elbow-high -> elbow-low without a large sweep).
[GRASP-EXEC] ELBOW-HIGH: right -> transition(return) joints=['-1.452', '-0.585', '1.455', '-1.870', '-0.746', '-0.142', '0.087']
[INFO] [1783328050.572751200] [XARM_manager]: Activated controllers: ['jointspace_arm_R_controller']
[INFO] [1783328050.573971592] [XARM_manager]: Sending goal to action server /jointspace_arm_R_controller/jointspace (attempt 1/3):
eai_manipulator_msgs.action.JointSpace_Goal(target_positions=[-1.4525, -0.5845, 1.455, -1.87, -0.7456999999999999, -0.14179999999999998, 0.08685])
[INFO] [1783328050.575692811] [XARM_manager]: Goal accepted. Waiting for result...
[INFO] [1783328052.449125612] [XARM_manager]: Action result received from /jointspace_arm_R_controller/jointspace
[INFO] [1783328052.449639307] [XARM_manager]: Action result: eai_manipulator_msgs.action.JointSpace_Result(success=True, result_msg='action finished')
[GRASP-EXEC] ELBOW-HIGH: transition(return) move result: eai_manipulator_msgs.action.JointSpace_Result(success=True, result_msg='action finished')
[GRASP-EXEC] RETURN HOME: right -> joints=['0.000', '-1.180', '0.000', '-1.300', '-1.400', '-0.130', '0.180']
[INFO] [1783328052.453849474] [XARM_manager]: Sending goal to action server /jointspace_arm_R_controller/jointspace (attempt 1/3):
eai_manipulator_msgs.action.JointSpace_Goal(target_positions=[0.0, -1.18, 0.0, -1.3, -1.4, -0.13, 0.18])
[INFO] [1783328052.456187109] [XARM_manager]: Goal accepted. Waiting for result...
[INFO] [1783328054.314197094] [XARM_manager]: Action result received from /jointspace_arm_R_controller/jointspace
[INFO] [1783328054.314700598] [XARM_manager]: Action result: eai_manipulator_msgs.action.JointSpace_Result(success=True, result_msg='action finished')
[GRASP-EXEC] return home result: eai_manipulator_msgs.action.JointSpace_Result(success=True, result_msg='action finished')
{
  "arm": "right",
  "pipeline_version": "accelerated",
  "motion_strategy": "qp_all",
  "dry_run": false,
  "motion": {
    "detected_pose7": [
      0.39150944055514453,
      -0.08436781199271663,
      -0.03754495982112224,
      0.00588331836040066,
      -0.731479730707223,
      -0.07029398127117834,
      0.6782046492959231
    ],
    "approach_pose7": [
      0.5473146435048568,
      -0.2588337663445933,
      0.27875043872925054,
      -0.22139375562411376,
      -0.26821369017725877,
      0.9263221833812203,
      -0.1448220768667423
    ],
    "grasp_pose7": [
      0.5872119275307289,
      -0.2588337663445933,
      0.18777934559993506,
      -0.22139375562411376,
      -0.26821369017725877,
      0.9263221833812203,
      -0.1448220768667423
    ],
    "lift_pose7": [
      0.5872119275307289,
      -0.2588337663445933,
      0.30777934559993503,
      -0.34040900871949176,
      -0.24701601063353498,
      0.8894996847869672,
      -0.1785920156031409
    ],
    "pre_home_pose7": [
      0.40721192753072893,
      -0.3588337663445933,
      0.357779345599935,
      -0.34040900871949176,
      -0.24701601063353498,
      0.8894996847869672,
      -0.1785920156031409
    ],
    "grasp_xyz_offset_m": [
      0.02,
      0.0,
      0.005
    ],
    "grasp_quat": [
      -0.22139375562411376,
      -0.26821369017725877,
      0.9263221833812203,
      -0.1448220768667423
    ],
    "use_fixed_grasp_quat": true,
    "phase_backends": {
      "approach": "qp_stream",
      "grasp": "qp_stream",
      "lift": "qp_stream"
    },
    "joint_limits_used": {
      "shoulder_pitch": [
        -2.96,
        2.96
      ],
      "shoulder_roll": [
        -2.616,
        0.262
      ],
      "shoulder_yaw": [
        -2.96,
        2.96
      ],
      "elbow_pitch": [
        -2.61,
        0.261
      ],
      "elbow_yaw": [
        -2.96,
        2.96
      ],
      "wrist_pitch": [
        -0.785,
        1.05
      ],
      "wrist_roll": [
        -1.3,
        1.65
      ]
    },
    "elbow_high_proactive_used": true,
    "elbow_high_orientation": "seed",
    "approach_tcp_tracking": {
      "commanded_xyz": [
        0.5473146435048568,
        -0.2588337663445933,
        0.27875043872925054
      ],
      "achieved_xyz": [
        0.5578092112514352,
        -0.2629017535327356,
        0.20615850776588135
      ],
      "error_mm": [
        10.49456774657842,
        -4.067987188142275,
        -72.5919309633692
      ],
      "error_norm_mm": 73.45932829083705,
      "achieved_quat": [
        -0.2002204344961696,
        -0.27404612052755184,
        0.9300804633140127,
        -0.14057323072176675
      ],
      "approach_axis_tilt_deg": 50.319867431731694,
      "commanded_approach_axis_tilt_deg": 49.29631922357086,
      "orientation_error_deg": 2.599299795772464
    },
    "approach_joint_limits": {
      "closest": {
        "joint": "shoulder_yaw",
        "value": 2.8964,
        "lower": -2.96,
        "upper": 2.96,
        "dist_to_limit": 0.0636,
        "nearest_side": "upper"
      },
      "breached": [],
      "margin_rad": 0.05
    },
    "compliant_insert": {
      "ok": false,
      "contact": false,
      "reason": "blocked_no_progress",
      "resist_n": 22.65878956719219,
      "traveled_m": 0.006590970430171037,
      "planned_depth_m": 0.03260121383163636,
      "ft_topic": "/arm_6dof_right",
      "calib_path": "/home/ubuntu/niu/compliant_grasp_execute/ft_calibration/ft_calibration_right.json",
      "calib_present": true,
      "commanded_m": 0.04618353972922351,
      "throttle_events": 0,
      "contact_kind": "blocked_no_progress"
    },
    "grasp_tcp_tracking": {
      "commanded_xyz": [
        0.5866797120038931,
        -0.2585170799515481,
        0.18777934559993503
      ],
      "achieved_xyz": [
        0.5593760383070762,
        -0.27313719394331315,
        0.1970243968502517
      ],
      "error_mm": [
        -27.303673696816965,
        -14.620113991765049,
        9.24505125031666
      ],
      "error_norm_mm": 32.321963168957424,
      "achieved_quat": [
        -0.20139072362826488,
        -0.2135747190451727,
        0.9470591402689549,
        -0.13002538465348693
      ],
      "approach_axis_tilt_deg": 55.85862164278804,
      "commanded_approach_axis_tilt_deg": 49.296319223570855,
      "orientation_error_deg": 7.206795743127217
    },
    "grasp_joint_limits": {
      "closest": {
        "joint": "wrist_pitch",
        "value": -0.743,
        "lower": -0.785,
        "upper": 1.05,
        "dist_to_limit": 0.042,
        "nearest_side": "lower"
      },
      "breached": [],
      "margin_rad": 0.05
    },
    "grasp_reach_retry_used": true,
    "grasp_reach_retry_yaw_scale": 0.5,
    "lift_joint_limits": {
      "closest": {
        "joint": "shoulder_yaw",
        "value": 2.8966,
        "lower": -2.96,
        "upper": 2.96,
        "dist_to_limit": 0.0634,
        "nearest_side": "upper"
      },
      "breached": [],
      "margin_rad": 0.05
    },
    "retract_ok": null,
    "return_home_ok": true,
    "released_on_finish_ok": null,
    "approach_ok": false,
    "grasp_ok": false,
    "lift_ok": true
  },
  "detection": {
    "class_name": "remote-control",
    "pose_head_roll_link": [
      0.8884460011865174,
      -0.10219902153706442,
      -0.05660532183975156,
      0.5906221159603522,
      0.7227651177281809,
      0.24760136076070682,
      0.25974923846535447
    ],
    "pose_tip_waist_yaw_link_rpy": {
      "x": 0.655650907121412,
      "y": -0.10959978922135953,
      "z": -0.018873244170047543,
      "roll": 3.097223458912543,
      "pitch": -0.04701107167841334,
      "yaw": 1.7393865228966963
    },
    "pose_tip_used_for_tcp_conversion_rpy": {
      "x": 0.655650907121412,
      "y": -0.10959978922135953,
      "z": -0.018873244170047543,
      "roll": 2.135430417042178,
      "pitch": -1.4392388174217656,
      "yaw": -2.226750000529939
    },
    "pose_tcp_waist_yaw_link_rpy": {
      "x": 0.39150944055514453,
      "y": -0.08436781199271663,
      "z": -0.03754495982112224,
      "roll": 2.135430417042178,
      "pitch": -1.4392388174217656,
      "yaw": -2.226750000529939
    },
    "pose_tcp_waist_yaw_link_pose7": [
      0.39150944055514453,
      -0.08436781199271663,
      -0.03754495982112224,
      0.00588331836040066,
      -0.731479730707223,
      -0.07029398127117834,
      0.6782046492959231
    ],
    "current_tcp_pose7": [
      0.3516951095212449,
      -0.5952508427824051,
      0.27501744532791284,
      0.00588331836040066,
      -0.731479730707223,
      -0.07029398127117834,
      0.6782046492959231
    ],
    "tcp_minus_tip_waist_m": [
      -0.2641414665662675,
      0.0252319772286429,
      -0.0186717156510747
    ],
    "tcp_to_tip_offset_m": [
      0.0,
      0.0,
      -0.266
    ],
    "orientation_policy": "current",
    "use_current_tcp_rotation": true,
    "rotation_source_arm": "right",
    "bbox_2d": [
      647.8848876953125,
      268.7436828613281,
      834.4129028320312,
      317.6281433105469
    ],
    "bbox_3d": {
      "min": [
        0.8612168844768234,
        -0.19310408708894872,
        -0.08291707909315674
      ],
      "max": [
        0.9295381983665525,
        -0.013824754422300252,
        -0.03432719661362775
      ],
      "center": [
        0.895377541421688,
        -0.10346442075562448,
        -0.058622137853392244
      ],
      "size": [
        0.06832131388972906,
        0.17927933266664847,
        0.04858988247952899
      ]
    },
    "object_long_axis_waist": [
      -0.16760731993552497,
      0.9847331481460017,
      0.046993757526890105
    ],
    "object_long_axis_yaw_waist_deg": -80.34049329608398,
    "object_angle_from_waist_x_deg": 80.34049329608399
  },
  "gripper": {
    "open_ok": true,
    "close_ok": null,
    "final_pos_pct": null,
    "backend": "modbus_rtu"
  },
  "ok": false
}
[GRASP-EXEC] saved result json: /tmp/grasp_exec.json
[GRASP-EXEC] saved handoff: /tmp/grasp_handoff.json (arm=right holding=False)
