[日志] 日志文件: logs/grasp/grasp_260708_131423.log
[日志] 执行命令: python3 -m grasp_pose_place_execute.main
[CONFIG] loaded 91 params from /home/ubuntu/niu/grasp_pose_place_execute/config.yaml
[PLACE-EXEC] ARM: handoff /tmp/grasp_handoff.json -> arm='left' holding=True object=['remote-control']
[INFO] [1783487663.564187346] [XARM_manager]: waiting for service /controller_manager/get_parameters to become available...
[INFO] [1783487664.616910799] [XARM_manager]: XARM_manager initialized, robot_type: tianyi2, run_type: real
[INFO] [1783487664.622735252] [XARM_manager]: 已订阅关节状态话题: /joint_states
[INFO] [1783487664.630888970] [XARM_manager]: 已订阅警告和错误信息话题: /manipulator/warn_and_error_info
[INFO] [1783487664.643648740] [XARM_manager]: /joint_action_report 服务已启动
[PLACE-EXEC] applied place tilt +45.0deg about waist Y -> quat=['-0.2294', '0.3262', '0.6764', '-0.6193']
[PLACE-EXEC] place TCP target (waist) from handoff grasp_pose7 (original detected grasp position): x=0.3289 y=0.2131 z=0.2161 (+5cm release clearance)
[PLACE-EXEC] approach along place axis: dist=0.120m extra_z=0.120m tool_z=[-0.714,0.157,0.682] approach_xyz=['0.2431', '0.2319', '0.4179']
[INFO] [1783487669.512009688] [XARM_manager]: Deactivated controllers: ['jointspace_arm_L_controller']
[PLACE-EXEC] arms enabled (mode 3); placing with 'left' arm
[PLACE-EXEC] gripper: connecting in background (overlaps approach)
[INFO] [1783487669.526494848] [XARM_manager]: Deactivated controllers: []
[GRASP-EXEC] gripper: arm='left' -> stable by-id port /dev/serial/by-id/usb-FTDI_FT231X_USB_UART_DU0E2IPR-if00-port0
[PLACE-EXEC] START HOME: left -> joints=['0.844', '0.026', '-0.006', '-2.216', '-1.529', '0.200', '0.683']
[INFO] [1783487669.544641541] [XARM_manager]: Activated controllers: ['jointspace_arm_L_controller']
[INFO] [1783487669.560427508] [XARM_manager]: Sending goal to action server /jointspace_arm_L_controller/jointspace (attempt 1/3):
eai_manipulator_msgs.action.JointSpace_Goal(target_positions=[0.844, 0.026, -0.006, -2.216, -1.529, 0.2, 0.683])
[INFO] [1783487669.561958311] [XARM_manager]: Goal accepted. Waiting for result...
[robotiq_api] gripper already activated (gSTA==3); skip resetActivate()
[GRASP-EXEC] gripper: cached serial port /dev/serial/by-id/usb-FTDI_FT231X_USB_UART_DU0E2IPR-if00-port0 -> /tmp/robotiq_gripper_port.txt
[GRASP-EXEC] gripper controller ready: backend=modbus_rtu port=auto slave=9 (wait_timeout=8.0s) [connect took 0.05s]
[INFO] [1783487670.126393566] [XARM_manager]: Action result received from /jointspace_arm_L_controller/jointspace
[INFO] [1783487670.126908152] [XARM_manager]: Action result: eai_manipulator_msgs.action.JointSpace_Result(success=True, result_msg='action finished')
[PLACE-EXEC] START HOME result: eai_manipulator_msgs.action.JointSpace_Result(success=True, result_msg='action finished')
[INFO] [1783487670.138950298] [XARM_manager]: Deactivated controllers: ['jointspace_arm_L_controller']
[WARN] [1783487670.774502725] [XARM_manager]: TF查找超时: waist_yaw_link <- left_tcp_link, 超时0.5s
[PLACE-EXEC] TF warmup ok: read TCP after 2 attempt(s)
[PLACE-EXEC] ARM: approach to middle waypoint
[INFO] [1783487670.794291914] [XARM_manager]: Activated controllers: ['endpose_single_arm_qp_L_controller']
[GRASP-EXEC] QP-Stream left -> approach (pure-pursuit): pos=30.5cm rot=74.6deg, lookahead=13cm @ 50Hz, pos_tol=2.0cm accept=2.5cm keep_ori=False
[GRASP-EXEC] approach TCP tracking: commanded=[0.2431,0.2319,0.4179] achieved=[0.2455,0.2290,0.4375] err=[+2.3,-2.9,+19.6]mm |err|=19.9mm approach-axis tilt: achieved=+37.3deg commanded=+43.0deg (0=level) ori-err=6.0deg
[PLACE-EXEC] ARM: HYBRID pre-descent (QP, fast transit) -> 17.7cm, leaving final 6.0cm for F/T compliant set-down
[GRASP-EXEC] QP-Stream left -> approach (pure-pursuit): pos=17.7cm rot=0.0deg, lookahead=13cm @ 50Hz, pos_tol=2.0cm accept=2.5cm keep_ori=True
[PLACE-EXEC] ARM: COMPLIANT set-down (F/T admittance descend-to-contact)
[INFO] [1783487676.586784215] [XARM_manager]: [COMPLIANT-LEFT] Loaded F/T calibration from /home/ubuntu/niu/compliant_grasp_execute/ft_calibration/ft_calibration_left.json
[INFO] [1783487676.608032980] [XARM_manager]: [COMPLIANT-LEFT] target set: p=[0.29870584164794084, 0.22867869798146084, 0.2797685428134431] q=[0.24606414082633418, -0.36786391191518814, -0.6604508245567576, 0.6065750483263809]
[INFO] [1783487676.608746397] [XARM_manager]: [COMPLIANT-LEFT] seeded QP target at captured pose (z=+0.2798).
[INFO] [1783487676.609447090] [XARM_manager]: [COMPLIANT-LEFT] admittance loop starting (calibrating force offset; keep hands off the arm briefly)...
[INFO] [1783487676.930963151] [XARM_manager]: [COMPLIANT-LEFT] runtime offset calibrated. p_ref=[0.29870584164794084, 0.22867869798146084, 0.2797685428134431], ready.
[COMPLIANT-INSERT] runtime force-offset calibrated in 0.32s
[INFO] [1783487676.933917688] [XARM_manager]: [COMPLIANT-LEFT] gains updated: B=[3.9597979746446663, 5.6, 3.9597979746446663] K=[20.0, 40.0, 20.0] B_rot=[0.5, 0.5, 0.5] K_rot=[0.0, 0.0, 0.0]
[COMPLIANT-INSERT] insertion dir=[+0.39,-0.16,-0.91] planned_depth=12.2cm soft_axes=xz K=[20.0, 40.0, 20.0] B=[3.96, 5.6, 3.96] contact_thresh=1.5N
[INFO] [1783487677.769726623] [XARM_manager]: [COMPLIANT-LEFT] n=200 hz=240.2 F=[+0.00,+0.00,+0.00]N disp=[-1.8,+0.7,+2.6]cm v=[+0.09,-0.05,-0.13]
[COMPLIANT-INSERT] insert s=6.3cm tcp_drop=3.2cm lag=+3.2cm resist=+0.43N (throttle x0)
[INFO] [1783487678.602968434] [XARM_manager]: [COMPLIANT-LEFT] n=400 hz=240.9 F=[+0.00,+0.00,+0.74]N disp=[-2.7,+0.8,+2.2]cm v=[+0.12,-0.06,-0.08]
[INFO] [1783487678.632163976] [XARM_manager]: [COMPLIANT-LEFT] gains updated: B=[10.844353369380768, 10.844353369380768, 10.844353369380768] K=[150.0, 150.0, 150.0] B_rot=[0.5, 0.5, 0.5] K_rot=[0.0, 0.0, 0.0]
[INFO] [1783487678.632730055] [XARM_manager]: [COMPLIANT-LEFT] target set: p=[0.3088089289647623, 0.2218105661572329, 0.2161162093981653] q=[0.24606414082633418, -0.36786391191518814, -0.6604508245567576, 0.6065750483263809]
[COMPLIANT-INSERT] CONTACT (force) at tcp_drop 6.3cm (resist 1.6N, thresh 1.5N); holding compliant for gripper close
[GRASP-EXEC] place TCP tracking: commanded=[0.3289,0.2131,0.2161] achieved=[0.3103,0.2208,0.2139] err=[-18.5,+7.7,-2.2]mm |err|=20.2mm approach-axis tilt: achieved=+39.0deg commanded=+43.0deg (0=level) ori-err=4.2deg
[PLACE-EXEC] GRIPPER: release (open) at place pose
[GRASP-EXEC] gripper release: start=90% -> target=0%
[INFO] [1783487679.438312458] [XARM_manager]: [COMPLIANT-LEFT] n=600 hz=240.4 F=[+0.00,+0.00,+0.47]N disp=[+0.2,+0.0,+0.4]cm v=[-0.03,-0.03,-0.01]
[GRASP-EXEC] gripper release result: pos=1% status=3 ok=True
[INFO] [1783487679.718688664] [XARM_manager]: [COMPLIANT-LEFT] admittance loop stopped.
[PLACE-EXEC] ARM: retract to pre-insert standoff (keep orientation)
[GRASP-EXEC] QP-Stream left -> retract (pure-pursuit): pos=21.0cm rot=0.0deg, lookahead=13cm @ 50Hz, pos_tol=2.0cm accept=2.5cm keep_ori=True
[GRASP-EXEC] retract TCP tracking: commanded=[0.2431,0.2319,0.4179] achieved=[0.2485,0.2266,0.4359] err=[+5.3,-5.3,+18.0]mm |err|=19.5mm approach-axis tilt: achieved=+33.6deg commanded=+43.0deg (0=level) ori-err=9.8deg
[INFO] [1783487682.870192878] [XARM_manager]: Deactivated controllers: ['endpose_single_arm_qp_L_controller']
[PLACE-EXEC] RETURN HOME: left -> joints=['0.844', '0.026', '-0.006', '-2.216', '-1.529', '0.200', '0.683']
[INFO] [1783487682.888227326] [XARM_manager]: Activated controllers: ['jointspace_arm_L_controller']
[INFO] [1783487682.889141868] [XARM_manager]: Sending goal to action server /jointspace_arm_L_controller/jointspace (attempt 1/3):
eai_manipulator_msgs.action.JointSpace_Goal(target_positions=[0.844, 0.026, -0.006, -2.216, -1.529, 0.2, 0.683])
[INFO] [1783487682.890464463] [XARM_manager]: Goal accepted. Waiting for result...
[INFO] [1783487686.364630192] [XARM_manager]: Action result received from /jointspace_arm_L_controller/jointspace
[INFO] [1783487686.365241214] [XARM_manager]: Action result: eai_manipulator_msgs.action.JointSpace_Result(success=True, result_msg='action finished')
[PLACE-EXEC] RETURN HOME result: eai_manipulator_msgs.action.JointSpace_Result(success=True, result_msg='action finished')
{
  "arm": "left",
  "motion_strategy": "qp_all",
  "dry_run": false,
  "motion": {
    "place_pose7": [
      0.3288558141713002,
      0.21306349991072943,
      0.21612187933935728,
      -0.22941393277711944,
      0.3262292453010775,
      0.6763556988345837,
      -0.6192630261948527
    ],
    "approach_pose7": [
      0.24313090285027616,
      0.23192256621226565,
      0.41794837380928324,
      -0.22941393277711944,
      0.3262292453010775,
      0.6763556988345837,
      -0.6192630261948527
    ],
    "approach_tcp_tracking": {
      "commanded_xyz": [
        0.24313090285027616,
        0.23192256621226565,
        0.41794837380928324
      ],
      "achieved_xyz": [
        0.24545582993828774,
        0.22899271594033407,
        0.43752021476319364
      ],
      "error_mm": [
        2.3249270880115747,
        -2.9298502719315724,
        19.571840953910403
      ],
      "error_norm_mm": 19.926019846062385,
      "achieved_quat": [
        0.24156750362623547,
        -0.3722731756333323,
        -0.6640808950333763,
        0.601709555140462
      ],
      "approach_axis_tilt_deg": 37.3091658498469,
      "commanded_approach_axis_tilt_deg": 42.99131199460442,
      "orientation_error_deg": 5.984233755411133
    },
    "compliant_place": {
      "ok": true,
      "contact": true,
      "reason": "contact",
      "resist_n": 1.5944268557967975,
      "traveled_m": 0.06273808580697368,
      "planned_depth_m": 0.1217034192565055,
      "ft_topic": "/arm_6dof_left",
      "calib_path": "/home/ubuntu/niu/compliant_grasp_execute/ft_calibration/ft_calibration_left.json",
      "calib_present": true,
      "commanded_m": 0.09272537595199308,
      "throttle_events": 0,
      "contact_kind": "force"
    },
    "place_tcp_tracking": {
      "commanded_xyz": [
        0.3288558141713002,
        0.21306349991072943,
        0.21612187933935728
      ],
      "achieved_xyz": [
        0.3103301562572284,
        0.2207959491481972,
        0.21390240241405287
      ],
      "error_mm": [
        -18.525657914071846,
        7.73244923746777,
        -2.2194769253044146
      ],
      "error_norm_mm": 20.19695150712571,
      "achieved_quat": [
        0.2387463204763607,
        -0.3587148984025719,
        -0.6674048847140127,
        0.6073668874600481
      ],
      "approach_axis_tilt_deg": 38.95041762350738,
      "commanded_approach_axis_tilt_deg": 42.99131199460442,
      "orientation_error_deg": 4.232450344112197
    },
    "retract_tcp_tracking": {
      "commanded_xyz": [
        0.24313090285027616,
        0.23192256621226565,
        0.41794837380928324
      ],
      "achieved_xyz": [
        0.24847447940217843,
        0.2266043903076309,
        0.4359398095240026
      ],
      "error_mm": [
        5.343576551902263,
        -5.318175904634737,
        17.99143571471934
      ],
      "error_norm_mm": 19.507141369138527,
      "achieved_quat": [
        0.25176859377209543,
        -0.39987643889465424,
        -0.6543705050076541,
        0.5903479067321059
      ],
      "approach_axis_tilt_deg": 33.60215094527668,
      "commanded_approach_axis_tilt_deg": 42.99131199460442,
      "orientation_error_deg": 9.75540289484748
    },
    "approach_ok": true,
    "place_ok": true,
    "released_ok": true,
    "lift_ok": null,
    "retract_ok": true,
    "return_home_ok": true
  },
  "ok": true
}
[PLACE-EXEC] saved result json: /tmp/place_exec.json
[PLACE-EXEC] updated handoff: /tmp/grasp_handoff.json (holding=false, placed=true)
