[日志] 日志文件: logs/grasp/grasp_260708_130302.log
[日志] 执行命令: python3 -m compliant_grasp_execute.main
[INFO] [1783486982.874674085] [XARM_manager]: waiting for service /controller_manager/get_parameters to become available...
[INFO] [1783486986.135060031] [XARM_manager]: XARM_manager initialized, robot_type: tianyi2, run_type: real
[INFO] [1783486986.141841218] [XARM_manager]: 已订阅关节状态话题: /joint_states
[INFO] [1783486986.147286460] [XARM_manager]: 已订阅警告和错误信息话题: /manipulator/warn_and_error_info
[INFO] [1783486986.157394590] [XARM_manager]: /joint_action_report 服务已启动
[CONFIG] loaded 201 params from /home/ubuntu/niu/compliant_grasp_execute/config.yaml
[GRASP-EXEC] STARTUP: enabling arms and moving BOTH to home posture
[INFO] [1783486991.882323486] [XARM_manager]: Deactivated controllers: ['jointspace_arm_L_controller']
[GRASP-EXEC] STARTUP: left -> home joints=['0.844', '0.026', '-0.006', '-2.216', '-1.529', '0.250', '0.683']
[INFO] [1783486991.911251230] [XARM_manager]: Activated controllers: ['jointspace_arm_L_controller']
[INFO] [1783486991.937982243] [XARM_manager]: Sending goal to action server /jointspace_arm_L_controller/jointspace (attempt 1/3):
eai_manipulator_msgs.action.JointSpace_Goal(target_positions=[0.844, 0.026, -0.006, -2.216, -1.529, 0.25, 0.683])
[INFO] [1783486992.152952764] [XARM_manager]: Goal accepted. Waiting for result...
[INFO] [1783486992.718917352] [XARM_manager]: Action result received from /jointspace_arm_L_controller/jointspace
[INFO] [1783486992.719231451] [XARM_manager]: Action result: eai_manipulator_msgs.action.JointSpace_Result(success=True, result_msg='action finished')
[GRASP-EXEC] STARTUP: right -> home joints=['0.844', '-0.026', '0.006', '-2.216', '1.529', '0.250', '-0.683']
[INFO] [1783486992.727716881] [XARM_manager]: Activated controllers: ['jointspace_arm_R_controller']
[INFO] [1783486992.741003309] [XARM_manager]: Sending goal to action server /jointspace_arm_R_controller/jointspace (attempt 1/3):
eai_manipulator_msgs.action.JointSpace_Goal(target_positions=[0.844, -0.026, 0.006, -2.216, 1.529, 0.25, -0.683])
[INFO] [1783486992.743098130] [XARM_manager]: Goal accepted. Waiting for result...
[INFO] [1783486993.195247875] [XARM_manager]: Action result received from /jointspace_arm_R_controller/jointspace
[INFO] [1783486993.195547217] [XARM_manager]: Action result: eai_manipulator_msgs.action.JointSpace_Result(success=True, result_msg='action finished')
[GRASP-EXEC] STARTUP: activating both grippers (open/close cycle)
[robotiq_api] gripper already activated (gSTA==3); skip resetActivate()
[GRASP-EXEC] STARTUP: gripper 'left' activated
[robotiq_api] gripper already activated (gSTA==3); skip resetActivate()
[GRASP-EXEC] STARTUP: gripper 'right' activated
perception health check pass
[object_pose] RGB (720, 1280, 3), depth (720, 1280), valid-depth pixels: 838023/921600 (median valid depth 0.953 m)
[GRASP-EXEC] ARM-SELECT: object waist Y=+0.150m (y >= boundary 0.000) -> 'left' arm
[GRASP-EXEC] applied grasp tilt +45.0deg about waist Y -> quat=['-0.2294', '0.3262', '0.6764', '-0.6193']
[GRASP-EXEC] continuous orientation: object long-axis yaw +0.9deg (angle-from-X 0.9deg); applied continuous yaw +0.9deg about waist Z (gain=1.00, clamp +/-15deg) -> quat=['-0.2321', '0.3243', '0.6712', '-0.6248']
[GRASP-EXEC] recomputed TCP along final quat: detected_tcp_xyz=['0.3074', '0.1969', '-0.1394'] -> consistent_tcp_xyz=['0.3454', '0.1882', '0.1693']
[GRASP-EXEC] approach lateral clamp: approach Y +0.2057 -> +0.1882 (= grasp Y); tool_z outboard component would have pushed the standoff further from center than the grasp, which folds the elbow into its stop at far-outboard reaches.
[GRASP-EXEC] approach along grasp axis: dist=0.120m tool_z=[-0.717,0.145,0.682] approach_xyz=['0.2994', '0.1882', '0.2561']
[GRASP-EXEC] applied lift tilt -15.0deg about waist Y -> lift quat=['-0.3177', '0.4031', '0.6352', '-0.5772']
[GRASP-EXEC] detected class=remote-control detected_pose7=['0.3074', '0.1969', '-0.1394', '0.6947', '0.5066', '-0.3432', '-0.3781'] -> motion grasp_pose7=['0.3854', '0.1882', '0.1743', '-0.2321', '0.3243', '0.6712', '-0.6248']
[INFO] [1783486996.931510887] [XARM_manager]: Deactivated controllers: ['jointspace_arm_L_controller', 'jointspace_arm_R_controller']
[GRASP-EXEC] arms enabled (mode 3) [took 0.02s]
[JOINT-LIMIT] left: using live controller limits from endpose_single_arm_qp_L_controller
[GRASP-EXEC] joint-limit guard ON (margin 0.050 rad) arm=left
[GRASP-EXEC] gripper: connecting in background (overlaps arm enable + approach to hide the slow serial open; --no-gripper-async-connect for the old blocking behaviour)
[GRASP-EXEC] ARM: approach via qp_stream
[GRASP-EXEC] gripper: arm='left' -> stable by-id port /dev/serial/by-id/usb-FTDI_FT231X_USB_UART_DU0E2IPR-if00-port0
[INFO] [1783486996.976189970] [XARM_manager]: Activated controllers: ['endpose_single_arm_qp_L_controller']
[GRASP-EXEC] QP-Stream left -> approach (pure-pursuit): pos=22.8cm rot=75.2deg, lookahead=13cm @ 50Hz, pos_tol=2.0cm accept=2.5cm keep_ori=False
[robotiq_api] gripper already activated (gSTA==3); skip resetActivate()
[GRASP-EXEC] gripper: cached serial port /dev/serial/by-id/usb-FTDI_FT231X_USB_UART_DU0E2IPR-if00-port0 -> /tmp/robotiq_gripper_port.txt
[GRASP-EXEC] gripper controller ready: backend=modbus_rtu port=auto slave=9 (wait_timeout=8.0s) [connect took 0.04s]
[GRASP-EXEC] approach TCP tracking: commanded=[0.2994,0.1882,0.2561] achieved=[0.3082,0.2033,0.2487] err=[+8.8,+15.1,-7.4]mm |err|=18.9mm approach-axis tilt: achieved=+43.4deg commanded=+43.0deg (0=level) ori-err=0.5deg
[JOINT-LIMIT] left closest-to-limit: wrist_pitch=0.9693 [-0.785,1.05] dist=0.0807rad
[JOINT-LIMIT] left approach per-joint: shoulder_pitch=-0.502[-2.96,+2.96](2.458) shoulder_roll=+0.703[-0.26,+2.62](0.965) shoulder_yaw=-0.669[-2.96,+2.96](2.291) elbow_pitch=-2.359[-2.61,+0.26](0.251) elbow_yaw=-1.027[-2.96,+2.96](1.933) wrist_pitch=+0.969[-0.79,+1.05](0.081) wrist_roll=-1.418[-1.65,+1.30](0.232)
[GRASP-EXEC] GRIPPER: open (after approach, before grasp insert)
[GRASP-EXEC] gripper already open enough: 1% (skip open command)
[GRASP-EXEC] ARM: HYBRID pre-descent (position QP-stream) -> 7.8cm, leaving final 3.0cm for F/T compliant descend-to-contact
[GRASP-EXEC] QP-Stream left -> pre-grasp (pure-pursuit): pos=7.8cm rot=0.0deg, lookahead=8cm @ 50Hz, pos_tol=1.0cm accept=2.5cm keep_ori=True
[GRASP-EXEC] ARM: COMPLIANT insert to grasp pose (F/T admittance descend-to-contact)
[INFO] [1783487001.478328906] [XARM_manager]: [COMPLIANT-LEFT] Loaded F/T calibration from /home/ubuntu/niu/compliant_grasp_execute/ft_calibration/ft_calibration_left.json
[INFO] [1783487001.498997219] [XARM_manager]: [COMPLIANT-LEFT] target set: p=[0.35765165838221014, 0.19210822973339559, 0.2002068900991802] q=[0.23705880759410192, -0.32477853213717156, -0.679130089924654, 0.6140882247395878]
[INFO] [1783487001.500389021] [XARM_manager]: [COMPLIANT-LEFT] seeded QP target at captured pose (z=+0.2002).
[INFO] [1783487001.501198651] [XARM_manager]: [COMPLIANT-LEFT] admittance loop starting (calibrating force offset; keep hands off the arm briefly)...
[INFO] [1783487001.842266255] [XARM_manager]: [COMPLIANT-LEFT] runtime offset calibrated. p_ref=[0.35765165838221014, 0.19210822973339559, 0.2002068900991802], ready.
[COMPLIANT-INSERT] runtime force-offset calibrated in 0.34s
[INFO] [1783487001.847067702] [XARM_manager]: [COMPLIANT-LEFT] gains updated: B=[3.9597979746446663, 5.6, 3.9597979746446663] K=[20.0, 40.0, 20.0] B_rot=[0.5, 0.5, 0.5] K_rot=[0.0, 0.0, 0.0]
[COMPLIANT-INSERT] insertion dir=[+0.73,-0.10,-0.68] planned_depth=3.8cm soft_axes=xz K=[20.0, 40.0, 20.0] B=[3.96, 5.6, 3.96] contact_thresh=1.5N
[INFO] [1783487002.677012191] [XARM_manager]: [COMPLIANT-LEFT] n=200 hz=241.3 F=[+0.00,+0.00,+0.00]N disp=[-2.6,+0.2,+3.2]cm v=[+0.13,-0.01,-0.16]
[COMPLIANT-INSERT] insert s=5.8cm tcp_drop=1.9cm lag=+3.9cm resist=-0.33N (throttle x0)
[INFO] [1783487003.506125194] [XARM_manager]: [COMPLIANT-LEFT] n=400 hz=241.8 F=[+0.00,+0.00,+0.00]N disp=[-1.3,-0.0,+2.5]cm v=[+0.06,+0.00,-0.13]
[COMPLIANT-INSERT] insert s=5.8cm tcp_drop=3.7cm lag=+2.1cm resist=-0.00N (throttle x0)
[INFO] [1783487004.342359429] [XARM_manager]: [COMPLIANT-LEFT] n=600 hz=240.5 F=[+0.00,+0.00,+0.00]N disp=[-0.6,-0.1,+1.7]cm v=[+0.03,+0.01,-0.09]
[COMPLIANT-INSERT] insert s=5.8cm tcp_drop=4.7cm lag=+1.1cm resist=+0.14N (throttle x0)
[INFO] [1783487005.177950102] [XARM_manager]: [COMPLIANT-LEFT] n=800 hz=240.0 F=[+0.00,+0.00,+0.00]N disp=[-0.3,-0.1,+1.1]cm v=[+0.01,+0.01,-0.06]
[INFO] [1783487005.411620294] [XARM_manager]: [COMPLIANT-LEFT] gains updated: B=[10.844353369380768, 10.844353369380768, 10.844353369380768] K=[150.0, 150.0, 150.0] B_rot=[0.5, 0.5, 0.5] K_rot=[0.0, 0.0, 0.0]
[INFO] [1783487005.411938274] [XARM_manager]: [COMPLIANT-LEFT] target set: p=[0.39792312302995336, 0.18538624308211277, 0.17011821498417704] q=[0.23705880759410192, -0.32477853213717156, -0.679130089924654, 0.6140882247395878]
[COMPLIANT-INSERT] reached commanded depth (tcp_drop 5.0cm of planned 3.8cm) WITHOUT contact (resist 0.2N < 1.5N); proceeding to close anyway
[GRASP-EXEC] grasp TCP tracking: commanded=[0.3854,0.1882,0.1743] achieved=[0.3983,0.1851,0.1702] err=[+12.9,-3.1,-4.1]mm |err|=13.9mm approach-axis tilt: achieved=+41.9deg commanded=+43.0deg (0=level) ori-err=2.1deg
[JOINT-LIMIT] left closest-to-limit: wrist_pitch=0.67 [-0.785,1.05] dist=0.38rad
[JOINT-LIMIT] left grasp per-joint: shoulder_pitch=-0.508[-2.96,+2.96](2.452) shoulder_roll=+0.495[-0.26,+2.62](0.757) shoulder_yaw=-0.691[-2.96,+2.96](2.269) elbow_pitch=-1.868[-2.61,+0.26](0.742) elbow_yaw=-0.897[-2.96,+2.96](2.063) wrist_pitch=+0.670[-0.79,+1.05](0.380) wrist_roll=-1.020[-1.65,+1.30](0.630)
[GRASP-EXEC] GRIPPER: close at grasp pose (after arm motion, not at approach)
[GRASP-EXEC] gripper close: start=1% -> target=100%
[INFO] [1783487006.015483042] [XARM_manager]: [COMPLIANT-LEFT] n=1000 hz=239.7 F=[-0.15,+1.29,+7.53]N disp=[-0.0,+0.1,+0.5]cm v=[-0.00,+0.12,+0.20]
[INFO] [1783487006.848569884] [XARM_manager]: [COMPLIANT-LEFT] n=1200 hz=241.2 F=[+0.00,+0.00,+0.00]N disp=[+0.1,+0.2,+1.0]cm v=[-0.01,-0.02,-0.13]
[GRASP-EXEC] gripper close result: pos=90% status=3 ok=True
[INFO] [1783487007.616351866] [XARM_manager]: [COMPLIANT-LEFT] admittance loop stopped.
[GRASP-EXEC] ARM: rotate wrist away from table -20deg about waist Y before lift
[GRASP-EXEC] QP-Stream left -> table-clear (pure-pursuit): pos=0.0cm rot=20.0deg, lookahead=13cm @ 50Hz, pos_tol=2.0cm accept=2.5cm keep_ori=False
[GRASP-EXEC] ARM: lift after grasp
[GRASP-EXEC] QP-Stream left -> lift (pure-pursuit): pos=11.0cm rot=0.0deg, lookahead=13cm @ 50Hz, pos_tol=2.0cm accept=2.5cm keep_ori=True
[JOINT-LIMIT] left closest-to-limit: wrist_pitch=0.8524 [-0.785,1.05] dist=0.1976rad
[JOINT-LIMIT] left lift per-joint: shoulder_pitch=-0.804[-2.96,+2.96](2.155) shoulder_roll=+0.615[-0.26,+2.62](0.877) shoulder_yaw=-0.721[-2.96,+2.96](2.239) elbow_pitch=-2.008[-2.61,+0.26](0.602) elbow_yaw=-0.783[-2.96,+2.96](2.177) wrist_pitch=+0.852[-0.79,+1.05](0.198) wrist_roll=-1.345[-1.65,+1.30](0.305)
[INFO] [1783487008.675111648] [XARM_manager]: Deactivated controllers: ['endpose_single_arm_qp_L_controller']
[GRASP-EXEC] ELBOW-LOW: returning HOME directly (no pre-home waypoint)
[GRASP-EXEC] RETURN HOME: left -> joints=['0.844', '0.026', '-0.006', '-2.216', '-1.529', '0.250', '0.683']
[INFO] [1783487008.694996832] [XARM_manager]: Activated controllers: ['jointspace_arm_L_controller']
[INFO] [1783487008.695999045] [XARM_manager]: Sending goal to action server /jointspace_arm_L_controller/jointspace (attempt 1/3):
eai_manipulator_msgs.action.JointSpace_Goal(target_positions=[0.844, 0.026, -0.006, -2.216, -1.529, 0.25, 0.683])
[INFO] [1783487008.698309536] [XARM_manager]: Goal accepted. Waiting for result...
[INFO] [1783487010.990076378] [XARM_manager]: Action result received from /jointspace_arm_L_controller/jointspace
[INFO] [1783487010.990359654] [XARM_manager]: Action result: eai_manipulator_msgs.action.JointSpace_Result(success=True, result_msg='action finished')
[GRASP-EXEC] return home result: eai_manipulator_msgs.action.JointSpace_Result(success=True, result_msg='action finished')
{
  "arm": "left",
  "pipeline_version": "accelerated",
  "motion_strategy": "qp_all",
  "dry_run": false,
  "motion": {
    "detected_pose7": [
      0.30737278592418427,
      0.19686600916147357,
      -0.13939758065990085,
      0.6947313469502276,
      0.5065592601528399,
      -0.34315142077213634,
      -0.37814438239936105
    ],
    "approach_pose7": [
      0.2993909462228322,
      0.18823133490624655,
      0.2560940665040492,
      -0.23210824948679454,
      0.3243177971714646,
      0.6712030835798726,
      -0.6248440985965183
    ],
    "grasp_pose7": [
      0.3854165064817782,
      0.18823133490624655,
      0.1742675720341232,
      -0.23210824948679454,
      0.3243177971714646,
      0.6712030835798726,
      -0.6248440985965183
    ],
    "lift_pose7": [
      0.3854165064817782,
      0.18823133490624655,
      0.29426757203412324,
      -0.3177321139421906,
      0.40310173437869623,
      0.6351646421651478,
      -0.5771665035792825
    ],
    "pre_home_pose7": [
      0.20541650648177823,
      0.08823133490624654,
      0.3442675720341232,
      -0.3177321139421906,
      0.40310173437869623,
      0.6351646421651478,
      -0.5771665035792825
    ],
    "grasp_xyz_offset_m": [
      0.04,
      0.0,
      0.005
    ],
    "grasp_quat": [
      -0.23210824948679454,
      0.3243177971714646,
      0.6712030835798726,
      -0.6248440985965183
    ],
    "use_fixed_grasp_quat": true,
    "phase_backends": {
      "approach": "qp_stream",
      "grasp": "qp_stream",
      "lift": "qp_stream"
    },
    "joint_limits_used": {
      "shoulder_pitch": [
        -2.96,
        2.96
      ],
      "shoulder_roll": [
        -0.262,
        2.616
      ],
      "shoulder_yaw": [
        -2.96,
        2.96
      ],
      "elbow_pitch": [
        -2.61,
        0.261
      ],
      "elbow_yaw": [
        -2.96,
        2.96
      ],
      "wrist_pitch": [
        -0.785,
        1.05
      ],
      "wrist_roll": [
        -1.65,
        1.3
      ]
    },
    "approach_tcp_tracking": {
      "commanded_xyz": [
        0.2993909462228322,
        0.18823133490624655,
        0.2560940665040492
      ],
      "achieved_xyz": [
        0.30821767437434844,
        0.20329469554149726,
        0.24872795557715136
      ],
      "error_mm": [
        8.82672815151625,
        15.06336063525071,
        -7.3661109268978455
      ],
      "error_norm_mm": 18.94928900185318,
      "achieved_quat": [
        0.2304059121523614,
        -0.32134058997614856,
        -0.6708620134507004,
        0.6273734930548879
      ],
      "approach_axis_tilt_deg": 43.41728571459704,
      "commanded_approach_axis_tilt_deg": 42.99131199460442,
      "orientation_error_deg": 0.4898827087696419
    },
    "approach_joint_limits": {
      "closest": {
        "joint": "wrist_pitch",
        "value": 0.9693,
        "lower": -0.785,
        "upper": 1.05,
        "dist_to_limit": 0.0807,
        "nearest_side": "upper"
      },
      "breached": [],
      "margin_rad": 0.05
    },
    "compliant_insert": {
      "ok": true,
      "contact": false,
      "reason": "reached_depth_no_contact",
      "resist_n": 0.23598713130320953,
      "traveled_m": 0.05039226077452762,
      "planned_depth_m": 0.038193786473365736,
      "ft_topic": "/arm_6dof_left",
      "calib_path": "/home/ubuntu/niu/compliant_grasp_execute/ft_calibration/ft_calibration_left.json",
      "calib_present": true,
      "commanded_m": 0.05819378647336573,
      "throttle_events": 0
    },
    "grasp_tcp_tracking": {
      "commanded_xyz": [
        0.3854165064817782,
        0.18823133490624655,
        0.1742675720341232
      ],
      "achieved_xyz": [
        0.3983332526739353,
        0.18509276745774145,
        0.17019294328086537
      ],
      "error_mm": [
        12.916746192157103,
        -3.138567448505103,
        -4.074628753257842
      ],
      "error_norm_mm": 13.90307654076235,
      "achieved_quat": [
        0.23949224868706553,
        -0.33017969864894753,
        -0.6786899710221351,
        0.6107411502861718
      ],
      "approach_axis_tilt_deg": 41.85514540231987,
      "commanded_approach_axis_tilt_deg": 42.99131199460442,
      "orientation_error_deg": 2.124868099192829
    },
    "grasp_joint_limits": {
      "closest": {
        "joint": "wrist_pitch",
        "value": 0.67,
        "lower": -0.785,
        "upper": 1.05,
        "dist_to_limit": 0.38,
        "nearest_side": "upper"
      },
      "breached": [],
      "margin_rad": 0.05
    },
    "lift_joint_limits": {
      "closest": {
        "joint": "wrist_pitch",
        "value": 0.8524,
        "lower": -0.785,
        "upper": 1.05,
        "dist_to_limit": 0.1976,
        "nearest_side": "upper"
      },
      "breached": [],
      "margin_rad": 0.05
    },
    "retract_ok": null,
    "return_home_ok": true,
    "released_on_finish_ok": null,
    "approach_ok": true,
    "grasp_ok": true,
    "lift_ok": true
  },
  "detection": {
    "class_name": "remote-control",
    "pose_head_roll_link": [
      0.7910224927362175,
      0.1505623807695465,
      -0.13145860309554894,
      -0.35756489108119593,
      0.0252069341749173,
      0.9335473096988446,
      -0.0011746019085419241
    ],
    "pose_tip_waist_yaw_link_rpy": {
      "x": 0.5361064983891086,
      "y": 0.1495806647702775,
      "z": -0.012114490707546,
      "roll": 0.04541718083995276,
      "pitch": 0.03554108942849443,
      "yaw": -3.1250262801918227
    },
    "pose_tip_used_for_tcp_conversion_rpy": {
      "x": 0.5361064983891086,
      "y": 0.1495806647702775,
      "z": -0.012114490707546,
      "roll": -2.07216014804983,
      "pitch": 0.09382863472720926,
      "yaw": 1.3156367082469231
    },
    "pose_tcp_waist_yaw_link_rpy": {
      "x": 0.30737278592418427,
      "y": 0.19686600916147357,
      "z": -0.13939758065990085,
      "roll": -2.07216014804983,
      "pitch": 0.09382863472720926,
      "yaw": 1.3156367082469231
    },
    "pose_tcp_waist_yaw_link_pose7": [
      0.30737278592418427,
      0.19686600916147357,
      -0.13939758065990085,
      0.6947313469502276,
      0.5065592601528399,
      -0.34315142077213634,
      -0.37814438239936105
    ],
    "current_tcp_pose7": [
      0.1156235735422327,
      -0.25792578887594886,
      0.14130447718937897,
      0.6947313469502276,
      0.5065592601528399,
      -0.34315142077213634,
      -0.37814438239936105
    ],
    "tcp_minus_tip_waist_m": [
      -0.22873371246492435,
      0.047285344391196055,
      -0.12728308995235485
    ],
    "tcp_to_tip_offset_m": [
      0.0,
      0.0,
      -0.266
    ],
    "orientation_policy": "current",
    "use_current_tcp_rotation": true,
    "rotation_source_arm": "right",
    "bbox_2d": [
      486.95281982421875,
      280.74072265625,
      540.8720703125,
      453.6214904785156
    ],
    "bbox_3d": {
      "min": [
        0.7288054872870614,
        0.1282948771424224,
        -0.19316426826958336
      ],
      "max": [
        0.8620915423001924,
        0.1780667475210502,
        -0.0678528157655833
      ],
      "center": [
        0.7954485147936269,
        0.1531808123317363,
        -0.13050854201758333
      ],
      "size": [
        0.13328605501313096,
        0.04977187037862779,
        0.12531145250400005
      ]
    },
    "object_long_axis_waist": [
      -0.9992313493924224,
      -0.016555154164294466,
      -0.035533607500434675
    ],
    "object_long_axis_yaw_waist_deg": 0.9491832775414935,
    "object_angle_from_waist_x_deg": 0.9491832775415036
  },
  "gripper": {
    "open_ok": true,
    "close_ok": true,
    "final_pos_pct": 90.0,
    "backend": "modbus_rtu"
  },
  "ok": true
}
[GRASP-EXEC] saved result json: /tmp/grasp_exec.json
[GRASP-EXEC] saved handoff: /tmp/grasp_handoff.json (arm=left holding=True)
