[日志] 日志文件: logs/grasp/grasp_260706_152900.log
[日志] 执行命令: python3 -m compliant_grasp_execute.main
[INFO] [1783322941.303876076] [XARM_manager]: waiting for service /controller_manager/get_parameters to become available...
[INFO] [1783322943.064291283] [XARM_manager]: XARM_manager initialized, robot_type: tianyi2, run_type: real
[INFO] [1783322943.073298309] [XARM_manager]: 已订阅关节状态话题: /joint_states
[INFO] [1783322943.079456515] [XARM_manager]: 已订阅警告和错误信息话题: /manipulator/warn_and_error_info
[INFO] [1783322943.086774821] [XARM_manager]: /joint_action_report 服务已启动
[CONFIG] loaded 198 params from /home/ubuntu/niu/compliant_grasp_execute/config.yaml
[GRASP-EXEC] STARTUP: enabling arms and moving BOTH to home posture
[INFO] [1783322950.258815139] [XARM_manager]: Deactivated controllers: ['jointspace_arm_L_controller', 'jointspace_arm_R_controller']
[GRASP-EXEC] STARTUP: left -> home joints=['0.000', '1.180', '0.000', '-1.300', '1.400', '-0.130', '0.180']
[INFO] [1783322950.282617476] [XARM_manager]: Activated controllers: ['jointspace_arm_L_controller']
[INFO] [1783322950.297802952] [XARM_manager]: Sending goal to action server /jointspace_arm_L_controller/jointspace (attempt 1/3):
eai_manipulator_msgs.action.JointSpace_Goal(target_positions=[0.0, 1.18, 0.0, -1.3, 1.4, -0.13, 0.18])
[INFO] [1783322950.299273038] [XARM_manager]: Goal accepted. Waiting for result...
[INFO] [1783322950.394990626] [XARM_manager]: Action result received from /jointspace_arm_L_controller/jointspace
[INFO] [1783322950.395226514] [XARM_manager]: Action result: eai_manipulator_msgs.action.JointSpace_Result(success=True, result_msg='action finished')
[GRASP-EXEC] STARTUP: right -> home joints=['0.000', '-1.180', '0.000', '-1.300', '-1.400', '-0.130', '0.180']
[INFO] [1783322950.404233356] [XARM_manager]: Activated controllers: ['jointspace_arm_R_controller']
[INFO] [1783322950.416868584] [XARM_manager]: Sending goal to action server /jointspace_arm_R_controller/jointspace (attempt 1/3):
eai_manipulator_msgs.action.JointSpace_Goal(target_positions=[0.0, -1.18, 0.0, -1.3, -1.4, -0.13, 0.18])
[INFO] [1783322950.418878257] [XARM_manager]: Goal accepted. Waiting for result...
[INFO] [1783322950.552279964] [XARM_manager]: Action result received from /jointspace_arm_R_controller/jointspace
[INFO] [1783322950.552536711] [XARM_manager]: Action result: eai_manipulator_msgs.action.JointSpace_Result(success=True, result_msg='action finished')
[GRASP-EXEC] STARTUP: activating both grippers (open/close cycle)
[robotiq_api] gripper already activated (gSTA==3); skip resetActivate()
[GRASP-EXEC] STARTUP: gripper 'left' activated
[robotiq_api] gripper already activated (gSTA==3); skip resetActivate()
[GRASP-EXEC] STARTUP: gripper 'right' activated
perception health check pass
[object_pose] RGB (720, 1280, 3), depth (720, 1280), valid-depth pixels: 903769/921600 (median valid depth 1.198 m)
[GRASP-EXEC] ARM-SELECT: object waist Y=+0.330m (y >= boundary 0.000) -> 'left' arm
[GRASP-EXEC] reach tilt reduction: object |Y|=0.330m -> tilt_scale=0.40 (backed the side-tilt off so the elbow can extend to a far-outboard object instead of folding into its stop)
[GRASP-EXEC] applied grasp tilt +18.0deg about waist Y (tilt scale 1.00 x reach 0.40) -> quat=['-0.3810', '0.4618', '0.6041', '-0.5260']
[GRASP-EXEC] continuous orientation: object long-axis yaw +1.8deg (angle-from-X 1.8deg); applied continuous yaw +1.8deg about waist Z (gain=1.00, clamp +/-15deg) -> quat=['-0.3880', '0.4559', '0.5959', '-0.5352']
[GRASP-EXEC] recomputed TCP along final quat: detected_tcp_xyz=['0.1760', '0.3556', '-0.0443'] -> consistent_tcp_xyz=['0.1873', '0.3642', '0.0495']
[GRASP-EXEC] approach lateral clamp: approach Y +0.3795 -> +0.3642 (= grasp Y); tool_z outboard component would have pushed the standoff further from center than the grasp, which folds the elbow into its stop at far-outboard reaches.
[GRASP-EXEC] approach along grasp axis: dist=0.120m tool_z=[-0.950,0.128,0.283] approach_xyz=['0.0933', '0.3642', '0.0885']
[GRASP-EXEC] applied lift tilt -15.0deg about waist Y -> lift quat=['-0.4625', '0.5218', '0.5402', '-0.4711']
[GRASP-EXEC] detected class=remote-control detected_pose7=['0.1760', '0.3556', '-0.0443', '0.0056', '-0.7312', '-0.0707', '0.6785'] -> motion grasp_pose7=['0.2073', '0.3642', '0.0545', '-0.3880', '0.4559', '0.5959', '-0.5352']
[INFO] [1783322954.165735775] [XARM_manager]: Deactivated controllers: ['jointspace_arm_L_controller', 'jointspace_arm_R_controller']
[GRASP-EXEC] arms enabled (mode 3) [took 0.03s]
[JOINT-LIMIT] left: using live controller limits from endpose_single_arm_qp_L_controller
[GRASP-EXEC] joint-limit guard ON (margin 0.050 rad) arm=left
[GRASP-EXEC] gripper: arm='left' -> stable by-id port /dev/serial/by-id/usb-FTDI_FT231X_USB_UART_DU0E2IPR-if00-port0
[GRASP-EXEC] gripper: connecting in background (overlaps arm enable + approach to hide the slow serial open; --no-gripper-async-connect for the old blocking behaviour)
[GRASP-EXEC] ARM: approach via qp_stream
[INFO] [1783322954.209028291] [XARM_manager]: Activated controllers: ['endpose_single_arm_qp_L_controller']
[GRASP-EXEC] QP-Stream left -> approach (pure-pursuit): pos=40.5cm rot=105.5deg, lookahead=13cm @ 50Hz, pos_tol=2.0cm accept=2.5cm keep_ori=False
[robotiq_api] gripper already activated (gSTA==3); skip resetActivate()
[GRASP-EXEC] gripper: cached serial port /dev/serial/by-id/usb-FTDI_FT231X_USB_UART_DU0E2IPR-if00-port0 -> /tmp/robotiq_gripper_port.txt
[GRASP-EXEC] gripper controller ready: backend=modbus_rtu port=auto slave=9 (wait_timeout=8.0s) [connect took 0.04s]
[GRASP-EXEC] approach TCP tracking: commanded=[0.0933,0.3642,0.0885] achieved=[0.0985,0.3827,0.0861] err=[+5.2,+18.5,-2.3]mm |err|=19.4mm approach-axis tilt: achieved=+16.7deg commanded=+16.5deg (0=level) ori-err=2.7deg
[JOINT-LIMIT] left closest-to-limit: elbow_pitch=-2.0707 [-2.61,0.261] dist=0.5393rad
[JOINT-LIMIT] left approach per-joint: shoulder_pitch=+1.078[-2.96,+2.96](1.882) shoulder_roll=+0.896[-0.26,+2.62](1.159) shoulder_yaw=-0.016[-2.96,+2.96](2.944) elbow_pitch=-2.071[-2.61,+0.26](0.539) elbow_yaw=-0.753[-2.96,+2.96](2.207) wrist_pitch=+0.270[-0.79,+1.05](0.780) wrist_roll=+0.470[-1.65,+1.30](0.830)
[GRASP-EXEC] GRIPPER: open (after approach, before grasp insert)
[GRASP-EXEC] gripper already open enough: 1% (skip open command)
[GRASP-EXEC] ARM: HYBRID pre-descent (position QP-stream) -> 8.5cm, leaving final 3.0cm for F/T compliant descend-to-contact
[GRASP-EXEC] QP-Stream left -> pre-grasp (pure-pursuit): pos=8.5cm rot=0.0deg, lookahead=8cm @ 50Hz, pos_tol=1.0cm accept=2.5cm keep_ori=True
[GRASP-EXEC] ARM: COMPLIANT insert to grasp pose (F/T admittance descend-to-contact)
[INFO] [1783322957.744746094] [XARM_manager]: [COMPLIANT-LEFT] Loaded F/T calibration from /home/ubuntu/niu/compliant_grasp_execute/ft_calibration/ft_calibration_left.json
[INFO] [1783322957.765692603] [XARM_manager]: [COMPLIANT-LEFT] target set: p=[0.18110880096354093, 0.3690055586768632, 0.07091823623881699] q=[0.40205849866023236, -0.4439634585832637, -0.6002748126706293, 0.5300146793920975]
[INFO] [1783322957.766112608] [XARM_manager]: [COMPLIANT-LEFT] seeded QP target at captured pose (z=+0.0709).
[INFO] [1783322957.767311630] [XARM_manager]: [COMPLIANT-LEFT] admittance loop starting (calibrating force offset; keep hands off the arm briefly)...
[INFO] [1783322958.101723118] [XARM_manager]: [COMPLIANT-LEFT] runtime offset calibrated. p_ref=[0.18110880096354093, 0.3690055586768632, 0.07091823623881699], ready.
[COMPLIANT-INSERT] runtime force-offset calibrated in 0.35s
[INFO] [1783322958.117396157] [XARM_manager]: [COMPLIANT-LEFT] gains updated: B=[3.9597979746446663, 5.6, 3.9597979746446663] K=[20.0, 40.0, 20.0] B_rot=[0.5, 0.5, 0.5] K_rot=[0.0, 0.0, 0.0]
[COMPLIANT-INSERT] insertion dir=[+0.84,-0.15,-0.52] planned_depth=3.1cm soft_axes=xz K=[20.0, 40.0, 20.0] B=[3.96, 5.6, 3.96] contact_thresh=1.5N
[INFO] [1783322958.941053330] [XARM_manager]: [COMPLIANT-LEFT] n=200 hz=239.9 F=[+0.00,+0.00,+0.00]N disp=[-1.8,+0.4,+2.3]cm v=[+0.09,-0.03,-0.12]
[COMPLIANT-INSERT] insert s=5.1cm tcp_drop=2.8cm lag=+2.3cm resist=+0.21N (throttle x0)
[INFO] [1783322959.752425470] [XARM_manager]: [COMPLIANT-LEFT] gains updated: B=[10.844353369380768, 10.844353369380768, 10.844353369380768] K=[150.0, 150.0, 150.0] B_rot=[0.5, 0.5, 0.5] K_rot=[0.0, 0.0, 0.0]
[INFO] [1783322959.753950631] [XARM_manager]: [COMPLIANT-LEFT] target set: p=[0.21822512669350413, 0.35884378137714634, 0.05955729437627555] q=[0.40205849866023236, -0.4439634585832637, -0.6002748126706293, 0.5300146793920975]
[COMPLIANT-INSERT] CONTACT (force) at tcp_drop 3.9cm (resist 2.2N, thresh 1.5N); holding compliant for gripper close
[INFO] [1783322959.780032784] [XARM_manager]: [COMPLIANT-LEFT] n=400 hz=239.6 F=[+0.00,+0.00,+3.46]N disp=[+0.0,+0.0,+0.0]cm v=[-0.00,+0.00,+0.20]
[GRASP-EXEC] grasp TCP tracking: commanded=[0.2073,0.3642,0.0545] achieved=[0.2175,0.3570,0.0600] err=[+10.2,-7.2,+5.5]mm |err|=13.6mm approach-axis tilt: achieved=+18.7deg commanded=+16.5deg (0=level) ori-err=4.0deg
[JOINT-LIMIT] left closest-to-limit: elbow_pitch=-1.8977 [-2.61,0.261] dist=0.7123rad
[JOINT-LIMIT] left grasp per-joint: shoulder_pitch=+0.518[-2.96,+2.96](2.442) shoulder_roll=+0.740[-0.26,+2.62](1.002) shoulder_yaw=-0.151[-2.96,+2.96](2.809) elbow_pitch=-1.898[-2.61,+0.26](0.712) elbow_yaw=-0.876[-2.96,+2.96](2.084) wrist_pitch=+0.151[-0.79,+1.05](0.899) wrist_roll=+0.049[-1.65,+1.30](1.251)
[GRASP-EXEC] GRIPPER: close at grasp pose (after arm motion, not at approach)
[GRASP-EXEC] gripper close: start=1% -> target=100%
[INFO] [1783322960.616602954] [XARM_manager]: [COMPLIANT-LEFT] n=600 hz=240.2 F=[-2.28,-4.97,+25.18]N disp=[-1.0,-0.6,+0.7]cm v=[-0.06,-0.20,+0.20]
[GRASP-EXEC] gripper close result: pos=90% status=3 ok=True
[INFO] [1783322961.044116948] [XARM_manager]: [COMPLIANT-LEFT] admittance loop stopped.
[GRASP-EXEC] ARM: rotate wrist away from table -20deg about waist Y before lift
[GRASP-EXEC] QP-Stream left -> table-clear (pure-pursuit): pos=0.0cm rot=20.0deg, lookahead=13cm @ 50Hz, pos_tol=2.0cm accept=2.5cm keep_ori=False
[GRASP-EXEC] ARM: lift after grasp
[GRASP-EXEC] QP-Stream left -> lift (pure-pursuit): pos=9.9cm rot=0.0deg, lookahead=13cm @ 50Hz, pos_tol=2.0cm accept=2.5cm keep_ori=True
[JOINT-LIMIT] left closest-to-limit: elbow_pitch=-2.2313 [-2.61,0.261] dist=0.3787rad
[JOINT-LIMIT] left lift per-joint: shoulder_pitch=+0.623[-2.96,+2.96](2.337) shoulder_roll=+0.524[-0.26,+2.62](0.786) shoulder_yaw=+0.315[-2.96,+2.96](2.645) elbow_pitch=-2.231[-2.61,+0.26](0.379) elbow_yaw=-0.897[-2.96,+2.96](2.063) wrist_pitch=+0.042[-0.79,+1.05](0.827) wrist_roll=-0.454[-1.65,+1.30](1.196)
[INFO] [1783322962.496918339] [XARM_manager]: Deactivated controllers: ['endpose_single_arm_qp_L_controller']
[GRASP-EXEC] PRE-HOME WAYPOINT: left -> joints=['0.000', '1.180', '0.000', '-1.300', '1.400', '-0.130', '0.180']
[INFO] [1783322962.515842683] [XARM_manager]: Activated controllers: ['jointspace_arm_L_controller']
[INFO] [1783322962.516557557] [XARM_manager]: Sending goal to action server /jointspace_arm_L_controller/jointspace (attempt 1/3):
eai_manipulator_msgs.action.JointSpace_Goal(target_positions=[0.0, 1.18, 0.0, -1.3, 1.4, -0.13, 0.18])
[INFO] [1783322962.518166369] [XARM_manager]: Goal accepted. Waiting for result...
[INFO] [1783322965.001989842] [XARM_manager]: Action result received from /jointspace_arm_L_controller/jointspace
[INFO] [1783322965.002481181] [XARM_manager]: Action result: eai_manipulator_msgs.action.JointSpace_Result(success=True, result_msg='action finished')
[GRASP-EXEC] pre-home waypoint result: eai_manipulator_msgs.action.JointSpace_Result(success=True, result_msg='action finished')
[GRASP-EXEC] RETURN HOME: left -> joints=['0.000', '1.180', '0.000', '-1.300', '1.400', '-0.130', '0.180']
[INFO] [1783322965.006576615] [XARM_manager]: Sending goal to action server /jointspace_arm_L_controller/jointspace (attempt 1/3):
eai_manipulator_msgs.action.JointSpace_Goal(target_positions=[0.0, 1.18, 0.0, -1.3, 1.4, -0.13, 0.18])
[INFO] [1783322965.008378606] [XARM_manager]: Goal accepted. Waiting for result...
[INFO] [1783322965.010850774] [XARM_manager]: Action result received from /jointspace_arm_L_controller/jointspace
[INFO] [1783322965.011313936] [XARM_manager]: Action result: eai_manipulator_msgs.action.JointSpace_Result(success=True, result_msg='action finished')
[GRASP-EXEC] return home result: eai_manipulator_msgs.action.JointSpace_Result(success=True, result_msg='action finished')
{
  "arm": "left",
  "pipeline_version": "accelerated",
  "motion_strategy": "qp_all",
  "dry_run": false,
  "motion": {
    "detected_pose7": [
      0.17601255457467918,
      0.35561210526901776,
      -0.044269651691280366,
      0.0055826560833301,
      -0.7311626006456734,
      -0.07073685254232914,
      0.6785030457267789
    ],
    "approach_pose7": [
      0.09326444874126841,
      0.3641544351936902,
      0.0884868212766784,
      -0.3880263072017067,
      0.4558640846753295,
      0.5959488285472402,
      -0.5352275357039312
    ],
    "grasp_pose7": [
      0.20732080887224605,
      0.3641544351936902,
      0.05449717618327101,
      -0.3880263072017067,
      0.4558640846753295,
      0.5959488285472402,
      -0.5352275357039312
    ],
    "lift_pose7": [
      0.20732080887224605,
      0.3641544351936902,
      0.174497176183271,
      -0.4624936197012593,
      0.5218253164429869,
      0.5402028073446565,
      -0.47114638679688026
    ],
    "pre_home_pose7": [
      0.027320808872246055,
      0.2641544351936902,
      0.22449717618327103,
      -0.4624936197012593,
      0.5218253164429869,
      0.5402028073446565,
      -0.47114638679688026
    ],
    "grasp_xyz_offset_m": [
      0.02,
      0.0,
      0.005
    ],
    "grasp_quat": [
      -0.3880263072017067,
      0.4558640846753295,
      0.5959488285472402,
      -0.5352275357039312
    ],
    "use_fixed_grasp_quat": true,
    "phase_backends": {
      "approach": "qp_stream",
      "grasp": "qp_stream",
      "lift": "qp_stream"
    },
    "joint_limits_used": {
      "shoulder_pitch": [
        -2.96,
        2.96
      ],
      "shoulder_roll": [
        -0.262,
        2.616
      ],
      "shoulder_yaw": [
        -2.96,
        2.96
      ],
      "elbow_pitch": [
        -2.61,
        0.261
      ],
      "elbow_yaw": [
        -2.96,
        2.96
      ],
      "wrist_pitch": [
        -0.785,
        1.05
      ],
      "wrist_roll": [
        -1.65,
        1.3
      ]
    },
    "approach_tcp_tracking": {
      "commanded_xyz": [
        0.09326444874126841,
        0.3641544351936902,
        0.0884868212766784
      ],
      "achieved_xyz": [
        0.09848513812025987,
        0.38268728353702736,
        0.08614886243035547
      ],
      "error_mm": [
        5.220689378991464,
        18.532848343337182,
        -2.3379588463229295
      ],
      "error_norm_mm": 19.395569516674414,
      "achieved_quat": [
        0.4042962839987181,
        -0.4390339043185705,
        -0.5956428865461234,
        0.5375902689880299
      ],
      "approach_axis_tilt_deg": 16.713577634005407,
      "commanded_approach_axis_tilt_deg": 16.45409433399108,
      "orientation_error_deg": 2.696358547791444
    },
    "approach_joint_limits": {
      "closest": {
        "joint": "elbow_pitch",
        "value": -2.0707,
        "lower": -2.61,
        "upper": 0.261,
        "dist_to_limit": 0.5393,
        "nearest_side": "lower"
      },
      "breached": [],
      "margin_rad": 0.05
    },
    "compliant_insert": {
      "ok": true,
      "contact": true,
      "reason": "contact",
      "resist_n": 2.208507657928436,
      "traveled_m": 0.038607041635539636,
      "planned_depth_m": 0.03130900782527067,
      "ft_topic": "/arm_6dof_left",
      "calib_path": "/home/ubuntu/niu/compliant_grasp_execute/ft_calibration/ft_calibration_left.json",
      "calib_present": true,
      "commanded_m": 0.051309007825270675,
      "throttle_events": 0,
      "contact_kind": "force"
    },
    "grasp_tcp_tracking": {
      "commanded_xyz": [
        0.20732080887224605,
        0.3641544351936902,
        0.05449717618327101
      ],
      "achieved_xyz": [
        0.2174812911670077,
        0.3569676523275395,
        0.05999973911228573
      ],
      "error_mm": [
        10.160482294761659,
        -7.186782866150654,
        5.502562929014722
      ],
      "error_norm_mm": 13.607477621334853,
      "achieved_quat": [
        0.3819728259631771,
        -0.43982321895823606,
        -0.6232621000766762,
        0.521724688795663
      ],
      "approach_axis_tilt_deg": 18.741839470848085,
      "commanded_approach_axis_tilt_deg": 16.45409433399108,
      "orientation_error_deg": 4.006479158542972
    },
    "grasp_joint_limits": {
      "closest": {
        "joint": "elbow_pitch",
        "value": -1.8977,
        "lower": -2.61,
        "upper": 0.261,
        "dist_to_limit": 0.7123,
        "nearest_side": "lower"
      },
      "breached": [],
      "margin_rad": 0.05
    },
    "lift_joint_limits": {
      "closest": {
        "joint": "elbow_pitch",
        "value": -2.2313,
        "lower": -2.61,
        "upper": 0.261,
        "dist_to_limit": 0.3787,
        "nearest_side": "lower"
      },
      "breached": [],
      "margin_rad": 0.05
    },
    "retract_ok": null,
    "return_home_ok": true,
    "released_on_finish_ok": null,
    "approach_ok": true,
    "grasp_ok": true,
    "lift_ok": true
  },
  "detection": {
    "class_name": "remote-control",
    "pose_head_roll_link": [
      0.7232565061660431,
      0.3346742371881279,
      -0.20705077330424485,
      -0.3549592672683167,
      0.06598093809695912,
      0.9325502230477022,
      0.0007182491669591383
    ],
    "pose_tip_waist_yaw_link_rpy": {
      "x": 0.44014574049591315,
      "y": 0.3301121259726029,
      "z": -0.025846537107115375,
      "roll": 0.122364082791787,
      "pitch": 0.029348976141917005,
      "yaw": -3.1108231581220376
    },
    "pose_tip_used_for_tcp_conversion_rpy": {
      "x": 0.44014574049591315,
      "y": 0.3301121259726029,
      "z": -0.025846537107115375,
      "roll": 2.128584522566676,
      "pitch": -1.4395709899962539,
      "yaw": -2.2209580023839326
    },
    "pose_tcp_waist_yaw_link_rpy": {
      "x": 0.17601255457467918,
      "y": 0.35561210526901776,
      "z": -0.044269651691280366,
      "roll": 2.128584522566676,
      "pitch": -1.4395709899962539,
      "yaw": -2.2209580023839326
    },
    "pose_tcp_waist_yaw_link_pose7": [
      0.17601255457467918,
      0.35561210526901776,
      -0.044269651691280366,
      0.0055826560833301,
      -0.7311626006456734,
      -0.07073685254232914,
      0.6785030457267789
    ],
    "current_tcp_pose7": [
      0.35169162270328863,
      -0.5953429101617572,
      0.2749288819189639,
      0.0055826560833301,
      -0.7311626006456734,
      -0.07073685254232914,
      0.6785030457267789
    ],
    "tcp_minus_tip_waist_m": [
      -0.26413318592123397,
      0.025499979296414843,
      -0.01842311458416499
    ],
    "tcp_to_tip_offset_m": [
      0.0,
      0.0,
      -0.266
    ],
    "orientation_policy": "current",
    "use_current_tcp_rotation": true,
    "rotation_source_arm": "right",
    "bbox_2d": [
      284.49249267578125,
      358.6741638183594,
      368.0461120605469,
      554.3731079101562
    ],
    "bbox_3d": {
      "min": [
        0.6638819246201128,
        0.311017292122811,
        -0.26487441724408034
      ],
      "max": [
        0.7954833272005091,
        0.36655813572820634,
        -0.1444910048332556
      ],
      "center": [
        0.7296826259103109,
        0.33878771392550866,
        -0.20468271103866797
      ],
      "size": [
        0.13160140258039632,
        0.05554084360539535,
        0.12038341241082473
      ]
    },
    "object_long_axis_waist": [
      -0.999096209980155,
      -0.03075139166559858,
      -0.029344762972616813
    ],
    "object_long_axis_yaw_waist_deg": 1.7629622280493038,
    "object_angle_from_waist_x_deg": 1.7629622280493074
  },
  "gripper": {
    "open_ok": true,
    "close_ok": true,
    "final_pos_pct": 90.0,
    "backend": "modbus_rtu"
  },
  "ok": true
}
[GRASP-EXEC] saved result json: /tmp/grasp_exec.json
[GRASP-EXEC] saved handoff: /tmp/grasp_handoff.json (arm=left holding=True)
