[日志] 日志文件: logs/grasp/grasp_260706_160320.log
[日志] 执行命令: python3 -m compliant_grasp_execute.main
[INFO] [1783325000.719273184] [XARM_manager]: waiting for service /controller_manager/get_parameters to become available...
[INFO] [1783325001.327034594] [XARM_manager]: XARM_manager initialized, robot_type: tianyi2, run_type: real
[INFO] [1783325001.334672716] [XARM_manager]: 已订阅关节状态话题: /joint_states
[INFO] [1783325001.339928361] [XARM_manager]: 已订阅警告和错误信息话题: /manipulator/warn_and_error_info
[INFO] [1783325001.350745825] [XARM_manager]: /joint_action_report 服务已启动
[CONFIG] loaded 198 params from /home/ubuntu/niu/compliant_grasp_execute/config.yaml
[GRASP-EXEC] STARTUP: enabling arms and moving BOTH to home posture
[INFO] [1783325005.692765223] [XARM_manager]: Deactivated controllers: ['jointspace_arm_L_controller']
[GRASP-EXEC] STARTUP: left -> home joints=['0.000', '1.180', '0.000', '-1.300', '1.400', '-0.130', '0.180']
[INFO] [1783325005.715898915] [XARM_manager]: Activated controllers: ['jointspace_arm_L_controller']
[INFO] [1783325005.729498549] [XARM_manager]: Sending goal to action server /jointspace_arm_L_controller/jointspace (attempt 1/3):
eai_manipulator_msgs.action.JointSpace_Goal(target_positions=[0.0, 1.18, 0.0, -1.3, 1.4, -0.13, 0.18])
[INFO] [1783325005.732737171] [XARM_manager]: Goal accepted. Waiting for result...
[INFO] [1783325005.861189110] [XARM_manager]: Action result received from /jointspace_arm_L_controller/jointspace
[INFO] [1783325005.861513670] [XARM_manager]: Action result: eai_manipulator_msgs.action.JointSpace_Result(success=True, result_msg='action finished')
[GRASP-EXEC] STARTUP: right -> home joints=['0.000', '-1.180', '0.000', '-1.300', '-1.400', '-0.130', '0.180']
[INFO] [1783325005.873977195] [XARM_manager]: Activated controllers: ['jointspace_arm_R_controller']
[INFO] [1783325005.886728033] [XARM_manager]: Sending goal to action server /jointspace_arm_R_controller/jointspace (attempt 1/3):
eai_manipulator_msgs.action.JointSpace_Goal(target_positions=[0.0, -1.18, 0.0, -1.3, -1.4, -0.13, 0.18])
[INFO] [1783325005.888586609] [XARM_manager]: Goal accepted. Waiting for result...
[INFO] [1783325006.019309430] [XARM_manager]: Action result received from /jointspace_arm_R_controller/jointspace
[INFO] [1783325006.019576861] [XARM_manager]: Action result: eai_manipulator_msgs.action.JointSpace_Result(success=True, result_msg='action finished')
[GRASP-EXEC] STARTUP: activating both grippers (open/close cycle)
[robotiq_api] gripper already activated (gSTA==3); skip resetActivate()
[GRASP-EXEC] STARTUP: gripper 'left' activated
[robotiq_api] gripper already activated (gSTA==3); skip resetActivate()
[GRASP-EXEC] STARTUP: gripper 'right' activated
perception health check pass
[object_pose] RGB (720, 1280, 3), depth (720, 1280), valid-depth pixels: 904492/921600 (median valid depth 1.202 m)
[GRASP-EXEC] ARM-SELECT: object waist Y=-0.155m (y < boundary 0.000) -> 'right' arm
[GRASP-EXEC] applied grasp tilt +45.0deg about waist Y -> quat=['0.2294', '0.3262', '-0.6764', '-0.6193']
[GRASP-EXEC] continuous orientation: object long-axis yaw +0.8deg (angle-from-X 0.8deg); applied continuous yaw +0.8deg about waist Z (gain=1.00, clamp +/-15deg) -> quat=['0.2270', '0.3279', '-0.6809', '-0.6142']
[GRASP-EXEC] recomputed TCP along final quat: detected_tcp_xyz=['0.2691', '-0.1298', '-0.0453'] -> consistent_tcp_xyz=['0.3439', '-0.1997', '0.1548']
[GRASP-EXEC] approach lateral clamp: approach Y -0.2199 -> -0.1997 (= grasp Y); tool_z outboard component would have pushed the standoff further from center than the grasp, which folds the elbow into its stop at far-outboard reaches.
[GRASP-EXEC] approach along grasp axis: dist=0.120m tool_z=[-0.712,-0.168,0.682] approach_xyz=['0.2785', '-0.1997', '0.2417']
[GRASP-EXEC] applied lift tilt -15.0deg about waist Y -> lift quat=['0.3139', '0.4053', '-0.6455', '-0.5662']
[GRASP-EXEC] detected class=remote-control detected_pose7=['0.2691', '-0.1298', '-0.0453', '0.0057', '-0.7316', '-0.0704', '0.6780'] -> motion grasp_pose7=['0.3639', '-0.1997', '0.1598', '0.2270', '0.3279', '-0.6809', '-0.6142']
[INFO] [1783325009.663632866] [XARM_manager]: Deactivated controllers: ['jointspace_arm_L_controller', 'jointspace_arm_R_controller']
[GRASP-EXEC] arms enabled (mode 3) [took 0.02s]
[JOINT-LIMIT] right: using live controller limits from endpose_single_arm_qp_R_controller
[GRASP-EXEC] joint-limit guard ON (margin 0.050 rad) arm=right
[GRASP-EXEC] gripper: connecting in background (overlaps arm enable + approach to hide the slow serial open; --no-gripper-async-connect for the old blocking behaviour)
[GRASP-EXEC] ARM: approach via qp_stream
[GRASP-EXEC] gripper: arm='right' -> stable by-id port /dev/serial/by-id/usb-FTDI_FT231X_USB_UART_D30JLK40-if00-port0
[INFO] [1783325009.705151519] [XARM_manager]: Activated controllers: ['endpose_single_arm_qp_R_controller']
[GRASP-EXEC] QP-Stream right -> approach (pure-pursuit): pos=40.4cm rot=105.2deg, lookahead=13cm @ 50Hz, pos_tol=2.0cm accept=2.5cm keep_ori=False
[robotiq_api] gripper already activated (gSTA==3); skip resetActivate()
[GRASP-EXEC] gripper: cached serial port /dev/serial/by-id/usb-FTDI_FT231X_USB_UART_D30JLK40-if00-port0 -> /tmp/robotiq_gripper_port.txt
[GRASP-EXEC] gripper controller ready: backend=modbus_rtu port=auto slave=9 (wait_timeout=8.0s) [connect took 0.04s]
[GRASP-EXEC] approach TCP tracking: commanded=[0.2785,-0.1997,0.2417] achieved=[0.2938,-0.2095,0.2460] err=[+15.3,-9.8,+4.3]mm |err|=18.7mm approach-axis tilt: achieved=+41.4deg commanded=+43.0deg (0=level) ori-err=3.0deg
[JOINT-LIMIT] right closest-to-limit: elbow_pitch=-2.4221 [-2.61,0.261] dist=0.1879rad
[JOINT-LIMIT] right approach per-joint: shoulder_pitch=-1.953[-2.96,+2.96](1.007) shoulder_roll=-0.821[-2.62,+0.26](1.083) shoulder_yaw=+2.389[-2.96,+2.96](0.571) elbow_pitch=-2.422[-2.61,+0.26](0.188) elbow_yaw=-1.159[-2.96,+2.96](1.801) wrist_pitch=+0.846[-0.79,+1.05](0.204) wrist_roll=-0.700[-1.30,+1.65](0.600)
[GRASP-EXEC] GRIPPER: open (after approach, before grasp insert)
[GRASP-EXEC] gripper already open enough: 1% (skip open command)
[GRASP-EXEC] ARM: HYBRID pre-descent (position QP-stream) -> 8.2cm, leaving final 3.0cm for F/T compliant descend-to-contact
[GRASP-EXEC] QP-Stream right -> pre-grasp (pure-pursuit): pos=8.2cm rot=0.0deg, lookahead=8cm @ 50Hz, pos_tol=1.0cm accept=2.5cm keep_ori=True
[GRASP-EXEC] QP-Stream pre-grasp: ABORT joint-limit guard - 'wrist_pitch'=1.0001 within 0.050rad of limit [-0.785,1.05] (side=upper); holding pose to avoid the hard stop
[GRASP-EXEC] ARM: COMPLIANT insert to grasp pose (F/T admittance descend-to-contact)
[INFO] [1783325015.761894334] [XARM_manager]: [COMPLIANT-RIGHT] Loaded F/T calibration from /home/ubuntu/niu/compliant_grasp_execute/ft_calibration/ft_calibration_right.json
[INFO] [1783325015.803830366] [XARM_manager]: [COMPLIANT-RIGHT] target set: p=[0.337152264211781, -0.20386480429251705, 0.17125715713798] q=[-0.23705970970116882, -0.3095206819931566, 0.6780062778344964, 0.6231429440119662]
[INFO] [1783325015.804493102] [XARM_manager]: [COMPLIANT-RIGHT] seeded QP target at captured pose (z=+0.1713).
[INFO] [1783325015.805193454] [XARM_manager]: [COMPLIANT-RIGHT] admittance loop starting (calibrating force offset; keep hands off the arm briefly)...
[INFO] [1783325016.136493109] [XARM_manager]: [COMPLIANT-RIGHT] runtime offset calibrated. p_ref=[0.337152264211781, -0.20386480429251705, 0.17125715713798], ready.
[COMPLIANT-INSERT] runtime force-offset calibrated in 0.35s
[INFO] [1783325016.153739111] [XARM_manager]: [COMPLIANT-RIGHT] gains updated: B=[3.9597979746446663, 5.6, 3.9597979746446663] K=[20.0, 40.0, 20.0] B_rot=[0.5, 0.5, 0.5] K_rot=[0.0, 0.0, 0.0]
[COMPLIANT-INSERT] insertion dir=[+0.91,+0.14,-0.39] planned_depth=2.9cm soft_axes=xz K=[20.0, 40.0, 20.0] B=[3.96, 5.6, 3.96] contact_thresh=1.5N
[COMPLIANT-INSERT] ABORT joint-limit guard - 'wrist_pitch'=1.0184 within 0.050rad of limit; holding compliant pose
[COMPLIANT-INSERT] insert aborted by joint-limit guard after tcp_drop -0.0cm
[GRASP-EXEC] grasp TCP tracking: commanded=[0.3639,-0.1997,0.1598] achieved=[0.3354,-0.2046,0.1679] err=[-28.5,-4.9,+8.1]mm |err|=30.0mm approach-axis tilt: achieved=+44.7deg commanded=+43.0deg (0=level) ori-err=3.1deg
[JOINT-LIMIT] right closest-to-limit: wrist_pitch=1.0184 [-0.785,1.05] dist=0.0316rad  BREACHED(<= 0.05): wrist_pitch
[JOINT-LIMIT] right grasp per-joint: shoulder_pitch=-1.345[-2.96,+2.96](1.615) shoulder_roll=-0.848[-2.62,+0.26](1.110) shoulder_yaw=+1.904[-2.96,+2.96](1.056) elbow_pitch=-2.145[-2.61,+0.26](0.465) elbow_yaw=-0.582[-2.96,+2.96](2.378) wrist_pitch=+1.018[-0.79,+1.05](0.032) wrist_roll=-0.258[-1.30,+1.65](1.042)
[GRASP-EXEC] grasp insert failed to reach target; retrying with reduced long-axis alignment (yaw scale 0.50)
[GRASP-EXEC] applied grasp tilt +22.5deg about waist Y (tilt scale 0.50) -> quat=['0.3570', '0.4408', '-0.6186', '-0.5437']
[GRASP-EXEC] continuous orientation: object long-axis yaw +0.8deg (angle-from-X 0.8deg); applied continuous yaw +0.4deg about waist Z (gain=1.00, clamp +/-15deg x scale 0.50) -> quat=['0.3553', '0.4421', '-0.6206', '-0.5414']
[GRASP-EXEC] recomputed TCP along final quat: detected_tcp_xyz=['0.2691', '-0.1298', '-0.0453'] -> consistent_tcp_xyz=['0.2886', '-0.1987', '0.0683']
[GRASP-EXEC] approach lateral clamp: approach Y -0.2184 -> -0.1987 (= grasp Y); tool_z outboard component would have pushed the standoff further from center than the grasp, which folds the elbow into its stop at far-outboard reaches.
[GRASP-EXEC] approach along grasp axis: dist=0.120m tool_z=[-0.920,-0.164,0.357] approach_xyz=['0.1982', '-0.1987', '0.1161']
[GRASP-EXEC] applied lift tilt -15.0deg about waist Y -> lift quat=['0.4333', '0.5090', '-0.5689', '-0.4791']
[GRASP-EXEC] QP-Stream right -> approach (pure-pursuit): pos=14.7cm rot=23.9deg, lookahead=13cm @ 50Hz, pos_tol=2.0cm accept=2.5cm keep_ori=False
[GRASP-EXEC] QP-Stream approach: ABORT joint-limit guard - 'wrist_pitch'=1.0196 within 0.050rad of limit [-0.785,1.05] (side=upper); holding pose to avoid the hard stop
[GRASP-EXEC] approach TCP tracking: commanded=[0.1982,-0.1987,0.1161] achieved=[0.3352,-0.2045,0.1665] err=[+137.0,-5.7,+50.4]mm |err|=146.1mm approach-axis tilt: achieved=+45.3deg commanded=+20.9deg (0=level) ori-err=24.6deg
[JOINT-LIMIT] right closest-to-limit: wrist_pitch=1.0203 [-0.785,1.05] dist=0.0297rad  BREACHED(<= 0.05): wrist_pitch
[JOINT-LIMIT] right approach per-joint: shoulder_pitch=-1.338[-2.96,+2.96](1.622) shoulder_roll=-0.848[-2.62,+0.26](1.110) shoulder_yaw=+1.897[-2.96,+2.96](1.063) elbow_pitch=-2.142[-2.61,+0.26](0.468) elbow_yaw=-0.570[-2.96,+2.96](2.390) wrist_pitch=+1.020[-0.79,+1.05](0.030) wrist_roll=-0.232[-1.30,+1.65](1.068)
[INFO] [1783325016.372167158] [XARM_manager]: [COMPLIANT-RIGHT] admittance loop stopped.
[JOINT-LIMIT] right closest-to-limit: wrist_pitch=1.0206 [-0.785,1.05] dist=0.0294rad  BREACHED(<= 0.05): wrist_pitch
[JOINT-LIMIT] right lift per-joint: shoulder_pitch=-1.338[-2.96,+2.96](1.622) shoulder_roll=-0.848[-2.62,+0.26](1.110) shoulder_yaw=+1.896[-2.96,+2.96](1.064) elbow_pitch=-2.142[-2.61,+0.26](0.468) elbow_yaw=-0.569[-2.96,+2.96](2.391) wrist_pitch=+1.021[-0.79,+1.05](0.029) wrist_roll=-0.231[-1.30,+1.65](1.069)
[INFO] [1783325016.386732640] [XARM_manager]: Deactivated controllers: ['endpose_single_arm_qp_R_controller']
[GRASP-EXEC] RETURN HOME: right -> joints=['0.000', '-1.180', '0.000', '-1.300', '-1.400', '-0.130', '0.180']
[INFO] [1783325016.405401353] [XARM_manager]: Activated controllers: ['jointspace_arm_R_controller']
[INFO] [1783325016.406231963] [XARM_manager]: Sending goal to action server /jointspace_arm_R_controller/jointspace (attempt 1/3):
eai_manipulator_msgs.action.JointSpace_Goal(target_positions=[0.0, -1.18, 0.0, -1.3, -1.4, -0.13, 0.18])
[INFO] [1783325016.407758256] [XARM_manager]: Goal accepted. Waiting for result...
[INFO] [1783325018.591938365] [XARM_manager]: Action result received from /jointspace_arm_R_controller/jointspace
[INFO] [1783325018.592213095] [XARM_manager]: Action result: eai_manipulator_msgs.action.JointSpace_Result(success=True, result_msg='action finished')
[GRASP-EXEC] return home result: eai_manipulator_msgs.action.JointSpace_Result(success=True, result_msg='action finished')
{
  "arm": "right",
  "pipeline_version": "accelerated",
  "motion_strategy": "qp_all",
  "dry_run": false,
  "motion": {
    "detected_pose7": [
      0.26914678023559696,
      -0.12977041570105172,
      -0.045327331192103554,
      0.005704015541060503,
      -0.7316192015586571,
      -0.07039236504211084,
      0.6780455169538094
    ],
    "approach_pose7": [
      0.19824520130406692,
      -0.19872795508011357,
      0.11610046871940499,
      0.3553220642397546,
      0.4420915026188291,
      -0.6206118967958105,
      -0.5414260868596303
    ],
    "grasp_pose7": [
      0.3086156747179974,
      -0.19872795508011357,
      0.07330814856501483,
      0.3553220642397546,
      0.4420915026188291,
      -0.6206118967958105,
      -0.5414260868596303
    ],
    "lift_pose7": [
      0.3086156747179974,
      -0.19872795508011357,
      0.19330814856501483,
      0.43328834245846043,
      0.508979634014855,
      -0.5689236399286762,
      -0.47908959118103406
    ],
    "pre_home_pose7": [
      0.1286156747179974,
      -0.29872795508011357,
      0.24330814856501481,
      0.43328834245846043,
      0.508979634014855,
      -0.5689236399286762,
      -0.47908959118103406
    ],
    "grasp_xyz_offset_m": [
      0.02,
      0.0,
      0.005
    ],
    "grasp_quat": [
      0.3553220642397546,
      0.4420915026188291,
      -0.6206118967958105,
      -0.5414260868596303
    ],
    "use_fixed_grasp_quat": true,
    "phase_backends": {
      "approach": "qp_stream",
      "grasp": "qp_stream",
      "lift": "qp_stream"
    },
    "joint_limits_used": {
      "shoulder_pitch": [
        -2.96,
        2.96
      ],
      "shoulder_roll": [
        -2.616,
        0.262
      ],
      "shoulder_yaw": [
        -2.96,
        2.96
      ],
      "elbow_pitch": [
        -2.61,
        0.261
      ],
      "elbow_yaw": [
        -2.96,
        2.96
      ],
      "wrist_pitch": [
        -0.785,
        1.05
      ],
      "wrist_roll": [
        -1.3,
        1.65
      ]
    },
    "approach_tcp_tracking": {
      "commanded_xyz": [
        0.19824520130406692,
        -0.19872795508011357,
        0.11610046871940499
      ],
      "achieved_xyz": [
        0.33522390202379554,
        -0.20447288614274683,
        0.16652778900346332
      ],
      "error_mm": [
        136.9787007197286,
        -5.744931062633269,
        50.42732028405833
      ],
      "error_norm_mm": 146.07903105788452,
      "achieved_quat": [
        -0.2325576845512954,
        -0.30045172599915815,
        0.6824352666986266,
        0.6244419832668534
      ],
      "approach_axis_tilt_deg": 45.3400818922811,
      "commanded_approach_axis_tilt_deg": 20.891700209197506,
      "orientation_error_deg": 24.583275090460205
    },
    "approach_joint_limits": {
      "closest": {
        "joint": "wrist_pitch",
        "value": 1.0203,
        "lower": -0.785,
        "upper": 1.05,
        "dist_to_limit": 0.0297,
        "nearest_side": "upper"
      },
      "breached": [
        {
          "joint": "wrist_pitch",
          "value": 1.0203,
          "lower": -0.785,
          "upper": 1.05,
          "dist_to_limit": 0.0297,
          "nearest_side": "upper"
        }
      ],
      "margin_rad": 0.05
    },
    "compliant_insert": {
      "ok": false,
      "contact": false,
      "reason": "joint_limit_abort",
      "resist_n": 0.3258931359310504,
      "traveled_m": -0.0003830106549051002,
      "planned_depth_m": 0.02936585009685446,
      "ft_topic": "/arm_6dof_right",
      "calib_path": "/home/ubuntu/niu/compliant_grasp_execute/ft_calibration/ft_calibration_right.json",
      "calib_present": true,
      "commanded_m": 0.032499999999999994,
      "throttle_events": 0
    },
    "grasp_tcp_tracking": {
      "commanded_xyz": [
        0.36388652357393525,
        -0.19972454320256514,
        0.15983390163111919
      ],
      "achieved_xyz": [
        0.3354269616046568,
        -0.20464355937193657,
        0.1679217241494893
      ],
      "error_mm": [
        -28.459561969278457,
        -4.919016169371432,
        8.08782251837012
      ],
      "error_norm_mm": 29.99260343228632,
      "achieved_quat": [
        -0.23614969909712952,
        -0.30448244865603696,
        0.6799337470060407,
        0.6238700648044304
      ],
      "approach_axis_tilt_deg": 44.67202090541073,
      "commanded_approach_axis_tilt_deg": 42.99131199460442,
      "orientation_error_deg": 3.0895478437413417
    },
    "grasp_joint_limits": {
      "closest": {
        "joint": "wrist_pitch",
        "value": 1.0184,
        "lower": -0.785,
        "upper": 1.05,
        "dist_to_limit": 0.0316,
        "nearest_side": "upper"
      },
      "breached": [
        {
          "joint": "wrist_pitch",
          "value": 1.0184,
          "lower": -0.785,
          "upper": 1.05,
          "dist_to_limit": 0.0316,
          "nearest_side": "upper"
        }
      ],
      "margin_rad": 0.05
    },
    "grasp_reach_retry_used": true,
    "grasp_reach_retry_yaw_scale": 0.5,
    "lift_joint_limits": {
      "closest": {
        "joint": "wrist_pitch",
        "value": 1.0206,
        "lower": -0.785,
        "upper": 1.05,
        "dist_to_limit": 0.0294,
        "nearest_side": "upper"
      },
      "breached": [
        {
          "joint": "wrist_pitch",
          "value": 1.0206,
          "lower": -0.785,
          "upper": 1.05,
          "dist_to_limit": 0.0294,
          "nearest_side": "upper"
        }
      ],
      "margin_rad": 0.05
    },
    "retract_ok": null,
    "return_home_ok": true,
    "released_on_finish_ok": null,
    "approach_ok": false,
    "grasp_ok": false,
    "lift_ok": true
  },
  "detection": {
    "class_name": "remote-control",
    "pose_head_roll_link": [
      0.8001923469429989,
      -0.1487610703748859,
      -0.14011844580228514,
      -0.3953901400900828,
      0.0033155505995161897,
      0.9183801061128944,
      -0.015284794399518496
    ],
    "pose_tip_waist_yaw_link_rpy": {
      "x": 0.5332702241188766,
      "y": -0.15511107793162737,
      "z": -0.026548161110550028,
      "roll": -0.005748502484938297,
      "pitch": 0.11537961479272885,
      "yaw": -3.126784553466127
    },
    "pose_tip_used_for_tcp_conversion_rpy": {
      "x": 0.5332702241188766,
      "y": -0.15511107793162737,
      "z": -0.026548161110550028,
      "roll": 2.1383609125704677,
      "pitch": -1.4390896121119625,
      "yaw": -2.230074918997083
    },
    "pose_tcp_waist_yaw_link_rpy": {
      "x": 0.26914678023559696,
      "y": -0.12977041570105172,
      "z": -0.045327331192103554,
      "roll": 2.1383609125704677,
      "pitch": -1.4390896121119625,
      "yaw": -2.230074918997083
    },
    "pose_tcp_waist_yaw_link_pose7": [
      0.26914678023559696,
      -0.12977041570105172,
      -0.045327331192103554,
      0.005704015541060503,
      -0.7316192015586571,
      -0.07039236504211084,
      0.6780455169538094
    ],
    "current_tcp_pose7": [
      0.3516864228443758,
      -0.5952947860455577,
      0.27506794265264356,
      0.005704015541060503,
      -0.7316192015586571,
      -0.07039236504211084,
      0.6780455169538094
    ],
    "tcp_minus_tip_waist_m": [
      -0.26412344388327963,
      0.025340662230575656,
      -0.018779170081553526
    ],
    "tcp_to_tip_offset_m": [
      0.0,
      0.0,
      -0.266
    ],
    "orientation_policy": "current",
    "use_current_tcp_rotation": true,
    "rotation_source_arm": "right",
    "bbox_2d": [
      758.3422241210938,
      283.24945068359375,
      818.2332763671875,
      459.4810791015625
    ],
    "bbox_3d": {
      "min": [
        0.7430279245954335,
        -0.17616949637630466,
        -0.20252487644993375
      ],
      "max": [
        0.8683492461489883,
        -0.12558857374529325,
        -0.07144108200796057
      ],
      "center": [
        0.8056885853722109,
        -0.15087903506079897,
        -0.13698297922894714
      ],
      "size": [
        0.1253213215535548,
        0.05058092263101141,
        0.13108379444197318
      ]
    },
    "object_long_axis_waist": [
      -0.9932422442516764,
      -0.01470910575238385,
      -0.11512378747182923
    ],
    "object_long_axis_yaw_waist_deg": 0.8484416396932204,
    "object_angle_from_waist_x_deg": 0.8484416396932265
  },
  "gripper": {
    "open_ok": true,
    "close_ok": null,
    "final_pos_pct": null,
    "backend": "modbus_rtu"
  },
  "ok": false
}
[GRASP-EXEC] saved result json: /tmp/grasp_exec.json
[GRASP-EXEC] saved handoff: /tmp/grasp_handoff.json (arm=right holding=False)
