[日志] 日志文件: logs/grasp/grasp_260707_144959.log
[日志] 执行命令: python3 -m compliant_grasp_execute.main
[INFO] [1783406999.775462144] [XARM_manager]: waiting for service /controller_manager/get_parameters to become available...
[INFO] [1783407000.030926635] [XARM_manager]: XARM_manager initialized, robot_type: tianyi2, run_type: real
[INFO] [1783407000.039577297] [XARM_manager]: 已订阅关节状态话题: /joint_states
[INFO] [1783407000.046966126] [XARM_manager]: 已订阅警告和错误信息话题: /manipulator/warn_and_error_info
[INFO] [1783407000.059403038] [XARM_manager]: /joint_action_report 服务已启动
[CONFIG] loaded 201 params from /home/ubuntu/niu/compliant_grasp_execute/config.yaml
[GRASP-EXEC] STARTUP: enabling arms and moving BOTH to home posture
[INFO] [1783407005.778940886] [XARM_manager]: Deactivated controllers: ['jointspace_arm_L_controller']
[GRASP-EXEC] STARTUP: left -> home joints=['0.844', '0.026', '-0.006', '-2.216', '-1.529', '0.250', '0.683']
[INFO] [1783407005.801713741] [XARM_manager]: Activated controllers: ['jointspace_arm_L_controller']
[INFO] [1783407005.816054293] [XARM_manager]: Sending goal to action server /jointspace_arm_L_controller/jointspace (attempt 1/3):
eai_manipulator_msgs.action.JointSpace_Goal(target_positions=[0.844, 0.026, -0.006, -2.216, -1.529, 0.25, 0.683])
[INFO] [1783407005.819825341] [XARM_manager]: Goal accepted. Waiting for result...
[INFO] [1783407006.319080074] [XARM_manager]: Action result received from /jointspace_arm_L_controller/jointspace
[INFO] [1783407006.319344941] [XARM_manager]: Action result: eai_manipulator_msgs.action.JointSpace_Result(success=True, result_msg='action finished')
[GRASP-EXEC] STARTUP: right -> home joints=['0.844', '-0.026', '0.006', '-2.216', '1.529', '0.250', '-0.683']
[INFO] [1783407006.332928117] [XARM_manager]: Activated controllers: ['jointspace_arm_R_controller']
[INFO] [1783407006.346434646] [XARM_manager]: Sending goal to action server /jointspace_arm_R_controller/jointspace (attempt 1/3):
eai_manipulator_msgs.action.JointSpace_Goal(target_positions=[0.844, -0.026, 0.006, -2.216, 1.529, 0.25, -0.683])
[INFO] [1783407006.348865238] [XARM_manager]: Goal accepted. Waiting for result...
[INFO] [1783407006.800893737] [XARM_manager]: Action result received from /jointspace_arm_R_controller/jointspace
[INFO] [1783407006.801161155] [XARM_manager]: Action result: eai_manipulator_msgs.action.JointSpace_Result(success=True, result_msg='action finished')
[GRASP-EXEC] STARTUP: activating both grippers (open/close cycle)
[robotiq_api] gripper already activated (gSTA==3); skip resetActivate()
[GRASP-EXEC] STARTUP: gripper 'left' activated
[robotiq_api] gripper already activated (gSTA==3); skip resetActivate()
[GRASP-EXEC] STARTUP: gripper 'right' activated
perception health check pass
[object_pose] RGB (720, 1280, 3), depth (720, 1280), valid-depth pixels: 854166/921600 (median valid depth 1.298 m)
[GRASP-EXEC] ARM-SELECT: object waist Y=+0.216m (y >= boundary 0.000) -> 'left' arm
[GRASP-EXEC] reach tilt reduction: object |Y|=0.216m -> tilt_scale=0.79 (backed the side-tilt off so the elbow can extend to a far-outboard object instead of folding into its stop)
[GRASP-EXEC] applied grasp tilt +35.4deg about waist Y (tilt scale 1.00 x reach 0.79) -> quat=['-0.2854', '0.3771', '0.6547', '-0.5897']
[GRASP-EXEC] continuous orientation: object long-axis yaw -0.5deg (angle-from-X 0.5deg); applied continuous yaw -0.5deg about waist Z (gain=1.00, clamp +/-15deg) -> quat=['-0.2837', '0.3783', '0.6573', '-0.5868']
[GRASP-EXEC] recomputed TCP along final quat: detected_tcp_xyz=['0.3715', '0.2629', '-0.1382'] -> consistent_tcp_xyz=['0.3829', '0.2594', '0.1362']
[GRASP-EXEC] approach lateral clamp: approach Y +0.2791 -> +0.2594 (= grasp Y); tool_z outboard component would have pushed the standoff further from center than the grasp, which folds the elbow into its stop at far-outboard reaches.
[GRASP-EXEC] approach along grasp axis: dist=0.120m tool_z=[-0.817,0.164,0.553] approach_xyz=['0.3248', '0.2594', '0.2075']
[GRASP-EXEC] applied lift tilt -15.0deg about waist Y -> lift quat=['-0.3671', '0.4517', '0.6146', '-0.5324']
[GRASP-EXEC] detected class=remote-control detected_pose7=['0.3715', '0.2629', '-0.1382', '0.6948', '0.5066', '-0.3431', '-0.3781'] -> motion grasp_pose7=['0.4229', '0.2594', '0.1412', '-0.2837', '0.3783', '0.6573', '-0.5868']
[INFO] [1783407010.363470565] [XARM_manager]: Deactivated controllers: ['jointspace_arm_L_controller', 'jointspace_arm_R_controller']
[GRASP-EXEC] arms enabled (mode 3) [took 0.02s]
[JOINT-LIMIT] left: using live controller limits from endpose_single_arm_qp_L_controller
[GRASP-EXEC] joint-limit guard ON (margin 0.050 rad) arm=left
[GRASP-EXEC] gripper: connecting in background (overlaps arm enable + approach to hide the slow serial open; --no-gripper-async-connect for the old blocking behaviour)
[GRASP-EXEC] ARM: approach via qp_stream
[GRASP-EXEC] gripper: arm='left' -> stable by-id port /dev/serial/by-id/usb-FTDI_FT231X_USB_UART_DU0E2IPR-if00-port0
[INFO] [1783407010.404817560] [XARM_manager]: Activated controllers: ['endpose_single_arm_qp_L_controller']
[GRASP-EXEC] QP-Stream left -> approach (pure-pursuit): pos=21.9cm rot=66.6deg, lookahead=13cm @ 50Hz, pos_tol=2.0cm accept=2.5cm keep_ori=False
[robotiq_api] gripper already activated (gSTA==3); skip resetActivate()
[GRASP-EXEC] gripper: cached serial port /dev/serial/by-id/usb-FTDI_FT231X_USB_UART_DU0E2IPR-if00-port0 -> /tmp/robotiq_gripper_port.txt
[GRASP-EXEC] gripper controller ready: backend=modbus_rtu port=auto slave=9 (wait_timeout=8.0s) [connect took 0.05s]
[GRASP-EXEC] approach TCP tracking: commanded=[0.3248,0.2594,0.2075] achieved=[0.3252,0.2672,0.1946] err=[+0.3,+7.8,-12.9]mm |err|=15.1mm approach-axis tilt: achieved=+14.5deg commanded=+33.6deg (0=level) ori-err=23.1deg
[GRASP-EXEC] approach orientation miss 23.1deg -> ~107mm fingertip offset > tol 30mm: TCP reached position but the wrist could not hold the commanded tilt, so the fingers would miss the object. Treating approach as failed to trigger the reduced-tilt retry (prevents grasping air).
[GRASP-EXEC] approach failed to reach target; retrying with reduced long-axis alignment (yaw scale 0.50)
[GRASP-EXEC] reach tilt reduction: object |Y|=0.216m -> tilt_scale=0.79 (backed the side-tilt off so the elbow can extend to a far-outboard object instead of folding into its stop)
[GRASP-EXEC] applied grasp tilt +17.7deg about waist Y (tilt scale 0.50 x reach 0.79) -> quat=['-0.3826', '0.4632', '0.6031', '-0.5247']
[GRASP-EXEC] continuous orientation: object long-axis yaw -0.5deg (angle-from-X 0.5deg); applied continuous yaw -0.3deg about waist Z (gain=1.00, clamp +/-15deg x scale 0.50) -> quat=['-0.3816', '0.4641', '0.6042', '-0.5234']
[GRASP-EXEC] recomputed TCP along final quat: detected_tcp_xyz=['0.3715', '0.2629', '-0.1382'] -> consistent_tcp_xyz=['0.3483', '0.2586', '0.0631']
[GRASP-EXEC] approach lateral clamp: approach Y +0.2779 -> +0.2586 (= grasp Y); tool_z outboard component would have pushed the standoff further from center than the grasp, which folds the elbow into its stop at far-outboard reaches.
[GRASP-EXEC] approach along grasp axis: dist=0.120m tool_z=[-0.947,0.161,0.278] approach_xyz=['0.2747', '0.2586', '0.1015']
[GRASP-EXEC] applied lift tilt -15.0deg about waist Y -> lift quat=['-0.4572', '0.5284', '0.5492', '-0.4584']
[GRASP-EXEC] QP-Stream left -> approach (pure-pursuit): pos=10.6cm rot=15.5deg, lookahead=13cm @ 50Hz, pos_tol=2.0cm accept=2.5cm keep_ori=False
[GRASP-EXEC] approach TCP tracking: commanded=[0.2747,0.2586,0.1015] achieved=[0.2775,0.2519,0.1191] err=[+2.8,-6.7,+17.6]mm |err|=19.1mm approach-axis tilt: achieved=+16.1deg commanded=+16.1deg (0=level) ori-err=4.8deg
[JOINT-LIMIT] left closest-to-limit: elbow_pitch=-2.0997 [-2.61,0.261] dist=0.5103rad
[JOINT-LIMIT] left approach per-joint: shoulder_pitch=+0.198[-2.96,+2.96](2.762) shoulder_roll=+0.615[-0.26,+2.62](0.877) shoulder_yaw=-0.367[-2.96,+2.96](2.593) elbow_pitch=-2.100[-2.61,+0.26](0.510) elbow_yaw=-1.014[-2.96,+2.96](1.946) wrist_pitch=+0.337[-0.79,+1.05](0.713) wrist_roll=-0.300[-1.65,+1.30](1.350)
[GRASP-EXEC] GRIPPER: open (after approach, before grasp insert)
[GRASP-EXEC] gripper open: start=90% -> target=0%
[GRASP-EXEC] gripper open result: pos=1% status=3 ok=True
[GRASP-EXEC] ARM: HYBRID pre-descent (position QP-stream) -> 9.2cm, leaving final 3.0cm for F/T compliant descend-to-contact
[GRASP-EXEC] QP-Stream left -> pre-grasp (pure-pursuit): pos=9.2cm rot=0.0deg, lookahead=8cm @ 50Hz, pos_tol=1.0cm accept=2.5cm keep_ori=True
[GRASP-EXEC] ARM: COMPLIANT insert to grasp pose (F/T admittance descend-to-contact)
[INFO] [1783407014.881006272] [XARM_manager]: [COMPLIANT-LEFT] Loaded F/T calibration from /home/ubuntu/niu/compliant_grasp_execute/ft_calibration/ft_calibration_left.json
[INFO] [1783407014.902925817] [XARM_manager]: [COMPLIANT-LEFT] target set: p=[0.36162551782388946, 0.2556805006678631, 0.08908029055306782] q=[0.3809139776143171, -0.47905846299672566, -0.6098393243280587, 0.5034913397391766]
[INFO] [1783407014.903750551] [XARM_manager]: [COMPLIANT-LEFT] seeded QP target at captured pose (z=+0.0891).
[INFO] [1783407014.904342240] [XARM_manager]: [COMPLIANT-LEFT] admittance loop starting (calibrating force offset; keep hands off the arm briefly)...
[INFO] [1783407015.237222755] [XARM_manager]: [COMPLIANT-LEFT] runtime offset calibrated. p_ref=[0.36162551782388946, 0.2556805006678631, 0.08908029055306782], ready.
[COMPLIANT-INSERT] runtime force-offset calibrated in 0.35s
[INFO] [1783407015.252706727] [XARM_manager]: [COMPLIANT-LEFT] gains updated: B=[3.9597979746446663, 5.6, 3.9597979746446663] K=[20.0, 40.0, 20.0] B_rot=[0.5, 0.5, 0.5] K_rot=[0.0, 0.0, 0.0]
[COMPLIANT-INSERT] insertion dir=[+0.78,+0.08,-0.62] planned_depth=3.4cm soft_axes=xz K=[20.0, 40.0, 20.0] B=[3.96, 5.6, 3.96] contact_thresh=1.5N
[INFO] [1783407016.073578446] [XARM_manager]: [COMPLIANT-LEFT] n=200 hz=240.0 F=[+0.00,+0.00,+0.00]N disp=[-2.3,-0.5,+3.5]cm v=[+0.12,+0.04,-0.17]
[COMPLIANT-INSERT] insert s=5.4cm tcp_drop=1.9cm lag=+3.5cm resist=+0.01N (throttle x0)
[INFO] [1783407016.911458843] [XARM_manager]: [COMPLIANT-LEFT] n=400 hz=239.7 F=[+0.00,+0.00,+0.00]N disp=[-0.7,-0.4,+2.9]cm v=[+0.04,+0.03,-0.15]
[COMPLIANT-INSERT] insert s=5.4cm tcp_drop=3.5cm lag=+1.9cm resist=+0.02N (throttle x0)
[INFO] [1783407017.742817653] [XARM_manager]: [COMPLIANT-LEFT] n=600 hz=241.1 F=[+0.00,+0.00,+0.00]N disp=[-0.1,-0.2,+2.1]cm v=[+0.01,+0.02,-0.11]
[COMPLIANT-INSERT] insert s=5.4cm tcp_drop=4.4cm lag=+1.0cm resist=-0.07N (throttle x0)
[INFO] [1783407018.582032005] [XARM_manager]: [COMPLIANT-LEFT] n=800 hz=239.4 F=[+0.00,+0.00,+0.00]N disp=[+0.0,-0.1,+1.4]cm v=[-0.00,+0.01,-0.07]
[INFO] [1783407018.683187652] [XARM_manager]: [COMPLIANT-LEFT] gains updated: B=[10.844353369380768, 10.844353369380768, 10.844353369380768] K=[150.0, 150.0, 150.0] B_rot=[0.5, 0.5, 0.5] K_rot=[0.0, 0.0, 0.0]
[INFO] [1783407018.683450327] [XARM_manager]: [COMPLIANT-LEFT] target set: p=[0.40465647829384666, 0.2590945771650248, 0.06914150007501668] q=[0.3809139776143171, -0.47905846299672566, -0.6098393243280587, 0.5034913397391766]
[COMPLIANT-INSERT] reached commanded depth (tcp_drop 4.6cm of planned 3.4cm) WITHOUT contact (resist 0.3N < 1.5N); proceeding to close anyway
[GRASP-EXEC] grasp TCP tracking: commanded=[0.3883,0.2586,0.0681] achieved=[0.4049,0.2583,0.0693] err=[+16.6,-0.3,+1.2]mm |err|=16.6mm approach-axis tilt: achieved=+13.6deg commanded=+16.1deg (0=level) ori-err=3.8deg
[JOINT-LIMIT] left closest-to-limit: shoulder_roll=0.5293 [-0.262,2.616] dist=0.7913rad
[JOINT-LIMIT] left grasp per-joint: shoulder_pitch=-0.274[-2.96,+2.96](2.686) shoulder_roll=+0.529[-0.26,+2.62](0.791) shoulder_yaw=-0.615[-2.96,+2.96](2.345) elbow_pitch=-1.492[-2.61,+0.26](1.118) elbow_yaw=-0.836[-2.96,+2.96](2.124) wrist_pitch=+0.248[-0.79,+1.05](0.802) wrist_roll=-0.061[-1.65,+1.30](1.361)
[GRASP-EXEC] GRIPPER: close at grasp pose (after arm motion, not at approach)
[GRASP-EXEC] gripper close: start=1% -> target=100%
[INFO] [1783407019.414140492] [XARM_manager]: [COMPLIANT-LEFT] n=1000 hz=241.2 F=[-0.45,+0.00,+14.35]N disp=[-0.3,+0.1,+0.4]cm v=[+0.02,-0.02,+0.20]
[GRASP-EXEC] gripper close result: pos=89% status=3 ok=True
[INFO] [1783407019.939594308] [XARM_manager]: [COMPLIANT-LEFT] admittance loop stopped.
[GRASP-EXEC] ARM: rotate wrist away from table -20deg about waist Y before lift
[GRASP-EXEC] QP-Stream left -> table-clear (pure-pursuit): pos=0.0cm rot=20.0deg, lookahead=13cm @ 50Hz, pos_tol=2.0cm accept=2.5cm keep_ori=False
[GRASP-EXEC] ARM: lift after grasp
[GRASP-EXEC] QP-Stream left -> lift (pure-pursuit): pos=10.6cm rot=0.0deg, lookahead=13cm @ 50Hz, pos_tol=2.0cm accept=2.5cm keep_ori=True
[JOINT-LIMIT] left closest-to-limit: elbow_pitch=-1.8753 [-2.61,0.261] dist=0.7347rad
[JOINT-LIMIT] left lift per-joint: shoulder_pitch=-0.234[-2.96,+2.96](2.727) shoulder_roll=+0.545[-0.26,+2.62](0.807) shoulder_yaw=-0.370[-2.96,+2.96](2.590) elbow_pitch=-1.875[-2.61,+0.26](0.735) elbow_yaw=-0.946[-2.96,+2.96](2.014) wrist_pitch=+0.314[-0.79,+1.05](0.736) wrist_roll=-0.596[-1.65,+1.30](1.054)
[INFO] [1783407021.393925242] [XARM_manager]: Deactivated controllers: ['endpose_single_arm_qp_L_controller']
[GRASP-EXEC] PRE-HOME WAYPOINT: left -> joints=['0.000', '1.180', '0.000', '-1.300', '1.400', '-0.130', '0.180']
[INFO] [1783407021.411873457] [XARM_manager]: Activated controllers: ['jointspace_arm_L_controller']
[INFO] [1783407021.412700670] [XARM_manager]: Sending goal to action server /jointspace_arm_L_controller/jointspace (attempt 1/3):
eai_manipulator_msgs.action.JointSpace_Goal(target_positions=[0.0, 1.18, 0.0, -1.3, 1.4, -0.13, 0.18])
[INFO] [1783407021.413924774] [XARM_manager]: Goal accepted. Waiting for result...
[INFO] [1783407023.933646667] [XARM_manager]: Action result received from /jointspace_arm_L_controller/jointspace
[INFO] [1783407023.933891402] [XARM_manager]: Action result: eai_manipulator_msgs.action.JointSpace_Result(success=True, result_msg='action finished')
[GRASP-EXEC] pre-home waypoint result: eai_manipulator_msgs.action.JointSpace_Result(success=True, result_msg='action finished')
[GRASP-EXEC] RETURN HOME: left -> joints=['0.844', '0.026', '-0.006', '-2.216', '-1.529', '0.250', '0.683']
[INFO] [1783407023.936483711] [XARM_manager]: Sending goal to action server /jointspace_arm_L_controller/jointspace (attempt 1/3):
eai_manipulator_msgs.action.JointSpace_Goal(target_positions=[0.844, 0.026, -0.006, -2.216, -1.529, 0.25, 0.683])
[INFO] [1783407023.938939694] [XARM_manager]: Goal accepted. Waiting for result...
[INFO] [1783407026.895847866] [XARM_manager]: Action result received from /jointspace_arm_L_controller/jointspace
[INFO] [1783407026.896316622] [XARM_manager]: Action result: eai_manipulator_msgs.action.JointSpace_Result(success=True, result_msg='action finished')
[GRASP-EXEC] return home result: eai_manipulator_msgs.action.JointSpace_Result(success=True, result_msg='action finished')
{
  "arm": "left",
  "pipeline_version": "accelerated",
  "motion_strategy": "qp_all",
  "dry_run": false,
  "motion": {
    "detected_pose7": [
      0.3714790135075432,
      0.2629382500850101,
      -0.13818282915516006,
      0.6947559130434091,
      0.506622173699265,
      -0.3430864345250586,
      -0.3780739251156225
    ],
    "approach_pose7": [
      0.2746715343817187,
      0.25857277766125575,
      0.10147519450647755,
      -0.3816149316561732,
      0.4640590385225375,
      0.6042066678853509,
      -0.5234057271233032
    ],
    "grasp_pose7": [
      0.3883032411234712,
      0.25857277766125575,
      0.06811057385785536,
      -0.3816149316561732,
      0.4640590385225375,
      0.6042066678853509,
      -0.5234057271233032
    ],
    "lift_pose7": [
      0.3883032411234712,
      0.25857277766125575,
      0.18811057385785535,
      -0.45721495868707096,
      0.5284071056648131,
      0.5492268521593282,
      -0.4583560593063768
    ],
    "pre_home_pose7": [
      0.2083032411234712,
      0.15857277766125574,
      0.23811057385785533,
      -0.45721495868707096,
      0.5284071056648131,
      0.5492268521593282,
      -0.4583560593063768
    ],
    "grasp_xyz_offset_m": [
      0.04,
      0.0,
      0.005
    ],
    "grasp_quat": [
      -0.3816149316561732,
      0.4640590385225375,
      0.6042066678853509,
      -0.5234057271233032
    ],
    "use_fixed_grasp_quat": true,
    "phase_backends": {
      "approach": "qp_stream",
      "grasp": "qp_stream",
      "lift": "qp_stream"
    },
    "joint_limits_used": {
      "shoulder_pitch": [
        -2.96,
        2.96
      ],
      "shoulder_roll": [
        -0.262,
        2.616
      ],
      "shoulder_yaw": [
        -2.96,
        2.96
      ],
      "elbow_pitch": [
        -2.61,
        0.261
      ],
      "elbow_yaw": [
        -2.96,
        2.96
      ],
      "wrist_pitch": [
        -0.785,
        1.05
      ],
      "wrist_roll": [
        -1.65,
        1.3
      ]
    },
    "grasp_reach_retry_used": true,
    "grasp_reach_retry_yaw_scale": 0.5,
    "approach_tcp_tracking": {
      "commanded_xyz": [
        0.2746715343817187,
        0.25857277766125575,
        0.10147519450647755
      ],
      "achieved_xyz": [
        0.277462584914256,
        0.2518774115906166,
        0.1190933592394055
      ],
      "error_mm": [
        2.791050532537309,
        -6.695366070639142,
        17.61816473292796
      ],
      "error_norm_mm": 19.05302124209253,
      "achieved_quat": [
        -0.3650275162682005,
        0.47750979547326233,
        0.6271335000299729,
        -0.4954219219355437
      ],
      "approach_axis_tilt_deg": 16.109778059244263,
      "commanded_approach_axis_tilt_deg": 16.143171403752195,
      "orientation_error_deg": 4.814288298764488
    },
    "approach_joint_limits": {
      "closest": {
        "joint": "elbow_pitch",
        "value": -2.0997,
        "lower": -2.61,
        "upper": 0.261,
        "dist_to_limit": 0.5103,
        "nearest_side": "lower"
      },
      "breached": [],
      "margin_rad": 0.05
    },
    "compliant_insert": {
      "ok": true,
      "contact": false,
      "reason": "reached_depth_no_contact",
      "resist_n": 0.262257938804043,
      "traveled_m": 0.04627566722165723,
      "planned_depth_m": 0.03405576610403922,
      "ft_topic": "/arm_6dof_left",
      "calib_path": "/home/ubuntu/niu/compliant_grasp_execute/ft_calibration/ft_calibration_left.json",
      "calib_present": true,
      "commanded_m": 0.05405576610403923,
      "throttle_events": 0
    },
    "grasp_tcp_tracking": {
      "commanded_xyz": [
        0.3883032411234712,
        0.25857277766125575,
        0.06811057385785536
      ],
      "achieved_xyz": [
        0.4048790683832641,
        0.25831023683125587,
        0.06926303891289065
      ],
      "error_mm": [
        16.575827259792895,
        -0.26254082999987993,
        1.1524650550352873
      ],
      "error_norm_mm": 16.617916618426868,
      "achieved_quat": [
        -0.3821452441920914,
        0.4864903182706356,
        0.6068237770849231,
        -0.49905619536750573
      ],
      "approach_axis_tilt_deg": 13.567123796024164,
      "commanded_approach_axis_tilt_deg": 16.143171403752195,
      "orientation_error_deg": 3.806258179968861
    },
    "grasp_joint_limits": {
      "closest": {
        "joint": "shoulder_roll",
        "value": 0.5293,
        "lower": -0.262,
        "upper": 2.616,
        "dist_to_limit": 0.7913,
        "nearest_side": "lower"
      },
      "breached": [],
      "margin_rad": 0.05
    },
    "lift_joint_limits": {
      "closest": {
        "joint": "elbow_pitch",
        "value": -1.8753,
        "lower": -2.61,
        "upper": 0.261,
        "dist_to_limit": 0.7347,
        "nearest_side": "lower"
      },
      "breached": [],
      "margin_rad": 0.05
    },
    "retract_ok": null,
    "return_home_ok": true,
    "released_on_finish_ok": null,
    "approach_ok": true,
    "grasp_ok": true,
    "lift_ok": true
  },
  "detection": {
    "class_name": "remote-control",
    "pose_head_roll_link": [
      0.837806022458399,
      0.22236311534876116,
      -0.090406616688849,
      -0.3545426959476008,
      0.04423037660116734,
      0.9338901221005688,
      0.013870485893106351
    ],
    "pose_tip_waist_yaw_link_rpy": {
      "x": 0.600186857734356,
      "y": 0.2156679753830077,
      "z": -0.010847668579923808,
      "roll": 0.08985955532666483,
      "pitch": 0.028695109916495154,
      "yaw": 3.1328574057212886
    },
    "pose_tip_used_for_tcp_conversion_rpy": {
      "x": 0.600186857734356,
      "y": 0.2156679753830077,
      "z": -0.010847668579923808,
      "roll": -2.0723818036377484,
      "pitch": 0.09377878583123667,
      "yaw": 1.315677680936615
    },
    "pose_tcp_waist_yaw_link_rpy": {
      "x": 0.3714790135075432,
      "y": 0.2629382500850101,
      "z": -0.13818282915516006,
      "roll": -2.0723818036377484,
      "pitch": 0.09377878583123667,
      "yaw": 1.315677680936615
    },
    "pose_tcp_waist_yaw_link_pose7": [
      0.3714790135075432,
      0.2629382500850101,
      -0.13818282915516006,
      0.6947559130434091,
      0.506622173699265,
      -0.3430864345250586,
      -0.3780739251156225
    ],
    "current_tcp_pose7": [
      0.1156155226467722,
      -0.2579160992215046,
      0.1413204379863657,
      0.6947559130434091,
      0.506622173699265,
      -0.3430864345250586,
      -0.3780739251156225
    ],
    "tcp_minus_tip_waist_m": [
      -0.22870784422681278,
      0.0472702747020024,
      -0.12733516057523625
    ],
    "tcp_to_tip_offset_m": [
      0.0,
      0.0,
      -0.266
    ],
    "orientation_policy": "current",
    "use_current_tcp_rotation": true,
    "rotation_source_arm": "right",
    "bbox_2d": [
      426.9440002441406,
      242.14932250976562,
      486.9678955078125,
      403.2661437988281
    ],
    "bbox_3d": {
      "min": [
        0.7753103074109645,
        0.19945181515167656,
        -0.15412201986359633
      ],
      "max": [
        0.9091900924603216,
        0.24997394762022535,
        -0.025430483567763812
      ],
      "center": [
        0.8422501999356431,
        0.22471288138595097,
        -0.08977625171568007
      ],
      "size": [
        0.13387978504935705,
        0.05052213246854878,
        0.12869153629583252
      ]
    },
    "object_long_axis_waist": [
      -0.9995501872540165,
      0.00873154072924778,
      -0.028691172108400026
    ],
    "object_long_axis_yaw_waist_deg": -0.5004928358659413,
    "object_angle_from_waist_x_deg": 0.5004928358659502
  },
  "gripper": {
    "open_ok": true,
    "close_ok": true,
    "final_pos_pct": 89.0,
    "backend": "modbus_rtu"
  },
  "ok": true
}
[GRASP-EXEC] saved result json: /tmp/grasp_exec.json
[GRASP-EXEC] saved handoff: /tmp/grasp_handoff.json (arm=left holding=True)



竖放，抓起来了。