[日志] 日志文件: logs/grasp/grasp_260708_131140.log
[日志] 执行命令: python3 -m compliant_grasp_execute.main
[INFO] [1783487501.350921074] [XARM_manager]: waiting for service /controller_manager/get_parameters to become available...
[INFO] [1783487503.269044553] [XARM_manager]: XARM_manager initialized, robot_type: tianyi2, run_type: real
[INFO] [1783487503.276147474] [XARM_manager]: 已订阅关节状态话题: /joint_states
[INFO] [1783487503.281571592] [XARM_manager]: 已订阅警告和错误信息话题: /manipulator/warn_and_error_info
[INFO] [1783487503.292282452] [XARM_manager]: /joint_action_report 服务已启动
[CONFIG] loaded 201 params from /home/ubuntu/niu/compliant_grasp_execute/config.yaml
[GRASP-EXEC] STARTUP: enabling arms and moving BOTH to home posture
[INFO] [1783487506.253447222] [XARM_manager]: Deactivated controllers: ['jointspace_arm_L_controller', 'jointspace_arm_R_controller']
[GRASP-EXEC] STARTUP: left -> home joints=['0.844', '0.026', '-0.006', '-2.216', '-1.529', '0.250', '0.683']
[INFO] [1783487506.277307121] [XARM_manager]: Activated controllers: ['jointspace_arm_L_controller']
[INFO] [1783487506.293057664] [XARM_manager]: Sending goal to action server /jointspace_arm_L_controller/jointspace (attempt 1/3):
eai_manipulator_msgs.action.JointSpace_Goal(target_positions=[0.844, 0.026, -0.006, -2.216, -1.529, 0.25, 0.683])
[INFO] [1783487506.294289823] [XARM_manager]: Goal accepted. Waiting for result...
[INFO] [1783487506.745663937] [XARM_manager]: Action result received from /jointspace_arm_L_controller/jointspace
[INFO] [1783487506.745993967] [XARM_manager]: Action result: eai_manipulator_msgs.action.JointSpace_Result(success=True, result_msg='action finished')
[GRASP-EXEC] STARTUP: right -> home joints=['0.844', '-0.026', '0.006', '-2.216', '1.529', '0.250', '-0.683']
[INFO] [1783487506.754986916] [XARM_manager]: Activated controllers: ['jointspace_arm_R_controller']
[INFO] [1783487506.767893836] [XARM_manager]: Sending goal to action server /jointspace_arm_R_controller/jointspace (attempt 1/3):
eai_manipulator_msgs.action.JointSpace_Goal(target_positions=[0.844, -0.026, 0.006, -2.216, 1.529, 0.25, -0.683])
[INFO] [1783487506.770140987] [XARM_manager]: Goal accepted. Waiting for result...
[INFO] [1783487507.209775951] [XARM_manager]: Action result received from /jointspace_arm_R_controller/jointspace
[INFO] [1783487507.210021590] [XARM_manager]: Action result: eai_manipulator_msgs.action.JointSpace_Result(success=True, result_msg='action finished')
[GRASP-EXEC] STARTUP: activating both grippers (open/close cycle)
[robotiq_api] gripper not activated (gSTA!=3); running resetActivate() once
Activation completed. Activation time :  2.0639681816101074
[GRASP-EXEC] STARTUP: gripper 'left' activated
[robotiq_api] gripper not activated (gSTA!=3); running resetActivate() once
Activation completed. Activation time :  2.5441477298736572
[GRASP-EXEC] STARTUP: gripper 'right' activated
perception health check pass
[object_pose] RGB (720, 1280, 3), depth (720, 1280), valid-depth pixels: 853960/921600 (median valid depth 0.984 m)
[GRASP-EXEC] ARM-SELECT: object waist Y=+0.183m (y >= boundary 0.000) -> 'left' arm
[GRASP-EXEC] reach tilt reduction: object |Y|=0.183m -> tilt_scale=0.98 (backed the side-tilt off so the elbow can extend to a far-outboard object instead of folding into its stop)
[GRASP-EXEC] applied grasp tilt +44.3deg about waist Y (tilt scale 1.00 x reach 0.98) -> quat=['-0.2337', '0.3301', '0.6749', '-0.6172']
[GRASP-EXEC] continuous orientation: object long-axis yaw +1.7deg (angle-from-X 1.7deg); applied continuous yaw +1.7deg about waist Z (gain=1.00, clamp +/-15deg) -> quat=['-0.2387', '0.3266', '0.6654', '-0.6274']
[GRASP-EXEC] recomputed TCP along final quat: detected_tcp_xyz=['0.3012', '0.2298', '-0.1396'] -> consistent_tcp_xyz=['0.3362', '0.2186', '0.1672']
[GRASP-EXEC] approach lateral clamp: approach Y +0.2349 -> +0.2186 (= grasp Y); tool_z outboard component would have pushed the standoff further from center than the grasp, which folds the elbow into its stop at far-outboard reaches.
[GRASP-EXEC] approach along grasp axis: dist=0.120m tool_z=[-0.727,0.135,0.673] approach_xyz=['0.2889', '0.2186', '0.2529']
[GRASP-EXEC] applied lift tilt -15.0deg about waist Y -> lift quat=['-0.3235', '0.4057', '0.6286', '-0.5794']
[GRASP-EXEC] detected class=remote-control detected_pose7=['0.3012', '0.2298', '-0.1396', '0.6951', '0.5070', '-0.3425', '-0.3773'] -> motion grasp_pose7=['0.3762', '0.2186', '0.1722', '-0.2387', '0.3266', '0.6654', '-0.6274']
[INFO] [1783487516.492056873] [XARM_manager]: Deactivated controllers: ['jointspace_arm_L_controller', 'jointspace_arm_R_controller']
[GRASP-EXEC] arms enabled (mode 3) [took 0.02s]
[JOINT-LIMIT] left: using live controller limits from endpose_single_arm_qp_L_controller
[GRASP-EXEC] joint-limit guard ON (margin 0.050 rad) arm=left
[GRASP-EXEC] gripper: connecting in background (overlaps arm enable + approach to hide the slow serial open; --no-gripper-async-connect for the old blocking behaviour)
[GRASP-EXEC] ARM: approach via qp_stream
[GRASP-EXEC] gripper: arm='left' -> stable by-id port /dev/serial/by-id/usb-FTDI_FT231X_USB_UART_DU0E2IPR-if00-port0
[INFO] [1783487516.525371435] [XARM_manager]: Activated controllers: ['endpose_single_arm_qp_L_controller']
[GRASP-EXEC] QP-Stream left -> approach (pure-pursuit): pos=21.0cm rot=74.4deg, lookahead=13cm @ 50Hz, pos_tol=2.0cm accept=2.5cm keep_ori=False
[robotiq_api] gripper already activated (gSTA==3); skip resetActivate()
[GRASP-EXEC] gripper: cached serial port /dev/serial/by-id/usb-FTDI_FT231X_USB_UART_DU0E2IPR-if00-port0 -> /tmp/robotiq_gripper_port.txt
[GRASP-EXEC] gripper controller ready: backend=modbus_rtu port=auto slave=9 (wait_timeout=8.0s) [connect took 0.03s]
[GRASP-EXEC] approach TCP tracking: commanded=[0.2889,0.2186,0.2529] achieved=[0.2960,0.2356,0.2483] err=[+7.1,+17.0,-4.6]mm |err|=18.9mm approach-axis tilt: achieved=+43.1deg commanded=+42.3deg (0=level) ori-err=1.2deg
[JOINT-LIMIT] left closest-to-limit: wrist_pitch=0.9365 [-0.785,1.05] dist=0.1135rad
[JOINT-LIMIT] left approach per-joint: shoulder_pitch=-0.382[-2.96,+2.96](2.578) shoulder_roll=+0.804[-0.26,+2.62](1.066) shoulder_yaw=-0.548[-2.96,+2.96](2.412) elbow_pitch=-2.406[-2.61,+0.26](0.204) elbow_yaw=-0.917[-2.96,+2.96](2.043) wrist_pitch=+0.936[-0.79,+1.05](0.114) wrist_roll=-1.330[-1.65,+1.30](0.320)
[GRASP-EXEC] GRIPPER: open (after approach, before grasp insert)
[GRASP-EXEC] gripper already open enough: 1% (skip open command)
[GRASP-EXEC] ARM: HYBRID pre-descent (position QP-stream) -> 8.2cm, leaving final 3.0cm for F/T compliant descend-to-contact
[GRASP-EXEC] QP-Stream left -> pre-grasp (pure-pursuit): pos=8.2cm rot=0.0deg, lookahead=8cm @ 50Hz, pos_tol=1.0cm accept=2.5cm keep_ori=True
[GRASP-EXEC] ARM: COMPLIANT insert to grasp pose (F/T admittance descend-to-contact)
[INFO] [1783487520.654919689] [XARM_manager]: [COMPLIANT-LEFT] Loaded F/T calibration from /home/ubuntu/niu/compliant_grasp_execute/ft_calibration/ft_calibration_left.json
[INFO] [1783487520.677364825] [XARM_manager]: [COMPLIANT-LEFT] target set: p=[0.34578377845055325, 0.2222694586528176, 0.19477676116457437] q=[0.24461533138952152, -0.30913475557921705, -0.6859578209023579, 0.6116051916760198]
[INFO] [1783487520.678106055] [XARM_manager]: [COMPLIANT-LEFT] seeded QP target at captured pose (z=+0.1948).
[INFO] [1783487520.678596975] [XARM_manager]: [COMPLIANT-LEFT] admittance loop starting (calibrating force offset; keep hands off the arm briefly)...
[INFO] [1783487521.003186916] [XARM_manager]: [COMPLIANT-LEFT] runtime offset calibrated. p_ref=[0.34578377845055325, 0.2222694586528176, 0.19477676116457437], ready.
[COMPLIANT-INSERT] runtime force-offset calibrated in 0.34s
[INFO] [1783487521.022404578] [XARM_manager]: [COMPLIANT-LEFT] gains updated: B=[3.9597979746446663, 5.6, 3.9597979746446663] K=[20.0, 40.0, 20.0] B_rot=[0.5, 0.5, 0.5] K_rot=[0.0, 0.0, 0.0]
[COMPLIANT-INSERT] insertion dir=[+0.80,-0.10,-0.59] planned_depth=3.8cm soft_axes=xz K=[20.0, 40.0, 20.0] B=[3.96, 5.6, 3.96] contact_thresh=1.5N
[INFO] [1783487521.827529909] [XARM_manager]: [COMPLIANT-LEFT] n=200 hz=243.3 F=[+0.00,+0.00,+0.00]N disp=[-2.9,+0.2,+2.9]cm v=[+0.15,-0.01,-0.14]
[COMPLIANT-INSERT] insert s=5.8cm tcp_drop=2.0cm lag=+3.8cm resist=-0.17N (throttle x0)
[INFO] [1783487522.659953038] [XARM_manager]: [COMPLIANT-LEFT] n=400 hz=241.1 F=[+0.00,+0.00,+0.00]N disp=[-1.4,-0.0,+2.3]cm v=[+0.07,+0.00,-0.12]
[COMPLIANT-INSERT] insert s=5.8cm tcp_drop=3.8cm lag=+2.0cm resist=-0.08N (throttle x0)
[INFO] [1783487523.492717922] [XARM_manager]: [COMPLIANT-LEFT] n=600 hz=240.8 F=[+0.00,+0.00,+0.00]N disp=[-0.7,-0.1,+1.7]cm v=[+0.03,+0.01,-0.08]
[COMPLIANT-INSERT] insert s=5.8cm tcp_drop=4.8cm lag=+1.0cm resist=+0.04N (throttle x0)
[INFO] [1783487524.331392552] [XARM_manager]: [COMPLIANT-LEFT] n=800 hz=239.6 F=[+0.00,+0.00,+0.00]N disp=[-0.3,-0.1,+1.1]cm v=[+0.01,+0.01,-0.06]
[INFO] [1783487524.431810812] [XARM_manager]: [COMPLIANT-LEFT] gains updated: B=[10.844353369380768, 10.844353369380768, 10.844353369380768] K=[150.0, 150.0, 150.0] B_rot=[0.5, 0.5, 0.5] K_rot=[0.0, 0.0, 0.0]
[INFO] [1783487524.432129800] [XARM_manager]: [COMPLIANT-LEFT] target set: p=[0.38974574624424824, 0.21601108520140389, 0.1706597534089205] q=[0.24461533138952152, -0.30913475557921705, -0.6859578209023579, 0.6116051916760198]
[COMPLIANT-INSERT] reached commanded depth (tcp_drop 5.0cm of planned 3.8cm) WITHOUT contact (resist 1.1N < 1.5N); proceeding to close anyway
[GRASP-EXEC] grasp TCP tracking: commanded=[0.3762,0.2186,0.1722] achieved=[0.3903,0.2158,0.1711] err=[+14.1,-2.9,-1.0]mm |err|=14.5mm approach-axis tilt: achieved=+42.8deg commanded=+42.3deg (0=level) ori-err=3.6deg
[JOINT-LIMIT] left closest-to-limit: wrist_pitch=0.5557 [-0.785,1.05] dist=0.4943rad
[JOINT-LIMIT] left grasp per-joint: shoulder_pitch=-0.416[-2.96,+2.96](2.543) shoulder_roll=+0.515[-0.26,+2.62](0.777) shoulder_yaw=-0.551[-2.96,+2.96](2.409) elbow_pitch=-1.900[-2.61,+0.26](0.710) elbow_yaw=-0.955[-2.96,+2.96](2.005) wrist_pitch=+0.556[-0.79,+1.05](0.494) wrist_roll=-1.091[-1.65,+1.30](0.559)
[GRASP-EXEC] GRIPPER: close at grasp pose (after arm motion, not at approach)
[GRASP-EXEC] gripper close: start=1% -> target=100%
[INFO] [1783487525.168767350] [XARM_manager]: [COMPLIANT-LEFT] n=1000 hz=239.8 F=[+0.00,+1.76,+6.78]N disp=[-0.1,+0.3,+1.1]cm v=[+0.01,+0.11,+0.20]
[INFO] [1783487526.003298204] [XARM_manager]: [COMPLIANT-LEFT] n=1200 hz=240.4 F=[+0.00,+0.00,+0.50]N disp=[+0.1,+0.1,+0.8]cm v=[-0.01,-0.02,-0.09]
[GRASP-EXEC] gripper close result: pos=90% status=3 ok=True
[INFO] [1783487526.645853272] [XARM_manager]: [COMPLIANT-LEFT] admittance loop stopped.
[GRASP-EXEC] ARM: rotate wrist away from table -20deg about waist Y before lift
[GRASP-EXEC] QP-Stream left -> table-clear (pure-pursuit): pos=0.0cm rot=20.0deg, lookahead=13cm @ 50Hz, pos_tol=2.0cm accept=2.5cm keep_ori=False
[GRASP-EXEC] ARM: lift after grasp
[GRASP-EXEC] QP-Stream left -> lift (pure-pursuit): pos=10.8cm rot=0.0deg, lookahead=13cm @ 50Hz, pos_tol=2.0cm accept=2.5cm keep_ori=True
[JOINT-LIMIT] left closest-to-limit: wrist_pitch=0.7919 [-0.785,1.05] dist=0.2581rad
[JOINT-LIMIT] left lift per-joint: shoulder_pitch=-0.720[-2.96,+2.96](2.240) shoulder_roll=+0.675[-0.26,+2.62](0.937) shoulder_yaw=-0.617[-2.96,+2.96](2.343) elbow_pitch=-2.047[-2.61,+0.26](0.563) elbow_yaw=-0.784[-2.96,+2.96](2.176) wrist_pitch=+0.792[-0.79,+1.05](0.258) wrist_roll=-1.356[-1.65,+1.30](0.294)
[INFO] [1783487527.692675170] [XARM_manager]: Deactivated controllers: ['endpose_single_arm_qp_L_controller']
[GRASP-EXEC] ELBOW-LOW: returning HOME directly (no pre-home waypoint)
[GRASP-EXEC] RETURN HOME: left -> joints=['0.844', '0.026', '-0.006', '-2.216', '-1.529', '0.250', '0.683']
[INFO] [1783487527.711069335] [XARM_manager]: Activated controllers: ['jointspace_arm_L_controller']
[INFO] [1783487527.711843167] [XARM_manager]: Sending goal to action server /jointspace_arm_L_controller/jointspace (attempt 1/3):
eai_manipulator_msgs.action.JointSpace_Goal(target_positions=[0.844, 0.026, -0.006, -2.216, -1.529, 0.25, 0.683])
[INFO] [1783487527.713121113] [XARM_manager]: Goal accepted. Waiting for result...
[INFO] [1783487530.014307528] [XARM_manager]: Action result received from /jointspace_arm_L_controller/jointspace
[INFO] [1783487530.014778676] [XARM_manager]: Action result: eai_manipulator_msgs.action.JointSpace_Result(success=True, result_msg='action finished')
[GRASP-EXEC] return home result: eai_manipulator_msgs.action.JointSpace_Result(success=True, result_msg='action finished')
{
  "arm": "left",
  "pipeline_version": "accelerated",
  "motion_strategy": "qp_all",
  "dry_run": false,
  "motion": {
    "detected_pose7": [
      0.3011993777745611,
      0.2298292669728409,
      -0.1396306484083159,
      0.6951432878857476,
      0.5070437209897175,
      -0.3425223445107543,
      -0.3773074579479585
    ],
    "approach_pose7": [
      0.28887308719120003,
      0.21863856246915742,
      0.2529112095959925,
      -0.2386780449482727,
      0.32656236699968366,
      0.665445108589418,
      -0.6273536632344249
    ],
    "grasp_pose7": [
      0.3761604235312647,
      0.21863856246915742,
      0.17217765487937625,
      -0.2386780449482727,
      0.32656236699968366,
      0.665445108589418,
      -0.6273536632344249
    ],
    "lift_pose7": [
      0.3761604235312647,
      0.21863856246915742,
      0.29217765487937625,
      -0.3234941373423478,
      0.4056546655171948,
      0.6285983970636912,
      -0.5793616233909707
    ],
    "pre_home_pose7": [
      0.19616042353126473,
      0.11863856246915741,
      0.34217765487937624,
      -0.3234941373423478,
      0.4056546655171948,
      0.6285983970636912,
      -0.5793616233909707
    ],
    "grasp_xyz_offset_m": [
      0.04,
      0.0,
      0.005
    ],
    "grasp_quat": [
      -0.2386780449482727,
      0.32656236699968366,
      0.665445108589418,
      -0.6273536632344249
    ],
    "use_fixed_grasp_quat": true,
    "phase_backends": {
      "approach": "qp_stream",
      "grasp": "qp_stream",
      "lift": "qp_stream"
    },
    "joint_limits_used": {
      "shoulder_pitch": [
        -2.96,
        2.96
      ],
      "shoulder_roll": [
        -0.262,
        2.616
      ],
      "shoulder_yaw": [
        -2.96,
        2.96
      ],
      "elbow_pitch": [
        -2.61,
        0.261
      ],
      "elbow_yaw": [
        -2.96,
        2.96
      ],
      "wrist_pitch": [
        -0.785,
        1.05
      ],
      "wrist_roll": [
        -1.65,
        1.3
      ]
    },
    "approach_tcp_tracking": {
      "commanded_xyz": [
        0.28887308719120003,
        0.21863856246915742,
        0.2529112095959925
      ],
      "achieved_xyz": [
        0.29596516206412593,
        0.23559326881602294,
        0.24832990538605146
      ],
      "error_mm": [
        7.092074872925902,
        16.95470634686552,
        -4.581304209941045
      ],
      "error_norm_mm": 18.94064258613346,
      "achieved_quat": [
        0.23862721953279162,
        -0.3186674189405889,
        -0.6627719092432127,
        0.6342251355172696
      ],
      "approach_axis_tilt_deg": 43.079795658024686,
      "commanded_approach_axis_tilt_deg": 42.281961611267405,
      "orientation_error_deg": 1.2378914548441553
    },
    "approach_joint_limits": {
      "closest": {
        "joint": "wrist_pitch",
        "value": 0.9365,
        "lower": -0.785,
        "upper": 1.05,
        "dist_to_limit": 0.1135,
        "nearest_side": "upper"
      },
      "breached": [],
      "margin_rad": 0.05
    },
    "compliant_insert": {
      "ok": true,
      "contact": false,
      "reason": "reached_depth_no_contact",
      "resist_n": 1.0950349105394046,
      "traveled_m": 0.0500374661820657,
      "planned_depth_m": 0.03803476802013799,
      "ft_topic": "/arm_6dof_left",
      "calib_path": "/home/ubuntu/niu/compliant_grasp_execute/ft_calibration/ft_calibration_left.json",
      "calib_present": true,
      "commanded_m": 0.05803476802013799,
      "throttle_events": 0
    },
    "grasp_tcp_tracking": {
      "commanded_xyz": [
        0.3761604235312647,
        0.21863856246915742,
        0.17217765487937625
      ],
      "achieved_xyz": [
        0.3902912274486706,
        0.21578389071131235,
        0.1711332054605426
      ],
      "error_mm": [
        14.130803917405899,
        -2.8546717578450673,
        -1.044449418833665
      ],
      "error_norm_mm": 14.454052884423598,
      "achieved_quat": [
        0.24783915626341801,
        -0.31482760853680664,
        -0.6851567901703,
        0.6082922837001663
      ],
      "approach_axis_tilt_deg": 42.75920092788778,
      "commanded_approach_axis_tilt_deg": 42.281961611267405,
      "orientation_error_deg": 3.575543265890933
    },
    "grasp_joint_limits": {
      "closest": {
        "joint": "wrist_pitch",
        "value": 0.5557,
        "lower": -0.785,
        "upper": 1.05,
        "dist_to_limit": 0.4943,
        "nearest_side": "upper"
      },
      "breached": [],
      "margin_rad": 0.05
    },
    "lift_joint_limits": {
      "closest": {
        "joint": "wrist_pitch",
        "value": 0.7919,
        "lower": -0.785,
        "upper": 1.05,
        "dist_to_limit": 0.2581,
        "nearest_side": "upper"
      },
      "breached": [],
      "margin_rad": 0.05
    },
    "retract_ok": null,
    "return_home_ok": true,
    "released_on_finish_ok": null,
    "approach_ok": true,
    "grasp_ok": true,
    "lift_ok": true
  },
  "detection": {
    "class_name": "remote-control",
    "pose_head_roll_link": [
      0.7857893758980148,
      0.1835826666251101,
      -0.13555831091782367,
      -0.3584286384770963,
      0.042579743310630594,
      0.9325838436806435,
      -0.001803076507697655
    ],
    "pose_tip_waist_yaw_link_rpy": {
      "x": 0.5296473524184081,
      "y": 0.18268930941446473,
      "z": -0.011781724742456423,
      "roll": 0.0779420283067335,
      "pitch": 0.03713429300755755,
      "yaw": -3.1112419290631848
    },
    "pose_tip_used_for_tcp_conversion_rpy": {
      "x": 0.5296473524184081,
      "y": 0.18268930941446473,
      "z": -0.011781724742456423,
      "roll": -2.0745925262467555,
      "pitch": 0.09371859349973288,
      "yaw": 1.3157633652338208
    },
    "pose_tcp_waist_yaw_link_rpy": {
      "x": 0.3011993777745611,
      "y": 0.2298292669728409,
      "z": -0.1396306484083159,
      "roll": -2.0745925262467555,
      "pitch": 0.09371859349973288,
      "yaw": 1.3157633652338208
    },
    "pose_tcp_waist_yaw_link_pose7": [
      0.3011993777745611,
      0.2298292669728409,
      -0.1396306484083159,
      0.6951432878857476,
      0.5070437209897175,
      -0.3425223445107543,
      -0.3773074579479585
    ],
    "current_tcp_pose7": [
      0.11554008538726422,
      -0.2578619889944496,
      0.1414840089219751,
      0.6951432878857476,
      0.5070437209897175,
      -0.3425223445107543,
      -0.3773074579479585
    ],
    "tcp_minus_tip_waist_m": [
      -0.22844797464384703,
      0.04713995755837616,
      -0.12784892366585948
    ],
    "tcp_to_tip_offset_m": [
      0.0,
      0.0,
      -0.266
    ],
    "orientation_policy": "current",
    "use_current_tcp_rotation": true,
    "rotation_source_arm": "right",
    "bbox_2d": [
      455.04095458984375,
      286.3720703125,
      509.39337158203125,
      461.09527587890625
    ],
    "bbox_3d": {
      "min": [
        0.7233979172997359,
        0.1588289558748027,
        -0.19847202103599834
      ],
      "max": [
        0.8581750806894354,
        0.21084685804785405,
        -0.07178788142133966
      ],
      "center": [
        0.7907864989945856,
        0.18483790696132837,
        -0.135129951228669
      ],
      "size": [
        0.13477716338969947,
        0.052017902173051356,
        0.1266841396146587
      ]
    },
    "object_long_axis_waist": [
      -0.9988503709842305,
      -0.030325144527128627,
      -0.03712575917169328
    ],
    "object_long_axis_yaw_waist_deg": 1.7389684205388676,
    "object_angle_from_waist_x_deg": 1.7389684205388483
  },
  "gripper": {
    "open_ok": true,
    "close_ok": true,
    "final_pos_pct": 90.0,
    "backend": "modbus_rtu"
  },
  "ok": true
}
[GRASP-EXEC] saved result json: /tmp/grasp_exec.json
[GRASP-EXEC] saved handoff: /tmp/grasp_handoff.json (arm=left holding=True)
