[日志] 日志文件: logs/grasp/grasp_260707_145502.log
[日志] 执行命令: python3 -m compliant_grasp_execute.main
[INFO] [1783407303.287946091] [XARM_manager]: waiting for service /controller_manager/get_parameters to become available...
[INFO] [1783407303.850358917] [XARM_manager]: XARM_manager initialized, robot_type: tianyi2, run_type: real
[INFO] [1783407303.859302849] [XARM_manager]: 已订阅关节状态话题: /joint_states
[INFO] [1783407303.867805071] [XARM_manager]: 已订阅警告和错误信息话题: /manipulator/warn_and_error_info
[INFO] [1783407303.880413042] [XARM_manager]: /joint_action_report 服务已启动
[CONFIG] loaded 201 params from /home/ubuntu/niu/compliant_grasp_execute/config.yaml
[GRASP-EXEC] STARTUP: enabling arms and moving BOTH to home posture
[INFO] [1783407308.293956814] [XARM_manager]: Deactivated controllers: ['jointspace_arm_L_controller']
[GRASP-EXEC] STARTUP: left -> home joints=['0.844', '0.026', '-0.006', '-2.216', '-1.529', '0.250', '0.683']
[INFO] [1783407308.546272966] [XARM_manager]: Activated controllers: ['jointspace_arm_L_controller']
[INFO] [1783407308.561614171] [XARM_manager]: Sending goal to action server /jointspace_arm_L_controller/jointspace (attempt 1/3):
eai_manipulator_msgs.action.JointSpace_Goal(target_positions=[0.844, 0.026, -0.006, -2.216, -1.529, 0.25, 0.683])
[INFO] [1783407308.564895365] [XARM_manager]: Goal accepted. Waiting for result...
[INFO] [1783407309.015931186] [XARM_manager]: Action result received from /jointspace_arm_L_controller/jointspace
[INFO] [1783407309.016195555] [XARM_manager]: Action result: eai_manipulator_msgs.action.JointSpace_Result(success=True, result_msg='action finished')
[GRASP-EXEC] STARTUP: right -> home joints=['0.844', '-0.026', '0.006', '-2.216', '1.529', '0.250', '-0.683']
[INFO] [1783407309.028720433] [XARM_manager]: Activated controllers: ['jointspace_arm_R_controller']
[INFO] [1783407309.041431766] [XARM_manager]: Sending goal to action server /jointspace_arm_R_controller/jointspace (attempt 1/3):
eai_manipulator_msgs.action.JointSpace_Goal(target_positions=[0.844, -0.026, 0.006, -2.216, 1.529, 0.25, -0.683])
[INFO] [1783407309.042673214] [XARM_manager]: Goal accepted. Waiting for result...
[INFO] [1783407309.497379875] [XARM_manager]: Action result received from /jointspace_arm_R_controller/jointspace
[INFO] [1783407309.497875013] [XARM_manager]: Action result: eai_manipulator_msgs.action.JointSpace_Result(success=True, result_msg='action finished')
[GRASP-EXEC] STARTUP: activating both grippers (open/close cycle)
[robotiq_api] gripper already activated (gSTA==3); skip resetActivate()
[GRASP-EXEC] STARTUP: gripper 'left' activated
[robotiq_api] gripper already activated (gSTA==3); skip resetActivate()
[GRASP-EXEC] STARTUP: gripper 'right' activated
perception health check pass
[object_pose] RGB (720, 1280, 3), depth (720, 1280), valid-depth pixels: 855444/921600 (median valid depth 1.296 m)
[GRASP-EXEC] ARM-SELECT: object waist Y=+0.178m (y >= boundary 0.000) -> 'left' arm
[GRASP-EXEC] diagonal schedule: angle-from-X=88.10458362517296deg -> tilt_scale=0.50, yaw_clamp=45.0deg (freed wrist_pitch, raised jaw alignment)
[GRASP-EXEC] applied grasp tilt +22.5deg about waist Y (tilt scale 1.00 x diag 0.50) -> quat=['-0.3570', '0.4408', '0.6186', '-0.5437']
[GRASP-EXEC] continuous orientation: object long-axis yaw -88.1deg (angle-from-X 88.1deg); applied continuous yaw -45.0deg about waist Z (gain=1.00, clamp +/-45deg) -> quat=['-0.1611', '0.5438', '0.7796', '-0.2656']
[GRASP-EXEC] recomputed TCP along final quat: detected_tcp_xyz=['0.4010', '0.2256', '-0.1382'] -> consistent_tcp_xyz=['0.4860', '0.3811', '0.0840']
[GRASP-EXEC] approach lateral clamp: approach Y +0.4726 -> +0.3811 (= grasp Y); tool_z outboard component would have pushed the standoff further from center than the grasp, which folds the elbow into its stop at far-outboard reaches.
[GRASP-EXEC] approach along grasp axis: dist=0.120m tool_z=[-0.540,0.762,0.357] approach_xyz=['0.4612', '0.3811', '0.1318']
[GRASP-EXEC] applied lift tilt -15.0deg about waist Y -> lift quat=['-0.2615', '0.5738', '0.7519', '-0.1923']
[GRASP-EXEC] detected class=remote-control detected_pose7=['0.4010', '0.2256', '-0.1382', '0.6948', '0.5067', '-0.3430', '-0.3780'] -> motion grasp_pose7=['0.5260', '0.3811', '0.0890', '-0.1611', '0.5438', '0.7796', '-0.2656']
[INFO] [1783407312.970980408] [XARM_manager]: Deactivated controllers: ['jointspace_arm_L_controller', 'jointspace_arm_R_controller']
[GRASP-EXEC] arms enabled (mode 3) [took 0.03s]
[JOINT-LIMIT] left: using live controller limits from endpose_single_arm_qp_L_controller
[GRASP-EXEC] joint-limit guard ON (margin 0.050 rad) arm=left
[GRASP-EXEC] gripper: connecting in background (overlaps arm enable + approach to hide the slow serial open; --no-gripper-async-connect for the old blocking behaviour)
[GRASP-EXEC] ARM: approach via qp_stream
[GRASP-EXEC] ELBOW-HIGH (proactive): object long axis ~parallel to body (angle-from-X=88.10458362517296 >= 60.0deg); the elbow-high seed's fore-aft jaws match a parallel object's short axis; reconfiguring to elbow-high seed before approach.
[GRASP-EXEC] elbow-high seed ready/left: clamped 1 joint(s) inward (margin 0.05rad): shoulder_yaw -2.964->-2.910 [-2.960,2.960]
[GRASP-EXEC] ELBOW-HIGH: reconfiguring left arm into elbow-high seed (jointspace: home -> stage -> transition -> ready). NOTE: jointspace moves run at the controller's own speed; watch the first reconfiguration for table/body clearance.
[GRASP-EXEC] gripper: arm='left' -> stable by-id port /dev/serial/by-id/usb-FTDI_FT231X_USB_UART_DU0E2IPR-if00-port0
[GRASP-EXEC] ELBOW-HIGH: left -> stage joints=['0.000', '1.180', '0.000', '-1.300', '1.400', '-0.130', '0.180']
[INFO] [1783407313.023202283] [XARM_manager]: Activated controllers: ['jointspace_arm_L_controller']
[INFO] [1783407313.024292154] [XARM_manager]: Sending goal to action server /jointspace_arm_L_controller/jointspace (attempt 1/3):
eai_manipulator_msgs.action.JointSpace_Goal(target_positions=[0.0, 1.18, 0.0, -1.3, 1.4, -0.13, 0.18])
[INFO] [1783407313.029319757] [XARM_manager]: Goal accepted. Waiting for result...
[robotiq_api] gripper already activated (gSTA==3); skip resetActivate()
[GRASP-EXEC] gripper: cached serial port /dev/serial/by-id/usb-FTDI_FT231X_USB_UART_DU0E2IPR-if00-port0 -> /tmp/robotiq_gripper_port.txt
[GRASP-EXEC] gripper controller ready: backend=modbus_rtu port=auto slave=9 (wait_timeout=8.0s) [connect took 0.04s]
[INFO] [1783407315.982822369] [XARM_manager]: Action result received from /jointspace_arm_L_controller/jointspace
[INFO] [1783407315.983314640] [XARM_manager]: Action result: eai_manipulator_msgs.action.JointSpace_Result(success=True, result_msg='action finished')
[GRASP-EXEC] ELBOW-HIGH: stage move result: eai_manipulator_msgs.action.JointSpace_Result(success=True, result_msg='action finished')
[GRASP-EXEC] ELBOW-HIGH: left -> transition joints=['-1.452', '0.585', '-1.455', '-1.870', '0.746', '-0.142', '0.093']
[INFO] [1783407315.987455400] [XARM_manager]: Sending goal to action server /jointspace_arm_L_controller/jointspace (attempt 1/3):
eai_manipulator_msgs.action.JointSpace_Goal(target_positions=[-1.4525, 0.5845, -1.455, -1.87, 0.7456999999999999, -0.14179999999999998, 0.09315])
[INFO] [1783407315.990951473] [XARM_manager]: Goal accepted. Waiting for result...
[INFO] [1783407317.847214491] [XARM_manager]: Action result received from /jointspace_arm_L_controller/jointspace
[INFO] [1783407317.847501786] [XARM_manager]: Action result: eai_manipulator_msgs.action.JointSpace_Result(success=True, result_msg='action finished')
[GRASP-EXEC] ELBOW-HIGH: transition move result: eai_manipulator_msgs.action.JointSpace_Result(success=True, result_msg='action finished')
[GRASP-EXEC] ELBOW-HIGH: left -> ready joints=['-2.905', '-0.011', '-2.910', '-2.440', '0.091', '-0.154', '0.006']
[INFO] [1783407317.850262038] [XARM_manager]: Sending goal to action server /jointspace_arm_L_controller/jointspace (attempt 1/3):
eai_manipulator_msgs.action.JointSpace_Goal(target_positions=[-2.905, -0.011, -2.91, -2.44, 0.0914, -0.1536, 0.0063])
[INFO] [1783407317.851580574] [XARM_manager]: Goal accepted. Waiting for result...
[INFO] [1783407319.710095175] [XARM_manager]: Action result received from /jointspace_arm_L_controller/jointspace
[INFO] [1783407319.710578589] [XARM_manager]: Action result: eai_manipulator_msgs.action.JointSpace_Result(success=True, result_msg='action finished')
[GRASP-EXEC] ELBOW-HIGH: ready move result: eai_manipulator_msgs.action.JointSpace_Result(success=True, result_msg='action finished')
[JOINT-LIMIT] left closest-to-limit: shoulder_pitch=-2.7904 [-2.96,2.96] dist=0.1696rad
[GRASP-EXEC] continuous orientation: object long-axis yaw -88.1deg (angle-from-X 88.1deg); applied continuous yaw +11.9deg about waist Z (gain=1.00, clamp +/-90deg) [top-down jaw-align: base jaw heading +170.0deg -> short-axis +1.9deg] -> quat=['-0.2491', '0.2460', '0.9354', '0.0501']
[GRASP-EXEC] recomputed TCP along final quat: detected_tcp_xyz=['0.4010', '0.2256', '-0.1382'] -> consistent_tcp_xyz=['0.5123', '0.3074', '0.1900']
[GRASP-EXEC] approach lateral clamp: approach Y +0.3656 -> +0.3074 (= grasp Y); tool_z outboard component would have pushed the standoff further from center than the grasp, which folds the elbow into its stop at far-outboard reaches.
[GRASP-EXEC] approach along grasp axis: dist=0.120m tool_z=[-0.441,0.485,0.755] approach_xyz=['0.4993', '0.3074', '0.2856']
[GRASP-EXEC] applied lift tilt -15.0deg about waist Y -> lift quat=['-0.3690', '0.2373', '0.8949', '0.0818']
[GRASP-EXEC] ELBOW-HIGH: using SEED grasp orientation (proactive); rebuilt grasp/approach/lift poses. The seed-anchored mode keeps the orientation the arm is already in, so the approach only translates and the wrist stays in range.
[GRASP-EXEC] ELBOW-HIGH QP joint window set on endpose_single_arm_qp_L_controller (flex 0.40rad, drop 0.15rad): shoulder_pitch[-2.96,-2.64], shoulder_roll[-0.01,0.54], shoulder_yaw[-2.96,-2.41], elbow_pitch[-2.61,-2.14], elbow_yaw[0.00,0.55]. Asymmetric: tight on the drop side so the elbow is actually held high; loose on the flex side so the arm can still reach.
[GRASP-EXEC] ELBOW-HIGH: wrist guard margin relaxed to 0.010rad (from 0.050) so the nose-down grasp can reach wrist_pitch~-0.71 (still inside the -0.785 stop). Other joints keep the full margin.
[INFO] [1783407319.732421535] [XARM_manager]: Deactivated controllers: ['jointspace_arm_L_controller']
[INFO] [1783407319.741871974] [XARM_manager]: Activated controllers: ['endpose_single_arm_qp_L_controller']
[GRASP-EXEC] QP-Stream left -> approach (pure-pursuit): pos=36.0cm rot=16.9deg, lookahead=13cm @ 50Hz, pos_tol=2.0cm accept=2.5cm keep_ori=False
[GRASP-EXEC] approach TCP tracking: commanded=[0.4993,0.3074,0.2856] achieved=[0.4925,0.3064,0.2673] err=[-6.8,-1.0,-18.3]mm |err|=19.6mm approach-axis tilt: achieved=+53.1deg commanded=+49.0deg (0=level) ori-err=4.2deg
[JOINT-LIMIT] left closest-to-limit: wrist_pitch=-0.7275 [-0.785,1.05] dist=0.0575rad
[JOINT-LIMIT] left approach per-joint: shoulder_pitch=-1.710[-2.96,+2.96](1.250) shoulder_roll=+0.780[-0.26,+2.62](1.042) shoulder_yaw=-2.037[-2.96,+2.96](0.923) elbow_pitch=-1.183[-2.61,+0.26](1.427) elbow_yaw=-0.872[-2.96,+2.96](2.088) wrist_pitch=-0.728[-0.79,+1.05](0.058) wrist_roll=+0.073[-1.65,+1.30](1.227)
[GRASP-EXEC] GRIPPER: open (after approach, before grasp insert)
[GRASP-EXEC] gripper open: start=90% -> target=0%
[GRASP-EXEC] gripper open result: pos=1% status=3 ok=True
[GRASP-EXEC] ARM: HYBRID pre-descent (position QP-stream) -> 6.4cm, leaving final 3.0cm for F/T compliant descend-to-contact
[GRASP-EXEC] QP-Stream left -> pre-grasp (pure-pursuit): pos=6.6cm rot=0.0deg, lookahead=8cm @ 50Hz, pos_tol=1.0cm accept=2.5cm keep_ori=True
[GRASP-EXEC] ARM: COMPLIANT insert to grasp pose (F/T admittance descend-to-contact)
[INFO] [1783407325.220738186] [XARM_manager]: [COMPLIANT-LEFT] Loaded F/T calibration from /home/ubuntu/niu/compliant_grasp_execute/ft_calibration/ft_calibration_left.json
[INFO] [1783407325.241410377] [XARM_manager]: [COMPLIANT-LEFT] target set: p=[0.5240544926311844, 0.30603923491357626, 0.216651844883879] q=[-0.21756861455108983, 0.24715731288813345, 0.9423983258871272, 0.05884348743384052]
[INFO] [1783407325.241795499] [XARM_manager]: [COMPLIANT-LEFT] seeded QP target at captured pose (z=+0.2167).
[INFO] [1783407325.243397599] [XARM_manager]: [COMPLIANT-LEFT] admittance loop starting (calibrating force offset; keep hands off the arm briefly)...
[INFO] [1783407325.573761083] [XARM_manager]: [COMPLIANT-LEFT] runtime offset calibrated. p_ref=[0.5240544926311844, 0.30603923491357626, 0.216651844883879], ready.
[COMPLIANT-INSERT] runtime force-offset calibrated in 0.34s
[INFO] [1783407325.587436934] [XARM_manager]: [COMPLIANT-LEFT] gains updated: B=[3.9597979746446663, 5.6, 3.9597979746446663] K=[20.0, 40.0, 20.0] B_rot=[0.5, 0.5, 0.5] K_rot=[0.0, 0.0, 0.0]
[COMPLIANT-INSERT] insertion dir=[+0.79,+0.04,-0.61] planned_depth=3.6cm soft_axes=xz K=[20.0, 40.0, 20.0] B=[3.96, 5.6, 3.96] contact_thresh=1.5N
[INFO] [1783407326.389248602] [XARM_manager]: [COMPLIANT-LEFT] gains updated: B=[10.844353369380768, 10.844353369380768, 10.844353369380768] K=[150.0, 150.0, 150.0] B_rot=[0.5, 0.5, 0.5] K_rot=[0.0, 0.0, 0.0]
[INFO] [1783407326.389818638] [XARM_manager]: [COMPLIANT-LEFT] target set: p=[0.5255218381554735, 0.3074392042742533, 0.1986099342394977] q=[-0.21756861455108983, 0.24715731288813345, 0.9423983258871272, 0.05884348743384052]
[COMPLIANT-INSERT] CONTACT (force) at tcp_drop 1.2cm (resist 2.2N, thresh 1.5N); holding compliant for gripper close
[INFO] [1783407326.406005480] [XARM_manager]: [COMPLIANT-LEFT] n=200 hz=241.9 F=[+0.00,+2.25,+3.26]N disp=[+0.0,+0.0,+0.0]cm v=[+0.00,+0.20,+0.20]
[GRASP-EXEC] grasp TCP tracking: commanded=[0.5523,0.3074,0.1950] achieved=[0.5296,0.3105,0.2010] err=[-22.7,+3.2,+6.0]mm |err|=23.7mm approach-axis tilt: achieved=+50.0deg commanded=+49.0deg (0=level) ori-err=5.4deg
[JOINT-LIMIT] left closest-to-limit: wrist_pitch=-0.7488 [-0.785,1.05] dist=0.0362rad
[JOINT-LIMIT] left grasp per-joint: shoulder_pitch=-1.483[-2.96,+2.96](1.477) shoulder_roll=+0.571[-0.26,+2.62](0.833) shoulder_yaw=-1.988[-2.96,+2.96](0.972) elbow_pitch=-0.735[-2.61,+0.26](0.996) elbow_yaw=-1.073[-2.96,+2.96](1.887) wrist_pitch=-0.749[-0.79,+1.05](0.036) wrist_roll=+0.447[-1.65,+1.30](0.853)
[GRASP-EXEC] GRIPPER: close at grasp pose (after arm motion, not at approach)
[GRASP-EXEC] gripper close: start=1% -> target=100%
[INFO] [1783407327.236944955] [XARM_manager]: [COMPLIANT-LEFT] n=400 hz=241.1 F=[-5.57,+0.25,+13.27]N disp=[-0.4,+0.3,+1.2]cm v=[-0.20,-0.04,+0.20]
[INFO] [1783407328.074916875] [XARM_manager]: [COMPLIANT-LEFT] n=600 hz=239.8 F=[+0.00,+1.62,-0.38]N disp=[-0.3,-0.1,+0.2]cm v=[+0.03,+0.15,-0.12]
[GRASP-EXEC] gripper close result: pos=90% status=3 ok=True
[INFO] [1783407328.115018311] [XARM_manager]: [COMPLIANT-LEFT] admittance loop stopped.
[GRASP-EXEC] ARM: rotate wrist away from table -20deg about waist Y before lift
[GRASP-EXEC] QP-Stream left -> table-clear (pure-pursuit): pos=0.0cm rot=20.0deg, lookahead=13cm @ 50Hz, pos_tol=2.0cm accept=2.5cm keep_ori=False
[GRASP-EXEC] ARM: lift after grasp
[GRASP-EXEC] QP-Stream left -> lift (pure-pursuit): pos=12.1cm rot=0.0deg, lookahead=13cm @ 50Hz, pos_tol=2.0cm accept=2.5cm keep_ori=True
[JOINT-LIMIT] left closest-to-limit: wrist_pitch=-0.7569 [-0.785,1.05] dist=0.0281rad
[JOINT-LIMIT] left lift per-joint: shoulder_pitch=-1.741[-2.96,+2.96](1.219) shoulder_roll=+0.592[-0.26,+2.62](0.854) shoulder_yaw=-2.119[-2.96,+2.96](0.841) elbow_pitch=-0.830[-2.61,+0.26](1.091) elbow_yaw=-0.860[-2.96,+2.96](2.100) wrist_pitch=-0.757[-0.79,+1.05](0.028) wrist_roll=+0.443[-1.65,+1.30](0.857)
[GRASP-EXEC] ELBOW-HIGH QP joint limits restored on endpose_single_arm_qp_L_controller (back to hard limits).
[GRASP-EXEC] ELBOW-HIGH: wrist guard margin restored to full.
[INFO] [1783407328.893168784] [XARM_manager]: Deactivated controllers: ['endpose_single_arm_qp_L_controller']
[GRASP-EXEC] elbow-high seed ready/left: clamped 1 joint(s) inward (margin 0.05rad): shoulder_yaw -2.964->-2.910 [-2.960,2.960]
[GRASP-EXEC] ELBOW-HIGH: returning via transition -> stage waypoints before home (unwinds elbow-high -> elbow-low without a large sweep).
[GRASP-EXEC] ELBOW-HIGH: left -> transition(return) joints=['-1.452', '0.585', '-1.455', '-1.870', '0.746', '-0.142', '0.093']
[INFO] [1783407328.912828515] [XARM_manager]: Activated controllers: ['jointspace_arm_L_controller']
[INFO] [1783407328.913897188] [XARM_manager]: Sending goal to action server /jointspace_arm_L_controller/jointspace (attempt 1/3):
eai_manipulator_msgs.action.JointSpace_Goal(target_positions=[-1.4525, 0.5845, -1.455, -1.87, 0.7456999999999999, -0.14179999999999998, 0.09315])
[INFO] [1783407328.915262193] [XARM_manager]: Goal accepted. Waiting for result...
[INFO] [1783407330.881898829] [XARM_manager]: Action result received from /jointspace_arm_L_controller/jointspace
[INFO] [1783407330.882219946] [XARM_manager]: Action result: eai_manipulator_msgs.action.JointSpace_Result(success=True, result_msg='action finished')
[GRASP-EXEC] ELBOW-HIGH: transition(return) move result: eai_manipulator_msgs.action.JointSpace_Result(success=True, result_msg='action finished')
[GRASP-EXEC] ELBOW-HIGH: left -> stage(return) joints=['0.000', '1.180', '0.000', '-1.300', '1.400', '-0.130', '0.180']
[INFO] [1783407330.886371444] [XARM_manager]: Sending goal to action server /jointspace_arm_L_controller/jointspace (attempt 1/3):
eai_manipulator_msgs.action.JointSpace_Goal(target_positions=[0.0, 1.18, 0.0, -1.3, 1.4, -0.13, 0.18])
[INFO] [1783407330.889908872] [XARM_manager]: Goal accepted. Waiting for result...
[INFO] [1783407332.744765499] [XARM_manager]: Action result received from /jointspace_arm_L_controller/jointspace
[INFO] [1783407332.745050504] [XARM_manager]: Action result: eai_manipulator_msgs.action.JointSpace_Result(success=True, result_msg='action finished')
[GRASP-EXEC] ELBOW-HIGH: stage(return) move result: eai_manipulator_msgs.action.JointSpace_Result(success=True, result_msg='action finished')
[GRASP-EXEC] PRE-HOME WAYPOINT: left -> joints=['0.000', '1.180', '0.000', '-1.300', '1.400', '-0.130', '0.180']
[INFO] [1783407332.747930910] [XARM_manager]: Sending goal to action server /jointspace_arm_L_controller/jointspace (attempt 1/3):
eai_manipulator_msgs.action.JointSpace_Goal(target_positions=[0.0, 1.18, 0.0, -1.3, 1.4, -0.13, 0.18])
[INFO] [1783407332.750640903] [XARM_manager]: Goal accepted. Waiting for result...
[INFO] [1783407332.752663584] [XARM_manager]: Action result received from /jointspace_arm_L_controller/jointspace
[INFO] [1783407332.752923674] [XARM_manager]: Action result: eai_manipulator_msgs.action.JointSpace_Result(success=True, result_msg='action finished')
[GRASP-EXEC] pre-home waypoint result: eai_manipulator_msgs.action.JointSpace_Result(success=True, result_msg='action finished')
[GRASP-EXEC] RETURN HOME: left -> joints=['0.844', '0.026', '-0.006', '-2.216', '-1.529', '0.250', '0.683']
[INFO] [1783407332.756541605] [XARM_manager]: Sending goal to action server /jointspace_arm_L_controller/jointspace (attempt 1/3):
eai_manipulator_msgs.action.JointSpace_Goal(target_positions=[0.844, 0.026, -0.006, -2.216, -1.529, 0.25, 0.683])
[INFO] [1783407332.758107836] [XARM_manager]: Goal accepted. Waiting for result...
[INFO] [1783407335.720458315] [XARM_manager]: Action result received from /jointspace_arm_L_controller/jointspace
[INFO] [1783407335.720699091] [XARM_manager]: Action result: eai_manipulator_msgs.action.JointSpace_Result(success=True, result_msg='action finished')
[GRASP-EXEC] return home result: eai_manipulator_msgs.action.JointSpace_Result(success=True, result_msg='action finished')
{
  "arm": "left",
  "pipeline_version": "accelerated",
  "motion_strategy": "qp_all",
  "dry_run": false,
  "motion": {
    "detected_pose7": [
      0.4009555854271526,
      0.22557875864159357,
      -0.1381939828609482,
      0.6947690522523284,
      0.5066961387701668,
      -0.34304502980259766,
      -0.37798822007509697
    ],
    "approach_pose7": [
      0.4992997461371325,
      0.3073690069717478,
      0.2856035744621049,
      -0.2490580432403138,
      0.24595194127678113,
      0.9353981259953928,
      0.05008073046388232
    ],
    "grasp_pose7": [
      0.5522559799050328,
      0.3073690069717478,
      0.19500891837902756,
      -0.2490580432403138,
      0.24595194127678113,
      0.9353981259953928,
      0.05008073046388232
    ],
    "lift_pose7": [
      0.5522559799050328,
      0.3073690069717478,
      0.31500891837902756,
      -0.36902127275037605,
      0.23731094127272853,
      0.8948870673308892,
      0.08175545323625094
    ],
    "pre_home_pose7": [
      0.37225597990503284,
      0.2073690069717478,
      0.36500891837902755,
      -0.36902127275037605,
      0.23731094127272853,
      0.8948870673308892,
      0.08175545323625094
    ],
    "grasp_xyz_offset_m": [
      0.04,
      0.0,
      0.005
    ],
    "grasp_quat": [
      -0.2490580432403138,
      0.24595194127678113,
      0.9353981259953928,
      0.05008073046388232
    ],
    "use_fixed_grasp_quat": true,
    "phase_backends": {
      "approach": "qp_stream",
      "grasp": "qp_stream",
      "lift": "qp_stream"
    },
    "joint_limits_used": {
      "shoulder_pitch": [
        -2.96,
        2.96
      ],
      "shoulder_roll": [
        -0.262,
        2.616
      ],
      "shoulder_yaw": [
        -2.96,
        2.96
      ],
      "elbow_pitch": [
        -2.61,
        0.261
      ],
      "elbow_yaw": [
        -2.96,
        2.96
      ],
      "wrist_pitch": [
        -0.785,
        1.05
      ],
      "wrist_roll": [
        -1.65,
        1.3
      ]
    },
    "elbow_high_proactive_used": true,
    "elbow_high_orientation": "seed",
    "approach_tcp_tracking": {
      "commanded_xyz": [
        0.4992997461371325,
        0.3073690069717478,
        0.2856035744621049
      ],
      "achieved_xyz": [
        0.4924609513507345,
        0.3063686724759098,
        0.2672924430299179
      ],
      "error_mm": [
        -6.838794786398039,
        -1.0003344958379734,
        -18.31113143218699
      ],
      "error_norm_mm": 19.572105598551598,
      "achieved_quat": [
        -0.22122847960224654,
        0.22646891483584178,
        0.9468500764830572,
        0.05696247089078215
      ],
      "approach_axis_tilt_deg": 53.086158029270564,
      "commanded_approach_axis_tilt_deg": 49.02147875915599,
      "orientation_error_deg": 4.18333975880923
    },
    "approach_joint_limits": {
      "closest": {
        "joint": "wrist_pitch",
        "value": -0.7275,
        "lower": -0.785,
        "upper": 1.05,
        "dist_to_limit": 0.0575,
        "nearest_side": "lower"
      },
      "breached": [],
      "margin_rad": 0.05
    },
    "compliant_insert": {
      "ok": true,
      "contact": true,
      "reason": "contact",
      "resist_n": 2.248210175412822,
      "traveled_m": 0.01219213158137706,
      "planned_depth_m": 0.03557398552141901,
      "ft_topic": "/arm_6dof_left",
      "calib_path": "/home/ubuntu/niu/compliant_grasp_execute/ft_calibration/ft_calibration_left.json",
      "calib_present": true,
      "commanded_m": 0.05114362349696873,
      "throttle_events": 0,
      "contact_kind": "force"
    },
    "grasp_tcp_tracking": {
      "commanded_xyz": [
        0.5522559799050328,
        0.3073690069717478,
        0.19500891837902756
      ],
      "achieved_xyz": [
        0.52958212290357,
        0.3105311470183831,
        0.20103859356528903
      ],
      "error_mm": [
        -22.67385700146285,
        3.1621400466352867,
        6.029675186261462
      ],
      "error_norm_mm": 23.674034380500878,
      "achieved_quat": [
        -0.21101403298748359,
        0.26905726661126705,
        0.937409691118368,
        0.06591157837130394
      ],
      "approach_axis_tilt_deg": 50.01052702273633,
      "commanded_approach_axis_tilt_deg": 49.02147875915599,
      "orientation_error_deg": 5.418959138047514
    },
    "grasp_joint_limits": {
      "closest": {
        "joint": "wrist_pitch",
        "value": -0.7488,
        "lower": -0.785,
        "upper": 1.05,
        "dist_to_limit": 0.0362,
        "nearest_side": "lower"
      },
      "breached": [],
      "margin_rad": 0.05
    },
    "lift_joint_limits": {
      "closest": {
        "joint": "wrist_pitch",
        "value": -0.7569,
        "lower": -0.785,
        "upper": 1.05,
        "dist_to_limit": 0.0281,
        "nearest_side": "lower"
      },
      "breached": [],
      "margin_rad": 0.05
    },
    "retract_ok": null,
    "return_home_ok": true,
    "released_on_finish_ok": null,
    "approach_ok": true,
    "grasp_ok": true,
    "lift_ok": true
  },
  "detection": {
    "class_name": "remote-control",
    "pose_head_roll_link": [
      0.8607073127552021,
      0.1854489262063453,
      -0.07105083281029838,
      -0.28967978310761033,
      -0.31237952839482835,
      0.6596229594368819,
      0.6191948036622094
    ],
    "pose_tip_waist_yaw_link_rpy": {
      "x": 0.6296422980905452,
      "y": 0.1783398583294072,
      "z": -0.010809235938460504,
      "roll": -0.18448954847514656,
      "pitch": -0.04844644736649739,
      "yaw": 1.6038775832318433
    },
    "pose_tip_used_for_tcp_conversion_rpy": {
      "x": 0.6296422980905452,
      "y": 0.1783398583294072,
      "z": -0.010809235938460504,
      "roll": -2.0725944456605445,
      "pitch": 0.09376111482527838,
      "yaw": 1.315774733206332
    },
    "pose_tcp_waist_yaw_link_rpy": {
      "x": 0.4009555854271526,
      "y": 0.22557875864159357,
      "z": -0.1381939828609482,
      "roll": -2.0725944456605445,
      "pitch": 0.09376111482527838,
      "yaw": 1.315774733206332
    },
    "pose_tcp_waist_yaw_link_pose7": [
      0.4009555854271526,
      0.22557875864159357,
      -0.1381939828609482,
      0.6947690522523284,
      0.5066961387701668,
      -0.34304502980259766,
      -0.37798822007509697
    ],
    "current_tcp_pose7": [
      0.11560926755677667,
      -0.25790420403035524,
      0.14133605916552036,
      0.6947690522523284,
      0.5066961387701668,
      -0.34304502980259766,
      -0.37798822007509697
    ],
    "tcp_minus_tip_waist_m": [
      -0.22868671266339258,
      0.04723890031218636,
      -0.1273847469224877
    ],
    "tcp_to_tip_offset_m": [
      0.0,
      0.0,
      -0.266
    ],
    "orientation_policy": "current",
    "use_current_tcp_rotation": true,
    "rotation_source_arm": "right",
    "bbox_2d": [
      400.54632568359375,
      290.07550048828125,
      594.3169555664062,
      326.92205810546875
    ],
    "bbox_3d": {
      "min": [
        0.8438857172396036,
        0.09452455808118007,
        -0.0921730718836341
      ],
      "max": [
        0.8982518662347635,
        0.27204901736260767,
        -0.052549797475927834
      ],
      "center": [
        0.8710687917371835,
        0.18328678772189388,
        -0.07236143467978097
      ],
      "size": [
        0.0543661489951599,
        0.1775244592814276,
        0.03962327440770627
      ]
    },
    "object_long_axis_waist": [
      -0.03303641576743843,
      0.9982802074687082,
      0.04842749848457782
    ],
    "object_long_axis_yaw_waist_deg": -88.10458362517295,
    "object_angle_from_waist_x_deg": 88.10458362517296
  },
  "gripper": {
    "open_ok": true,
    "close_ok": true,
    "final_pos_pct": 90.0,
    "backend": "modbus_rtu"
  },
  "ok": true
}
[GRASP-EXEC] saved result json: /tmp/grasp_exec.json
[GRASP-EXEC] saved handoff: /tmp/grasp_handoff.json (arm=left holding=True)



横放，抓起来了。