[日志] 日志文件: logs/grasp/grasp_260706_155302.log
[日志] 执行命令: python3 -m compliant_grasp_execute.main
[INFO] [1783324382.710545794] [XARM_manager]: waiting for service /controller_manager/get_parameters to become available...
[INFO] [1783324382.966813931] [XARM_manager]: XARM_manager initialized, robot_type: tianyi2, run_type: real
[INFO] [1783324382.973012065] [XARM_manager]: 已订阅关节状态话题: /joint_states
[INFO] [1783324382.979355267] [XARM_manager]: 已订阅警告和错误信息话题: /manipulator/warn_and_error_info
[INFO] [1783324382.991361922] [XARM_manager]: /joint_action_report 服务已启动
[CONFIG] loaded 198 params from /home/ubuntu/niu/compliant_grasp_execute/config.yaml
[GRASP-EXEC] STARTUP: enabling arms and moving BOTH to home posture
[INFO] [1783324386.872166017] [XARM_manager]: Deactivated controllers: ['jointspace_arm_L_controller']
[GRASP-EXEC] STARTUP: left -> home joints=['0.000', '1.180', '0.000', '-1.300', '1.400', '-0.130', '0.180']
[INFO] [1783324387.657041104] [XARM_manager]: Activated controllers: ['jointspace_arm_L_controller']
[INFO] [1783324387.672646912] [XARM_manager]: Sending goal to action server /jointspace_arm_L_controller/jointspace (attempt 1/3):
eai_manipulator_msgs.action.JointSpace_Goal(target_positions=[0.0, 1.18, 0.0, -1.3, 1.4, -0.13, 0.18])
[INFO] [1783324387.675535192] [XARM_manager]: Goal accepted. Waiting for result...
[INFO] [1783324387.792610732] [XARM_manager]: Action result received from /jointspace_arm_L_controller/jointspace
[INFO] [1783324387.793081688] [XARM_manager]: Action result: eai_manipulator_msgs.action.JointSpace_Result(success=True, result_msg='action finished')
[GRASP-EXEC] STARTUP: right -> home joints=['0.000', '-1.180', '0.000', '-1.300', '-1.400', '-0.130', '0.180']
[INFO] [1783324387.805638626] [XARM_manager]: Activated controllers: ['jointspace_arm_R_controller']
[INFO] [1783324387.818578110] [XARM_manager]: Sending goal to action server /jointspace_arm_R_controller/jointspace (attempt 1/3):
eai_manipulator_msgs.action.JointSpace_Goal(target_positions=[0.0, -1.18, 0.0, -1.3, -1.4, -0.13, 0.18])
[INFO] [1783324387.820436249] [XARM_manager]: Goal accepted. Waiting for result...
[INFO] [1783324387.945380343] [XARM_manager]: Action result received from /jointspace_arm_R_controller/jointspace
[INFO] [1783324387.945627908] [XARM_manager]: Action result: eai_manipulator_msgs.action.JointSpace_Result(success=True, result_msg='action finished')
[GRASP-EXEC] STARTUP: activating both grippers (open/close cycle)
[robotiq_api] gripper already activated (gSTA==3); skip resetActivate()
[GRASP-EXEC] STARTUP: gripper 'left' activated
[robotiq_api] gripper already activated (gSTA==3); skip resetActivate()
[GRASP-EXEC] STARTUP: gripper 'right' activated
perception health check pass
[object_pose] RGB (720, 1280, 3), depth (720, 1280), valid-depth pixels: 903512/921600 (median valid depth 1.203 m)
[GRASP-EXEC] ARM-SELECT: object waist Y=+0.112m (y >= boundary 0.000) -> 'left' arm
[GRASP-EXEC] diagonal schedule: angle-from-X=89.3523368459594deg -> tilt_scale=0.50, yaw_clamp=45.0deg (freed wrist_pitch, raised jaw alignment)
[GRASP-EXEC] applied grasp tilt +22.5deg about waist Y (tilt scale 1.00 x diag 0.50) -> quat=['-0.3570', '0.4408', '0.6186', '-0.5437']
[GRASP-EXEC] continuous orientation: object long-axis yaw +89.4deg (angle-from-X 89.4deg); applied continuous yaw +45.0deg about waist Z (gain=1.00, clamp +/-45deg) -> quat=['-0.4985', '0.2706', '0.3634', '-0.7391']
[GRASP-EXEC] recomputed TCP along final quat: detected_tcp_xyz=['0.2347', '0.1372', '-0.0438'] -> consistent_tcp_xyz=['0.2961', '-0.0320', '0.0697']
[GRASP-EXEC] approach lateral clamp: approach Y -0.0968 -> -0.0320 (= grasp Y); tool_z outboard component would have pushed the standoff further from center than the grasp, which folds the elbow into its stop at far-outboard reaches.
[GRASP-EXEC] approach along grasp axis: dist=0.120m tool_z=[-0.762,-0.540,0.357] approach_xyz=['0.2246', '-0.0320', '0.1175']
[GRASP-EXEC] applied lift tilt -15.0deg about waist Y -> lift quat=['-0.5416', '0.3648', '0.2953', '-0.6974']
[GRASP-EXEC] detected class=remote-control detected_pose7=['0.2347', '0.1372', '-0.0438', '0.0055', '-0.7315', '-0.0707', '0.6782'] -> motion grasp_pose7=['0.3161', '-0.0320', '0.0747', '-0.4985', '0.2706', '0.3634', '-0.7391']
[INFO] [1783324391.517787267] [XARM_manager]: Deactivated controllers: ['jointspace_arm_L_controller', 'jointspace_arm_R_controller']
[GRASP-EXEC] arms enabled (mode 3) [took 0.02s]
[JOINT-LIMIT] left: using live controller limits from endpose_single_arm_qp_L_controller
[GRASP-EXEC] joint-limit guard ON (margin 0.050 rad) arm=left
[GRASP-EXEC] gripper: connecting in background (overlaps arm enable + approach to hide the slow serial open; --no-gripper-async-connect for the old blocking behaviour)
[GRASP-EXEC] gripper: arm='left' -> stable by-id port /dev/serial/by-id/usb-FTDI_FT231X_USB_UART_DU0E2IPR-if00-port0
[GRASP-EXEC] ARM: approach via qp_stream
[GRASP-EXEC] ELBOW-HIGH (proactive): object long axis ~parallel to body (angle-from-X=89.3523368459594 >= 45.0deg); the elbow-high seed's fore-aft jaws match a parallel object's short axis; reconfiguring to elbow-high seed before approach.
[GRASP-EXEC] elbow-high seed ready/left: clamped 1 joint(s) inward (margin 0.05rad): shoulder_yaw -2.964->-2.910 [-2.960,2.960]
[GRASP-EXEC] ELBOW-HIGH: reconfiguring left arm into elbow-high seed (jointspace, via transition waypoint). NOTE: jointspace moves run at the controller's own speed; watch the first reconfiguration for table/body clearance.
[GRASP-EXEC] ELBOW-HIGH: left -> transition joints=['-1.452', '0.585', '-1.455', '-1.870', '0.746', '-0.142', '0.093']
[INFO] [1783324391.558393483] [XARM_manager]: Activated controllers: ['jointspace_arm_L_controller']
[INFO] [1783324391.559731363] [XARM_manager]: Sending goal to action server /jointspace_arm_L_controller/jointspace (attempt 1/3):
eai_manipulator_msgs.action.JointSpace_Goal(target_positions=[-1.4525, 0.5845, -1.455, -1.87, 0.7456999999999999, -0.14179999999999998, 0.09315])
[INFO] [1783324391.564274188] [XARM_manager]: Goal accepted. Waiting for result...
[robotiq_api] gripper already activated (gSTA==3); skip resetActivate()
[GRASP-EXEC] gripper: cached serial port /dev/serial/by-id/usb-FTDI_FT231X_USB_UART_DU0E2IPR-if00-port0 -> /tmp/robotiq_gripper_port.txt
[GRASP-EXEC] gripper controller ready: backend=modbus_rtu port=auto slave=9 (wait_timeout=8.0s) [connect took 0.04s]
[INFO] [1783324393.420740217] [XARM_manager]: Action result received from /jointspace_arm_L_controller/jointspace
[INFO] [1783324393.421225756] [XARM_manager]: Action result: eai_manipulator_msgs.action.JointSpace_Result(success=True, result_msg='action finished')
[GRASP-EXEC] ELBOW-HIGH: transition move result: eai_manipulator_msgs.action.JointSpace_Result(success=True, result_msg='action finished')
[GRASP-EXEC] ELBOW-HIGH: left -> ready joints=['-2.905', '-0.011', '-2.910', '-2.440', '0.091', '-0.154', '0.006']
[INFO] [1783324393.424645538] [XARM_manager]: Sending goal to action server /jointspace_arm_L_controller/jointspace (attempt 1/3):
eai_manipulator_msgs.action.JointSpace_Goal(target_positions=[-2.905, -0.011, -2.91, -2.44, 0.0914, -0.1536, 0.0063])
[INFO] [1783324393.426845621] [XARM_manager]: Goal accepted. Waiting for result...
[INFO] [1783324395.280668192] [XARM_manager]: Action result received from /jointspace_arm_L_controller/jointspace
[INFO] [1783324395.281003131] [XARM_manager]: Action result: eai_manipulator_msgs.action.JointSpace_Result(success=True, result_msg='action finished')
[GRASP-EXEC] ELBOW-HIGH: ready move result: eai_manipulator_msgs.action.JointSpace_Result(success=True, result_msg='action finished')
[JOINT-LIMIT] left closest-to-limit: shoulder_pitch=-2.7882 [-2.96,2.96] dist=0.1718rad
[GRASP-EXEC] continuous orientation: object long-axis yaw +89.4deg (angle-from-X 89.4deg); applied continuous yaw +9.5deg about waist Z (gain=1.00, clamp +/-90deg) [top-down jaw-align: base jaw heading +169.8deg -> short-axis +179.4deg] -> quat=['-0.2433', '0.2511', '0.9342', '0.0707']
[GRASP-EXEC] recomputed TCP along final quat: detected_tcp_xyz=['0.2347', '0.1372', '-0.0438'] -> consistent_tcp_xyz=['0.3874', '0.2456', '0.1759']
[GRASP-EXEC] approach lateral clamp: approach Y +0.3060 -> +0.2456 (= grasp Y); tool_z outboard component would have pushed the standoff further from center than the grasp, which folds the elbow into its stop at far-outboard reaches.
[GRASP-EXEC] approach along grasp axis: dist=0.120m tool_z=[-0.419,0.503,0.756] approach_xyz=['0.3571', '0.2456', '0.2715']
[GRASP-EXEC] applied lift tilt -15.0deg about waist Y -> lift quat=['-0.3632', '0.2397', '0.8945', '0.1028']
[GRASP-EXEC] ELBOW-HIGH: using SEED grasp orientation (proactive); rebuilt grasp/approach/lift poses. The seed-anchored mode keeps the orientation the arm is already in, so the approach only translates and the wrist stays in range.
[GRASP-EXEC] ELBOW-HIGH QP joint window set on endpose_single_arm_qp_L_controller (flex 0.40rad, drop 0.15rad): shoulder_pitch[-2.96,-2.64], shoulder_roll[-0.00,0.55], shoulder_yaw[-2.95,-2.40], elbow_pitch[-2.61,-2.14], elbow_yaw[0.00,0.55]. Asymmetric: tight on the drop side so the elbow is actually held high; loose on the flex side so the arm can still reach.
[GRASP-EXEC] ELBOW-HIGH: wrist guard margin relaxed to 0.010rad (from 0.050) so the nose-down grasp can reach wrist_pitch~-0.71 (still inside the -0.785 stop). Other joints keep the full margin.
[INFO] [1783324395.303997718] [XARM_manager]: Deactivated controllers: ['jointspace_arm_L_controller']
[INFO] [1783324395.313990450] [XARM_manager]: Activated controllers: ['endpose_single_arm_qp_L_controller']
[GRASP-EXEC] QP-Stream left -> approach (pure-pursuit): pos=23.7cm rot=15.3deg, lookahead=13cm @ 50Hz, pos_tol=2.0cm accept=2.5cm keep_ori=False
[GRASP-EXEC] approach TCP tracking: commanded=[0.3571,0.2456,0.2715] achieved=[0.3504,0.2466,0.2536] err=[-6.7,+1.0,-17.9]mm |err|=19.1mm approach-axis tilt: achieved=+52.7deg commanded=+49.1deg (0=level) ori-err=3.8deg
[JOINT-LIMIT] left closest-to-limit: wrist_pitch=-0.7326 [-0.785,1.05] dist=0.0524rad
[JOINT-LIMIT] left approach per-joint: shoulder_pitch=-0.907[-2.96,+2.96](2.053) shoulder_roll=+1.041[-0.26,+2.62](1.303) shoulder_yaw=-0.960[-2.96,+2.96](2.000) elbow_pitch=-1.974[-2.61,+0.26](0.636) elbow_yaw=-0.786[-2.96,+2.96](2.174) wrist_pitch=-0.733[-0.79,+1.05](0.052) wrist_roll=-0.751[-1.65,+1.30](0.899)
[GRASP-EXEC] GRIPPER: open (after approach, before grasp insert)
[GRASP-EXEC] gripper open: start=90% -> target=0%
[GRASP-EXEC] gripper open result: pos=1% status=3 ok=True
[GRASP-EXEC] ARM: HYBRID pre-descent (position QP-stream) -> 6.2cm, leaving final 3.0cm for F/T compliant descend-to-contact
[GRASP-EXEC] QP-Stream left -> pre-grasp (pure-pursuit): pos=6.6cm rot=0.0deg, lookahead=8cm @ 50Hz, pos_tol=1.0cm accept=2.5cm keep_ori=True
[GRASP-EXEC] ARM: COMPLIANT insert to grasp pose (F/T admittance descend-to-contact)
[INFO] [1783324401.433293112] [XARM_manager]: [COMPLIANT-LEFT] Loaded F/T calibration from /home/ubuntu/niu/compliant_grasp_execute/ft_calibration/ft_calibration_left.json
[INFO] [1783324401.454130400] [XARM_manager]: [COMPLIANT-LEFT] target set: p=[0.3863108611603545, 0.24513085550490116, 0.21240582556483878] q=[-0.2320911034832189, 0.243109358896983, 0.9385386035256224, 0.07859293220649294]
[INFO] [1783324401.454534973] [XARM_manager]: [COMPLIANT-LEFT] seeded QP target at captured pose (z=+0.2124).
[INFO] [1783324401.455211710] [XARM_manager]: [COMPLIANT-LEFT] admittance loop starting (calibrating force offset; keep hands off the arm briefly)...
[INFO] [1783324401.790544127] [XARM_manager]: [COMPLIANT-LEFT] runtime offset calibrated. p_ref=[0.3863108611603545, 0.24513085550490116, 0.21240582556483878], ready.
[COMPLIANT-INSERT] runtime force-offset calibrated in 0.34s
[INFO] [1783324401.799583225] [XARM_manager]: [COMPLIANT-LEFT] gains updated: B=[3.9597979746446663, 5.6, 3.9597979746446663] K=[20.0, 40.0, 20.0] B_rot=[0.5, 0.5, 0.5] K_rot=[0.0, 0.0, 0.0]
[COMPLIANT-INSERT] insertion dir=[+0.55,+0.01,-0.83] planned_depth=3.8cm soft_axes=xz K=[20.0, 40.0, 20.0] B=[3.96, 5.6, 3.96] contact_thresh=1.5N
[COMPLIANT-INSERT] ABORT joint-limit guard - 'wrist_pitch'=-0.7751 within 0.010rad of limit; holding compliant pose
[COMPLIANT-INSERT] insert aborted by joint-limit guard after tcp_drop 0.4cm
[GRASP-EXEC] grasp TCP tracking: commanded=[0.4074,0.2456,0.1809] achieved=[0.3878,0.2454,0.2088] err=[-19.6,-0.2,+28.0]mm |err|=34.2mm approach-axis tilt: achieved=+50.8deg commanded=+49.1deg (0=level) ori-err=1.9deg
[JOINT-LIMIT] left closest-to-limit: wrist_pitch=-0.7751 [-0.785,1.05] dist=0.0099rad  BREACHED(<= 0.05): wrist_pitch
[JOINT-LIMIT] left grasp per-joint: shoulder_pitch=-0.849[-2.96,+2.96](2.111) shoulder_roll=+0.913[-0.26,+2.62](1.175) shoulder_yaw=-0.963[-2.96,+2.96](1.997) elbow_pitch=-1.769[-2.61,+0.26](0.841) elbow_yaw=-1.040[-2.96,+2.96](1.920) wrist_pitch=-0.775[-0.79,+1.05](0.010) wrist_roll=-0.552[-1.65,+1.30](1.098)
[GRASP-EXEC] grasp insert failed to reach target; retrying with reduced long-axis alignment (yaw scale 0.50)
[GRASP-EXEC] continuous orientation: object long-axis yaw +89.4deg (angle-from-X 89.4deg); applied continuous yaw +1.3deg about waist Z (gain=1.00, clamp +/-90deg x scale 0.50) [top-down jaw-align: base jaw heading +176.7deg -> short-axis +179.4deg] -> quat=['-0.2915', '0.3473', '0.8817', '0.1304']
[GRASP-EXEC] recomputed TCP along final quat: detected_tcp_xyz=['0.2347', '0.1372', '-0.0438'] -> consistent_tcp_xyz=['0.3862', '0.2948', '0.1315']
[GRASP-EXEC] ELBOW-HIGH seed retry: yaw scale 0.50
[GRASP-EXEC] approach lateral clamp: approach Y +0.3774 -> +0.2948 (= grasp Y); tool_z outboard component would have pushed the standoff further from center than the grasp, which folds the elbow into its stop at far-outboard reaches.
[GRASP-EXEC] approach along grasp axis: dist=0.120m tool_z=[-0.424,0.688,0.589] approach_xyz=['0.3554', '0.2948', '0.2072']
[GRASP-EXEC] applied lift tilt -15.0deg about waist Y -> lift quat=['-0.4041', '0.3273', '0.8361', '0.1746']
[GRASP-EXEC] QP-Stream left -> approach (pure-pursuit): pos=5.9cm rot=16.4deg, lookahead=13cm @ 50Hz, pos_tol=2.0cm accept=2.5cm keep_ori=False
[GRASP-EXEC] QP-Stream approach: ABORT joint-limit guard - 'wrist_pitch'=-0.7751 within 0.010rad of limit [-0.785,1.05] (side=lower); holding pose to avoid the hard stop
[GRASP-EXEC] approach TCP tracking: commanded=[0.3554,0.2948,0.2072] achieved=[0.3885,0.2449,0.2081] err=[+33.1,-49.9,+0.9]mm |err|=59.9mm approach-axis tilt: achieved=+50.4deg commanded=+36.1deg (0=level) ori-err=16.0deg
[JOINT-LIMIT] left closest-to-limit: wrist_pitch=-0.7753 [-0.785,1.05] dist=0.0097rad  BREACHED(<= 0.05): wrist_pitch
[JOINT-LIMIT] left approach per-joint: shoulder_pitch=-0.848[-2.96,+2.96](2.112) shoulder_roll=+0.910[-0.26,+2.62](1.172) shoulder_yaw=-0.965[-2.96,+2.96](1.995) elbow_pitch=-1.763[-2.61,+0.26](0.847) elbow_yaw=-1.051[-2.96,+2.96](1.909) wrist_pitch=-0.775[-0.79,+1.05](0.010) wrist_roll=-0.540[-1.65,+1.30](1.110)
[INFO] [1783324402.173710242] [XARM_manager]: [COMPLIANT-LEFT] admittance loop stopped.
[JOINT-LIMIT] left closest-to-limit: wrist_pitch=-0.7754 [-0.785,1.05] dist=0.0096rad  BREACHED(<= 0.05): wrist_pitch
[JOINT-LIMIT] left lift per-joint: shoulder_pitch=-0.848[-2.96,+2.96](2.112) shoulder_roll=+0.909[-0.26,+2.62](1.171) shoulder_yaw=-0.965[-2.96,+2.96](1.995) elbow_pitch=-1.762[-2.61,+0.26](0.848) elbow_yaw=-1.052[-2.96,+2.96](1.908) wrist_pitch=-0.775[-0.79,+1.05](0.010) wrist_roll=-0.537[-1.65,+1.30](1.113)
[GRASP-EXEC] ELBOW-HIGH QP joint limits restored on endpose_single_arm_qp_L_controller (back to hard limits).
[GRASP-EXEC] ELBOW-HIGH: wrist guard margin restored to full.
[INFO] [1783324402.196650606] [XARM_manager]: Deactivated controllers: ['endpose_single_arm_qp_L_controller']
[GRASP-EXEC] elbow-high seed ready/left: clamped 1 joint(s) inward (margin 0.05rad): shoulder_yaw -2.964->-2.910 [-2.960,2.960]
[GRASP-EXEC] ELBOW-HIGH: returning via transition waypoint before home (bridges elbow-high -> elbow-low without a large sweep).
[GRASP-EXEC] ELBOW-HIGH: left -> transition(return) joints=['-1.452', '0.585', '-1.455', '-1.870', '0.746', '-0.142', '0.093']
[INFO] [1783324402.216400247] [XARM_manager]: Activated controllers: ['jointspace_arm_L_controller']
[INFO] [1783324402.217491475] [XARM_manager]: Sending goal to action server /jointspace_arm_L_controller/jointspace (attempt 1/3):
eai_manipulator_msgs.action.JointSpace_Goal(target_positions=[-1.4525, 0.5845, -1.455, -1.87, 0.7456999999999999, -0.14179999999999998, 0.09315])
[INFO] [1783324402.219900834] [XARM_manager]: Goal accepted. Waiting for result...
[INFO] [1783324404.331907529] [XARM_manager]: Action result received from /jointspace_arm_L_controller/jointspace
[INFO] [1783324404.332174025] [XARM_manager]: Action result: eai_manipulator_msgs.action.JointSpace_Result(success=True, result_msg='action finished')
[GRASP-EXEC] ELBOW-HIGH: transition(return) move result: eai_manipulator_msgs.action.JointSpace_Result(success=True, result_msg='action finished')
[GRASP-EXEC] RETURN HOME: left -> joints=['0.000', '1.180', '0.000', '-1.300', '1.400', '-0.130', '0.180']
[INFO] [1783324404.335376032] [XARM_manager]: Sending goal to action server /jointspace_arm_L_controller/jointspace (attempt 1/3):
eai_manipulator_msgs.action.JointSpace_Goal(target_positions=[0.0, 1.18, 0.0, -1.3, 1.4, -0.13, 0.18])
[INFO] [1783324404.337527916] [XARM_manager]: Goal accepted. Waiting for result...
[INFO] [1783324406.191156058] [XARM_manager]: Action result received from /jointspace_arm_L_controller/jointspace
[INFO] [1783324406.191434445] [XARM_manager]: Action result: eai_manipulator_msgs.action.JointSpace_Result(success=True, result_msg='action finished')
[GRASP-EXEC] return home result: eai_manipulator_msgs.action.JointSpace_Result(success=True, result_msg='action finished')
{
  "arm": "left",
  "pipeline_version": "accelerated",
  "motion_strategy": "qp_all",
  "dry_run": false,
  "motion": {
    "detected_pose7": [
      0.23473601859028587,
      0.13718110871748695,
      -0.04377388728758183,
      0.005527884982232294,
      -0.7314713068116697,
      -0.0706714074034169,
      0.6781775003452059
    ],
    "approach_pose7": [
      0.3553730986209517,
      0.29479999481481883,
      0.2071634101797592,
      -0.2915474028012083,
      0.34727993852485356,
      0.8816942221451115,
      0.13043026816644554
    ],
    "grasp_pose7": [
      0.4061954614258994,
      0.29479999481481883,
      0.13650818868742862,
      -0.2915474028012083,
      0.34727993852485356,
      0.8816942221451115,
      0.13043026816644554
    ],
    "lift_pose7": [
      0.4061954614258994,
      0.29479999481481883,
      0.25650818868742864,
      -0.40413736387316007,
      0.3272843442546725,
      0.8360966335094623,
      0.17464354715129324
    ],
    "pre_home_pose7": [
      0.2261954614258994,
      0.19479999481481883,
      0.30650818868742863,
      -0.40413736387316007,
      0.3272843442546725,
      0.8360966335094623,
      0.17464354715129324
    ],
    "grasp_xyz_offset_m": [
      0.02,
      0.0,
      0.005
    ],
    "grasp_quat": [
      -0.2915474028012083,
      0.34727993852485356,
      0.8816942221451115,
      0.13043026816644554
    ],
    "use_fixed_grasp_quat": true,
    "phase_backends": {
      "approach": "qp_stream",
      "grasp": "qp_stream",
      "lift": "qp_stream"
    },
    "joint_limits_used": {
      "shoulder_pitch": [
        -2.96,
        2.96
      ],
      "shoulder_roll": [
        -0.262,
        2.616
      ],
      "shoulder_yaw": [
        -2.96,
        2.96
      ],
      "elbow_pitch": [
        -2.61,
        0.261
      ],
      "elbow_yaw": [
        -2.96,
        2.96
      ],
      "wrist_pitch": [
        -0.785,
        1.05
      ],
      "wrist_roll": [
        -1.65,
        1.3
      ]
    },
    "elbow_high_proactive_used": true,
    "elbow_high_orientation": "seed",
    "approach_tcp_tracking": {
      "commanded_xyz": [
        0.3553730986209517,
        0.29479999481481883,
        0.2071634101797592
      ],
      "achieved_xyz": [
        0.38849136964992076,
        0.24494472383431046,
        0.20807740300742655
      ],
      "error_mm": [
        33.11827102896908,
        -49.85527098050838,
        0.9139928276673537
      ],
      "error_norm_mm": 59.859863877035345,
      "achieved_quat": [
        -0.23244503048583104,
        0.24605587247277066,
        0.9375829408107583,
        0.07977496176592457
      ],
      "approach_axis_tilt_deg": 50.43042626948981,
      "commanded_approach_axis_tilt_deg": 36.07143885006571,
      "orientation_error_deg": 15.985604434841271
    },
    "approach_joint_limits": {
      "closest": {
        "joint": "wrist_pitch",
        "value": -0.7753,
        "lower": -0.785,
        "upper": 1.05,
        "dist_to_limit": 0.0097,
        "nearest_side": "lower"
      },
      "breached": [
        {
          "joint": "wrist_pitch",
          "value": -0.7753,
          "lower": -0.785,
          "upper": 1.05,
          "dist_to_limit": 0.0097,
          "nearest_side": "lower"
        }
      ],
      "margin_rad": 0.05
    },
    "compliant_insert": {
      "ok": false,
      "contact": false,
      "reason": "joint_limit_abort",
      "resist_n": 0.3826238076646021,
      "traveled_m": 0.003782421979555936,
      "planned_depth_m": 0.03792561065368749,
      "ft_topic": "/arm_6dof_left",
      "calib_path": "/home/ubuntu/niu/compliant_grasp_execute/ft_calibration/ft_calibration_left.json",
      "calib_present": true,
      "commanded_m": 0.04428242197955594,
      "throttle_events": 0
    },
    "grasp_tcp_tracking": {
      "commanded_xyz": [
        0.4073572093110756,
        0.2455994741376044,
        0.18085929533486236
      ],
      "achieved_xyz": [
        0.3877701466271558,
        0.24542487913622743,
        0.20883648695402984
      ],
      "error_mm": [
        -19.587062683919797,
        -0.17459500137698147,
        27.97719161916748
      ],
      "error_norm_mm": 34.15269768106064,
      "achieved_quat": [
        -0.23177003893330175,
        0.24292124046083394,
        0.9386885548707764,
        0.07833081730991295
      ],
      "approach_axis_tilt_deg": 50.76369382123811,
      "commanded_approach_axis_tilt_deg": 49.07143885006571,
      "orientation_error_deg": 1.9121238000130454
    },
    "grasp_joint_limits": {
      "closest": {
        "joint": "wrist_pitch",
        "value": -0.7751,
        "lower": -0.785,
        "upper": 1.05,
        "dist_to_limit": 0.0099,
        "nearest_side": "lower"
      },
      "breached": [
        {
          "joint": "wrist_pitch",
          "value": -0.7751,
          "lower": -0.785,
          "upper": 1.05,
          "dist_to_limit": 0.0099,
          "nearest_side": "lower"
        }
      ],
      "margin_rad": 0.05
    },
    "grasp_reach_retry_used": true,
    "grasp_reach_retry_yaw_scale": 0.5,
    "lift_joint_limits": {
      "closest": {
        "joint": "wrist_pitch",
        "value": -0.7754,
        "lower": -0.785,
        "upper": 1.05,
        "dist_to_limit": 0.0096,
        "nearest_side": "lower"
      },
      "breached": [
        {
          "joint": "wrist_pitch",
          "value": -0.7754,
          "lower": -0.785,
          "upper": 1.05,
          "dist_to_limit": 0.0096,
          "nearest_side": "lower"
        }
      ],
      "margin_rad": 0.05
    },
    "retract_ok": null,
    "return_home_ok": true,
    "released_on_finish_ok": null,
    "approach_ok": false,
    "grasp_ok": false,
    "lift_ok": true
  },
  "detection": {
    "class_name": "remote-control",
    "pose_head_roll_link": [
      0.7702668775593097,
      0.11744240498931956,
      -0.1644172648769022,
      -0.27706713612358175,
      -0.30379964699919254,
      0.6499296780969392,
      0.6391642903763096
    ],
    "pose_tip_waist_yaw_link_rpy": {
      "x": 0.4988516989768668,
      "y": 0.11167425193915054,
      "z": -0.025110885620570844,
      "roll": -0.1488598794197717,
      "pitch": -0.043815685644920555,
      "yaw": 1.559492472313037
    },
    "pose_tip_used_for_tcp_conversion_rpy": {
      "x": 0.4988516989768668,
      "y": 0.11167425193915054,
      "z": -0.025110885620570844,
      "roll": 2.134939946575573,
      "pitch": -1.43919806476756,
      "yaw": -2.2272994163156263
    },
    "pose_tcp_waist_yaw_link_rpy": {
      "x": 0.23473601859028587,
      "y": 0.13718110871748695,
      "z": -0.04377388728758183,
      "roll": 2.134939946575573,
      "pitch": -1.43919806476756,
      "yaw": -2.2272994163156263
    },
    "pose_tcp_waist_yaw_link_pose7": [
      0.23473601859028587,
      0.13718110871748695,
      -0.04377388728758183,
      0.005527884982232294,
      -0.7314713068116697,
      -0.0706714074034169,
      0.6781775003452059
    ],
    "current_tcp_pose7": [
      0.3516880911466662,
      -0.5953483214705834,
      0.27503512241220196,
      0.005527884982232294,
      -0.7314713068116697,
      -0.0706714074034169,
      0.6781775003452059
    ],
    "tcp_minus_tip_waist_m": [
      -0.26411568038658095,
      0.025506856778336418,
      -0.018663001667010987
    ],
    "tcp_to_tip_offset_m": [
      0.0,
      0.0,
      -0.266
    ],
    "orientation_policy": "current",
    "use_current_tcp_rotation": true,
    "rotation_source_arm": "right",
    "bbox_2d": [
      438.19091796875,
      390.9214782714844,
      647.1594848632812,
      430.9944763183594
    ],
    "bbox_3d": {
      "min": [
        0.7566943906299416,
        0.028544569202949018,
        -0.18552923601121782
      ],
      "max": [
        0.8034642250835966,
        0.2060181714542688,
        -0.14858276414846902
      ],
      "center": [
        0.7800793078567692,
        0.1172813703286089,
        -0.16705600007984342
      ],
      "size": [
        0.04676983445365501,
        0.17747360225131978,
        0.0369464718627488
      ]
    },
    "object_long_axis_waist": [
      0.011292765070467305,
      0.9989764198400366,
      0.043801667327243325
    ],
    "object_long_axis_yaw_waist_deg": 89.3523368459594,
    "object_angle_from_waist_x_deg": 89.3523368459594
  },
  "gripper": {
    "open_ok": true,
    "close_ok": null,
    "final_pos_pct": null,
    "backend": "modbus_rtu"
  },
  "ok": false
}
[GRASP-EXEC] saved result json: /tmp/grasp_exec.json
[GRASP-EXEC] saved handoff: /tmp/grasp_handoff.json (arm=left holding=False)
