[日志] 日志文件: logs/grasp/grasp_260708_134440.log
[日志] 执行命令: python3 -m grasp_pose_place_execute.main
[CONFIG] loaded 91 params from /home/ubuntu/niu/grasp_pose_place_execute/config.yaml
[PLACE-EXEC] ARM: handoff /tmp/grasp_handoff.json -> arm='left' holding=True object=['remote-control']
[INFO] [1783489480.715886682] [XARM_manager]: waiting for service /controller_manager/get_parameters to become available...
[INFO] [1783489481.982017346] [XARM_manager]: XARM_manager initialized, robot_type: tianyi2, run_type: real
[INFO] [1783489481.988542794] [XARM_manager]: 已订阅关节状态话题: /joint_states
[INFO] [1783489481.994684066] [XARM_manager]: 已订阅警告和错误信息话题: /manipulator/warn_and_error_info
[INFO] [1783489482.002963365] [XARM_manager]: /joint_action_report 服务已启动
[PLACE-EXEC] applied place tilt +45.0deg about waist Y -> quat=['-0.2294', '0.3262', '0.6764', '-0.6193']
[PLACE-EXEC] place TCP target (waist) from handoff grasp_pose7 (original detected grasp position): x=0.4977 y=0.1934 z=0.1010 (+5cm release clearance)
[PLACE-EXEC] approach along place axis: dist=0.120m extra_z=0.050m tool_z=[-0.714,0.157,0.682] approach_xyz=['0.4120', '0.2123', '0.2328']
[INFO] [1783489487.884103183] [XARM_manager]: Deactivated controllers: ['jointspace_arm_L_controller']
[PLACE-EXEC] arms enabled (mode 3); placing with 'left' arm
[PLACE-EXEC] gripper: connecting in background (overlaps approach)
[GRASP-EXEC] gripper: arm='left' -> stable by-id port /dev/serial/by-id/usb-FTDI_FT231X_USB_UART_DU0E2IPR-if00-port0
[INFO] [1783489487.903864615] [XARM_manager]: Deactivated controllers: []
[PLACE-EXEC] START HOME: left -> joints=['0.844', '0.026', '-0.006', '-2.216', '-1.529', '0.200', '0.683']
[INFO] [1783489487.921356792] [XARM_manager]: Activated controllers: ['jointspace_arm_L_controller']
[INFO] [1783489487.939123649] [XARM_manager]: Sending goal to action server /jointspace_arm_L_controller/jointspace (attempt 1/3):
eai_manipulator_msgs.action.JointSpace_Goal(target_positions=[0.844, 0.026, -0.006, -2.216, -1.529, 0.2, 0.683])
[INFO] [1783489487.941603192] [XARM_manager]: Goal accepted. Waiting for result...
[robotiq_api] gripper already activated (gSTA==3); skip resetActivate()
[GRASP-EXEC] gripper: cached serial port /dev/serial/by-id/usb-FTDI_FT231X_USB_UART_DU0E2IPR-if00-port0 -> /tmp/robotiq_gripper_port.txt
[GRASP-EXEC] gripper controller ready: backend=modbus_rtu port=auto slave=9 (wait_timeout=8.0s) [connect took 0.05s]
[INFO] [1783489488.510528120] [XARM_manager]: Action result received from /jointspace_arm_L_controller/jointspace
[INFO] [1783489488.511038415] [XARM_manager]: Action result: eai_manipulator_msgs.action.JointSpace_Result(success=True, result_msg='action finished')
[PLACE-EXEC] START HOME result: eai_manipulator_msgs.action.JointSpace_Result(success=True, result_msg='action finished')
[INFO] [1783489488.524034023] [XARM_manager]: Deactivated controllers: ['jointspace_arm_L_controller']
[WARN] [1783489489.158597161] [XARM_manager]: TF查找超时: waist_yaw_link <- left_tcp_link, 超时0.5s
[PLACE-EXEC] TF warmup ok: read TCP after 2 attempt(s)
[PLACE-EXEC] ARM: approach to middle waypoint
[INFO] [1783489489.174410746] [XARM_manager]: Activated controllers: ['endpose_single_arm_qp_L_controller']
[GRASP-EXEC] QP-Stream left -> approach (pure-pursuit): pos=31.2cm rot=74.6deg, lookahead=13cm @ 50Hz, pos_tol=2.0cm accept=2.5cm keep_ori=False
[GRASP-EXEC] approach TCP tracking: commanded=[0.4120,0.2123,0.2328] achieved=[0.4004,0.2129,0.2467] err=[-11.6,+0.7,+13.9]mm |err|=18.1mm approach-axis tilt: achieved=+17.3deg commanded=+43.0deg (0=level) ori-err=27.3deg
[PLACE-EXEC] ARM: HYBRID pre-descent (QP, fast transit) -> 11.6cm, leaving final 6.0cm for F/T compliant set-down
[GRASP-EXEC] QP-Stream left -> approach (pure-pursuit): pos=11.6cm rot=0.0deg, lookahead=13cm @ 50Hz, pos_tol=2.0cm accept=2.5cm keep_ori=True
[PLACE-EXEC] ARM: COMPLIANT set-down (F/T admittance descend-to-contact)
[INFO] [1783489491.836572270] [XARM_manager]: [COMPLIANT-LEFT] Loaded F/T calibration from /home/ubuntu/niu/compliant_grasp_execute/ft_calibration/ft_calibration_left.json
[INFO] [1783489491.858478562] [XARM_manager]: [COMPLIANT-LEFT] target set: p=[0.46007808735791506, 0.1993318262525879, 0.1671322472628469] q=[0.28228654515442964, -0.5388149024029812, -0.5621681904258387, 0.5603210981629906]
[INFO] [1783489491.859292534] [XARM_manager]: [COMPLIANT-LEFT] seeded QP target at captured pose (z=+0.1671).
[INFO] [1783489491.859845827] [XARM_manager]: [COMPLIANT-LEFT] admittance loop starting (calibrating force offset; keep hands off the arm briefly)...
[COMPLIANT-INSERT] runtime force-offset calibrated in 0.34s
[INFO] [1783489492.205091468] [XARM_manager]: [COMPLIANT-LEFT] runtime offset calibrated. p_ref=[0.46007808735791506, 0.1993318262525879, 0.1671322472628469], ready.
[INFO] [1783489492.205713144] [XARM_manager]: [COMPLIANT-LEFT] gains updated: B=[3.9597979746446663, 5.6, 3.9597979746446663] K=[20.0, 40.0, 20.0] B_rot=[0.5, 0.5, 0.5] K_rot=[0.0, 0.0, 0.0]
[COMPLIANT-INSERT] insertion dir=[+0.52,-0.09,-0.85] planned_depth=12.6cm soft_axes=xz K=[20.0, 40.0, 20.0] B=[3.96, 5.6, 3.96] contact_thresh=1.5N
[INFO] [1783489493.042697967] [XARM_manager]: [COMPLIANT-LEFT] n=200 hz=240.6 F=[+0.00,+0.00,+0.00]N disp=[-1.1,-0.0,+3.0]cm v=[+0.06,+0.00,-0.15]
[COMPLIANT-INSERT] insert s=4.8cm tcp_drop=1.6cm lag=+3.1cm resist=-0.01N (throttle x0)
[INFO] [1783489493.889950752] [XARM_manager]: [COMPLIANT-LEFT] n=400 hz=237.4 F=[+0.00,+0.00,+0.00]N disp=[-0.8,-0.1,+3.3]cm v=[+0.04,+0.01,-0.16]
[COMPLIANT-INSERT] insert s=6.7cm tcp_drop=3.6cm lag=+3.2cm resist=+0.18N (throttle x0)
[INFO] [1783489494.737684421] [XARM_manager]: [COMPLIANT-LEFT] n=600 hz=238.1 F=[+0.00,+0.00,+0.00]N disp=[-0.6,-0.2,+3.4]cm v=[+0.03,+0.01,-0.17]
[COMPLIANT-INSERT] insert s=8.6cm tcp_drop=5.5cm lag=+3.2cm resist=-0.35N (throttle x0)
[INFO] [1783489495.570276334] [XARM_manager]: [COMPLIANT-LEFT] n=800 hz=240.1 F=[+0.00,+0.00,+0.00]N disp=[-0.4,-0.2,+3.5]cm v=[+0.02,+0.01,-0.17]
[COMPLIANT-INSERT] insert s=10.5cm tcp_drop=7.4cm lag=+3.1cm resist=+0.05N (throttle x0)
[INFO] [1783489496.416783835] [XARM_manager]: [COMPLIANT-LEFT] n=1000 hz=238.7 F=[+0.00,+0.00,+0.09]N disp=[-0.3,-0.2,+3.6]cm v=[+0.01,+0.01,-0.18]
[COMPLIANT-INSERT] insert s=12.2cm tcp_drop=9.1cm lag=+3.1cm resist=-0.19N (throttle x0)
[INFO] [1783489497.258787295] [XARM_manager]: [COMPLIANT-LEFT] n=1200 hz=238.7 F=[+0.00,+0.00,+0.00]N disp=[-0.1,-0.3,+3.7]cm v=[+0.00,+0.02,-0.19]
[INFO] [1783489497.798239078] [XARM_manager]: [COMPLIANT-LEFT] gains updated: B=[10.844353369380768, 10.844353369380768, 10.844353369380768] K=[150.0, 150.0, 150.0] B_rot=[0.5, 0.5, 0.5] K_rot=[0.0, 0.0, 0.0]
[INFO] [1783489497.798790820] [XARM_manager]: [COMPLIANT-LEFT] target set: p=[0.5288566278644053, 0.18431311188442415, 0.09443675325584844] q=[0.28228654515442964, -0.5388149024029812, -0.5621681904258387, 0.5603210981629906]
[COMPLIANT-INSERT] CONTACT (force) at tcp_drop 9.9cm (resist 2.1N, thresh 1.5N); holding compliant for gripper close
[GRASP-EXEC] place TCP tracking: commanded=[0.4977,0.1934,0.1010] achieved=[0.5330,0.1857,0.0999] err=[+35.3,-7.8,-1.0]mm |err|=36.1mm approach-axis tilt: achieved=+13.4deg commanded=+43.0deg (0=level) ori-err=31.2deg
[PLACE-EXEC] GRIPPER: release (open) at place pose
[GRASP-EXEC] gripper release: start=90% -> target=0%
[INFO] [1783489498.097252504] [XARM_manager]: [COMPLIANT-LEFT] n=1400 hz=239.9 F=[+0.69,+0.00,+5.02]N disp=[+0.5,+0.3,+0.9]cm v=[+0.01,-0.04,+0.20]
[GRASP-EXEC] gripper release result: pos=1% status=3 ok=True
[INFO] [1783489498.864004119] [XARM_manager]: [COMPLIANT-LEFT] admittance loop stopped.
[PLACE-EXEC] ARM: retract to pre-insert standoff (keep orientation)
[GRASP-EXEC] QP-Stream left -> retract (pure-pursuit): pos=17.7cm rot=0.0deg, lookahead=13cm @ 50Hz, pos_tol=2.0cm accept=2.5cm keep_ori=True
[GRASP-EXEC] retract TCP tracking: commanded=[0.4120,0.2123,0.2328] achieved=[0.4189,0.2121,0.2151] err=[+6.9,-0.1,-17.7]mm |err|=19.0mm approach-axis tilt: achieved=+17.2deg commanded=+43.0deg (0=level) ori-err=27.4deg
[INFO] [1783489501.194326985] [XARM_manager]: Deactivated controllers: ['endpose_single_arm_qp_L_controller']
[PLACE-EXEC] RETURN HOME: left -> joints=['0.844', '0.026', '-0.006', '-2.216', '-1.529', '0.200', '0.683']
[INFO] [1783489501.212835754] [XARM_manager]: Activated controllers: ['jointspace_arm_L_controller']
[INFO] [1783489501.213710694] [XARM_manager]: Sending goal to action server /jointspace_arm_L_controller/jointspace (attempt 1/3):
eai_manipulator_msgs.action.JointSpace_Goal(target_positions=[0.844, 0.026, -0.006, -2.216, -1.529, 0.2, 0.683])
[INFO] [1783489501.215121131] [XARM_manager]: Goal accepted. Waiting for result...
[INFO] [1783489502.955489501] [XARM_manager]: Action result received from /jointspace_arm_L_controller/jointspace
[INFO] [1783489502.955784238] [XARM_manager]: Action result: eai_manipulator_msgs.action.JointSpace_Result(success=True, result_msg='action finished')
[PLACE-EXEC] RETURN HOME result: eai_manipulator_msgs.action.JointSpace_Result(success=True, result_msg='action finished')
{
  "arm": "left",
  "motion_strategy": "qp_all",
  "dry_run": false,
  "motion": {
    "place_pose7": [
      0.49773509924835224,
      0.19342506469617576,
      0.10097585264537057,
      -0.22941393277711944,
      0.3262292453010775,
      0.6763556988345837,
      -0.6192630261948527
    ],
    "approach_pose7": [
      0.4120101879273282,
      0.21228413099771198,
      0.23280234711529652,
      -0.22941393277711944,
      0.3262292453010775,
      0.6763556988345837,
      -0.6192630261948527
    ],
    "approach_tcp_tracking": {
      "commanded_xyz": [
        0.4120101879273282,
        0.21228413099771198,
        0.23280234711529652
      ],
      "achieved_xyz": [
        0.4004230788972403,
        0.21293665461355887,
        0.24674631914154416
      ],
      "error_mm": [
        -11.587109030087861,
        0.6525236158468894,
        13.943972026247643
      ],
      "error_norm_mm": 18.141698889937466,
      "achieved_quat": [
        0.27708587798349127,
        -0.523904782600655,
        -0.5611412197609501,
        0.5778128818877883
      ],
      "approach_axis_tilt_deg": 17.307172362264243,
      "commanded_approach_axis_tilt_deg": 42.99131199460442,
      "orientation_error_deg": 27.26394281840975
    },
    "compliant_place": {
      "ok": true,
      "contact": true,
      "reason": "contact",
      "resist_n": 2.108515162520274,
      "traveled_m": 0.09879038765634007,
      "planned_depth_m": 0.1262592054229577,
      "ft_topic": "/arm_6dof_left",
      "calib_path": "/home/ubuntu/niu/compliant_grasp_execute/ft_calibration/ft_calibration_left.json",
      "calib_present": true,
      "commanded_m": 0.12957504461572206,
      "throttle_events": 0,
      "contact_kind": "force"
    },
    "place_tcp_tracking": {
      "commanded_xyz": [
        0.49773509924835224,
        0.19342506469617576,
        0.10097585264537057
      ],
      "achieved_xyz": [
        0.5330207820529607,
        0.1856539272377201,
        0.09993819867456721
      ],
      "error_mm": [
        35.28568280460842,
        -7.771137458455674,
        -1.0376539708033539
      ],
      "error_norm_mm": 36.146185333293126,
      "achieved_quat": [
        0.2842001297613704,
        -0.5509825302524352,
        -0.5448260848420353,
        0.5646353468176997
      ],
      "approach_axis_tilt_deg": 13.373448011798253,
      "commanded_approach_axis_tilt_deg": 42.99131199460442,
      "orientation_error_deg": 31.226604857919167
    },
    "retract_tcp_tracking": {
      "commanded_xyz": [
        0.4120101879273282,
        0.21228413099771198,
        0.23280234711529652
      ],
      "achieved_xyz": [
        0.41889463939428595,
        0.212143269605637,
        0.2151129241695599
      ],
      "error_mm": [
        6.884451466957763,
        -0.14086139207497572,
        -17.68942294573661
      ],
      "error_norm_mm": 18.982391790441664,
      "achieved_quat": [
        0.2746226615065299,
        -0.5258580668022453,
        -0.5603897916317296,
        0.5779437418996958
      ],
      "approach_axis_tilt_deg": 17.224192229513005,
      "commanded_approach_axis_tilt_deg": 42.99131199460442,
      "orientation_error_deg": 27.43604946417417
    },
    "approach_ok": true,
    "place_ok": true,
    "released_ok": true,
    "lift_ok": null,
    "retract_ok": true,
    "return_home_ok": true
  },
  "ok": true
}
[PLACE-EXEC] saved result json: /tmp/place_exec.json
[PLACE-EXEC] updated handoff: /tmp/grasp_handoff.json (holding=false, placed=true)
