[日志] 日志文件: logs/grasp/grasp_260706_153324.log
[日志] 执行命令: python3 -m compliant_grasp_execute.main
[INFO] [1783323204.938933223] [XARM_manager]: waiting for service /controller_manager/get_parameters to become available...
[INFO] [1783323207.199249425] [XARM_manager]: XARM_manager initialized, robot_type: tianyi2, run_type: real
[INFO] [1783323207.205051275] [XARM_manager]: 已订阅关节状态话题: /joint_states
[INFO] [1783323207.211714852] [XARM_manager]: 已订阅警告和错误信息话题: /manipulator/warn_and_error_info
[INFO] [1783323207.224349691] [XARM_manager]: /joint_action_report 服务已启动
[CONFIG] loaded 198 params from /home/ubuntu/niu/compliant_grasp_execute/config.yaml
[GRASP-EXEC] STARTUP: enabling arms and moving BOTH to home posture
[INFO] [1783323213.840579979] [XARM_manager]: Deactivated controllers: ['jointspace_arm_L_controller']
[GRASP-EXEC] STARTUP: left -> home joints=['0.000', '1.180', '0.000', '-1.300', '1.400', '-0.130', '0.180']
[INFO] [1783323214.838649123] [XARM_manager]: Activated controllers: ['jointspace_arm_L_controller']
[INFO] [1783323214.855052219] [XARM_manager]: Sending goal to action server /jointspace_arm_L_controller/jointspace (attempt 1/3):
eai_manipulator_msgs.action.JointSpace_Goal(target_positions=[0.0, 1.18, 0.0, -1.3, 1.4, -0.13, 0.18])
[INFO] [1783323214.858435783] [XARM_manager]: Goal accepted. Waiting for result...
[INFO] [1783323214.968633057] [XARM_manager]: Action result received from /jointspace_arm_L_controller/jointspace
[INFO] [1783323214.968904015] [XARM_manager]: Action result: eai_manipulator_msgs.action.JointSpace_Result(success=True, result_msg='action finished')
[GRASP-EXEC] STARTUP: right -> home joints=['0.000', '-1.180', '0.000', '-1.300', '-1.400', '-0.130', '0.180']
[INFO] [1783323214.977496246] [XARM_manager]: Activated controllers: ['jointspace_arm_R_controller']
[INFO] [1783323214.989885778] [XARM_manager]: Sending goal to action server /jointspace_arm_R_controller/jointspace (attempt 1/3):
eai_manipulator_msgs.action.JointSpace_Goal(target_positions=[0.0, -1.18, 0.0, -1.3, -1.4, -0.13, 0.18])
[INFO] [1783323214.991890921] [XARM_manager]: Goal accepted. Waiting for result...
[INFO] [1783323215.121809565] [XARM_manager]: Action result received from /jointspace_arm_R_controller/jointspace
[INFO] [1783323215.122107054] [XARM_manager]: Action result: eai_manipulator_msgs.action.JointSpace_Result(success=True, result_msg='action finished')
[GRASP-EXEC] STARTUP: activating both grippers (open/close cycle)
[robotiq_api] gripper already activated (gSTA==3); skip resetActivate()
[GRASP-EXEC] STARTUP: gripper 'left' activated
[robotiq_api] gripper already activated (gSTA==3); skip resetActivate()
[GRASP-EXEC] STARTUP: gripper 'right' activated
perception health check pass
[object_pose] RGB (720, 1280, 3), depth (720, 1280), valid-depth pixels: 904068/921600 (median valid depth 1.198 m)
[GRASP-EXEC] ARM-SELECT: object waist Y=+0.270m (y >= boundary 0.000) -> 'left' arm
[GRASP-EXEC] diagonal schedule: angle-from-X=87.32498092568476deg -> tilt_scale=0.50, yaw_clamp=45.0deg (freed wrist_pitch, raised jaw alignment)
[GRASP-EXEC] reach tilt reduction: object |Y|=0.270m -> tilt_scale=0.46 (backed the side-tilt off so the elbow can extend to a far-outboard object instead of folding into its stop)
[GRASP-EXEC] applied grasp tilt +10.3deg about waist Y (tilt scale 1.00 x diag 0.50 x reach 0.46) -> quat=['-0.4206', '0.4960', '0.5772', '-0.4939']
[GRASP-EXEC] continuous orientation: object long-axis yaw -87.3deg (angle-from-X 87.3deg); applied continuous yaw -45.0deg about waist Z (gain=1.00, clamp +/-45deg) -> quat=['-0.1988', '0.6192', '0.7223', '-0.2354']
[GRASP-EXEC] recomputed TCP along final quat: detected_tcp_xyz=['0.2241', '0.2954', '-0.0425'] -> consistent_tcp_xyz=['0.3343', '0.4833', '0.0170']
[GRASP-EXEC] approach lateral clamp: approach Y +0.5794 -> +0.4833 (= grasp Y); tool_z outboard component would have pushed the standoff further from center than the grasp, which folds the elbow into its stop at far-outboard reaches.
[GRASP-EXEC] approach along grasp axis: dist=0.120m tool_z=[-0.579,0.801,0.154] approach_xyz=['0.2849', '0.4833', '0.0405']
[GRASP-EXEC] applied lift tilt -15.0deg about waist Y -> lift quat=['-0.2913', '0.6446', '0.6902', '-0.1525']
[GRASP-EXEC] detected class=remote-control detected_pose7=['0.2241', '0.2954', '-0.0425', '0.0060', '-0.7312', '-0.0703', '0.6785'] -> motion grasp_pose7=['0.3543', '0.4833', '0.0220', '-0.1988', '0.6192', '0.7223', '-0.2354']
[INFO] [1783323219.337188859] [XARM_manager]: Deactivated controllers: ['jointspace_arm_L_controller', 'jointspace_arm_R_controller']
[GRASP-EXEC] arms enabled (mode 3) [took 0.02s]
[JOINT-LIMIT] left: using live controller limits from endpose_single_arm_qp_L_controller
[GRASP-EXEC] joint-limit guard ON (margin 0.050 rad) arm=left
[GRASP-EXEC] gripper: connecting in background (overlaps arm enable + approach to hide the slow serial open; --no-gripper-async-connect for the old blocking behaviour)
[GRASP-EXEC] ARM: approach via qp_stream
[GRASP-EXEC] ELBOW-HIGH (proactive): object long axis ~parallel to body (angle-from-X=87.32498092568476 >= 45.0deg); the elbow-high seed's fore-aft jaws match a parallel object's short axis; reconfiguring to elbow-high seed before approach.
[GRASP-EXEC] elbow-high seed ready/left: clamped 1 joint(s) inward (margin 0.05rad): shoulder_yaw -2.964->-2.910 [-2.960,2.960]
[GRASP-EXEC] gripper: arm='left' -> stable by-id port /dev/serial/by-id/usb-FTDI_FT231X_USB_UART_DU0E2IPR-if00-port0
[GRASP-EXEC] ELBOW-HIGH: reconfiguring left arm into elbow-high seed (jointspace, via transition waypoint). NOTE: jointspace moves run at the controller's own speed; watch the first reconfiguration for table/body clearance.
[GRASP-EXEC] ELBOW-HIGH: left -> transition joints=['-1.452', '0.585', '-1.455', '-1.870', '0.746', '-0.142', '0.093']
[INFO] [1783323219.383683627] [XARM_manager]: Activated controllers: ['jointspace_arm_L_controller']
[INFO] [1783323219.384701613] [XARM_manager]: Sending goal to action server /jointspace_arm_L_controller/jointspace (attempt 1/3):
eai_manipulator_msgs.action.JointSpace_Goal(target_positions=[-1.4525, 0.5845, -1.455, -1.87, 0.7456999999999999, -0.14179999999999998, 0.09315])
[INFO] [1783323219.388157690] [XARM_manager]: Goal accepted. Waiting for result...
[robotiq_api] gripper already activated (gSTA==3); skip resetActivate()
[GRASP-EXEC] gripper: cached serial port /dev/serial/by-id/usb-FTDI_FT231X_USB_UART_DU0E2IPR-if00-port0 -> /tmp/robotiq_gripper_port.txt
[GRASP-EXEC] gripper controller ready: backend=modbus_rtu port=auto slave=9 (wait_timeout=8.0s) [connect took 0.04s]
[INFO] [1783323221.240029885] [XARM_manager]: Action result received from /jointspace_arm_L_controller/jointspace
[INFO] [1783323221.240297183] [XARM_manager]: Action result: eai_manipulator_msgs.action.JointSpace_Result(success=True, result_msg='action finished')
[GRASP-EXEC] ELBOW-HIGH: transition move result: eai_manipulator_msgs.action.JointSpace_Result(success=True, result_msg='action finished')
[GRASP-EXEC] ELBOW-HIGH: left -> ready joints=['-2.905', '-0.011', '-2.910', '-2.440', '0.091', '-0.154', '0.006']
[INFO] [1783323221.243077810] [XARM_manager]: Sending goal to action server /jointspace_arm_L_controller/jointspace (attempt 1/3):
eai_manipulator_msgs.action.JointSpace_Goal(target_positions=[-2.905, -0.011, -2.91, -2.44, 0.0914, -0.1536, 0.0063])
[INFO] [1783323221.245444181] [XARM_manager]: Goal accepted. Waiting for result...
[INFO] [1783323223.102143483] [XARM_manager]: Action result received from /jointspace_arm_L_controller/jointspace
[INFO] [1783323223.102484710] [XARM_manager]: Action result: eai_manipulator_msgs.action.JointSpace_Result(success=True, result_msg='action finished')
[GRASP-EXEC] ELBOW-HIGH: ready move result: eai_manipulator_msgs.action.JointSpace_Result(success=True, result_msg='action finished')
[JOINT-LIMIT] left closest-to-limit: shoulder_pitch=-2.791 [-2.96,2.96] dist=0.169rad
[GRASP-EXEC] continuous orientation: object long-axis yaw -87.3deg (angle-from-X 87.3deg); applied continuous yaw +12.6deg about waist Z (gain=1.00, clamp +/-90deg) [top-down jaw-align: base jaw heading +170.1deg -> short-axis +2.7deg] -> quat=['-0.2464', '0.2573', '0.9332', '0.0461']
[GRASP-EXEC] recomputed TCP along final quat: detected_tcp_xyz=['0.2241', '0.2954', '-0.0425'] -> consistent_tcp_xyz=['0.3722', '0.4041', '0.1744']
[GRASP-EXEC] approach lateral clamp: approach Y +0.4644 -> +0.4041 (= grasp Y); tool_z outboard component would have pushed the standoff further from center than the grasp, which folds the elbow into its stop at far-outboard reaches.
[GRASP-EXEC] approach along grasp axis: dist=0.120m tool_z=[-0.436,0.503,0.746] approach_xyz=['0.3399', '0.4041', '0.2690']
[GRASP-EXEC] applied lift tilt -15.0deg about waist Y -> lift quat=['-0.3661', '0.2491', '0.8931', '0.0792']
[GRASP-EXEC] ELBOW-HIGH: using SEED grasp orientation (proactive); rebuilt grasp/approach/lift poses. The seed-anchored mode keeps the orientation the arm is already in, so the approach only translates and the wrist stays in range.
[GRASP-EXEC] ELBOW-HIGH QP joint window set on endpose_single_arm_qp_L_controller (flex 0.40rad, drop 0.15rad): shoulder_pitch[-2.96,-2.64], shoulder_roll[-0.01,0.54], shoulder_yaw[-2.96,-2.41], elbow_pitch[-2.61,-2.14], elbow_yaw[0.00,0.55]. Asymmetric: tight on the drop side so the elbow is actually held high; loose on the flex side so the arm can still reach.
[GRASP-EXEC] ELBOW-HIGH: wrist guard margin relaxed to 0.010rad (from 0.050) so the nose-down grasp can reach wrist_pitch~-0.71 (still inside the -0.785 stop). Other joints keep the full margin.
[INFO] [1783323223.124967033] [XARM_manager]: Deactivated controllers: ['jointspace_arm_L_controller']
[INFO] [1783323223.135634892] [XARM_manager]: Activated controllers: ['endpose_single_arm_qp_L_controller']
[GRASP-EXEC] QP-Stream left -> approach (pure-pursuit): pos=36.5cm rot=17.8deg, lookahead=13cm @ 50Hz, pos_tol=2.0cm accept=2.5cm keep_ori=False
[GRASP-EXEC] approach TCP tracking: commanded=[0.3399,0.4041,0.2690] achieved=[0.3323,0.4052,0.2505] err=[-7.6,+1.2,-18.5]mm |err|=20.0mm approach-axis tilt: achieved=+50.9deg commanded=+48.3deg (0=level) ori-err=3.5deg
[JOINT-LIMIT] left closest-to-limit: wrist_pitch=-0.7614 [-0.785,1.05] dist=0.0236rad
[JOINT-LIMIT] left approach per-joint: shoulder_pitch=-1.526[-2.96,+2.96](1.435) shoulder_roll=+1.424[-0.26,+2.62](1.192) shoulder_yaw=-1.797[-2.96,+2.96](1.163) elbow_pitch=-1.737[-2.61,+0.26](0.873) elbow_yaw=-1.111[-2.96,+2.96](1.849) wrist_pitch=-0.761[-0.79,+1.05](0.024) wrist_roll=+0.081[-1.65,+1.30](1.219)
[GRASP-EXEC] GRIPPER: open (after approach, before grasp insert)
[GRASP-EXEC] gripper open: start=90% -> target=0%
[GRASP-EXEC] gripper open result: pos=1% status=3 ok=True
[GRASP-EXEC] ARM: HYBRID pre-descent (position QP-stream) -> 6.3cm, leaving final 3.0cm for F/T compliant descend-to-contact
[GRASP-EXEC] QP-Stream left -> pre-grasp (pure-pursuit): pos=6.5cm rot=0.0deg, lookahead=8cm @ 50Hz, pos_tol=1.0cm accept=2.5cm keep_ori=True
[GRASP-EXEC] QP-Stream pre-grasp: ABORT joint-limit guard - 'wrist_pitch'=-0.7758 within 0.010rad of limit [-0.785,1.05] (side=lower); holding pose to avoid the hard stop
[GRASP-EXEC] ARM: COMPLIANT insert to grasp pose (F/T admittance descend-to-contact)
[INFO] [1783323228.989544152] [XARM_manager]: [COMPLIANT-LEFT] Loaded F/T calibration from /home/ubuntu/niu/compliant_grasp_execute/ft_calibration/ft_calibration_left.json
[INFO] [1783323228.990266471] [XARM_manager]: [COMPLIANT-LEFT] target set: p=[0.3359143844015392, 0.4056767106197334, 0.2544127686191161] q=[-0.22781327136164872, 0.25285019091947486, 0.9393564279647542, 0.04215916964062105]
[INFO] [1783323228.990922291] [XARM_manager]: [COMPLIANT-LEFT] seeded QP target at captured pose (z=+0.2544).
[INFO] [1783323228.991369790] [XARM_manager]: [COMPLIANT-LEFT] admittance loop starting (calibrating force offset; keep hands off the arm briefly)...
[INFO] [1783323229.319301079] [XARM_manager]: [COMPLIANT-LEFT] runtime offset calibrated. p_ref=[0.3359143844015392, 0.4056767106197334, 0.2544127686191161], ready.
[COMPLIANT-INSERT] runtime force-offset calibrated in 0.34s
[INFO] [1783323229.333896573] [XARM_manager]: [COMPLIANT-LEFT] gains updated: B=[3.9597979746446663, 5.6, 3.9597979746446663] K=[20.0, 40.0, 20.0] B_rot=[0.5, 0.5, 0.5] K_rot=[0.0, 0.0, 0.0]
[COMPLIANT-INSERT] insertion dir=[+0.60,-0.02,-0.80] planned_depth=9.4cm soft_axes=xz K=[20.0, 40.0, 20.0] B=[3.96, 5.6, 3.96] contact_thresh=1.5N
[INFO] [1783323230.151810781] [XARM_manager]: [COMPLIANT-LEFT] n=200 hz=241.4 F=[+0.00,+0.00,+0.55]N disp=[+0.8,-1.0,+7.6]cm v=[-0.03,+0.07,-0.20]
[COMPLIANT-INSERT] insert s=3.6cm tcp_drop=-2.3cm lag=+5.9cm resist=+0.34N (throttle x63)
[INFO] [1783323230.983337243] [XARM_manager]: [COMPLIANT-LEFT] n=400 hz=241.7 F=[+0.00,+0.00,+0.00]N disp=[+1.2,-1.1,+9.3]cm v=[-0.06,+0.08,-0.20]
[COMPLIANT-INSERT] insert s=3.6cm tcp_drop=-2.7cm lag=+6.3cm resist=+0.70N (throttle x159)
[INFO] [1783323231.816229511] [XARM_manager]: [COMPLIANT-LEFT] n=600 hz=241.2 F=[+0.32,+0.00,+1.27]N disp=[+0.2,-0.3,+5.4]cm v=[-0.00,+0.02,-0.07]
[COMPLIANT-INSERT] insert s=7.2cm tcp_drop=3.1cm lag=+4.0cm resist=+0.85N (throttle x198)
[INFO] [1783323232.603210704] [XARM_manager]: [COMPLIANT-LEFT] gains updated: B=[10.844353369380768, 10.844353369380768, 10.844353369380768] K=[150.0, 150.0, 150.0] B_rot=[0.5, 0.5, 0.5] K_rot=[0.0, 0.0, 0.0]
[INFO] [1783323232.603496725] [XARM_manager]: [COMPLIANT-LEFT] target set: p=[0.3384538929687404, 0.40843122327161197, 0.19475698677835462] q=[-0.22781327136164872, 0.25285019091947486, 0.9393564279647542, 0.04215916964062105]
[COMPLIANT-INSERT] CONTACT (force) at tcp_drop 4.9cm (resist 2.0N, thresh 1.5N); holding compliant for gripper close
[INFO] [1783323232.649636766] [XARM_manager]: [COMPLIANT-LEFT] n=800 hz=240.8 F=[-2.67,+2.93,+15.49]N disp=[-0.2,-0.0,-0.5]cm v=[-0.20,+0.18,+0.20]
[GRASP-EXEC] grasp TCP tracking: commanded=[0.3922,0.4041,0.1794] achieved=[0.3300,0.4101,0.1777] err=[-62.2,+6.0,-1.7]mm |err|=62.5mm approach-axis tilt: achieved=+53.7deg commanded=+48.3deg (0=level) ori-err=8.0deg
[JOINT-LIMIT] left closest-to-limit: wrist_pitch=-0.6454 [-0.785,1.05] dist=0.1396rad
[JOINT-LIMIT] left grasp per-joint: shoulder_pitch=-1.312[-2.96,+2.96](1.648) shoulder_roll=+1.331[-0.26,+2.62](1.285) shoulder_yaw=-1.805[-2.96,+2.96](1.155) elbow_pitch=-1.629[-2.61,+0.26](0.981) elbow_yaw=-1.207[-2.96,+2.96](1.753) wrist_pitch=-0.645[-0.79,+1.05](0.140) wrist_roll=+0.184[-1.65,+1.30](1.116)
[GRASP-EXEC] GRIPPER: close at grasp pose (after arm motion, not at approach)
[GRASP-EXEC] gripper close: start=1% -> target=100%
[INFO] [1783323233.491728680] [XARM_manager]: [COMPLIANT-LEFT] n=1000 hz=239.0 F=[-9.85,+14.01,+104.96]N disp=[-4.1,+1.5,-6.2]cm v=[-0.20,+0.20,+0.20]
[INFO] [1783323234.323784735] [XARM_manager]: [COMPLIANT-LEFT] n=1200 hz=240.7 F=[+0.85,-5.30,-0.12]N disp=[-11.1,+0.1,-11.0]cm v=[+0.20,-0.20,+0.20]
[GRASP-EXEC] gripper close result: pos=90% status=3 ok=True
[INFO] [1783323234.326890587] [XARM_manager]: [COMPLIANT-LEFT] admittance loop stopped.
[GRASP-EXEC] ARM: rotate wrist away from table -20deg about waist Y before lift
[GRASP-EXEC] QP-Stream left -> table-clear (pure-pursuit): pos=0.0cm rot=20.0deg, lookahead=13cm @ 50Hz, pos_tol=2.0cm accept=2.5cm keep_ori=False
[GRASP-EXEC] ARM: lift after grasp
[GRASP-EXEC] QP-Stream left -> lift (pure-pursuit): pos=26.9cm rot=0.0deg, lookahead=13cm @ 50Hz, pos_tol=2.0cm accept=2.5cm keep_ori=True
收到警告信息: source=SingleArmQpController_left_arm, code=300100, info=目标超出跟踪限, dis_err = 0.232607
收到警告信息: source=SingleArmQpController_left_arm, code=300100, info=目标超出跟踪限, dis_err = 0.232622
[GRASP-EXEC] QP-Stream lift: finished by deadline, 23.9cm from target
[GRASP-EXEC] QP-Stream lift: WARNING target not reached within 2.5cm (final 23.9cm)
[JOINT-LIMIT] left closest-to-limit: wrist_pitch=-0.5943 [-0.785,1.05] dist=0.1907rad
[JOINT-LIMIT] left lift per-joint: shoulder_pitch=+0.037[-2.96,+2.96](2.923) shoulder_roll=+1.246[-0.26,+2.62](1.371) shoulder_yaw=-0.482[-2.96,+2.96](2.478) elbow_pitch=-1.666[-2.61,+0.26](0.944) elbow_yaw=-1.605[-2.96,+2.96](1.355) wrist_pitch=-0.594[-0.79,+1.05](0.191) wrist_roll=+0.000[-1.65,+1.30](1.300)
收到警告信息: source=SingleArmQpController_left_arm, code=300100, info=目标超出跟踪限, dis_err = 0.232617
[GRASP-EXEC] ELBOW-HIGH QP joint limits restored on endpose_single_arm_qp_L_controller (back to hard limits).
[GRASP-EXEC] ELBOW-HIGH: wrist guard margin restored to full.
[INFO] [1783323249.344530354] [XARM_manager]: Deactivated controllers: ['endpose_single_arm_qp_L_controller']
收到警告信息: source=SingleArmQpController_left_arm, code=300100, info=目标超出跟踪限, dis_err = 0.232614
收到警告信息: source=SingleArmQpController_left_arm, code=300100, info=目标超出跟踪限, dis_err = 0.232608
[GRASP-EXEC] elbow-high seed ready/left: clamped 1 joint(s) inward (margin 0.05rad): shoulder_yaw -2.964->-2.910 [-2.960,2.960]
[GRASP-EXEC] ELBOW-HIGH: returning via transition waypoint before home (bridges elbow-high -> elbow-low without a large sweep).
[GRASP-EXEC] ELBOW-HIGH: left -> transition(return) joints=['-1.452', '0.585', '-1.455', '-1.870', '0.746', '-0.142', '0.093']
[INFO] [1783323249.363132377] [XARM_manager]: Activated controllers: ['jointspace_arm_L_controller']
[INFO] [1783323249.363904130] [XARM_manager]: Sending goal to action server /jointspace_arm_L_controller/jointspace (attempt 1/3):
eai_manipulator_msgs.action.JointSpace_Goal(target_positions=[-1.4525, 0.5845, -1.455, -1.87, 0.7456999999999999, -0.14179999999999998, 0.09315])
[INFO] [1783323249.365504725] [XARM_manager]: Goal accepted. Waiting for result...
[INFO] [1783323251.864562453] [XARM_manager]: Action result received from /jointspace_arm_L_controller/jointspace
[INFO] [1783323251.864821314] [XARM_manager]: Action result: eai_manipulator_msgs.action.JointSpace_Result(success=True, result_msg='action finished')
[GRASP-EXEC] ELBOW-HIGH: transition(return) move result: eai_manipulator_msgs.action.JointSpace_Result(success=True, result_msg='action finished')
[GRASP-EXEC] PRE-HOME WAYPOINT: left -> joints=['0.000', '1.180', '0.000', '-1.300', '1.400', '-0.130', '0.180']
[INFO] [1783323251.867654280] [XARM_manager]: Sending goal to action server /jointspace_arm_L_controller/jointspace (attempt 1/3):
eai_manipulator_msgs.action.JointSpace_Goal(target_positions=[0.0, 1.18, 0.0, -1.3, 1.4, -0.13, 0.18])
[INFO] [1783323251.871066473] [XARM_manager]: Goal accepted. Waiting for result...
[INFO] [1783323253.705621065] [XARM_manager]: Action result received from /jointspace_arm_L_controller/jointspace
[INFO] [1783323253.705888484] [XARM_manager]: Action result: eai_manipulator_msgs.action.JointSpace_Result(success=True, result_msg='action finished')
[GRASP-EXEC] pre-home waypoint result: eai_manipulator_msgs.action.JointSpace_Result(success=True, result_msg='action finished')
[GRASP-EXEC] RETURN HOME: left -> joints=['0.000', '1.180', '0.000', '-1.300', '1.400', '-0.130', '0.180']
[INFO] [1783323253.709591886] [XARM_manager]: Sending goal to action server /jointspace_arm_L_controller/jointspace (attempt 1/3):
eai_manipulator_msgs.action.JointSpace_Goal(target_positions=[0.0, 1.18, 0.0, -1.3, 1.4, -0.13, 0.18])
[INFO] [1783323253.711681508] [XARM_manager]: Goal accepted. Waiting for result...
[INFO] [1783323253.714745109] [XARM_manager]: Action result received from /jointspace_arm_L_controller/jointspace
[INFO] [1783323253.714979519] [XARM_manager]: Action result: eai_manipulator_msgs.action.JointSpace_Result(success=True, result_msg='action finished')
[GRASP-EXEC] return home result: eai_manipulator_msgs.action.JointSpace_Result(success=True, result_msg='action finished')
{
  "arm": "left",
  "pipeline_version": "accelerated",
  "motion_strategy": "qp_all",
  "dry_run": false,
  "motion": {
    "detected_pose7": [
      0.2240990905208115,
      0.2954140095432684,
      -0.04249760329149492,
      0.006030659523412769,
      -0.7311942365357824,
      -0.07027576288667757,
      0.6785130335912953
    ],
    "approach_pose7": [
      0.3398930047760818,
      0.4040524099674172,
      0.268963251430746,
      -0.24639454477984304,
      0.2573311355832192,
      0.9332467265636776,
      0.04605390667864474
    ],
    "grasp_pose7": [
      0.39223599635734824,
      0.4040524099674172,
      0.17942635183982167,
      -0.24639454477984304,
      0.2573311355832192,
      0.9332467265636776,
      0.04605390667864474
    ],
    "lift_pose7": [
      0.39223599635734824,
      0.4040524099674172,
      0.2994263518398217,
      -0.3660997469126991,
      0.24911839096984886,
      0.8931017297315818,
      0.07924836239007076
    ],
    "pre_home_pose7": [
      0.21223599635734824,
      0.3040524099674172,
      0.3494263518398217,
      -0.3660997469126991,
      0.24911839096984886,
      0.8931017297315818,
      0.07924836239007076
    ],
    "grasp_xyz_offset_m": [
      0.02,
      0.0,
      0.005
    ],
    "grasp_quat": [
      -0.24639454477984304,
      0.2573311355832192,
      0.9332467265636776,
      0.04605390667864474
    ],
    "use_fixed_grasp_quat": true,
    "phase_backends": {
      "approach": "qp_stream",
      "grasp": "qp_stream",
      "lift": "qp_stream"
    },
    "joint_limits_used": {
      "shoulder_pitch": [
        -2.96,
        2.96
      ],
      "shoulder_roll": [
        -0.262,
        2.616
      ],
      "shoulder_yaw": [
        -2.96,
        2.96
      ],
      "elbow_pitch": [
        -2.61,
        0.261
      ],
      "elbow_yaw": [
        -2.96,
        2.96
      ],
      "wrist_pitch": [
        -0.785,
        1.05
      ],
      "wrist_roll": [
        -1.65,
        1.3
      ]
    },
    "elbow_high_proactive_used": true,
    "elbow_high_orientation": "seed",
    "approach_tcp_tracking": {
      "commanded_xyz": [
        0.3398930047760818,
        0.4040524099674172,
        0.268963251430746
      ],
      "achieved_xyz": [
        0.3322991754512529,
        0.4052215051253385,
        0.250509571212036
      ],
      "error_mm": [
        -7.593829324828882,
        1.169095157921296,
        -18.453680218710023
      ],
      "error_norm_mm": 19.989280650321454,
      "achieved_quat": [
        -0.2184344131045991,
        0.2535428380435623,
        0.9415209382664103,
        0.03925250634550406
      ],
      "approach_axis_tilt_deg": 50.89622684716397,
      "commanded_approach_axis_tilt_deg": 48.25718137686053,
      "orientation_error_deg": 3.45852233834555
    },
    "approach_joint_limits": {
      "closest": {
        "joint": "wrist_pitch",
        "value": -0.7614,
        "lower": -0.785,
        "upper": 1.05,
        "dist_to_limit": 0.0236,
        "nearest_side": "lower"
      },
      "breached": [],
      "margin_rad": 0.05
    },
    "compliant_insert": {
      "ok": true,
      "contact": true,
      "reason": "contact",
      "resist_n": 1.9675579685741456,
      "traveled_m": 0.049169677791719345,
      "planned_depth_m": 0.09379618876749682,
      "ft_topic": "/arm_6dof_left",
      "calib_path": "/home/ubuntu/niu/compliant_grasp_execute/ft_calibration/ft_calibration_left.json",
      "calib_present": true,
      "commanded_m": 0.08597694211808463,
      "throttle_events": 198,
      "contact_kind": "force"
    },
    "grasp_tcp_tracking": {
      "commanded_xyz": [
        0.39223599635734824,
        0.4040524099674172,
        0.17942635183982167
      ],
      "achieved_xyz": [
        0.33002182005943986,
        0.4100555896612248,
        0.17767650129990978
      ],
      "error_mm": [
        -62.214176297908374,
        6.003179693807592,
        -1.7498505399118902
      ],
      "error_norm_mm": 62.52762490112189,
      "achieved_quat": [
        -0.17995654647221598,
        0.2539310657219642,
        0.9497483873646196,
        0.03335649773889977
      ],
      "approach_axis_tilt_deg": 53.73301809468094,
      "commanded_approach_axis_tilt_deg": 48.25718137686053,
      "orientation_error_deg": 7.989477615206622
    },
    "grasp_joint_limits": {
      "closest": {
        "joint": "wrist_pitch",
        "value": -0.6454,
        "lower": -0.785,
        "upper": 1.05,
        "dist_to_limit": 0.1396,
        "nearest_side": "lower"
      },
      "breached": [],
      "margin_rad": 0.05
    },
    "lift_joint_limits": {
      "closest": {
        "joint": "wrist_pitch",
        "value": -0.5943,
        "lower": -0.785,
        "upper": 1.05,
        "dist_to_limit": 0.1907,
        "nearest_side": "lower"
      },
      "breached": [],
      "margin_rad": 0.05
    },
    "retract_ok": null,
    "return_home_ok": true,
    "released_on_finish_ok": null,
    "approach_ok": true,
    "grasp_ok": true,
    "lift_ok": false
  },
  "detection": {
    "class_name": "remote-control",
    "pose_head_roll_link": [
      0.7596120306323327,
      0.27554007983691736,
      -0.1741208970140601,
      -0.2569866346028151,
      -0.28002290545678693,
      0.6798674417615787,
      0.627156522478739
    ],
    "pose_tip_waist_yaw_link_rpy": {
      "x": 0.48826296102915545,
      "y": 0.2702539464372157,
      "z": -0.024047108920060678,
      "roll": -0.08613105094377208,
      "pitch": -0.056452617241079084,
      "yaw": 1.6174842171953487
    },
    "pose_tip_used_for_tcp_conversion_rpy": {
      "x": 0.48826296102915545,
      "y": 0.2702539464372157,
      "z": -0.024047108920060678,
      "roll": 2.1295017200058943,
      "pitch": -1.4395688262718467,
      "yaw": -2.220585425831726
    },
    "pose_tcp_waist_yaw_link_rpy": {
      "x": 0.2240990905208115,
      "y": 0.2954140095432684,
      "z": -0.04249760329149492,
      "roll": 2.1295017200058943,
      "pitch": -1.4395688262718467,
      "yaw": -2.220585425831726
    },
    "pose_tcp_waist_yaw_link_pose7": [
      0.2240990905208115,
      0.2954140095432684,
      -0.04249760329149492,
      0.006030659523412769,
      -0.7311942365357824,
      -0.07027576288667757,
      0.6785130335912953
    ],
    "current_tcp_pose7": [
      0.3516994221613407,
      -0.59523716607708,
      0.2749263208449533,
      0.006030659523412769,
      -0.7311942365357824,
      -0.07027576288667757,
      0.6785130335912953
    ],
    "tcp_minus_tip_waist_m": [
      -0.26416387050834395,
      0.025160063106052732,
      -0.018450494371434242
    ],
    "tcp_to_tip_offset_m": [
      0.0,
      0.0,
      -0.266
    ],
    "orientation_policy": "current",
    "use_current_tcp_rotation": true,
    "rotation_source_arm": "right",
    "bbox_2d": [
      283.87841796875,
      404.0924987792969,
      499.1243896484375,
      442.4897155761719
    ],
    "bbox_3d": {
      "min": [
        0.7423955455450426,
        0.18720725723195372,
        -0.19512533776440907
      ],
      "max": [
        0.795094541234475,
        0.3632482600937045,
        -0.1535140341627693
      ],
      "center": [
        0.7687450433897588,
        0.2752277586628291,
        -0.17431968596358918
      ],
      "size": [
        0.05269899568943237,
        0.17604100286175076,
        0.04161130360163978
      ]
    },
    "object_long_axis_waist": [
      -0.04659658285669531,
      0.9973190284327804,
      0.05642263722987228
    ],
    "object_long_axis_yaw_waist_deg": -87.32498092568476,
    "object_angle_from_waist_x_deg": 87.32498092568476
  },
  "gripper": {
    "open_ok": true,
    "close_ok": true,
    "final_pos_pct": 90.0,
    "backend": "modbus_rtu"
  },
  "ok": false
}
[GRASP-EXEC] saved result json: /tmp/grasp_exec.json
[GRASP-EXEC] saved handoff: /tmp/grasp_handoff.json (arm=left holding=True)


这个遥控器横着放，手碰桌子了，没抓到。