[日志] 日志文件: logs/grasp/grasp_260708_133008.log
[日志] 执行命令: python3 -m grasp_pose_place_execute.main
[CONFIG] loaded 91 params from /home/ubuntu/niu/grasp_pose_place_execute/config.yaml
[PLACE-EXEC] ARM: handoff /tmp/grasp_handoff.json -> arm='right' holding=True object=['remote-control']
[INFO] [1783488608.534397015] [XARM_manager]: waiting for service /controller_manager/get_parameters to become available...
[INFO] [1783488610.543636669] [XARM_manager]: XARM_manager initialized, robot_type: tianyi2, run_type: real
[INFO] [1783488610.549957120] [XARM_manager]: 已订阅关节状态话题: /joint_states
[INFO] [1783488610.555653209] [XARM_manager]: 已订阅警告和错误信息话题: /manipulator/warn_and_error_info
[INFO] [1783488610.566884671] [XARM_manager]: /joint_action_report 服务已启动
[PLACE-EXEC] applied place tilt +45.0deg about waist Y -> quat=['0.2294', '0.3262', '-0.6764', '-0.6193']
[PLACE-EXEC] place TCP target (waist) from handoff grasp_pose7 (original detected grasp position): x=0.3445 y=-0.2521 z=0.2037 (+5cm release clearance)
[PLACE-EXEC] approach along place axis: dist=0.120m extra_z=0.120m tool_z=[-0.714,-0.157,0.682] approach_xyz=['0.2587', '-0.2710', '0.4055']
[INFO] [1783488616.514810786] [XARM_manager]: Deactivated controllers: ['jointspace_arm_R_controller']
[PLACE-EXEC] arms enabled (mode 3); placing with 'right' arm
[PLACE-EXEC] gripper: connecting in background (overlaps approach)
[GRASP-EXEC] gripper: arm='right' -> stable by-id port /dev/serial/by-id/usb-FTDI_FT231X_USB_UART_D30JLK40-if00-port0
[INFO] [1783488616.536612053] [XARM_manager]: Deactivated controllers: []
[PLACE-EXEC] START HOME: right -> joints=['0.844', '-0.026', '0.006', '-2.216', '1.529', '0.200', '-0.683']
[INFO] [1783488616.557394416] [XARM_manager]: Activated controllers: ['jointspace_arm_R_controller']
[INFO] [1783488616.578270194] [XARM_manager]: Sending goal to action server /jointspace_arm_R_controller/jointspace (attempt 1/3):
eai_manipulator_msgs.action.JointSpace_Goal(target_positions=[0.844, -0.026, 0.006, -2.216, 1.529, 0.2, -0.683])
[robotiq_api] gripper already activated (gSTA==3); skip resetActivate()
[GRASP-EXEC] gripper: cached serial port /dev/serial/by-id/usb-FTDI_FT231X_USB_UART_D30JLK40-if00-port0 -> /tmp/robotiq_gripper_port.txt
[GRASP-EXEC] gripper controller ready: backend=modbus_rtu port=auto slave=9 (wait_timeout=8.0s) [connect took 0.05s]
[INFO] [1783488616.824604022] [XARM_manager]: Goal accepted. Waiting for result...
[INFO] [1783488617.383767291] [XARM_manager]: Action result received from /jointspace_arm_R_controller/jointspace
[INFO] [1783488617.384025341] [XARM_manager]: Action result: eai_manipulator_msgs.action.JointSpace_Result(success=True, result_msg='action finished')
[PLACE-EXEC] START HOME result: eai_manipulator_msgs.action.JointSpace_Result(success=True, result_msg='action finished')
[INFO] [1783488617.392393265] [XARM_manager]: Deactivated controllers: ['jointspace_arm_R_controller']
[WARN] [1783488618.028762048] [XARM_manager]: TF查找超时: waist_yaw_link <- right_tcp_link, 超时0.5s
[PLACE-EXEC] TF warmup ok: read TCP after 2 attempt(s)
[PLACE-EXEC] ARM: approach to middle waypoint
[INFO] [1783488618.049866242] [XARM_manager]: Activated controllers: ['endpose_single_arm_qp_R_controller']
[GRASP-EXEC] QP-Stream right -> approach (pure-pursuit): pos=30.1cm rot=74.6deg, lookahead=13cm @ 50Hz, pos_tol=2.0cm accept=2.5cm keep_ori=False
[GRASP-EXEC] approach TCP tracking: commanded=[0.2587,-0.2710,0.4055] achieved=[0.2586,-0.2702,0.4240] err=[-0.1,+0.8,+18.5]mm |err|=18.5mm approach-axis tilt: achieved=+38.8deg commanded=+43.0deg (0=level) ori-err=4.2deg
[PLACE-EXEC] ARM: HYBRID pre-descent (QP, fast transit) -> 17.7cm, leaving final 6.0cm for F/T compliant set-down
[GRASP-EXEC] QP-Stream right -> approach (pure-pursuit): pos=17.7cm rot=0.0deg, lookahead=13cm @ 50Hz, pos_tol=2.0cm accept=2.5cm keep_ori=True
[GRASP-EXEC] QP-Stream approach: settled 2.4cm from target (QP steady-state; exiting without deadline hover)
[PLACE-EXEC] ARM: COMPLIANT set-down (F/T admittance descend-to-contact)
[INFO] [1783488625.356823646] [XARM_manager]: [COMPLIANT-RIGHT] Loaded F/T calibration from /home/ubuntu/niu/compliant_grasp_execute/ft_calibration/ft_calibration_right.json
[INFO] [1783488625.377560018] [XARM_manager]: [COMPLIANT-RIGHT] target set: p=[0.31230056670817546, -0.25200245853833797, 0.23955815731420277] q=[-0.23150102840195805, -0.30274012439465803, 0.7149156984216388, 0.5862177369208843]
[INFO] [1783488625.378317917] [XARM_manager]: [COMPLIANT-RIGHT] seeded QP target at captured pose (z=+0.2396).
[INFO] [1783488625.379039819] [XARM_manager]: [COMPLIANT-RIGHT] admittance loop starting (calibrating force offset; keep hands off the arm briefly)...
[INFO] [1783488625.702408378] [XARM_manager]: [COMPLIANT-RIGHT] runtime offset calibrated. p_ref=[0.31230056670817546, -0.25200245853833797, 0.23955815731420277], ready.
[COMPLIANT-INSERT] runtime force-offset calibrated in 0.33s
[INFO] [1783488625.705045910] [XARM_manager]: [COMPLIANT-RIGHT] gains updated: B=[3.9597979746446663, 5.6, 3.9597979746446663] K=[20.0, 40.0, 20.0] B_rot=[0.5, 0.5, 0.5] K_rot=[0.0, 0.0, 0.0]
[COMPLIANT-INSERT] insertion dir=[+0.52,+0.04,-0.85] planned_depth=9.7cm soft_axes=xz K=[20.0, 40.0, 20.0] B=[3.96, 5.6, 3.96] contact_thresh=1.5N
[INFO] [1783488626.532561584] [XARM_manager]: [COMPLIANT-RIGHT] n=200 hz=242.1 F=[+0.00,+0.00,+0.00]N disp=[-1.6,-0.0,+2.7]cm v=[+0.08,+0.00,-0.14]
[COMPLIANT-INSERT] insert s=5.3cm tcp_drop=2.2cm lag=+3.1cm resist=+0.52N (throttle x0)
[INFO] [1783488627.366185753] [XARM_manager]: [COMPLIANT-RIGHT] n=400 hz=240.8 F=[+0.00,+0.00,+0.00]N disp=[-1.7,-0.0,+2.7]cm v=[+0.08,+0.00,-0.13]
[COMPLIANT-INSERT] insert s=8.3cm tcp_drop=5.1cm lag=+3.1cm resist=+0.60N (throttle x0)
[INFO] [1783488628.202086960] [XARM_manager]: [COMPLIANT-RIGHT] n=600 hz=240.3 F=[+0.00,+0.00,+0.00]N disp=[-1.6,+0.0,+2.7]cm v=[+0.08,+0.00,-0.13]
[INFO] [1783488628.328194840] [XARM_manager]: [COMPLIANT-RIGHT] gains updated: B=[10.844353369380768, 10.844353369380768, 10.844353369380768] K=[150.0, 150.0, 150.0] B_rot=[0.5, 0.5, 0.5] K_rot=[0.0, 0.0, 0.0]
[INFO] [1783488628.328704056] [XARM_manager]: [COMPLIANT-RIGHT] target set: p=[0.34855259307188236, -0.2481132328542967, 0.18166106279619668] q=[-0.23150102840195805, -0.30274012439465803, 0.7149156984216388, 0.5862177369208843]
[COMPLIANT-INSERT] CONTACT (force) at tcp_drop 6.8cm (resist 2.5N, thresh 1.5N); holding compliant for gripper close
[GRASP-EXEC] place TCP tracking: commanded=[0.3445,-0.2521,0.2037] achieved=[0.3513,-0.2480,0.1832] err=[+6.8,+4.1,-20.5]mm |err|=22.0mm approach-axis tilt: achieved=+43.5deg commanded=+43.0deg (0=level) ori-err=7.5deg
[PLACE-EXEC] GRIPPER: release (open) at place pose
[GRASP-EXEC] gripper release: start=90% -> target=0%
[INFO] [1783488629.034198988] [XARM_manager]: [COMPLIANT-RIGHT] n=800 hz=240.9 F=[-0.00,+0.00,+0.00]N disp=[+0.1,-0.1,+0.7]cm v=[-0.02,+0.01,-0.10]
[GRASP-EXEC] gripper release result: pos=1% status=3 ok=True
[INFO] [1783488629.438791261] [XARM_manager]: [COMPLIANT-RIGHT] admittance loop stopped.
[PLACE-EXEC] ARM: retract to pre-insert standoff (keep orientation)
[GRASP-EXEC] QP-Stream right -> retract (pure-pursuit): pos=24.2cm rot=0.0deg, lookahead=13cm @ 50Hz, pos_tol=2.0cm accept=2.5cm keep_ori=True
[GRASP-EXEC] retract TCP tracking: commanded=[0.2587,-0.2710,0.4055] achieved=[0.2756,-0.2781,0.4075] err=[+16.9,-7.1,+2.0]mm |err|=18.4mm approach-axis tilt: achieved=+46.0deg commanded=+43.0deg (0=level) ori-err=5.2deg
[INFO] [1783488631.630541948] [XARM_manager]: Deactivated controllers: ['endpose_single_arm_qp_R_controller']
[PLACE-EXEC] RETURN HOME: right -> joints=['0.844', '-0.026', '0.006', '-2.216', '1.529', '0.200', '-0.683']
[INFO] [1783488631.648468444] [XARM_manager]: Activated controllers: ['jointspace_arm_R_controller']
[INFO] [1783488631.649146163] [XARM_manager]: Sending goal to action server /jointspace_arm_R_controller/jointspace (attempt 1/3):
eai_manipulator_msgs.action.JointSpace_Goal(target_positions=[0.844, -0.026, 0.006, -2.216, 1.529, 0.2, -0.683])
[INFO] [1783488631.650836586] [XARM_manager]: Goal accepted. Waiting for result...
[INFO] [1783488634.092598927] [XARM_manager]: Action result received from /jointspace_arm_R_controller/jointspace
[INFO] [1783488634.092883725] [XARM_manager]: Action result: eai_manipulator_msgs.action.JointSpace_Result(success=True, result_msg='action finished')
[PLACE-EXEC] RETURN HOME result: eai_manipulator_msgs.action.JointSpace_Result(success=True, result_msg='action finished')
{
  "arm": "right",
  "motion_strategy": "qp_all",
  "dry_run": false,
  "motion": {
    "place_pose7": [
      0.34445721474536356,
      -0.25214486628008403,
      0.20369375974604564,
      0.22941393277711944,
      0.3262292453010775,
      -0.6763556988345837,
      -0.6192630261948527
    ],
    "approach_pose7": [
      0.2587323034243395,
      -0.27100393258162025,
      0.4055202542159716,
      0.22941393277711944,
      0.3262292453010775,
      -0.6763556988345837,
      -0.6192630261948527
    ],
    "approach_tcp_tracking": {
      "commanded_xyz": [
        0.2587323034243395,
        -0.27100393258162025,
        0.4055202542159716
      ],
      "achieved_xyz": [
        0.2586276949226912,
        -0.2701551581466602,
        0.42404489187064565
      ],
      "error_mm": [
        -0.1046085016482845,
        0.8487744349600645,
        18.52463765467405
      ],
      "error_norm_mm": 18.54436737171227,
      "achieved_quat": [
        -0.2480273289304173,
        -0.3540799715328025,
        0.6669657311418398,
        0.6068496777171457
      ],
      "approach_axis_tilt_deg": 38.77176156660207,
      "commanded_approach_axis_tilt_deg": 42.99131199460442,
      "orientation_error_deg": 4.232974559625404
    },
    "compliant_place": {
      "ok": true,
      "contact": true,
      "reason": "contact",
      "resist_n": 2.498565163050914,
      "traveled_m": 0.06840407077791073,
      "planned_depth_m": 0.09651541855584203,
      "ft_topic": "/arm_6dof_right",
      "calib_path": "/home/ubuntu/niu/compliant_grasp_execute/ft_calibration/ft_calibration_right.json",
      "calib_present": true,
      "commanded_m": 0.09834334255542684,
      "throttle_events": 0,
      "contact_kind": "force"
    },
    "place_tcp_tracking": {
      "commanded_xyz": [
        0.34445721474536356,
        -0.25214486628008403,
        0.20369375974604564
      ],
      "achieved_xyz": [
        0.3512998693023653,
        -0.24800308253073572,
        0.18323408668369198
      ],
      "error_mm": [
        6.842654557001726,
        4.141783749348315,
        -20.459673062353662
      ],
      "error_norm_mm": 21.967578743029975,
      "achieved_quat": [
        -0.2415293667652338,
        -0.31239053994370597,
        0.7184749435048748,
        0.5725988745180453
      ],
      "approach_axis_tilt_deg": 43.48395617082624,
      "commanded_approach_axis_tilt_deg": 42.99131199460442,
      "orientation_error_deg": 7.506754569017006
    },
    "retract_tcp_tracking": {
      "commanded_xyz": [
        0.2587323034243395,
        -0.27100393258162025,
        0.4055202542159716
      ],
      "achieved_xyz": [
        0.2755998806006736,
        -0.2781129467012481,
        0.40750191797400304
      ],
      "error_mm": [
        16.86757717633408,
        -7.109014119627832,
        1.9816637580314378
      ],
      "error_norm_mm": 18.41141582829929,
      "achieved_quat": [
        -0.21774291473695392,
        -0.3045217672393732,
        0.708391925518791,
        0.5983605904628447
      ],
      "approach_axis_tilt_deg": 46.03046286388446,
      "commanded_approach_axis_tilt_deg": 42.99131199460442,
      "orientation_error_deg": 5.2148808164189955
    },
    "approach_ok": true,
    "place_ok": true,
    "released_ok": true,
    "lift_ok": null,
    "retract_ok": true,
    "return_home_ok": true
  },
  "ok": true
}
[PLACE-EXEC] saved result json: /tmp/place_exec.json
[PLACE-EXEC] updated handoff: /tmp/grasp_handoff.json (holding=false, placed=true)
