[日志] 日志文件: logs/grasp/grasp_260708_125659.log
[日志] 执行命令: python3 -m compliant_grasp_execute.main
[INFO] [1783486619.630048428] [XARM_manager]: waiting for service /controller_manager/get_parameters to become available...
[INFO] [1783486620.224738818] [XARM_manager]: XARM_manager initialized, robot_type: tianyi2, run_type: real
[INFO] [1783486620.233700769] [XARM_manager]: 已订阅关节状态话题: /joint_states
[INFO] [1783486620.240101022] [XARM_manager]: 已订阅警告和错误信息话题: /manipulator/warn_and_error_info
[INFO] [1783486620.253151434] [XARM_manager]: /joint_action_report 服务已启动
[CONFIG] loaded 201 params from /home/ubuntu/niu/compliant_grasp_execute/config.yaml
[GRASP-EXEC] STARTUP: enabling arms and moving BOTH to home posture
[INFO] [1783486624.612663678] [XARM_manager]: Deactivated controllers: ['jointspace_arm_R_controller']
[GRASP-EXEC] STARTUP: left -> home joints=['0.844', '0.026', '-0.006', '-2.216', '-1.529', '0.250', '0.683']
[INFO] [1783486624.636350556] [XARM_manager]: Activated controllers: ['jointspace_arm_L_controller']
[INFO] [1783486624.659507042] [XARM_manager]: Sending goal to action server /jointspace_arm_L_controller/jointspace (attempt 1/3):
eai_manipulator_msgs.action.JointSpace_Goal(target_positions=[0.844, 0.026, -0.006, -2.216, -1.529, 0.25, 0.683])
[INFO] [1783486624.802547378] [XARM_manager]: Goal accepted. Waiting for result...
[INFO] [1783486625.258419610] [XARM_manager]: Action result received from /jointspace_arm_L_controller/jointspace
[INFO] [1783486625.258682647] [XARM_manager]: Action result: eai_manipulator_msgs.action.JointSpace_Result(success=True, result_msg='action finished')
[GRASP-EXEC] STARTUP: right -> home joints=['0.844', '-0.026', '0.006', '-2.216', '1.529', '0.250', '-0.683']
[INFO] [1783486625.267611872] [XARM_manager]: Activated controllers: ['jointspace_arm_R_controller']
[INFO] [1783486625.281675182] [XARM_manager]: Sending goal to action server /jointspace_arm_R_controller/jointspace (attempt 1/3):
eai_manipulator_msgs.action.JointSpace_Goal(target_positions=[0.844, -0.026, 0.006, -2.216, 1.529, 0.25, -0.683])
[INFO] [1783486625.284133180] [XARM_manager]: Goal accepted. Waiting for result...
[INFO] [1783486625.845724158] [XARM_manager]: Action result received from /jointspace_arm_R_controller/jointspace
[INFO] [1783486625.846301958] [XARM_manager]: Action result: eai_manipulator_msgs.action.JointSpace_Result(success=True, result_msg='action finished')
[GRASP-EXEC] STARTUP: activating both grippers (open/close cycle)
[robotiq_api] gripper already activated (gSTA==3); skip resetActivate()
[GRASP-EXEC] STARTUP: gripper 'left' activated
[robotiq_api] gripper already activated (gSTA==3); skip resetActivate()
[GRASP-EXEC] STARTUP: gripper 'right' activated
perception health check pass
[object_pose] RGB (720, 1280, 3), depth (720, 1280), valid-depth pixels: 848563/921600 (median valid depth 1.152 m)
[GRASP-EXEC] ARM-SELECT: object waist Y=+0.230m (y >= boundary 0.000) -> 'left' arm
[GRASP-EXEC] reach tilt reduction: object |Y|=0.230m -> tilt_scale=0.70 (backed the side-tilt off so the elbow can extend to a far-outboard object instead of folding into its stop)
[GRASP-EXEC] applied grasp tilt +31.6deg about waist Y (tilt scale 1.00 x reach 0.70) -> quat=['-0.3067', '0.3962', '0.6450', '-0.5770']
[GRASP-EXEC] continuous orientation: object long-axis yaw +1.7deg (angle-from-X 1.7deg); applied continuous yaw +1.7deg about waist Z (gain=1.00, clamp +/-15deg) -> quat=['-0.3126', '0.3915', '0.6362', '-0.5867']
[GRASP-EXEC] recomputed TCP along final quat: detected_tcp_xyz=['0.3029', '0.2766', '-0.1383'] -> consistent_tcp_xyz=['0.3035', '0.2645', '0.1218']
[GRASP-EXEC] approach lateral clamp: approach Y +0.2803 -> +0.2645 (= grasp Y); tool_z outboard component would have pushed the standoff further from center than the grasp, which folds the elbow into its stop at far-outboard reaches.
[GRASP-EXEC] approach along grasp axis: dist=0.120m tool_z=[-0.857,0.131,0.498] approach_xyz=['0.2406', '0.2645', '0.1865']
[GRASP-EXEC] applied lift tilt -15.0deg about waist Y -> lift quat=['-0.3930', '0.4647', '0.5900', '-0.5306']
[GRASP-EXEC] detected class=remote-control detected_pose7=['0.3029', '0.2766', '-0.1383', '0.6947', '0.5071', '-0.3429', '-0.3776'] -> motion grasp_pose7=['0.3435', '0.2645', '0.1268', '-0.3126', '0.3915', '0.6362', '-0.5867']
[INFO] [1783486629.335880770] [XARM_manager]: Deactivated controllers: ['jointspace_arm_L_controller', 'jointspace_arm_R_controller']
[GRASP-EXEC] arms enabled (mode 3) [took 0.02s]
[JOINT-LIMIT] left: using live controller limits from endpose_single_arm_qp_L_controller
[GRASP-EXEC] joint-limit guard ON (margin 0.050 rad) arm=left
[GRASP-EXEC] gripper: connecting in background (overlaps arm enable + approach to hide the slow serial open; --no-gripper-async-connect for the old blocking behaviour)
[GRASP-EXEC] ARM: approach via qp_stream
[GRASP-EXEC] gripper: arm='left' -> stable by-id port /dev/serial/by-id/usb-FTDI_FT231X_USB_UART_DU0E2IPR-if00-port0
[INFO] [1783486629.383440521] [XARM_manager]: Activated controllers: ['endpose_single_arm_qp_L_controller']
[GRASP-EXEC] QP-Stream left -> approach (pure-pursuit): pos=13.3cm rot=62.4deg, lookahead=13cm @ 50Hz, pos_tol=2.0cm accept=2.5cm keep_ori=False
[robotiq_api] gripper already activated (gSTA==3); skip resetActivate()
[GRASP-EXEC] gripper: cached serial port /dev/serial/by-id/usb-FTDI_FT231X_USB_UART_DU0E2IPR-if00-port0 -> /tmp/robotiq_gripper_port.txt
[GRASP-EXEC] gripper controller ready: backend=modbus_rtu port=auto slave=9 (wait_timeout=8.0s) [connect took 0.06s]
[GRASP-EXEC] approach TCP tracking: commanded=[0.2406,0.2645,0.1865] achieved=[0.2431,0.2682,0.1672] err=[+2.4,+3.7,-19.3]mm |err|=19.8mm approach-axis tilt: achieved=+33.1deg commanded=+29.9deg (0=level) ori-err=3.3deg
[JOINT-LIMIT] left closest-to-limit: elbow_pitch=-2.385 [-2.61,0.261] dist=0.225rad
[JOINT-LIMIT] left approach per-joint: shoulder_pitch=+0.278[-2.96,+2.96](2.682) shoulder_roll=+0.651[-0.26,+2.62](0.913) shoulder_yaw=-0.190[-2.96,+2.96](2.770) elbow_pitch=-2.385[-2.61,+0.26](0.225) elbow_yaw=-0.978[-2.96,+2.96](1.982) wrist_pitch=+0.507[-0.79,+1.05](0.542) wrist_roll=-0.828[-1.65,+1.30](0.822)
[GRASP-EXEC] GRIPPER: open (after approach, before grasp insert)
[GRASP-EXEC] gripper already open enough: 1% (skip open command)
[GRASP-EXEC] ARM: HYBRID pre-descent (position QP-stream) -> 7.8cm, leaving final 3.0cm for F/T compliant descend-to-contact
[GRASP-EXEC] QP-Stream left -> pre-grasp (pure-pursuit): pos=7.9cm rot=0.0deg, lookahead=8cm @ 50Hz, pos_tol=1.0cm accept=2.5cm keep_ori=True
[GRASP-EXEC] ARM: COMPLIANT insert to grasp pose (F/T admittance descend-to-contact)
[INFO] [1783486632.536929412] [XARM_manager]: [COMPLIANT-LEFT] Loaded F/T calibration from /home/ubuntu/niu/compliant_grasp_execute/ft_calibration/ft_calibration_left.json
[INFO] [1783486632.559218468] [XARM_manager]: [COMPLIANT-LEFT] target set: p=[0.3140401624470463, 0.2612783310289848, 0.14602324976162076] q=[0.2893806079977739, -0.37459073969760903, -0.6710228945138831, 0.5706740895518622]
[INFO] [1783486632.560489689] [XARM_manager]: [COMPLIANT-LEFT] seeded QP target at captured pose (z=+0.1460).
[INFO] [1783486632.561277212] [XARM_manager]: [COMPLIANT-LEFT] admittance loop starting (calibrating force offset; keep hands off the arm briefly)...
[INFO] [1783486632.894156688] [XARM_manager]: [COMPLIANT-LEFT] runtime offset calibrated. p_ref=[0.3140401624470463, 0.2612783310289848, 0.14602324976162076], ready.
[COMPLIANT-INSERT] runtime force-offset calibrated in 0.35s
[INFO] [1783486632.908998494] [XARM_manager]: [COMPLIANT-LEFT] gains updated: B=[3.9597979746446663, 5.6, 3.9597979746446663] K=[20.0, 40.0, 20.0] B_rot=[0.5, 0.5, 0.5] K_rot=[0.0, 0.0, 0.0]
[COMPLIANT-INSERT] insertion dir=[+0.83,+0.09,-0.54] planned_depth=3.5cm soft_axes=xz K=[20.0, 40.0, 20.0] B=[3.96, 5.6, 3.96] contact_thresh=1.5N
[INFO] [1783486633.735188321] [XARM_manager]: [COMPLIANT-LEFT] n=200 hz=240.7 F=[+1.13,+0.39,+4.43]N disp=[-3.5,-0.5,+2.0]cm v=[+0.20,+0.06,+0.20]
[COMPLIANT-INSERT] insert s=5.5cm tcp_drop=1.7cm lag=+3.8cm resist=-0.08N (throttle x0)
[INFO] [1783486634.564502228] [XARM_manager]: [COMPLIANT-LEFT] n=400 hz=240.8 F=[-0.38,+0.00,+0.00]N disp=[-2.1,-0.3,+2.1]cm v=[+0.07,+0.02,-0.07]
[COMPLIANT-INSERT] insert s=5.5cm tcp_drop=3.1cm lag=+2.4cm resist=+0.28N (throttle x0)
[INFO] [1783486635.396567984] [XARM_manager]: [COMPLIANT-LEFT] n=600 hz=241.0 F=[+0.00,+0.00,+0.00]N disp=[-0.9,-0.2,+1.8]cm v=[+0.05,+0.02,-0.09]
[INFO] [1783486635.800253240] [XARM_manager]: [COMPLIANT-LEFT] gains updated: B=[10.844353369380768, 10.844353369380768, 10.844353369380768] K=[150.0, 150.0, 150.0] B_rot=[0.5, 0.5, 0.5] K_rot=[0.0, 0.0, 0.0]
[INFO] [1783486635.800621560] [XARM_manager]: [COMPLIANT-LEFT] target set: p=[0.35470291073737825, 0.264454744465866, 0.13473730504034764] q=[0.2893806079977739, -0.37459073969760903, -0.6710228945138831, 0.5706740895518622]
[COMPLIANT-INSERT] CONTACT (force) at tcp_drop 4.0cm (resist 1.9N, thresh 1.5N); holding compliant for gripper close
[GRASP-EXEC] grasp TCP tracking: commanded=[0.3435,0.2645,0.1268] achieved=[0.3556,0.2651,0.1380] err=[+12.1,+0.6,+11.2]mm |err|=16.5mm approach-axis tilt: achieved=+34.3deg commanded=+29.9deg (0=level) ori-err=5.7deg
[JOINT-LIMIT] left closest-to-limit: elbow_pitch=-1.9404 [-2.61,0.261] dist=0.6696rad
[JOINT-LIMIT] left grasp per-joint: shoulder_pitch=-0.128[-2.96,+2.96](2.832) shoulder_roll=+0.555[-0.26,+2.62](0.817) shoulder_yaw=-0.333[-2.96,+2.96](2.627) elbow_pitch=-1.940[-2.61,+0.26](0.670) elbow_yaw=-0.936[-2.96,+2.96](2.024) wrist_pitch=+0.332[-0.79,+1.05](0.719) wrist_roll=-0.817[-1.65,+1.30](0.833)
[GRASP-EXEC] GRIPPER: close at grasp pose (after arm motion, not at approach)
[GRASP-EXEC] gripper close: start=1% -> target=100%
[INFO] [1783486636.233854202] [XARM_manager]: [COMPLIANT-LEFT] n=800 hz=239.6 F=[+0.00,+0.00,+1.65]N disp=[+0.2,-0.0,+0.9]cm v=[-0.02,+0.00,+0.02]
[INFO] [1783486637.072033740] [XARM_manager]: [COMPLIANT-LEFT] n=1000 hz=239.7 F=[+0.92,-0.49,+4.28]N disp=[+0.1,-0.0,+0.7]cm v=[+0.07,-0.03,+0.20]
[INFO] [1783486637.916211113] [XARM_manager]: [COMPLIANT-LEFT] n=1200 hz=238.7 F=[+0.00,+0.00,+0.00]N disp=[+0.5,-0.5,+2.1]cm v=[-0.06,+0.07,-0.20]
[GRASP-EXEC] gripper close result: pos=90% status=3 ok=True
[INFO] [1783486638.005167769] [XARM_manager]: [COMPLIANT-LEFT] admittance loop stopped.
[GRASP-EXEC] ARM: rotate wrist away from table -20deg about waist Y before lift
[GRASP-EXEC] QP-Stream left -> table-clear (pure-pursuit): pos=0.2cm rot=20.2deg, lookahead=13cm @ 50Hz, pos_tol=2.0cm accept=2.5cm keep_ori=False
[GRASP-EXEC] ARM: lift after grasp
[GRASP-EXEC] QP-Stream left -> lift (pure-pursuit): pos=9.6cm rot=0.0deg, lookahead=13cm @ 50Hz, pos_tol=2.0cm accept=2.5cm keep_ori=True
[JOINT-LIMIT] left closest-to-limit: elbow_pitch=-2.1522 [-2.61,0.261] dist=0.4578rad
[JOINT-LIMIT] left lift per-joint: shoulder_pitch=-0.251[-2.96,+2.96](2.709) shoulder_roll=+0.635[-0.26,+2.62](0.897) shoulder_yaw=-0.270[-2.96,+2.96](2.690) elbow_pitch=-2.152[-2.61,+0.26](0.458) elbow_yaw=-0.891[-2.96,+2.96](2.069) wrist_pitch=+0.454[-0.79,+1.05](0.596) wrist_roll=-1.131[-1.65,+1.30](0.519)
[INFO] [1783486639.261763028] [XARM_manager]: Deactivated controllers: ['endpose_single_arm_qp_L_controller']
[GRASP-EXEC] ELBOW-LOW: returning HOME directly (no pre-home waypoint)
[GRASP-EXEC] RETURN HOME: left -> joints=['0.844', '0.026', '-0.006', '-2.216', '-1.529', '0.250', '0.683']
[INFO] [1783486639.280966021] [XARM_manager]: Activated controllers: ['jointspace_arm_L_controller']
[INFO] [1783486639.281735899] [XARM_manager]: Sending goal to action server /jointspace_arm_L_controller/jointspace (attempt 1/3):
eai_manipulator_msgs.action.JointSpace_Goal(target_positions=[0.844, 0.026, -0.006, -2.216, -1.529, 0.25, 0.683])
[INFO] [1783486639.283258532] [XARM_manager]: Goal accepted. Waiting for result...
[INFO] [1783486641.412161579] [XARM_manager]: Action result received from /jointspace_arm_L_controller/jointspace
[INFO] [1783486641.412740609] [XARM_manager]: Action result: eai_manipulator_msgs.action.JointSpace_Result(success=True, result_msg='action finished')
[GRASP-EXEC] return home result: eai_manipulator_msgs.action.JointSpace_Result(success=True, result_msg='action finished')
{
  "arm": "left",
  "pipeline_version": "accelerated",
  "motion_strategy": "qp_all",
  "dry_run": false,
  "motion": {
    "detected_pose7": [
      0.30289693912263654,
      0.27662590299199963,
      -0.13828877753186142,
      0.6947485945154732,
      0.5071198732439488,
      -0.34290910076319975,
      -0.37758068434917275
    ],
    "approach_pose7": [
      0.24062699351549707,
      0.2645194847664641,
      0.18652146091324545,
      -0.3126319496027383,
      0.39151231750627447,
      0.6362211366385471,
      -0.5866873397498982
    ],
    "grasp_pose7": [
      0.34349060336258175,
      0.2645194847664641,
      0.12676641227441574,
      -0.3126319496027383,
      0.39151231750627447,
      0.6362211366385471,
      -0.5866873397498982
    ],
    "lift_pose7": [
      0.34349060336258175,
      0.2645194847664641,
      0.24676641227441573,
      -0.39300086231025366,
      0.46474093983741344,
      0.5899715186697159,
      -0.5305655362167656
    ],
    "pre_home_pose7": [
      0.16349060336258175,
      0.16451948476646408,
      0.29676641227441575,
      -0.39300086231025366,
      0.46474093983741344,
      0.5899715186697159,
      -0.5305655362167656
    ],
    "grasp_xyz_offset_m": [
      0.04,
      0.0,
      0.005
    ],
    "grasp_quat": [
      -0.3126319496027383,
      0.39151231750627447,
      0.6362211366385471,
      -0.5866873397498982
    ],
    "use_fixed_grasp_quat": true,
    "phase_backends": {
      "approach": "qp_stream",
      "grasp": "qp_stream",
      "lift": "qp_stream"
    },
    "joint_limits_used": {
      "shoulder_pitch": [
        -2.96,
        2.96
      ],
      "shoulder_roll": [
        -0.262,
        2.616
      ],
      "shoulder_yaw": [
        -2.96,
        2.96
      ],
      "elbow_pitch": [
        -2.61,
        0.261
      ],
      "elbow_yaw": [
        -2.96,
        2.96
      ],
      "wrist_pitch": [
        -0.785,
        1.05
      ],
      "wrist_roll": [
        -1.65,
        1.3
      ]
    },
    "approach_tcp_tracking": {
      "commanded_xyz": [
        0.24062699351549707,
        0.2645194847664641,
        0.18652146091324545
      ],
      "achieved_xyz": [
        0.24306147669788639,
        0.2681725398063295,
        0.16719430152666054
      ],
      "error_mm": [
        2.434483182389313,
        3.653055039865405,
        -19.327159386584913
      ],
      "error_norm_mm": 19.819450281076914,
      "achieved_quat": [
        0.2913616988294954,
        -0.3773734843942708,
        -0.6450578820480587,
        0.5971582223657229
      ],
      "approach_axis_tilt_deg": 33.05167623081691,
      "commanded_approach_axis_tilt_deg": 29.865042877052623,
      "orientation_error_deg": 3.321409082130112
    },
    "approach_joint_limits": {
      "closest": {
        "joint": "elbow_pitch",
        "value": -2.385,
        "lower": -2.61,
        "upper": 0.261,
        "dist_to_limit": 0.225,
        "nearest_side": "lower"
      },
      "breached": [],
      "margin_rad": 0.05
    },
    "compliant_insert": {
      "ok": true,
      "contact": true,
      "reason": "contact",
      "resist_n": 1.8926659649735953,
      "traveled_m": 0.04033132284118523,
      "planned_depth_m": 0.03533637414447109,
      "ft_topic": "/arm_6dof_left",
      "calib_path": "/home/ubuntu/niu/compliant_grasp_execute/ft_calibration/ft_calibration_left.json",
      "calib_present": true,
      "commanded_m": 0.055336374144471095,
      "throttle_events": 0,
      "contact_kind": "force"
    },
    "grasp_tcp_tracking": {
      "commanded_xyz": [
        0.34349060336258175,
        0.2645194847664641,
        0.12676641227441574
      ],
      "achieved_xyz": [
        0.3556147784129462,
        0.2651367911560132,
        0.13800189589509282
      ],
      "error_mm": [
        12.12417505036445,
        0.6173063895490993,
        11.235483620677083
      ],
      "error_norm_mm": 16.541244814733894,
      "achieved_quat": [
        0.28622802628131594,
        -0.3696507921489035,
        -0.670618440985746,
        0.5759363814212801
      ],
      "approach_axis_tilt_deg": 34.254068244413084,
      "commanded_approach_axis_tilt_deg": 29.865042877052623,
      "orientation_error_deg": 5.700122418639548
    },
    "grasp_joint_limits": {
      "closest": {
        "joint": "elbow_pitch",
        "value": -1.9404,
        "lower": -2.61,
        "upper": 0.261,
        "dist_to_limit": 0.6696,
        "nearest_side": "lower"
      },
      "breached": [],
      "margin_rad": 0.05
    },
    "lift_joint_limits": {
      "closest": {
        "joint": "elbow_pitch",
        "value": -2.1522,
        "lower": -2.61,
        "upper": 0.261,
        "dist_to_limit": 0.4578,
        "nearest_side": "lower"
      },
      "breached": [],
      "margin_rad": 0.05
    },
    "retract_ok": null,
    "return_home_ok": true,
    "released_on_finish_ok": null,
    "approach_ok": true,
    "grasp_ok": true,
    "lift_ok": true
  },
  "detection": {
    "class_name": "remote-control",
    "pose_head_roll_link": [
      0.7864423861326444,
      0.23053285374125712,
      -0.13357922287057006,
      -0.35704609407925325,
      0.041851114518964685,
      0.9331463890876349,
      -0.0020946238273300984
    ],
    "pose_tip_waist_yaw_link_rpy": {
      "x": 0.5315049385236195,
      "y": 0.2295824038029801,
      "z": -0.010690612208323458,
      "roll": 0.07633307429471778,
      "pitch": 0.03402533546329489,
      "yaw": -3.1114009089659365
    },
    "pose_tip_used_for_tcp_conversion_rpy": {
      "x": 0.5315049385236195,
      "y": 0.2295824038029801,
      "z": -0.010690612208323458,
      "roll": -2.0735081555947863,
      "pitch": 0.09365072731869861,
      "yaw": 1.3164756124884165
    },
    "pose_tcp_waist_yaw_link_rpy": {
      "x": 0.30289693912263654,
      "y": 0.27662590299199963,
      "z": -0.13828877753186142,
      "roll": -2.0735081555947863,
      "pitch": 0.09365072731869861,
      "yaw": 1.3164756124884165
    },
    "pose_tcp_waist_yaw_link_pose7": [
      0.30289693912263654,
      0.27662590299199963,
      -0.13828877753186142,
      0.6947485945154732,
      0.5071198732439488,
      -0.34290910076319975,
      -0.37758068434917275
    ],
    "current_tcp_pose7": [
      0.1155947090211417,
      -0.25782817558140314,
      0.1414039346525017,
      0.6947485945154732,
      0.5071198732439488,
      -0.34290910076319975,
      -0.37758068434917275
    ],
    "tcp_minus_tip_waist_m": [
      -0.22860799940098292,
      0.04704349918901954,
      -0.12759816532353796
    ],
    "tcp_to_tip_offset_m": [
      0.0,
      0.0,
      -0.266
    ],
    "orientation_policy": "current",
    "use_current_tcp_rotation": true,
    "rotation_source_arm": "right",
    "bbox_2d": [
      408.7826843261719,
      283.154296875,
      469.62200927734375,
      456.8843078613281
    ],
    "bbox_3d": {
      "min": [
        0.7253914201368412,
        0.20605384164156232,
        -0.195020338267522
      ],
      "max": [
        0.8586223087490517,
        0.26027908270611894,
        -0.0696543915012793
      ],
      "center": [
        0.7920068644429464,
        0.23316646217384063,
        -0.13233736488440065
      ],
      "size": [
        0.13323088861221044,
        0.05422524106455662,
        0.1253659467662427
      ]
    },
    "object_long_axis_waist": [
      -0.9989657217990932,
      -0.03016968549055172,
      -0.03401877052184628
    ],
    "object_long_axis_yaw_waist_deg": 1.7298595430837906,
    "object_angle_from_waist_x_deg": 1.7298595430837873
  },
  "gripper": {
    "open_ok": true,
    "close_ok": true,
    "final_pos_pct": 90.0,
    "backend": "modbus_rtu"
  },
  "ok": true
}
[GRASP-EXEC] saved result json: /tmp/grasp_exec.json
[GRASP-EXEC] saved handoff: /tmp/grasp_handoff.json (arm=left holding=True)
