[日志] 日志文件: logs/grasp/grasp_260708_131812.log
[日志] 执行命令: python3 -m compliant_grasp_execute.main
[INFO] [1783487892.981014929] [XARM_manager]: waiting for service /controller_manager/get_parameters to become available...
[INFO] [1783487893.676144272] [XARM_manager]: XARM_manager initialized, robot_type: tianyi2, run_type: real
[INFO] [1783487893.683250679] [XARM_manager]: 已订阅关节状态话题: /joint_states
[INFO] [1783487893.689776304] [XARM_manager]: 已订阅警告和错误信息话题: /manipulator/warn_and_error_info
[INFO] [1783487893.702556955] [XARM_manager]: /joint_action_report 服务已启动
[CONFIG] loaded 201 params from /home/ubuntu/niu/compliant_grasp_execute/config.yaml
[GRASP-EXEC] STARTUP: enabling arms and moving BOTH to home posture
[INFO] [1783487897.932765947] [XARM_manager]: Deactivated controllers: ['jointspace_arm_L_controller']
[GRASP-EXEC] STARTUP: left -> home joints=['0.844', '0.026', '-0.006', '-2.216', '-1.529', '0.250', '0.683']
[INFO] [1783487897.956038305] [XARM_manager]: Activated controllers: ['jointspace_arm_L_controller']
[INFO] [1783487897.969774671] [XARM_manager]: Sending goal to action server /jointspace_arm_L_controller/jointspace (attempt 1/3):
eai_manipulator_msgs.action.JointSpace_Goal(target_positions=[0.844, 0.026, -0.006, -2.216, -1.529, 0.25, 0.683])
[INFO] [1783487897.971836778] [XARM_manager]: Goal accepted. Waiting for result...
[INFO] [1783487898.632234319] [XARM_manager]: Action result received from /jointspace_arm_L_controller/jointspace
[INFO] [1783487898.633308165] [XARM_manager]: Action result: eai_manipulator_msgs.action.JointSpace_Result(success=True, result_msg='action finished')
[GRASP-EXEC] STARTUP: right -> home joints=['0.844', '-0.026', '0.006', '-2.216', '1.529', '0.250', '-0.683']
[INFO] [1783487898.654747238] [XARM_manager]: Activated controllers: ['jointspace_arm_R_controller']
[INFO] [1783487898.670670466] [XARM_manager]: Sending goal to action server /jointspace_arm_R_controller/jointspace (attempt 1/3):
eai_manipulator_msgs.action.JointSpace_Goal(target_positions=[0.844, -0.026, 0.006, -2.216, 1.529, 0.25, -0.683])
[INFO] [1783487899.921018346] [XARM_manager]: Goal accepted. Waiting for result...
[INFO] [1783487900.375007607] [XARM_manager]: Action result received from /jointspace_arm_R_controller/jointspace
[INFO] [1783487900.375261761] [XARM_manager]: Action result: eai_manipulator_msgs.action.JointSpace_Result(success=True, result_msg='action finished')
[GRASP-EXEC] STARTUP: activating both grippers (open/close cycle)
[robotiq_api] gripper already activated (gSTA==3); skip resetActivate()
[GRASP-EXEC] STARTUP: gripper 'left' activated
[robotiq_api] gripper already activated (gSTA==3); skip resetActivate()
[GRASP-EXEC] STARTUP: gripper 'right' activated
perception health check pass
[object_pose] RGB (720, 1280, 3), depth (720, 1280), valid-depth pixels: 844558/921600 (median valid depth 0.981 m)
[GRASP-EXEC] ARM-SELECT: object waist Y=-0.199m (y < boundary 0.000) -> 'right' arm
[GRASP-EXEC] reach tilt reduction: object |Y|=0.199m -> tilt_scale=0.89 (backed the side-tilt off so the elbow can extend to a far-outboard object instead of folding into its stop)
[GRASP-EXEC] applied grasp tilt +39.9deg about waist Y (tilt scale 1.00 x reach 0.89) -> quat=['0.2593', '0.3535', '-0.6655', '-0.6041']
[GRASP-EXEC] continuous orientation: object long-axis yaw +1.2deg (angle-from-X 1.2deg); applied continuous yaw +1.2deg about waist Z (gain=1.00, clamp +/-15deg) -> quat=['0.2557', '0.3561', '-0.6715', '-0.5974']
[GRASP-EXEC] recomputed TCP along final quat: detected_tcp_xyz=['0.2518', '-0.1518', '-0.1452'] -> consistent_tcp_xyz=['0.2758', '-0.2448', '0.1462']
[GRASP-EXEC] approach lateral clamp: approach Y -0.2656 -> -0.2448 (= grasp Y); tool_z outboard component would have pushed the standoff further from center than the grasp, which folds the elbow into its stop at far-outboard reaches.
[GRASP-EXEC] approach along grasp axis: dist=0.120m tool_z=[-0.769,-0.173,0.616] approach_xyz=['0.2235', '-0.2448', '0.2250']
[GRASP-EXEC] applied lift tilt -15.0deg about waist Y -> lift quat=['0.3412', '0.4310', '-0.6324', '-0.5458']
[GRASP-EXEC] detected class=remote-control detected_pose7=['0.2518', '-0.1518', '-0.1452', '0.6949', '0.5070', '-0.3428', '-0.3776'] -> motion grasp_pose7=['0.3158', '-0.2448', '0.1512', '0.2557', '0.3561', '-0.6715', '-0.5974']
[INFO] [1783487903.902067519] [XARM_manager]: Deactivated controllers: ['jointspace_arm_L_controller', 'jointspace_arm_R_controller']
[GRASP-EXEC] arms enabled (mode 3) [took 0.02s]
[JOINT-LIMIT] right: using live controller limits from endpose_single_arm_qp_R_controller
[GRASP-EXEC] joint-limit guard ON (margin 0.050 rad) arm=right
[GRASP-EXEC] gripper: connecting in background (overlaps arm enable + approach to hide the slow serial open; --no-gripper-async-connect for the old blocking behaviour)
[GRASP-EXEC] ARM: approach via qp_stream
[GRASP-EXEC] gripper: arm='right' -> stable by-id port /dev/serial/by-id/usb-FTDI_FT231X_USB_UART_D30JLK40-if00-port0
[INFO] [1783487903.938660182] [XARM_manager]: Activated controllers: ['endpose_single_arm_qp_R_controller']
[GRASP-EXEC] QP-Stream right -> approach (pure-pursuit): pos=13.7cm rot=71.0deg, lookahead=13cm @ 50Hz, pos_tol=2.0cm accept=2.5cm keep_ori=False
[robotiq_api] gripper already activated (gSTA==3); skip resetActivate()
[GRASP-EXEC] gripper: cached serial port /dev/serial/by-id/usb-FTDI_FT231X_USB_UART_D30JLK40-if00-port0 -> /tmp/robotiq_gripper_port.txt
[GRASP-EXEC] gripper controller ready: backend=modbus_rtu port=auto slave=9 (wait_timeout=8.0s) [connect took 0.04s]
[GRASP-EXEC] approach TCP tracking: commanded=[0.2235,-0.2448,0.2250] achieved=[0.2318,-0.2508,0.2079] err=[+8.3,-5.9,-17.2]mm |err|=20.0mm approach-axis tilt: achieved=+43.2deg commanded=+38.0deg (0=level) ori-err=7.4deg
[GRASP-EXEC] approach orientation miss 7.4deg -> ~34mm fingertip offset > tol 30mm: TCP reached position but the wrist could not hold the commanded tilt, so the fingers would miss the object. Treating approach as failed to trigger the reduced-tilt retry (prevents grasping air).
[GRASP-EXEC] approach failed to reach target; retrying with reduced long-axis alignment (yaw scale 0.50)
[GRASP-EXEC] reach tilt reduction: object |Y|=0.199m -> tilt_scale=0.89 (backed the side-tilt off so the elbow can extend to a far-outboard object instead of folding into its stop)
[GRASP-EXEC] applied grasp tilt +19.9deg about waist Y (tilt scale 0.50 x reach 0.89) -> quat=['0.3706', '0.4528', '-0.6105', '-0.5338']
[GRASP-EXEC] continuous orientation: object long-axis yaw +1.2deg (angle-from-X 1.2deg); applied continuous yaw +0.6deg about waist Z (gain=1.00, clamp +/-15deg x scale 0.50) -> quat=['0.3684', '0.4546', '-0.6132', '-0.5307']
[GRASP-EXEC] recomputed TCP along final quat: detected_tcp_xyz=['0.2518', '-0.1518', '-0.1452'] -> consistent_tcp_xyz=['0.2318', '-0.2432', '0.0663']
[GRASP-EXEC] approach lateral clamp: approach Y -0.2632 -> -0.2432 (= grasp Y); tool_z outboard component would have pushed the standoff further from center than the grasp, which folds the elbow into its stop at far-outboard reaches.
[GRASP-EXEC] approach along grasp axis: dist=0.120m tool_z=[-0.934,-0.167,0.315] approach_xyz=['0.1597', '-0.2432', '0.1091']
[GRASP-EXEC] applied lift tilt -15.0deg about waist Y -> lift quat=['0.4453', '0.5200', '-0.5598', '-0.4668']
[GRASP-EXEC] QP-Stream right -> approach (pure-pursuit): pos=12.3cm rot=25.0deg, lookahead=13cm @ 50Hz, pos_tol=2.0cm accept=2.5cm keep_ori=False
[GRASP-EXEC] approach TCP tracking: commanded=[0.1597,-0.2432,0.1091] achieved=[0.1716,-0.2564,0.1179] err=[+11.9,-13.2,+8.8]mm |err|=19.8mm approach-axis tilt: achieved=+16.7deg commanded=+18.4deg (0=level) ori-err=1.7deg
[JOINT-LIMIT] right closest-to-limit: elbow_pitch=-2.3218 [-2.61,0.261] dist=0.2882rad
[JOINT-LIMIT] right approach per-joint: shoulder_pitch=+0.651[-2.96,+2.96](2.309) shoulder_roll=-0.572[-2.62,+0.26](0.834) shoulder_yaw=+0.236[-2.96,+2.96](2.724) elbow_pitch=-2.322[-2.61,+0.26](0.288) elbow_yaw=+1.141[-2.96,+2.96](1.819) wrist_pitch=+0.367[-0.79,+1.05](0.683) wrist_roll=+0.183[-1.30,+1.65](1.467)
[GRASP-EXEC] GRIPPER: open (after approach, before grasp insert)
[GRASP-EXEC] gripper already open enough: 1% (skip open command)
[GRASP-EXEC] ARM: HYBRID pre-descent (position QP-stream) -> 8.1cm, leaving final 3.0cm for F/T compliant descend-to-contact
[GRASP-EXEC] QP-Stream right -> pre-grasp (pure-pursuit): pos=8.1cm rot=0.0deg, lookahead=8cm @ 50Hz, pos_tol=1.0cm accept=2.5cm keep_ori=True
[GRASP-EXEC] ARM: COMPLIANT insert to grasp pose (F/T admittance descend-to-contact)
[INFO] [1783487909.973117100] [XARM_manager]: [COMPLIANT-RIGHT] Loaded F/T calibration from /home/ubuntu/niu/compliant_grasp_execute/ft_calibration/ft_calibration_right.json
[INFO] [1783487909.993934551] [XARM_manager]: [COMPLIANT-RIGHT] target set: p=[0.24589794194163028, -0.24789196791823148, 0.09210888056231287] q=[-0.3823829446620379, -0.4702103241487959, 0.597358722168492, 0.525212425352542]
[INFO] [1783487909.994348033] [XARM_manager]: [COMPLIANT-RIGHT] seeded QP target at captured pose (z=+0.0921).
[INFO] [1783487909.995017262] [XARM_manager]: [COMPLIANT-RIGHT] admittance loop starting (calibrating force offset; keep hands off the arm briefly)...
[INFO] [1783487910.331321880] [XARM_manager]: [COMPLIANT-RIGHT] runtime offset calibrated. p_ref=[0.24589794194163028, -0.24789196791823148, 0.09210888056231287], ready.
[COMPLIANT-INSERT] runtime force-offset calibrated in 0.35s
[INFO] [1783487910.343329874] [XARM_manager]: [COMPLIANT-RIGHT] gains updated: B=[3.9597979746446663, 5.6, 3.9597979746446663] K=[20.0, 40.0, 20.0] B_rot=[0.5, 0.5, 0.5] K_rot=[0.0, 0.0, 0.0]
[COMPLIANT-INSERT] insertion dir=[+0.77,+0.14,-0.62] planned_depth=3.4cm soft_axes=xz K=[20.0, 40.0, 20.0] B=[3.96, 5.6, 3.96] contact_thresh=1.5N
[INFO] [1783487911.166233175] [XARM_manager]: [COMPLIANT-RIGHT] n=200 hz=241.3 F=[+0.00,+0.00,+0.00]N disp=[-2.0,-0.5,+3.2]cm v=[+0.10,+0.03,-0.16]
[COMPLIANT-INSERT] insert s=5.4cm tcp_drop=2.2cm lag=+3.2cm resist=+0.24N (throttle x0)
[INFO] [1783487911.996298287] [XARM_manager]: [COMPLIANT-RIGHT] n=400 hz=241.2 F=[+0.00,+0.00,+0.00]N disp=[-0.4,-0.2,+2.5]cm v=[+0.02,+0.01,-0.13]
[COMPLIANT-INSERT] insert s=5.4cm tcp_drop=3.9cm lag=+1.5cm resist=+0.09N (throttle x0)
[INFO] [1783487912.834274638] [XARM_manager]: [COMPLIANT-RIGHT] n=600 hz=240.0 F=[+0.00,+0.00,+0.00]N disp=[+0.0,-0.1,+1.7]cm v=[-0.00,+0.01,-0.09]
[INFO] [1783487913.279092009] [XARM_manager]: [COMPLIANT-RIGHT] gains updated: B=[10.844353369380768, 10.844353369380768, 10.844353369380768] K=[150.0, 150.0, 150.0] B_rot=[0.5, 0.5, 0.5] K_rot=[0.0, 0.0, 0.0]
[INFO] [1783487913.279589314] [XARM_manager]: [COMPLIANT-RIGHT] target set: p=[0.2883312395596434, -0.24084807239698386, 0.07275833899990958] q=[-0.3823829446620379, -0.4702103241487959, 0.597358722168492, 0.525212425352542]
[COMPLIANT-INSERT] reached commanded depth (tcp_drop 4.6cm of planned 3.4cm) WITHOUT contact (resist -0.1N < 1.5N); proceeding to close anyway
[GRASP-EXEC] grasp TCP tracking: commanded=[0.2718,-0.2432,0.0713] achieved=[0.2887,-0.2412,0.0726] err=[+16.8,+2.0,+1.3]mm |err|=17.0mm approach-axis tilt: achieved=+14.5deg commanded=+18.4deg (0=level) ori-err=4.0deg
[JOINT-LIMIT] right closest-to-limit: wrist_pitch=0.4274 [-0.785,1.05] dist=0.6226rad
[JOINT-LIMIT] right grasp per-joint: shoulder_pitch=+0.133[-2.96,+2.96](2.827) shoulder_roll=-0.546[-2.62,+0.26](0.808) shoulder_yaw=+0.493[-2.96,+2.96](2.467) elbow_pitch=-1.920[-2.61,+0.26](0.690) elbow_yaw=+1.009[-2.96,+2.96](1.951) wrist_pitch=+0.427[-0.79,+1.05](0.623) wrist_roll=+0.129[-1.30,+1.65](1.429)
[GRASP-EXEC] GRIPPER: close at grasp pose (after arm motion, not at approach)
[GRASP-EXEC] gripper close: start=1% -> target=100%
[INFO] [1783487913.668893466] [XARM_manager]: [COMPLIANT-RIGHT] n=800 hz=240.6 F=[+0.00,+0.00,+0.00]N disp=[+0.0,-0.0,-0.1]cm v=[-0.00,+0.01,+0.01]
[INFO] [1783487914.505219963] [XARM_manager]: [COMPLIANT-RIGHT] n=1000 hz=240.2 F=[+1.72,-0.47,+17.62]N disp=[-0.1,-0.1,+0.5]cm v=[+0.14,-0.02,+0.20]
[GRASP-EXEC] gripper close result: pos=90% status=3 ok=True
[INFO] [1783487914.982671325] [XARM_manager]: [COMPLIANT-RIGHT] admittance loop stopped.
[GRASP-EXEC] ARM: rotate wrist away from table -20deg about waist Y before lift
[GRASP-EXEC] QP-Stream right -> table-clear (pure-pursuit): pos=0.0cm rot=20.0deg, lookahead=13cm @ 50Hz, pos_tol=2.0cm accept=2.5cm keep_ori=False
[GRASP-EXEC] ARM: lift after grasp
[GRASP-EXEC] QP-Stream right -> lift (pure-pursuit): pos=10.8cm rot=0.0deg, lookahead=13cm @ 50Hz, pos_tol=2.0cm accept=2.5cm keep_ori=True
[JOINT-LIMIT] right closest-to-limit: elbow_pitch=-2.2883 [-2.61,0.261] dist=0.3217rad
[JOINT-LIMIT] right lift per-joint: shoulder_pitch=+0.158[-2.96,+2.96](2.802) shoulder_roll=-0.528[-2.62,+0.26](0.790) shoulder_yaw=+0.244[-2.96,+2.96](2.716) elbow_pitch=-2.288[-2.61,+0.26](0.322) elbow_yaw=+1.090[-2.96,+2.96](1.870) wrist_pitch=+0.432[-0.79,+1.05](0.618) wrist_roll=+0.679[-1.30,+1.65](0.971)
[INFO] [1783487916.629634918] [XARM_manager]: Deactivated controllers: ['endpose_single_arm_qp_R_controller']
[GRASP-EXEC] ELBOW-LOW: returning HOME directly (no pre-home waypoint)
[GRASP-EXEC] RETURN HOME: right -> joints=['0.844', '-0.026', '0.006', '-2.216', '1.529', '0.250', '-0.683']
[INFO] [1783487916.648696028] [XARM_manager]: Activated controllers: ['jointspace_arm_R_controller']
[INFO] [1783487916.649795586] [XARM_manager]: Sending goal to action server /jointspace_arm_R_controller/jointspace (attempt 1/3):
eai_manipulator_msgs.action.JointSpace_Goal(target_positions=[0.844, -0.026, 0.006, -2.216, 1.529, 0.25, -0.683])
[INFO] [1783487916.651873766] [XARM_manager]: Goal accepted. Waiting for result...
[INFO] [1783487918.441876032] [XARM_manager]: Action result received from /jointspace_arm_R_controller/jointspace
[INFO] [1783487918.442381774] [XARM_manager]: Action result: eai_manipulator_msgs.action.JointSpace_Result(success=True, result_msg='action finished')
[GRASP-EXEC] return home result: eai_manipulator_msgs.action.JointSpace_Result(success=True, result_msg='action finished')
{
  "arm": "right",
  "pipeline_version": "accelerated",
  "motion_strategy": "qp_all",
  "dry_run": false,
  "motion": {
    "detected_pose7": [
      0.2517548988879916,
      -0.15178379830999492,
      -0.14519458475080954,
      0.6948722565935054,
      0.5069770902319096,
      -0.34283146140120224,
      -0.3776153678945704
    ],
    "approach_pose7": [
      0.15970290970030007,
      -0.2432170106903665,
      0.10909476185508668,
      0.3683683112062017,
      0.45463431730341,
      -0.6131728685636534,
      -0.5306896061602998
    ],
    "grasp_pose7": [
      0.27181726830837016,
      -0.2432170106903665,
      0.07126777989608987,
      0.3683683112062017,
      0.45463431730341,
      -0.6131728685636534,
      -0.5306896061602998
    ],
    "lift_pose7": [
      0.27181726830837016,
      -0.2432170106903665,
      0.19126777989608987,
      0.44525198894459717,
      0.5200137512375189,
      -0.5598453766749965,
      -0.46680779672194367
    ],
    "pre_home_pose7": [
      0.09181726830837017,
      -0.3432170106903665,
      0.24126777989608988,
      0.44525198894459717,
      0.5200137512375189,
      -0.5598453766749965,
      -0.46680779672194367
    ],
    "grasp_xyz_offset_m": [
      0.04,
      0.0,
      0.005
    ],
    "grasp_quat": [
      0.3683683112062017,
      0.45463431730341,
      -0.6131728685636534,
      -0.5306896061602998
    ],
    "use_fixed_grasp_quat": true,
    "phase_backends": {
      "approach": "qp_stream",
      "grasp": "qp_stream",
      "lift": "qp_stream"
    },
    "joint_limits_used": {
      "shoulder_pitch": [
        -2.96,
        2.96
      ],
      "shoulder_roll": [
        -2.616,
        0.262
      ],
      "shoulder_yaw": [
        -2.96,
        2.96
      ],
      "elbow_pitch": [
        -2.61,
        0.261
      ],
      "elbow_yaw": [
        -2.96,
        2.96
      ],
      "wrist_pitch": [
        -0.785,
        1.05
      ],
      "wrist_roll": [
        -1.3,
        1.65
      ]
    },
    "grasp_reach_retry_used": true,
    "grasp_reach_retry_yaw_scale": 0.5,
    "approach_tcp_tracking": {
      "commanded_xyz": [
        0.15970290970030007,
        -0.2432170106903665,
        0.10909476185508668
      ],
      "achieved_xyz": [
        0.17156290689331538,
        -0.25638492624040804,
        0.11789996380133
      ],
      "error_mm": [
        11.859997193015309,
        -13.167915550041542,
        8.805201946243319
      ],
      "error_norm_mm": 19.788509662566405,
      "achieved_quat": [
        -0.37617243596848526,
        -0.46321181236380315,
        0.6034693850800873,
        0.5289175895876763
      ],
      "approach_axis_tilt_deg": 16.729774776108655,
      "commanded_approach_axis_tilt_deg": 18.374388292038333,
      "orientation_error_deg": 1.744578475832019
    },
    "approach_joint_limits": {
      "closest": {
        "joint": "elbow_pitch",
        "value": -2.3218,
        "lower": -2.61,
        "upper": 0.261,
        "dist_to_limit": 0.2882,
        "nearest_side": "lower"
      },
      "breached": [],
      "margin_rad": 0.05
    },
    "compliant_insert": {
      "ok": true,
      "contact": false,
      "reason": "reached_depth_no_contact",
      "resist_n": -0.06564519546916166,
      "traveled_m": 0.04573512212551737,
      "planned_depth_m": 0.033585981917573664,
      "ft_topic": "/arm_6dof_right",
      "calib_path": "/home/ubuntu/niu/compliant_grasp_execute/ft_calibration/ft_calibration_right.json",
      "calib_present": true,
      "commanded_m": 0.05358598191757366,
      "throttle_events": 0
    },
    "grasp_tcp_tracking": {
      "commanded_xyz": [
        0.27181726830837016,
        -0.2432170106903665,
        0.07126777989608987
      ],
      "achieved_xyz": [
        0.2886663174611157,
        -0.2412037761668308,
        0.07257805064226636
      ],
      "error_mm": [
        16.849049152745543,
        2.0132345235356897,
        1.310270746176484
      ],
      "error_norm_mm": 17.019411859011967,
      "achieved_quat": [
        -0.38652647392293515,
        -0.474364473663366,
        0.5925586685254383,
        0.5238796192238636
      ],
      "approach_axis_tilt_deg": 14.545648401669096,
      "commanded_approach_axis_tilt_deg": 18.374388292038333,
      "orientation_error_deg": 3.9537196642347046
    },
    "grasp_joint_limits": {
      "closest": {
        "joint": "wrist_pitch",
        "value": 0.4274,
        "lower": -0.785,
        "upper": 1.05,
        "dist_to_limit": 0.6226,
        "nearest_side": "upper"
      },
      "breached": [],
      "margin_rad": 0.05
    },
    "lift_joint_limits": {
      "closest": {
        "joint": "elbow_pitch",
        "value": -2.2883,
        "lower": -2.61,
        "upper": 0.261,
        "dist_to_limit": 0.3217,
        "nearest_side": "lower"
      },
      "breached": [],
      "margin_rad": 0.05
    },
    "retract_ok": null,
    "return_home_ok": true,
    "released_on_finish_ok": null,
    "approach_ok": true,
    "grasp_ok": true,
    "lift_ok": true
  },
  "detection": {
    "class_name": "remote-control",
    "pose_head_roll_link": [
      0.7522979657679286,
      -0.19817145120101368,
      -0.1702908279721453,
      -0.35503310282497824,
      -0.03844115691514309,
      0.933663970404225,
      -0.027301350195772695
    ],
    "pose_tip_waist_yaw_link_rpy": {
      "x": 0.4803374298895922,
      "y": -0.19891194722037983,
      "z": -0.01758203011301973,
      "roll": -0.09210339536120149,
      "pitch": 0.032422716786326466,
      "yaw": -3.121484806219517
    },
    "pose_tip_used_for_tcp_conversion_rpy": {
      "x": 0.4803374298895922,
      "y": -0.19891194722037983,
      "z": -0.01758203011301973,
      "roll": -2.0735727333111527,
      "pitch": 0.09370051311277816,
      "yaw": 1.3160633355289368
    },
    "pose_tcp_waist_yaw_link_rpy": {
      "x": 0.2517548988879916,
      "y": -0.15178379830999492,
      "z": -0.14519458475080954,
      "roll": -2.0735727333111527,
      "pitch": 0.09370051311277816,
      "yaw": 1.3160633355289368
    },
    "pose_tcp_waist_yaw_link_pose7": [
      0.2517548988879916,
      -0.15178379830999492,
      -0.14519458475080954,
      0.6948722565935054,
      0.5069770902319096,
      -0.34283146140120224,
      -0.3776153678945704
    ],
    "current_tcp_pose7": [
      0.11558617956611297,
      -0.25785853202172954,
      0.14141487525583218,
      0.6948722565935054,
      0.5069770902319096,
      -0.34283146140120224,
      -0.3776153678945704
    ],
    "tcp_minus_tip_waist_m": [
      -0.22858253100160064,
      0.047128148910384915,
      -0.1276125546377898
    ],
    "tcp_to_tip_offset_m": [
      0.0,
      0.0,
      -0.266
    ],
    "orientation_policy": "current",
    "use_current_tcp_rotation": true,
    "rotation_source_arm": "right",
    "bbox_2d": [
      806.6156616210938,
      323.2135314941406,
      880.2584228515625,
      510.255859375
    ],
    "bbox_3d": {
      "min": [
        0.6896516598335697,
        -0.22749356663046266,
        -0.2336803498314228
      ],
      "max": [
        0.8250276909215122,
        -0.1742709821941131,
        -0.10749990583108623
      ],
      "center": [
        0.757339675377541,
        -0.2008822744122879,
        -0.17059012783125452
      ],
      "size": [
        0.1353760310879425,
        0.05322258443634956,
        0.12618044400033657
      ]
    },
    "object_long_axis_waist": [
      -0.9992723800576527,
      -0.02009592500435567,
      -0.032417036448953614
    ],
    "object_long_axis_yaw_waist_deg": 1.1520947894100573,
    "object_angle_from_waist_x_deg": 1.1520947894100584
  },
  "gripper": {
    "open_ok": true,
    "close_ok": true,
    "final_pos_pct": 90.0,
    "backend": "modbus_rtu"
  },
  "ok": true
}
[GRASP-EXEC] saved result json: /tmp/grasp_exec.json
[GRASP-EXEC] saved handoff: /tmp/grasp_handoff.json (arm=right holding=True)
