[日志] 日志文件: logs/grasp/grasp_260708_103842.log
[日志] 执行命令: python3 -m compliant_grasp_execute.main
[INFO] [1783478322.789997448] [XARM_manager]: waiting for service /controller_manager/get_parameters to become available...
[INFO] [1783478323.472120284] [XARM_manager]: XARM_manager initialized, robot_type: tianyi2, run_type: real
[INFO] [1783478323.477181967] [XARM_manager]: 已订阅关节状态话题: /joint_states
[INFO] [1783478323.482078138] [XARM_manager]: 已订阅警告和错误信息话题: /manipulator/warn_and_error_info
[INFO] [1783478323.490240989] [XARM_manager]: /joint_action_report 服务已启动
[CONFIG] loaded 201 params from /home/ubuntu/niu/compliant_grasp_execute/config.yaml
[GRASP-EXEC] STARTUP: enabling arms and moving BOTH to home posture
[INFO] [1783478327.780003282] [XARM_manager]: Deactivated controllers: ['jointspace_arm_L_controller']
[GRASP-EXEC] STARTUP: left -> home joints=['0.844', '0.026', '-0.006', '-2.216', '-1.529', '0.250', '0.683']
[INFO] [1783478328.019698219] [XARM_manager]: Activated controllers: ['jointspace_arm_L_controller']
[INFO] [1783478328.035278952] [XARM_manager]: Sending goal to action server /jointspace_arm_L_controller/jointspace (attempt 1/3):
eai_manipulator_msgs.action.JointSpace_Goal(target_positions=[0.844, 0.026, -0.006, -2.216, -1.529, 0.25, 0.683])
[INFO] [1783478328.037203693] [XARM_manager]: Goal accepted. Waiting for result...
[INFO] [1783478328.493733624] [XARM_manager]: Action result received from /jointspace_arm_L_controller/jointspace
[INFO] [1783478328.494193506] [XARM_manager]: Action result: eai_manipulator_msgs.action.JointSpace_Result(success=True, result_msg='action finished')
[GRASP-EXEC] STARTUP: right -> home joints=['0.844', '-0.026', '0.006', '-2.216', '1.529', '0.250', '-0.683']
[INFO] [1783478328.506703667] [XARM_manager]: Activated controllers: ['jointspace_arm_R_controller']
[INFO] [1783478328.518466248] [XARM_manager]: Sending goal to action server /jointspace_arm_R_controller/jointspace (attempt 1/3):
eai_manipulator_msgs.action.JointSpace_Goal(target_positions=[0.844, -0.026, 0.006, -2.216, 1.529, 0.25, -0.683])
[INFO] [1783478328.520040051] [XARM_manager]: Goal accepted. Waiting for result...
[INFO] [1783478328.980020104] [XARM_manager]: Action result received from /jointspace_arm_R_controller/jointspace
[INFO] [1783478328.980311780] [XARM_manager]: Action result: eai_manipulator_msgs.action.JointSpace_Result(success=True, result_msg='action finished')
[GRASP-EXEC] STARTUP: activating both grippers (open/close cycle)
[robotiq_api] gripper already activated (gSTA==3); skip resetActivate()
[GRASP-EXEC] STARTUP: gripper 'left' activated
[robotiq_api] gripper already activated (gSTA==3); skip resetActivate()
[GRASP-EXEC] STARTUP: gripper 'right' activated
perception health check pass
[object_pose] RGB (720, 1280, 3), depth (720, 1280), valid-depth pixels: 838651/921600 (median valid depth 1.075 m)
[GRASP-EXEC] ARM-SELECT: object waist Y=-0.202m (y < boundary 0.000) -> 'right' arm
[GRASP-EXEC] diagonal schedule: angle-from-X=52.63359536216441deg -> tilt_scale=0.58, yaw_clamp=40.1deg (freed wrist_pitch, raised jaw alignment)
[GRASP-EXEC] reach tilt reduction: object |Y|=0.202m -> tilt_scale=0.87 (backed the side-tilt off so the elbow can extend to a far-outboard object instead of folding into its stop)
[GRASP-EXEC] applied grasp tilt +22.8deg about waist Y (tilt scale 1.00 x diag 0.58 x reach 0.87) -> quat=['0.3555', '0.4395', '-0.6195', '-0.5448']
[GRASP-EXEC] continuous orientation: object long-axis yaw +52.6deg (angle-from-X 52.6deg); applied continuous yaw +40.1deg about waist Z (gain=1.00, clamp +/-40deg) -> quat=['0.1833', '0.5347', '-0.7686', '-0.2995']
[GRASP-EXEC] recomputed TCP along final quat: detected_tcp_xyz=['0.3229', '-0.1545', '-0.1412'] -> consistent_tcp_xyz=['0.3914', '-0.3912', '0.0824']
[GRASP-EXEC] approach lateral clamp: approach Y -0.4766 -> -0.3912 (= grasp Y); tool_z outboard component would have pushed the standoff further from center than the grasp, which folds the elbow into its stop at far-outboard reaches.
[GRASP-EXEC] approach along grasp axis: dist=0.120m tool_z=[-0.602,-0.712,0.361] approach_xyz=['0.3591', '-0.3912', '0.1307']
[GRASP-EXEC] applied lift tilt -15.0deg about waist Y -> lift quat=['0.2821', '0.5692', '-0.7381', '-0.2271']
[GRASP-EXEC] detected class=remote-control detected_pose7=['0.3229', '-0.1545', '-0.1412', '0.6949', '0.5068', '-0.3429', '-0.3778'] -> motion grasp_pose7=['0.4314', '-0.3912', '0.0874', '0.1833', '0.5347', '-0.7686', '-0.2995']
[INFO] [1783478332.432563128] [XARM_manager]: Deactivated controllers: ['jointspace_arm_L_controller', 'jointspace_arm_R_controller']
[GRASP-EXEC] arms enabled (mode 3) [took 0.02s]
[JOINT-LIMIT] right: using live controller limits from endpose_single_arm_qp_R_controller
[GRASP-EXEC] joint-limit guard ON (margin 0.050 rad) arm=right
[GRASP-EXEC] gripper: connecting in background (overlaps arm enable + approach to hide the slow serial open; --no-gripper-async-connect for the old blocking behaviour)
[GRASP-EXEC] ARM: approach via qp_stream
[GRASP-EXEC] gripper: arm='right' -> stable by-id port /dev/serial/by-id/usb-FTDI_FT231X_USB_UART_D30JLK40-if00-port0
[INFO] [1783478332.470415025] [XARM_manager]: Activated controllers: ['endpose_single_arm_qp_R_controller']
[GRASP-EXEC] QP-Stream right -> approach (pure-pursuit): pos=27.8cm rot=78.4deg, lookahead=13cm @ 50Hz, pos_tol=2.0cm accept=2.5cm keep_ori=False
[robotiq_api] gripper already activated (gSTA==3); skip resetActivate()
[GRASP-EXEC] gripper: cached serial port /dev/serial/by-id/usb-FTDI_FT231X_USB_UART_D30JLK40-if00-port0 -> /tmp/robotiq_gripper_port.txt
[GRASP-EXEC] gripper controller ready: backend=modbus_rtu port=auto slave=9 (wait_timeout=8.0s) [connect took 0.04s]
[GRASP-EXEC] approach TCP tracking: commanded=[0.3591,-0.3912,0.1307] achieved=[0.3475,-0.3879,0.1151] err=[-11.6,+3.3,-15.6]mm |err|=19.7mm approach-axis tilt: achieved=+24.9deg commanded=+21.2deg (0=level) ori-err=4.6deg
[JOINT-LIMIT] right closest-to-limit: wrist_pitch=-0.7316 [-0.785,1.05] dist=0.0534rad
[JOINT-LIMIT] right approach per-joint: shoulder_pitch=-0.287[-2.96,+2.96](2.673) shoulder_roll=-1.013[-2.62,+0.26](1.275) shoulder_yaw=+0.621[-2.96,+2.96](2.339) elbow_pitch=-1.387[-2.61,+0.26](1.223) elbow_yaw=+0.647[-2.96,+2.96](2.313) wrist_pitch=-0.732[-0.79,+1.05](0.053) wrist_roll=+0.020[-1.30,+1.65](1.320)
[GRASP-EXEC] GRIPPER: open (after approach, before grasp insert)
[GRASP-EXEC] gripper open: start=90% -> target=0%
[GRASP-EXEC] gripper open result: pos=1% status=3 ok=True
[GRASP-EXEC] ARM: HYBRID pre-descent (position QP-stream) -> 5.8cm, leaving final 3.0cm for F/T compliant descend-to-contact
[GRASP-EXEC] QP-Stream right -> pre-grasp (pure-pursuit): pos=5.7cm rot=0.0deg, lookahead=8cm @ 50Hz, pos_tol=1.0cm accept=2.5cm keep_ori=True
[GRASP-EXEC] QP-Stream pre-grasp: ABORT joint-limit guard - 'wrist_pitch'=-0.7599 within 0.050rad of limit [-0.785,1.05] (side=lower); holding pose to avoid the hard stop
[GRASP-EXEC] ARM: COMPLIANT insert to grasp pose (F/T admittance descend-to-contact)
[INFO] [1783478337.427657509] [XARM_manager]: [COMPLIANT-RIGHT] Loaded F/T calibration from /home/ubuntu/niu/compliant_grasp_execute/ft_calibration/ft_calibration_right.json
[INFO] [1783478337.428140648] [XARM_manager]: [COMPLIANT-RIGHT] target set: p=[0.3544507707073332, -0.3901960939070359, 0.12425187971926449] q=[-0.1708656920810491, -0.5257300184117661, 0.7778352408807117, 0.298973579191328]
[INFO] [1783478337.428495604] [XARM_manager]: [COMPLIANT-RIGHT] seeded QP target at captured pose (z=+0.1243).
[INFO] [1783478337.428972602] [XARM_manager]: [COMPLIANT-RIGHT] admittance loop starting (calibrating force offset; keep hands off the arm briefly)...
[INFO] [1783478337.748703627] [XARM_manager]: [COMPLIANT-RIGHT] runtime offset calibrated. p_ref=[0.3544507707073332, -0.3901960939070359, 0.12425187971926449], ready.
[COMPLIANT-INSERT] runtime force-offset calibrated in 0.33s
[INFO] [1783478337.756646680] [XARM_manager]: [COMPLIANT-RIGHT] gains updated: B=[3.9597979746446663, 5.6, 3.9597979746446663] K=[20.0, 40.0, 20.0] B_rot=[0.5, 0.5, 0.5] K_rot=[0.0, 0.0, 0.0]
[COMPLIANT-INSERT] insertion dir=[+0.90,-0.01,-0.43] planned_depth=8.5cm soft_axes=xz K=[20.0, 40.0, 20.0] B=[3.96, 5.6, 3.96] contact_thresh=1.5N
[COMPLIANT-INSERT] ABORT joint-limit guard - 'wrist_pitch'=-0.767 within 0.050rad of limit; holding compliant pose
[COMPLIANT-INSERT] insert aborted by joint-limit guard after tcp_drop 0.0cm
[GRASP-EXEC] grasp TCP tracking: commanded=[0.4314,-0.3912,0.0874] achieved=[0.3541,-0.3903,0.1234] err=[-77.3,+0.8,+36.0]mm |err|=85.3mm approach-axis tilt: achieved=+23.0deg commanded=+21.2deg (0=level) ori-err=2.1deg
[JOINT-LIMIT] right closest-to-limit: wrist_pitch=-0.767 [-0.785,1.05] dist=0.018rad  BREACHED(<= 0.05): wrist_pitch
[JOINT-LIMIT] right grasp per-joint: shoulder_pitch=-0.242[-2.96,+2.96](2.718) shoulder_roll=-0.960[-2.62,+0.26](1.222) shoulder_yaw=+0.480[-2.96,+2.96](2.480) elbow_pitch=-1.378[-2.61,+0.26](1.232) elbow_yaw=+0.674[-2.96,+2.96](2.286) wrist_pitch=-0.767[-0.79,+1.05](0.018) wrist_roll=+0.072[-1.30,+1.65](1.372)
[GRASP-EXEC] grasp insert failed to reach target; retrying with reduced long-axis alignment (yaw scale 0.50)
[GRASP-EXEC] diagonal schedule: angle-from-X=52.63359536216441deg -> tilt_scale=0.58, yaw_clamp=40.1deg (freed wrist_pitch, raised jaw alignment)
[GRASP-EXEC] reach tilt reduction: object |Y|=0.202m -> tilt_scale=0.87 (backed the side-tilt off so the elbow can extend to a far-outboard object instead of folding into its stop)
[GRASP-EXEC] applied grasp tilt +11.4deg about waist Y (tilt scale 0.50 x diag 0.58 x reach 0.87) -> quat=['0.4152', '0.4914', '-0.5811', '-0.4985']
[GRASP-EXEC] continuous orientation: object long-axis yaw +52.6deg (angle-from-X 52.6deg); applied continuous yaw +20.0deg about waist Z (gain=1.00, clamp +/-40deg x scale 0.50) -> quat=['0.3233', '0.5561', '-0.6590', '-0.3897']
[GRASP-EXEC] recomputed TCP along final quat: detected_tcp_xyz=['0.3229', '-0.1545', '-0.1412'] -> consistent_tcp_xyz=['0.3229', '-0.3296', '0.0322']
[GRASP-EXEC] approach lateral clamp: approach Y -0.3873 -> -0.3296 (= grasp Y); tool_z outboard component would have pushed the standoff further from center than the grasp, which folds the elbow into its stop at far-outboard reaches.
[GRASP-EXEC] approach along grasp axis: dist=0.120m tool_z=[-0.860,-0.481,0.172] approach_xyz=['0.2597', '-0.3296', '0.0579']
[GRASP-EXEC] applied lift tilt -15.0deg about waist Y -> lift quat=['0.4066', '0.6022', '-0.6112', '-0.3138']
[GRASP-EXEC] QP-Stream right -> approach (pure-pursuit): pos=13.0cm rot=24.9deg, lookahead=13cm @ 50Hz, pos_tol=2.0cm accept=2.5cm keep_ori=False
[GRASP-EXEC] QP-Stream approach: ABORT joint-limit guard - 'wrist_pitch'=-0.7681 within 0.050rad of limit [-0.785,1.05] (side=lower); holding pose to avoid the hard stop
[GRASP-EXEC] approach TCP tracking: commanded=[0.2597,-0.3296,0.0579] achieved=[0.3557,-0.3903,0.1240] err=[+96.0,-60.7,+66.1]mm |err|=131.4mm approach-axis tilt: achieved=+23.0deg commanded=+9.9deg (0=level) ori-err=24.9deg
[JOINT-LIMIT] right closest-to-limit: wrist_pitch=-0.7691 [-0.785,1.05] dist=0.0159rad  BREACHED(<= 0.05): wrist_pitch
[JOINT-LIMIT] right approach per-joint: shoulder_pitch=-0.251[-2.96,+2.96](2.709) shoulder_roll=-0.959[-2.62,+0.26](1.221) shoulder_yaw=+0.485[-2.96,+2.96](2.475) elbow_pitch=-1.373[-2.61,+0.26](1.237) elbow_yaw=+0.676[-2.96,+2.96](2.284) wrist_pitch=-0.769[-0.79,+1.05](0.016) wrist_roll=+0.071[-1.30,+1.65](1.371)
[INFO] [1783478337.967832092] [XARM_manager]: [COMPLIANT-RIGHT] admittance loop stopped.
[JOINT-LIMIT] right closest-to-limit: wrist_pitch=-0.7696 [-0.785,1.05] dist=0.0154rad  BREACHED(<= 0.05): wrist_pitch
[JOINT-LIMIT] right lift per-joint: shoulder_pitch=-0.251[-2.96,+2.96](2.709) shoulder_roll=-0.959[-2.62,+0.26](1.221) shoulder_yaw=+0.485[-2.96,+2.96](2.474) elbow_pitch=-1.373[-2.61,+0.26](1.237) elbow_yaw=+0.676[-2.96,+2.96](2.284) wrist_pitch=-0.770[-0.79,+1.05](0.015) wrist_roll=+0.071[-1.30,+1.65](1.371)
[INFO] [1783478337.981283173] [XARM_manager]: Deactivated controllers: ['endpose_single_arm_qp_R_controller']
[GRASP-EXEC] RETURN HOME: right -> joints=['0.844', '-0.026', '0.006', '-2.216', '1.529', '0.250', '-0.683']
[INFO] [1783478338.002385263] [XARM_manager]: Activated controllers: ['jointspace_arm_R_controller']
[INFO] [1783478338.003597554] [XARM_manager]: Sending goal to action server /jointspace_arm_R_controller/jointspace (attempt 1/3):
eai_manipulator_msgs.action.JointSpace_Goal(target_positions=[0.844, -0.026, 0.006, -2.216, 1.529, 0.25, -0.683])
[INFO] [1783478338.005363619] [XARM_manager]: Goal accepted. Waiting for result...
[INFO] [1783478339.598378984] [XARM_manager]: Action result received from /jointspace_arm_R_controller/jointspace
[INFO] [1783478339.598761099] [XARM_manager]: Action result: eai_manipulator_msgs.action.JointSpace_Result(success=True, result_msg='action finished')
[GRASP-EXEC] return home result: eai_manipulator_msgs.action.JointSpace_Result(success=True, result_msg='action finished')
{
  "arm": "right",
  "pipeline_version": "accelerated",
  "motion_strategy": "qp_all",
  "dry_run": false,
  "motion": {
    "detected_pose7": [
      0.32291357610334104,
      -0.15450190675070263,
      -0.14120001850797184,
      0.6948890007879795,
      0.50682630970208,
      -0.3428609659178011,
      -0.3777601440432368
    ],
    "approach_pose7": [
      0.25969768016721617,
      -0.32963458067729645,
      0.05789071113045867,
      0.3233331173140748,
      0.5561067934258761,
      -0.6590156118261721,
      -0.389742675265269
    ],
    "grasp_pose7": [
      0.3628545093352297,
      -0.32963458067729645,
      0.037202488037606,
      0.3233331173140748,
      0.5561067934258761,
      -0.6590156118261721,
      -0.389742675265269
    ],
    "lift_pose7": [
      0.3628545093352297,
      -0.32963458067729645,
      0.157202488037606,
      0.40658575609825276,
      0.6022208500651836,
      -0.6111742012885306,
      -0.3138218704362502
    ],
    "pre_home_pose7": [
      0.18285450933522973,
      -0.42963458067729643,
      0.207202488037606,
      0.40658575609825276,
      0.6022208500651836,
      -0.6111742012885306,
      -0.3138218704362502
    ],
    "grasp_xyz_offset_m": [
      0.04,
      0.0,
      0.005
    ],
    "grasp_quat": [
      0.3233331173140748,
      0.5561067934258761,
      -0.6590156118261721,
      -0.389742675265269
    ],
    "use_fixed_grasp_quat": true,
    "phase_backends": {
      "approach": "qp_stream",
      "grasp": "qp_stream",
      "lift": "qp_stream"
    },
    "joint_limits_used": {
      "shoulder_pitch": [
        -2.96,
        2.96
      ],
      "shoulder_roll": [
        -2.616,
        0.262
      ],
      "shoulder_yaw": [
        -2.96,
        2.96
      ],
      "elbow_pitch": [
        -2.61,
        0.261
      ],
      "elbow_yaw": [
        -2.96,
        2.96
      ],
      "wrist_pitch": [
        -0.785,
        1.05
      ],
      "wrist_roll": [
        -1.3,
        1.65
      ]
    },
    "approach_tcp_tracking": {
      "commanded_xyz": [
        0.25969768016721617,
        -0.32963458067729645,
        0.05789071113045867
      ],
      "achieved_xyz": [
        0.35570769017136583,
        -0.3903028711503562,
        0.1240326588740353
      ],
      "error_mm": [
        96.01001000414966,
        -60.66829047305977,
        66.14194774357664
      ],
      "error_norm_mm": 131.4280059242873,
      "achieved_quat": [
        -0.17170046586839713,
        -0.5243003926820253,
        0.7790389431090371,
        0.2978697255069806
      ],
      "approach_axis_tilt_deg": 23.032679996147955,
      "commanded_approach_axis_tilt_deg": 9.927497680038503,
      "orientation_error_deg": 24.851950744796618
    },
    "approach_joint_limits": {
      "closest": {
        "joint": "wrist_pitch",
        "value": -0.7691,
        "lower": -0.785,
        "upper": 1.05,
        "dist_to_limit": 0.0159,
        "nearest_side": "lower"
      },
      "breached": [
        {
          "joint": "wrist_pitch",
          "value": -0.7691,
          "lower": -0.785,
          "upper": 1.05,
          "dist_to_limit": 0.0159,
          "nearest_side": "lower"
        }
      ],
      "margin_rad": 0.05
    },
    "compliant_insert": {
      "ok": false,
      "contact": false,
      "reason": "joint_limit_abort",
      "resist_n": 0.11882283938339214,
      "traveled_m": 1.671203028407751e-05,
      "planned_depth_m": 0.08531516942140369,
      "ft_topic": "/arm_6dof_right",
      "calib_path": "/home/ubuntu/niu/compliant_grasp_execute/ft_calibration/ft_calibration_right.json",
      "calib_present": true,
      "commanded_m": 0.032499999999999994,
      "throttle_events": 0
    },
    "grasp_tcp_tracking": {
      "commanded_xyz": [
        0.43137438265927297,
        -0.3911513129546489,
        0.08736660333096447
      ],
      "achieved_xyz": [
        0.35406256698810157,
        -0.3903075543298532,
        0.12340651929673835
      ],
      "error_mm": [
        -77.3118156711714,
        0.8437586247956874,
        36.039915965773886
      ],
      "error_norm_mm": 85.30360082558147,
      "achieved_quat": [
        -0.17095925690148572,
        -0.5249546364876836,
        0.7782596989635342,
        0.2991778786591097
      ],
      "approach_axis_tilt_deg": 22.978838478568353,
      "commanded_approach_axis_tilt_deg": 21.160931497857124,
      "orientation_error_deg": 2.113174825766649
    },
    "grasp_joint_limits": {
      "closest": {
        "joint": "wrist_pitch",
        "value": -0.767,
        "lower": -0.785,
        "upper": 1.05,
        "dist_to_limit": 0.018,
        "nearest_side": "lower"
      },
      "breached": [
        {
          "joint": "wrist_pitch",
          "value": -0.767,
          "lower": -0.785,
          "upper": 1.05,
          "dist_to_limit": 0.018,
          "nearest_side": "lower"
        }
      ],
      "margin_rad": 0.05
    },
    "grasp_reach_retry_used": true,
    "grasp_reach_retry_yaw_scale": 0.5,
    "lift_joint_limits": {
      "closest": {
        "joint": "wrist_pitch",
        "value": -0.7696,
        "lower": -0.785,
        "upper": 1.05,
        "dist_to_limit": 0.0154,
        "nearest_side": "lower"
      },
      "breached": [
        {
          "joint": "wrist_pitch",
          "value": -0.7696,
          "lower": -0.785,
          "upper": 1.05,
          "dist_to_limit": 0.0154,
          "nearest_side": "lower"
        }
      ],
      "margin_rad": 0.05
    },
    "retract_ok": null,
    "return_home_ok": true,
    "released_on_finish_ok": null,
    "approach_ok": false,
    "grasp_ok": false,
    "lift_ok": true
  },
  "detection": {
    "class_name": "remote-control",
    "pose_head_roll_link": [
      0.804243446714878,
      -0.20132525361225448,
      -0.12196036185395748,
      -0.30568216579675184,
      0.16375783109866654,
      0.8419868330706998,
      -0.413279517038095
    ],
    "pose_tip_waist_yaw_link_rpy": {
      "x": 0.5515188139909931,
      "y": -0.20170648536797275,
      "z": -0.013656406484884087,
      "roll": 0.02323051027958433,
      "pitch": -0.00964264220019273,
      "yaw": -2.222963117357607
    },
    "pose_tip_used_for_tcp_conversion_rpy": {
      "x": 0.5515188139909931,
      "y": -0.20170648536797275,
      "z": -0.013656406484884087,
      "roll": -2.0732766844870434,
      "pitch": 0.09372020648910762,
      "yaw": 1.3157875286002665
    },
    "pose_tcp_waist_yaw_link_rpy": {
      "x": 0.32291357610334104,
      "y": -0.15450190675070263,
      "z": -0.14120001850797184,
      "roll": -2.0732766844870434,
      "pitch": 0.09372020648910762,
      "yaw": 1.3157875286002665
    },
    "pose_tcp_waist_yaw_link_pose7": [
      0.32291357610334104,
      -0.15450190675070263,
      -0.14120001850797184,
      0.6948890007879795,
      0.50682630970208,
      -0.3428609659178011,
      -0.3777601440432368
    ],
    "current_tcp_pose7": [
      0.11558333586628233,
      -0.25788473146435054,
      0.14138577627495505,
      0.6948890007879795,
      0.50682630970208,
      -0.3428609659178011,
      -0.3777601440432368
    ],
    "tcp_minus_tip_waist_m": [
      -0.22860523788765208,
      0.04720457861727012,
      -0.12754361202308775
    ],
    "tcp_to_tip_offset_m": [
      0.0,
      0.0,
      -0.266
    ],
    "orientation_policy": "current",
    "use_current_tcp_rotation": true,
    "rotation_source_arm": "right",
    "bbox_2d": [
      736.25537109375,
      303.4504699707031,
      927.46044921875,
      421.9463195800781
    ],
    "bbox_3d": {
      "min": [
        0.7618614601752084,
        -0.2746219440494752,
        -0.1701045057733184
      ],
      "max": [
        0.8614413067996551,
        -0.12039621743500281,
        -0.07906742066063882
      ],
      "center": [
        0.8116513834874317,
        -0.197509080742239,
        -0.12458596321697861
      ],
      "size": [
        0.09957984662444674,
        0.1542257266144724,
        0.09103708511267958
      ]
    },
    "object_long_axis_waist": [
      -0.6068817153886862,
      -0.7947336697661956,
      0.00964249277119383
    ],
    "object_long_axis_yaw_waist_deg": 52.6335953621644,
    "object_angle_from_waist_x_deg": 52.63359536216441
  },
  "gripper": {
    "open_ok": true,
    "close_ok": null,
    "final_pos_pct": null,
    "backend": "modbus_rtu"
  },
  "ok": false
}
[GRASP-EXEC] saved result json: /tmp/grasp_exec.json
[GRASP-EXEC] saved handoff: /tmp/grasp_handoff.json (arm=right holding=False)
