[日志] 日志文件: logs/grasp/grasp_260708_102422.log
[日志] 执行命令: python3 -m compliant_grasp_execute.main
[INFO] [1783477462.746481483] [XARM_manager]: waiting for service /controller_manager/get_parameters to become available...
[INFO] [1783477463.006296669] [XARM_manager]: XARM_manager initialized, robot_type: tianyi2, run_type: real
[INFO] [1783477463.015009376] [XARM_manager]: 已订阅关节状态话题: /joint_states
[INFO] [1783477463.020318342] [XARM_manager]: 已订阅警告和错误信息话题: /manipulator/warn_and_error_info
[INFO] [1783477463.030586670] [XARM_manager]: /joint_action_report 服务已启动
[CONFIG] loaded 201 params from /home/ubuntu/niu/compliant_grasp_execute/config.yaml
[GRASP-EXEC] STARTUP: enabling arms and moving BOTH to home posture
[INFO] [1783477468.741989301] [XARM_manager]: Deactivated controllers: ['jointspace_arm_R_controller']
[GRASP-EXEC] STARTUP: left -> home joints=['0.844', '0.026', '-0.006', '-2.216', '-1.529', '0.250', '0.683']
[INFO] [1783477468.761485235] [XARM_manager]: Activated controllers: ['jointspace_arm_L_controller']
[INFO] [1783477468.775340956] [XARM_manager]: Sending goal to action server /jointspace_arm_L_controller/jointspace (attempt 1/3):
eai_manipulator_msgs.action.JointSpace_Goal(target_positions=[0.844, 0.026, -0.006, -2.216, -1.529, 0.25, 0.683])
[INFO] [1783477468.776720497] [XARM_manager]: Goal accepted. Waiting for result...
[INFO] [1783477469.231602796] [XARM_manager]: Action result received from /jointspace_arm_L_controller/jointspace
[INFO] [1783477469.232102913] [XARM_manager]: Action result: eai_manipulator_msgs.action.JointSpace_Result(success=True, result_msg='action finished')
[GRASP-EXEC] STARTUP: right -> home joints=['0.844', '-0.026', '0.006', '-2.216', '1.529', '0.250', '-0.683']
[INFO] [1783477469.244424912] [XARM_manager]: Activated controllers: ['jointspace_arm_R_controller']
[INFO] [1783477469.257281754] [XARM_manager]: Sending goal to action server /jointspace_arm_R_controller/jointspace (attempt 1/3):
eai_manipulator_msgs.action.JointSpace_Goal(target_positions=[0.844, -0.026, 0.006, -2.216, 1.529, 0.25, -0.683])
[INFO] [1783477469.260559163] [XARM_manager]: Goal accepted. Waiting for result...
[INFO] [1783477469.709686136] [XARM_manager]: Action result received from /jointspace_arm_R_controller/jointspace
[INFO] [1783477469.709950982] [XARM_manager]: Action result: eai_manipulator_msgs.action.JointSpace_Result(success=True, result_msg='action finished')
[GRASP-EXEC] STARTUP: activating both grippers (open/close cycle)
[GRASP-EXEC] WARNING: startup activation of gripper 'left' failed: NoResponseError('No communication with the instrument (no answer)')
[robotiq_api] gripper already activated (gSTA==3); skip resetActivate()
[GRASP-EXEC] STARTUP: gripper 'right' activated
perception health check pass
[object_pose] RGB (720, 1280, 3), depth (720, 1280), valid-depth pixels: 848428/921600 (median valid depth 0.991 m)
[GRASP-EXEC] ARM-SELECT: object waist Y=-0.185m (y < boundary 0.000) -> 'right' arm
[GRASP-EXEC] reach tilt reduction: object |Y|=0.185m -> tilt_scale=0.97 (backed the side-tilt off so the elbow can extend to a far-outboard object instead of folding into its stop)
[GRASP-EXEC] applied grasp tilt +43.6deg about waist Y (tilt scale 1.00 x reach 0.97) -> quat=['0.2378', '0.3339', '-0.6734', '-0.6152']
[GRASP-EXEC] continuous orientation: object long-axis yaw -0.6deg (angle-from-X 0.6deg); applied continuous yaw -0.6deg about waist Z (gain=1.00, clamp +/-15deg) -> quat=['0.2395', '0.3327', '-0.6704', '-0.6185']
[GRASP-EXEC] recomputed TCP along final quat: detected_tcp_xyz=['0.3210', '-0.1380', '-0.1433'] -> consistent_tcp_xyz=['0.3548', '-0.2251', '0.1607']
[GRASP-EXEC] approach lateral clamp: approach Y -0.2431 -> -0.2251 (= grasp Y); tool_z outboard component would have pushed the standoff further from center than the grasp, which folds the elbow into its stop at far-outboard reaches.
[GRASP-EXEC] approach along grasp axis: dist=0.120m tool_z=[-0.733,-0.150,0.664] approach_xyz=['0.3069', '-0.2251', '0.2453']
[GRASP-EXEC] applied lift tilt -15.0deg about waist Y -> lift quat=['0.3249', '0.4106', '-0.6334', '-0.5698']
[GRASP-EXEC] detected class=remote-control detected_pose7=['0.3210', '-0.1380', '-0.1433', '0.6948', '0.5066', '-0.3431', '-0.3780'] -> motion grasp_pose7=['0.3948', '-0.2251', '0.1657', '0.2395', '0.3327', '-0.6704', '-0.6185']
[INFO] [1783477473.322721811] [XARM_manager]: Deactivated controllers: ['jointspace_arm_L_controller', 'jointspace_arm_R_controller']
[GRASP-EXEC] arms enabled (mode 3) [took 0.02s]
[JOINT-LIMIT] right: using live controller limits from endpose_single_arm_qp_R_controller
[GRASP-EXEC] joint-limit guard ON (margin 0.050 rad) arm=right
[GRASP-EXEC] gripper: connecting in background (overlaps arm enable + approach to hide the slow serial open; --no-gripper-async-connect for the old blocking behaviour)
[GRASP-EXEC] ARM: approach via qp_stream
[GRASP-EXEC] gripper: arm='right' -> stable by-id port /dev/serial/by-id/usb-FTDI_FT231X_USB_UART_D30JLK40-if00-port0
[INFO] [1783477473.358730137] [XARM_manager]: Activated controllers: ['endpose_single_arm_qp_R_controller']
[GRASP-EXEC] QP-Stream right -> approach (pure-pursuit): pos=22.0cm rot=74.0deg, lookahead=13cm @ 50Hz, pos_tol=2.0cm accept=2.5cm keep_ori=False
[robotiq_api] gripper already activated (gSTA==3); skip resetActivate()
[GRASP-EXEC] gripper: cached serial port /dev/serial/by-id/usb-FTDI_FT231X_USB_UART_D30JLK40-if00-port0 -> /tmp/robotiq_gripper_port.txt
[GRASP-EXEC] gripper controller ready: backend=modbus_rtu port=auto slave=9 (wait_timeout=8.0s) [connect took 0.04s]
[GRASP-EXEC] approach TCP tracking: commanded=[0.3069,-0.2251,0.2453] achieved=[0.3153,-0.2427,0.2409] err=[+8.4,-17.6,-4.4]mm |err|=20.0mm approach-axis tilt: achieved=+42.3deg commanded=+41.6deg (0=level) ori-err=1.4deg
[JOINT-LIMIT] right closest-to-limit: wrist_pitch=0.8779 [-0.785,1.05] dist=0.1721rad
[JOINT-LIMIT] right approach per-joint: shoulder_pitch=-0.400[-2.96,+2.96](2.560) shoulder_roll=-0.828[-2.62,+0.26](1.090) shoulder_yaw=+0.555[-2.96,+2.96](2.405) elbow_pitch=-2.324[-2.61,+0.26](0.286) elbow_yaw=+0.752[-2.96,+2.96](2.208) wrist_pitch=+0.878[-0.79,+1.05](0.172) wrist_roll=+1.162[-1.30,+1.65](0.488)
[GRASP-EXEC] GRIPPER: open (after approach, before grasp insert)
[GRASP-EXEC] gripper open: start=91% -> target=0%
[GRASP-EXEC] gripper open result: pos=1% status=3 ok=True
[GRASP-EXEC] ARM: HYBRID pre-descent (position QP-stream) -> 8.1cm, leaving final 3.0cm for F/T compliant descend-to-contact
[GRASP-EXEC] QP-Stream right -> pre-grasp (pure-pursuit): pos=8.5cm rot=0.0deg, lookahead=8cm @ 50Hz, pos_tol=1.0cm accept=2.5cm keep_ori=True
[GRASP-EXEC] ARM: COMPLIANT insert to grasp pose (F/T admittance descend-to-contact)
[INFO] [1783477477.889064861] [XARM_manager]: [COMPLIANT-RIGHT] Loaded F/T calibration from /home/ubuntu/niu/compliant_grasp_execute/ft_calibration/ft_calibration_right.json
[INFO] [1783477477.909852098] [XARM_manager]: [COMPLIANT-RIGHT] target set: p=[0.3667798765135863, -0.22834781419603664, 0.19116590795043384] q=[-0.24300688101179532, -0.3165592017680615, 0.6829966002351707, 0.6117626758998015]
[INFO] [1783477477.910226920] [XARM_manager]: [COMPLIANT-RIGHT] seeded QP target at captured pose (z=+0.1912).
[INFO] [1783477477.910959511] [XARM_manager]: [COMPLIANT-RIGHT] admittance loop starting (calibrating force offset; keep hands off the arm briefly)...
[INFO] [1783477478.234817899] [XARM_manager]: [COMPLIANT-RIGHT] runtime offset calibrated. p_ref=[0.3667798765135863, -0.22834781419603664, 0.19116590795043384], ready.
[COMPLIANT-INSERT] runtime force-offset calibrated in 0.32s
[INFO] [1783477478.235869929] [XARM_manager]: [COMPLIANT-RIGHT] gains updated: B=[3.9597979746446663, 5.6, 3.9597979746446663] K=[20.0, 40.0, 20.0] B_rot=[0.5, 0.5, 0.5] K_rot=[0.0, 0.0, 0.0]
[COMPLIANT-INSERT] insertion dir=[+0.74,+0.08,-0.67] planned_depth=3.8cm soft_axes=xz K=[20.0, 40.0, 20.0] B=[3.96, 5.6, 3.96] contact_thresh=1.5N
[INFO] [1783477479.071226505] [XARM_manager]: [COMPLIANT-RIGHT] n=200 hz=241.0 F=[+0.00,+0.00,+0.00]N disp=[-2.6,-0.2,+3.2]cm v=[+0.13,+0.01,-0.16]
[COMPLIANT-INSERT] insert s=5.8cm tcp_drop=1.9cm lag=+3.9cm resist=-0.23N (throttle x0)
[INFO] [1783477479.903886207] [XARM_manager]: [COMPLIANT-RIGHT] n=400 hz=240.8 F=[+0.00,+0.00,+0.00]N disp=[-1.2,+0.1,+2.6]cm v=[+0.06,-0.00,-0.13]
[COMPLIANT-INSERT] insert s=5.8cm tcp_drop=3.6cm lag=+2.2cm resist=-0.36N (throttle x0)
[INFO] [1783477480.736819162] [XARM_manager]: [COMPLIANT-RIGHT] n=600 hz=240.9 F=[+0.00,+0.00,+0.00]N disp=[-0.5,+0.1,+1.8]cm v=[+0.03,-0.01,-0.09]
[COMPLIANT-INSERT] insert s=5.8cm tcp_drop=4.7cm lag=+1.1cm resist=-0.22N (throttle x0)
[INFO] [1783477481.567899840] [XARM_manager]: [COMPLIANT-RIGHT] n=800 hz=241.6 F=[+0.00,+0.00,+0.00]N disp=[-0.2,+0.1,+1.2]cm v=[+0.01,-0.01,-0.06]
[COMPLIANT-INSERT] insert s=5.8cm tcp_drop=4.7cm lag=+1.1cm resist=+0.61N (throttle x0)
[INFO] [1783477482.399317230] [XARM_manager]: [COMPLIANT-RIGHT] n=1000 hz=241.0 F=[+0.00,+0.00,+0.00]N disp=[-0.1,+0.0,+1.7]cm v=[+0.00,-0.00,-0.09]
[INFO] [1783477482.446696404] [XARM_manager]: [COMPLIANT-RIGHT] gains updated: B=[10.844353369380768, 10.844353369380768, 10.844353369380768] K=[150.0, 150.0, 150.0] B_rot=[0.5, 0.5, 0.5] K_rot=[0.0, 0.0, 0.0]
[INFO] [1783477482.447006447] [XARM_manager]: [COMPLIANT-RIGHT] target set: p=[0.40902577488325265, -0.22352851479991404, 0.16923335312233287] q=[-0.24300688101179532, -0.3165592017680615, 0.6829966002351707, 0.6117626758998015]
[COMPLIANT-INSERT] CONTACT (stall) at tcp_drop 4.6cm (resist 0.1N, thresh 1.5N); holding compliant for gripper close
[GRASP-EXEC] grasp TCP tracking: commanded=[0.3948,-0.2251,0.1657] achieved=[0.4094,-0.2233,0.1686] err=[+14.5,+1.8,+3.0]mm |err|=14.9mm approach-axis tilt: achieved=+43.1deg commanded=+41.6deg (0=level) ori-err=2.5deg
[JOINT-LIMIT] right closest-to-limit: wrist_pitch=0.519 [-0.785,1.05] dist=0.531rad
[JOINT-LIMIT] right grasp per-joint: shoulder_pitch=-0.459[-2.96,+2.96](2.501) shoulder_roll=-0.512[-2.62,+0.26](0.774) shoulder_yaw=+0.551[-2.96,+2.96](2.409) elbow_pitch=-1.811[-2.61,+0.26](0.799) elbow_yaw=+0.899[-2.96,+2.96](2.061) wrist_pitch=+0.519[-0.79,+1.05](0.531) wrist_roll=+1.048[-1.30,+1.65](0.603)
[GRASP-EXEC] GRIPPER: close at grasp pose (after arm motion, not at approach)
[GRASP-EXEC] gripper close: start=1% -> target=100%
[INFO] [1783477483.235308472] [XARM_manager]: [COMPLIANT-RIGHT] n=1200 hz=240.7 F=[+0.00,+0.00,+8.59]N disp=[-0.0,+0.0,+0.2]cm v=[+0.00,-0.00,+0.20]
[GRASP-EXEC] gripper close result: pos=90% status=3 ok=True
[INFO] [1783477483.780110335] [XARM_manager]: [COMPLIANT-RIGHT] admittance loop stopped.
[GRASP-EXEC] ARM: rotate wrist away from table -20deg about waist Y before lift
[GRASP-EXEC] QP-Stream right -> table-clear (pure-pursuit): pos=0.0cm rot=20.0deg, lookahead=13cm @ 50Hz, pos_tol=2.0cm accept=2.5cm keep_ori=False
[GRASP-EXEC] ARM: lift after grasp
[GRASP-EXEC] QP-Stream right -> lift (pure-pursuit): pos=10.9cm rot=0.0deg, lookahead=13cm @ 50Hz, pos_tol=2.0cm accept=2.5cm keep_ori=True
[JOINT-LIMIT] right closest-to-limit: wrist_pitch=0.7253 [-0.785,1.05] dist=0.3247rad
[JOINT-LIMIT] right lift per-joint: shoulder_pitch=-0.709[-2.96,+2.96](2.251) shoulder_roll=-0.645[-2.62,+0.26](0.907) shoulder_yaw=+0.593[-2.96,+2.96](2.367) elbow_pitch=-1.963[-2.61,+0.26](0.647) elbow_yaw=+0.769[-2.96,+2.96](2.191) wrist_pitch=+0.725[-0.79,+1.05](0.325) wrist_roll=+1.301[-1.30,+1.65](0.349)
[INFO] [1783477484.769066902] [XARM_manager]: Deactivated controllers: ['endpose_single_arm_qp_R_controller']
[GRASP-EXEC] PRE-HOME WAYPOINT: right -> joints=['0.000', '-1.180', '0.000', '-1.300', '-1.400', '-0.130', '0.180']
[INFO] [1783477484.788510143] [XARM_manager]: Activated controllers: ['jointspace_arm_R_controller']
[INFO] [1783477484.789326026] [XARM_manager]: Sending goal to action server /jointspace_arm_R_controller/jointspace (attempt 1/3):
eai_manipulator_msgs.action.JointSpace_Goal(target_positions=[0.0, -1.18, 0.0, -1.3, -1.4, -0.13, 0.18])
[INFO] [1783477484.790746023] [XARM_manager]: Goal accepted. Waiting for result...
[INFO] [1783477487.176602851] [XARM_manager]: Action result received from /jointspace_arm_R_controller/jointspace
[INFO] [1783477487.177109295] [XARM_manager]: Action result: eai_manipulator_msgs.action.JointSpace_Result(success=True, result_msg='action finished')
[GRASP-EXEC] pre-home waypoint result: eai_manipulator_msgs.action.JointSpace_Result(success=True, result_msg='action finished')
[GRASP-EXEC] RETURN HOME: right -> joints=['0.844', '-0.026', '0.006', '-2.216', '1.529', '0.250', '-0.683']
[INFO] [1783477487.180258308] [XARM_manager]: Sending goal to action server /jointspace_arm_R_controller/jointspace (attempt 1/3):
eai_manipulator_msgs.action.JointSpace_Goal(target_positions=[0.844, -0.026, 0.006, -2.216, 1.529, 0.25, -0.683])
[INFO] [1783477487.181547474] [XARM_manager]: Goal accepted. Waiting for result...
[INFO] [1783477490.134964578] [XARM_manager]: Action result received from /jointspace_arm_R_controller/jointspace
[INFO] [1783477490.135463429] [XARM_manager]: Action result: eai_manipulator_msgs.action.JointSpace_Result(success=True, result_msg='action finished')
[GRASP-EXEC] return home result: eai_manipulator_msgs.action.JointSpace_Result(success=True, result_msg='action finished')
{
  "arm": "right",
  "pipeline_version": "accelerated",
  "motion_strategy": "qp_all",
  "dry_run": false,
  "motion": {
    "detected_pose7": [
      0.321046300029186,
      -0.1380194305070809,
      -0.14330835744271958,
      0.6947937978670108,
      0.5066381777390428,
      -0.3430505776656685,
      -0.3780153918374866
    ],
    "approach_pose7": [
      0.3069290466245064,
      -0.22514216451031885,
      0.24532698402220382,
      0.239478764002602,
      0.33271958276450087,
      -0.670367499019755,
      -0.6185103209282781
    ],
    "grasp_pose7": [
      0.3948480728663209,
      -0.22514216451031885,
      0.1656595598213712,
      0.239478764002602,
      0.33271958276450087,
      -0.670367499019755,
      -0.6185103209282781
    ],
    "lift_pose7": [
      0.3948480728663209,
      -0.22514216451031885,
      0.2856595598213712,
      0.324930507013659,
      0.41060491764987284,
      -0.633374160952325,
      -0.569790259175713
    ],
    "pre_home_pose7": [
      0.2148480728663209,
      -0.32514216451031885,
      0.3356595598213712,
      0.324930507013659,
      0.41060491764987284,
      -0.633374160952325,
      -0.569790259175713
    ],
    "grasp_xyz_offset_m": [
      0.04,
      0.0,
      0.005
    ],
    "grasp_quat": [
      0.239478764002602,
      0.33271958276450087,
      -0.670367499019755,
      -0.6185103209282781
    ],
    "use_fixed_grasp_quat": true,
    "phase_backends": {
      "approach": "qp_stream",
      "grasp": "qp_stream",
      "lift": "qp_stream"
    },
    "joint_limits_used": {
      "shoulder_pitch": [
        -2.96,
        2.96
      ],
      "shoulder_roll": [
        -2.616,
        0.262
      ],
      "shoulder_yaw": [
        -2.96,
        2.96
      ],
      "elbow_pitch": [
        -2.61,
        0.261
      ],
      "elbow_yaw": [
        -2.96,
        2.96
      ],
      "wrist_pitch": [
        -0.785,
        1.05
      ],
      "wrist_roll": [
        -1.3,
        1.65
      ]
    },
    "approach_tcp_tracking": {
      "commanded_xyz": [
        0.3069290466245064,
        -0.22514216451031885,
        0.24532698402220382
      ],
      "achieved_xyz": [
        0.31530059677042144,
        -0.24270807018133805,
        0.24089772564682965
      ],
      "error_mm": [
        8.371550145915062,
        -17.565905671019205,
        -4.429258375374168
      ],
      "error_norm_mm": 19.956508302920565,
      "achieved_quat": [
        -0.2309703997120514,
        -0.33188156425987386,
        0.6664292365669997,
        0.6264019272080826
      ],
      "approach_axis_tilt_deg": 42.30016190377329,
      "commanded_approach_axis_tilt_deg": 41.59762400371282,
      "orientation_error_deg": 1.4075827268808594
    },
    "approach_joint_limits": {
      "closest": {
        "joint": "wrist_pitch",
        "value": 0.8779,
        "lower": -0.785,
        "upper": 1.05,
        "dist_to_limit": 0.1721,
        "nearest_side": "upper"
      },
      "breached": [],
      "margin_rad": 0.05
    },
    "compliant_insert": {
      "ok": true,
      "contact": true,
      "reason": "stall_contact",
      "resist_n": 0.061330055415723755,
      "traveled_m": 0.04625768972210729,
      "planned_depth_m": 0.03806144547024119,
      "ft_topic": "/arm_6dof_right",
      "calib_path": "/home/ubuntu/niu/compliant_grasp_execute/ft_calibration/ft_calibration_right.json",
      "calib_present": true,
      "commanded_m": 0.058061445470241196,
      "throttle_events": 0,
      "contact_kind": "stall"
    },
    "grasp_tcp_tracking": {
      "commanded_xyz": [
        0.3948480728663209,
        -0.22514216451031885,
        0.1656595598213712
      ],
      "achieved_xyz": [
        0.40935551091918854,
        -0.223317075856862,
        0.16861734679948004
      ],
      "error_mm": [
        14.507438052867638,
        1.8250886534568467,
        2.957786978108834
      ],
      "error_norm_mm": 14.91794929803152,
      "achieved_quat": [
        -0.24245557173186003,
        -0.31580142206517503,
        0.6823552995800551,
        0.6130872716773716
      ],
      "approach_axis_tilt_deg": 43.07612950547142,
      "commanded_approach_axis_tilt_deg": 41.59762400371282,
      "orientation_error_deg": 2.479578746867026
    },
    "grasp_joint_limits": {
      "closest": {
        "joint": "wrist_pitch",
        "value": 0.519,
        "lower": -0.785,
        "upper": 1.05,
        "dist_to_limit": 0.531,
        "nearest_side": "upper"
      },
      "breached": [],
      "margin_rad": 0.05
    },
    "lift_joint_limits": {
      "closest": {
        "joint": "wrist_pitch",
        "value": 0.7253,
        "lower": -0.785,
        "upper": 1.05,
        "dist_to_limit": 0.3247,
        "nearest_side": "upper"
      },
      "breached": [],
      "margin_rad": 0.05
    },
    "retract_ok": null,
    "return_home_ok": true,
    "released_on_finish_ok": null,
    "approach_ok": true,
    "grasp_ok": true,
    "lift_ok": true
  },
  "detection": {
    "class_name": "remote-control",
    "pose_head_roll_link": [
      0.8043998362863084,
      -0.1849535345928779,
      -0.12431659566696446,
      -0.0007857631450707969,
      0.9368305230031735,
      0.012370317560345382,
      0.3495639125958748
    ],
    "pose_tip_waist_yaw_link_rpy": {
      "x": 0.5497352477023432,
      "y": -0.1852824329767225,
      "z": -0.015936563823807814,
      "roll": 3.1158009645404725,
      "pitch": 0.018326944931749134,
      "yaw": 3.1316045530484913
    },
    "pose_tip_used_for_tcp_conversion_rpy": {
      "x": 0.5497352477023432,
      "y": -0.1852824329767225,
      "z": -0.015936563823807814,
      "roll": -2.072540780647179,
      "pitch": 0.09380226729234309,
      "yaw": 1.315659694329449
    },
    "pose_tcp_waist_yaw_link_rpy": {
      "x": 0.321046300029186,
      "y": -0.1380194305070809,
      "z": -0.14330835744271958,
      "roll": -2.072540780647179,
      "pitch": 0.09380226729234309,
      "yaw": 1.315659694329449
    },
    "pose_tcp_waist_yaw_link_pose7": [
      0.321046300029186,
      -0.1380194305070809,
      -0.14330835744271958,
      0.6947937978670108,
      0.5066381777390428,
      -0.3430505776656685,
      -0.3780153918374866
    ],
    "current_tcp_pose7": [
      0.11560263611754565,
      -0.2579197158958222,
      0.14133170205632206,
      0.6947937978670108,
      0.5066381777390428,
      -0.3430505776656685,
      -0.3780153918374866
    ],
    "tcp_minus_tip_waist_m": [
      -0.22868894767315717,
      0.0472630024696416,
      -0.12737179361891177
    ],
    "tcp_to_tip_offset_m": [
      0.0,
      0.0,
      -0.266
    ],
    "orientation_policy": "current",
    "use_current_tcp_rotation": true,
    "rotation_source_arm": "right",
    "bbox_2d": [
      790.3673706054688,
      275.86053466796875,
      853.4915771484375,
      445.35028076171875
    ],
    "bbox_3d": {
      "min": [
        0.7424314195578201,
        -0.2142425523767758,
        -0.18612966484446233
      ],
      "max": [
        0.8795701370425726,
        -0.1629364875287779,
        -0.05914847117199579
      ],
      "center": [
        0.8110007783001963,
        -0.18858951995277684,
        -0.12263906800822906
      ],
      "size": [
        0.13713871748475248,
        0.051306064847997906,
        0.12698119367246655
      ]
    },
    "object_long_axis_waist": [
      -0.9997821939603566,
      0.009986257158391031,
      -0.018325919016037626
    ],
    "object_long_axis_yaw_waist_deg": -0.5722760063689236,
    "object_angle_from_waist_x_deg": 0.5722760063689332
  },
  "gripper": {
    "open_ok": true,
    "close_ok": true,
    "final_pos_pct": 90.0,
    "backend": "modbus_rtu"
  },
  "ok": true
}
[GRASP-EXEC] saved result json: /tmp/grasp_exec.json
[GRASP-EXEC] saved handoff: /tmp/grasp_handoff.json (arm=right holding=True)



竖放，抓起来了。