[日志] 日志文件: logs/grasp/grasp_260708_102119.log
[日志] 执行命令: python3 -m compliant_grasp_execute.main
[INFO] [1783477280.195004778] [XARM_manager]: waiting for service /controller_manager/get_parameters to become available...
[INFO] [1783477281.703132731] [XARM_manager]: XARM_manager initialized, robot_type: tianyi2, run_type: real
[INFO] [1783477281.707933422] [XARM_manager]: 已订阅关节状态话题: /joint_states
[INFO] [1783477281.712020790] [XARM_manager]: 已订阅警告和错误信息话题: /manipulator/warn_and_error_info
[INFO] [1783477281.717653997] [XARM_manager]: /joint_action_report 服务已启动
[CONFIG] loaded 201 params from /home/ubuntu/niu/compliant_grasp_execute/config.yaml
[GRASP-EXEC] STARTUP: enabling arms and moving BOTH to home posture
[INFO] [1783477286.413801980] [XARM_manager]: Deactivated controllers: ['jointspace_arm_L_controller']
[GRASP-EXEC] STARTUP: left -> home joints=['0.844', '0.026', '-0.006', '-2.216', '-1.529', '0.250', '0.683']
[INFO] [1783477286.442069954] [XARM_manager]: Activated controllers: ['jointspace_arm_L_controller']
[INFO] [1783477286.456634664] [XARM_manager]: Sending goal to action server /jointspace_arm_L_controller/jointspace (attempt 1/3):
eai_manipulator_msgs.action.JointSpace_Goal(target_positions=[0.844, 0.026, -0.006, -2.216, -1.529, 0.25, 0.683])
[INFO] [1783477286.458175488] [XARM_manager]: Goal accepted. Waiting for result...
[INFO] [1783477286.910752912] [XARM_manager]: Action result received from /jointspace_arm_L_controller/jointspace
[INFO] [1783477286.911309568] [XARM_manager]: Action result: eai_manipulator_msgs.action.JointSpace_Result(success=True, result_msg='action finished')
[GRASP-EXEC] STARTUP: right -> home joints=['0.844', '-0.026', '0.006', '-2.216', '1.529', '0.250', '-0.683']
[INFO] [1783477286.924262874] [XARM_manager]: Activated controllers: ['jointspace_arm_R_controller']
[INFO] [1783477286.936590661] [XARM_manager]: Sending goal to action server /jointspace_arm_R_controller/jointspace (attempt 1/3):
eai_manipulator_msgs.action.JointSpace_Goal(target_positions=[0.844, -0.026, 0.006, -2.216, 1.529, 0.25, -0.683])
[INFO] [1783477286.938019463] [XARM_manager]: Goal accepted. Waiting for result...
[INFO] [1783477287.390706081] [XARM_manager]: Action result received from /jointspace_arm_R_controller/jointspace
[INFO] [1783477287.391292028] [XARM_manager]: Action result: eai_manipulator_msgs.action.JointSpace_Result(success=True, result_msg='action finished')
[GRASP-EXEC] STARTUP: activating both grippers (open/close cycle)
[GRASP-EXEC] WARNING: startup activation of gripper 'left' failed: NoResponseError('No communication with the instrument (no answer)')
[robotiq_api] gripper already activated (gSTA==3); skip resetActivate()
[GRASP-EXEC] STARTUP: gripper 'right' activated
perception health check pass
[object_pose] RGB (720, 1280, 3), depth (720, 1280), valid-depth pixels: 845653/921600 (median valid depth 1.148 m)
[GRASP-EXEC] ARM-SELECT: object waist Y=-0.188m (y < boundary 0.000) -> 'right' arm
[GRASP-EXEC] reach tilt reduction: object |Y|=0.188m -> tilt_scale=0.95 (backed the side-tilt off so the elbow can extend to a far-outboard object instead of folding into its stop)
[GRASP-EXEC] applied grasp tilt +42.9deg about waist Y (tilt scale 1.00 x reach 0.95) -> quat=['0.2420', '0.3378', '-0.6719', '-0.6130']
[GRASP-EXEC] continuous orientation: object long-axis yaw -0.3deg (angle-from-X 0.3deg); applied continuous yaw -0.3deg about waist Z (gain=1.00, clamp +/-15deg) -> quat=['0.2429', '0.3372', '-0.6704', '-0.6147']
[GRASP-EXEC] recomputed TCP along final quat: detected_tcp_xyz=['0.3205', '-0.1407', '-0.1427'] -> consistent_tcp_xyz=['0.3523', '-0.2288', '0.1589']
[GRASP-EXEC] approach lateral clamp: approach Y -0.2472 -> -0.2288 (= grasp Y); tool_z outboard component would have pushed the standoff further from center than the grasp, which folds the elbow into its stop at far-outboard reaches.
[GRASP-EXEC] approach along grasp axis: dist=0.120m tool_z=[-0.740,-0.153,0.655] approach_xyz=['0.3035', '-0.2288', '0.2424']
[GRASP-EXEC] applied lift tilt -15.0deg about waist Y -> lift quat=['0.3283', '0.4145', '-0.6330', '-0.5654']
[GRASP-EXEC] detected class=remote-control detected_pose7=['0.3205', '-0.1407', '-0.1427', '0.6947', '0.5068', '-0.3430', '-0.3779'] -> motion grasp_pose7=['0.3923', '-0.2288', '0.1639', '0.2429', '0.3372', '-0.6704', '-0.6147']
[INFO] [1783477291.072761959] [XARM_manager]: Deactivated controllers: ['jointspace_arm_L_controller', 'jointspace_arm_R_controller']
[GRASP-EXEC] arms enabled (mode 3) [took 0.02s]
[JOINT-LIMIT] right: using live controller limits from endpose_single_arm_qp_R_controller
[GRASP-EXEC] joint-limit guard ON (margin 0.050 rad) arm=right
[GRASP-EXEC] gripper: arm='right' -> stable by-id port /dev/serial/by-id/usb-FTDI_FT231X_USB_UART_D30JLK40-if00-port0
[GRASP-EXEC] gripper: connecting in background (overlaps arm enable + approach to hide the slow serial open; --no-gripper-async-connect for the old blocking behaviour)
[GRASP-EXEC] ARM: approach via qp_stream
[INFO] [1783477291.113296399] [XARM_manager]: Activated controllers: ['endpose_single_arm_qp_R_controller']
[GRASP-EXEC] QP-Stream right -> approach (pure-pursuit): pos=21.5cm rot=73.4deg, lookahead=13cm @ 50Hz, pos_tol=2.0cm accept=2.5cm keep_ori=False
[robotiq_api] gripper already activated (gSTA==3); skip resetActivate()
[GRASP-EXEC] gripper: cached serial port /dev/serial/by-id/usb-FTDI_FT231X_USB_UART_D30JLK40-if00-port0 -> /tmp/robotiq_gripper_port.txt
[GRASP-EXEC] gripper controller ready: backend=modbus_rtu port=auto slave=9 (wait_timeout=8.0s) [connect took 0.03s]
[GRASP-EXEC] approach TCP tracking: commanded=[0.3035,-0.2288,0.2424] achieved=[0.3118,-0.2454,0.2391] err=[+8.2,-16.7,-3.3]mm |err|=18.9mm approach-axis tilt: achieved=+41.5deg commanded=+40.9deg (0=level) ori-err=1.8deg
[JOINT-LIMIT] right closest-to-limit: wrist_pitch=0.8706 [-0.785,1.05] dist=0.1794rad
[JOINT-LIMIT] right approach per-joint: shoulder_pitch=-0.367[-2.96,+2.96](2.593) shoulder_roll=-0.835[-2.62,+0.26](1.097) shoulder_yaw=+0.536[-2.96,+2.96](2.424) elbow_pitch=-2.335[-2.61,+0.26](0.275) elbow_yaw=+0.754[-2.96,+2.96](2.206) wrist_pitch=+0.871[-0.79,+1.05](0.179) wrist_roll=+1.140[-1.30,+1.65](0.510)
[GRASP-EXEC] GRIPPER: open (after approach, before grasp insert)
[GRASP-EXEC] gripper already open enough: 1% (skip open command)
[GRASP-EXEC] ARM: HYBRID pre-descent (position QP-stream) -> 8.1cm, leaving final 3.0cm for F/T compliant descend-to-contact
[GRASP-EXEC] QP-Stream right -> pre-grasp (pure-pursuit): pos=8.1cm rot=0.0deg, lookahead=8cm @ 50Hz, pos_tol=1.0cm accept=2.5cm keep_ori=True
[GRASP-EXEC] ARM: COMPLIANT insert to grasp pose (F/T admittance descend-to-contact)
[INFO] [1783477294.769424522] [XARM_manager]: [COMPLIANT-RIGHT] Loaded F/T calibration from /home/ubuntu/niu/compliant_grasp_execute/ft_calibration/ft_calibration_right.json
[INFO] [1783477294.790167442] [XARM_manager]: [COMPLIANT-RIGHT] target set: p=[0.3615829823052046, -0.23230580741984552, 0.1837151352942041] q=[-0.23942028280975539, -0.32107982925297596, 0.6885800565594743, 0.6045189634202783]
[INFO] [1783477294.790597676] [XARM_manager]: [COMPLIANT-RIGHT] seeded QP target at captured pose (z=+0.1837).
[INFO] [1783477294.791227500] [XARM_manager]: [COMPLIANT-RIGHT] admittance loop starting (calibrating force offset; keep hands off the arm briefly)...
[INFO] [1783477295.129369388] [XARM_manager]: [COMPLIANT-RIGHT] runtime offset calibrated. p_ref=[0.3615829823052046, -0.23230580741984552, 0.1837151352942041], ready.
[COMPLIANT-INSERT] runtime force-offset calibrated in 0.35s
[INFO] [1783477295.136819785] [XARM_manager]: [COMPLIANT-RIGHT] gains updated: B=[3.9597979746446663, 5.6, 3.9597979746446663] K=[20.0, 40.0, 20.0] B_rot=[0.5, 0.5, 0.5] K_rot=[0.0, 0.0, 0.0]
[COMPLIANT-INSERT] insertion dir=[+0.84,+0.10,-0.54] planned_depth=3.7cm soft_axes=xz K=[20.0, 40.0, 20.0] B=[3.96, 5.6, 3.96] contact_thresh=1.5N
[INFO] [1783477295.954876334] [XARM_manager]: [COMPLIANT-RIGHT] n=200 hz=243.5 F=[+0.00,+0.00,+0.00]N disp=[-3.1,-0.2,+2.7]cm v=[+0.16,+0.01,-0.14]
[COMPLIANT-INSERT] insert s=5.7cm tcp_drop=1.9cm lag=+3.7cm resist=-0.14N (throttle x0)
[INFO] [1783477296.785763937] [XARM_manager]: [COMPLIANT-RIGHT] n=400 hz=241.4 F=[+0.00,+0.00,+0.00]N disp=[-1.4,+0.0,+2.3]cm v=[+0.07,-0.00,-0.12]
[COMPLIANT-INSERT] insert s=5.7cm tcp_drop=3.8cm lag=+1.9cm resist=+0.12N (throttle x0)
[INFO] [1783477297.620273349] [XARM_manager]: [COMPLIANT-RIGHT] n=600 hz=240.5 F=[+0.00,+0.00,+0.00]N disp=[-0.6,+0.1,+1.7]cm v=[+0.03,-0.01,-0.08]
[COMPLIANT-INSERT] insert s=5.7cm tcp_drop=4.7cm lag=+1.0cm resist=-0.03N (throttle x0)
[INFO] [1783477298.455988383] [XARM_manager]: [COMPLIANT-RIGHT] n=800 hz=240.5 F=[+0.00,+0.00,+0.00]N disp=[-0.3,+0.1,+1.1]cm v=[+0.01,-0.01,-0.06]
[INFO] [1783477298.486072467] [XARM_manager]: [COMPLIANT-RIGHT] gains updated: B=[10.844353369380768, 10.844353369380768, 10.844353369380768] K=[150.0, 150.0, 150.0] B_rot=[0.5, 0.5, 0.5] K_rot=[0.0, 0.0, 0.0]
[INFO] [1783477298.487265084] [XARM_manager]: [COMPLIANT-RIGHT] target set: p=[0.40643154691575867, -0.2261341544615923, 0.16359583032828595] q=[-0.23942028280975539, -0.32107982925297596, 0.6885800565594743, 0.6045189634202783]
[COMPLIANT-INSERT] reached commanded depth (tcp_drop 4.9cm of planned 3.7cm) WITHOUT contact (resist 0.1N < 1.5N); proceeding to close anyway
[GRASP-EXEC] grasp TCP tracking: commanded=[0.3923,-0.2288,0.1639] achieved=[0.4067,-0.2259,0.1634] err=[+14.4,+2.9,-0.5]mm |err|=14.7mm approach-axis tilt: achieved=+42.3deg commanded=+40.9deg (0=level) ori-err=2.9deg
[JOINT-LIMIT] right closest-to-limit: wrist_pitch=0.469 [-0.785,1.05] dist=0.581rad
[JOINT-LIMIT] right grasp per-joint: shoulder_pitch=-0.431[-2.96,+2.96](2.529) shoulder_roll=-0.513[-2.62,+0.26](0.775) shoulder_yaw=+0.530[-2.96,+2.96](2.430) elbow_pitch=-1.810[-2.61,+0.26](0.800) elbow_yaw=+0.891[-2.96,+2.96](2.069) wrist_pitch=+0.469[-0.79,+1.05](0.581) wrist_roll=+1.013[-1.30,+1.65](0.637)
[GRASP-EXEC] GRIPPER: close at grasp pose (after arm motion, not at approach)
[GRASP-EXEC] gripper close: start=1% -> target=100%
[INFO] [1783477299.282318089] [XARM_manager]: [COMPLIANT-RIGHT] n=1000 hz=242.0 F=[+0.00,+0.00,+9.75]N disp=[-0.0,-0.5,+0.9]cm v=[+0.01,+0.05,+0.20]
[INFO] [1783477300.120074693] [XARM_manager]: [COMPLIANT-RIGHT] n=1200 hz=239.8 F=[+0.00,+0.00,+0.00]N disp=[+0.1,-0.1,+0.6]cm v=[-0.02,+0.02,-0.09]
[GRASP-EXEC] gripper close result: pos=89% status=3 ok=True
[INFO] [1783477300.152778929] [XARM_manager]: [COMPLIANT-RIGHT] admittance loop stopped.
[GRASP-EXEC] ARM: rotate wrist away from table -20deg about waist Y before lift
[GRASP-EXEC] QP-Stream right -> table-clear (pure-pursuit): pos=0.0cm rot=20.0deg, lookahead=13cm @ 50Hz, pos_tol=2.0cm accept=2.5cm keep_ori=False
[GRASP-EXEC] ARM: lift after grasp
[GRASP-EXEC] QP-Stream right -> lift (pure-pursuit): pos=11.6cm rot=0.0deg, lookahead=13cm @ 50Hz, pos_tol=2.0cm accept=2.5cm keep_ori=True
[JOINT-LIMIT] right closest-to-limit: wrist_pitch=0.6893 [-0.785,1.05] dist=0.3607rad
[JOINT-LIMIT] right lift per-joint: shoulder_pitch=-0.677[-2.96,+2.96](2.283) shoulder_roll=-0.651[-2.62,+0.26](0.913) shoulder_yaw=+0.568[-2.96,+2.96](2.392) elbow_pitch=-1.975[-2.61,+0.26](0.635) elbow_yaw=+0.760[-2.96,+2.96](2.200) wrist_pitch=+0.689[-0.79,+1.05](0.361) wrist_roll=+1.276[-1.30,+1.65](0.374)
[INFO] [1783477301.146753099] [XARM_manager]: Deactivated controllers: ['endpose_single_arm_qp_R_controller']
[GRASP-EXEC] PRE-HOME WAYPOINT: right -> joints=['0.000', '-1.180', '0.000', '-1.300', '-1.400', '-0.130', '0.180']
[INFO] [1783477301.164515558] [XARM_manager]: Activated controllers: ['jointspace_arm_R_controller']
[INFO] [1783477301.165340846] [XARM_manager]: Sending goal to action server /jointspace_arm_R_controller/jointspace (attempt 1/3):
eai_manipulator_msgs.action.JointSpace_Goal(target_positions=[0.0, -1.18, 0.0, -1.3, -1.4, -0.13, 0.18])
[INFO] [1783477301.166574030] [XARM_manager]: Goal accepted. Waiting for result...
[INFO] [1783477303.548172515] [XARM_manager]: Action result received from /jointspace_arm_R_controller/jointspace
[INFO] [1783477303.548459508] [XARM_manager]: Action result: eai_manipulator_msgs.action.JointSpace_Result(success=True, result_msg='action finished')
[GRASP-EXEC] pre-home waypoint result: eai_manipulator_msgs.action.JointSpace_Result(success=True, result_msg='action finished')
[GRASP-EXEC] RETURN HOME: right -> joints=['0.844', '-0.026', '0.006', '-2.216', '1.529', '0.250', '-0.683']
[INFO] [1783477303.551118601] [XARM_manager]: Sending goal to action server /jointspace_arm_R_controller/jointspace (attempt 1/3):
eai_manipulator_msgs.action.JointSpace_Goal(target_positions=[0.844, -0.026, 0.006, -2.216, 1.529, 0.25, -0.683])
[INFO] [1783477303.552068047] [XARM_manager]: Goal accepted. Waiting for result...
[INFO] [1783477306.505934603] [XARM_manager]: Action result received from /jointspace_arm_R_controller/jointspace
[INFO] [1783477306.506459078] [XARM_manager]: Action result: eai_manipulator_msgs.action.JointSpace_Result(success=True, result_msg='action finished')
[GRASP-EXEC] return home result: eai_manipulator_msgs.action.JointSpace_Result(success=True, result_msg='action finished')
{
  "arm": "right",
  "pipeline_version": "accelerated",
  "motion_strategy": "qp_all",
  "dry_run": false,
  "motion": {
    "detected_pose7": [
      0.3205306661237798,
      -0.14074383410989874,
      -0.1426628387409618,
      0.6947447157702272,
      0.5067737467403922,
      -0.34303939087568946,
      -0.37793402312002405
    ],
    "approach_pose7": [
      0.303506933750372,
      -0.22877369375116516,
      0.2424480495453598,
      0.2428712625841636,
      0.3371631357054888,
      -0.6704207827745619,
      -0.6147117566436813
    ],
    "grasp_pose7": [
      0.3923271142464042,
      -0.22877369375116516,
      0.16388775280967585,
      0.2428712625841636,
      0.3371631357054888,
      -0.6704207827745619,
      -0.6147117566436813
    ],
    "lift_pose7": [
      0.3923271142464042,
      -0.22877369375116516,
      0.2838877528096758,
      0.32830093722518827,
      0.41451464324748627,
      -0.6329841789352597,
      -0.5654441920898361
    ],
    "pre_home_pose7": [
      0.2123271142464042,
      -0.32877369375116516,
      0.3338877528096758,
      0.32830093722518827,
      0.41451464324748627,
      -0.6329841789352597,
      -0.5654441920898361
    ],
    "grasp_xyz_offset_m": [
      0.04,
      0.0,
      0.005
    ],
    "grasp_quat": [
      0.2428712625841636,
      0.3371631357054888,
      -0.6704207827745619,
      -0.6147117566436813
    ],
    "use_fixed_grasp_quat": true,
    "phase_backends": {
      "approach": "qp_stream",
      "grasp": "qp_stream",
      "lift": "qp_stream"
    },
    "joint_limits_used": {
      "shoulder_pitch": [
        -2.96,
        2.96
      ],
      "shoulder_roll": [
        -2.616,
        0.262
      ],
      "shoulder_yaw": [
        -2.96,
        2.96
      ],
      "elbow_pitch": [
        -2.61,
        0.261
      ],
      "elbow_yaw": [
        -2.96,
        2.96
      ],
      "wrist_pitch": [
        -0.785,
        1.05
      ],
      "wrist_roll": [
        -1.3,
        1.65
      ]
    },
    "approach_tcp_tracking": {
      "commanded_xyz": [
        0.303506933750372,
        -0.22877369375116516,
        0.2424480495453598
      ],
      "achieved_xyz": [
        0.31175154661165777,
        -0.2454492608929243,
        0.23910132607819512
      ],
      "error_mm": [
        8.244612861285749,
        -16.675567141759135,
        -3.3467234671646917
      ],
      "error_norm_mm": 18.90102480548254,
      "achieved_quat": [
        -0.2361385416569305,
        -0.3365265763919334,
        0.6625643493693154,
        0.6260965863753596
      ],
      "approach_axis_tilt_deg": 41.450817644880544,
      "commanded_approach_axis_tilt_deg": 40.89456711685358,
      "orientation_error_deg": 1.7644023577283554
    },
    "approach_joint_limits": {
      "closest": {
        "joint": "wrist_pitch",
        "value": 0.8706,
        "lower": -0.785,
        "upper": 1.05,
        "dist_to_limit": 0.1794,
        "nearest_side": "upper"
      },
      "breached": [],
      "margin_rad": 0.05
    },
    "compliant_insert": {
      "ok": true,
      "contact": false,
      "reason": "reached_depth_no_contact",
      "resist_n": 0.09772567238635917,
      "traveled_m": 0.04896278647859081,
      "planned_depth_m": 0.03675326614022416,
      "ft_topic": "/arm_6dof_right",
      "calib_path": "/home/ubuntu/niu/compliant_grasp_execute/ft_calibration/ft_calibration_right.json",
      "calib_present": true,
      "commanded_m": 0.05675326614022416,
      "throttle_events": 0
    },
    "grasp_tcp_tracking": {
      "commanded_xyz": [
        0.3923271142464042,
        -0.22877369375116516,
        0.16388775280967585
      ],
      "achieved_xyz": [
        0.4067308055236316,
        -0.2258623206999989,
        0.163376787169438
      ],
      "error_mm": [
        14.403691277227404,
        2.9113730511662608,
        -0.5109656402378648
      ],
      "error_norm_mm": 14.703860082925083,
      "achieved_quat": [
        -0.24105635154196647,
        -0.3250555514305392,
        0.688351632043746,
        0.601998965554074
      ],
      "approach_axis_tilt_deg": 42.257325954698764,
      "commanded_approach_axis_tilt_deg": 40.89456711685358,
      "orientation_error_deg": 2.883182166686961
    },
    "grasp_joint_limits": {
      "closest": {
        "joint": "wrist_pitch",
        "value": 0.469,
        "lower": -0.785,
        "upper": 1.05,
        "dist_to_limit": 0.581,
        "nearest_side": "upper"
      },
      "breached": [],
      "margin_rad": 0.05
    },
    "lift_joint_limits": {
      "closest": {
        "joint": "wrist_pitch",
        "value": 0.6893,
        "lower": -0.785,
        "upper": 1.05,
        "dist_to_limit": 0.3607,
        "nearest_side": "upper"
      },
      "breached": [],
      "margin_rad": 0.05
    },
    "retract_ok": null,
    "return_home_ok": true,
    "released_on_finish_ok": null,
    "approach_ok": true,
    "grasp_ok": true,
    "lift_ok": true
  },
  "detection": {
    "class_name": "remote-control",
    "pose_head_roll_link": [
      0.8035606739092863,
      -0.18763052457922116,
      -0.12411457643277946,
      -0.014424314952976615,
      0.9365038202543822,
      0.04194376993095033,
      0.34784084571979845
    ],
    "pose_tip_waist_yaw_link_rpy": {
      "x": 0.5492118476792756,
      "y": -0.1879451660078227,
      "z": -0.01525423828775696,
      "roll": 3.050902962506242,
      "pitch": 0.015317700904429632,
      "yaw": 3.136634210228627
    },
    "pose_tip_used_for_tcp_conversion_rpy": {
      "x": 0.5492118476792756,
      "y": -0.1879451660078227,
      "z": -0.01525423828775696,
      "roll": -2.0726957193620312,
      "pitch": 0.09373271928285276,
      "yaw": 1.3159306757409017
    },
    "pose_tcp_waist_yaw_link_rpy": {
      "x": 0.3205306661237798,
      "y": -0.14074383410989874,
      "z": -0.1426628387409618,
      "roll": -2.0726957193620312,
      "pitch": 0.09373271928285276,
      "yaw": 1.3159306757409017
    },
    "pose_tcp_waist_yaw_link_pose7": [
      0.3205306661237798,
      -0.14074383410989874,
      -0.1426628387409618,
      0.6947447157702272,
      0.5067737467403922,
      -0.34303939087568946,
      -0.37793402312002405
    ],
    "current_tcp_pose7": [
      0.11560828489953047,
      -0.2578891868181203,
      0.14134336780812964,
      0.6947447157702272,
      0.5067737467403922,
      -0.34303939087568946,
      -0.37793402312002405
    ],
    "tcp_minus_tip_waist_m": [
      -0.22868118155549577,
      0.04720133189792397,
      -0.12740860045320485
    ],
    "tcp_to_tip_offset_m": [
      0.0,
      0.0,
      -0.266
    ],
    "orientation_policy": "current",
    "use_current_tcp_rotation": true,
    "rotation_source_arm": "right",
    "bbox_2d": [
      792.4971923828125,
      274.9543151855469,
      856.0473022460938,
      443.6664733886719
    ],
    "bbox_3d": {
      "min": [
        0.741776156709118,
        -0.21570781162647512,
        -0.1836746562051114
      ],
      "max": [
        0.876614807708675,
        -0.1654053059095239,
        -0.06139496247960016
      ],
      "center": [
        0.8091954822088965,
        -0.1905565587679995,
        -0.12253480934235578
      ],
      "size": [
        0.13483865099955694,
        0.05030250571695122,
        0.12227969372551123
      ]
    },
    "object_long_axis_waist": [
      -0.9998703947003705,
      0.0049578413521233974,
      -0.015317101907756488
    ],
    "object_long_axis_yaw_waist_deg": -0.2840978775494989,
    "object_angle_from_waist_x_deg": 0.28409787754950094
  },
  "gripper": {
    "open_ok": true,
    "close_ok": true,
    "final_pos_pct": 89.0,
    "backend": "modbus_rtu"
  },
  "ok": true
}
[GRASP-EXEC] saved result json: /tmp/grasp_exec.json
[GRASP-EXEC] saved handoff: /tmp/grasp_handoff.json (arm=right holding=True)



竖放，抓起来了。