[日志] 日志文件: logs/grasp/grasp_260706_154800.log
[日志] 执行命令: python3 -m compliant_grasp_execute.main
[INFO] [1783324080.660882362] [XARM_manager]: waiting for service /controller_manager/get_parameters to become available...
[INFO] [1783324084.423986323] [XARM_manager]: XARM_manager initialized, robot_type: tianyi2, run_type: real
[INFO] [1783324084.430918533] [XARM_manager]: 已订阅关节状态话题: /joint_states
[INFO] [1783324084.437933678] [XARM_manager]: 已订阅警告和错误信息话题: /manipulator/warn_and_error_info
[INFO] [1783324084.449059182] [XARM_manager]: /joint_action_report 服务已启动
[CONFIG] loaded 198 params from /home/ubuntu/niu/compliant_grasp_execute/config.yaml
[GRASP-EXEC] STARTUP: enabling arms and moving BOTH to home posture
[INFO] [1783324085.635411080] [XARM_manager]: Deactivated controllers: ['jointspace_arm_L_controller']
[GRASP-EXEC] STARTUP: left -> home joints=['0.000', '1.180', '0.000', '-1.300', '1.400', '-0.130', '0.180']
[INFO] [1783324085.659899407] [XARM_manager]: Activated controllers: ['jointspace_arm_L_controller']
[INFO] [1783324085.680057243] [XARM_manager]: Sending goal to action server /jointspace_arm_L_controller/jointspace (attempt 1/3):
eai_manipulator_msgs.action.JointSpace_Goal(target_positions=[0.0, 1.18, 0.0, -1.3, 1.4, -0.13, 0.18])
[INFO] [1783324085.994191981] [XARM_manager]: Goal accepted. Waiting for result...
[INFO] [1783324086.254690831] [XARM_manager]: Action result received from /jointspace_arm_L_controller/jointspace
[INFO] [1783324086.255295242] [XARM_manager]: Action result: eai_manipulator_msgs.action.JointSpace_Result(success=True, result_msg='action finished')
[GRASP-EXEC] STARTUP: right -> home joints=['0.000', '-1.180', '0.000', '-1.300', '-1.400', '-0.130', '0.180']
[INFO] [1783324086.273603039] [XARM_manager]: Activated controllers: ['jointspace_arm_R_controller']
[INFO] [1783324086.291285202] [XARM_manager]: Sending goal to action server /jointspace_arm_R_controller/jointspace (attempt 1/3):
eai_manipulator_msgs.action.JointSpace_Goal(target_positions=[0.0, -1.18, 0.0, -1.3, -1.4, -0.13, 0.18])
[INFO] [1783324086.623548597] [XARM_manager]: Goal accepted. Waiting for result...
[INFO] [1783324086.763906072] [XARM_manager]: Action result received from /jointspace_arm_R_controller/jointspace
[INFO] [1783324086.764352455] [XARM_manager]: Action result: eai_manipulator_msgs.action.JointSpace_Result(success=True, result_msg='action finished')
[GRASP-EXEC] STARTUP: activating both grippers (open/close cycle)
[robotiq_api] gripper already activated (gSTA==3); skip resetActivate()
[GRASP-EXEC] STARTUP: gripper 'left' activated
[robotiq_api] gripper already activated (gSTA==3); skip resetActivate()
[GRASP-EXEC] STARTUP: gripper 'right' activated
perception health check pass
[object_pose] RGB (720, 1280, 3), depth (720, 1280), valid-depth pixels: 903360/921600 (median valid depth 1.202 m)
[GRASP-EXEC] ARM-SELECT: object waist Y=+0.309m (y >= boundary 0.000) -> 'left' arm
[GRASP-EXEC] reach tilt reduction: object |Y|=0.309m -> tilt_scale=0.40 (backed the side-tilt off so the elbow can extend to a far-outboard object instead of folding into its stop)
[GRASP-EXEC] applied grasp tilt +18.0deg about waist Y (tilt scale 1.00 x reach 0.40) -> quat=['-0.3810', '0.4618', '0.6041', '-0.5260']
[GRASP-EXEC] continuous orientation: object long-axis yaw +0.9deg (angle-from-X 0.9deg); applied continuous yaw +0.9deg about waist Z (gain=1.00, clamp +/-15deg) -> quat=['-0.3848', '0.4586', '0.5998', '-0.5309']
[GRASP-EXEC] recomputed TCP along final quat: detected_tcp_xyz=['0.2983', '0.3349', '-0.0379'] -> consistent_tcp_xyz=['0.3101', '0.3471', '0.0558']
[GRASP-EXEC] approach lateral clamp: approach Y +0.3640 -> +0.3471 (= grasp Y); tool_z outboard component would have pushed the standoff further from center than the grasp, which folds the elbow into its stop at far-outboard reaches.
[GRASP-EXEC] approach along grasp axis: dist=0.120m tool_z=[-0.949,0.142,0.283] approach_xyz=['0.2163', '0.3471', '0.0948']
[GRASP-EXEC] applied lift tilt -15.0deg about waist Y -> lift quat=['-0.4597', '0.5240', '0.5444', '-0.4665']
[GRASP-EXEC] detected class=remote-control detected_pose7=['0.2983', '0.3349', '-0.0379', '0.0055', '-0.7311', '-0.0708', '0.6785'] -> motion grasp_pose7=['0.3301', '0.3471', '0.0608', '-0.3848', '0.4586', '0.5998', '-0.5309']
[INFO] [1783324090.436040621] [XARM_manager]: Deactivated controllers: ['jointspace_arm_L_controller', 'jointspace_arm_R_controller']
[GRASP-EXEC] arms enabled (mode 3) [took 0.02s]
[JOINT-LIMIT] left: using live controller limits from endpose_single_arm_qp_L_controller
[GRASP-EXEC] joint-limit guard ON (margin 0.050 rad) arm=left
[GRASP-EXEC] gripper: connecting in background (overlaps arm enable + approach to hide the slow serial open; --no-gripper-async-connect for the old blocking behaviour)
[GRASP-EXEC] ARM: approach via qp_stream
[GRASP-EXEC] gripper: arm='left' -> stable by-id port /dev/serial/by-id/usb-FTDI_FT231X_USB_UART_DU0E2IPR-if00-port0
[INFO] [1783324090.472551595] [XARM_manager]: Activated controllers: ['endpose_single_arm_qp_L_controller']
[GRASP-EXEC] QP-Stream left -> approach (pure-pursuit): pos=35.3cm rot=105.8deg, lookahead=13cm @ 50Hz, pos_tol=2.0cm accept=2.5cm keep_ori=False
[robotiq_api] gripper already activated (gSTA==3); skip resetActivate()
[GRASP-EXEC] gripper: cached serial port /dev/serial/by-id/usb-FTDI_FT231X_USB_UART_DU0E2IPR-if00-port0 -> /tmp/robotiq_gripper_port.txt
[GRASP-EXEC] gripper controller ready: backend=modbus_rtu port=auto slave=9 (wait_timeout=8.0s) [connect took 0.04s]
[GRASP-EXEC] approach TCP tracking: commanded=[0.2163,0.3471,0.0948] achieved=[0.2127,0.3574,0.0790] err=[-3.6,+10.4,-15.8]mm |err|=19.3mm approach-axis tilt: achieved=+24.2deg commanded=+16.5deg (0=level) ori-err=8.5deg
[GRASP-EXEC] approach orientation miss 8.5deg -> ~39mm fingertip offset > tol 30mm: TCP reached position but the wrist could not hold the commanded tilt, so the fingers would miss the object. Treating approach as failed to trigger the reduced-tilt retry (prevents grasping air).
[GRASP-EXEC] approach failed to reach target; retrying with reduced long-axis alignment (yaw scale 0.50)
[GRASP-EXEC] reach tilt reduction: object |Y|=0.309m -> tilt_scale=0.40 (backed the side-tilt off so the elbow can extend to a far-outboard object instead of folding into its stop)
[GRASP-EXEC] applied grasp tilt +9.0deg about waist Y (tilt scale 0.50 x reach 0.40) -> quat=['-0.4272', '0.5016', '0.5724', '-0.4881']
[GRASP-EXEC] continuous orientation: object long-axis yaw +0.9deg (angle-from-X 0.9deg); applied continuous yaw +0.5deg about waist Z (gain=1.00, clamp +/-15deg x scale 0.50) -> quat=['-0.4292', '0.4999', '0.5703', '-0.4905']
[GRASP-EXEC] recomputed TCP along final quat: detected_tcp_xyz=['0.2983', '0.3349', '-0.0379'] -> consistent_tcp_xyz=['0.3018', '0.3491', '0.0155']
[GRASP-EXEC] approach lateral clamp: approach Y +0.3670 -> +0.3491 (= grasp Y); tool_z outboard component would have pushed the standoff further from center than the grasp, which folds the elbow into its stop at far-outboard reaches.
[GRASP-EXEC] approach along grasp axis: dist=0.120m tool_z=[-0.980,0.149,0.132] approach_xyz=['0.2042', '0.3491', '0.0363']
[GRASP-EXEC] applied lift tilt -15.0deg about waist Y -> lift quat=['-0.5000', '0.5596', '0.5094', '-0.4211']
[GRASP-EXEC] QP-Stream left -> approach (pure-pursuit): pos=4.4cm rot=16.8deg, lookahead=13cm @ 50Hz, pos_tol=2.0cm accept=2.5cm keep_ori=False
[GRASP-EXEC] approach TCP tracking: commanded=[0.2042,0.3491,0.0363] achieved=[0.2095,0.3455,0.0538] err=[+5.3,-3.5,+17.4]mm |err|=18.6mm approach-axis tilt: achieved=+7.5deg commanded=+7.6deg (0=level) ori-err=5.7deg
[JOINT-LIMIT] left closest-to-limit: wrist_pitch=-0.0515 [-0.785,1.05] dist=0.7335rad
[JOINT-LIMIT] left approach per-joint: shoulder_pitch=+0.535[-2.96,+2.96](2.425) shoulder_roll=+0.586[-0.26,+2.62](0.848) shoulder_yaw=-0.067[-2.96,+2.96](2.893) elbow_pitch=-1.822[-2.61,+0.26](0.788) elbow_yaw=-1.043[-2.96,+2.96](1.917) wrist_pitch=-0.051[-0.79,+1.05](0.734) wrist_roll=+0.241[-1.65,+1.30](1.059)
[GRASP-EXEC] GRIPPER: open (after approach, before grasp insert)
[GRASP-EXEC] gripper open: start=90% -> target=0%
[GRASP-EXEC] gripper open result: pos=1% status=3 ok=True
[GRASP-EXEC] ARM: HYBRID pre-descent (position QP-stream) -> 8.7cm, leaving final 3.0cm for F/T compliant descend-to-contact
[GRASP-EXEC] QP-Stream left -> pre-grasp (pure-pursuit): pos=8.7cm rot=0.0deg, lookahead=8cm @ 50Hz, pos_tol=1.0cm accept=2.5cm keep_ori=True
[GRASP-EXEC] ARM: COMPLIANT insert to grasp pose (F/T admittance descend-to-contact)
[INFO] [1783324096.086701010] [XARM_manager]: [COMPLIANT-LEFT] Loaded F/T calibration from /home/ubuntu/niu/compliant_grasp_execute/ft_calibration/ft_calibration_left.json
[INFO] [1783324096.107843258] [XARM_manager]: [COMPLIANT-LEFT] target set: p=[0.29487050346388566, 0.3473091542343564, 0.037922156190359324] q=[-0.43507916880705855, 0.5131466290460484, 0.5713059544146404, -0.47010228718781305]
[INFO] [1783324096.108562693] [XARM_manager]: [COMPLIANT-LEFT] seeded QP target at captured pose (z=+0.0379).
[INFO] [1783324096.109277273] [XARM_manager]: [COMPLIANT-LEFT] admittance loop starting (calibrating force offset; keep hands off the arm briefly)...
[INFO] [1783324096.448543090] [XARM_manager]: [COMPLIANT-LEFT] runtime offset calibrated. p_ref=[0.29487050346388566, 0.3473091542343564, 0.037922156190359324], ready.
[COMPLIANT-INSERT] runtime force-offset calibrated in 0.34s
[INFO] [1783324096.453597307] [XARM_manager]: [COMPLIANT-LEFT] gains updated: B=[3.9597979746446663, 5.6, 3.9597979746446663] K=[20.0, 40.0, 20.0] B_rot=[0.5, 0.5, 0.5] K_rot=[0.0, 0.0, 0.0]
[COMPLIANT-INSERT] insertion dir=[+0.84,+0.05,-0.54] planned_depth=3.2cm soft_axes=xz K=[20.0, 40.0, 20.0] B=[3.96, 5.6, 3.96] contact_thresh=1.5N
[INFO] [1783324097.283832323] [XARM_manager]: [COMPLIANT-LEFT] n=200 hz=240.2 F=[+0.00,+0.00,+0.00]N disp=[-2.0,-0.3,+3.0]cm v=[+0.10,+0.02,-0.15]
[COMPLIANT-INSERT] insert s=5.2cm tcp_drop=2.5cm lag=+2.8cm resist=-0.43N (throttle x0)
[INFO] [1783324097.970710974] [XARM_manager]: [COMPLIANT-LEFT] gains updated: B=[10.844353369380768, 10.844353369380768, 10.844353369380768] K=[150.0, 150.0, 150.0] B_rot=[0.5, 0.5, 0.5] K_rot=[0.0, 0.0, 0.0]
[COMPLIANT-INSERT] CONTACT (force) at tcp_drop 3.4cm (resist 1.6N, thresh 1.5N); holding compliant for gripper close
[INFO] [1783324097.971186795] [XARM_manager]: [COMPLIANT-LEFT] target set: p=[0.3358162895102465, 0.3480870322105042, 0.037948032674203824] q=[-0.43507916880705855, 0.5131466290460484, 0.5713059544146404, -0.47010228718781305]
[INFO] [1783324098.122696077] [XARM_manager]: [COMPLIANT-LEFT] n=400 hz=239.3 F=[-2.75,+0.00,-6.84]N disp=[+0.2,+0.0,-0.1]cm v=[-0.20,+0.05,-0.20]
[GRASP-EXEC] grasp TCP tracking: commanded=[0.3218,0.3491,0.0205] achieved=[0.3399,0.3478,0.0385] err=[+18.1,-1.3,+17.9]mm |err|=25.5mm approach-axis tilt: achieved=+4.6deg commanded=+7.6deg (0=level) ori-err=3.8deg
[JOINT-LIMIT] left closest-to-limit: wrist_pitch=-0.0501 [-0.785,1.05] dist=0.7349rad
[JOINT-LIMIT] left grasp per-joint: shoulder_pitch=+0.032[-2.96,+2.96](2.928) shoulder_roll=+0.545[-0.26,+2.62](0.807) shoulder_yaw=-0.270[-2.96,+2.96](2.690) elbow_pitch=-1.431[-2.61,+0.26](1.179) elbow_yaw=-0.975[-2.96,+2.96](1.985) wrist_pitch=-0.050[-0.79,+1.05](0.735) wrist_roll=+0.224[-1.65,+1.30](1.076)
[GRASP-EXEC] GRIPPER: close at grasp pose (after arm motion, not at approach)
[GRASP-EXEC] gripper close: start=1% -> target=100%
[INFO] [1783324098.958988069] [XARM_manager]: [COMPLIANT-LEFT] n=600 hz=240.4 F=[+0.00,+0.00,+0.00]N disp=[+0.1,+0.2,-0.1]cm v=[-0.01,-0.02,+0.01]
[INFO] [1783324099.792897599] [XARM_manager]: [COMPLIANT-LEFT] n=800 hz=240.7 F=[+0.00,+0.00,+0.00]N disp=[+0.0,+0.0,-0.0]cm v=[-0.00,-0.00,+0.00]
[GRASP-EXEC] gripper close result: pos=90% status=3 ok=True
[INFO] [1783324100.118425896] [XARM_manager]: [COMPLIANT-LEFT] admittance loop stopped.
[GRASP-EXEC] ARM: rotate wrist away from table -20deg about waist Y before lift
[GRASP-EXEC] QP-Stream left -> table-clear (pure-pursuit): pos=0.0cm rot=20.0deg, lookahead=13cm @ 50Hz, pos_tol=2.0cm accept=2.5cm keep_ori=False
[GRASP-EXEC] ARM: lift after grasp
[GRASP-EXEC] QP-Stream left -> lift (pure-pursuit): pos=10.4cm rot=0.0deg, lookahead=13cm @ 50Hz, pos_tol=2.0cm accept=2.5cm keep_ori=True
[JOINT-LIMIT] left closest-to-limit: wrist_pitch=-0.0124 [-0.785,1.05] dist=0.7726rad
[JOINT-LIMIT] left lift per-joint: shoulder_pitch=+0.167[-2.96,+2.96](2.793) shoulder_roll=+0.559[-0.26,+2.62](0.822) shoulder_yaw=-0.019[-2.96,+2.96](2.941) elbow_pitch=-1.818[-2.61,+0.26](0.792) elbow_yaw=-0.938[-2.96,+2.96](2.022) wrist_pitch=-0.012[-0.79,+1.05](0.773) wrist_roll=-0.167[-1.65,+1.30](1.467)
[INFO] [1783324101.700562024] [XARM_manager]: Deactivated controllers: ['endpose_single_arm_qp_L_controller']
[GRASP-EXEC] PRE-HOME WAYPOINT: left -> joints=['0.000', '1.180', '0.000', '-1.300', '1.400', '-0.130', '0.180']
[INFO] [1783324101.718322563] [XARM_manager]: Activated controllers: ['jointspace_arm_L_controller']
[INFO] [1783324101.719417943] [XARM_manager]: Sending goal to action server /jointspace_arm_L_controller/jointspace (attempt 1/3):
eai_manipulator_msgs.action.JointSpace_Goal(target_positions=[0.0, 1.18, 0.0, -1.3, 1.4, -0.13, 0.18])
[INFO] [1783324101.722047461] [XARM_manager]: Goal accepted. Waiting for result...
[INFO] [1783324104.235620273] [XARM_manager]: Action result received from /jointspace_arm_L_controller/jointspace
[INFO] [1783324104.236067873] [XARM_manager]: Action result: eai_manipulator_msgs.action.JointSpace_Result(success=True, result_msg='action finished')
[GRASP-EXEC] pre-home waypoint result: eai_manipulator_msgs.action.JointSpace_Result(success=True, result_msg='action finished')
[GRASP-EXEC] RETURN HOME: left -> joints=['0.000', '1.180', '0.000', '-1.300', '1.400', '-0.130', '0.180']
[INFO] [1783324104.239955942] [XARM_manager]: Sending goal to action server /jointspace_arm_L_controller/jointspace (attempt 1/3):
eai_manipulator_msgs.action.JointSpace_Goal(target_positions=[0.0, 1.18, 0.0, -1.3, 1.4, -0.13, 0.18])
[INFO] [1783324104.242255825] [XARM_manager]: Goal accepted. Waiting for result...
[INFO] [1783324104.244726159] [XARM_manager]: Action result received from /jointspace_arm_L_controller/jointspace
[INFO] [1783324104.245304661] [XARM_manager]: Action result: eai_manipulator_msgs.action.JointSpace_Result(success=True, result_msg='action finished')
[GRASP-EXEC] return home result: eai_manipulator_msgs.action.JointSpace_Result(success=True, result_msg='action finished')
{
  "arm": "left",
  "pipeline_version": "accelerated",
  "motion_strategy": "qp_all",
  "dry_run": false,
  "motion": {
    "detected_pose7": [
      0.29831784145085444,
      0.33493446912503066,
      -0.03792280455475879,
      0.005546370707463516,
      -0.7311316484953378,
      -0.07080562070757333,
      0.6785295236146179
    ],
    "approach_pose7": [
      0.20416778718403747,
      0.3490586366246226,
      0.03633533119127862,
      -0.42924916504338667,
      0.4998651945215395,
      0.5703485145758981,
      -0.49049211363340534
    ],
    "grasp_pose7": [
      0.32176816145397746,
      0.3490586366246226,
      0.020524145203558903,
      -0.42924916504338667,
      0.4998651945215395,
      0.5703485145758981,
      -0.49049211363340534
    ],
    "lift_pose7": [
      0.32176816145397746,
      0.3490586366246226,
      0.1405241452035589,
      -0.5000222987772189,
      0.5596108463945337,
      0.5094408449417103,
      -0.42105038514198684
    ],
    "pre_home_pose7": [
      0.14176816145397747,
      0.2490586366246226,
      0.19052414520355893,
      -0.5000222987772189,
      0.5596108463945337,
      0.5094408449417103,
      -0.42105038514198684
    ],
    "grasp_xyz_offset_m": [
      0.02,
      0.0,
      0.005
    ],
    "grasp_quat": [
      -0.42924916504338667,
      0.4998651945215395,
      0.5703485145758981,
      -0.49049211363340534
    ],
    "use_fixed_grasp_quat": true,
    "phase_backends": {
      "approach": "qp_stream",
      "grasp": "qp_stream",
      "lift": "qp_stream"
    },
    "joint_limits_used": {
      "shoulder_pitch": [
        -2.96,
        2.96
      ],
      "shoulder_roll": [
        -0.262,
        2.616
      ],
      "shoulder_yaw": [
        -2.96,
        2.96
      ],
      "elbow_pitch": [
        -2.61,
        0.261
      ],
      "elbow_yaw": [
        -2.96,
        2.96
      ],
      "wrist_pitch": [
        -0.785,
        1.05
      ],
      "wrist_roll": [
        -1.65,
        1.3
      ]
    },
    "grasp_reach_retry_used": true,
    "grasp_reach_retry_yaw_scale": 0.5,
    "approach_tcp_tracking": {
      "commanded_xyz": [
        0.20416778718403747,
        0.3490586366246226,
        0.03633533119127862
      ],
      "achieved_xyz": [
        0.209475022813374,
        0.3455239115094849,
        0.05376692971321173
      ],
      "error_mm": [
        5.307235629336521,
        -3.5347251151376935,
        17.431598521933108
      ],
      "error_norm_mm": 18.561294639511132,
      "achieved_quat": [
        -0.4153283203993469,
        0.5122191503954492,
        0.5987576735213983,
        -0.45455822139926605
      ],
      "approach_axis_tilt_deg": 7.485070986596034,
      "commanded_approach_axis_tilt_deg": 7.571301087870146,
      "orientation_error_deg": 5.6664723996146575
    },
    "approach_joint_limits": {
      "closest": {
        "joint": "wrist_pitch",
        "value": -0.0515,
        "lower": -0.785,
        "upper": 1.05,
        "dist_to_limit": 0.7335,
        "nearest_side": "lower"
      },
      "breached": [],
      "margin_rad": 0.05
    },
    "compliant_insert": {
      "ok": true,
      "contact": true,
      "reason": "contact",
      "resist_n": 1.6014443402319167,
      "traveled_m": 0.034357793720211145,
      "planned_depth_m": 0.032081700084045255,
      "ft_topic": "/arm_6dof_left",
      "calib_path": "/home/ubuntu/niu/compliant_grasp_execute/ft_calibration/ft_calibration_left.json",
      "calib_present": true,
      "commanded_m": 0.05208170008404525,
      "throttle_events": 0,
      "contact_kind": "force"
    },
    "grasp_tcp_tracking": {
      "commanded_xyz": [
        0.32176816145397746,
        0.3490586366246226,
        0.020524145203558903
      ],
      "achieved_xyz": [
        0.3398955850668783,
        0.34778706004329313,
        0.03845926899022667
      ],
      "error_mm": [
        18.127423612900817,
        -1.271576581329481,
        17.935123786667766
      ],
      "error_norm_mm": 25.5321181864497,
      "achieved_quat": [
        -0.43660998054587524,
        0.5188034284306592,
        0.5700854702412549,
        -0.46391516913777636
      ],
      "approach_axis_tilt_deg": 4.613251245551055,
      "commanded_approach_axis_tilt_deg": 7.571301087870146,
      "orientation_error_deg": 3.833847041965307
    },
    "grasp_joint_limits": {
      "closest": {
        "joint": "wrist_pitch",
        "value": -0.0501,
        "lower": -0.785,
        "upper": 1.05,
        "dist_to_limit": 0.7349,
        "nearest_side": "lower"
      },
      "breached": [],
      "margin_rad": 0.05
    },
    "lift_joint_limits": {
      "closest": {
        "joint": "wrist_pitch",
        "value": -0.0124,
        "lower": -0.785,
        "upper": 1.05,
        "dist_to_limit": 0.7726,
        "nearest_side": "lower"
      },
      "breached": [],
      "margin_rad": 0.05
    },
    "retract_ok": null,
    "return_home_ok": true,
    "released_on_finish_ok": null,
    "approach_ok": true,
    "grasp_ok": true,
    "lift_ok": true
  },
  "detection": {
    "class_name": "remote-control",
    "pose_head_roll_link": [
      0.8134352223900302,
      0.3161583750009015,
      -0.12177659040994472,
      -0.3944064729077923,
      0.05674539065011201,
      0.9171571462934144,
      0.006801747666698274
    ],
    "pose_tip_waist_yaw_link_rpy": {
      "x": 0.5624489910856778,
      "y": 0.3093958868413255,
      "z": -0.019523983735886485,
      "roll": 0.11009071821842613,
      "pitch": 0.11259460606889249,
      "yaw": -3.1251520272714544
    },
    "pose_tip_used_for_tcp_conversion_rpy": {
      "x": 0.5624489910856778,
      "y": 0.3093958868413255,
      "z": -0.019523983735886485,
      "roll": 2.1278012229741083,
      "pitch": -1.4395792897914828,
      "yaw": -2.2203237252609096
    },
    "pose_tcp_waist_yaw_link_rpy": {
      "x": 0.29831784145085444,
      "y": 0.33493446912503066,
      "z": -0.03792280455475879,
      "roll": 2.1278012229741083,
      "pitch": -1.4395792897914828,
      "yaw": -2.2203237252609096
    },
    "pose_tcp_waist_yaw_link_pose7": [
      0.29831784145085444,
      0.33493446912503066,
      -0.03792280455475879,
      0.005546370707463516,
      -0.7311316484953378,
      -0.07080562070757333,
      0.6785295236146179
    ],
    "current_tcp_pose7": [
      0.3516910888323532,
      -0.5953523429648462,
      0.2749107523015959,
      0.005546370707463516,
      -0.7311316484953378,
      -0.07080562070757333,
      0.6785295236146179
    ],
    "tcp_minus_tip_waist_m": [
      -0.26413114963482337,
      0.025538582283705147,
      -0.018398820818872307
    ],
    "tcp_to_tip_offset_m": [
      0.0,
      0.0,
      -0.266
    ],
    "orientation_policy": "current",
    "use_current_tcp_rotation": true,
    "rotation_source_arm": "right",
    "bbox_2d": [
      335.76593017578125,
      266.9900817871094,
      400.96185302734375,
      437.3502197265625
    ],
    "bbox_3d": {
      "min": [
        0.7565928893159708,
        0.2916289986907832,
        -0.1819992752405409
      ],
      "max": [
        0.8818085395428663,
        0.3493152404443807,
        -0.053520708719650506
      ],
      "center": [
        0.8192007144294186,
        0.3204721195675819,
        -0.11775999198009571
      ],
      "size": [
        0.12521565022689551,
        0.057686241753597545,
        0.1284785665208904
      ]
    },
    "object_long_axis_waist": [
      -0.9935336328759774,
      -0.016335787042133728,
      -0.11235685295511053
    ],
    "object_long_axis_yaw_waist_deg": 0.9419785005925121,
    "object_angle_from_waist_x_deg": 0.9419785005925143
  },
  "gripper": {
    "open_ok": true,
    "close_ok": true,
    "final_pos_pct": 90.0,
    "backend": "modbus_rtu"
  },
  "ok": true
}
[GRASP-EXEC] saved result json: /tmp/grasp_exec.json
[GRASP-EXEC] saved handoff: /tmp/grasp_handoff.json (arm=left holding=True)



遥控器竖着放在桌子侧边，没抓到。