[日志] 日志文件: logs/grasp/grasp_260708_132050.log
[日志] 执行命令: python3 -m grasp_pose_place_execute.main
[CONFIG] loaded 91 params from /home/ubuntu/niu/grasp_pose_place_execute/config.yaml
[PLACE-EXEC] ARM: handoff /tmp/grasp_handoff.json -> arm='right' holding=True object=['remote-control']
[INFO] [1783488051.237942114] [XARM_manager]: waiting for service /controller_manager/get_parameters to become available...
[INFO] [1783488051.995396808] [XARM_manager]: XARM_manager initialized, robot_type: tianyi2, run_type: real
[INFO] [1783488052.000485737] [XARM_manager]: 已订阅关节状态话题: /joint_states
[INFO] [1783488052.005210192] [XARM_manager]: 已订阅警告和错误信息话题: /manipulator/warn_and_error_info
[INFO] [1783488052.013278081] [XARM_manager]: /joint_action_report 服务已启动
[PLACE-EXEC] applied place tilt +45.0deg about waist Y -> quat=['0.2294', '0.3262', '-0.6764', '-0.6193']
[PLACE-EXEC] place TCP target (waist) from handoff grasp_pose7 (original detected grasp position): x=0.3116 y=-0.2599 z=0.1899 (+5cm release clearance)
[PLACE-EXEC] approach along place axis: dist=0.120m extra_z=0.120m tool_z=[-0.714,-0.157,0.682] approach_xyz=['0.2259', '-0.2787', '0.3917']
[INFO] [1783488059.131914992] [XARM_manager]: Deactivated controllers: ['jointspace_arm_R_controller']
[PLACE-EXEC] arms enabled (mode 3); placing with 'right' arm
[PLACE-EXEC] gripper: connecting in background (overlaps approach)
[GRASP-EXEC] gripper: arm='right' -> stable by-id port /dev/serial/by-id/usb-FTDI_FT231X_USB_UART_D30JLK40-if00-port0
[INFO] [1783488059.155986781] [XARM_manager]: Deactivated controllers: []
[PLACE-EXEC] START HOME: right -> joints=['0.844', '-0.026', '0.006', '-2.216', '1.529', '0.200', '-0.683']
[INFO] [1783488059.172942709] [XARM_manager]: Activated controllers: ['jointspace_arm_R_controller']
[INFO] [1783488059.188957729] [XARM_manager]: Sending goal to action server /jointspace_arm_R_controller/jointspace (attempt 1/3):
eai_manipulator_msgs.action.JointSpace_Goal(target_positions=[0.844, -0.026, 0.006, -2.216, 1.529, 0.2, -0.683])
[INFO] [1783488059.190560402] [XARM_manager]: Goal accepted. Waiting for result...
[robotiq_api] gripper already activated (gSTA==3); skip resetActivate()
[GRASP-EXEC] gripper: cached serial port /dev/serial/by-id/usb-FTDI_FT231X_USB_UART_D30JLK40-if00-port0 -> /tmp/robotiq_gripper_port.txt
[GRASP-EXEC] gripper controller ready: backend=modbus_rtu port=auto slave=9 (wait_timeout=8.0s) [connect took 0.05s]
[INFO] [1783488059.755538706] [XARM_manager]: Action result received from /jointspace_arm_R_controller/jointspace
[INFO] [1783488059.756147754] [XARM_manager]: Action result: eai_manipulator_msgs.action.JointSpace_Result(success=True, result_msg='action finished')
[PLACE-EXEC] START HOME result: eai_manipulator_msgs.action.JointSpace_Result(success=True, result_msg='action finished')
[INFO] [1783488059.768440411] [XARM_manager]: Deactivated controllers: ['jointspace_arm_R_controller']
[WARN] [1783488060.403966129] [XARM_manager]: TF查找超时: waist_yaw_link <- right_tcp_link, 超时0.5s
[PLACE-EXEC] TF warmup ok: read TCP after 2 attempt(s)
[PLACE-EXEC] ARM: approach to middle waypoint
[INFO] [1783488060.421888846] [XARM_manager]: Activated controllers: ['endpose_single_arm_qp_R_controller']
[GRASP-EXEC] QP-Stream right -> approach (pure-pursuit): pos=27.5cm rot=74.6deg, lookahead=13cm @ 50Hz, pos_tol=2.0cm accept=2.5cm keep_ori=False
[GRASP-EXEC] approach TCP tracking: commanded=[0.2259,-0.2787,0.3917] achieved=[0.2347,-0.2648,0.4017] err=[+8.8,+14.0,+10.0]mm |err|=19.3mm approach-axis tilt: achieved=+37.2deg commanded=+43.0deg (0=level) ori-err=8.9deg
[PLACE-EXEC] ARM: HYBRID pre-descent (QP, fast transit) -> 16.5cm, leaving final 6.0cm for F/T compliant set-down
[GRASP-EXEC] QP-Stream right -> approach (pure-pursuit): pos=16.5cm rot=0.0deg, lookahead=13cm @ 50Hz, pos_tol=2.0cm accept=2.5cm keep_ori=True
[PLACE-EXEC] ARM: COMPLIANT set-down (F/T admittance descend-to-contact)
[INFO] [1783488066.219637409] [XARM_manager]: [COMPLIANT-RIGHT] Loaded F/T calibration from /home/ubuntu/niu/compliant_grasp_execute/ft_calibration/ft_calibration_right.json
[INFO] [1783488066.240570862] [XARM_manager]: [COMPLIANT-RIGHT] target set: p=[0.2765116949621651, -0.2687621332347617, 0.2437648559004908] q=[-0.19602807466807168, -0.38784155003888215, 0.6672534753840684, 0.6049171229129232]
[INFO] [1783488066.241032575] [XARM_manager]: [COMPLIANT-RIGHT] seeded QP target at captured pose (z=+0.2438).
[INFO] [1783488066.242188678] [XARM_manager]: [COMPLIANT-RIGHT] admittance loop starting (calibrating force offset; keep hands off the arm briefly)...
[INFO] [1783488066.572419442] [XARM_manager]: [COMPLIANT-RIGHT] runtime offset calibrated. p_ref=[0.2765116949621651, -0.2687621332347617, 0.2437648559004908], ready.
[COMPLIANT-INSERT] runtime force-offset calibrated in 0.34s
[INFO] [1783488066.587423940] [XARM_manager]: [COMPLIANT-RIGHT] gains updated: B=[3.9597979746446663, 5.6, 3.9597979746446663] K=[20.0, 40.0, 20.0] B_rot=[0.5, 0.5, 0.5] K_rot=[0.0, 0.0, 0.0]
[COMPLIANT-INSERT] insertion dir=[+0.46,+0.09,-0.88] planned_depth=11.4cm soft_axes=xz K=[20.0, 40.0, 20.0] B=[3.96, 5.6, 3.96] contact_thresh=1.5N
[INFO] [1783488067.404048826] [XARM_manager]: [COMPLIANT-RIGHT] n=200 hz=241.3 F=[+0.00,+0.00,+0.00]N disp=[-2.0,-0.3,+2.5]cm v=[+0.10,+0.02,-0.13]
[COMPLIANT-INSERT] insert s=6.2cm tcp_drop=3.1cm lag=+2.9cm resist=+0.18N (throttle x0)
[INFO] [1783488068.231744909] [XARM_manager]: [COMPLIANT-RIGHT] n=400 hz=241.6 F=[+0.00,+0.00,+0.00]N disp=[-2.7,-0.3,+2.1]cm v=[+0.13,+0.02,-0.11]
[COMPLIANT-INSERT] insert s=10.0cm tcp_drop=6.8cm lag=+3.0cm resist=-0.06N (throttle x0)
[INFO] [1783488069.065876531] [XARM_manager]: [COMPLIANT-RIGHT] n=600 hz=240.6 F=[+0.00,+0.00,+0.29]N disp=[-2.8,-0.3,+2.1]cm v=[+0.14,+0.02,-0.06]
[INFO] [1783488069.101137363] [XARM_manager]: [COMPLIANT-RIGHT] gains updated: B=[10.844353369380768, 10.844353369380768, 10.844353369380768] K=[150.0, 150.0, 150.0] B_rot=[0.5, 0.5, 0.5] K_rot=[0.0, 0.0, 0.0]
[INFO] [1783488069.102241768] [XARM_manager]: [COMPLIANT-RIGHT] target set: p=[0.30231875696523774, -0.2610250867082607, 0.16013871132718352] q=[-0.19602807466807168, -0.38784155003888215, 0.6672534753840684, 0.6049171229129232]
[COMPLIANT-INSERT] CONTACT (force) at tcp_drop 8.6cm (resist 4.2N, thresh 1.5N); holding compliant for gripper close
[GRASP-EXEC] place TCP tracking: commanded=[0.3116,-0.2599,0.1899] achieved=[0.3062,-0.2605,0.1624] err=[-5.4,-0.6,-27.4]mm |err|=27.9mm approach-axis tilt: achieved=+38.4deg commanded=+43.0deg (0=level) ori-err=9.7deg
[PLACE-EXEC] GRIPPER: release (open) at place pose
[GRASP-EXEC] gripper release: start=89% -> target=0%
[INFO] [1783488069.895307550] [XARM_manager]: [COMPLIANT-RIGHT] n=800 hz=241.7 F=[+0.00,+0.00,+0.00]N disp=[+0.2,-0.1,+0.2]cm v=[-0.02,+0.01,-0.01]
[GRASP-EXEC] gripper release result: pos=1% status=3 ok=True
[INFO] [1783488070.190294220] [XARM_manager]: [COMPLIANT-RIGHT] admittance loop stopped.
[PLACE-EXEC] ARM: retract to pre-insert standoff (keep orientation)
[GRASP-EXEC] QP-Stream right -> retract (pure-pursuit): pos=24.2cm rot=0.0deg, lookahead=13cm @ 50Hz, pos_tol=2.0cm accept=2.5cm keep_ori=True
[GRASP-EXEC] retract TCP tracking: commanded=[0.2259,-0.2787,0.3917] achieved=[0.2418,-0.2856,0.4000] err=[+15.9,-6.9,+8.3]mm |err|=19.2mm approach-axis tilt: achieved=+35.5deg commanded=+43.0deg (0=level) ori-err=10.4deg
[INFO] [1783488073.062186077] [XARM_manager]: Deactivated controllers: ['endpose_single_arm_qp_R_controller']
[PLACE-EXEC] RETURN HOME: right -> joints=['0.844', '-0.026', '0.006', '-2.216', '1.529', '0.200', '-0.683']
[INFO] [1783488073.081283389] [XARM_manager]: Activated controllers: ['jointspace_arm_R_controller']
[INFO] [1783488073.082468320] [XARM_manager]: Sending goal to action server /jointspace_arm_R_controller/jointspace (attempt 1/3):
eai_manipulator_msgs.action.JointSpace_Goal(target_positions=[0.844, -0.026, 0.006, -2.216, 1.529, 0.2, -0.683])
[INFO] [1783488073.084720027] [XARM_manager]: Goal accepted. Waiting for result...
[INFO] [1783488075.747804544] [XARM_manager]: Action result received from /jointspace_arm_R_controller/jointspace
[INFO] [1783488075.748314240] [XARM_manager]: Action result: eai_manipulator_msgs.action.JointSpace_Result(success=True, result_msg='action finished')
[PLACE-EXEC] RETURN HOME result: eai_manipulator_msgs.action.JointSpace_Result(success=True, result_msg='action finished')
{
  "arm": "right",
  "motion_strategy": "qp_all",
  "dry_run": false,
  "motion": {
    "place_pose7": [
      0.3116068456949323,
      -0.2598876742856466,
      0.18985424671058104,
      0.22941393277711944,
      0.3262292453010775,
      -0.6763556988345837,
      -0.6192630261948527
    ],
    "approach_pose7": [
      0.22588193437390824,
      -0.2787467405871828,
      0.391680741180507,
      0.22941393277711944,
      0.3262292453010775,
      -0.6763556988345837,
      -0.6192630261948527
    ],
    "approach_tcp_tracking": {
      "commanded_xyz": [
        0.22588193437390824,
        -0.2787467405871828,
        0.391680741180507
      ],
      "achieved_xyz": [
        0.23466847736299976,
        -0.26475585800593693,
        0.40165388152672765
      ],
      "error_mm": [
        8.786542989091512,
        13.990882581245867,
        9.973140346220655
      ],
      "error_norm_mm": 19.297970397603383,
      "achieved_quat": [
        -0.20502342848141927,
        -0.3942606355521414,
        0.6733832338222904,
        0.5908290492475642
      ],
      "approach_axis_tilt_deg": 37.232288085809195,
      "commanded_approach_axis_tilt_deg": 42.99131199460442,
      "orientation_error_deg": 8.908369049753823
    },
    "compliant_place": {
      "ok": true,
      "contact": true,
      "reason": "contact",
      "resist_n": 4.178080068632284,
      "traveled_m": 0.08648410149426254,
      "planned_depth_m": 0.11401682905484795,
      "ft_topic": "/arm_6dof_right",
      "calib_path": "/home/ubuntu/niu/compliant_grasp_execute/ft_calibration/ft_calibration_right.json",
      "calib_present": true,
      "commanded_m": 0.11636389515200371,
      "throttle_events": 0,
      "contact_kind": "force"
    },
    "place_tcp_tracking": {
      "commanded_xyz": [
        0.3116068456949323,
        -0.2598876742856466,
        0.18985424671058104
      ],
      "achieved_xyz": [
        0.30623477784679853,
        -0.2604793710827567,
        0.16243862627981756
      ],
      "error_mm": [
        -5.372067848133765,
        -0.5916967971101306,
        -27.415620430763482
      ],
      "error_norm_mm": 27.9432543142054,
      "achieved_quat": [
        -0.18349889496601457,
        -0.39454912495804406,
        0.6583797597124171,
        0.6141622224967223
      ],
      "approach_axis_tilt_deg": 38.41246681683283,
      "commanded_approach_axis_tilt_deg": 42.99131199460442,
      "orientation_error_deg": 9.675480231204626
    },
    "retract_tcp_tracking": {
      "commanded_xyz": [
        0.22588193437390824,
        -0.2787467405871828,
        0.391680741180507
      ],
      "achieved_xyz": [
        0.24178228902847063,
        -0.28564136748716074,
        0.39995634082770004
      ],
      "error_mm": [
        15.900354654562381,
        -6.89462689997794,
        8.275599647193044
      ],
      "error_norm_mm": 19.20527812220861,
      "achieved_quat": [
        -0.20609260108859556,
        -0.4092399755292401,
        0.6552030381553224,
        0.6006308858170707
      ],
      "approach_axis_tilt_deg": 35.45736288787467,
      "commanded_approach_axis_tilt_deg": 42.99131199460442,
      "orientation_error_deg": 10.398770208793339
    },
    "approach_ok": true,
    "place_ok": true,
    "released_ok": true,
    "lift_ok": null,
    "retract_ok": true,
    "return_home_ok": true
  },
  "ok": true
}
[PLACE-EXEC] saved result json: /tmp/place_exec.json
[PLACE-EXEC] updated handoff: /tmp/grasp_handoff.json (holding=false, placed=true)
