[日志] 日志文件: logs/grasp/grasp_260706_165437.log
[日志] 执行命令: python3 -m compliant_grasp_execute.main
[INFO] [1783328077.826647765] [XARM_manager]: waiting for service /controller_manager/get_parameters to become available...
[INFO] [1783328079.146174043] [XARM_manager]: XARM_manager initialized, robot_type: tianyi2, run_type: real
[INFO] [1783328079.154591951] [XARM_manager]: 已订阅关节状态话题: /joint_states
[INFO] [1783328079.160792707] [XARM_manager]: 已订阅警告和错误信息话题: /manipulator/warn_and_error_info
[INFO] [1783328079.179083942] [XARM_manager]: /joint_action_report 服务已启动
[CONFIG] loaded 198 params from /home/ubuntu/niu/compliant_grasp_execute/config.yaml
[GRASP-EXEC] STARTUP: enabling arms and moving BOTH to home posture
[INFO] [1783328082.710740099] [XARM_manager]: Deactivated controllers: ['jointspace_arm_R_controller']
[GRASP-EXEC] STARTUP: left -> home joints=['0.000', '1.180', '0.000', '-1.300', '1.400', '-0.130', '0.180']
[INFO] [1783328082.734081313] [XARM_manager]: Activated controllers: ['jointspace_arm_L_controller']
[INFO] [1783328082.753857387] [XARM_manager]: Sending goal to action server /jointspace_arm_L_controller/jointspace (attempt 1/3):
eai_manipulator_msgs.action.JointSpace_Goal(target_positions=[0.0, 1.18, 0.0, -1.3, 1.4, -0.13, 0.18])
[INFO] [1783328082.956836834] [XARM_manager]: Goal accepted. Waiting for result...
[INFO] [1783328083.109571937] [XARM_manager]: Action result received from /jointspace_arm_L_controller/jointspace
[INFO] [1783328083.110580563] [XARM_manager]: Action result: eai_manipulator_msgs.action.JointSpace_Result(success=True, result_msg='action finished')
[GRASP-EXEC] STARTUP: right -> home joints=['0.000', '-1.180', '0.000', '-1.300', '-1.400', '-0.130', '0.180']
[INFO] [1783328083.130365350] [XARM_manager]: Activated controllers: ['jointspace_arm_R_controller']
[INFO] [1783328083.150105660] [XARM_manager]: Sending goal to action server /jointspace_arm_R_controller/jointspace (attempt 1/3):
eai_manipulator_msgs.action.JointSpace_Goal(target_positions=[0.0, -1.18, 0.0, -1.3, -1.4, -0.13, 0.18])
[INFO] [1783328083.697207065] [XARM_manager]: Goal accepted. Waiting for result...
[INFO] [1783328083.823931307] [XARM_manager]: Action result received from /jointspace_arm_R_controller/jointspace
[INFO] [1783328083.824201017] [XARM_manager]: Action result: eai_manipulator_msgs.action.JointSpace_Result(success=True, result_msg='action finished')
[GRASP-EXEC] STARTUP: activating both grippers (open/close cycle)
[robotiq_api] gripper already activated (gSTA==3); skip resetActivate()
[GRASP-EXEC] STARTUP: gripper 'left' activated
[robotiq_api] gripper already activated (gSTA==3); skip resetActivate()
[GRASP-EXEC] STARTUP: gripper 'right' activated
perception health check pass
[object_pose] RGB (720, 1280, 3), depth (720, 1280), valid-depth pixels: 903912/921600 (median valid depth 1.202 m)
[GRASP-EXEC] ARM-SELECT: object waist Y=-0.129m (y < boundary 0.000) -> 'right' arm
[GRASP-EXEC] diagonal schedule: angle-from-X=82.8839110327269deg -> tilt_scale=0.50, yaw_clamp=45.0deg (freed wrist_pitch, raised jaw alignment)
[GRASP-EXEC] applied grasp tilt +22.5deg about waist Y (tilt scale 1.00 x diag 0.50) -> quat=['0.3570', '0.4408', '-0.6186', '-0.5437']
[GRASP-EXEC] continuous orientation: object long-axis yaw -82.9deg (angle-from-X 82.9deg); applied continuous yaw -45.0deg about waist Z (gain=1.00, clamp +/-45deg) -> quat=['0.4985', '0.2706', '-0.3634', '-0.7391']
[GRASP-EXEC] recomputed TCP along final quat: detected_tcp_xyz=['0.2666', '-0.1034', '-0.0443'] -> consistent_tcp_xyz=['0.3279', '0.0150', '0.0693']
[GRASP-EXEC] approach lateral clamp: approach Y +0.0798 -> +0.0150 (= grasp Y); tool_z outboard component would have pushed the standoff further from center than the grasp, which folds the elbow into its stop at far-outboard reaches.
[GRASP-EXEC] approach along grasp axis: dist=0.120m tool_z=[-0.762,0.540,0.357] approach_xyz=['0.2564', '0.0150', '0.1171']
[GRASP-EXEC] applied lift tilt -15.0deg about waist Y -> lift quat=['0.5416', '0.3648', '-0.2953', '-0.6974']
[GRASP-EXEC] detected class=remote-control detected_pose7=['0.2666', '-0.1034', '-0.0443', '0.0059', '-0.7316', '-0.0703', '0.6781'] -> motion grasp_pose7=['0.3479', '0.0150', '0.0743', '0.4985', '0.2706', '-0.3634', '-0.7391']
[INFO] [1783328087.318811131] [XARM_manager]: Deactivated controllers: ['jointspace_arm_L_controller', 'jointspace_arm_R_controller']
[GRASP-EXEC] arms enabled (mode 3) [took 0.02s]
[JOINT-LIMIT] right: using live controller limits from endpose_single_arm_qp_R_controller
[GRASP-EXEC] joint-limit guard ON (margin 0.050 rad) arm=right
[GRASP-EXEC] gripper: connecting in background (overlaps arm enable + approach to hide the slow serial open; --no-gripper-async-connect for the old blocking behaviour)
[GRASP-EXEC] ARM: approach via qp_stream
[GRASP-EXEC] ELBOW-HIGH (proactive): object long axis ~parallel to body (angle-from-X=82.8839110327269 >= 45.0deg); the elbow-high seed's fore-aft jaws match a parallel object's short axis; reconfiguring to elbow-high seed before approach.
[GRASP-EXEC] elbow-high seed ready/right: clamped 1 joint(s) inward (margin 0.05rad): shoulder_yaw +2.964->+2.910 [-2.960,2.960]
[GRASP-EXEC] ELBOW-HIGH: reconfiguring right arm into elbow-high seed (jointspace, via transition waypoint). NOTE: jointspace moves run at the controller's own speed; watch the first reconfiguration for table/body clearance.
[GRASP-EXEC] gripper: arm='right' -> stable by-id port /dev/serial/by-id/usb-FTDI_FT231X_USB_UART_D30JLK40-if00-port0
[GRASP-EXEC] ELBOW-HIGH: right -> transition joints=['-1.452', '-0.585', '1.455', '-1.870', '-0.746', '-0.142', '0.087']
[INFO] [1783328087.370075272] [XARM_manager]: Activated controllers: ['jointspace_arm_R_controller']
[INFO] [1783328087.370953010] [XARM_manager]: Sending goal to action server /jointspace_arm_R_controller/jointspace (attempt 1/3):
eai_manipulator_msgs.action.JointSpace_Goal(target_positions=[-1.4525, -0.5845, 1.455, -1.87, -0.7456999999999999, -0.14179999999999998, 0.08685])
[INFO] [1783328087.374871236] [XARM_manager]: Goal accepted. Waiting for result...
[robotiq_api] gripper already activated (gSTA==3); skip resetActivate()
[GRASP-EXEC] gripper: cached serial port /dev/serial/by-id/usb-FTDI_FT231X_USB_UART_D30JLK40-if00-port0 -> /tmp/robotiq_gripper_port.txt
[GRASP-EXEC] gripper controller ready: backend=modbus_rtu port=auto slave=9 (wait_timeout=8.0s) [connect took 0.05s]
[INFO] [1783328089.241652378] [XARM_manager]: Action result received from /jointspace_arm_R_controller/jointspace
[INFO] [1783328089.241912516] [XARM_manager]: Action result: eai_manipulator_msgs.action.JointSpace_Result(success=True, result_msg='action finished')
[GRASP-EXEC] ELBOW-HIGH: transition move result: eai_manipulator_msgs.action.JointSpace_Result(success=True, result_msg='action finished')
[GRASP-EXEC] ELBOW-HIGH: right -> ready joints=['-2.905', '0.011', '2.910', '-2.440', '-0.091', '-0.154', '-0.006']
[INFO] [1783328089.244601506] [XARM_manager]: Sending goal to action server /jointspace_arm_R_controller/jointspace (attempt 1/3):
eai_manipulator_msgs.action.JointSpace_Goal(target_positions=[-2.905, 0.011, 2.91, -2.44, -0.0914, -0.1536, -0.0063])
[INFO] [1783328089.245577600] [XARM_manager]: Goal accepted. Waiting for result...
[INFO] [1783328091.101269045] [XARM_manager]: Action result received from /jointspace_arm_R_controller/jointspace
[INFO] [1783328091.101574323] [XARM_manager]: Action result: eai_manipulator_msgs.action.JointSpace_Result(success=True, result_msg='action finished')
[GRASP-EXEC] ELBOW-HIGH: ready move result: eai_manipulator_msgs.action.JointSpace_Result(success=True, result_msg='action finished')
[JOINT-LIMIT] right closest-to-limit: shoulder_pitch=-2.7899 [-2.96,2.96] dist=0.1701rad
[GRASP-EXEC] continuous orientation: object long-axis yaw -82.9deg (angle-from-X 82.9deg); applied continuous yaw -3.0deg about waist Z (gain=1.00, clamp +/-90deg) [top-down jaw-align: base jaw heading -169.9deg -> short-axis +7.1deg] -> quat=['-0.2284', '-0.2621', '0.9296', '-0.1225']
[GRASP-EXEC] recomputed TCP along final quat: detected_tcp_xyz=['0.2666', '-0.1034', '-0.0443'] -> consistent_tcp_xyz=['0.4348', '-0.2731', '0.1761']
[GRASP-EXEC] approach lateral clamp: approach Y -0.3383 -> -0.2731 (= grasp Y); tool_z outboard component would have pushed the standoff further from center than the grasp, which folds the elbow into its stop at far-outboard reaches.
[GRASP-EXEC] approach along grasp axis: dist=0.120m tool_z=[-0.360,-0.543,0.758] approach_xyz=['0.4116', '-0.2731', '0.2721']
[GRASP-EXEC] applied lift tilt -15.0deg about waist Y -> lift quat=['-0.3477', '-0.2439', '0.8918', '-0.1557']
[GRASP-EXEC] ELBOW-HIGH: using SEED grasp orientation (proactive); rebuilt grasp/approach/lift poses. The seed-anchored mode keeps the orientation the arm is already in, so the approach only translates and the wrist stays in range.
[GRASP-EXEC] ELBOW-HIGH QP joint window set on endpose_single_arm_qp_R_controller (flex 0.40rad, drop 0.15rad): shoulder_pitch[-2.96,-2.64], shoulder_roll[-0.55,0.00], shoulder_yaw[2.41,2.96], elbow_pitch[-2.61,-2.14], elbow_yaw[-0.55,-0.00]. Asymmetric: tight on the drop side so the elbow is actually held high; loose on the flex side so the arm can still reach.
[GRASP-EXEC] ELBOW-HIGH: wrist guard margin relaxed to 0.010rad (from 0.050) so the nose-down grasp can reach wrist_pitch~-0.71 (still inside the -0.785 stop). Other joints keep the full margin.
[INFO] [1783328091.119817004] [XARM_manager]: Deactivated controllers: ['jointspace_arm_R_controller']
[INFO] [1783328091.128976492] [XARM_manager]: Activated controllers: ['endpose_single_arm_qp_R_controller']
[GRASP-EXEC] QP-Stream right -> approach (pure-pursuit): pos=28.5cm rot=12.4deg, lookahead=13cm @ 50Hz, pos_tol=2.0cm accept=2.5cm keep_ori=False
[GRASP-EXEC] approach TCP tracking: commanded=[0.4116,-0.2731,0.2721] achieved=[0.4047,-0.2737,0.2538] err=[-6.9,-0.6,-18.3]mm |err|=19.6mm approach-axis tilt: achieved=+52.6deg commanded=+49.3deg (0=level) ori-err=3.7deg
[JOINT-LIMIT] right closest-to-limit: wrist_pitch=-0.7372 [-0.785,1.05] dist=0.0478rad
[JOINT-LIMIT] right approach per-joint: shoulder_pitch=-1.493[-2.96,+2.96](1.467) shoulder_roll=-1.022[-2.62,+0.26](1.284) shoulder_yaw=+1.684[-2.96,+2.96](1.276) elbow_pitch=-1.673[-2.61,+0.26](0.938) elbow_yaw=+0.945[-2.96,+2.96](2.015) wrist_pitch=-0.737[-0.79,+1.05](0.048) wrist_roll=+0.189[-1.30,+1.65](1.461)
[GRASP-EXEC] GRIPPER: open (after approach, before grasp insert)
[GRASP-EXEC] gripper already open enough: 1% (skip open command)
[GRASP-EXEC] ARM: HYBRID pre-descent (position QP-stream) -> 5.8cm, leaving final 3.0cm for F/T compliant descend-to-contact
[GRASP-EXEC] QP-Stream right -> pre-grasp (pure-pursuit): pos=5.8cm rot=0.0deg, lookahead=8cm @ 50Hz, pos_tol=1.0cm accept=2.5cm keep_ori=True
[GRASP-EXEC] ARM: COMPLIANT insert to grasp pose (F/T admittance descend-to-contact)
[INFO] [1783328095.933572134] [XARM_manager]: [COMPLIANT-RIGHT] Loaded F/T calibration from /home/ubuntu/niu/compliant_grasp_execute/ft_calibration/ft_calibration_right.json
[INFO] [1783328095.954211707] [XARM_manager]: [COMPLIANT-RIGHT] target set: p=[0.4286035274175245, -0.27394929796034906, 0.2048017273530447] q=[-0.19062457697826318, -0.25422257729015685, 0.9390714446772573, -0.1310647688724061]
[INFO] [1783328095.955871833] [XARM_manager]: [COMPLIANT-RIGHT] seeded QP target at captured pose (z=+0.2048).
[INFO] [1783328095.956636623] [XARM_manager]: [COMPLIANT-RIGHT] admittance loop starting (calibrating force offset; keep hands off the arm briefly)...
[INFO] [1783328096.283411718] [XARM_manager]: [COMPLIANT-RIGHT] runtime offset calibrated. p_ref=[0.4286035274175245, -0.27394929796034906, 0.2048017273530447], ready.
[COMPLIANT-INSERT] runtime force-offset calibrated in 0.35s
[INFO] [1783328096.302330223] [XARM_manager]: [COMPLIANT-RIGHT] gains updated: B=[3.9597979746446663, 5.6, 3.9597979746446663] K=[20.0, 40.0, 20.0] B_rot=[0.5, 0.5, 0.5] K_rot=[0.0, 0.0, 0.0]
[COMPLIANT-INSERT] insertion dir=[+0.74,+0.02,-0.67] planned_depth=3.5cm soft_axes=xz K=[20.0, 40.0, 20.0] B=[3.96, 5.6, 3.96] contact_thresh=1.5N
[INFO] [1783328096.750055694] [XARM_manager]: [COMPLIANT-RIGHT] gains updated: B=[10.844353369380768, 10.844353369380768, 10.844353369380768] K=[150.0, 150.0, 150.0] B_rot=[0.5, 0.5, 0.5] K_rot=[0.0, 0.0, 0.0]
[INFO] [1783328096.750579772] [XARM_manager]: [COMPLIANT-RIGHT] target set: p=[0.43074870681464905, -0.27373449932062066, 0.19454300590478896] q=[-0.19062457697826318, -0.25422257729015685, 0.9390714446772573, -0.1310647688724061]
[COMPLIANT-INSERT] CONTACT (force) at tcp_drop 0.8cm (resist 1.9N, thresh 1.5N); holding compliant for gripper close
[GRASP-EXEC] grasp TCP tracking: commanded=[0.4548,-0.2731,0.1811] achieved=[0.4327,-0.2734,0.1955] err=[-22.2,-0.3,+14.4]mm |err|=26.4mm approach-axis tilt: achieved=+52.9deg commanded=+49.3deg (0=level) ori-err=5.2deg
[JOINT-LIMIT] right closest-to-limit: wrist_pitch=-0.7644 [-0.785,1.05] dist=0.0206rad
[JOINT-LIMIT] right grasp per-joint: shoulder_pitch=-1.296[-2.96,+2.96](1.664) shoulder_roll=-0.892[-2.62,+0.26](1.154) shoulder_yaw=+1.574[-2.96,+2.96](1.386) elbow_pitch=-1.453[-2.61,+0.26](1.157) elbow_yaw=+1.149[-2.96,+2.96](1.811) wrist_pitch=-0.764[-0.79,+1.05](0.021) wrist_roll=+0.036[-1.30,+1.65](1.336)
[GRASP-EXEC] GRIPPER: close at grasp pose (after arm motion, not at approach)
[INFO] [1783328097.117009291] [XARM_manager]: [COMPLIANT-RIGHT] n=200 hz=241.2 F=[+0.00,+0.00,+0.27]N disp=[+0.2,-0.0,+0.3]cm v=[-0.03,+0.01,+0.01]
[GRASP-EXEC] gripper close: start=1% -> target=100%
[INFO] [1783328097.952083950] [XARM_manager]: [COMPLIANT-RIGHT] n=400 hz=240.4 F=[+0.00,+0.00,+0.76]N disp=[+0.1,+0.1,+1.0]cm v=[-0.02,-0.01,-0.09]
[GRASP-EXEC] gripper close result: pos=90% status=3 ok=True
[INFO] [1783328098.003792319] [XARM_manager]: [COMPLIANT-RIGHT] admittance loop stopped.
[GRASP-EXEC] ARM: rotate wrist away from table -20deg about waist Y before lift
[GRASP-EXEC] QP-Stream right -> table-clear (pure-pursuit): pos=0.0cm rot=20.0deg, lookahead=13cm @ 50Hz, pos_tol=2.0cm accept=2.5cm keep_ori=False
[GRASP-EXEC] ARM: lift after grasp
[GRASP-EXEC] QP-Stream right -> lift (pure-pursuit): pos=10.0cm rot=0.0deg, lookahead=13cm @ 50Hz, pos_tol=2.0cm accept=2.5cm keep_ori=True
[JOINT-LIMIT] right closest-to-limit: wrist_pitch=-0.7414 [-0.785,1.05] dist=0.0436rad
[JOINT-LIMIT] right lift per-joint: shoulder_pitch=-1.589[-2.96,+2.96](1.371) shoulder_roll=-0.905[-2.62,+0.26](1.167) shoulder_yaw=+1.699[-2.96,+2.96](1.261) elbow_pitch=-1.486[-2.61,+0.26](1.124) elbow_yaw=+0.953[-2.96,+2.96](2.007) wrist_pitch=-0.741[-0.79,+1.05](0.044) wrist_roll=+0.045[-1.30,+1.65](1.345)
[GRASP-EXEC] ELBOW-HIGH QP joint limits restored on endpose_single_arm_qp_R_controller (back to hard limits).
[GRASP-EXEC] ELBOW-HIGH: wrist guard margin restored to full.
[INFO] [1783328098.635062865] [XARM_manager]: Deactivated controllers: ['endpose_single_arm_qp_R_controller']
[GRASP-EXEC] elbow-high seed ready/right: clamped 1 joint(s) inward (margin 0.05rad): shoulder_yaw +2.964->+2.910 [-2.960,2.960]
[GRASP-EXEC] ELBOW-HIGH: returning via transition waypoint before home (bridges elbow-high -> elbow-low without a large sweep).
[GRASP-EXEC] ELBOW-HIGH: right -> transition(return) joints=['-1.452', '-0.585', '1.455', '-1.870', '-0.746', '-0.142', '0.087']
[INFO] [1783328098.658633311] [XARM_manager]: Activated controllers: ['jointspace_arm_R_controller']
[INFO] [1783328098.659886146] [XARM_manager]: Sending goal to action server /jointspace_arm_R_controller/jointspace (attempt 1/3):
eai_manipulator_msgs.action.JointSpace_Goal(target_positions=[-1.4525, -0.5845, 1.455, -1.87, -0.7456999999999999, -0.14179999999999998, 0.08685])
[INFO] [1783328098.661628257] [XARM_manager]: Goal accepted. Waiting for result...
[INFO] [1783328100.696620143] [XARM_manager]: Action result received from /jointspace_arm_R_controller/jointspace
[INFO] [1783328100.697105858] [XARM_manager]: Action result: eai_manipulator_msgs.action.JointSpace_Result(success=True, result_msg='action finished')
[GRASP-EXEC] ELBOW-HIGH: transition(return) move result: eai_manipulator_msgs.action.JointSpace_Result(success=True, result_msg='action finished')
[GRASP-EXEC] PRE-HOME WAYPOINT: right -> joints=['0.000', '-1.180', '0.000', '-1.300', '-1.400', '-0.130', '0.180']
[INFO] [1783328100.701576246] [XARM_manager]: Sending goal to action server /jointspace_arm_R_controller/jointspace (attempt 1/3):
eai_manipulator_msgs.action.JointSpace_Goal(target_positions=[0.0, -1.18, 0.0, -1.3, -1.4, -0.13, 0.18])
[INFO] [1783328100.703331736] [XARM_manager]: Goal accepted. Waiting for result...
[INFO] [1783328102.561992542] [XARM_manager]: Action result received from /jointspace_arm_R_controller/jointspace
[INFO] [1783328102.562276755] [XARM_manager]: Action result: eai_manipulator_msgs.action.JointSpace_Result(success=True, result_msg='action finished')
[GRASP-EXEC] pre-home waypoint result: eai_manipulator_msgs.action.JointSpace_Result(success=True, result_msg='action finished')
[GRASP-EXEC] RETURN HOME: right -> joints=['0.000', '-1.180', '0.000', '-1.300', '-1.400', '-0.130', '0.180']
[INFO] [1783328102.565093338] [XARM_manager]: Sending goal to action server /jointspace_arm_R_controller/jointspace (attempt 1/3):
eai_manipulator_msgs.action.JointSpace_Goal(target_positions=[0.0, -1.18, 0.0, -1.3, -1.4, -0.13, 0.18])
[INFO] [1783328102.568120996] [XARM_manager]: Goal accepted. Waiting for result...
[INFO] [1783328102.569172270] [XARM_manager]: Action result received from /jointspace_arm_R_controller/jointspace
[INFO] [1783328102.569417755] [XARM_manager]: Action result: eai_manipulator_msgs.action.JointSpace_Result(success=True, result_msg='action finished')
[GRASP-EXEC] return home result: eai_manipulator_msgs.action.JointSpace_Result(success=True, result_msg='action finished')
{
  "arm": "right",
  "pipeline_version": "accelerated",
  "motion_strategy": "qp_all",
  "dry_run": false,
  "motion": {
    "detected_pose7": [
      0.26655519788031545,
      -0.10341442886705143,
      -0.044313098073101395,
      0.005905685503135885,
      -0.7315548571794951,
      -0.07025002774762139,
      0.6781279727435562
    ],
    "approach_pose7": [
      0.41159826867576577,
      -0.27312651883378375,
      0.2721249283805178,
      -0.22836581109734247,
      -0.26209541848280704,
      0.9295939498320146,
      -0.12251586169916648
    ],
    "grasp_pose7": [
      0.4548406599481847,
      -0.27312651883378375,
      0.18112771687679577,
      -0.22836581109734247,
      -0.26209541848280704,
      0.9295939498320146,
      -0.12251586169916648
    ],
    "lift_pose7": [
      0.4548406599481847,
      -0.27312651883378375,
      0.30112771687679574,
      -0.34774846850829294,
      -0.24386162693024674,
      0.8918334249693547,
      -0.15567803849130474
    ],
    "pre_home_pose7": [
      0.2748406599481847,
      -0.3731265188337838,
      0.3511277168767957,
      -0.34774846850829294,
      -0.24386162693024674,
      0.8918334249693547,
      -0.15567803849130474
    ],
    "grasp_xyz_offset_m": [
      0.02,
      0.0,
      0.005
    ],
    "grasp_quat": [
      -0.22836581109734247,
      -0.26209541848280704,
      0.9295939498320146,
      -0.12251586169916648
    ],
    "use_fixed_grasp_quat": true,
    "phase_backends": {
      "approach": "qp_stream",
      "grasp": "qp_stream",
      "lift": "qp_stream"
    },
    "joint_limits_used": {
      "shoulder_pitch": [
        -2.96,
        2.96
      ],
      "shoulder_roll": [
        -2.616,
        0.262
      ],
      "shoulder_yaw": [
        -2.96,
        2.96
      ],
      "elbow_pitch": [
        -2.61,
        0.261
      ],
      "elbow_yaw": [
        -2.96,
        2.96
      ],
      "wrist_pitch": [
        -0.785,
        1.05
      ],
      "wrist_roll": [
        -1.3,
        1.65
      ]
    },
    "elbow_high_proactive_used": true,
    "elbow_high_orientation": "seed",
    "approach_tcp_tracking": {
      "commanded_xyz": [
        0.41159826867576577,
        -0.27312651883378375,
        0.2721249283805178
      ],
      "achieved_xyz": [
        0.40467805579459587,
        -0.27369750415786376,
        0.25381304926671194
      ],
      "error_mm": [
        -6.9202128811698955,
        -0.5709853240800089,
        -18.311879113805883
      ],
      "error_norm_mm": 19.584184620240507,
      "achieved_quat": [
        -0.1995166609730967,
        -0.2508940054867833,
        0.938953331905941,
        -0.12494775111091944
      ],
      "approach_axis_tilt_deg": 52.607167982555374,
      "commanded_approach_axis_tilt_deg": 49.31544531540689,
      "orientation_error_deg": 3.7155760248965852
    },
    "approach_joint_limits": {
      "closest": {
        "joint": "wrist_pitch",
        "value": -0.7372,
        "lower": -0.785,
        "upper": 1.05,
        "dist_to_limit": 0.0478,
        "nearest_side": "lower"
      },
      "breached": [],
      "margin_rad": 0.05
    },
    "compliant_insert": {
      "ok": true,
      "contact": true,
      "reason": "contact",
      "resist_n": 1.8532351759243901,
      "traveled_m": 0.008467810498668701,
      "planned_depth_m": 0.035348590650152965,
      "ft_topic": "/arm_6dof_right",
      "calib_path": "/home/ubuntu/niu/compliant_grasp_execute/ft_calibration/ft_calibration_right.json",
      "calib_present": true,
      "commanded_m": 0.048967810498668704,
      "throttle_events": 0,
      "contact_kind": "force"
    },
    "grasp_tcp_tracking": {
      "commanded_xyz": [
        0.4548406599481847,
        -0.27312651883378375,
        0.18112771687679577
      ],
      "achieved_xyz": [
        0.4326663156308244,
        -0.27342871015343495,
        0.195520819372695
      ],
      "error_mm": [
        -22.174344317360262,
        -0.3021913196512016,
        14.39310249589923
      ],
      "error_norm_mm": 26.43774318953833,
      "achieved_quat": [
        -0.18554425729441146,
        -0.2582579740386617,
        0.9385164852397266,
        -0.13439849092821354
      ],
      "approach_axis_tilt_deg": 52.91599521946106,
      "commanded_approach_axis_tilt_deg": 49.31544531540689,
      "orientation_error_deg": 5.21306822907326
    },
    "grasp_joint_limits": {
      "closest": {
        "joint": "wrist_pitch",
        "value": -0.7644,
        "lower": -0.785,
        "upper": 1.05,
        "dist_to_limit": 0.0206,
        "nearest_side": "lower"
      },
      "breached": [],
      "margin_rad": 0.05
    },
    "lift_joint_limits": {
      "closest": {
        "joint": "wrist_pitch",
        "value": -0.7414,
        "lower": -0.785,
        "upper": 1.05,
        "dist_to_limit": 0.0436,
        "nearest_side": "lower"
      },
      "breached": [],
      "margin_rad": 0.05
    },
    "retract_ok": null,
    "return_home_ok": true,
    "released_on_finish_ok": null,
    "approach_ok": true,
    "grasp_ok": true,
    "lift_ok": true
  },
  "detection": {
    "class_name": "remote-control",
    "pose_head_roll_link": [
      0.7971603023687888,
      -0.12300955942100375,
      -0.14176980449783927,
      -0.289879394405087,
      -0.2992866983595513,
      0.6926340095640975,
      0.5887746068569368
    ],
    "pose_tip_waist_yaw_link_rpy": {
      "x": 0.5306946272687133,
      "y": -0.1286242801372752,
      "z": -0.025582768623121477,
      "roll": -0.16841449658864455,
      "pitch": -0.05452443271296259,
      "yaw": 1.694995509138656
    },
    "pose_tip_used_for_tcp_conversion_rpy": {
      "x": 0.5306946272687133,
      "y": -0.1286242801372752,
      "z": -0.025582768623121477,
      "roll": 2.136947534521241,
      "pitch": -1.4391404432186556,
      "yaw": -2.2281733210808716
    },
    "pose_tcp_waist_yaw_link_rpy": {
      "x": 0.26655519788031545,
      "y": -0.10341442886705143,
      "z": -0.044313098073101395,
      "roll": 2.136947534521241,
      "pitch": -1.4391404432186556,
      "yaw": -2.2281733210808716
    },
    "pose_tcp_waist_yaw_link_pose7": [
      0.26655519788031545,
      -0.10341442886705143,
      -0.044313098073101395,
      0.005905685503135885,
      -0.7315548571794951,
      -0.07025002774762139,
      0.6781279727435562
    ],
    "current_tcp_pose7": [
      0.35169192061798266,
      -0.5952499175121755,
      0.27503855666047966,
      0.005905685503135885,
      -0.7315548571794951,
      -0.07025002774762139,
      0.6781279727435562
    ],
    "tcp_minus_tip_waist_m": [
      -0.26413942938839785,
      0.025209851270223765,
      -0.01873032944997992
    ],
    "tcp_to_tip_offset_m": [
      0.0,
      0.0,
      -0.266
    ],
    "orientation_policy": "current",
    "use_current_tcp_rotation": true,
    "rotation_source_arm": "right",
    "bbox_2d": [
      666.5286254882812,
      359.4940490722656,
      869.4149780273438,
      408.8641052246094
    ],
    "bbox_3d": {
      "min": [
        0.7753669385303351,
        -0.21441217426933457,
        -0.16594193207287392
      ],
      "max": [
        0.8306658685243539,
        -0.03475159506915023,
        -0.12283127867037694
      ],
      "center": [
        0.8030164035273445,
        -0.1245818846692424,
        -0.14438660537162543
      ],
      "size": [
        0.05529892999401875,
        0.17966057920018433,
        0.04311065340249698
      ]
    },
    "object_long_axis_waist": [
      -0.12369602723479792,
      0.9908225491924352,
      0.054497420655765426
    ],
    "object_long_axis_yaw_waist_deg": -82.88391103272689,
    "object_angle_from_waist_x_deg": 82.8839110327269
  },
  "gripper": {
    "open_ok": true,
    "close_ok": true,
    "final_pos_pct": 90.0,
    "backend": "modbus_rtu"
  },
  "ok": true
}
[GRASP-EXEC] saved result json: /tmp/grasp_exec.json
[GRASP-EXEC] saved handoff: /tmp/grasp_handoff.json (arm=right holding=True)
