[日志] 日志文件: logs/grasp/grasp_260706_154902.log
[日志] 执行命令: python3 -m compliant_grasp_execute.main
[INFO] [1783324143.508631185] [XARM_manager]: waiting for service /controller_manager/get_parameters to become available...
[INFO] [1783324143.772664983] [XARM_manager]: XARM_manager initialized, robot_type: tianyi2, run_type: real
[INFO] [1783324143.779570598] [XARM_manager]: 已订阅关节状态话题: /joint_states
[INFO] [1783324143.786509169] [XARM_manager]: 已订阅警告和错误信息话题: /manipulator/warn_and_error_info
[INFO] [1783324143.801798841] [XARM_manager]: /joint_action_report 服务已启动
[CONFIG] loaded 198 params from /home/ubuntu/niu/compliant_grasp_execute/config.yaml
[GRASP-EXEC] STARTUP: enabling arms and moving BOTH to home posture
[INFO] [1783324149.490901438] [XARM_manager]: Deactivated controllers: ['jointspace_arm_L_controller']
[GRASP-EXEC] STARTUP: left -> home joints=['0.000', '1.180', '0.000', '-1.300', '1.400', '-0.130', '0.180']
[INFO] [1783324149.514725067] [XARM_manager]: Activated controllers: ['jointspace_arm_L_controller']
[INFO] [1783324149.529742048] [XARM_manager]: Sending goal to action server /jointspace_arm_L_controller/jointspace (attempt 1/3):
eai_manipulator_msgs.action.JointSpace_Goal(target_positions=[0.0, 1.18, 0.0, -1.3, 1.4, -0.13, 0.18])
[INFO] [1783324149.532337035] [XARM_manager]: Goal accepted. Waiting for result...
[INFO] [1783324149.630788259] [XARM_manager]: Action result received from /jointspace_arm_L_controller/jointspace
[INFO] [1783324149.631216620] [XARM_manager]: Action result: eai_manipulator_msgs.action.JointSpace_Result(success=True, result_msg='action finished')
[GRASP-EXEC] STARTUP: right -> home joints=['0.000', '-1.180', '0.000', '-1.300', '-1.400', '-0.130', '0.180']
[INFO] [1783324149.649406277] [XARM_manager]: Activated controllers: ['jointspace_arm_R_controller']
[INFO] [1783324149.669198590] [XARM_manager]: Sending goal to action server /jointspace_arm_R_controller/jointspace (attempt 1/3):
eai_manipulator_msgs.action.JointSpace_Goal(target_positions=[0.0, -1.18, 0.0, -1.3, -1.4, -0.13, 0.18])
[INFO] [1783324151.477417666] [XARM_manager]: Goal accepted. Waiting for result...
[INFO] [1783324151.605187643] [XARM_manager]: Action result received from /jointspace_arm_R_controller/jointspace
[INFO] [1783324151.605421171] [XARM_manager]: Action result: eai_manipulator_msgs.action.JointSpace_Result(success=True, result_msg='action finished')
[GRASP-EXEC] STARTUP: activating both grippers (open/close cycle)
[robotiq_api] gripper already activated (gSTA==3); skip resetActivate()
[GRASP-EXEC] STARTUP: gripper 'left' activated
[robotiq_api] gripper already activated (gSTA==3); skip resetActivate()
[GRASP-EXEC] STARTUP: gripper 'right' activated
perception health check pass
[object_pose] RGB (720, 1280, 3), depth (720, 1280), valid-depth pixels: 905414/921600 (median valid depth 1.217 m)
[GRASP-EXEC] ARM-SELECT: object waist Y=+0.120m (y >= boundary 0.000) -> 'left' arm
[GRASP-EXEC] diagonal schedule: angle-from-X=33.951921314478035deg -> tilt_scale=0.79, yaw_clamp=27.6deg (freed wrist_pitch, raised jaw alignment)
[GRASP-EXEC] applied grasp tilt +35.5deg about waist Y (tilt scale 1.00 x diag 0.79) -> quat=['-0.2845', '0.3763', '0.6551', '-0.5902']
[GRASP-EXEC] continuous orientation: object long-axis yaw -34.0deg (angle-from-X 34.0deg); applied continuous yaw -27.6deg about waist Z (gain=1.00, clamp +/-28deg) -> quat=['-0.1864', '0.4333', '0.7771', '-0.4167']
[GRASP-EXEC] recomputed TCP along final quat: detected_tcp_xyz=['0.2004', '0.1449', '-0.0467'] -> consistent_tcp_xyz=['0.2914', '0.2574', '0.1197']
[GRASP-EXEC] approach lateral clamp: approach Y +0.3196 -> +0.2574 (= grasp Y); tool_z outboard component would have pushed the standoff further from center than the grasp, which folds the elbow into its stop at far-outboard reaches.
[GRASP-EXEC] approach along grasp axis: dist=0.120m tool_z=[-0.651,0.518,0.555] approach_xyz=['0.2333', '0.2574', '0.1913']
[GRASP-EXEC] applied lift tilt -15.0deg about waist Y -> lift quat=['-0.2862', '0.4840', '0.7461', '-0.3565']
[GRASP-EXEC] detected class=remote-control detected_pose7=['0.2004', '0.1449', '-0.0467', '0.0058', '-0.7316', '-0.0703', '0.6781'] -> motion grasp_pose7=['0.3114', '0.2574', '0.1247', '-0.1864', '0.4333', '0.7771', '-0.4167']
[INFO] [1783324155.634701789] [XARM_manager]: Deactivated controllers: ['jointspace_arm_L_controller', 'jointspace_arm_R_controller']
[GRASP-EXEC] arms enabled (mode 3) [took 0.02s]
[JOINT-LIMIT] left: using live controller limits from endpose_single_arm_qp_L_controller
[GRASP-EXEC] joint-limit guard ON (margin 0.050 rad) arm=left
[GRASP-EXEC] gripper: connecting in background (overlaps arm enable + approach to hide the slow serial open; --no-gripper-async-connect for the old blocking behaviour)
[GRASP-EXEC] ARM: approach via qp_stream
[GRASP-EXEC] gripper: arm='left' -> stable by-id port /dev/serial/by-id/usb-FTDI_FT231X_USB_UART_DU0E2IPR-if00-port0
[INFO] [1783324155.673556818] [XARM_manager]: Activated controllers: ['endpose_single_arm_qp_L_controller']
[GRASP-EXEC] QP-Stream left -> approach (pure-pursuit): pos=39.1cm rot=126.4deg, lookahead=13cm @ 50Hz, pos_tol=2.0cm accept=2.5cm keep_ori=False
[robotiq_api] gripper already activated (gSTA==3); skip resetActivate()
[GRASP-EXEC] gripper: cached serial port /dev/serial/by-id/usb-FTDI_FT231X_USB_UART_DU0E2IPR-if00-port0 -> /tmp/robotiq_gripper_port.txt
[GRASP-EXEC] gripper controller ready: backend=modbus_rtu port=auto slave=9 (wait_timeout=8.0s) [connect took 0.05s]
[GRASP-EXEC] approach TCP tracking: commanded=[0.2333,0.2574,0.1913] achieved=[0.2428,0.2735,0.1890] err=[+9.5,+16.1,-2.2]mm |err|=18.9mm approach-axis tilt: achieved=+31.7deg commanded=+33.7deg (0=level) ori-err=4.8deg
[JOINT-LIMIT] left closest-to-limit: elbow_pitch=-2.3853 [-2.61,0.261] dist=0.2247rad
[JOINT-LIMIT] left approach per-joint: shoulder_pitch=+1.151[-2.96,+2.96](1.809) shoulder_roll=+2.211[-0.26,+2.62](0.405) shoulder_yaw=+0.141[-2.96,+2.96](2.819) elbow_pitch=-2.385[-2.61,+0.26](0.225) elbow_yaw=+0.232[-2.96,+2.96](2.728) wrist_pitch=+0.485[-0.79,+1.05](0.565) wrist_roll=+0.719[-1.65,+1.30](0.581)
[GRASP-EXEC] GRIPPER: open (after approach, before grasp insert)
[GRASP-EXEC] gripper open: start=90% -> target=0%
[GRASP-EXEC] gripper open result: pos=1% status=3 ok=True
[GRASP-EXEC] ARM: HYBRID pre-descent (position QP-stream) -> 6.5cm, leaving final 3.0cm for F/T compliant descend-to-contact
[GRASP-EXEC] QP-Stream left -> pre-grasp (pure-pursuit): pos=6.9cm rot=0.0deg, lookahead=8cm @ 50Hz, pos_tol=1.0cm accept=2.5cm keep_ori=True
[GRASP-EXEC] ARM: COMPLIANT insert to grasp pose (F/T admittance descend-to-contact)
[INFO] [1783324161.189708746] [XARM_manager]: [COMPLIANT-LEFT] Loaded F/T calibration from /home/ubuntu/niu/compliant_grasp_execute/ft_calibration/ft_calibration_left.json
[INFO] [1783324161.210484921] [XARM_manager]: [COMPLIANT-LEFT] target set: p=[0.28244111980187786, 0.2617514676922378, 0.1484355466731002] q=[-0.1963417665432387, 0.4541333269634425, 0.7491909852706786, -0.44036995769573706]
[INFO] [1783324161.210894539] [XARM_manager]: [COMPLIANT-LEFT] seeded QP target at captured pose (z=+0.1484).
[INFO] [1783324161.211364246] [XARM_manager]: [COMPLIANT-LEFT] admittance loop starting (calibrating force offset; keep hands off the arm briefly)...
[INFO] [1783324161.538348115] [XARM_manager]: [COMPLIANT-LEFT] runtime offset calibrated. p_ref=[0.28244111980187786, 0.2617514676922378, 0.1484355466731002], ready.
[COMPLIANT-INSERT] runtime force-offset calibrated in 0.34s
[INFO] [1783324161.556972508] [XARM_manager]: [COMPLIANT-LEFT] gains updated: B=[3.9597979746446663, 5.6, 3.9597979746446663] K=[20.0, 40.0, 20.0] B_rot=[0.5, 0.5, 0.5] K_rot=[0.0, 0.0, 0.0]
[COMPLIANT-INSERT] insertion dir=[+0.77,-0.11,-0.63] planned_depth=3.8cm soft_axes=xz K=[20.0, 40.0, 20.0] B=[3.96, 5.6, 3.96] contact_thresh=1.5N
[INFO] [1783324162.379818497] [XARM_manager]: [COMPLIANT-LEFT] n=200 hz=239.3 F=[+0.00,+0.00,+0.00]N disp=[-3.5,+0.4,+2.0]cm v=[+0.18,-0.03,-0.10]
[COMPLIANT-INSERT] insert s=5.8cm tcp_drop=1.9cm lag=+3.9cm resist=+0.12N (throttle x0)
[INFO] [1783324163.216143495] [XARM_manager]: [COMPLIANT-LEFT] n=400 hz=240.1 F=[+0.00,+0.00,+0.00]N disp=[-2.5,+0.2,+1.0]cm v=[+0.13,-0.02,-0.05]
[COMPLIANT-INSERT] insert s=5.8cm tcp_drop=3.7cm lag=+2.1cm resist=+1.28N (throttle x0)
[INFO] [1783324163.895128290] [XARM_manager]: [COMPLIANT-LEFT] gains updated: B=[10.844353369380768, 10.844353369380768, 10.844353369380768] K=[150.0, 150.0, 150.0] B_rot=[0.5, 0.5, 0.5] K_rot=[0.0, 0.0, 0.0]
[INFO] [1783324163.896324457] [XARM_manager]: [COMPLIANT-LEFT] target set: p=[0.31013970284428416, 0.25602998977503105, 0.12009971472570058] q=[-0.1963417665432387, 0.4541333269634425, 0.7491909852706786, -0.44036995769573706]
[COMPLIANT-INSERT] CONTACT (force) at tcp_drop 4.0cm (resist 1.6N, thresh 1.5N); holding compliant for gripper close
[INFO] [1783324164.049427949] [XARM_manager]: [COMPLIANT-LEFT] n=600 hz=241.2 F=[+0.00,+0.00,+0.00]N disp=[+0.1,-0.0,+0.1]cm v=[-0.02,+0.00,-0.02]
[GRASP-EXEC] grasp TCP tracking: commanded=[0.3114,0.2574,0.1247] achieved=[0.3116,0.2557,0.1219] err=[+0.2,-1.7,-2.8]mm |err|=3.2mm approach-axis tilt: achieved=+30.6deg commanded=+33.7deg (0=level) ori-err=5.5deg
[JOINT-LIMIT] left closest-to-limit: shoulder_roll=2.5677 [-0.262,2.616] dist=0.0483rad  BREACHED(<= 0.05): shoulder_roll
[JOINT-LIMIT] left grasp per-joint: shoulder_pitch=+1.407[-2.96,+2.96](1.553) shoulder_roll=+2.568[-0.26,+2.62](0.048) shoulder_yaw=+0.223[-2.96,+2.96](2.737) elbow_pitch=-1.992[-2.61,+0.26](0.618) elbow_yaw=+0.506[-2.96,+2.96](2.454) wrist_pitch=+0.199[-0.79,+1.05](0.851) wrist_roll=+0.935[-1.65,+1.30](0.365)
[GRASP-EXEC] GRIPPER: close at grasp pose (after arm motion, not at approach)
[GRASP-EXEC] gripper close: start=1% -> target=100%
[INFO] [1783324164.880544109] [XARM_manager]: [COMPLIANT-LEFT] n=800 hz=241.3 F=[+0.00,+0.00,+0.65]N disp=[+0.2,-0.0,+0.5]cm v=[-0.03,+0.01,+0.01]
[INFO] [1783324165.720467835] [XARM_manager]: [COMPLIANT-LEFT] n=1000 hz=239.0 F=[+4.64,+1.26,+34.47]N disp=[+0.6,-0.4,+1.0]cm v=[+0.20,+0.18,+0.20]
[GRASP-EXEC] gripper close result: pos=90% status=3 ok=True
[INFO] [1783324166.030003876] [XARM_manager]: [COMPLIANT-LEFT] admittance loop stopped.
[GRASP-EXEC] ARM: rotate wrist away from table -20deg about waist Y before lift
[GRASP-EXEC] QP-Stream left -> table-clear (pure-pursuit): pos=0.0cm rot=20.0deg, lookahead=13cm @ 50Hz, pos_tol=2.0cm accept=2.5cm keep_ori=False
[GRASP-EXEC] ARM: lift after grasp
[GRASP-EXEC] QP-Stream left -> lift (pure-pursuit): pos=10.9cm rot=0.0deg, lookahead=13cm @ 50Hz, pos_tol=2.0cm accept=2.5cm keep_ori=True
[JOINT-LIMIT] left closest-to-limit: shoulder_roll=2.3407 [-0.262,2.616] dist=0.2753rad
[JOINT-LIMIT] left lift per-joint: shoulder_pitch=+0.938[-2.96,+2.96](2.022) shoulder_roll=+2.341[-0.26,+2.62](0.275) shoulder_yaw=+0.255[-2.96,+2.96](2.705) elbow_pitch=-2.175[-2.61,+0.26](0.435) elbow_yaw=+0.426[-2.96,+2.96](2.534) wrist_pitch=+0.163[-0.79,+1.05](0.887) wrist_roll=+0.464[-1.65,+1.30](0.836)
[INFO] [1783324167.067473912] [XARM_manager]: Deactivated controllers: ['endpose_single_arm_qp_L_controller']
[GRASP-EXEC] PRE-HOME WAYPOINT: left -> joints=['0.000', '1.180', '0.000', '-1.300', '1.400', '-0.130', '0.180']
[INFO] [1783324167.086306647] [XARM_manager]: Activated controllers: ['jointspace_arm_L_controller']
[INFO] [1783324167.087307011] [XARM_manager]: Sending goal to action server /jointspace_arm_L_controller/jointspace (attempt 1/3):
eai_manipulator_msgs.action.JointSpace_Goal(target_positions=[0.0, 1.18, 0.0, -1.3, 1.4, -0.13, 0.18])
[INFO] [1783324167.088804422] [XARM_manager]: Goal accepted. Waiting for result...
[INFO] [1783324168.726191157] [XARM_manager]: Action result received from /jointspace_arm_L_controller/jointspace
[INFO] [1783324168.726445673] [XARM_manager]: Action result: eai_manipulator_msgs.action.JointSpace_Result(success=True, result_msg='action finished')
[GRASP-EXEC] pre-home waypoint result: eai_manipulator_msgs.action.JointSpace_Result(success=True, result_msg='action finished')
[GRASP-EXEC] RETURN HOME: left -> joints=['0.000', '1.180', '0.000', '-1.300', '1.400', '-0.130', '0.180']
[INFO] [1783324168.729361024] [XARM_manager]: Sending goal to action server /jointspace_arm_L_controller/jointspace (attempt 1/3):
eai_manipulator_msgs.action.JointSpace_Goal(target_positions=[0.0, 1.18, 0.0, -1.3, 1.4, -0.13, 0.18])
[INFO] [1783324168.731037310] [XARM_manager]: Goal accepted. Waiting for result...
[INFO] [1783324168.735385234] [XARM_manager]: Action result received from /jointspace_arm_L_controller/jointspace
[INFO] [1783324168.735611296] [XARM_manager]: Action result: eai_manipulator_msgs.action.JointSpace_Result(success=True, result_msg='action finished')
[GRASP-EXEC] return home result: eai_manipulator_msgs.action.JointSpace_Result(success=True, result_msg='action finished')
{
  "arm": "left",
  "pipeline_version": "accelerated",
  "motion_strategy": "qp_all",
  "dry_run": false,
  "motion": {
    "detected_pose7": [
      0.20041030444700203,
      0.14487535727773238,
      -0.046714220513709354,
      0.005790725526225172,
      -0.7316060666366329,
      -0.07032397862136996,
      0.6780660504620591
    ],
    "approach_pose7": [
      0.23332922135140355,
      0.257415480850842,
      0.19127475718684828,
      -0.18640150874545502,
      0.4333221387145012,
      0.7770938052715373,
      -0.41666727666797987
    ],
    "grasp_pose7": [
      0.31142584851879807,
      0.257415480850842,
      0.1246780207938942,
      -0.18640150874545502,
      0.4333221387145012,
      0.7770938052715373,
      -0.41666727666797987
    ],
    "lift_pose7": [
      0.31142584851879807,
      0.257415480850842,
      0.2446780207938942,
      -0.2862379133978908,
      0.4840010007941718,
      0.7461153808812692,
      -0.35654274158403554
    ],
    "pre_home_pose7": [
      0.13142584851879807,
      0.15741548085084198,
      0.2946780207938942,
      -0.2862379133978908,
      0.4840010007941718,
      0.7461153808812692,
      -0.35654274158403554
    ],
    "grasp_xyz_offset_m": [
      0.02,
      0.0,
      0.005
    ],
    "grasp_quat": [
      -0.18640150874545502,
      0.4333221387145012,
      0.7770938052715373,
      -0.41666727666797987
    ],
    "use_fixed_grasp_quat": true,
    "phase_backends": {
      "approach": "qp_stream",
      "grasp": "qp_stream",
      "lift": "qp_stream"
    },
    "joint_limits_used": {
      "shoulder_pitch": [
        -2.96,
        2.96
      ],
      "shoulder_roll": [
        -0.262,
        2.616
      ],
      "shoulder_yaw": [
        -2.96,
        2.96
      ],
      "elbow_pitch": [
        -2.61,
        0.261
      ],
      "elbow_yaw": [
        -2.96,
        2.96
      ],
      "wrist_pitch": [
        -0.785,
        1.05
      ],
      "wrist_roll": [
        -1.65,
        1.3
      ]
    },
    "approach_tcp_tracking": {
      "commanded_xyz": [
        0.23332922135140355,
        0.257415480850842,
        0.19127475718684828
      ],
      "achieved_xyz": [
        0.24284926792289255,
        0.2735379225381962,
        0.18902751047189162
      ],
      "error_mm": [
        9.520046571488999,
        16.12244168735422,
        -2.247246714956658
      ],
      "error_norm_mm": 18.857744575726443,
      "achieved_quat": [
        -0.2164188140229101,
        0.43643058619096947,
        0.7560510503434084,
        -0.4371247529579544
      ],
      "approach_axis_tilt_deg": 31.693995238360266,
      "commanded_approach_axis_tilt_deg": 33.70884155916695,
      "orientation_error_deg": 4.824112278178604
    },
    "approach_joint_limits": {
      "closest": {
        "joint": "elbow_pitch",
        "value": -2.3853,
        "lower": -2.61,
        "upper": 0.261,
        "dist_to_limit": 0.2247,
        "nearest_side": "lower"
      },
      "breached": [],
      "margin_rad": 0.05
    },
    "compliant_insert": {
      "ok": true,
      "contact": true,
      "reason": "contact",
      "resist_n": 1.6418155304265802,
      "traveled_m": 0.03978129180840438,
      "planned_depth_m": 0.03772711646261027,
      "ft_topic": "/arm_6dof_left",
      "calib_path": "/home/ubuntu/niu/compliant_grasp_execute/ft_calibration/ft_calibration_left.json",
      "calib_present": true,
      "commanded_m": 0.057727116462610265,
      "throttle_events": 0,
      "contact_kind": "force"
    },
    "grasp_tcp_tracking": {
      "commanded_xyz": [
        0.31142584851879807,
        0.257415480850842,
        0.1246780207938942
      ],
      "achieved_xyz": [
        0.31160854493302154,
        0.25574797898176155,
        0.12189771154622403
      ],
      "error_mm": [
        0.18269641422347105,
        -1.6675018690804344,
        -2.7803092476701705
      ],
      "error_norm_mm": 3.247161833946243,
      "achieved_quat": [
        -0.19305809035975832,
        0.4564582674550571,
        0.7464075219946897,
        -0.44412862430642513
      ],
      "approach_axis_tilt_deg": 30.58052699482225,
      "commanded_approach_axis_tilt_deg": 33.70884155916695,
      "orientation_error_deg": 5.466624761297799
    },
    "grasp_joint_limits": {
      "closest": {
        "joint": "shoulder_roll",
        "value": 2.5677,
        "lower": -0.262,
        "upper": 2.616,
        "dist_to_limit": 0.0483,
        "nearest_side": "upper"
      },
      "breached": [
        {
          "joint": "shoulder_roll",
          "value": 2.5677,
          "lower": -0.262,
          "upper": 2.616,
          "dist_to_limit": 0.0483,
          "nearest_side": "upper"
        }
      ],
      "margin_rad": 0.05
    },
    "lift_joint_limits": {
      "closest": {
        "joint": "shoulder_roll",
        "value": 2.3407,
        "lower": -0.262,
        "upper": 2.616,
        "dist_to_limit": 0.2753,
        "nearest_side": "upper"
      },
      "breached": [],
      "margin_rad": 0.05
    },
    "retract_ok": null,
    "return_home_ok": true,
    "released_on_finish_ok": null,
    "approach_ok": true,
    "grasp_ok": true,
    "lift_ok": true
  },
  "detection": {
    "class_name": "remote-control",
    "pose_head_roll_link": [
      0.7457250936869457,
      0.1248116704842313,
      -0.18872784658714736,
      0.2661725705880785,
      0.8853876091375895,
      0.09778800674720675,
      0.36834555785100176
    ],
    "pose_tip_waist_yaw_link_rpy": {
      "x": 0.46454003873985594,
      "y": 0.11959314521638036,
      "z": -0.027944744877154037,
      "roll": 3.1124508792490206,
      "pitch": 0.08095697577091832,
      "yaw": 2.5490198392741106
    },
    "pose_tip_used_for_tcp_conversion_rpy": {
      "x": 0.46454003873985594,
      "y": 0.11959314521638036,
      "z": -0.027944744877154037,
      "roll": 2.1380617597353644,
      "pitch": -1.4390958356936663,
      "yaw": -2.229555700701457
    },
    "pose_tcp_waist_yaw_link_rpy": {
      "x": 0.20041030444700203,
      "y": 0.14487535727773238,
      "z": -0.046714220513709354,
      "roll": 2.1380617597353644,
      "pitch": -1.4390958356936663,
      "yaw": -2.229555700701457
    },
    "pose_tcp_waist_yaw_link_pose7": [
      0.20041030444700203,
      0.14487535727773238,
      -0.046714220513709354,
      0.005790725526225172,
      -0.7316060666366329,
      -0.07032397862136996,
      0.6780660504620591
    ],
    "current_tcp_pose7": [
      0.35168644368055224,
      -0.5952787253163793,
      0.2750531438809996,
      0.005790725526225172,
      -0.7316060666366329,
      -0.07032397862136996,
      0.6780660504620591
    ],
    "tcp_minus_tip_waist_m": [
      -0.2641297342928539,
      0.02528221206135202,
      -0.018769475636555316
    ],
    "tcp_to_tip_offset_m": [
      0.0,
      0.0,
      -0.266
    ],
    "orientation_policy": "current",
    "use_current_tcp_rotation": true,
    "rotation_source_arm": "right",
    "bbox_2d": [
      460.651123046875,
      348.3558349609375,
      613.6998291015625,
      523.543212890625
    ],
    "bbox_3d": {
      "min": [
        0.6925399495604,
        0.06189780891759106,
        -0.24867520415723396
      ],
      "max": [
        0.8112541721228708,
        0.1876516609850304,
        -0.12804297708175896
      ],
      "center": [
        0.7518970608416353,
        0.12477473495131072,
        -0.18835909061949646
      ],
      "size": [
        0.11871422256247077,
        0.12575385206743933,
        0.120632227075475
      ]
    },
    "object_long_axis_waist": [
      -0.8267896951568048,
      0.5566678309321971,
      -0.08086857231187383
    ],
    "object_long_axis_yaw_waist_deg": -33.95192131447803,
    "object_angle_from_waist_x_deg": 33.951921314478035
  },
  "gripper": {
    "open_ok": true,
    "close_ok": true,
    "final_pos_pct": 90.0,
    "backend": "modbus_rtu"
  },
  "ok": true
}
[GRASP-EXEC] saved result json: /tmp/grasp_exec.json
[GRASP-EXEC] saved handoff: /tmp/grasp_handoff.json (arm=left holding=True)
