[日志] 日志文件: logs/grasp/grasp_260706_162418.log
[日志] 执行命令: python3 -m compliant_grasp_execute.main
[INFO] [1783326259.532040545] [XARM_manager]: waiting for service /controller_manager/get_parameters to become available...
[INFO] [1783326259.787767074] [XARM_manager]: XARM_manager initialized, robot_type: tianyi2, run_type: real
[INFO] [1783326259.794003980] [XARM_manager]: 已订阅关节状态话题: /joint_states
[INFO] [1783326259.800775756] [XARM_manager]: 已订阅警告和错误信息话题: /manipulator/warn_and_error_info
[CONFIG] loaded 198 params from /home/ubuntu/niu/compliant_grasp_execute/config.yaml
[GRASP-EXEC] STARTUP: enabling arms and moving BOTH to home posture
[INFO] [1783326259.812141215] [XARM_manager]: /joint_action_report 服务已启动
[INFO] [1783326264.467531679] [XARM_manager]: Deactivated controllers: ['jointspace_arm_R_controller']
[GRASP-EXEC] STARTUP: left -> home joints=['0.000', '1.180', '0.000', '-1.300', '1.400', '-0.130', '0.180']
[INFO] [1783326265.098844034] [XARM_manager]: Activated controllers: ['jointspace_arm_L_controller']
[INFO] [1783326265.117052228] [XARM_manager]: Sending goal to action server /jointspace_arm_L_controller/jointspace (attempt 1/3):
eai_manipulator_msgs.action.JointSpace_Goal(target_positions=[0.0, 1.18, 0.0, -1.3, 1.4, -0.13, 0.18])
[INFO] [1783326266.456714429] [XARM_manager]: Goal accepted. Waiting for result...
[INFO] [1783326266.578401246] [XARM_manager]: Action result received from /jointspace_arm_L_controller/jointspace
[INFO] [1783326266.578862029] [XARM_manager]: Action result: eai_manipulator_msgs.action.JointSpace_Result(success=True, result_msg='action finished')
[GRASP-EXEC] STARTUP: right -> home joints=['0.000', '-1.180', '0.000', '-1.300', '-1.400', '-0.130', '0.180']
[INFO] [1783326266.591308872] [XARM_manager]: Activated controllers: ['jointspace_arm_R_controller']
[INFO] [1783326266.604541881] [XARM_manager]: Sending goal to action server /jointspace_arm_R_controller/jointspace (attempt 1/3):
eai_manipulator_msgs.action.JointSpace_Goal(target_positions=[0.0, -1.18, 0.0, -1.3, -1.4, -0.13, 0.18])
[INFO] [1783326266.608850999] [XARM_manager]: Goal accepted. Waiting for result...
[INFO] [1783326266.726907789] [XARM_manager]: Action result received from /jointspace_arm_R_controller/jointspace
[INFO] [1783326266.727162566] [XARM_manager]: Action result: eai_manipulator_msgs.action.JointSpace_Result(success=True, result_msg='action finished')
[GRASP-EXEC] STARTUP: activating both grippers (open/close cycle)
[robotiq_api] gripper already activated (gSTA==3); skip resetActivate()
[GRASP-EXEC] STARTUP: gripper 'left' activated
[robotiq_api] gripper already activated (gSTA==3); skip resetActivate()
[GRASP-EXEC] STARTUP: gripper 'right' activated
perception health check pass
[object_pose] RGB (720, 1280, 3), depth (720, 1280), valid-depth pixels: 906058/921600 (median valid depth 1.210 m)
[GRASP-EXEC] ARM-SELECT: object waist Y=-0.179m (y < boundary 0.000) -> 'right' arm
[GRASP-EXEC] diagonal schedule: angle-from-X=58.21127556040002deg -> tilt_scale=0.52, yaw_clamp=43.8deg (freed wrist_pitch, raised jaw alignment)
[GRASP-EXEC] applied grasp tilt +23.4deg about waist Y (tilt scale 1.00 x diag 0.52) -> quat=['0.3521', '0.4365', '-0.6214', '-0.5471']
[GRASP-EXEC] continuous orientation: object long-axis yaw -58.2deg (angle-from-X 58.2deg); applied continuous yaw -43.8deg about waist Z (gain=1.00, clamp +/-44deg) -> quat=['0.4895', '0.2736', '-0.3724', '-0.7394']
[GRASP-EXEC] recomputed TCP along final quat: detected_tcp_xyz=['0.2333', '-0.1542', '-0.0472'] -> consistent_tcp_xyz=['0.2928', '-0.0411', '0.0702']
[GRASP-EXEC] approach along grasp axis: dist=0.120m tool_z=[-0.769,0.520,0.371] approach_xyz=['0.2204', '0.0213', '0.1197']
[GRASP-EXEC] applied lift tilt -15.0deg about waist Y -> lift quat=['0.5340', '0.3678', '-0.3053', '-0.6974']
[GRASP-EXEC] detected class=remote-control detected_pose7=['0.2333', '-0.1542', '-0.0472', '0.0058', '-0.7316', '-0.0703', '0.6781'] -> motion grasp_pose7=['0.3128', '-0.0411', '0.0752', '0.4895', '0.2736', '-0.3724', '-0.7394']
[INFO] [1783326271.289173535] [XARM_manager]: Deactivated controllers: ['jointspace_arm_L_controller', 'jointspace_arm_R_controller']
[GRASP-EXEC] arms enabled (mode 3) [took 0.02s]
[JOINT-LIMIT] right: using live controller limits from endpose_single_arm_qp_R_controller
[GRASP-EXEC] joint-limit guard ON (margin 0.050 rad) arm=right
[GRASP-EXEC] gripper: connecting in background (overlaps arm enable + approach to hide the slow serial open; --no-gripper-async-connect for the old blocking behaviour)
[GRASP-EXEC] ARM: approach via qp_stream
[GRASP-EXEC] gripper: arm='right' -> stable by-id port /dev/serial/by-id/usb-FTDI_FT231X_USB_UART_D30JLK40-if00-port0
[GRASP-EXEC] ELBOW-HIGH (proactive): object long axis ~parallel to body (angle-from-X=58.21127556040002 >= 45.0deg); the elbow-high seed's fore-aft jaws match a parallel object's short axis; reconfiguring to elbow-high seed before approach.
[GRASP-EXEC] elbow-high seed ready/right: clamped 1 joint(s) inward (margin 0.05rad): shoulder_yaw +2.964->+2.910 [-2.960,2.960]
[GRASP-EXEC] ELBOW-HIGH: reconfiguring right arm into elbow-high seed (jointspace, via transition waypoint). NOTE: jointspace moves run at the controller's own speed; watch the first reconfiguration for table/body clearance.
[GRASP-EXEC] ELBOW-HIGH: right -> transition joints=['-1.452', '-0.585', '1.455', '-1.870', '-0.746', '-0.142', '0.087']
[INFO] [1783326271.339484942] [XARM_manager]: Activated controllers: ['jointspace_arm_R_controller']
[INFO] [1783326271.340558741] [XARM_manager]: Sending goal to action server /jointspace_arm_R_controller/jointspace (attempt 1/3):
eai_manipulator_msgs.action.JointSpace_Goal(target_positions=[-1.4525, -0.5845, 1.455, -1.87, -0.7456999999999999, -0.14179999999999998, 0.08685])
[INFO] [1783326271.344784287] [XARM_manager]: Goal accepted. Waiting for result...
[robotiq_api] gripper already activated (gSTA==3); skip resetActivate()
[GRASP-EXEC] gripper: cached serial port /dev/serial/by-id/usb-FTDI_FT231X_USB_UART_D30JLK40-if00-port0 -> /tmp/robotiq_gripper_port.txt
[GRASP-EXEC] gripper controller ready: backend=modbus_rtu port=auto slave=9 (wait_timeout=8.0s) [connect took 0.05s]
[INFO] [1783326273.201584774] [XARM_manager]: Action result received from /jointspace_arm_R_controller/jointspace
[INFO] [1783326273.202069438] [XARM_manager]: Action result: eai_manipulator_msgs.action.JointSpace_Result(success=True, result_msg='action finished')
[GRASP-EXEC] ELBOW-HIGH: transition move result: eai_manipulator_msgs.action.JointSpace_Result(success=True, result_msg='action finished')
[GRASP-EXEC] ELBOW-HIGH: right -> ready joints=['-2.905', '0.011', '2.910', '-2.440', '-0.091', '-0.154', '-0.006']
[INFO] [1783326273.205770334] [XARM_manager]: Sending goal to action server /jointspace_arm_R_controller/jointspace (attempt 1/3):
eai_manipulator_msgs.action.JointSpace_Goal(target_positions=[-2.905, 0.011, 2.91, -2.44, -0.0914, -0.1536, -0.0063])
[INFO] [1783326273.206873534] [XARM_manager]: Goal accepted. Waiting for result...
[INFO] [1783326275.064371769] [XARM_manager]: Action result received from /jointspace_arm_R_controller/jointspace
[INFO] [1783326275.064640921] [XARM_manager]: Action result: eai_manipulator_msgs.action.JointSpace_Result(success=True, result_msg='action finished')
[GRASP-EXEC] ELBOW-HIGH: ready move result: eai_manipulator_msgs.action.JointSpace_Result(success=True, result_msg='action finished')
[JOINT-LIMIT] right closest-to-limit: shoulder_pitch=-2.789 [-2.96,2.96] dist=0.171rad
[GRASP-EXEC] continuous orientation: object long-axis yaw -58.2deg (angle-from-X 58.2deg); applied continuous yaw +21.8deg about waist Z (gain=1.00, clamp +/-90deg) [top-down jaw-align: base jaw heading -170.0deg -> short-axis +31.8deg] -> quat=['-0.1575', '-0.3181', '0.8784', '-0.3200']
[GRASP-EXEC] recomputed TCP along final quat: detected_tcp_xyz=['0.2333', '-0.1542', '-0.0472'] -> consistent_tcp_xyz=['0.4779', '-0.3550', '0.1705']
[GRASP-EXEC] approach lateral clamp: approach Y -0.4341 -> -0.3550 (= grasp Y); tool_z outboard component would have pushed the standoff further from center than the grasp, which folds the elbow into its stop at far-outboard reaches.
[GRASP-EXEC] approach along grasp axis: dist=0.120m tool_z=[-0.073,-0.660,0.748] approach_xyz=['0.4891', '-0.3550', '0.2652']
[GRASP-EXEC] applied lift tilt -15.0deg about waist Y -> lift quat=['-0.2709', '-0.2736', '0.8503', '-0.3588']
[GRASP-EXEC] ELBOW-HIGH: using SEED grasp orientation (proactive); rebuilt grasp/approach/lift poses. The seed-anchored mode keeps the orientation the arm is already in, so the approach only translates and the wrist stays in range.
[GRASP-EXEC] ELBOW-HIGH QP joint window set on endpose_single_arm_qp_R_controller (flex 0.40rad, drop 0.15rad): shoulder_pitch[-2.96,-2.64], shoulder_roll[-0.55,0.00], shoulder_yaw[2.41,2.96], elbow_pitch[-2.61,-2.14], elbow_yaw[-0.55,-0.00]. Asymmetric: tight on the drop side so the elbow is actually held high; loose on the flex side so the arm can still reach.
[GRASP-EXEC] ELBOW-HIGH: wrist guard margin relaxed to 0.010rad (from 0.050) so the nose-down grasp can reach wrist_pitch~-0.71 (still inside the -0.785 stop). Other joints keep the full margin.
[INFO] [1783326275.083163794] [XARM_manager]: Deactivated controllers: ['jointspace_arm_R_controller']
[INFO] [1783326275.092933922] [XARM_manager]: Activated controllers: ['endpose_single_arm_qp_R_controller']
[GRASP-EXEC] QP-Stream right -> approach (pure-pursuit): pos=39.1cm rot=26.3deg, lookahead=13cm @ 50Hz, pos_tol=2.0cm accept=2.5cm keep_ori=False
[GRASP-EXEC] approach TCP tracking: commanded=[0.4891,-0.3550,0.2652] achieved=[0.4768,-0.3469,0.2523] err=[-12.4,+8.0,-13.0]mm |err|=19.7mm approach-axis tilt: achieved=+48.9deg commanded=+48.4deg (0=level) ori-err=3.7deg
[JOINT-LIMIT] right closest-to-limit: wrist_roll=-1.1569 [-1.3,1.65] dist=0.1431rad
[JOINT-LIMIT] right approach per-joint: shoulder_pitch=-1.653[-2.96,+2.96](1.308) shoulder_roll=-0.741[-2.62,+0.26](1.003) shoulder_yaw=+2.109[-2.96,+2.96](0.851) elbow_pitch=-0.937[-2.61,+0.26](1.198) elbow_yaw=+1.682[-2.96,+2.96](1.278) wrist_pitch=-0.636[-0.79,+1.05](0.149) wrist_roll=-1.157[-1.30,+1.65](0.143)
[GRASP-EXEC] GRIPPER: open (after approach, before grasp insert)
[GRASP-EXEC] gripper already open enough: 1% (skip open command)
[GRASP-EXEC] ARM: HYBRID pre-descent (position QP-stream) -> 5.0cm, leaving final 3.0cm for F/T compliant descend-to-contact
[GRASP-EXEC] QP-Stream right -> pre-grasp (pure-pursuit): pos=5.0cm rot=0.0deg, lookahead=8cm @ 50Hz, pos_tol=1.0cm accept=2.5cm keep_ori=True
[GRASP-EXEC] ARM: COMPLIANT insert to grasp pose (F/T admittance descend-to-contact)
[INFO] [1783326279.442529159] [XARM_manager]: [COMPLIANT-RIGHT] Loaded F/T calibration from /home/ubuntu/niu/compliant_grasp_execute/ft_calibration/ft_calibration_right.json
[INFO] [1783326279.464398534] [XARM_manager]: [COMPLIANT-RIGHT] target set: p=[0.48189774089600046, -0.3491106642449277, 0.20650075823266625] q=[-0.12791721256261712, -0.3402641971208544, 0.8705137687931984, -0.3317578050767945]
[INFO] [1783326279.465081967] [XARM_manager]: [COMPLIANT-RIGHT] seeded QP target at captured pose (z=+0.2065).
[INFO] [1783326279.465873065] [XARM_manager]: [COMPLIANT-RIGHT] admittance loop starting (calibrating force offset; keep hands off the arm briefly)...
[COMPLIANT-INSERT] runtime force-offset calibrated in 0.32s
[INFO] [1783326279.789637780] [XARM_manager]: [COMPLIANT-RIGHT] gains updated: B=[3.9597979746446663, 5.6, 3.9597979746446663] K=[20.0, 40.0, 20.0] B_rot=[0.5, 0.5, 0.5] K_rot=[0.0, 0.0, 0.0]
[COMPLIANT-INSERT] insertion dir=[+0.45,-0.16,-0.88] planned_depth=3.5cm soft_axes=xz K=[20.0, 40.0, 20.0] B=[3.96, 5.6, 3.96] contact_thresh=1.5N
[INFO] [1783326279.790001917] [XARM_manager]: [COMPLIANT-RIGHT] runtime offset calibrated. p_ref=[0.48189774089600046, -0.3491106642449277, 0.20650075823266625], ready.
[INFO] [1783326280.617620470] [XARM_manager]: [COMPLIANT-RIGHT] n=200 hz=242.1 F=[+0.00,+0.00,+0.16]N disp=[-2.3,+1.0,+2.6]cm v=[+0.12,-0.07,-0.11]
[COMPLIANT-INSERT] insert s=5.5cm tcp_drop=2.3cm lag=+3.2cm resist=+0.42N (throttle x0)
[INFO] [1783326281.323001011] [XARM_manager]: [COMPLIANT-RIGHT] gains updated: B=[10.844353369380768, 10.844353369380768, 10.844353369380768] K=[150.0, 150.0, 150.0] B_rot=[0.5, 0.5, 0.5] K_rot=[0.0, 0.0, 0.0]
[INFO] [1783326281.324231147] [XARM_manager]: [COMPLIANT-RIGHT] target set: p=[0.4861491380103345, -0.349742631452017, 0.17165158444781559] q=[-0.12791721256261712, -0.3402641971208544, 0.8705137687931984, -0.3317578050767945]
[COMPLIANT-INSERT] CONTACT (force) at tcp_drop 3.3cm (resist 1.8N, thresh 1.5N); holding compliant for gripper close
[INFO] [1783326281.453900757] [XARM_manager]: [COMPLIANT-RIGHT] n=400 hz=240.2 F=[+0.00,+0.28,+2.34]N disp=[+0.1,+0.0,+0.1]cm v=[-0.01,+0.02,+0.16]
[GRASP-EXEC] grasp TCP tracking: commanded=[0.4979,-0.3550,0.1755] achieved=[0.4872,-0.3495,0.1736] err=[-10.8,+5.4,-1.8]mm |err|=12.2mm approach-axis tilt: achieved=+46.3deg commanded=+48.4deg (0=level) ori-err=5.0deg
[JOINT-LIMIT] right closest-to-limit: wrist_roll=-1.2612 [-1.3,1.65] dist=0.0388rad
[JOINT-LIMIT] right grasp per-joint: shoulder_pitch=-1.429[-2.96,+2.96](1.531) shoulder_roll=-0.588[-2.62,+0.26](0.850) shoulder_yaw=+2.140[-2.96,+2.96](0.820) elbow_pitch=-0.635[-2.61,+0.26](0.896) elbow_yaw=+1.640[-2.96,+2.96](1.320) wrist_pitch=-0.445[-0.79,+1.05](0.340) wrist_roll=-1.261[-1.30,+1.65](0.039)
[GRASP-EXEC] GRIPPER: close at grasp pose (after arm motion, not at approach)
[GRASP-EXEC] gripper close: start=1% -> target=100%
[INFO] [1783326282.287012309] [XARM_manager]: [COMPLIANT-RIGHT] n=600 hz=241.0 F=[-0.43,+0.00,+1.91]N disp=[-0.2,+0.1,+0.9]cm v=[-0.00,-0.02,+0.03]
[GRASP-EXEC] gripper close result: pos=90% status=3 ok=True
[INFO] [1783326282.582853353] [XARM_manager]: [COMPLIANT-RIGHT] admittance loop stopped.
[GRASP-EXEC] ARM: rotate wrist away from table -20deg about waist Y before lift
[GRASP-EXEC] QP-Stream right -> table-clear (pure-pursuit): pos=0.0cm rot=20.0deg, lookahead=13cm @ 50Hz, pos_tol=2.0cm accept=2.5cm keep_ori=False
[GRASP-EXEC] ARM: lift after grasp
[GRASP-EXEC] QP-Stream right -> lift (pure-pursuit): pos=11.9cm rot=0.0deg, lookahead=13cm @ 50Hz, pos_tol=2.0cm accept=2.5cm keep_ori=True
[JOINT-LIMIT] right closest-to-limit: wrist_roll=-1.2304 [-1.3,1.65] dist=0.0696rad
[JOINT-LIMIT] right lift per-joint: shoulder_pitch=-1.702[-2.96,+2.96](1.258) shoulder_roll=-0.664[-2.62,+0.26](0.926) shoulder_yaw=+2.194[-2.96,+2.96](0.766) elbow_pitch=-0.800[-2.61,+0.26](1.061) elbow_yaw=+1.594[-2.96,+2.96](1.366) wrist_pitch=-0.561[-0.79,+1.05](0.224) wrist_roll=-1.230[-1.30,+1.65](0.070)
[GRASP-EXEC] ELBOW-HIGH QP joint limits restored on endpose_single_arm_qp_R_controller (back to hard limits).
[GRASP-EXEC] ELBOW-HIGH: wrist guard margin restored to full.
[INFO] [1783326283.287352782] [XARM_manager]: Deactivated controllers: ['endpose_single_arm_qp_R_controller']
[GRASP-EXEC] elbow-high seed ready/right: clamped 1 joint(s) inward (margin 0.05rad): shoulder_yaw +2.964->+2.910 [-2.960,2.960]
[GRASP-EXEC] ELBOW-HIGH: returning via transition waypoint before home (bridges elbow-high -> elbow-low without a large sweep).
[GRASP-EXEC] ELBOW-HIGH: right -> transition(return) joints=['-1.452', '-0.585', '1.455', '-1.870', '-0.746', '-0.142', '0.087']
[INFO] [1783326283.307202995] [XARM_manager]: Activated controllers: ['jointspace_arm_R_controller']
[INFO] [1783326283.308152790] [XARM_manager]: Sending goal to action server /jointspace_arm_R_controller/jointspace (attempt 1/3):
eai_manipulator_msgs.action.JointSpace_Goal(target_positions=[-1.4525, -0.5845, 1.455, -1.87, -0.7456999999999999, -0.14179999999999998, 0.08685])
[INFO] [1783326283.315138177] [XARM_manager]: Goal accepted. Waiting for result...
[INFO] [1783326285.827403872] [XARM_manager]: Action result received from /jointspace_arm_R_controller/jointspace
[INFO] [1783326285.827937030] [XARM_manager]: Action result: eai_manipulator_msgs.action.JointSpace_Result(success=True, result_msg='action finished')
[GRASP-EXEC] ELBOW-HIGH: transition(return) move result: eai_manipulator_msgs.action.JointSpace_Result(success=True, result_msg='action finished')
[GRASP-EXEC] PRE-HOME WAYPOINT: right -> joints=['0.000', '-1.180', '0.000', '-1.300', '-1.400', '-0.130', '0.180']
[INFO] [1783326285.834061411] [XARM_manager]: Sending goal to action server /jointspace_arm_R_controller/jointspace (attempt 1/3):
eai_manipulator_msgs.action.JointSpace_Goal(target_positions=[0.0, -1.18, 0.0, -1.3, -1.4, -0.13, 0.18])
[INFO] [1783326285.835830851] [XARM_manager]: Goal accepted. Waiting for result...
[INFO] [1783326287.701063832] [XARM_manager]: Action result received from /jointspace_arm_R_controller/jointspace
[INFO] [1783326287.701487158] [XARM_manager]: Action result: eai_manipulator_msgs.action.JointSpace_Result(success=True, result_msg='action finished')
[GRASP-EXEC] pre-home waypoint result: eai_manipulator_msgs.action.JointSpace_Result(success=True, result_msg='action finished')
[GRASP-EXEC] RETURN HOME: right -> joints=['0.000', '-1.180', '0.000', '-1.300', '-1.400', '-0.130', '0.180']
[INFO] [1783326287.706751415] [XARM_manager]: Sending goal to action server /jointspace_arm_R_controller/jointspace (attempt 1/3):
eai_manipulator_msgs.action.JointSpace_Goal(target_positions=[0.0, -1.18, 0.0, -1.3, -1.4, -0.13, 0.18])
[INFO] [1783326287.711357185] [XARM_manager]: Goal accepted. Waiting for result...
[INFO] [1783326287.714279619] [XARM_manager]: Action result received from /jointspace_arm_R_controller/jointspace
[INFO] [1783326287.714516772] [XARM_manager]: Action result: eai_manipulator_msgs.action.JointSpace_Result(success=True, result_msg='action finished')
[GRASP-EXEC] return home result: eai_manipulator_msgs.action.JointSpace_Result(success=True, result_msg='action finished')
{
  "arm": "right",
  "pipeline_version": "accelerated",
  "motion_strategy": "qp_all",
  "dry_run": false,
  "motion": {
    "detected_pose7": [
      0.23326635560163222,
      -0.15423864848346744,
      -0.04724438672785111,
      0.0058244838902055075,
      -0.7315643567121431,
      -0.07029485501411328,
      0.6781137815546192
    ],
    "approach_pose7": [
      0.48914567063176567,
      -0.35495232744875455,
      0.26523381264133394,
      -0.1575492845238604,
      -0.3180588095757654,
      0.8784023896788222,
      -0.3200407136659357
    ],
    "grasp_pose7": [
      0.4979296465390253,
      -0.35495232744875455,
      0.1754697766579899,
      -0.1575492845238604,
      -0.3180588095757654,
      0.8784023896788222,
      -0.3200407136659357
    ],
    "lift_pose7": [
      0.4979296465390253,
      -0.35495232744875455,
      0.2954697766579899,
      -0.2708559477160724,
      -0.27356407665836147,
      0.8503232272696506,
      -0.3588177263104661
    ],
    "pre_home_pose7": [
      0.3179296465390253,
      -0.4549523274487546,
      0.3454697766579899,
      -0.2708559477160724,
      -0.27356407665836147,
      0.8503232272696506,
      -0.3588177263104661
    ],
    "grasp_xyz_offset_m": [
      0.02,
      0.0,
      0.005
    ],
    "grasp_quat": [
      -0.1575492845238604,
      -0.3180588095757654,
      0.8784023896788222,
      -0.3200407136659357
    ],
    "use_fixed_grasp_quat": true,
    "phase_backends": {
      "approach": "qp_stream",
      "grasp": "qp_stream",
      "lift": "qp_stream"
    },
    "joint_limits_used": {
      "shoulder_pitch": [
        -2.96,
        2.96
      ],
      "shoulder_roll": [
        -2.616,
        0.262
      ],
      "shoulder_yaw": [
        -2.96,
        2.96
      ],
      "elbow_pitch": [
        -2.61,
        0.261
      ],
      "elbow_yaw": [
        -2.96,
        2.96
      ],
      "wrist_pitch": [
        -0.785,
        1.05
      ],
      "wrist_roll": [
        -1.3,
        1.65
      ]
    },
    "elbow_high_proactive_used": true,
    "elbow_high_orientation": "seed",
    "approach_tcp_tracking": {
      "commanded_xyz": [
        0.48914567063176567,
        -0.35495232744875455,
        0.26523381264133394
      ],
      "achieved_xyz": [
        0.47675159520791666,
        -0.34693307320517414,
        0.25226415116874673
      ],
      "error_mm": [
        -12.394075423849015,
        8.01925424358041,
        -12.969661472587212
      ],
      "error_norm_mm": 19.65028404244462,
      "achieved_quat": [
        -0.12717431994493944,
        -0.3270252602390093,
        0.8773187067846668,
        -0.3274035098129373
      ],
      "approach_axis_tilt_deg": 48.917343237355276,
      "commanded_approach_axis_tilt_deg": 48.42033102449107,
      "orientation_error_deg": 3.728215221086863
    },
    "approach_joint_limits": {
      "closest": {
        "joint": "wrist_roll",
        "value": -1.1569,
        "lower": -1.3,
        "upper": 1.65,
        "dist_to_limit": 0.1431,
        "nearest_side": "lower"
      },
      "breached": [],
      "margin_rad": 0.05
    },
    "compliant_insert": {
      "ok": true,
      "contact": true,
      "reason": "contact",
      "resist_n": 1.8368041578843846,
      "traveled_m": 0.03256598416703678,
      "planned_depth_m": 0.03541283446748789,
      "ft_topic": "/arm_6dof_right",
      "calib_path": "/home/ubuntu/niu/compliant_grasp_execute/ft_calibration/ft_calibration_right.json",
      "calib_present": true,
      "commanded_m": 0.05541283446748789,
      "throttle_events": 0,
      "contact_kind": "force"
    },
    "grasp_tcp_tracking": {
      "commanded_xyz": [
        0.4979296465390253,
        -0.35495232744875455,
        0.1754697766579899
      ],
      "achieved_xyz": [
        0.48716106679727567,
        -0.3495447881211723,
        0.17363978119074286
      ],
      "error_mm": [
        -10.768579741749607,
        5.407539327582256,
        -1.8299954672470475
      ],
      "error_norm_mm": 12.188218682150133,
      "achieved_quat": [
        -0.13229017969830048,
        -0.347785411837237,
        0.8659509614622758,
        -0.33417592374549526
      ],
      "approach_axis_tilt_deg": 46.310125640091464,
      "commanded_approach_axis_tilt_deg": 48.42033102449107,
      "orientation_error_deg": 4.9643795947243
    },
    "grasp_joint_limits": {
      "closest": {
        "joint": "wrist_roll",
        "value": -1.2612,
        "lower": -1.3,
        "upper": 1.65,
        "dist_to_limit": 0.0388,
        "nearest_side": "lower"
      },
      "breached": [],
      "margin_rad": 0.05
    },
    "lift_joint_limits": {
      "closest": {
        "joint": "wrist_roll",
        "value": -1.2304,
        "lower": -1.3,
        "upper": 1.65,
        "dist_to_limit": 0.0696,
        "nearest_side": "lower"
      },
      "breached": [],
      "margin_rad": 0.05
    },
    "retract_ok": null,
    "return_home_ok": true,
    "released_on_finish_ok": null,
    "approach_ok": true,
    "grasp_ok": true,
    "lift_ok": true
  },
  "detection": {
    "class_name": "remote-control",
    "pose_head_roll_link": [
      0.7739737585876693,
      -0.17437545464804025,
      -0.1647945525217302,
      0.43611483377548643,
      0.8030548781379628,
      0.19690646343783946,
      0.35515427509211284
    ],
    "pose_tip_waist_yaw_link_rpy": {
      "x": 0.49740079313345076,
      "y": -0.17949563980250824,
      "z": -0.028507169771756047,
      "roll": 3.019571625994299,
      "pitch": 0.06701377190296975,
      "yaw": 2.1256142332751056
    },
    "pose_tip_used_for_tcp_conversion_rpy": {
      "x": 0.49740079313345076,
      "y": -0.17949563980250824,
      "z": -0.028507169771756047,
      "roll": 2.1372912783313764,
      "pitch": -1.4391633504090036,
      "yaw": -2.228695800787179
    },
    "pose_tcp_waist_yaw_link_rpy": {
      "x": 0.23326635560163222,
      "y": -0.15423864848346744,
      "z": -0.04724438672785111,
      "roll": 2.1372912783313764,
      "pitch": -1.4391633504090036,
      "yaw": -2.228695800787179
    },
    "pose_tcp_waist_yaw_link_pose7": [
      0.23326635560163222,
      -0.15423864848346744,
      -0.04724438672785111,
      0.0058244838902055075,
      -0.7315643567121431,
      -0.07029485501411328,
      0.6781137815546192
    ],
    "current_tcp_pose7": [
      0.35169026176499635,
      -0.5952677098868496,
      0.27505069206200267,
      0.0058244838902055075,
      -0.7315643567121431,
      -0.07029485501411328,
      0.6781137815546192
    ],
    "tcp_minus_tip_waist_m": [
      -0.26413443753181853,
      0.0252569913190408,
      -0.018737216956095065
    ],
    "tcp_to_tip_offset_m": [
      0.0,
      0.0,
      -0.266
    ],
    "orientation_policy": "current",
    "use_current_tcp_rotation": true,
    "rotation_source_arm": "right",
    "bbox_2d": [
      731.2549438476562,
      346.1022033691406,
      909.3871459960938,
      472.798095703125
    ],
    "bbox_3d": {
      "min": [
        0.734093506158617,
        -0.25855190660710575,
        -0.21254571489757582
      ],
      "max": [
        0.8288026239075773,
        -0.09350336240536689,
        -0.1206257222514959
      ],
      "center": [
        0.7814480650330972,
        -0.17602763450623632,
        -0.16658571857453586
      ],
      "size": [
        0.09470911774896029,
        0.16504854420173887,
        0.09191999264607992
      ]
    },
    "object_long_axis_waist": [
      -0.5256061097275306,
      0.8480884920414808,
      -0.06696362508031908
    ],
    "object_long_axis_yaw_waist_deg": -58.21127556040001,
    "object_angle_from_waist_x_deg": 58.21127556040002
  },
  "gripper": {
    "open_ok": true,
    "close_ok": true,
    "final_pos_pct": 90.0,
    "backend": "modbus_rtu"
  },
  "ok": true
}
[GRASP-EXEC] saved result json: /tmp/grasp_exec.json
[GRASP-EXEC] saved handoff: /tmp/grasp_handoff.json (arm=right holding=True)
