[日志] 日志文件: logs/grasp/grasp_260706_161233.log
[日志] 执行命令: python3 -m compliant_grasp_execute.main
[INFO] [1783325553.644685523] [XARM_manager]: waiting for service /controller_manager/get_parameters to become available...
[INFO] [1783325555.403550968] [XARM_manager]: XARM_manager initialized, robot_type: tianyi2, run_type: real
[INFO] [1783325555.409720876] [XARM_manager]: 已订阅关节状态话题: /joint_states
[INFO] [1783325555.414845804] [XARM_manager]: 已订阅警告和错误信息话题: /manipulator/warn_and_error_info
[INFO] [1783325555.425743984] [XARM_manager]: /joint_action_report 服务已启动
[CONFIG] loaded 198 params from /home/ubuntu/niu/compliant_grasp_execute/config.yaml
[GRASP-EXEC] STARTUP: enabling arms and moving BOTH to home posture
[INFO] [1783325560.611712553] [XARM_manager]: Deactivated controllers: ['jointspace_arm_R_controller']
[GRASP-EXEC] STARTUP: left -> home joints=['0.000', '1.180', '0.000', '-1.300', '1.400', '-0.130', '0.180']
[INFO] [1783325560.635847757] [XARM_manager]: Activated controllers: ['jointspace_arm_L_controller']
[INFO] [1783325560.650662136] [XARM_manager]: Sending goal to action server /jointspace_arm_L_controller/jointspace (attempt 1/3):
eai_manipulator_msgs.action.JointSpace_Goal(target_positions=[0.0, 1.18, 0.0, -1.3, 1.4, -0.13, 0.18])
[INFO] [1783325560.652355201] [XARM_manager]: Goal accepted. Waiting for result...
[INFO] [1783325560.802051561] [XARM_manager]: Action result received from /jointspace_arm_L_controller/jointspace
[INFO] [1783325560.802703354] [XARM_manager]: Action result: eai_manipulator_msgs.action.JointSpace_Result(success=True, result_msg='action finished')
[GRASP-EXEC] STARTUP: right -> home joints=['0.000', '-1.180', '0.000', '-1.300', '-1.400', '-0.130', '0.180']
[INFO] [1783325560.819711635] [XARM_manager]: Activated controllers: ['jointspace_arm_R_controller']
[INFO] [1783325560.838005510] [XARM_manager]: Sending goal to action server /jointspace_arm_R_controller/jointspace (attempt 1/3):
eai_manipulator_msgs.action.JointSpace_Goal(target_positions=[0.0, -1.18, 0.0, -1.3, -1.4, -0.13, 0.18])
[INFO] [1783325561.598224886] [XARM_manager]: Goal accepted. Waiting for result...
[INFO] [1783325561.709329444] [XARM_manager]: Action result received from /jointspace_arm_R_controller/jointspace
[INFO] [1783325561.709566910] [XARM_manager]: Action result: eai_manipulator_msgs.action.JointSpace_Result(success=True, result_msg='action finished')
[GRASP-EXEC] STARTUP: activating both grippers (open/close cycle)
[robotiq_api] gripper already activated (gSTA==3); skip resetActivate()
[GRASP-EXEC] STARTUP: gripper 'left' activated
[robotiq_api] gripper already activated (gSTA==3); skip resetActivate()
[GRASP-EXEC] STARTUP: gripper 'right' activated
perception health check pass
[object_pose] RGB (720, 1280, 3), depth (720, 1280), valid-depth pixels: 905482/921600 (median valid depth 1.206 m)
[GRASP-EXEC] ARM-SELECT: object waist Y=-0.176m (y < boundary 0.000) -> 'right' arm
[GRASP-EXEC] diagonal schedule: angle-from-X=84.09330753502435deg -> tilt_scale=0.50, yaw_clamp=45.0deg (freed wrist_pitch, raised jaw alignment)
[GRASP-EXEC] applied grasp tilt +22.5deg about waist Y (tilt scale 1.00 x diag 0.50) -> quat=['0.3570', '0.4408', '-0.6186', '-0.5437']
[GRASP-EXEC] continuous orientation: object long-axis yaw -84.1deg (angle-from-X 84.1deg); applied continuous yaw -45.0deg about waist Z (gain=1.00, clamp +/-45deg) -> quat=['0.4985', '0.2706', '-0.3634', '-0.7391']
[GRASP-EXEC] recomputed TCP along final quat: detected_tcp_xyz=['0.3197', '-0.1503', '-0.0438'] -> consistent_tcp_xyz=['0.3810', '-0.0319', '0.0698']
[GRASP-EXEC] approach lateral clamp: approach Y +0.0329 -> -0.0319 (= grasp Y); tool_z outboard component would have pushed the standoff further from center than the grasp, which folds the elbow into its stop at far-outboard reaches.
[GRASP-EXEC] approach along grasp axis: dist=0.120m tool_z=[-0.762,0.540,0.357] approach_xyz=['0.3096', '-0.0319', '0.1176']
[GRASP-EXEC] applied lift tilt -15.0deg about waist Y -> lift quat=['0.5416', '0.3648', '-0.2953', '-0.6974']
[GRASP-EXEC] detected class=remote-control detected_pose7=['0.3197', '-0.1503', '-0.0438', '0.0058', '-0.7315', '-0.0704', '0.6782'] -> motion grasp_pose7=['0.4010', '-0.0319', '0.0748', '0.4985', '0.2706', '-0.3634', '-0.7391']
[INFO] [1783325565.708228918] [XARM_manager]: Deactivated controllers: ['jointspace_arm_L_controller', 'jointspace_arm_R_controller']
[GRASP-EXEC] arms enabled (mode 3) [took 0.02s]
[JOINT-LIMIT] right: using live controller limits from endpose_single_arm_qp_R_controller
[GRASP-EXEC] joint-limit guard ON (margin 0.050 rad) arm=right
[GRASP-EXEC] gripper: connecting in background (overlaps arm enable + approach to hide the slow serial open; --no-gripper-async-connect for the old blocking behaviour)
[GRASP-EXEC] ARM: approach via qp_stream
[GRASP-EXEC] ELBOW-HIGH (proactive): object long axis ~parallel to body (angle-from-X=84.09330753502435 >= 45.0deg); the elbow-high seed's fore-aft jaws match a parallel object's short axis; reconfiguring to elbow-high seed before approach.
[GRASP-EXEC] elbow-high seed ready/right: clamped 1 joint(s) inward (margin 0.05rad): shoulder_yaw +2.964->+2.910 [-2.960,2.960]
[GRASP-EXEC] ELBOW-HIGH: reconfiguring right arm into elbow-high seed (jointspace, via transition waypoint). NOTE: jointspace moves run at the controller's own speed; watch the first reconfiguration for table/body clearance.
[GRASP-EXEC] gripper: arm='right' -> stable by-id port /dev/serial/by-id/usb-FTDI_FT231X_USB_UART_D30JLK40-if00-port0
[GRASP-EXEC] ELBOW-HIGH: right -> transition joints=['-1.452', '-0.585', '1.455', '-1.870', '-0.746', '-0.142', '0.087']
[INFO] [1783325565.760237662] [XARM_manager]: Activated controllers: ['jointspace_arm_R_controller']
[INFO] [1783325565.761497947] [XARM_manager]: Sending goal to action server /jointspace_arm_R_controller/jointspace (attempt 1/3):
eai_manipulator_msgs.action.JointSpace_Goal(target_positions=[-1.4525, -0.5845, 1.455, -1.87, -0.7456999999999999, -0.14179999999999998, 0.08685])
[INFO] [1783325565.764977882] [XARM_manager]: Goal accepted. Waiting for result...
[robotiq_api] gripper already activated (gSTA==3); skip resetActivate()
[GRASP-EXEC] gripper: cached serial port /dev/serial/by-id/usb-FTDI_FT231X_USB_UART_D30JLK40-if00-port0 -> /tmp/robotiq_gripper_port.txt
[GRASP-EXEC] gripper controller ready: backend=modbus_rtu port=auto slave=9 (wait_timeout=8.0s) [connect took 0.04s]
[INFO] [1783325567.629963793] [XARM_manager]: Action result received from /jointspace_arm_R_controller/jointspace
[INFO] [1783325567.630227228] [XARM_manager]: Action result: eai_manipulator_msgs.action.JointSpace_Result(success=True, result_msg='action finished')
[GRASP-EXEC] ELBOW-HIGH: transition move result: eai_manipulator_msgs.action.JointSpace_Result(success=True, result_msg='action finished')
[GRASP-EXEC] ELBOW-HIGH: right -> ready joints=['-2.905', '0.011', '2.910', '-2.440', '-0.091', '-0.154', '-0.006']
[INFO] [1783325567.634112525] [XARM_manager]: Sending goal to action server /jointspace_arm_R_controller/jointspace (attempt 1/3):
eai_manipulator_msgs.action.JointSpace_Goal(target_positions=[-2.905, 0.011, 2.91, -2.44, -0.0914, -0.1536, -0.0063])
[INFO] [1783325567.636179658] [XARM_manager]: Goal accepted. Waiting for result...
[INFO] [1783325569.491605169] [XARM_manager]: Action result received from /jointspace_arm_R_controller/jointspace
[INFO] [1783325569.491869094] [XARM_manager]: Action result: eai_manipulator_msgs.action.JointSpace_Result(success=True, result_msg='action finished')
[GRASP-EXEC] ELBOW-HIGH: ready move result: eai_manipulator_msgs.action.JointSpace_Result(success=True, result_msg='action finished')
[JOINT-LIMIT] right closest-to-limit: shoulder_pitch=-2.7894 [-2.96,2.96] dist=0.1706rad
[GRASP-EXEC] continuous orientation: object long-axis yaw -84.1deg (angle-from-X 84.1deg); applied continuous yaw -4.1deg about waist Z (gain=1.00, clamp +/-90deg) [top-down jaw-align: base jaw heading -170.0deg -> short-axis +5.9deg] -> quat=['-0.2244', '-0.2753', '0.9277', '-0.1152']
[GRASP-EXEC] recomputed TCP along final quat: detected_tcp_xyz=['0.3197', '-0.1503', '-0.0438'] -> consistent_tcp_xyz=['0.4900', '-0.3252', '0.1738']
[GRASP-EXEC] approach lateral clamp: approach Y -0.3927 -> -0.3252 (= grasp Y); tool_z outboard component would have pushed the standoff further from center than the grasp, which folds the elbow into its stop at far-outboard reaches.
[GRASP-EXEC] approach along grasp axis: dist=0.120m tool_z=[-0.353,-0.562,0.748] approach_xyz=['0.4676', '-0.3252', '0.2685']
[GRASP-EXEC] applied lift tilt -15.0deg about waist Y -> lift quat=['-0.3435', '-0.2579', '0.8905', '-0.1502']
[GRASP-EXEC] ELBOW-HIGH: using SEED grasp orientation (proactive); rebuilt grasp/approach/lift poses. The seed-anchored mode keeps the orientation the arm is already in, so the approach only translates and the wrist stays in range.
[GRASP-EXEC] ELBOW-HIGH QP joint window set on endpose_single_arm_qp_R_controller (flex 0.40rad, drop 0.15rad): shoulder_pitch[-2.96,-2.64], shoulder_roll[-0.55,0.00], shoulder_yaw[2.41,2.96], elbow_pitch[-2.61,-2.14], elbow_yaw[-0.56,-0.01]. Asymmetric: tight on the drop side so the elbow is actually held high; loose on the flex side so the arm can still reach.
[GRASP-EXEC] ELBOW-HIGH: wrist guard margin relaxed to 0.010rad (from 0.050) so the nose-down grasp can reach wrist_pitch~-0.71 (still inside the -0.785 stop). Other joints keep the full margin.
[INFO] [1783325569.512008020] [XARM_manager]: Deactivated controllers: ['jointspace_arm_R_controller']
[INFO] [1783325569.522590048] [XARM_manager]: Activated controllers: ['endpose_single_arm_qp_R_controller']
[GRASP-EXEC] QP-Stream right -> approach (pure-pursuit): pos=35.5cm rot=13.8deg, lookahead=13cm @ 50Hz, pos_tol=2.0cm accept=2.5cm keep_ori=False
[GRASP-EXEC] approach TCP tracking: commanded=[0.4676,-0.3252,0.2685] achieved=[0.4597,-0.3232,0.2506] err=[-7.9,+2.0,-18.0]mm |err|=19.7mm approach-axis tilt: achieved=+52.1deg commanded=+48.4deg (0=level) ori-err=4.2deg
[JOINT-LIMIT] right closest-to-limit: wrist_pitch=-0.7244 [-0.785,1.05] dist=0.0606rad
[JOINT-LIMIT] right approach per-joint: shoulder_pitch=-1.713[-2.96,+2.96](1.247) shoulder_roll=-0.872[-2.62,+0.26](1.134) shoulder_yaw=+2.087[-2.96,+2.96](0.873) elbow_pitch=-1.284[-2.61,+0.26](1.325) elbow_yaw=+1.052[-2.96,+2.96](1.908) wrist_pitch=-0.724[-0.79,+1.05](0.061) wrist_roll=-0.291[-1.30,+1.65](1.009)
[GRASP-EXEC] GRIPPER: open (after approach, before grasp insert)
[GRASP-EXEC] gripper already open enough: 1% (skip open command)
[GRASP-EXEC] ARM: HYBRID pre-descent (position QP-stream) -> 5.8cm, leaving final 3.0cm for F/T compliant descend-to-contact
[GRASP-EXEC] QP-Stream right -> pre-grasp (pure-pursuit): pos=5.8cm rot=0.0deg, lookahead=8cm @ 50Hz, pos_tol=1.0cm accept=2.5cm keep_ori=True
[GRASP-EXEC] ARM: COMPLIANT insert to grasp pose (F/T admittance descend-to-contact)
[INFO] [1783325574.487243444] [XARM_manager]: [COMPLIANT-RIGHT] Loaded F/T calibration from /home/ubuntu/niu/compliant_grasp_execute/ft_calibration/ft_calibration_right.json
[INFO] [1783325574.507827456] [XARM_manager]: [COMPLIANT-RIGHT] target set: p=[0.4861236895621659, -0.3260463737436903, 0.19671257070425352] q=[-0.18011883427109535, -0.25787893572510306, 0.9412384217020678, -0.12298737155460417]
[INFO] [1783325574.508214823] [XARM_manager]: [COMPLIANT-RIGHT] seeded QP target at captured pose (z=+0.1967).
[INFO] [1783325574.508655891] [XARM_manager]: [COMPLIANT-RIGHT] admittance loop starting (calibrating force offset; keep hands off the arm briefly)...
[INFO] [1783325574.831419090] [XARM_manager]: [COMPLIANT-RIGHT] runtime offset calibrated. p_ref=[0.4861236895621659, -0.3260463737436903, 0.19671257070425352], ready.
[COMPLIANT-INSERT] runtime force-offset calibrated in 0.33s
[INFO] [1783325574.833959775] [XARM_manager]: [COMPLIANT-RIGHT] gains updated: B=[3.9597979746446663, 5.6, 3.9597979746446663] K=[20.0, 40.0, 20.0] B_rot=[0.5, 0.5, 0.5] K_rot=[0.0, 0.0, 0.0]
[COMPLIANT-INSERT] insertion dir=[+0.80,+0.03,-0.60] planned_depth=3.0cm soft_axes=xz K=[20.0, 40.0, 20.0] B=[3.96, 5.6, 3.96] contact_thresh=1.5N
[INFO] [1783325575.384089757] [XARM_manager]: [COMPLIANT-RIGHT] gains updated: B=[10.844353369380768, 10.844353369380768, 10.844353369380768] K=[150.0, 150.0, 150.0] B_rot=[0.5, 0.5, 0.5] K_rot=[0.0, 0.0, 0.0]
[INFO] [1783325575.384358299] [XARM_manager]: [COMPLIANT-RIGHT] target set: p=[0.4894827052616578, -0.3253024776480969, 0.18708417370315875] q=[-0.18011883427109535, -0.25787893572510306, 0.9412384217020678, -0.12298737155460417]
[COMPLIANT-INSERT] CONTACT (force) at tcp_drop 0.8cm (resist 1.9N, thresh 1.5N); holding compliant for gripper close
[GRASP-EXEC] grasp TCP tracking: commanded=[0.5100,-0.3252,0.1788] achieved=[0.4930,-0.3273,0.1876] err=[-16.9,-2.1,+8.7]mm |err|=19.2mm approach-axis tilt: achieved=+50.9deg commanded=+48.4deg (0=level) ori-err=6.0deg
[JOINT-LIMIT] right closest-to-limit: wrist_pitch=-0.7438 [-0.785,1.05] dist=0.0412rad
[JOINT-LIMIT] right grasp per-joint: shoulder_pitch=-1.455[-2.96,+2.96](1.505) shoulder_roll=-0.700[-2.62,+0.26](0.962) shoulder_yaw=+1.934[-2.96,+2.96](1.026) elbow_pitch=-0.914[-2.61,+0.26](1.175) elbow_yaw=+1.280[-2.96,+2.96](1.680) wrist_pitch=-0.744[-0.79,+1.05](0.041) wrist_roll=-0.562[-1.30,+1.65](0.738)
[INFO] [1783325575.662860638] [XARM_manager]: [COMPLIANT-RIGHT] n=200 hz=242.2 F=[-3.07,+2.73,+5.99]N disp=[+0.5,-0.2,-0.0]cm v=[-0.20,+0.20,+0.20]
[GRASP-EXEC] GRIPPER: close at grasp pose (after arm motion, not at approach)
[GRASP-EXEC] gripper close: start=1% -> target=100%
[INFO] [1783325576.497793787] [XARM_manager]: [COMPLIANT-RIGHT] n=400 hz=240.5 F=[+0.00,+2.25,+1.98]N disp=[+0.2,-0.1,-0.0]cm v=[-0.01,+0.18,+0.20]
[GRASP-EXEC] gripper close result: pos=90% status=3 ok=True
[INFO] [1783325576.849628994] [XARM_manager]: [COMPLIANT-RIGHT] admittance loop stopped.
[GRASP-EXEC] ARM: rotate wrist away from table -20deg about waist Y before lift
[GRASP-EXEC] QP-Stream right -> table-clear (pure-pursuit): pos=0.0cm rot=20.0deg, lookahead=13cm @ 50Hz, pos_tol=2.0cm accept=2.5cm keep_ori=False
[GRASP-EXEC] ARM: lift after grasp
[GRASP-EXEC] QP-Stream right -> lift (pure-pursuit): pos=10.2cm rot=0.0deg, lookahead=13cm @ 50Hz, pos_tol=2.0cm accept=2.5cm keep_ori=True
[JOINT-LIMIT] right closest-to-limit: wrist_pitch=-0.7532 [-0.785,1.05] dist=0.0318rad
[JOINT-LIMIT] right lift per-joint: shoulder_pitch=-1.727[-2.96,+2.96](1.233) shoulder_roll=-0.729[-2.62,+0.26](0.991) shoulder_yaw=+2.054[-2.96,+2.96](0.905) elbow_pitch=-1.038[-2.61,+0.26](1.299) elbow_yaw=+1.057[-2.96,+2.96](1.903) wrist_pitch=-0.753[-0.79,+1.05](0.032) wrist_roll=-0.387[-1.30,+1.65](0.913)
[GRASP-EXEC] ELBOW-HIGH QP joint limits restored on endpose_single_arm_qp_R_controller (back to hard limits).
[GRASP-EXEC] ELBOW-HIGH: wrist guard margin restored to full.
[INFO] [1783325577.550933738] [XARM_manager]: Deactivated controllers: ['endpose_single_arm_qp_R_controller']
[GRASP-EXEC] elbow-high seed ready/right: clamped 1 joint(s) inward (margin 0.05rad): shoulder_yaw +2.964->+2.910 [-2.960,2.960]
[GRASP-EXEC] ELBOW-HIGH: returning via transition waypoint before home (bridges elbow-high -> elbow-low without a large sweep).
[GRASP-EXEC] ELBOW-HIGH: right -> transition(return) joints=['-1.452', '-0.585', '1.455', '-1.870', '-0.746', '-0.142', '0.087']
[INFO] [1783325577.569534277] [XARM_manager]: Activated controllers: ['jointspace_arm_R_controller']
[INFO] [1783325577.570738403] [XARM_manager]: Sending goal to action server /jointspace_arm_R_controller/jointspace (attempt 1/3):
eai_manipulator_msgs.action.JointSpace_Goal(target_positions=[-1.4525, -0.5845, 1.455, -1.87, -0.7456999999999999, -0.14179999999999998, 0.08685])
[INFO] [1783325577.572995205] [XARM_manager]: Goal accepted. Waiting for result...
[INFO] [1783325579.684620257] [XARM_manager]: Action result received from /jointspace_arm_R_controller/jointspace
[INFO] [1783325579.684867904] [XARM_manager]: Action result: eai_manipulator_msgs.action.JointSpace_Result(success=True, result_msg='action finished')
[GRASP-EXEC] ELBOW-HIGH: transition(return) move result: eai_manipulator_msgs.action.JointSpace_Result(success=True, result_msg='action finished')
[GRASP-EXEC] PRE-HOME WAYPOINT: right -> joints=['0.000', '-1.180', '0.000', '-1.300', '-1.400', '-0.130', '0.180']
[INFO] [1783325579.687491792] [XARM_manager]: Sending goal to action server /jointspace_arm_R_controller/jointspace (attempt 1/3):
eai_manipulator_msgs.action.JointSpace_Goal(target_positions=[0.0, -1.18, 0.0, -1.3, -1.4, -0.13, 0.18])
[INFO] [1783325579.688592224] [XARM_manager]: Goal accepted. Waiting for result...
[INFO] [1783325581.544589218] [XARM_manager]: Action result received from /jointspace_arm_R_controller/jointspace
[INFO] [1783325581.545067515] [XARM_manager]: Action result: eai_manipulator_msgs.action.JointSpace_Result(success=True, result_msg='action finished')
[GRASP-EXEC] pre-home waypoint result: eai_manipulator_msgs.action.JointSpace_Result(success=True, result_msg='action finished')
[GRASP-EXEC] RETURN HOME: right -> joints=['0.000', '-1.180', '0.000', '-1.300', '-1.400', '-0.130', '0.180']
[INFO] [1783325581.548225546] [XARM_manager]: Sending goal to action server /jointspace_arm_R_controller/jointspace (attempt 1/3):
eai_manipulator_msgs.action.JointSpace_Goal(target_positions=[0.0, -1.18, 0.0, -1.3, -1.4, -0.13, 0.18])
[INFO] [1783325581.549479153] [XARM_manager]: Goal accepted. Waiting for result...
[INFO] [1783325581.553620567] [XARM_manager]: Action result received from /jointspace_arm_R_controller/jointspace
[INFO] [1783325581.553861398] [XARM_manager]: Action result: eai_manipulator_msgs.action.JointSpace_Result(success=True, result_msg='action finished')
[GRASP-EXEC] return home result: eai_manipulator_msgs.action.JointSpace_Result(success=True, result_msg='action finished')
{
  "arm": "right",
  "pipeline_version": "accelerated",
  "motion_strategy": "qp_all",
  "dry_run": false,
  "motion": {
    "detected_pose7": [
      0.31968808979342905,
      -0.15026595133876003,
      -0.04379042108535604,
      0.005759997254062477,
      -0.7315091968103493,
      -0.07041716689185935,
      0.6781611460563299
    ],
    "approach_pose7": [
      0.46761718153654036,
      -0.3252027506545292,
      0.268539079098313,
      -0.22437685847763808,
      -0.2752720391271667,
      0.9276847101662058,
      -0.11524499285574412
    ],
    "grasp_pose7": [
      0.5099597231546767,
      -0.3252027506545292,
      0.17880779993323836,
      -0.22437685847763808,
      -0.2752720391271667,
      0.9276847101662058,
      -0.11524499285574412
    ],
    "lift_pose7": [
      0.5099597231546767,
      -0.3252027506545292,
      0.29880779993323836,
      -0.34354443614761,
      -0.25787455858263253,
      0.8904611819099538,
      -0.1501892670578071
    ],
    "pre_home_pose7": [
      0.32995972315467675,
      -0.42520275065452917,
      0.34880779993323835,
      -0.34354443614761,
      -0.25787455858263253,
      0.8904611819099538,
      -0.1501892670578071
    ],
    "grasp_xyz_offset_m": [
      0.02,
      0.0,
      0.005
    ],
    "grasp_quat": [
      -0.22437685847763808,
      -0.2752720391271667,
      0.9276847101662058,
      -0.11524499285574412
    ],
    "use_fixed_grasp_quat": true,
    "phase_backends": {
      "approach": "qp_stream",
      "grasp": "qp_stream",
      "lift": "qp_stream"
    },
    "joint_limits_used": {
      "shoulder_pitch": [
        -2.96,
        2.96
      ],
      "shoulder_roll": [
        -2.616,
        0.262
      ],
      "shoulder_yaw": [
        -2.96,
        2.96
      ],
      "elbow_pitch": [
        -2.61,
        0.261
      ],
      "elbow_yaw": [
        -2.96,
        2.96
      ],
      "wrist_pitch": [
        -0.785,
        1.05
      ],
      "wrist_roll": [
        -1.3,
        1.65
      ]
    },
    "elbow_high_proactive_used": true,
    "elbow_high_orientation": "seed",
    "approach_tcp_tracking": {
      "commanded_xyz": [
        0.46761718153654036,
        -0.3252027506545292,
        0.268539079098313
      ],
      "achieved_xyz": [
        0.4597413261599138,
        -0.32318049446389085,
        0.25057969155811693
      ],
      "error_mm": [
        -7.87585537662655,
        2.0222561906383385,
        -17.959387540196047
      ],
      "error_norm_mm": 19.714416522764797,
      "achieved_quat": [
        -0.19272371294548968,
        -0.2612799106051959,
        0.9380680494463758,
        -0.12090787149940721
      ],
      "approach_axis_tilt_deg": 52.10901779736544,
      "commanded_approach_axis_tilt_deg": 48.39676988475634,
      "orientation_error_deg": 4.191188946167749
    },
    "approach_joint_limits": {
      "closest": {
        "joint": "wrist_pitch",
        "value": -0.7244,
        "lower": -0.785,
        "upper": 1.05,
        "dist_to_limit": 0.0606,
        "nearest_side": "lower"
      },
      "breached": [],
      "margin_rad": 0.05
    },
    "compliant_insert": {
      "ok": true,
      "contact": true,
      "reason": "contact",
      "resist_n": 1.8959076353441926,
      "traveled_m": 0.008486136828432541,
      "planned_depth_m": 0.029823631799337755,
      "ft_topic": "/arm_6dof_right",
      "calib_path": "/home/ubuntu/niu/compliant_grasp_execute/ft_calibration/ft_calibration_right.json",
      "calib_present": true,
      "commanded_m": 0.048986136828432544,
      "throttle_events": 0,
      "contact_kind": "force"
    },
    "grasp_tcp_tracking": {
      "commanded_xyz": [
        0.5099597231546767,
        -0.3252027506545292,
        0.17880779993323836
      ],
      "achieved_xyz": [
        0.49301335457425616,
        -0.3273379140077236,
        0.18755176763572326
      ],
      "error_mm": [
        -16.94636858042059,
        -2.1351633531944136,
        8.743967702484895
      ],
      "error_norm_mm": 19.188415822844508,
      "achieved_quat": [
        -0.175804723328819,
        -0.28463950946029065,
        0.9330251450499139,
        -0.1324278203931103
      ],
      "approach_axis_tilt_deg": 50.909057609197255,
      "commanded_approach_axis_tilt_deg": 48.39676988475634,
      "orientation_error_deg": 6.032580764177236
    },
    "grasp_joint_limits": {
      "closest": {
        "joint": "wrist_pitch",
        "value": -0.7438,
        "lower": -0.785,
        "upper": 1.05,
        "dist_to_limit": 0.0412,
        "nearest_side": "lower"
      },
      "breached": [],
      "margin_rad": 0.05
    },
    "lift_joint_limits": {
      "closest": {
        "joint": "wrist_pitch",
        "value": -0.7532,
        "lower": -0.785,
        "upper": 1.05,
        "dist_to_limit": 0.0318,
        "nearest_side": "lower"
      },
      "breached": [],
      "margin_rad": 0.05
    },
    "retract_ok": null,
    "return_home_ok": true,
    "released_on_finish_ok": null,
    "approach_ok": true,
    "grasp_ok": true,
    "lift_ok": true
  },
  "detection": {
    "class_name": "remote-control",
    "pose_head_roll_link": [
      0.8381019857623303,
      -0.16866668192787856,
      -0.10662915923080252,
      -0.27933068903442093,
      -0.2800023181799557,
      0.6916702541549575,
      0.6042891091974296
    ],
    "pose_tip_waist_yaw_link_rpy": {
      "x": 0.5838190237415458,
      "y": -0.17559159792995385,
      "z": -0.025096535549343768,
      "roll": -0.11989626062132978,
      "pitch": -0.039324395294767056,
      "yaw": 1.6738875582114616
    },
    "pose_tip_used_for_tcp_conversion_rpy": {
      "x": 0.5838190237415458,
      "y": -0.17559159792995385,
      "z": -0.025096535549343768,
      "roll": 2.1358992735845628,
      "pitch": -1.439179677752048,
      "yaw": -2.227568770415067
    },
    "pose_tcp_waist_yaw_link_rpy": {
      "x": 0.31968808979342905,
      "y": -0.15026595133876003,
      "z": -0.04379042108535604,
      "roll": 2.1358992735845628,
      "pitch": -1.439179677752048,
      "yaw": -2.227568770415067
    },
    "pose_tcp_waist_yaw_link_pose7": [
      0.31968808979342905,
      -0.15026595133876003,
      -0.04379042108535604,
      0.005759997254062477,
      -0.7315091968103493,
      -0.07041716689185935,
      0.6781611460563299
    ],
    "current_tcp_pose7": [
      0.3516858187606418,
      -0.5952872506822519,
      0.2750192794886758,
      0.005759997254062477,
      -0.7315091968103493,
      -0.07041716689185935,
      0.6781611460563299
    ],
    "tcp_minus_tip_waist_m": [
      -0.26413093394811676,
      0.025325646591193823,
      -0.01869388553601227
    ],
    "tcp_to_tip_offset_m": [
      0.0,
      0.0,
      -0.266
    ],
    "orientation_policy": "current",
    "use_current_tcp_rotation": true,
    "rotation_source_arm": "right",
    "bbox_2d": [
      703.992431640625,
      322.1690673828125,
      900.5042724609375,
      366.6566467285156
    ],
    "bbox_3d": {
      "min": [
        0.8151633874457718,
        -0.25925060154291096,
        -0.12987915492525912
      ],
      "max": [
        0.872528408290458,
        -0.07925388557037957,
        -0.08743967328115376
      ],
      "center": [
        0.8438458978681149,
        -0.16925224355664525,
        -0.10865941410320644
      ],
      "size": [
        0.0573650208446862,
        0.1799967159725314,
        0.042439481644105354
      ]
    },
    "object_long_axis_waist": [
      -0.10282916370813776,
      0.9939218037589348,
      0.039314260818059645
    ],
    "object_long_axis_yaw_waist_deg": -84.09330753502434,
    "object_angle_from_waist_x_deg": 84.09330753502435
  },
  "gripper": {
    "open_ok": true,
    "close_ok": true,
    "final_pos_pct": 90.0,
    "backend": "modbus_rtu"
  },
  "ok": true
}
[GRASP-EXEC] saved result json: /tmp/grasp_exec.json
[GRASP-EXEC] saved handoff: /tmp/grasp_handoff.json (arm=right holding=True)
