[日志] 日志文件: logs/grasp/grasp_260708_130215.log
[日志] 执行命令: python3 -m grasp_pose_place_execute.main
[CONFIG] loaded 91 params from /home/ubuntu/niu/grasp_pose_place_execute/config.yaml
[PLACE-EXEC] ARM: handoff /tmp/grasp_handoff.json -> arm='left' holding=True object=['remote-control']
[INFO] [1783486935.748384607] [XARM_manager]: waiting for service /controller_manager/get_parameters to become available...
[INFO] [1783486936.008654453] [XARM_manager]: XARM_manager initialized, robot_type: tianyi2, run_type: real
[INFO] [1783486936.016149041] [XARM_manager]: 已订阅关节状态话题: /joint_states
[INFO] [1783486936.021212569] [XARM_manager]: 已订阅警告和错误信息话题: /manipulator/warn_and_error_info
[INFO] [1783486936.037782899] [XARM_manager]: /joint_action_report 服务已启动
[PLACE-EXEC] applied place tilt +45.0deg about waist Y -> quat=['-0.2294', '0.3262', '0.6764', '-0.6193']
[PLACE-EXEC] place TCP target (waist) from handoff grasp_pose7 (original detected grasp position): x=0.3547 y=0.2291 z=0.1993 (+5cm release clearance)
[PLACE-EXEC] approach along place axis: dist=0.120m extra_z=0.120m tool_z=[-0.714,0.157,0.682] approach_xyz=['0.2689', '0.2480', '0.4011']
[INFO] [1783486941.696579769] [XARM_manager]: Deactivated controllers: ['jointspace_arm_L_controller']
[PLACE-EXEC] arms enabled (mode 3); placing with 'left' arm
[PLACE-EXEC] gripper: connecting in background (overlaps approach)
[GRASP-EXEC] gripper: arm='left' -> stable by-id port /dev/serial/by-id/usb-FTDI_FT231X_USB_UART_DU0E2IPR-if00-port0
[INFO] [1783486941.716445720] [XARM_manager]: Deactivated controllers: []
[PLACE-EXEC] START HOME: left -> joints=['0.844', '0.026', '-0.006', '-2.216', '-1.529', '0.200', '0.683']
[INFO] [1783486941.733760268] [XARM_manager]: Activated controllers: ['jointspace_arm_L_controller']
[robotiq_api] gripper already activated (gSTA==3); skip resetActivate()
[INFO] [1783486941.750208725] [XARM_manager]: Sending goal to action server /jointspace_arm_L_controller/jointspace (attempt 1/3):
eai_manipulator_msgs.action.JointSpace_Goal(target_positions=[0.844, 0.026, -0.006, -2.216, -1.529, 0.2, 0.683])
[GRASP-EXEC] gripper: cached serial port /dev/serial/by-id/usb-FTDI_FT231X_USB_UART_DU0E2IPR-if00-port0 -> /tmp/robotiq_gripper_port.txt
[GRASP-EXEC] gripper controller ready: backend=modbus_rtu port=auto slave=9 (wait_timeout=8.0s) [connect took 0.04s]
[INFO] [1783486941.751905114] [XARM_manager]: Goal accepted. Waiting for result...
[INFO] [1783486942.310031743] [XARM_manager]: Action result received from /jointspace_arm_L_controller/jointspace
[INFO] [1783486942.310332465] [XARM_manager]: Action result: eai_manipulator_msgs.action.JointSpace_Result(success=True, result_msg='action finished')
[PLACE-EXEC] START HOME result: eai_manipulator_msgs.action.JointSpace_Result(success=True, result_msg='action finished')
[INFO] [1783486942.318925724] [XARM_manager]: Deactivated controllers: ['jointspace_arm_L_controller']
[WARN] [1783486942.949541557] [XARM_manager]: TF查找超时: waist_yaw_link <- left_tcp_link, 超时0.5s
[PLACE-EXEC] TF warmup ok: read TCP after 2 attempt(s)
[PLACE-EXEC] ARM: approach to middle waypoint
[INFO] [1783486942.967074678] [XARM_manager]: Activated controllers: ['endpose_single_arm_qp_L_controller']
[GRASP-EXEC] QP-Stream left -> approach (pure-pursuit): pos=30.2cm rot=74.6deg, lookahead=13cm @ 50Hz, pos_tol=2.0cm accept=2.5cm keep_ori=False
[GRASP-EXEC] approach TCP tracking: commanded=[0.2689,0.2480,0.4011] achieved=[0.2700,0.2460,0.4192] err=[+1.1,-2.0,+18.1]mm |err|=18.2mm approach-axis tilt: achieved=+38.4deg commanded=+43.0deg (0=level) ori-err=4.6deg
[PLACE-EXEC] ARM: HYBRID pre-descent (QP, fast transit) -> 17.6cm, leaving final 6.0cm for F/T compliant set-down
[GRASP-EXEC] QP-Stream left -> approach (pure-pursuit): pos=17.6cm rot=0.0deg, lookahead=13cm @ 50Hz, pos_tol=2.0cm accept=2.5cm keep_ori=True
[PLACE-EXEC] ARM: COMPLIANT set-down (F/T admittance descend-to-contact)
[INFO] [1783486948.349018921] [XARM_manager]: [COMPLIANT-LEFT] Loaded F/T calibration from /home/ubuntu/niu/compliant_grasp_execute/ft_calibration/ft_calibration_left.json
[INFO] [1783486948.370649805] [XARM_manager]: [COMPLIANT-LEFT] target set: p=[0.3182045399141652, 0.24431805620071229, 0.25425806577712273] q=[0.24016589237262212, -0.3408743198098997, -0.671529200691628, 0.6125141425742456]
[INFO] [1783486948.371319183] [XARM_manager]: [COMPLIANT-LEFT] seeded QP target at captured pose (z=+0.2543).
[INFO] [1783486948.372185577] [XARM_manager]: [COMPLIANT-LEFT] admittance loop starting (calibrating force offset; keep hands off the arm briefly)...
[INFO] [1783486948.705673373] [XARM_manager]: [COMPLIANT-LEFT] runtime offset calibrated. p_ref=[0.3182045399141652, 0.24431805620071229, 0.25425806577712273], ready.
[COMPLIANT-INSERT] runtime force-offset calibrated in 0.34s
[INFO] [1783486948.716462334] [XARM_manager]: [COMPLIANT-LEFT] gains updated: B=[3.9597979746446663, 5.6, 3.9597979746446663] K=[20.0, 40.0, 20.0] B_rot=[0.5, 0.5, 0.5] K_rot=[0.0, 0.0, 0.0]
[COMPLIANT-INSERT] insertion dir=[+0.47,-0.16,-0.87] planned_depth=11.7cm soft_axes=xz K=[20.0, 40.0, 20.0] B=[3.96, 5.6, 3.96] contact_thresh=1.5N
[INFO] [1783486949.203622368] [XARM_manager]: [COMPLIANT-LEFT] gains updated: B=[10.844353369380768, 10.844353369380768, 10.844353369380768] K=[150.0, 150.0, 150.0] B_rot=[0.5, 0.5, 0.5] K_rot=[0.0, 0.0, 0.0]
[INFO] [1783486949.204212029] [XARM_manager]: [COMPLIANT-LEFT] target set: p=[0.3139112887566766, 0.24408318398607365, 0.22509164423992262] q=[0.24016589237262212, -0.3408743198098997, -0.671529200691628, 0.6125141425742456]
[COMPLIANT-INSERT] CONTACT (force) at tcp_drop 2.3cm (resist 2.5N, thresh 1.5N); holding compliant for gripper close
[GRASP-EXEC] place TCP tracking: commanded=[0.3547,0.2291,0.1993] achieved=[0.3099,0.2441,0.2130] err=[-44.8,+15.0,+13.7]mm |err|=49.2mm approach-axis tilt: achieved=+46.6deg commanded=+43.0deg (0=level) ori-err=3.9deg
[PLACE-EXEC] GRIPPER: release (open) at place pose
[GRASP-EXEC] gripper release: start=90% -> target=0%
[INFO] [1783486949.541112314] [XARM_manager]: [COMPLIANT-LEFT] n=200 hz=240.3 F=[+0.00,+0.00,+0.17]N disp=[-0.4,+0.1,-1.1]cm v=[+0.06,-0.01,+0.17]
[GRASP-EXEC] gripper release result: pos=1% status=3 ok=True
[INFO] [1783486950.280044965] [XARM_manager]: [COMPLIANT-LEFT] admittance loop stopped.
[PLACE-EXEC] ARM: retract to pre-insert standoff (keep orientation)
[GRASP-EXEC] QP-Stream left -> retract (pure-pursuit): pos=17.8cm rot=0.0deg, lookahead=13cm @ 50Hz, pos_tol=2.0cm accept=2.5cm keep_ori=True
[GRASP-EXEC] retract TCP tracking: commanded=[0.2689,0.2480,0.4011] achieved=[0.2736,0.2456,0.4196] err=[+4.7,-2.3,+18.5]mm |err|=19.2mm approach-axis tilt: achieved=+37.1deg commanded=+43.0deg (0=level) ori-err=5.9deg
[INFO] [1783486952.303712252] [XARM_manager]: Deactivated controllers: ['endpose_single_arm_qp_L_controller']
[PLACE-EXEC] RETURN HOME: left -> joints=['0.844', '0.026', '-0.006', '-2.216', '-1.529', '0.200', '0.683']
[INFO] [1783486952.323227269] [XARM_manager]: Activated controllers: ['jointspace_arm_L_controller']
[INFO] [1783486952.324196443] [XARM_manager]: Sending goal to action server /jointspace_arm_L_controller/jointspace (attempt 1/3):
eai_manipulator_msgs.action.JointSpace_Goal(target_positions=[0.844, 0.026, -0.006, -2.216, -1.529, 0.2, 0.683])
[INFO] [1783486952.325737277] [XARM_manager]: Goal accepted. Waiting for result...
[INFO] [1783486955.475248784] [XARM_manager]: Action result received from /jointspace_arm_L_controller/jointspace
[INFO] [1783486955.475779450] [XARM_manager]: Action result: eai_manipulator_msgs.action.JointSpace_Result(success=True, result_msg='action finished')
[PLACE-EXEC] RETURN HOME result: eai_manipulator_msgs.action.JointSpace_Result(success=True, result_msg='action finished')
{
  "arm": "left",
  "motion_strategy": "qp_all",
  "dry_run": false,
  "motion": {
    "place_pose7": [
      0.3546699671433359,
      0.22909474777598793,
      0.19930894602730875,
      -0.22941393277711944,
      0.3262292453010775,
      0.6763556988345837,
      -0.6192630261948527
    ],
    "approach_pose7": [
      0.2689450558223118,
      0.24795381407752415,
      0.4011354404972347,
      -0.22941393277711944,
      0.3262292453010775,
      0.6763556988345837,
      -0.6192630261948527
    ],
    "approach_tcp_tracking": {
      "commanded_xyz": [
        0.2689450558223118,
        0.24795381407752415,
        0.4011354404972347
      ],
      "achieved_xyz": [
        0.2700394497552129,
        0.24596346864297317,
        0.4192015389237441
      ],
      "error_mm": [
        1.094393932901061,
        -1.990345434550983,
        18.066098426509413
      ],
      "error_norm_mm": 18.208324617754773,
      "achieved_quat": [
        0.24507941056726723,
        -0.3592956900732752,
        -0.6654564251544169,
        0.6066386369425162
      ],
      "approach_axis_tilt_deg": 38.43931451870519,
      "commanded_approach_axis_tilt_deg": 42.99131199460442,
      "orientation_error_deg": 4.608211266835666
    },
    "compliant_place": {
      "ok": true,
      "contact": true,
      "reason": "contact",
      "resist_n": 2.497072658933615,
      "traveled_m": 0.02340978455929741,
      "planned_depth_m": 0.11666688289331596,
      "ft_topic": "/arm_6dof_left",
      "calib_path": "/home/ubuntu/niu/compliant_grasp_execute/ft_calibration/ft_calibration_left.json",
      "calib_present": true,
      "commanded_m": 0.051433404942409854,
      "throttle_events": 0,
      "contact_kind": "force"
    },
    "place_tcp_tracking": {
      "commanded_xyz": [
        0.3546699671433359,
        0.22909474777598793,
        0.19930894602730875
      ],
      "achieved_xyz": [
        0.3098584264212473,
        0.24412858038469806,
        0.21302035317122772
      ],
      "error_mm": [
        -44.811540722088594,
        15.033832608710135,
        13.711407143918969
      ],
      "error_norm_mm": 49.21476395006313,
      "achieved_quat": [
        0.21462243642343812,
        -0.3007603813314787,
        -0.6931278182648636,
        0.6189137503339227
      ],
      "approach_axis_tilt_deg": 46.6322090910075,
      "commanded_approach_axis_tilt_deg": 42.99131199460442,
      "orientation_error_deg": 3.884277590843516
    },
    "retract_tcp_tracking": {
      "commanded_xyz": [
        0.2689450558223118,
        0.24795381407752415,
        0.4011354404972347
      ],
      "achieved_xyz": [
        0.2736435567894247,
        0.24563744362055923,
        0.41962114449008636
      ],
      "error_mm": [
        4.698500967112884,
        -2.3163704569649224,
        18.485703992851654
      ],
      "error_norm_mm": 19.213608082377245,
      "achieved_quat": [
        0.25426470830973263,
        -0.3660125394197649,
        -0.662463773789294,
        0.602101343224302
      ],
      "approach_axis_tilt_deg": 37.06843941320795,
      "commanded_approach_axis_tilt_deg": 42.99131199460442,
      "orientation_error_deg": 5.941528364947219
    },
    "approach_ok": true,
    "place_ok": true,
    "released_ok": true,
    "lift_ok": null,
    "retract_ok": true,
    "return_home_ok": true
  },
  "ok": true
}
[PLACE-EXEC] saved result json: /tmp/place_exec.json
[PLACE-EXEC] updated handoff: /tmp/grasp_handoff.json (holding=false, placed=true)
