[日志] 日志文件: logs/grasp/grasp_260708_101954.log
[日志] 执行命令: python3 -m compliant_grasp_execute.main
[INFO] [1783477195.269515971] [XARM_manager]: waiting for service /controller_manager/get_parameters to become available...
[INFO] [1783477195.525727696] [XARM_manager]: XARM_manager initialized, robot_type: tianyi2, run_type: real
[INFO] [1783477195.534174250] [XARM_manager]: 已订阅关节状态话题: /joint_states
[INFO] [1783477195.540069040] [XARM_manager]: 已订阅警告和错误信息话题: /manipulator/warn_and_error_info
[INFO] [1783477195.548517792] [XARM_manager]: /joint_action_report 服务已启动
[CONFIG] loaded 201 params from /home/ubuntu/niu/compliant_grasp_execute/config.yaml
[GRASP-EXEC] STARTUP: enabling arms and moving BOTH to home posture
[INFO] [1783477201.251971415] [XARM_manager]: Deactivated controllers: ['jointspace_arm_L_controller']
[GRASP-EXEC] STARTUP: left -> home joints=['0.844', '0.026', '-0.006', '-2.216', '-1.529', '0.250', '0.683']
[INFO] [1783477201.271249433] [XARM_manager]: Activated controllers: ['jointspace_arm_L_controller']
[INFO] [1783477201.286249367] [XARM_manager]: Sending goal to action server /jointspace_arm_L_controller/jointspace (attempt 1/3):
eai_manipulator_msgs.action.JointSpace_Goal(target_positions=[0.844, 0.026, -0.006, -2.216, -1.529, 0.25, 0.683])
[INFO] [1783477201.287815711] [XARM_manager]: Goal accepted. Waiting for result...
[INFO] [1783477201.738543173] [XARM_manager]: Action result received from /jointspace_arm_L_controller/jointspace
[INFO] [1783477201.738775169] [XARM_manager]: Action result: eai_manipulator_msgs.action.JointSpace_Result(success=True, result_msg='action finished')
[GRASP-EXEC] STARTUP: right -> home joints=['0.844', '-0.026', '0.006', '-2.216', '1.529', '0.250', '-0.683']
[INFO] [1783477201.752261127] [XARM_manager]: Activated controllers: ['jointspace_arm_R_controller']
[INFO] [1783477201.764071485] [XARM_manager]: Sending goal to action server /jointspace_arm_R_controller/jointspace (attempt 1/3):
eai_manipulator_msgs.action.JointSpace_Goal(target_positions=[0.844, -0.026, 0.006, -2.216, 1.529, 0.25, -0.683])
[INFO] [1783477201.765903375] [XARM_manager]: Goal accepted. Waiting for result...
[INFO] [1783477202.217553451] [XARM_manager]: Action result received from /jointspace_arm_R_controller/jointspace
[INFO] [1783477202.217802784] [XARM_manager]: Action result: eai_manipulator_msgs.action.JointSpace_Result(success=True, result_msg='action finished')
[GRASP-EXEC] STARTUP: activating both grippers (open/close cycle)
[GRASP-EXEC] WARNING: startup activation of gripper 'left' failed: NoResponseError('No communication with the instrument (no answer)')
[robotiq_api] gripper already activated (gSTA==3); skip resetActivate()
[GRASP-EXEC] STARTUP: gripper 'right' activated
perception health check pass
[object_pose] RGB (720, 1280, 3), depth (720, 1280), valid-depth pixels: 840080/921600 (median valid depth 1.022 m)
[GRASP-EXEC] ARM-SELECT: object waist Y=+0.130m (y >= boundary 0.000) -> 'left' arm
[GRASP-EXEC] diagonal schedule: angle-from-X=42.632257151950014deg -> tilt_scale=0.69, yaw_clamp=33.4deg (freed wrist_pitch, raised jaw alignment)
[GRASP-EXEC] applied grasp tilt +31.2deg about waist Y (tilt scale 1.00 x diag 0.69) -> quat=['-0.3091', '0.3983', '0.6439', '-0.5755']
[GRASP-EXEC] continuous orientation: object long-axis yaw -42.6deg (angle-from-X 42.6deg); applied continuous yaw -33.4deg about waist Z (gain=1.00, clamp +/-33deg) -> quat=['-0.1815', '0.4704', '0.7821', '-0.3661']
[GRASP-EXEC] recomputed TCP along final quat: detected_tcp_xyz=['0.2877', '0.1768', '-0.1420'] -> consistent_tcp_xyz=['0.3491', '0.2900', '0.1164']
[GRASP-EXEC] approach lateral clamp: approach Y +0.3623 -> +0.2900 (= grasp Y); tool_z outboard component would have pushed the standoff further from center than the grasp, which folds the elbow into its stop at far-outboard reaches.
[GRASP-EXEC] approach along grasp axis: dist=0.120m tool_z=[-0.628,0.603,0.492] approach_xyz=['0.3137', '0.2900', '0.1804']
[GRASP-EXEC] applied lift tilt -15.0deg about waist Y -> lift quat=['-0.2820', '0.5142', '0.7518', '-0.3016']
[GRASP-EXEC] detected class=remote-control detected_pose7=['0.2877', '0.1768', '-0.1420', '0.6950', '0.5068', '-0.3428', '-0.3777'] -> motion grasp_pose7=['0.3891', '0.2900', '0.1214', '-0.1815', '0.4704', '0.7821', '-0.3661']
[INFO] [1783477206.014473758] [XARM_manager]: Deactivated controllers: ['jointspace_arm_L_controller', 'jointspace_arm_R_controller']
[GRASP-EXEC] arms enabled (mode 3) [took 0.02s]
[JOINT-LIMIT] left: using live controller limits from endpose_single_arm_qp_L_controller
[GRASP-EXEC] joint-limit guard ON (margin 0.050 rad) arm=left
[GRASP-EXEC] gripper: connecting in background (overlaps arm enable + approach to hide the slow serial open; --no-gripper-async-connect for the old blocking behaviour)
[GRASP-EXEC] ARM: approach via qp_stream
[GRASP-EXEC] gripper: arm='left' -> stable by-id port /dev/serial/by-id/usb-FTDI_FT231X_USB_UART_DU0E2IPR-if00-port0
[INFO] [1783477206.051898503] [XARM_manager]: Activated controllers: ['endpose_single_arm_qp_L_controller']
[GRASP-EXEC] QP-Stream left -> approach (pure-pursuit): pos=20.4cm rot=79.1deg, lookahead=13cm @ 50Hz, pos_tol=2.0cm accept=2.5cm keep_ori=False
[GRASP-EXEC] approach TCP tracking: commanded=[0.3137,0.2900,0.1804] achieved=[0.3109,0.2707,0.1783] err=[-2.9,-19.3,-2.1]mm |err|=19.6mm approach-axis tilt: achieved=+28.4deg commanded=+29.4deg (0=level) ori-err=3.4deg
[JOINT-LIMIT] left closest-to-limit: elbow_pitch=-2.0392 [-2.61,0.261] dist=0.5708rad
[JOINT-LIMIT] left approach per-joint: shoulder_pitch=-0.238[-2.96,+2.96](2.722) shoulder_roll=+1.072[-0.26,+2.62](1.334) shoulder_yaw=-0.639[-2.96,+2.96](2.321) elbow_pitch=-2.039[-2.61,+0.26](0.571) elbow_yaw=-0.450[-2.96,+2.96](2.510) wrist_pitch=-0.088[-0.79,+1.05](0.697) wrist_roll=-0.386[-1.65,+1.30](1.264)
[GRASP-EXEC] WARNING: gripper init failed, continue without gripper action: NoResponseError('No communication with the instrument (no answer)')
[GRASP-EXEC] GRIPPER: still connecting -> deferring pre-grasp open; the grasp insert will overlap the connect (fingers assumed already open). Will hard-wait for the gripper before closing.
[GRASP-EXEC] ARM: HYBRID pre-descent (position QP-stream) -> 6.9cm, leaving final 3.0cm for F/T compliant descend-to-contact
[GRASP-EXEC] QP-Stream left -> pre-grasp (pure-pursuit): pos=6.9cm rot=0.0deg, lookahead=8cm @ 50Hz, pos_tol=1.0cm accept=2.5cm keep_ori=True
[GRASP-EXEC] ARM: COMPLIANT insert to grasp pose (F/T admittance descend-to-contact)
[INFO] [1783477210.625799866] [XARM_manager]: [COMPLIANT-LEFT] Loaded F/T calibration from /home/ubuntu/niu/compliant_grasp_execute/ft_calibration/ft_calibration_left.json
[INFO] [1783477210.647585579] [XARM_manager]: [COMPLIANT-LEFT] target set: p=[0.3596630783990893, 0.2830914798948495, 0.13198779590362372] q=[-0.1475975253003469, 0.46125968205208734, 0.8056424184452816, -0.34116677716339633]
[INFO] [1783477210.648252084] [XARM_manager]: [COMPLIANT-LEFT] seeded QP target at captured pose (z=+0.1320).
[INFO] [1783477210.648991380] [XARM_manager]: [COMPLIANT-LEFT] admittance loop starting (calibrating force offset; keep hands off the arm briefly)...
[INFO] [1783477210.970958206] [XARM_manager]: [COMPLIANT-LEFT] runtime offset calibrated. p_ref=[0.3596630783990893, 0.2830914798948495, 0.13198779590362372], ready.
[COMPLIANT-INSERT] runtime force-offset calibrated in 0.33s
[INFO] [1783477210.974847719] [XARM_manager]: [COMPLIANT-LEFT] gains updated: B=[3.9597979746446663, 5.6, 3.9597979746446663] K=[20.0, 40.0, 20.0] B_rot=[0.5, 0.5, 0.5] K_rot=[0.0, 0.0, 0.0]
[COMPLIANT-INSERT] insertion dir=[+0.92,+0.21,-0.33] planned_depth=3.2cm soft_axes=xz K=[20.0, 40.0, 20.0] B=[3.96, 5.6, 3.96] contact_thresh=1.5N
[INFO] [1783477211.806775172] [XARM_manager]: [COMPLIANT-LEFT] n=200 hz=239.9 F=[+0.00,+0.00,+0.00]N disp=[-2.8,-0.9,+2.3]cm v=[+0.14,+0.07,-0.12]
[COMPLIANT-INSERT] insert s=5.2cm tcp_drop=2.2cm lag=+3.0cm resist=-0.57N (throttle x0)
[INFO] [1783477212.642400994] [XARM_manager]: [COMPLIANT-LEFT] n=400 hz=240.0 F=[+0.00,+0.00,+0.00]N disp=[-1.2,-0.5,+2.0]cm v=[+0.06,+0.04,-0.10]
[COMPLIANT-INSERT] insert s=5.2cm tcp_drop=3.8cm lag=+1.5cm resist=+0.17N (throttle x0)
[INFO] [1783477213.480445368] [XARM_manager]: [COMPLIANT-LEFT] n=600 hz=240.3 F=[+0.00,+0.00,+0.86]N disp=[-0.5,-0.3,+1.5]cm v=[+0.03,+0.02,+0.09]
[INFO] [1783477213.546986692] [XARM_manager]: [COMPLIANT-LEFT] gains updated: B=[10.844353369380768, 10.844353369380768, 10.844353369380768] K=[150.0, 150.0, 150.0] B_rot=[0.5, 0.5, 0.5] K_rot=[0.0, 0.0, 0.0]
[INFO] [1783477213.547286554] [XARM_manager]: [COMPLIANT-LEFT] target set: p=[0.40264507320740756, 0.29081684747320063, 0.1314970530185767] q=[-0.1475975253003469, 0.46125968205208734, 0.8056424184452816, -0.34116677716339633]
[COMPLIANT-INSERT] CONTACT (force) at tcp_drop 4.1cm (resist 1.7N, thresh 1.5N); holding compliant for gripper close
[GRASP-EXEC] grasp TCP tracking: commanded=[0.3891,0.2900,0.1214] achieved=[0.4040,0.2906,0.1343] err=[+14.9,+0.6,+12.9]mm |err|=19.8mm approach-axis tilt: achieved=+33.0deg commanded=+29.4deg (0=level) ori-err=5.5deg
[JOINT-LIMIT] left closest-to-limit: wrist_pitch=-0.6111 [-0.785,1.05] dist=0.1739rad
[JOINT-LIMIT] left grasp per-joint: shoulder_pitch=-0.325[-2.96,+2.96](2.635) shoulder_roll=+0.538[-0.26,+2.62](0.800) shoulder_yaw=-0.216[-2.96,+2.96](2.744) elbow_pitch=-1.498[-2.61,+0.26](1.112) elbow_yaw=-0.705[-2.96,+2.96](2.255) wrist_pitch=-0.611[-0.79,+1.05](0.174) wrist_roll=-0.805[-1.65,+1.30](0.845)
[GRASP-EXEC] WARNING: --close-gripper requested but gripper controller is unavailable; skipped close
[INFO] [1783477213.750631426] [XARM_manager]: [COMPLIANT-LEFT] admittance loop stopped.
[GRASP-EXEC] ARM: rotate wrist away from table -20deg about waist Y before lift
[GRASP-EXEC] QP-Stream left -> table-clear (pure-pursuit): pos=0.0cm rot=20.0deg, lookahead=13cm @ 50Hz, pos_tol=2.0cm accept=2.5cm keep_ori=False
[GRASP-EXEC] ARM: lift after grasp
[GRASP-EXEC] QP-Stream left -> lift (pure-pursuit): pos=10.8cm rot=0.0deg, lookahead=13cm @ 50Hz, pos_tol=2.0cm accept=2.5cm keep_ori=True
[JOINT-LIMIT] left closest-to-limit: wrist_pitch=-0.4266 [-0.785,1.05] dist=0.3584rad
[JOINT-LIMIT] left lift per-joint: shoulder_pitch=-0.387[-2.96,+2.96](2.573) shoulder_roll=+0.602[-0.26,+2.62](0.864) shoulder_yaw=-0.132[-2.96,+2.96](2.828) elbow_pitch=-1.736[-2.61,+0.26](0.874) elbow_yaw=-0.461[-2.96,+2.96](2.499) wrist_pitch=-0.427[-0.79,+1.05](0.358) wrist_roll=-1.162[-1.65,+1.30](0.488)
[INFO] [1783477214.937062967] [XARM_manager]: Deactivated controllers: ['endpose_single_arm_qp_L_controller']
[GRASP-EXEC] PRE-HOME WAYPOINT: left -> joints=['0.000', '1.180', '0.000', '-1.300', '1.400', '-0.130', '0.180']
[INFO] [1783477214.955305447] [XARM_manager]: Activated controllers: ['jointspace_arm_L_controller']
[INFO] [1783477214.955998441] [XARM_manager]: Sending goal to action server /jointspace_arm_L_controller/jointspace (attempt 1/3):
eai_manipulator_msgs.action.JointSpace_Goal(target_positions=[0.0, 1.18, 0.0, -1.3, 1.4, -0.13, 0.18])
[INFO] [1783477214.957406037] [XARM_manager]: Goal accepted. Waiting for result...
[INFO] [1783477217.116257737] [XARM_manager]: Action result received from /jointspace_arm_L_controller/jointspace
[INFO] [1783477217.116784135] [XARM_manager]: Action result: eai_manipulator_msgs.action.JointSpace_Result(success=True, result_msg='action finished')
[GRASP-EXEC] pre-home waypoint result: eai_manipulator_msgs.action.JointSpace_Result(success=True, result_msg='action finished')
[GRASP-EXEC] RETURN HOME: left -> joints=['0.844', '0.026', '-0.006', '-2.216', '-1.529', '0.250', '0.683']
[INFO] [1783477217.121067895] [XARM_manager]: Sending goal to action server /jointspace_arm_L_controller/jointspace (attempt 1/3):
eai_manipulator_msgs.action.JointSpace_Goal(target_positions=[0.844, 0.026, -0.006, -2.216, -1.529, 0.25, 0.683])
[INFO] [1783477217.123684523] [XARM_manager]: Goal accepted. Waiting for result...
[INFO] [1783477220.074869240] [XARM_manager]: Action result received from /jointspace_arm_L_controller/jointspace
[INFO] [1783477220.075249080] [XARM_manager]: Action result: eai_manipulator_msgs.action.JointSpace_Result(success=True, result_msg='action finished')
[GRASP-EXEC] return home result: eai_manipulator_msgs.action.JointSpace_Result(success=True, result_msg='action finished')
{
  "arm": "left",
  "pipeline_version": "accelerated",
  "motion_strategy": "qp_all",
  "dry_run": false,
  "motion": {
    "detected_pose7": [
      0.2876837105007345,
      0.17681551534311526,
      -0.14196987730836635,
      0.695005129615058,
      0.5067929243434203,
      -0.3427735267309917,
      -0.3776706382770561
    ],
    "approach_pose7": [
      0.31370566468149286,
      0.2899759958100814,
      0.18038415547206116,
      -0.18150468140722045,
      0.47039933953901053,
      0.7821496605605863,
      -0.36609072710666385
    ],
    "grasp_pose7": [
      0.3891071033683278,
      0.2899759958100814,
      0.12139683259481487,
      -0.18150468140722045,
      0.47039933953901053,
      0.7821496605605863,
      -0.36609072710666385
    ],
    "lift_pose7": [
      0.3891071033683278,
      0.2899759958100814,
      0.24139683259481487,
      -0.2820429006356585,
      0.5141594365958891,
      0.7517671468538653,
      -0.3015593355736496
    ],
    "pre_home_pose7": [
      0.20910710336832783,
      0.18997599581008137,
      0.29139683259481486,
      -0.2820429006356585,
      0.5141594365958891,
      0.7517671468538653,
      -0.3015593355736496
    ],
    "grasp_xyz_offset_m": [
      0.04,
      0.0,
      0.005
    ],
    "grasp_quat": [
      -0.18150468140722045,
      0.47039933953901053,
      0.7821496605605863,
      -0.36609072710666385
    ],
    "use_fixed_grasp_quat": true,
    "phase_backends": {
      "approach": "qp_stream",
      "grasp": "qp_stream",
      "lift": "qp_stream"
    },
    "joint_limits_used": {
      "shoulder_pitch": [
        -2.96,
        2.96
      ],
      "shoulder_roll": [
        -0.262,
        2.616
      ],
      "shoulder_yaw": [
        -2.96,
        2.96
      ],
      "elbow_pitch": [
        -2.61,
        0.261
      ],
      "elbow_yaw": [
        -2.96,
        2.96
      ],
      "wrist_pitch": [
        -0.785,
        1.05
      ],
      "wrist_roll": [
        -1.65,
        1.3
      ]
    },
    "approach_tcp_tracking": {
      "commanded_xyz": [
        0.31370566468149286,
        0.2899759958100814,
        0.18038415547206116
      ],
      "achieved_xyz": [
        0.31085055453415394,
        0.2706854323290975,
        0.1783186369668247
      ],
      "error_mm": [
        -2.855110147338913,
        -19.290563480983902,
        -2.065518505236452
      ],
      "error_norm_mm": 19.609789903585956,
      "achieved_quat": [
        -0.1609752762841383,
        0.485702910573143,
        0.7840577634630455,
        -0.3513304237314922
      ],
      "approach_axis_tilt_deg": 28.447889965322844,
      "commanded_approach_axis_tilt_deg": 29.44323488518426,
      "orientation_error_deg": 3.3939754550730212
    },
    "approach_joint_limits": {
      "closest": {
        "joint": "elbow_pitch",
        "value": -2.0392,
        "lower": -2.61,
        "upper": 0.261,
        "dist_to_limit": 0.5708,
        "nearest_side": "lower"
      },
      "breached": [],
      "margin_rad": 0.05
    },
    "compliant_insert": {
      "ok": true,
      "contact": true,
      "reason": "contact",
      "resist_n": 1.672577664961252,
      "traveled_m": 0.04132257812984181,
      "planned_depth_m": 0.032039283225202754,
      "ft_topic": "/arm_6dof_left",
      "calib_path": "/home/ubuntu/niu/compliant_grasp_execute/ft_calibration/ft_calibration_left.json",
      "calib_present": true,
      "commanded_m": 0.05203928322520275,
      "throttle_events": 0,
      "contact_kind": "force"
    },
    "grasp_tcp_tracking": {
      "commanded_xyz": [
        0.3891071033683278,
        0.2899759958100814,
        0.12139683259481487
      ],
      "achieved_xyz": [
        0.4040241928971877,
        0.29055478260296064,
        0.13434536583953263
      ],
      "error_mm": [
        14.917089528859895,
        0.57878679287926,
        12.948533244717758
      ],
      "error_norm_mm": 19.761555286798504,
      "achieved_quat": [
        -0.1470502678159832,
        0.4535725998229497,
        0.8060579211191616,
        -0.3505976942681647
      ],
      "approach_axis_tilt_deg": 33.0449093348293,
      "commanded_approach_axis_tilt_deg": 29.44323488518426,
      "orientation_error_deg": 5.474453662726279
    },
    "grasp_joint_limits": {
      "closest": {
        "joint": "wrist_pitch",
        "value": -0.6111,
        "lower": -0.785,
        "upper": 1.05,
        "dist_to_limit": 0.1739,
        "nearest_side": "lower"
      },
      "breached": [],
      "margin_rad": 0.05
    },
    "lift_joint_limits": {
      "closest": {
        "joint": "wrist_pitch",
        "value": -0.4266,
        "lower": -0.785,
        "upper": 1.05,
        "dist_to_limit": 0.3584,
        "nearest_side": "lower"
      },
      "breached": [],
      "margin_rad": 0.05
    },
    "retract_ok": null,
    "return_home_ok": true,
    "released_on_finish_ok": null,
    "approach_ok": true,
    "grasp_ok": true,
    "lift_ok": true
  },
  "detection": {
    "class_name": "remote-control",
    "pose_head_roll_link": [
      0.7774208283949245,
      0.12982022103157917,
      -0.14551705666063577,
      0.32842926897138813,
      0.8709417468204944,
      0.15611413048452888,
      0.3304891332422969
    ],
    "pose_tip_waist_yaw_link_rpy": {
      "x": 0.5162469591241453,
      "y": 0.12959102823603785,
      "z": -0.014358399783081066,
      "roll": 3.06543010215313,
      "pitch": -0.0009409568774840782,
      "yaw": 2.3975193987313648
    },
    "pose_tip_used_for_tcp_conversion_rpy": {
      "x": 0.5162469591241453,
      "y": 0.12959102823603785,
      "z": -0.014358399783081066,
      "roll": -2.073572954868589,
      "pitch": 0.09379456889990734,
      "yaw": 1.3155909931996408
    },
    "pose_tcp_waist_yaw_link_rpy": {
      "x": 0.2876837105007345,
      "y": 0.17681551534311526,
      "z": -0.14196987730836635,
      "roll": -2.073572954868589,
      "pitch": 0.09379456889990734,
      "yaw": 1.3155909931996408
    },
    "pose_tcp_waist_yaw_link_pose7": [
      0.2876837105007345,
      0.17681551534311526,
      -0.14196987730836635,
      0.695005129615058,
      0.5067929243434203,
      -0.3427735267309917,
      -0.3776706382770561
    ],
    "current_tcp_pose7": [
      0.11556895427616451,
      -0.2579031847733001,
      0.1414086692429391,
      0.695005129615058,
      0.5067929243434203,
      -0.3427735267309917,
      -0.3776706382770561
    ],
    "tcp_minus_tip_waist_m": [
      -0.22856324862341082,
      0.04722448710707741,
      -0.1276114775252853
    ],
    "tcp_to_tip_offset_m": [
      0.0,
      0.0,
      -0.266
    ],
    "orientation_policy": "current",
    "use_current_tcp_rotation": true,
    "rotation_source_arm": "right",
    "bbox_2d": [
      454.38134765625,
      314.142333984375,
      625.1895141601562,
      457.2357482910156
    ],
    "bbox_3d": {
      "min": [
        0.72167943202266,
        0.053104755600388666,
        -0.19869926034880794
      ],
      "max": [
        0.8474087237079669,
        0.20413448830890377,
        -0.0960058255926565
      ],
      "center": [
        0.7845440778653134,
        0.1286196219546462,
        -0.14735254297073222
      ],
      "size": [
        0.1257292916853069,
        0.1510297327085151,
        0.10269343475615145
      ]
    },
    "object_long_axis_waist": [
      -0.735715568004011,
      0.67728998043449,
      0.0009409567386304376
    ],
    "object_long_axis_yaw_waist_deg": -42.63225715195003,
    "object_angle_from_waist_x_deg": 42.632257151950014
  },
  "gripper": {
    "open_ok": null,
    "close_ok": null,
    "final_pos_pct": null,
    "backend": "modbus_rtu"
  },
  "ok": false
}
[GRASP-EXEC] saved result json: /tmp/grasp_exec.json
[GRASP-EXEC] saved handoff: /tmp/grasp_handoff.json (arm=left holding=False)



右上到左下放，没抓起来，对准了但是没夹。