[日志] 日志文件: logs/grasp/grasp_260706_160138.log
[日志] 执行命令: python3 -m compliant_grasp_execute.main
[INFO] [1783324898.804827000] [XARM_manager]: waiting for service /controller_manager/get_parameters to become available...
[INFO] [1783324899.062197106] [XARM_manager]: XARM_manager initialized, robot_type: tianyi2, run_type: real
[INFO] [1783324899.066418874] [XARM_manager]: 已订阅关节状态话题: /joint_states
[INFO] [1783324899.071407471] [XARM_manager]: 已订阅警告和错误信息话题: /manipulator/warn_and_error_info
[INFO] [1783324899.084222125] [XARM_manager]: /joint_action_report 服务已启动
[CONFIG] loaded 198 params from /home/ubuntu/niu/compliant_grasp_execute/config.yaml
[GRASP-EXEC] STARTUP: enabling arms and moving BOTH to home posture
[INFO] [1783324903.725937220] [XARM_manager]: Deactivated controllers: ['jointspace_arm_L_controller']
[GRASP-EXEC] STARTUP: left -> home joints=['0.000', '1.180', '0.000', '-1.300', '1.400', '-0.130', '0.180']
[INFO] [1783324903.754501563] [XARM_manager]: Activated controllers: ['jointspace_arm_L_controller']
[INFO] [1783324903.779063760] [XARM_manager]: Sending goal to action server /jointspace_arm_L_controller/jointspace (attempt 1/3):
eai_manipulator_msgs.action.JointSpace_Goal(target_positions=[0.0, 1.18, 0.0, -1.3, 1.4, -0.13, 0.18])
[INFO] [1783324903.899646808] [XARM_manager]: Goal accepted. Waiting for result...
[INFO] [1783324903.997297090] [XARM_manager]: Action result received from /jointspace_arm_L_controller/jointspace
[INFO] [1783324903.997541630] [XARM_manager]: Action result: eai_manipulator_msgs.action.JointSpace_Result(success=True, result_msg='action finished')
[GRASP-EXEC] STARTUP: right -> home joints=['0.000', '-1.180', '0.000', '-1.300', '-1.400', '-0.130', '0.180']
[INFO] [1783324904.006795528] [XARM_manager]: Activated controllers: ['jointspace_arm_R_controller']
[INFO] [1783324904.020655760] [XARM_manager]: Sending goal to action server /jointspace_arm_R_controller/jointspace (attempt 1/3):
eai_manipulator_msgs.action.JointSpace_Goal(target_positions=[0.0, -1.18, 0.0, -1.3, -1.4, -0.13, 0.18])
[INFO] [1783324904.023124049] [XARM_manager]: Goal accepted. Waiting for result...
[INFO] [1783324904.159577632] [XARM_manager]: Action result received from /jointspace_arm_R_controller/jointspace
[INFO] [1783324904.159842341] [XARM_manager]: Action result: eai_manipulator_msgs.action.JointSpace_Result(success=True, result_msg='action finished')
[GRASP-EXEC] STARTUP: activating both grippers (open/close cycle)
[robotiq_api] gripper already activated (gSTA==3); skip resetActivate()
[GRASP-EXEC] STARTUP: gripper 'left' activated
[robotiq_api] gripper already activated (gSTA==3); skip resetActivate()
[GRASP-EXEC] STARTUP: gripper 'right' activated
perception health check pass
[object_pose] RGB (720, 1280, 3), depth (720, 1280), valid-depth pixels: 904193/921600 (median valid depth 1.213 m)
[GRASP-EXEC] ARM-SELECT: object waist Y=+0.158m (y >= boundary 0.000) -> 'left' arm
[GRASP-EXEC] diagonal schedule: angle-from-X=88.08833972776343deg -> tilt_scale=0.50, yaw_clamp=45.0deg (freed wrist_pitch, raised jaw alignment)
[GRASP-EXEC] applied grasp tilt +22.5deg about waist Y (tilt scale 1.00 x diag 0.50) -> quat=['-0.3570', '0.4408', '0.6186', '-0.5437']
[GRASP-EXEC] continuous orientation: object long-axis yaw +88.1deg (angle-from-X 88.1deg); applied continuous yaw +45.0deg about waist Z (gain=1.00, clamp +/-45deg) -> quat=['-0.4985', '0.2706', '0.3634', '-0.7391']
[GRASP-EXEC] recomputed TCP along final quat: detected_tcp_xyz=['0.1455', '0.1838', '-0.0481'] -> consistent_tcp_xyz=['0.2068', '0.0146', '0.0656']
[GRASP-EXEC] approach lateral clamp: approach Y -0.0502 -> +0.0146 (= grasp Y); tool_z outboard component would have pushed the standoff further from center than the grasp, which folds the elbow into its stop at far-outboard reaches.
[GRASP-EXEC] approach along grasp axis: dist=0.120m tool_z=[-0.762,-0.540,0.357] approach_xyz=['0.1353', '0.0146', '0.1134']
[GRASP-EXEC] applied lift tilt -15.0deg about waist Y -> lift quat=['-0.5416', '0.3648', '0.2953', '-0.6974']
[GRASP-EXEC] detected class=remote-control detected_pose7=['0.1455', '0.1838', '-0.0481', '0.0055', '-0.7316', '-0.0706', '0.6780'] -> motion grasp_pose7=['0.2268', '0.0146', '0.0706', '-0.4985', '0.2706', '0.3634', '-0.7391']
[INFO] [1783324907.684182918] [XARM_manager]: Deactivated controllers: ['jointspace_arm_L_controller', 'jointspace_arm_R_controller']
[GRASP-EXEC] arms enabled (mode 3) [took 0.03s]
[JOINT-LIMIT] left: using live controller limits from endpose_single_arm_qp_L_controller
[GRASP-EXEC] joint-limit guard ON (margin 0.050 rad) arm=left
[GRASP-EXEC] gripper: connecting in background (overlaps arm enable + approach to hide the slow serial open; --no-gripper-async-connect for the old blocking behaviour)
[GRASP-EXEC] gripper: arm='left' -> stable by-id port /dev/serial/by-id/usb-FTDI_FT231X_USB_UART_DU0E2IPR-if00-port0
[GRASP-EXEC] ARM: approach via qp_stream
[GRASP-EXEC] ELBOW-HIGH (proactive): object long axis ~parallel to body (angle-from-X=88.08833972776343 >= 45.0deg); the elbow-high seed's fore-aft jaws match a parallel object's short axis; reconfiguring to elbow-high seed before approach.
[GRASP-EXEC] elbow-high seed ready/left: clamped 1 joint(s) inward (margin 0.05rad): shoulder_yaw -2.964->-2.910 [-2.960,2.960]
[GRASP-EXEC] ELBOW-HIGH: reconfiguring left arm into elbow-high seed (jointspace, via transition waypoint). NOTE: jointspace moves run at the controller's own speed; watch the first reconfiguration for table/body clearance.
[GRASP-EXEC] ELBOW-HIGH: left -> transition joints=['-1.452', '0.585', '-1.455', '-1.870', '0.746', '-0.142', '0.093']
[INFO] [1783324907.740429244] [XARM_manager]: Activated controllers: ['jointspace_arm_L_controller']
[INFO] [1783324907.741575148] [XARM_manager]: Sending goal to action server /jointspace_arm_L_controller/jointspace (attempt 1/3):
eai_manipulator_msgs.action.JointSpace_Goal(target_positions=[-1.4525, 0.5845, -1.455, -1.87, 0.7456999999999999, -0.14179999999999998, 0.09315])
[INFO] [1783324907.746493627] [XARM_manager]: Goal accepted. Waiting for result...
[robotiq_api] gripper already activated (gSTA==3); skip resetActivate()
[GRASP-EXEC] gripper: cached serial port /dev/serial/by-id/usb-FTDI_FT231X_USB_UART_DU0E2IPR-if00-port0 -> /tmp/robotiq_gripper_port.txt
[GRASP-EXEC] gripper controller ready: backend=modbus_rtu port=auto slave=9 (wait_timeout=8.0s) [connect took 0.04s]
[INFO] [1783324909.599868469] [XARM_manager]: Action result received from /jointspace_arm_L_controller/jointspace
[INFO] [1783324909.600135181] [XARM_manager]: Action result: eai_manipulator_msgs.action.JointSpace_Result(success=True, result_msg='action finished')
[GRASP-EXEC] ELBOW-HIGH: transition move result: eai_manipulator_msgs.action.JointSpace_Result(success=True, result_msg='action finished')
[GRASP-EXEC] ELBOW-HIGH: left -> ready joints=['-2.905', '-0.011', '-2.910', '-2.440', '0.091', '-0.154', '0.006']
[INFO] [1783324909.603257836] [XARM_manager]: Sending goal to action server /jointspace_arm_L_controller/jointspace (attempt 1/3):
eai_manipulator_msgs.action.JointSpace_Goal(target_positions=[-2.905, -0.011, -2.91, -2.44, 0.0914, -0.1536, 0.0063])
[INFO] [1783324909.605333046] [XARM_manager]: Goal accepted. Waiting for result...
[INFO] [1783324911.461632442] [XARM_manager]: Action result received from /jointspace_arm_L_controller/jointspace
[INFO] [1783324911.461883825] [XARM_manager]: Action result: eai_manipulator_msgs.action.JointSpace_Result(success=True, result_msg='action finished')
[GRASP-EXEC] ELBOW-HIGH: ready move result: eai_manipulator_msgs.action.JointSpace_Result(success=True, result_msg='action finished')
[JOINT-LIMIT] left closest-to-limit: shoulder_pitch=-2.7896 [-2.96,2.96] dist=0.1704rad
[GRASP-EXEC] continuous orientation: object long-axis yaw +88.1deg (angle-from-X 88.1deg); applied continuous yaw +8.0deg about waist Z (gain=1.00, clamp +/-90deg) [top-down jaw-align: base jaw heading +170.1deg -> short-axis +178.1deg] -> quat=['-0.2359', '0.2652', '0.9312', '0.0829']
[GRASP-EXEC] recomputed TCP along final quat: detected_tcp_xyz=['0.1455', '0.1838', '-0.0481'] -> consistent_tcp_xyz=['0.3044', '0.3000', '0.1697']
[GRASP-EXEC] approach lateral clamp: approach Y +0.3640 -> +0.3000 (= grasp Y); tool_z outboard component would have pushed the standoff further from center than the grasp, which folds the elbow into its stop at far-outboard reaches.
[GRASP-EXEC] approach along grasp axis: dist=0.120m tool_z=[-0.395,0.533,0.748] approach_xyz=['0.2770', '0.3000', '0.2645']
[GRASP-EXEC] applied lift tilt -15.0deg about waist Y -> lift quat=['-0.3554', '0.2521', '0.8925', '0.1168']
[GRASP-EXEC] ELBOW-HIGH: using SEED grasp orientation (proactive); rebuilt grasp/approach/lift poses. The seed-anchored mode keeps the orientation the arm is already in, so the approach only translates and the wrist stays in range.
[GRASP-EXEC] ELBOW-HIGH QP joint window set on endpose_single_arm_qp_L_controller (flex 0.40rad, drop 0.15rad): shoulder_pitch[-2.96,-2.64], shoulder_roll[-0.00,0.55], shoulder_yaw[-2.96,-2.41], elbow_pitch[-2.61,-2.14], elbow_yaw[0.00,0.55]. Asymmetric: tight on the drop side so the elbow is actually held high; loose on the flex side so the arm can still reach.
[GRASP-EXEC] ELBOW-HIGH: wrist guard margin relaxed to 0.010rad (from 0.050) so the nose-down grasp can reach wrist_pitch~-0.71 (still inside the -0.785 stop). Other joints keep the full margin.
[INFO] [1783324911.485733049] [XARM_manager]: Deactivated controllers: ['jointspace_arm_L_controller']
[INFO] [1783324911.494686005] [XARM_manager]: Activated controllers: ['endpose_single_arm_qp_L_controller']
[GRASP-EXEC] QP-Stream left -> approach (pure-pursuit): pos=26.0cm rot=15.3deg, lookahead=13cm @ 50Hz, pos_tol=2.0cm accept=2.5cm keep_ori=False
[GRASP-EXEC] approach TCP tracking: commanded=[0.2770,0.3000,0.2645] achieved=[0.2682,0.3005,0.2471] err=[-8.8,+0.5,-17.3]mm |err|=19.4mm approach-axis tilt: achieved=+51.8deg commanded=+48.4deg (0=level) ori-err=4.2deg
[JOINT-LIMIT] left closest-to-limit: wrist_pitch=-0.7482 [-0.785,1.05] dist=0.0368rad
[JOINT-LIMIT] left approach per-joint: shoulder_pitch=-0.349[-2.96,+2.96](2.611) shoulder_roll=+1.348[-0.26,+2.62](1.268) shoulder_yaw=-0.527[-2.96,+2.96](2.433) elbow_pitch=-2.199[-2.61,+0.26](0.411) elbow_yaw=-0.898[-2.96,+2.96](2.062) wrist_pitch=-0.748[-0.79,+1.05](0.037) wrist_roll=-0.482[-1.65,+1.30](1.168)
[GRASP-EXEC] GRIPPER: open (after approach, before grasp insert)
[GRASP-EXEC] gripper already open enough: 1% (skip open command)
[GRASP-EXEC] ARM: HYBRID pre-descent (position QP-stream) -> 6.2cm, leaving final 3.0cm for F/T compliant descend-to-contact
[GRASP-EXEC] QP-Stream left -> pre-grasp (pure-pursuit): pos=6.2cm rot=0.0deg, lookahead=8cm @ 50Hz, pos_tol=1.0cm accept=2.5cm keep_ori=True
[GRASP-EXEC] ARM: COMPLIANT insert to grasp pose (F/T admittance descend-to-contact)
[INFO] [1783324917.357749622] [XARM_manager]: [COMPLIANT-LEFT] Loaded F/T calibration from /home/ubuntu/niu/compliant_grasp_execute/ft_calibration/ft_calibration_left.json
[INFO] [1783324917.378703162] [XARM_manager]: [COMPLIANT-LEFT] target set: p=[0.3055379381618628, 0.30059040218933075, 0.20700032561703682] q=[-0.2105212859893207, 0.25799504009395346, 0.9389518583210948, 0.08653759407150516]
[INFO] [1783324917.379363334] [XARM_manager]: [COMPLIANT-LEFT] seeded QP target at captured pose (z=+0.2070).
[INFO] [1783324917.379887969] [XARM_manager]: [COMPLIANT-LEFT] admittance loop starting (calibrating force offset; keep hands off the arm briefly)...
[INFO] [1783324917.712422607] [XARM_manager]: [COMPLIANT-LEFT] runtime offset calibrated. p_ref=[0.3055379381618628, 0.30059040218933075, 0.20700032561703682], ready.
[COMPLIANT-INSERT] runtime force-offset calibrated in 0.34s
[INFO] [1783324917.722185849] [XARM_manager]: [COMPLIANT-LEFT] gains updated: B=[3.9597979746446663, 5.6, 3.9597979746446663] K=[20.0, 40.0, 20.0] B_rot=[0.5, 0.5, 0.5] K_rot=[0.0, 0.0, 0.0]
[COMPLIANT-INSERT] insertion dir=[+0.50,-0.01,-0.86] planned_depth=3.7cm soft_axes=xz K=[20.0, 40.0, 20.0] B=[3.96, 5.6, 3.96] contact_thresh=1.5N
[COMPLIANT-INSERT] ABORT joint-limit guard - 'wrist_pitch'=-0.775 within 0.010rad of limit; holding compliant pose
[COMPLIANT-INSERT] insert aborted by joint-limit guard after tcp_drop 0.9cm
[GRASP-EXEC] grasp TCP tracking: commanded=[0.3244,0.3000,0.1747] achieved=[0.3102,0.3003,0.1994] err=[-14.2,+0.2,+24.7]mm |err|=28.5mm approach-axis tilt: achieved=+50.7deg commanded=+48.4deg (0=level) ori-err=2.9deg
[JOINT-LIMIT] left closest-to-limit: wrist_pitch=-0.775 [-0.785,1.05] dist=0.01rad  BREACHED(<= 0.05): wrist_pitch
[JOINT-LIMIT] left grasp per-joint: shoulder_pitch=-0.501[-2.96,+2.96](2.458) shoulder_roll=+1.181[-0.26,+2.62](1.435) shoulder_yaw=-0.741[-2.96,+2.96](2.219) elbow_pitch=-1.990[-2.61,+0.26](0.620) elbow_yaw=-1.129[-2.96,+2.96](1.831) wrist_pitch=-0.775[-0.79,+1.05](0.010) wrist_roll=-0.358[-1.65,+1.30](1.292)
[GRASP-EXEC] grasp insert failed to reach target; retrying with reduced long-axis alignment (yaw scale 0.50)
[GRASP-EXEC] continuous orientation: object long-axis yaw +88.1deg (angle-from-X 88.1deg); applied continuous yaw +0.6deg about waist Z (gain=1.00, clamp +/-90deg x scale 0.50) [top-down jaw-align: base jaw heading +176.9deg -> short-axis +178.1deg] -> quat=['-0.2818', '0.3616', '0.8782', '0.1360']
[GRASP-EXEC] recomputed TCP along final quat: detected_tcp_xyz=['0.1455', '0.1838', '-0.0481'] -> consistent_tcp_xyz=['0.3041', '0.3476', '0.1249']
[GRASP-EXEC] ELBOW-HIGH seed retry: yaw scale 0.50
[GRASP-EXEC] approach lateral clamp: approach Y +0.4330 -> +0.3476 (= grasp Y); tool_z outboard component would have pushed the standoff further from center than the grasp, which folds the elbow into its stop at far-outboard reaches.
[GRASP-EXEC] approach along grasp axis: dist=0.120m tool_z=[-0.397,0.712,0.580] approach_xyz=['0.2764', '0.3476', '0.1994']
[GRASP-EXEC] applied lift tilt -15.0deg about waist Y -> lift quat=['-0.3941', '0.3408', '0.8339', '0.1820']
[GRASP-EXEC] QP-Stream left -> approach (pure-pursuit): pos=5.8cm rot=16.5deg, lookahead=13cm @ 50Hz, pos_tol=2.0cm accept=2.5cm keep_ori=False
[GRASP-EXEC] QP-Stream approach: ABORT joint-limit guard - 'wrist_pitch'=-0.7751 within 0.010rad of limit [-0.785,1.05] (side=lower); holding pose to avoid the hard stop
[GRASP-EXEC] approach TCP tracking: commanded=[0.2764,0.3476,0.1994] achieved=[0.3112,0.3005,0.1982] err=[+34.7,-47.1,-1.2]mm |err|=58.6mm approach-axis tilt: achieved=+50.8deg commanded=+35.4deg (0=level) ori-err=16.5deg
[JOINT-LIMIT] left closest-to-limit: wrist_pitch=-0.7751 [-0.785,1.05] dist=0.0099rad  BREACHED(<= 0.05): wrist_pitch
[JOINT-LIMIT] left approach per-joint: shoulder_pitch=-0.502[-2.96,+2.96](2.458) shoulder_roll=+1.177[-0.26,+2.62](1.439) shoulder_yaw=-0.743[-2.96,+2.96](2.217) elbow_pitch=-1.985[-2.61,+0.26](0.625) elbow_yaw=-1.136[-2.96,+2.96](1.824) wrist_pitch=-0.775[-0.79,+1.05](0.010) wrist_roll=-0.353[-1.65,+1.30](1.297)
[INFO] [1783324918.337963717] [XARM_manager]: [COMPLIANT-LEFT] admittance loop stopped.
[JOINT-LIMIT] left closest-to-limit: wrist_pitch=-0.7751 [-0.785,1.05] dist=0.0099rad  BREACHED(<= 0.05): wrist_pitch
[JOINT-LIMIT] left lift per-joint: shoulder_pitch=-0.502[-2.96,+2.96](2.458) shoulder_roll=+1.177[-0.26,+2.62](1.439) shoulder_yaw=-0.743[-2.96,+2.96](2.217) elbow_pitch=-1.985[-2.61,+0.26](0.625) elbow_yaw=-1.137[-2.96,+2.96](1.823) wrist_pitch=-0.775[-0.79,+1.05](0.010) wrist_roll=-0.352[-1.65,+1.30](1.298)
[GRASP-EXEC] ELBOW-HIGH QP joint limits restored on endpose_single_arm_qp_L_controller (back to hard limits).
[GRASP-EXEC] ELBOW-HIGH: wrist guard margin restored to full.
[INFO] [1783324918.361348697] [XARM_manager]: Deactivated controllers: ['endpose_single_arm_qp_L_controller']
[GRASP-EXEC] elbow-high seed ready/left: clamped 1 joint(s) inward (margin 0.05rad): shoulder_yaw -2.964->-2.910 [-2.960,2.960]
[GRASP-EXEC] ELBOW-HIGH: returning via transition waypoint before home (bridges elbow-high -> elbow-low without a large sweep).
[GRASP-EXEC] ELBOW-HIGH: left -> transition(return) joints=['-1.452', '0.585', '-1.455', '-1.870', '0.746', '-0.142', '0.093']
[INFO] [1783324918.380598022] [XARM_manager]: Activated controllers: ['jointspace_arm_L_controller']
[INFO] [1783324918.381464016] [XARM_manager]: Sending goal to action server /jointspace_arm_L_controller/jointspace (attempt 1/3):
eai_manipulator_msgs.action.JointSpace_Goal(target_positions=[-1.4525, 0.5845, -1.455, -1.87, 0.7456999999999999, -0.14179999999999998, 0.09315])
[INFO] [1783324918.382720204] [XARM_manager]: Goal accepted. Waiting for result...
[INFO] [1783324920.562117843] [XARM_manager]: Action result received from /jointspace_arm_L_controller/jointspace
[INFO] [1783324920.562401607] [XARM_manager]: Action result: eai_manipulator_msgs.action.JointSpace_Result(success=True, result_msg='action finished')
[GRASP-EXEC] ELBOW-HIGH: transition(return) move result: eai_manipulator_msgs.action.JointSpace_Result(success=True, result_msg='action finished')
[GRASP-EXEC] RETURN HOME: left -> joints=['0.000', '1.180', '0.000', '-1.300', '1.400', '-0.130', '0.180']
[INFO] [1783324920.565540935] [XARM_manager]: Sending goal to action server /jointspace_arm_L_controller/jointspace (attempt 1/3):
eai_manipulator_msgs.action.JointSpace_Goal(target_positions=[0.0, 1.18, 0.0, -1.3, 1.4, -0.13, 0.18])
[INFO] [1783324920.566812746] [XARM_manager]: Goal accepted. Waiting for result...
[INFO] [1783324922.423637892] [XARM_manager]: Action result received from /jointspace_arm_L_controller/jointspace
[INFO] [1783324922.423889813] [XARM_manager]: Action result: eai_manipulator_msgs.action.JointSpace_Result(success=True, result_msg='action finished')
[GRASP-EXEC] return home result: eai_manipulator_msgs.action.JointSpace_Result(success=True, result_msg='action finished')
{
  "arm": "left",
  "pipeline_version": "accelerated",
  "motion_strategy": "qp_all",
  "dry_run": false,
  "motion": {
    "detected_pose7": [
      0.14547138580170793,
      0.18376910400515142,
      -0.048052912705378745,
      0.0054935009018935044,
      -0.7316018695869257,
      -0.07063394775386463,
      0.6780408330546621
    ],
    "approach_pose7": [
      0.276445298625751,
      0.3475988073229161,
      0.19944121389994546,
      -0.281849053257325,
      0.36160171077189895,
      0.8782446839849904,
      0.1359837821098159
    ],
    "grasp_pose7": [
      0.32405181009646433,
      0.3475988073229161,
      0.12988793855319694,
      -0.281849053257325,
      0.36160171077189895,
      0.8782446839849904,
      0.1359837821098159
    ],
    "lift_pose7": [
      0.32405181009646433,
      0.3475988073229161,
      0.24988793855319694,
      -0.39407172997311163,
      0.34075871272630265,
      0.8339424952632797,
      0.18201891641026527
    ],
    "pre_home_pose7": [
      0.14405181009646434,
      0.2475988073229161,
      0.29988793855319695,
      -0.39407172997311163,
      0.34075871272630265,
      0.8339424952632797,
      0.18201891641026527
    ],
    "grasp_xyz_offset_m": [
      0.02,
      0.0,
      0.005
    ],
    "grasp_quat": [
      -0.281849053257325,
      0.36160171077189895,
      0.8782446839849904,
      0.1359837821098159
    ],
    "use_fixed_grasp_quat": true,
    "phase_backends": {
      "approach": "qp_stream",
      "grasp": "qp_stream",
      "lift": "qp_stream"
    },
    "joint_limits_used": {
      "shoulder_pitch": [
        -2.96,
        2.96
      ],
      "shoulder_roll": [
        -0.262,
        2.616
      ],
      "shoulder_yaw": [
        -2.96,
        2.96
      ],
      "elbow_pitch": [
        -2.61,
        0.261
      ],
      "elbow_yaw": [
        -2.96,
        2.96
      ],
      "wrist_pitch": [
        -0.785,
        1.05
      ],
      "wrist_roll": [
        -1.65,
        1.3
      ]
    },
    "elbow_high_proactive_used": true,
    "elbow_high_orientation": "seed",
    "approach_tcp_tracking": {
      "commanded_xyz": [
        0.276445298625751,
        0.3475988073229161,
        0.19944121389994546
      ],
      "achieved_xyz": [
        0.31119000976515065,
        0.30046822520605,
        0.19823657725527274
      ],
      "error_mm": [
        34.74471113939964,
        -47.1305821168661,
        -1.204636644672713
      ],
      "error_norm_mm": 58.565671449072184,
      "achieved_quat": [
        -0.21383779283616905,
        0.25867000611078883,
        0.9376318306804583,
        0.09060781637592144
      ],
      "approach_axis_tilt_deg": 50.78023840268496,
      "commanded_approach_axis_tilt_deg": 35.42316093836285,
      "orientation_error_deg": 16.543487114111063
    },
    "approach_joint_limits": {
      "closest": {
        "joint": "wrist_pitch",
        "value": -0.7751,
        "lower": -0.785,
        "upper": 1.05,
        "dist_to_limit": 0.0099,
        "nearest_side": "lower"
      },
      "breached": [
        {
          "joint": "wrist_pitch",
          "value": -0.7751,
          "lower": -0.785,
          "upper": 1.05,
          "dist_to_limit": 0.0099,
          "nearest_side": "lower"
        }
      ],
      "margin_rad": 0.05
    },
    "compliant_insert": {
      "ok": false,
      "contact": false,
      "reason": "joint_limit_abort",
      "resist_n": -0.045404186253595505,
      "traveled_m": 0.008913639969126882,
      "planned_depth_m": 0.037417527250304145,
      "ft_topic": "/arm_6dof_left",
      "calib_path": "/home/ubuntu/niu/compliant_grasp_execute/ft_calibration/ft_calibration_left.json",
      "calib_present": true,
      "commanded_m": 0.049413639969126885,
      "throttle_events": 0
    },
    "grasp_tcp_tracking": {
      "commanded_xyz": [
        0.3244130718068586,
        0.30003608995134323,
        0.17469717695698173
      ],
      "achieved_xyz": [
        0.3102483800365753,
        0.30028156000093653,
        0.19943310812688358
      ],
      "error_mm": [
        -14.164691770283289,
        0.24547004959329932,
        24.73593116990186
      ],
      "error_norm_mm": 28.505526470046135,
      "achieved_quat": [
        -0.21311087622135014,
        0.25992050965807,
        0.937469006000864,
        0.09042646671749058
      ],
      "approach_axis_tilt_deg": 50.718996557948216,
      "commanded_approach_axis_tilt_deg": 48.423160938362855,
      "orientation_error_deg": 2.904832612370296
    },
    "grasp_joint_limits": {
      "closest": {
        "joint": "wrist_pitch",
        "value": -0.775,
        "lower": -0.785,
        "upper": 1.05,
        "dist_to_limit": 0.01,
        "nearest_side": "lower"
      },
      "breached": [
        {
          "joint": "wrist_pitch",
          "value": -0.775,
          "lower": -0.785,
          "upper": 1.05,
          "dist_to_limit": 0.01,
          "nearest_side": "lower"
        }
      ],
      "margin_rad": 0.05
    },
    "grasp_reach_retry_used": true,
    "grasp_reach_retry_yaw_scale": 0.5,
    "lift_joint_limits": {
      "closest": {
        "joint": "wrist_pitch",
        "value": -0.7751,
        "lower": -0.785,
        "upper": 1.05,
        "dist_to_limit": 0.0099,
        "nearest_side": "lower"
      },
      "breached": [
        {
          "joint": "wrist_pitch",
          "value": -0.7751,
          "lower": -0.785,
          "upper": 1.05,
          "dist_to_limit": 0.0099,
          "nearest_side": "lower"
        }
      ],
      "margin_rad": 0.05
    },
    "retract_ok": null,
    "return_home_ok": true,
    "released_on_finish_ok": null,
    "approach_ok": false,
    "grasp_ok": false,
    "lift_ok": true
  },
  "detection": {
    "class_name": "remote-control",
    "pose_head_roll_link": [
      0.7040835253113437,
      0.16261104740348292,
      -0.2256077131970812,
      -0.24755607030971097,
      -0.2869731778188717,
      0.6541332057086267,
      0.6545778307082416
    ],
    "pose_tip_waist_yaw_link_rpy": {
      "x": 0.40957957718987886,
      "y": 0.1582591133228243,
      "z": -0.029288488465428975,
      "roll": -0.07710090419569779,
      "pitch": -0.056196707898461096,
      "yaw": 1.5374315608647977
    },
    "pose_tip_used_for_tcp_conversion_rpy": {
      "x": 0.40957957718987886,
      "y": 0.1582591133228243,
      "z": -0.029288488465428975,
      "roll": 2.1377369078080455,
      "pitch": -1.439063920936968,
      "yaw": -2.2300924226296175
    },
    "pose_tcp_waist_yaw_link_rpy": {
      "x": 0.14547138580170793,
      "y": 0.18376910400515142,
      "z": -0.048052912705378745,
      "roll": 2.1377369078080455,
      "pitch": -1.439063920936968,
      "yaw": -2.2300924226296175
    },
    "pose_tcp_waist_yaw_link_pose7": [
      0.14547138580170793,
      0.18376910400515142,
      -0.048052912705378745,
      0.0054935009018935044,
      -0.7316018695869257,
      -0.07063394775386463,
      0.6780408330546621
    ],
    "current_tcp_pose7": [
      0.35168150792491015,
      -0.5953460826429379,
      0.27505468065396443,
      0.0054935009018935044,
      -0.7316018695869257,
      -0.07063394775386463,
      0.6780408330546621
    ],
    "tcp_minus_tip_waist_m": [
      -0.26410819138817093,
      0.02550999068232712,
      -0.01876442423994977
    ],
    "tcp_to_tip_offset_m": [
      0.0,
      0.0,
      -0.266
    ],
    "orientation_policy": "current",
    "use_current_tcp_rotation": true,
    "rotation_source_arm": "right",
    "bbox_2d": [
      378.09423828125,
      467.4476623535156,
      602.6232299804688,
      514.5042724609375
    ],
    "bbox_3d": {
      "min": [
        0.6906907705509834,
        0.07307116735763025,
        -0.2494491487658493
      ],
      "max": [
        0.7346168642197959,
        0.25030090920149767,
        -0.20723203269052906
      ],
      "center": [
        0.7126538173853896,
        0.16168603827956396,
        -0.22834059072818919
      ],
      "size": [
        0.043926093668812505,
        0.17722974184386742,
        0.04221711607532025
      ]
    },
    "object_long_axis_waist": [
      0.033305915458468734,
      0.9978657069395532,
      0.05616713371269617
    ],
    "object_long_axis_yaw_waist_deg": 88.08833972776343,
    "object_angle_from_waist_x_deg": 88.08833972776343
  },
  "gripper": {
    "open_ok": true,
    "close_ok": null,
    "final_pos_pct": null,
    "backend": "modbus_rtu"
  },
  "ok": false
}
[GRASP-EXEC] saved result json: /tmp/grasp_exec.json
[GRASP-EXEC] saved handoff: /tmp/grasp_handoff.json (arm=left holding=False)
