[日志] 日志文件: logs/grasp/grasp_260706_162245.log
[日志] 执行命令: python3 -m compliant_grasp_execute.main
[INFO] [1783326166.036924768] [XARM_manager]: waiting for service /controller_manager/get_parameters to become available...
[INFO] [1783326167.793933250] [XARM_manager]: XARM_manager initialized, robot_type: tianyi2, run_type: real
[INFO] [1783326167.800195389] [XARM_manager]: 已订阅关节状态话题: /joint_states
[INFO] [1783326167.805523505] [XARM_manager]: 已订阅警告和错误信息话题: /manipulator/warn_and_error_info
[INFO] [1783326167.812975954] [XARM_manager]: /joint_action_report 服务已启动
[CONFIG] loaded 198 params from /home/ubuntu/niu/compliant_grasp_execute/config.yaml
[GRASP-EXEC] STARTUP: enabling arms and moving BOTH to home posture
[INFO] [1783326173.153925151] [XARM_manager]: Deactivated controllers: ['jointspace_arm_R_controller']
[GRASP-EXEC] STARTUP: left -> home joints=['0.000', '1.180', '0.000', '-1.300', '1.400', '-0.130', '0.180']
[INFO] [1783326173.265544031] [XARM_manager]: Activated controllers: ['jointspace_arm_L_controller']
[INFO] [1783326173.278632405] [XARM_manager]: Sending goal to action server /jointspace_arm_L_controller/jointspace (attempt 1/3):
eai_manipulator_msgs.action.JointSpace_Goal(target_positions=[0.0, 1.18, 0.0, -1.3, 1.4, -0.13, 0.18])
[INFO] [1783326173.280882982] [XARM_manager]: Goal accepted. Waiting for result...
[INFO] [1783326173.391182840] [XARM_manager]: Action result received from /jointspace_arm_L_controller/jointspace
[INFO] [1783326173.391442921] [XARM_manager]: Action result: eai_manipulator_msgs.action.JointSpace_Result(success=True, result_msg='action finished')
[GRASP-EXEC] STARTUP: right -> home joints=['0.000', '-1.180', '0.000', '-1.300', '-1.400', '-0.130', '0.180']
[INFO] [1783326173.399963090] [XARM_manager]: Activated controllers: ['jointspace_arm_R_controller']
[INFO] [1783326173.413436886] [XARM_manager]: Sending goal to action server /jointspace_arm_R_controller/jointspace (attempt 1/3):
eai_manipulator_msgs.action.JointSpace_Goal(target_positions=[0.0, -1.18, 0.0, -1.3, -1.4, -0.13, 0.18])
[INFO] [1783326173.416114854] [XARM_manager]: Goal accepted. Waiting for result...
[INFO] [1783326173.548711579] [XARM_manager]: Action result received from /jointspace_arm_R_controller/jointspace
[INFO] [1783326173.549007034] [XARM_manager]: Action result: eai_manipulator_msgs.action.JointSpace_Result(success=True, result_msg='action finished')
[GRASP-EXEC] STARTUP: activating both grippers (open/close cycle)
[robotiq_api] gripper already activated (gSTA==3); skip resetActivate()
[GRASP-EXEC] STARTUP: gripper 'left' activated
[robotiq_api] gripper already activated (gSTA==3); skip resetActivate()
[GRASP-EXEC] STARTUP: gripper 'right' activated
perception health check pass
[object_pose] RGB (720, 1280, 3), depth (720, 1280), valid-depth pixels: 905387/921600 (median valid depth 1.209 m)
[GRASP-EXEC] ARM-SELECT: object waist Y=-0.183m (y < boundary 0.000) -> 'right' arm
[GRASP-EXEC] diagonal schedule: angle-from-X=84.51185563493986deg -> tilt_scale=0.50, yaw_clamp=45.0deg (freed wrist_pitch, raised jaw alignment)
[GRASP-EXEC] reach tilt reduction: object |Y|=0.183m -> tilt_scale=0.98 (backed the side-tilt off so the elbow can extend to a far-outboard object instead of folding into its stop)
[GRASP-EXEC] applied grasp tilt +22.1deg about waist Y (tilt scale 1.00 x diag 0.50 x reach 0.98) -> quat=['0.3592', '0.4428', '-0.6173', '-0.5421']
[GRASP-EXEC] continuous orientation: object long-axis yaw -84.5deg (angle-from-X 84.5deg); applied continuous yaw -45.0deg about waist Z (gain=1.00, clamp +/-45deg) -> quat=['0.5013', '0.2716', '-0.3629', '-0.7371']
[GRASP-EXEC] recomputed TCP along final quat: detected_tcp_xyz=['0.2414', '-0.1576', '-0.0474'] -> consistent_tcp_xyz=['0.3023', '-0.0390', '0.0643']
[GRASP-EXEC] approach along grasp axis: dist=0.120m tool_z=[-0.764,0.542,0.350] approach_xyz=['0.2306', '0.0261', '0.1113']
[GRASP-EXEC] applied lift tilt -15.0deg about waist Y -> lift quat=['0.5444', '0.3655', '-0.2943', '-0.6953']
[GRASP-EXEC] detected class=remote-control detected_pose7=['0.2414', '-0.1576', '-0.0474', '0.0055', '-0.7315', '-0.0707', '0.6781'] -> motion grasp_pose7=['0.3223', '-0.0390', '0.0693', '0.5013', '0.2716', '-0.3629', '-0.7371']
[INFO] [1783326178.891240410] [XARM_manager]: Deactivated controllers: ['jointspace_arm_L_controller', 'jointspace_arm_R_controller']
[GRASP-EXEC] arms enabled (mode 3) [took 0.02s]
[JOINT-LIMIT] right: using live controller limits from endpose_single_arm_qp_R_controller
[GRASP-EXEC] joint-limit guard ON (margin 0.050 rad) arm=right
[GRASP-EXEC] gripper: connecting in background (overlaps arm enable + approach to hide the slow serial open; --no-gripper-async-connect for the old blocking behaviour)
[GRASP-EXEC] ARM: approach via qp_stream
[GRASP-EXEC] ELBOW-HIGH (proactive): object long axis ~parallel to body (angle-from-X=84.51185563493986 >= 45.0deg); the elbow-high seed's fore-aft jaws match a parallel object's short axis; reconfiguring to elbow-high seed before approach.
[GRASP-EXEC] elbow-high seed ready/right: clamped 1 joint(s) inward (margin 0.05rad): shoulder_yaw +2.964->+2.910 [-2.960,2.960]
[GRASP-EXEC] ELBOW-HIGH: reconfiguring right arm into elbow-high seed (jointspace, via transition waypoint). NOTE: jointspace moves run at the controller's own speed; watch the first reconfiguration for table/body clearance.
[GRASP-EXEC] gripper: arm='right' -> stable by-id port /dev/serial/by-id/usb-FTDI_FT231X_USB_UART_D30JLK40-if00-port0
[GRASP-EXEC] ELBOW-HIGH: right -> transition joints=['-1.452', '-0.585', '1.455', '-1.870', '-0.746', '-0.142', '0.087']
[INFO] [1783326178.940856236] [XARM_manager]: Activated controllers: ['jointspace_arm_R_controller']
[INFO] [1783326178.942163170] [XARM_manager]: Sending goal to action server /jointspace_arm_R_controller/jointspace (attempt 1/3):
eai_manipulator_msgs.action.JointSpace_Goal(target_positions=[-1.4525, -0.5845, 1.455, -1.87, -0.7456999999999999, -0.14179999999999998, 0.08685])
[INFO] [1783326178.946622078] [XARM_manager]: Goal accepted. Waiting for result...
[robotiq_api] gripper already activated (gSTA==3); skip resetActivate()
[GRASP-EXEC] gripper: cached serial port /dev/serial/by-id/usb-FTDI_FT231X_USB_UART_D30JLK40-if00-port0 -> /tmp/robotiq_gripper_port.txt
[GRASP-EXEC] gripper controller ready: backend=modbus_rtu port=auto slave=9 (wait_timeout=8.0s) [connect took 0.04s]
[INFO] [1783326180.803641413] [XARM_manager]: Action result received from /jointspace_arm_R_controller/jointspace
[INFO] [1783326180.804185167] [XARM_manager]: Action result: eai_manipulator_msgs.action.JointSpace_Result(success=True, result_msg='action finished')
[GRASP-EXEC] ELBOW-HIGH: transition move result: eai_manipulator_msgs.action.JointSpace_Result(success=True, result_msg='action finished')
[GRASP-EXEC] ELBOW-HIGH: right -> ready joints=['-2.905', '0.011', '2.910', '-2.440', '-0.091', '-0.154', '-0.006']
[INFO] [1783326180.808790602] [XARM_manager]: Sending goal to action server /jointspace_arm_R_controller/jointspace (attempt 1/3):
eai_manipulator_msgs.action.JointSpace_Goal(target_positions=[-2.905, 0.011, 2.91, -2.44, -0.0914, -0.1536, -0.0063])
[INFO] [1783326180.810740628] [XARM_manager]: Goal accepted. Waiting for result...
[INFO] [1783326182.671226000] [XARM_manager]: Action result received from /jointspace_arm_R_controller/jointspace
[INFO] [1783326182.671765165] [XARM_manager]: Action result: eai_manipulator_msgs.action.JointSpace_Result(success=True, result_msg='action finished')
[GRASP-EXEC] ELBOW-HIGH: ready move result: eai_manipulator_msgs.action.JointSpace_Result(success=True, result_msg='action finished')
[JOINT-LIMIT] right closest-to-limit: shoulder_pitch=-2.7891 [-2.96,2.96] dist=0.1709rad
[GRASP-EXEC] continuous orientation: object long-axis yaw -84.5deg (angle-from-X 84.5deg); applied continuous yaw -4.5deg about waist Z (gain=1.00, clamp +/-90deg) [top-down jaw-align: base jaw heading -170.1deg -> short-axis +5.5deg] -> quat=['-0.2288', '-0.2710', '0.9283', '-0.1119']
[GRASP-EXEC] recomputed TCP along final quat: detected_tcp_xyz=['0.2414', '-0.1576', '-0.0474'] -> consistent_tcp_xyz=['0.4086', '-0.3306', '0.1703']
[GRASP-EXEC] approach lateral clamp: approach Y -0.3971 -> -0.3306 (= grasp Y); tool_z outboard component would have pushed the standoff further from center than the grasp, which folds the elbow into its stop at far-outboard reaches.
[GRASP-EXEC] approach along grasp axis: dist=0.120m tool_z=[-0.364,-0.554,0.748] approach_xyz=['0.3849', '-0.3306', '0.2651']
[GRASP-EXEC] applied lift tilt -15.0deg about waist Y -> lift quat=['-0.3480', '-0.2541', '0.8904', '-0.1463']
[GRASP-EXEC] ELBOW-HIGH: using SEED grasp orientation (proactive); rebuilt grasp/approach/lift poses. The seed-anchored mode keeps the orientation the arm is already in, so the approach only translates and the wrist stays in range.
[GRASP-EXEC] ELBOW-HIGH QP joint window set on endpose_single_arm_qp_R_controller (flex 0.40rad, drop 0.15rad): shoulder_pitch[-2.96,-2.64], shoulder_roll[-0.55,0.00], shoulder_yaw[2.41,2.96], elbow_pitch[-2.61,-2.14], elbow_yaw[-0.55,-0.00]. Asymmetric: tight on the drop side so the elbow is actually held high; loose on the flex side so the arm can still reach.
[GRASP-EXEC] ELBOW-HIGH: wrist guard margin relaxed to 0.010rad (from 0.050) so the nose-down grasp can reach wrist_pitch~-0.71 (still inside the -0.785 stop). Other joints keep the full margin.
[INFO] [1783326182.694718686] [XARM_manager]: Deactivated controllers: ['jointspace_arm_R_controller']
[INFO] [1783326182.704199893] [XARM_manager]: Activated controllers: ['endpose_single_arm_qp_R_controller']
[GRASP-EXEC] QP-Stream right -> approach (pure-pursuit): pos=31.6cm rot=14.1deg, lookahead=13cm @ 50Hz, pos_tol=2.0cm accept=2.5cm keep_ori=False
[GRASP-EXEC] approach TCP tracking: commanded=[0.3849,-0.3306,0.2651] achieved=[0.3777,-0.3311,0.2470] err=[-7.2,-0.5,-18.2]mm |err|=19.5mm approach-axis tilt: achieved=+51.5deg commanded=+48.4deg (0=level) ori-err=3.7deg
[JOINT-LIMIT] right closest-to-limit: wrist_pitch=-0.7426 [-0.785,1.05] dist=0.0424rad
[JOINT-LIMIT] right approach per-joint: shoulder_pitch=-1.533[-2.96,+2.96](1.427) shoulder_roll=-1.183[-2.62,+0.26](1.433) shoulder_yaw=+1.788[-2.96,+2.96](1.172) elbow_pitch=-1.697[-2.61,+0.26](0.913) elbow_yaw=+1.059[-2.96,+2.96](1.901) wrist_pitch=-0.743[-0.79,+1.05](0.042) wrist_roll=-0.008[-1.30,+1.65](1.292)
[GRASP-EXEC] GRIPPER: open (after approach, before grasp insert)
[GRASP-EXEC] gripper already open enough: 1% (skip open command)
[GRASP-EXEC] ARM: HYBRID pre-descent (position QP-stream) -> 5.8cm, leaving final 3.0cm for F/T compliant descend-to-contact
[GRASP-EXEC] QP-Stream right -> pre-grasp (pure-pursuit): pos=5.8cm rot=0.0deg, lookahead=8cm @ 50Hz, pos_tol=1.0cm accept=2.5cm keep_ori=True
[GRASP-EXEC] ARM: COMPLIANT insert to grasp pose (F/T admittance descend-to-contact)
[INFO] [1783326188.282237762] [XARM_manager]: [COMPLIANT-RIGHT] Loaded F/T calibration from /home/ubuntu/niu/compliant_grasp_execute/ft_calibration/ft_calibration_right.json
[INFO] [1783326188.304464508] [XARM_manager]: [COMPLIANT-RIGHT] target set: p=[0.40474697018853445, -0.3323680189729048, 0.19341013650586278] q=[-0.1871924165101872, -0.25891591911736106, 0.940991769049023, -0.11160661544316627]
[INFO] [1783326188.305158562] [XARM_manager]: [COMPLIANT-RIGHT] seeded QP target at captured pose (z=+0.1934).
[INFO] [1783326188.305872099] [XARM_manager]: [COMPLIANT-RIGHT] admittance loop starting (calibrating force offset; keep hands off the arm briefly)...
[COMPLIANT-INSERT] runtime force-offset calibrated in 0.33s
[INFO] [1783326188.631669336] [XARM_manager]: [COMPLIANT-RIGHT] runtime offset calibrated. p_ref=[0.40474697018853445, -0.3323680189729048, 0.19341013650586278], ready.
[INFO] [1783326188.632155432] [XARM_manager]: [COMPLIANT-RIGHT] gains updated: B=[3.9597979746446663, 5.6, 3.9597979746446663] K=[20.0, 40.0, 20.0] B_rot=[0.5, 0.5, 0.5] K_rot=[0.0, 0.0, 0.0]
[COMPLIANT-INSERT] insertion dir=[+0.80,+0.06,-0.60] planned_depth=3.0cm soft_axes=xz K=[20.0, 40.0, 20.0] B=[3.96, 5.6, 3.96] contact_thresh=1.5N
[INFO] [1783326189.151545703] [XARM_manager]: [COMPLIANT-RIGHT] gains updated: B=[10.844353369380768, 10.844353369380768, 10.844353369380768] K=[150.0, 150.0, 150.0] B_rot=[0.5, 0.5, 0.5] K_rot=[0.0, 0.0, 0.0]
[INFO] [1783326189.153378611] [XARM_manager]: [COMPLIANT-RIGHT] target set: p=[0.4087235288296184, -0.33119541667949237, 0.1851931951393435] q=[-0.1871924165101872, -0.25891591911736106, 0.940991769049023, -0.11160661544316627]
[COMPLIANT-INSERT] CONTACT (force) at tcp_drop 0.8cm (resist 2.1N, thresh 1.5N); holding compliant for gripper close
[GRASP-EXEC] grasp TCP tracking: commanded=[0.4286,-0.3306,0.1753] achieved=[0.4107,-0.3314,0.1879] err=[-18.0,-0.8,+12.5]mm |err|=21.9mm approach-axis tilt: achieved=+51.7deg commanded=+48.4deg (0=level) ori-err=4.3deg
[JOINT-LIMIT] right closest-to-limit: wrist_pitch=-0.738 [-0.785,1.05] dist=0.047rad
[JOINT-LIMIT] right grasp per-joint: shoulder_pitch=-1.263[-2.96,+2.96](1.697) shoulder_roll=-1.034[-2.62,+0.26](1.296) shoulder_yaw=+1.598[-2.96,+2.96](1.362) elbow_pitch=-1.465[-2.61,+0.26](1.145) elbow_yaw=+1.241[-2.96,+2.96](1.719) wrist_pitch=-0.738[-0.79,+1.05](0.047) wrist_roll=-0.134[-1.30,+1.65](1.167)
[INFO] [1783326189.459946111] [XARM_manager]: [COMPLIANT-RIGHT] n=200 hz=242.2 F=[-0.68,+2.27,+0.00]N disp=[+0.2,-0.0,+0.2]cm v=[-0.11,+0.18,-0.03]
[GRASP-EXEC] GRIPPER: close at grasp pose (after arm motion, not at approach)
[GRASP-EXEC] gripper close: start=1% -> target=100%
[INFO] [1783326190.293667153] [XARM_manager]: [COMPLIANT-RIGHT] n=400 hz=240.7 F=[+0.47,+0.00,-2.65]N disp=[+0.4,+0.2,+0.6]cm v=[-0.02,-0.02,-0.20]
[GRASP-EXEC] gripper close result: pos=90% status=3 ok=True
[INFO] [1783326190.427229486] [XARM_manager]: [COMPLIANT-RIGHT] admittance loop stopped.
[GRASP-EXEC] ARM: rotate wrist away from table -20deg about waist Y before lift
[GRASP-EXEC] QP-Stream right -> table-clear (pure-pursuit): pos=0.1cm rot=20.0deg, lookahead=13cm @ 50Hz, pos_tol=2.0cm accept=2.5cm keep_ori=False
[GRASP-EXEC] ARM: lift after grasp
[GRASP-EXEC] QP-Stream right -> lift (pure-pursuit): pos=10.8cm rot=0.0deg, lookahead=13cm @ 50Hz, pos_tol=2.0cm accept=2.5cm keep_ori=True
[JOINT-LIMIT] right closest-to-limit: wrist_pitch=-0.7243 [-0.785,1.05] dist=0.0607rad
[JOINT-LIMIT] right lift per-joint: shoulder_pitch=-1.630[-2.96,+2.96](1.330) shoulder_roll=-1.038[-2.62,+0.26](1.300) shoulder_yaw=+1.810[-2.96,+2.96](1.150) elbow_pitch=-1.502[-2.61,+0.26](1.108) elbow_yaw=+1.037[-2.96,+2.96](1.923) wrist_pitch=-0.724[-0.79,+1.05](0.061) wrist_roll=-0.102[-1.30,+1.65](1.198)
[GRASP-EXEC] ELBOW-HIGH QP joint limits restored on endpose_single_arm_qp_R_controller (back to hard limits).
[GRASP-EXEC] ELBOW-HIGH: wrist guard margin restored to full.
[INFO] [1783326191.038410325] [XARM_manager]: Deactivated controllers: ['endpose_single_arm_qp_R_controller']
[GRASP-EXEC] elbow-high seed ready/right: clamped 1 joint(s) inward (margin 0.05rad): shoulder_yaw +2.964->+2.910 [-2.960,2.960]
[GRASP-EXEC] ELBOW-HIGH: returning via transition waypoint before home (bridges elbow-high -> elbow-low without a large sweep).
[GRASP-EXEC] ELBOW-HIGH: right -> transition(return) joints=['-1.452', '-0.585', '1.455', '-1.870', '-0.746', '-0.142', '0.087']
[INFO] [1783326191.056517992] [XARM_manager]: Activated controllers: ['jointspace_arm_R_controller']
[INFO] [1783326191.057604337] [XARM_manager]: Sending goal to action server /jointspace_arm_R_controller/jointspace (attempt 1/3):
eai_manipulator_msgs.action.JointSpace_Goal(target_positions=[-1.4525, -0.5845, 1.455, -1.87, -0.7456999999999999, -0.14179999999999998, 0.08685])
[INFO] [1783326191.061359552] [XARM_manager]: Goal accepted. Waiting for result...
[INFO] [1783326193.160091900] [XARM_manager]: Action result received from /jointspace_arm_R_controller/jointspace
[INFO] [1783326193.160355399] [XARM_manager]: Action result: eai_manipulator_msgs.action.JointSpace_Result(success=True, result_msg='action finished')
[GRASP-EXEC] ELBOW-HIGH: transition(return) move result: eai_manipulator_msgs.action.JointSpace_Result(success=True, result_msg='action finished')
[GRASP-EXEC] PRE-HOME WAYPOINT: right -> joints=['0.000', '-1.180', '0.000', '-1.300', '-1.400', '-0.130', '0.180']
[INFO] [1783326193.164692305] [XARM_manager]: Sending goal to action server /jointspace_arm_R_controller/jointspace (attempt 1/3):
eai_manipulator_msgs.action.JointSpace_Goal(target_positions=[0.0, -1.18, 0.0, -1.3, -1.4, -0.13, 0.18])
[INFO] [1783326193.168061634] [XARM_manager]: Goal accepted. Waiting for result...
[INFO] [1783326195.023149959] [XARM_manager]: Action result received from /jointspace_arm_R_controller/jointspace
[INFO] [1783326195.023418977] [XARM_manager]: Action result: eai_manipulator_msgs.action.JointSpace_Result(success=True, result_msg='action finished')
[GRASP-EXEC] pre-home waypoint result: eai_manipulator_msgs.action.JointSpace_Result(success=True, result_msg='action finished')
[GRASP-EXEC] RETURN HOME: right -> joints=['0.000', '-1.180', '0.000', '-1.300', '-1.400', '-0.130', '0.180']
[INFO] [1783326195.029258449] [XARM_manager]: Sending goal to action server /jointspace_arm_R_controller/jointspace (attempt 1/3):
eai_manipulator_msgs.action.JointSpace_Goal(target_positions=[0.0, -1.18, 0.0, -1.3, -1.4, -0.13, 0.18])
[INFO] [1783326195.033275783] [XARM_manager]: Goal accepted. Waiting for result...
[INFO] [1783326195.036536330] [XARM_manager]: Action result received from /jointspace_arm_R_controller/jointspace
[INFO] [1783326195.037087185] [XARM_manager]: Action result: eai_manipulator_msgs.action.JointSpace_Result(success=True, result_msg='action finished')
[GRASP-EXEC] return home result: eai_manipulator_msgs.action.JointSpace_Result(success=True, result_msg='action finished')
{
  "arm": "right",
  "pipeline_version": "accelerated",
  "motion_strategy": "qp_all",
  "dry_run": false,
  "motion": {
    "detected_pose7": [
      0.24141022819618435,
      -0.15755861836589283,
      -0.04743247148475724,
      0.005456421636593319,
      -0.7315391949972283,
      -0.07070224720281558,
      0.6781016338914124
    ],
    "approach_pose7": [
      0.3849371101936031,
      -0.33057633181922796,
      0.2651387679738889,
      -0.22883755490349816,
      -0.2710494566973416,
      0.928252808451659,
      -0.11185834386165479
    ],
    "grasp_pose7": [
      0.4286411005186312,
      -0.33057633181922796,
      0.17533903225632144,
      -0.22883755490349816,
      -0.2710494566973416,
      0.928252808451659,
      -0.11185834386165479
    ],
    "lift_pose7": [
      0.4286411005186312,
      -0.33057633181922796,
      0.2953390322563214,
      -0.3480411224031844,
      -0.2541301473284395,
      0.8904421823167046,
      -0.1462804337094401
    ],
    "pre_home_pose7": [
      0.2486411005186312,
      -0.43057633181922794,
      0.3453390322563214,
      -0.3480411224031844,
      -0.2541301473284395,
      0.8904421823167046,
      -0.1462804337094401
    ],
    "grasp_xyz_offset_m": [
      0.02,
      0.0,
      0.005
    ],
    "grasp_quat": [
      -0.22883755490349816,
      -0.2710494566973416,
      0.928252808451659,
      -0.11185834386165479
    ],
    "use_fixed_grasp_quat": true,
    "phase_backends": {
      "approach": "qp_stream",
      "grasp": "qp_stream",
      "lift": "qp_stream"
    },
    "joint_limits_used": {
      "shoulder_pitch": [
        -2.96,
        2.96
      ],
      "shoulder_roll": [
        -2.616,
        0.262
      ],
      "shoulder_yaw": [
        -2.96,
        2.96
      ],
      "elbow_pitch": [
        -2.61,
        0.261
      ],
      "elbow_yaw": [
        -2.96,
        2.96
      ],
      "wrist_pitch": [
        -0.785,
        1.05
      ],
      "wrist_roll": [
        -1.3,
        1.65
      ]
    },
    "elbow_high_proactive_used": true,
    "elbow_high_orientation": "seed",
    "approach_tcp_tracking": {
      "commanded_xyz": [
        0.3849371101936031,
        -0.33057633181922796,
        0.2651387679738889
      ],
      "achieved_xyz": [
        0.37773664734474494,
        -0.3310715826521605,
        0.246986727636317
      ],
      "error_mm": [
        -7.2004628488581695,
        -0.4952508329325589,
        -18.152040337571922
      ],
      "error_norm_mm": 19.53429054360934,
      "achieved_quat": [
        -0.19925429337955938,
        -0.2627965169997473,
        0.9375425065331355,
        -0.11067865948853715
      ],
      "approach_axis_tilt_deg": 51.487417909041575,
      "commanded_approach_axis_tilt_deg": 48.44602137096903,
      "orientation_error_deg": 3.6795474667175982
    },
    "approach_joint_limits": {
      "closest": {
        "joint": "wrist_pitch",
        "value": -0.7426,
        "lower": -0.785,
        "upper": 1.05,
        "dist_to_limit": 0.0424,
        "nearest_side": "lower"
      },
      "breached": [],
      "margin_rad": 0.05
    },
    "compliant_insert": {
      "ok": true,
      "contact": true,
      "reason": "contact",
      "resist_n": 2.1444453623016746,
      "traveled_m": 0.008183683037811907,
      "planned_depth_m": 0.03001173796843646,
      "ft_topic": "/arm_6dof_right",
      "calib_path": "/home/ubuntu/niu/compliant_grasp_execute/ft_calibration/ft_calibration_right.json",
      "calib_present": true,
      "commanded_m": 0.04641918171531166,
      "throttle_events": 0,
      "contact_kind": "force"
    },
    "grasp_tcp_tracking": {
      "commanded_xyz": [
        0.4286411005186312,
        -0.33057633181922796,
        0.17533903225632144
      ],
      "achieved_xyz": [
        0.41065362911294967,
        -0.331393638481138,
        0.18788703372532944
      ],
      "error_mm": [
        -17.98747140568152,
        -0.8173066619100444,
        12.548001469008002
      ],
      "error_norm_mm": 21.946969235319028,
      "achieved_quat": [
        -0.19279359928124423,
        -0.2659042740009343,
        0.9376532847412737,
        -0.1137183483793136
      ],
      "approach_axis_tilt_deg": 51.65146623007557,
      "commanded_approach_axis_tilt_deg": 48.44602137096903,
      "orientation_error_deg": 4.314544430466642
    },
    "grasp_joint_limits": {
      "closest": {
        "joint": "wrist_pitch",
        "value": -0.738,
        "lower": -0.785,
        "upper": 1.05,
        "dist_to_limit": 0.047,
        "nearest_side": "lower"
      },
      "breached": [],
      "margin_rad": 0.05
    },
    "lift_joint_limits": {
      "closest": {
        "joint": "wrist_pitch",
        "value": -0.7243,
        "lower": -0.785,
        "upper": 1.05,
        "dist_to_limit": 0.0607,
        "nearest_side": "lower"
      },
      "breached": [],
      "margin_rad": 0.05
    },
    "retract_ok": null,
    "return_home_ok": true,
    "released_on_finish_ok": null,
    "approach_ok": true,
    "grasp_ok": true,
    "lift_ok": true
  },
  "detection": {
    "class_name": "remote-control",
    "pose_head_roll_link": [
      0.7803617597315435,
      -0.177856758353888,
      -0.15971569578314307,
      -0.29001350699439166,
      -0.2918249104867287,
      0.683817882004334,
      0.6025972881048616
    ],
    "pose_tip_waist_yaw_link_rpy": {
      "x": 0.5055182790724434,
      "y": -0.1831060332644675,
      "z": -0.028717048584286475,
      "roll": -0.154210876025681,
      "pitch": -0.03648907715943284,
      "yaw": 1.6665825157899699
    },
    "pose_tip_used_for_tcp_conversion_rpy": {
      "x": 0.5055182790724434,
      "y": -0.1831060332644675,
      "z": -0.028717048584286475,
      "roll": 2.1363837133982218,
      "pitch": -1.4391283232289622,
      "yaw": -2.2288885431420584
    },
    "pose_tcp_waist_yaw_link_rpy": {
      "x": 0.24141022819618435,
      "y": -0.15755861836589283,
      "z": -0.04743247148475724,
      "roll": 2.1363837133982218,
      "pitch": -1.4391283232289622,
      "yaw": -2.2288885431420584
    },
    "pose_tcp_waist_yaw_link_pose7": [
      0.24141022819618435,
      -0.15755861836589283,
      -0.04743247148475724,
      0.005456421636593319,
      -0.7315391949972283,
      -0.07070224720281558,
      0.6781016338914124
    ],
    "current_tcp_pose7": [
      0.351681740312202,
      -0.5953576603629491,
      0.27503567373011867,
      0.005456421636593319,
      -0.7315391949972283,
      -0.07070224720281558,
      0.6781016338914124
    ],
    "tcp_minus_tip_waist_m": [
      -0.26410805087625905,
      0.025547414898574677,
      -0.018715422900470763
    ],
    "tcp_to_tip_offset_m": [
      0.0,
      0.0,
      -0.266
    ],
    "orientation_policy": "current",
    "use_current_tcp_rotation": true,
    "rotation_source_arm": "right",
    "bbox_2d": [
      717.3432006835938,
      380.6629943847656,
      923.2567749023438,
      428.8087158203125
    ],
    "bbox_3d": {
      "min": [
        0.7594330913906784,
        -0.2687808602347788,
        -0.1847793088183239
      ],
      "max": [
        0.8175145180718257,
        -0.08959213203070826,
        -0.14277750727458785
      ],
      "center": [
        0.7884738047312521,
        -0.17918649613274354,
        -0.16377840804645588
      ],
      "size": [
        0.05808142668114735,
        0.17918872820407056,
        0.04200180154373606
      ]
    },
    "object_long_axis_waist": [
      -0.09557612036109218,
      0.9947534082786664,
      0.03648098045143728
    ],
    "object_long_axis_yaw_waist_deg": -84.51185563493985,
    "object_angle_from_waist_x_deg": 84.51185563493986
  },
  "gripper": {
    "open_ok": true,
    "close_ok": true,
    "final_pos_pct": 90.0,
    "backend": "modbus_rtu"
  },
  "ok": true
}
[GRASP-EXEC] saved result json: /tmp/grasp_exec.json
[GRASP-EXEC] saved handoff: /tmp/grasp_handoff.json (arm=right holding=True)
