[日志] 日志文件: logs/grasp/grasp_260707_145811.log
[日志] 执行命令: python3 -m compliant_grasp_execute.main
[INFO] [1783407492.435930275] [XARM_manager]: waiting for service /controller_manager/get_parameters to become available...
[INFO] [1783407492.694310544] [XARM_manager]: XARM_manager initialized, robot_type: tianyi2, run_type: real
[INFO] [1783407492.701997541] [XARM_manager]: 已订阅关节状态话题: /joint_states
[INFO] [1783407492.706960240] [XARM_manager]: 已订阅警告和错误信息话题: /manipulator/warn_and_error_info
[INFO] [1783407492.715689030] [XARM_manager]: /joint_action_report 服务已启动
[CONFIG] loaded 201 params from /home/ubuntu/niu/compliant_grasp_execute/config.yaml
[GRASP-EXEC] STARTUP: enabling arms and moving BOTH to home posture
[INFO] [1783407499.559007564] [XARM_manager]: Deactivated controllers: ['jointspace_arm_L_controller']
[GRASP-EXEC] STARTUP: left -> home joints=['0.844', '0.026', '-0.006', '-2.216', '-1.529', '0.250', '0.683']
[INFO] [1783407499.582574404] [XARM_manager]: Activated controllers: ['jointspace_arm_L_controller']
[INFO] [1783407499.597303358] [XARM_manager]: Sending goal to action server /jointspace_arm_L_controller/jointspace (attempt 1/3):
eai_manipulator_msgs.action.JointSpace_Goal(target_positions=[0.844, 0.026, -0.006, -2.216, -1.529, 0.25, 0.683])
[INFO] [1783407499.601149269] [XARM_manager]: Goal accepted. Waiting for result...
[INFO] [1783407500.052386808] [XARM_manager]: Action result received from /jointspace_arm_L_controller/jointspace
[INFO] [1783407500.052736925] [XARM_manager]: Action result: eai_manipulator_msgs.action.JointSpace_Result(success=True, result_msg='action finished')
[GRASP-EXEC] STARTUP: right -> home joints=['0.844', '-0.026', '0.006', '-2.216', '1.529', '0.250', '-0.683']
[INFO] [1783407500.065327598] [XARM_manager]: Activated controllers: ['jointspace_arm_R_controller']
[INFO] [1783407500.079245054] [XARM_manager]: Sending goal to action server /jointspace_arm_R_controller/jointspace (attempt 1/3):
eai_manipulator_msgs.action.JointSpace_Goal(target_positions=[0.844, -0.026, 0.006, -2.216, 1.529, 0.25, -0.683])
[INFO] [1783407500.081322911] [XARM_manager]: Goal accepted. Waiting for result...
[INFO] [1783407500.534564871] [XARM_manager]: Action result received from /jointspace_arm_R_controller/jointspace
[INFO] [1783407500.535069785] [XARM_manager]: Action result: eai_manipulator_msgs.action.JointSpace_Result(success=True, result_msg='action finished')
[GRASP-EXEC] STARTUP: activating both grippers (open/close cycle)
[robotiq_api] gripper already activated (gSTA==3); skip resetActivate()
[GRASP-EXEC] STARTUP: gripper 'left' activated
[robotiq_api] gripper already activated (gSTA==3); skip resetActivate()
[GRASP-EXEC] STARTUP: gripper 'right' activated
perception health check pass
[object_pose] RGB (720, 1280, 3), depth (720, 1280), valid-depth pixels: 854461/921600 (median valid depth 1.299 m)
[GRASP-EXEC] ARM-SELECT: object waist Y=+0.183m (y >= boundary 0.000) -> 'left' arm
[GRASP-EXEC] diagonal schedule: angle-from-X=86.30700941579707deg -> tilt_scale=0.50, yaw_clamp=45.0deg (freed wrist_pitch, raised jaw alignment)
[GRASP-EXEC] reach tilt reduction: object |Y|=0.183m -> tilt_scale=0.98 (backed the side-tilt off so the elbow can extend to a far-outboard object instead of folding into its stop)
[GRASP-EXEC] applied grasp tilt +22.1deg about waist Y (tilt scale 1.00 x diag 0.50 x reach 0.98) -> quat=['-0.3594', '0.4429', '0.6172', '-0.5420']
[GRASP-EXEC] continuous orientation: object long-axis yaw -86.3deg (angle-from-X 86.3deg); applied continuous yaw -45.0deg about waist Z (gain=1.00, clamp +/-45deg) -> quat=['-0.1625', '0.5467', '0.7776', '-0.2645']
[GRASP-EXEC] recomputed TCP along final quat: detected_tcp_xyz=['0.4757', '0.2304', '-0.1330'] -> consistent_tcp_xyz=['0.5601', '0.3866', '0.0876']
[GRASP-EXEC] approach lateral clamp: approach Y +0.4783 -> +0.3866 (= grasp Y); tool_z outboard component would have pushed the standoff further from center than the grasp, which folds the elbow into its stop at far-outboard reaches.
[GRASP-EXEC] approach along grasp axis: dist=0.120m tool_z=[-0.542,0.764,0.349] approach_xyz=['0.5351', '0.3866', '0.1345']
[GRASP-EXEC] applied lift tilt -15.0deg about waist Y -> lift quat=['-0.2626', '0.5765', '0.7498', '-0.1909']
[GRASP-EXEC] detected class=remote-control detected_pose7=['0.4757', '0.2304', '-0.1330', '0.6949', '0.5070', '-0.3428', '-0.3776'] -> motion grasp_pose7=['0.6001', '0.3866', '0.0926', '-0.1625', '0.5467', '0.7776', '-0.2645']
[INFO] [1783407504.114026359] [XARM_manager]: Deactivated controllers: ['jointspace_arm_L_controller', 'jointspace_arm_R_controller']
[GRASP-EXEC] arms enabled (mode 3) [took 0.02s]
[JOINT-LIMIT] left: using live controller limits from endpose_single_arm_qp_L_controller
[GRASP-EXEC] joint-limit guard ON (margin 0.050 rad) arm=left
[GRASP-EXEC] gripper: connecting in background (overlaps arm enable + approach to hide the slow serial open; --no-gripper-async-connect for the old blocking behaviour)
[GRASP-EXEC] ARM: approach via qp_stream
[GRASP-EXEC] ELBOW-HIGH (proactive): object long axis ~parallel to body (angle-from-X=86.30700941579707 >= 60.0deg); the elbow-high seed's fore-aft jaws match a parallel object's short axis; reconfiguring to elbow-high seed before approach.
[GRASP-EXEC] elbow-high seed ready/left: clamped 1 joint(s) inward (margin 0.05rad): shoulder_yaw -2.964->-2.910 [-2.960,2.960]
[GRASP-EXEC] ELBOW-HIGH: reconfiguring left arm into elbow-high seed (jointspace: home -> stage -> transition -> ready). NOTE: jointspace moves run at the controller's own speed; watch the first reconfiguration for table/body clearance.
[GRASP-EXEC] gripper: arm='left' -> stable by-id port /dev/serial/by-id/usb-FTDI_FT231X_USB_UART_DU0E2IPR-if00-port0
[GRASP-EXEC] ELBOW-HIGH: left -> stage joints=['0.000', '1.180', '0.000', '-1.300', '1.400', '-0.130', '0.180']
[INFO] [1783407504.162977172] [XARM_manager]: Activated controllers: ['jointspace_arm_L_controller']
[INFO] [1783407504.164376972] [XARM_manager]: Sending goal to action server /jointspace_arm_L_controller/jointspace (attempt 1/3):
eai_manipulator_msgs.action.JointSpace_Goal(target_positions=[0.0, 1.18, 0.0, -1.3, 1.4, -0.13, 0.18])
[INFO] [1783407504.168166319] [XARM_manager]: Goal accepted. Waiting for result...
[robotiq_api] gripper already activated (gSTA==3); skip resetActivate()
[GRASP-EXEC] gripper: cached serial port /dev/serial/by-id/usb-FTDI_FT231X_USB_UART_DU0E2IPR-if00-port0 -> /tmp/robotiq_gripper_port.txt
[GRASP-EXEC] gripper controller ready: backend=modbus_rtu port=auto slave=9 (wait_timeout=8.0s) [connect took 0.03s]
[INFO] [1783407507.120556191] [XARM_manager]: Action result received from /jointspace_arm_L_controller/jointspace
[INFO] [1783407507.120874062] [XARM_manager]: Action result: eai_manipulator_msgs.action.JointSpace_Result(success=True, result_msg='action finished')
[GRASP-EXEC] ELBOW-HIGH: stage move result: eai_manipulator_msgs.action.JointSpace_Result(success=True, result_msg='action finished')
[GRASP-EXEC] ELBOW-HIGH: left -> transition joints=['-1.452', '0.585', '-1.455', '-1.870', '0.746', '-0.142', '0.093']
[INFO] [1783407507.123577635] [XARM_manager]: Sending goal to action server /jointspace_arm_L_controller/jointspace (attempt 1/3):
eai_manipulator_msgs.action.JointSpace_Goal(target_positions=[-1.4525, 0.5845, -1.455, -1.87, 0.7456999999999999, -0.14179999999999998, 0.09315])
[INFO] [1783407507.125115474] [XARM_manager]: Goal accepted. Waiting for result...
[INFO] [1783407508.983534703] [XARM_manager]: Action result received from /jointspace_arm_L_controller/jointspace
[INFO] [1783407508.983986486] [XARM_manager]: Action result: eai_manipulator_msgs.action.JointSpace_Result(success=True, result_msg='action finished')
[GRASP-EXEC] ELBOW-HIGH: transition move result: eai_manipulator_msgs.action.JointSpace_Result(success=True, result_msg='action finished')
[GRASP-EXEC] ELBOW-HIGH: left -> ready joints=['-2.905', '-0.011', '-2.910', '-2.440', '0.091', '-0.154', '0.006']
[INFO] [1783407508.989115279] [XARM_manager]: Sending goal to action server /jointspace_arm_L_controller/jointspace (attempt 1/3):
eai_manipulator_msgs.action.JointSpace_Goal(target_positions=[-2.905, -0.011, -2.91, -2.44, 0.0914, -0.1536, 0.0063])
[INFO] [1783407508.990327725] [XARM_manager]: Goal accepted. Waiting for result...
[INFO] [1783407510.846215485] [XARM_manager]: Action result received from /jointspace_arm_L_controller/jointspace
[INFO] [1783407510.846466588] [XARM_manager]: Action result: eai_manipulator_msgs.action.JointSpace_Result(success=True, result_msg='action finished')
[GRASP-EXEC] ELBOW-HIGH: ready move result: eai_manipulator_msgs.action.JointSpace_Result(success=True, result_msg='action finished')
[JOINT-LIMIT] left closest-to-limit: shoulder_pitch=-2.7894 [-2.96,2.96] dist=0.1706rad
[GRASP-EXEC] continuous orientation: object long-axis yaw -86.3deg (angle-from-X 86.3deg); applied continuous yaw +13.4deg about waist Z (gain=1.00, clamp +/-90deg) [top-down jaw-align: base jaw heading +170.3deg -> short-axis +3.7deg] -> quat=['-0.2464', '0.2623', '0.9322', '0.0390']
[GRASP-EXEC] recomputed TCP along final quat: detected_tcp_xyz=['0.4757', '0.2304', '-0.1330'] -> consistent_tcp_xyz=['0.5876', '0.3185', '0.1917']
[GRASP-EXEC] approach lateral clamp: approach Y +0.3795 -> +0.3185 (= grasp Y); tool_z outboard component would have pushed the standoff further from center than the grasp, which folds the elbow into its stop at far-outboard reaches.
[GRASP-EXEC] approach along grasp axis: dist=0.120m tool_z=[-0.439,0.508,0.741] approach_xyz=['0.5749', '0.3185', '0.2856']
[GRASP-EXEC] applied lift tilt -15.0deg about waist Y -> lift quat=['-0.3659', '0.2550', '0.8921', '0.0729']
[GRASP-EXEC] ELBOW-HIGH: using SEED grasp orientation (proactive); rebuilt grasp/approach/lift poses. The seed-anchored mode keeps the orientation the arm is already in, so the approach only translates and the wrist stays in range.
[GRASP-EXEC] ELBOW-HIGH QP joint window set on endpose_single_arm_qp_L_controller (flex 0.40rad, drop 0.15rad): shoulder_pitch[-2.96,-2.64], shoulder_roll[-0.00,0.55], shoulder_yaw[-2.96,-2.41], elbow_pitch[-2.61,-2.14], elbow_yaw[0.00,0.55]. Asymmetric: tight on the drop side so the elbow is actually held high; loose on the flex side so the arm can still reach.
[GRASP-EXEC] ELBOW-HIGH: wrist guard margin relaxed to 0.010rad (from 0.050) so the nose-down grasp can reach wrist_pitch~-0.71 (still inside the -0.785 stop). Other joints keep the full margin.
[INFO] [1783407510.865623635] [XARM_manager]: Deactivated controllers: ['jointspace_arm_L_controller']
[INFO] [1783407510.876029780] [XARM_manager]: Activated controllers: ['endpose_single_arm_qp_L_controller']
[GRASP-EXEC] QP-Stream left -> approach (pure-pursuit): pos=42.1cm rot=18.6deg, lookahead=13cm @ 50Hz, pos_tol=2.0cm accept=2.5cm keep_ori=False
[GRASP-EXEC] approach TCP tracking: commanded=[0.5749,0.3185,0.2856] achieved=[0.5589,0.3129,0.2762] err=[-16.0,-5.6,-9.5]mm |err|=19.4mm approach-axis tilt: achieved=+46.9deg commanded=+47.8deg (0=level) ori-err=2.5deg
[JOINT-LIMIT] left closest-to-limit: wrist_pitch=-0.7485 [-0.785,1.05] dist=0.0365rad
[JOINT-LIMIT] left approach per-joint: shoulder_pitch=-1.732[-2.96,+2.96](1.228) shoulder_roll=+0.337[-0.26,+2.62](0.599) shoulder_yaw=-2.876[-2.96,+2.96](0.085) elbow_pitch=-0.531[-2.61,+0.26](0.792) elbow_yaw=-0.397[-2.96,+2.96](2.563) wrist_pitch=-0.749[-0.79,+1.05](0.036) wrist_roll=+0.765[-1.65,+1.30](0.534)
[GRASP-EXEC] GRIPPER: open (after approach, before grasp insert)
[GRASP-EXEC] gripper open: start=90% -> target=0%
[GRASP-EXEC] gripper open result: pos=1% status=3 ok=True
[GRASP-EXEC] ARM: HYBRID pre-descent (position QP-stream) -> 7.5cm, leaving final 3.0cm for F/T compliant descend-to-contact
[GRASP-EXEC] QP-Stream left -> pre-grasp (pure-pursuit): pos=7.5cm rot=0.0deg, lookahead=8cm @ 50Hz, pos_tol=1.0cm accept=2.5cm keep_ori=True
[GRASP-EXEC] QP-Stream pre-grasp: ABORT joint-limit guard - 'shoulder_yaw'=-2.9171 within 0.050rad of limit [-2.96,2.96] (side=lower); holding pose to avoid the hard stop
[GRASP-EXEC] ARM: COMPLIANT insert to grasp pose (F/T admittance descend-to-contact)
[INFO] [1783407515.602223048] [XARM_manager]: [COMPLIANT-LEFT] Loaded F/T calibration from /home/ubuntu/niu/compliant_grasp_execute/ft_calibration/ft_calibration_left.json
[INFO] [1783407515.602695118] [XARM_manager]: [COMPLIANT-LEFT] target set: p=[0.5637678385778752, 0.314933156660548, 0.28125686416240187] q=[-0.24429921094154972, 0.2710841365774862, 0.9302725739104339, 0.037738901142336426]
[INFO] [1783407515.603006507] [XARM_manager]: [COMPLIANT-LEFT] seeded QP target at captured pose (z=+0.2813).
[INFO] [1783407515.603731192] [XARM_manager]: [COMPLIANT-LEFT] admittance loop starting (calibrating force offset; keep hands off the arm briefly)...
[INFO] [1783407515.932806413] [XARM_manager]: [COMPLIANT-LEFT] runtime offset calibrated. p_ref=[0.5637678385778752, 0.314933156660548, 0.28125686416240187], ready.
[COMPLIANT-INSERT] runtime force-offset calibrated in 0.34s
[INFO] [1783407515.948655931] [XARM_manager]: [COMPLIANT-LEFT] gains updated: B=[3.9597979746446663, 5.6, 3.9597979746446663] K=[20.0, 40.0, 20.0] B_rot=[0.5, 0.5, 0.5] K_rot=[0.0, 0.0, 0.0]
[COMPLIANT-INSERT] insertion dir=[+0.60,+0.03,-0.80] planned_depth=10.6cm soft_axes=xz K=[20.0, 40.0, 20.0] B=[3.96, 5.6, 3.96] contact_thresh=1.5N
[INFO] [1783407516.759184572] [XARM_manager]: [COMPLIANT-LEFT] n=200 hz=242.4 F=[+0.00,+0.00,+0.00]N disp=[-4.2,-0.2,+1.9]cm v=[+0.20,+0.01,-0.10]
[COMPLIANT-INSERT] insert s=7.3cm tcp_drop=3.2cm lag=+3.9cm resist=+0.05N (throttle x0)
[INFO] [1783407517.594370440] [XARM_manager]: [COMPLIANT-LEFT] n=400 hz=240.5 F=[+0.00,+0.00,+0.00]N disp=[-5.5,-0.4,+0.9]cm v=[+0.20,+0.03,-0.05]
[COMPLIANT-INSERT] ABORT joint-limit guard - 'wrist_pitch'=-0.775 within 0.010rad of limit; holding compliant pose
[COMPLIANT-INSERT] insert aborted by joint-limit guard after tcp_drop 4.7cm
[GRASP-EXEC] grasp TCP tracking: commanded=[0.6276,0.3185,0.1967] achieved=[0.5617,0.3139,0.2190] err=[-65.9,-4.6,+22.3]mm |err|=69.7mm approach-axis tilt: achieved=+46.9deg commanded=+47.8deg (0=level) ori-err=2.7deg
[JOINT-LIMIT] left closest-to-limit: wrist_pitch=-0.775 [-0.785,1.05] dist=0.01rad  BREACHED(<= 0.05): wrist_pitch
[JOINT-LIMIT] left grasp per-joint: shoulder_pitch=-1.508[-2.96,+2.96](1.452) shoulder_roll=+0.285[-0.26,+2.62](0.547) shoulder_yaw=-2.884[-2.96,+2.96](0.076) elbow_pitch=-0.275[-2.61,+0.26](0.536) elbow_yaw=-0.367[-2.96,+2.96](2.593) wrist_pitch=-0.775[-0.79,+1.05](0.010) wrist_roll=+0.827[-1.65,+1.30](0.473)
[GRASP-EXEC] grasp insert failed to reach target; retrying with reduced long-axis alignment (yaw scale 0.50)
[GRASP-EXEC] continuous orientation: object long-axis yaw -86.3deg (angle-from-X 86.3deg); applied continuous yaw +3.3deg about waist Z (gain=1.00, clamp +/-90deg x scale 0.50) [top-down jaw-align: base jaw heading +177.1deg -> short-axis +3.7deg] -> quat=['-0.2860', '0.3643', '0.8787', '0.1152']
[GRASP-EXEC] recomputed TCP along final quat: detected_tcp_xyz=['0.4757', '0.2304', '-0.1330'] -> consistent_tcp_xyz=['0.5929', '0.3711', '0.1465']
[GRASP-EXEC] ELBOW-HIGH seed retry: yaw scale 0.50
[GRASP-EXEC] approach lateral clamp: approach Y +0.4559 -> +0.3711 (= grasp Y); tool_z outboard component would have pushed the standoff further from center than the grasp, which folds the elbow into its stop at far-outboard reaches.
[GRASP-EXEC] approach along grasp axis: dist=0.120m tool_z=[-0.419,0.706,0.571] approach_xyz=['0.5827', '0.3711', '0.2200']
[GRASP-EXEC] applied lift tilt -15.0deg about waist Y -> lift quat=['-0.3982', '0.3462', '0.8339', '0.1618']
[GRASP-EXEC] QP-Stream left -> approach (pure-pursuit): pos=6.1cm rot=15.7deg, lookahead=13cm @ 50Hz, pos_tol=2.0cm accept=2.5cm keep_ori=False
[GRASP-EXEC] QP-Stream approach: ABORT joint-limit guard - 'wrist_pitch'=-0.7752 within 0.010rad of limit [-0.785,1.05] (side=lower); holding pose to avoid the hard stop
[GRASP-EXEC] approach TCP tracking: commanded=[0.5827,0.3711,0.2200] achieved=[0.5616,0.3139,0.2176] err=[-21.1,-57.3,-2.4]mm |err|=61.1mm approach-axis tilt: achieved=+46.9deg commanded=+34.8deg (0=level) ori-err=15.8deg
[JOINT-LIMIT] left closest-to-limit: wrist_pitch=-0.7752 [-0.785,1.05] dist=0.0098rad  BREACHED(<= 0.05): wrist_pitch
[JOINT-LIMIT] left approach per-joint: shoulder_pitch=-1.502[-2.96,+2.96](1.458) shoulder_roll=+0.283[-0.26,+2.62](0.545) shoulder_yaw=-2.886[-2.96,+2.96](0.074) elbow_pitch=-0.268[-2.61,+0.26](0.529) elbow_yaw=-0.365[-2.96,+2.96](2.595) wrist_pitch=-0.775[-0.79,+1.05](0.010) wrist_roll=+0.827[-1.65,+1.30](0.473)
[INFO] [1783407517.718569041] [XARM_manager]: [COMPLIANT-LEFT] admittance loop stopped.
[JOINT-LIMIT] left closest-to-limit: wrist_pitch=-0.7753 [-0.785,1.05] dist=0.0097rad  BREACHED(<= 0.05): wrist_pitch
[JOINT-LIMIT] left lift per-joint: shoulder_pitch=-1.502[-2.96,+2.96](1.458) shoulder_roll=+0.283[-0.26,+2.62](0.545) shoulder_yaw=-2.886[-2.96,+2.96](0.074) elbow_pitch=-0.267[-2.61,+0.26](0.527) elbow_yaw=-0.365[-2.96,+2.96](2.595) wrist_pitch=-0.775[-0.79,+1.05](0.010) wrist_roll=+0.827[-1.65,+1.30](0.473)
[GRASP-EXEC] ELBOW-HIGH QP joint limits restored on endpose_single_arm_qp_L_controller (back to hard limits).
[GRASP-EXEC] ELBOW-HIGH: wrist guard margin restored to full.
[INFO] [1783407517.738636567] [XARM_manager]: Deactivated controllers: ['endpose_single_arm_qp_L_controller']
[GRASP-EXEC] elbow-high seed ready/left: clamped 1 joint(s) inward (margin 0.05rad): shoulder_yaw -2.964->-2.910 [-2.960,2.960]
[GRASP-EXEC] ELBOW-HIGH: returning via transition -> stage waypoints before home (unwinds elbow-high -> elbow-low without a large sweep).
[GRASP-EXEC] ELBOW-HIGH: left -> transition(return) joints=['-1.452', '0.585', '-1.455', '-1.870', '0.746', '-0.142', '0.093']
[INFO] [1783407517.757044594] [XARM_manager]: Activated controllers: ['jointspace_arm_L_controller']
[INFO] [1783407517.757823936] [XARM_manager]: Sending goal to action server /jointspace_arm_L_controller/jointspace (attempt 1/3):
eai_manipulator_msgs.action.JointSpace_Goal(target_positions=[-1.4525, 0.5845, -1.455, -1.87, 0.7456999999999999, -0.14179999999999998, 0.09315])
[INFO] [1783407517.760576165] [XARM_manager]: Goal accepted. Waiting for result...
[INFO] [1783407519.732193231] [XARM_manager]: Action result received from /jointspace_arm_L_controller/jointspace
[INFO] [1783407519.732478006] [XARM_manager]: Action result: eai_manipulator_msgs.action.JointSpace_Result(success=True, result_msg='action finished')
[GRASP-EXEC] ELBOW-HIGH: transition(return) move result: eai_manipulator_msgs.action.JointSpace_Result(success=True, result_msg='action finished')
[GRASP-EXEC] ELBOW-HIGH: left -> stage(return) joints=['0.000', '1.180', '0.000', '-1.300', '1.400', '-0.130', '0.180']
[INFO] [1783407519.736255435] [XARM_manager]: Sending goal to action server /jointspace_arm_L_controller/jointspace (attempt 1/3):
eai_manipulator_msgs.action.JointSpace_Goal(target_positions=[0.0, 1.18, 0.0, -1.3, 1.4, -0.13, 0.18])
[INFO] [1783407519.737672739] [XARM_manager]: Goal accepted. Waiting for result...
[INFO] [1783407521.596440797] [XARM_manager]: Action result received from /jointspace_arm_L_controller/jointspace
[INFO] [1783407521.596723240] [XARM_manager]: Action result: eai_manipulator_msgs.action.JointSpace_Result(success=True, result_msg='action finished')
[GRASP-EXEC] ELBOW-HIGH: stage(return) move result: eai_manipulator_msgs.action.JointSpace_Result(success=True, result_msg='action finished')
[GRASP-EXEC] RETURN HOME: left -> joints=['0.844', '0.026', '-0.006', '-2.216', '-1.529', '0.250', '0.683']
[INFO] [1783407521.599680414] [XARM_manager]: Sending goal to action server /jointspace_arm_L_controller/jointspace (attempt 1/3):
eai_manipulator_msgs.action.JointSpace_Goal(target_positions=[0.844, 0.026, -0.006, -2.216, -1.529, 0.25, 0.683])
[INFO] [1783407521.600914382] [XARM_manager]: Goal accepted. Waiting for result...
[INFO] [1783407524.557947739] [XARM_manager]: Action result received from /jointspace_arm_L_controller/jointspace
[INFO] [1783407524.558256653] [XARM_manager]: Action result: eai_manipulator_msgs.action.JointSpace_Result(success=True, result_msg='action finished')
[GRASP-EXEC] return home result: eai_manipulator_msgs.action.JointSpace_Result(success=True, result_msg='action finished')
{
  "arm": "left",
  "pipeline_version": "accelerated",
  "motion_strategy": "qp_all",
  "dry_run": false,
  "motion": {
    "detected_pose7": [
      0.47572387860078297,
      0.23040919717175298,
      -0.13302742964753023,
      0.6948966609322675,
      0.5070138099320636,
      -0.3427962162848097,
      -0.37755315025063235
    ],
    "approach_pose7": [
      0.5826850078960517,
      0.37114918473926184,
      0.22000990196005976,
      -0.2859835893719631,
      0.3643323960675346,
      0.8787493856805999,
      0.115216357135547
    ],
    "grasp_pose7": [
      0.6329244123794067,
      0.37114918473926184,
      0.15149583193151153,
      -0.2859835893719631,
      0.3643323960675346,
      0.8787493856805999,
      0.115216357135547
    ],
    "lift_pose7": [
      0.6329244123794067,
      0.37114918473926184,
      0.2714958319315115,
      -0.3982367713486689,
      0.3461767295347965,
      0.8339032139102782,
      0.1617855855893508
    ],
    "pre_home_pose7": [
      0.45292441237940667,
      0.27114918473926186,
      0.3214958319315115,
      -0.3982367713486689,
      0.3461767295347965,
      0.8339032139102782,
      0.1617855855893508
    ],
    "grasp_xyz_offset_m": [
      0.04,
      0.0,
      0.005
    ],
    "grasp_quat": [
      -0.2859835893719631,
      0.3643323960675346,
      0.8787493856805999,
      0.115216357135547
    ],
    "use_fixed_grasp_quat": true,
    "phase_backends": {
      "approach": "qp_stream",
      "grasp": "qp_stream",
      "lift": "qp_stream"
    },
    "joint_limits_used": {
      "shoulder_pitch": [
        -2.96,
        2.96
      ],
      "shoulder_roll": [
        -0.262,
        2.616
      ],
      "shoulder_yaw": [
        -2.96,
        2.96
      ],
      "elbow_pitch": [
        -2.61,
        0.261
      ],
      "elbow_yaw": [
        -2.96,
        2.96
      ],
      "wrist_pitch": [
        -0.785,
        1.05
      ],
      "wrist_roll": [
        -1.65,
        1.3
      ]
    },
    "elbow_high_proactive_used": true,
    "elbow_high_orientation": "seed",
    "approach_tcp_tracking": {
      "commanded_xyz": [
        0.5826850078960517,
        0.37114918473926184,
        0.22000990196005976
      ],
      "achieved_xyz": [
        0.5615964624553804,
        0.31385883982053675,
        0.2176265778420271
      ],
      "error_mm": [
        -21.08854544067129,
        -57.29034491872509,
        -2.383324118032659
      ],
      "error_norm_mm": 61.09493107911117,
      "achieved_quat": [
        -0.2354651355353383,
        0.28159717942455154,
        0.929647654034835,
        0.031850240736759475
      ],
      "approach_axis_tilt_deg": 46.929870720003635,
      "commanded_approach_axis_tilt_deg": 34.816539469857375,
      "orientation_error_deg": 15.781939423436647
    },
    "approach_joint_limits": {
      "closest": {
        "joint": "wrist_pitch",
        "value": -0.7752,
        "lower": -0.785,
        "upper": 1.05,
        "dist_to_limit": 0.0098,
        "nearest_side": "lower"
      },
      "breached": [
        {
          "joint": "wrist_pitch",
          "value": -0.7752,
          "lower": -0.785,
          "upper": 1.05,
          "dist_to_limit": 0.0098,
          "nearest_side": "lower"
        }
      ],
      "margin_rad": 0.05
    },
    "compliant_insert": {
      "ok": false,
      "contact": false,
      "reason": "joint_limit_abort",
      "resist_n": -0.24960515601500036,
      "traveled_m": 0.04735510205747617,
      "planned_depth_m": 0.10595671750049822,
      "ft_topic": "/arm_6dof_left",
      "calib_path": "/home/ubuntu/niu/compliant_grasp_execute/ft_calibration/ft_calibration_left.json",
      "calib_present": true,
      "commanded_m": 0.08785510205747618,
      "throttle_events": 0
    },
    "grasp_tcp_tracking": {
      "commanded_xyz": [
        0.627557275884307,
        0.318497017116661,
        0.1967285696672534
      ],
      "achieved_xyz": [
        0.5616839663007245,
        0.31385040276156273,
        0.2190175943129949
      ],
      "error_mm": [
        -65.87330958358251,
        -4.6466143550982775,
        22.289024645741478
      ],
      "error_norm_mm": 69.6970914753118,
      "achieved_quat": [
        -0.23547496274856206,
        0.28217243791381535,
        0.9294711823942496,
        0.03183674447824334
      ],
      "approach_axis_tilt_deg": 46.874701759597876,
      "commanded_approach_axis_tilt_deg": 47.816539469857375,
      "orientation_error_deg": 2.7400053819714114
    },
    "grasp_joint_limits": {
      "closest": {
        "joint": "wrist_pitch",
        "value": -0.775,
        "lower": -0.785,
        "upper": 1.05,
        "dist_to_limit": 0.01,
        "nearest_side": "lower"
      },
      "breached": [
        {
          "joint": "wrist_pitch",
          "value": -0.775,
          "lower": -0.785,
          "upper": 1.05,
          "dist_to_limit": 0.01,
          "nearest_side": "lower"
        }
      ],
      "margin_rad": 0.05
    },
    "grasp_reach_retry_used": true,
    "grasp_reach_retry_yaw_scale": 0.5,
    "lift_joint_limits": {
      "closest": {
        "joint": "wrist_pitch",
        "value": -0.7753,
        "lower": -0.785,
        "upper": 1.05,
        "dist_to_limit": 0.0097,
        "nearest_side": "lower"
      },
      "breached": [
        {
          "joint": "wrist_pitch",
          "value": -0.7753,
          "lower": -0.785,
          "upper": 1.05,
          "dist_to_limit": 0.0097,
          "nearest_side": "lower"
        }
      ],
      "margin_rad": 0.05
    },
    "retract_ok": null,
    "return_home_ok": true,
    "released_on_finish_ok": null,
    "approach_ok": false,
    "grasp_ok": false,
    "lift_ok": true
  },
  "detection": {
    "class_name": "remote-control",
    "pose_head_roll_link": [
      0.9144233276159043,
      0.19146713442419588,
      -0.019047488505080274,
      -0.27934988413414213,
      -0.3024436083697769,
      0.6756102009978313,
      0.6115900279584193
    ],
    "pose_tip_waist_yaw_link_rpy": {
      "x": 0.7042884256508434,
      "y": 0.1832963370302575,
      "z": -0.005377023298437034,
      "roll": -0.15468592925434307,
      "pitch": -0.058632235733605764,
      "yaw": 1.6352511717343863
    },
    "pose_tip_used_for_tcp_conversion_rpy": {
      "x": 0.7042884256508434,
      "y": 0.1832963370302575,
      "z": -0.005377023298437034,
      "roll": -2.0737360141007,
      "pitch": 0.09370363509446045,
      "yaw": 1.3160903864163223
    },
    "pose_tcp_waist_yaw_link_rpy": {
      "x": 0.47572387860078297,
      "y": 0.23040919717175298,
      "z": -0.13302742964753023,
      "roll": -2.0737360141007,
      "pitch": 0.09370363509446045,
      "yaw": 1.3160903864163223
    },
    "pose_tcp_waist_yaw_link_pose7": [
      0.47572387860078297,
      0.23040919717175298,
      -0.13302742964753023,
      0.6948966609322675,
      0.5070138099320636,
      -0.3427962162848097,
      -0.37755315025063235
    ],
    "current_tcp_pose7": [
      0.1155718731092817,
      -0.25785786246456127,
      0.14142013523603106,
      0.6948966609322675,
      0.5070138099320636,
      -0.3427962162848097,
      -0.37755315025063235
    ],
    "tcp_minus_tip_waist_m": [
      -0.2285645470500604,
      0.04711286014149549,
      -0.1276504063490932
    ],
    "tcp_to_tip_offset_m": [
      0.0,
      0.0,
      -0.266
    ],
    "orientation_policy": "current",
    "use_current_tcp_rotation": true,
    "rotation_source_arm": "right",
    "bbox_2d": [
      404.37310791015625,
      241.8852081298828,
      589.803955078125,
      275.847900390625
    ],
    "bbox_3d": {
      "min": [
        0.8973289048186993,
        0.10127520108656346,
        -0.03942312246537366
      ],
      "max": [
        0.9476105024089068,
        0.2786909144564425,
        -0.0015507586144425378
      ],
      "center": [
        0.922469703613803,
        0.18998305777150298,
        -0.0204869405399081
      ],
      "size": [
        0.05028159759020745,
        0.17741571336987905,
        0.03787236385093112
      ]
    },
    "object_long_axis_waist": [
      -0.06429954432296756,
      0.996208696547809,
      0.05859864778622652
    ],
    "object_long_axis_yaw_waist_deg": -86.30700941579707,
    "object_angle_from_waist_x_deg": 86.30700941579707
  },
  "gripper": {
    "open_ok": true,
    "close_ok": null,
    "final_pos_pct": null,
    "backend": "modbus_rtu"
  },
  "ok": false
}
[GRASP-EXEC] saved result json: /tmp/grasp_exec.json
[GRASP-EXEC] saved handoff: /tmp/grasp_handoff.json (arm=left holding=False)



横放，没抓起来，可能是因为放的位置比前几次稍远一点。