[日志] 日志文件: logs/grasp/grasp_260706_155221.log
[日志] 执行命令: python3 -m compliant_grasp_execute.main
[INFO] [1783324342.373971773] [XARM_manager]: waiting for service /controller_manager/get_parameters to become available...
[INFO] [1783324344.885604427] [XARM_manager]: XARM_manager initialized, robot_type: tianyi2, run_type: real
[INFO] [1783324344.892174018] [XARM_manager]: 已订阅关节状态话题: /joint_states
[INFO] [1783324344.900093678] [XARM_manager]: 已订阅警告和错误信息话题: /manipulator/warn_and_error_info
[INFO] [1783324344.909956304] [XARM_manager]: /joint_action_report 服务已启动
[CONFIG] loaded 198 params from /home/ubuntu/niu/compliant_grasp_execute/config.yaml
[GRASP-EXEC] STARTUP: enabling arms and moving BOTH to home posture
[INFO] [1783324351.379353541] [XARM_manager]: Deactivated controllers: ['jointspace_arm_L_controller']
[GRASP-EXEC] STARTUP: left -> home joints=['0.000', '1.180', '0.000', '-1.300', '1.400', '-0.130', '0.180']
[INFO] [1783324351.403371532] [XARM_manager]: Activated controllers: ['jointspace_arm_L_controller']
[INFO] [1783324351.418242221] [XARM_manager]: Sending goal to action server /jointspace_arm_L_controller/jointspace (attempt 1/3):
eai_manipulator_msgs.action.JointSpace_Goal(target_positions=[0.0, 1.18, 0.0, -1.3, 1.4, -0.13, 0.18])
[INFO] [1783324351.420298322] [XARM_manager]: Goal accepted. Waiting for result...
[INFO] [1783324351.565033892] [XARM_manager]: Action result received from /jointspace_arm_L_controller/jointspace
[INFO] [1783324351.565554016] [XARM_manager]: Action result: eai_manipulator_msgs.action.JointSpace_Result(success=True, result_msg='action finished')
[GRASP-EXEC] STARTUP: right -> home joints=['0.000', '-1.180', '0.000', '-1.300', '-1.400', '-0.130', '0.180']
[INFO] [1783324351.581661058] [XARM_manager]: Activated controllers: ['jointspace_arm_R_controller']
[INFO] [1783324351.594984909] [XARM_manager]: Sending goal to action server /jointspace_arm_R_controller/jointspace (attempt 1/3):
eai_manipulator_msgs.action.JointSpace_Goal(target_positions=[0.0, -1.18, 0.0, -1.3, -1.4, -0.13, 0.18])
[INFO] [1783324352.366968051] [XARM_manager]: Goal accepted. Waiting for result...
[INFO] [1783324352.454370319] [XARM_manager]: Action result received from /jointspace_arm_R_controller/jointspace
[INFO] [1783324352.454813938] [XARM_manager]: Action result: eai_manipulator_msgs.action.JointSpace_Result(success=True, result_msg='action finished')
[GRASP-EXEC] STARTUP: activating both grippers (open/close cycle)
[robotiq_api] gripper already activated (gSTA==3); skip resetActivate()
[GRASP-EXEC] STARTUP: gripper 'left' activated
[robotiq_api] gripper already activated (gSTA==3); skip resetActivate()
[GRASP-EXEC] STARTUP: gripper 'right' activated
perception health check pass
[object_pose] RGB (720, 1280, 3), depth (720, 1280), valid-depth pixels: 901587/921600 (median valid depth 1.169 m)
[GRASP-EXEC] ARM-SELECT: object waist Y=+0.161m (y >= boundary 0.000) -> 'left' arm
[GRASP-EXEC] diagonal schedule: angle-from-X=47.568273544337146deg -> tilt_scale=0.64, yaw_clamp=36.7deg (freed wrist_pitch, raised jaw alignment)
[GRASP-EXEC] applied grasp tilt +28.7deg about waist Y (tilt scale 1.00 x diag 0.64) -> quat=['-0.3229', '0.4106', '0.6370', '-0.5668']
[GRASP-EXEC] continuous orientation: object long-axis yaw +47.6deg (angle-from-X 47.6deg); applied continuous yaw +36.7deg about waist Z (gain=1.00, clamp +/-37deg) -> quat=['-0.4358', '0.2881', '0.4261', '-0.7386']
[GRASP-EXEC] recomputed TCP along final quat: detected_tcp_xyz=['0.2013', '0.1860', '-0.0451'] -> consistent_tcp_xyz=['0.2534', '0.0548', '0.0944']
[GRASP-EXEC] approach along grasp axis: dist=0.120m tool_z=[-0.797,-0.398,0.454] approach_xyz=['0.1778', '0.0070', '0.1539']
[GRASP-EXEC] applied lift tilt -15.0deg about waist Y -> lift quat=['-0.4877', '0.3820', '0.3656', '-0.6947']
[GRASP-EXEC] detected class=remote-control detected_pose7=['0.2013', '0.1860', '-0.0451', '0.0058', '-0.7314', '-0.0704', '0.6783'] -> motion grasp_pose7=['0.2734', '0.0548', '0.0994', '-0.4358', '0.2881', '0.4261', '-0.7386']
[INFO] [1783324356.102926368] [XARM_manager]: Deactivated controllers: ['jointspace_arm_L_controller', 'jointspace_arm_R_controller']
[GRASP-EXEC] arms enabled (mode 3) [took 0.02s]
[JOINT-LIMIT] left: using live controller limits from endpose_single_arm_qp_L_controller
[GRASP-EXEC] joint-limit guard ON (margin 0.050 rad) arm=left
[GRASP-EXEC] gripper: connecting in background (overlaps arm enable + approach to hide the slow serial open; --no-gripper-async-connect for the old blocking behaviour)
[GRASP-EXEC] ARM: approach via qp_stream
[GRASP-EXEC] ELBOW-HIGH (proactive): object long axis ~parallel to body (angle-from-X=47.568273544337146 >= 45.0deg); the elbow-high seed's fore-aft jaws match a parallel object's short axis; reconfiguring to elbow-high seed before approach.
[GRASP-EXEC] elbow-high seed ready/left: clamped 1 joint(s) inward (margin 0.05rad): shoulder_yaw -2.964->-2.910 [-2.960,2.960]
[GRASP-EXEC] ELBOW-HIGH: reconfiguring left arm into elbow-high seed (jointspace, via transition waypoint). NOTE: jointspace moves run at the controller's own speed; watch the first reconfiguration for table/body clearance.
[GRASP-EXEC] gripper: arm='left' -> stable by-id port /dev/serial/by-id/usb-FTDI_FT231X_USB_UART_DU0E2IPR-if00-port0
[GRASP-EXEC] ELBOW-HIGH: left -> transition joints=['-1.452', '0.585', '-1.455', '-1.870', '0.746', '-0.142', '0.093']
[INFO] [1783324356.155327469] [XARM_manager]: Activated controllers: ['jointspace_arm_L_controller']
[INFO] [1783324356.156572310] [XARM_manager]: Sending goal to action server /jointspace_arm_L_controller/jointspace (attempt 1/3):
eai_manipulator_msgs.action.JointSpace_Goal(target_positions=[-1.4525, 0.5845, -1.455, -1.87, 0.7456999999999999, -0.14179999999999998, 0.09315])
[robotiq_api] gripper already activated (gSTA==3); skip resetActivate()
[GRASP-EXEC] gripper: cached serial port /dev/serial/by-id/usb-FTDI_FT231X_USB_UART_DU0E2IPR-if00-port0 -> /tmp/robotiq_gripper_port.txt
[GRASP-EXEC] gripper controller ready: backend=modbus_rtu port=auto slave=9 (wait_timeout=8.0s) [connect took 0.03s]
[INFO] [1783324356.161186161] [XARM_manager]: Goal accepted. Waiting for result...
[INFO] [1783324358.015493886] [XARM_manager]: Action result received from /jointspace_arm_L_controller/jointspace
[INFO] [1783324358.015819416] [XARM_manager]: Action result: eai_manipulator_msgs.action.JointSpace_Result(success=True, result_msg='action finished')
[GRASP-EXEC] ELBOW-HIGH: transition move result: eai_manipulator_msgs.action.JointSpace_Result(success=True, result_msg='action finished')
[GRASP-EXEC] ELBOW-HIGH: left -> ready joints=['-2.905', '-0.011', '-2.910', '-2.440', '0.091', '-0.154', '0.006']
[INFO] [1783324358.018925018] [XARM_manager]: Sending goal to action server /jointspace_arm_L_controller/jointspace (attempt 1/3):
eai_manipulator_msgs.action.JointSpace_Goal(target_positions=[-2.905, -0.011, -2.91, -2.44, 0.0914, -0.1536, 0.0063])
[INFO] [1783324358.020154830] [XARM_manager]: Goal accepted. Waiting for result...
[INFO] [1783324359.874480111] [XARM_manager]: Action result received from /jointspace_arm_L_controller/jointspace
[INFO] [1783324359.874723787] [XARM_manager]: Action result: eai_manipulator_msgs.action.JointSpace_Result(success=True, result_msg='action finished')
[GRASP-EXEC] ELBOW-HIGH: ready move result: eai_manipulator_msgs.action.JointSpace_Result(success=True, result_msg='action finished')
[JOINT-LIMIT] left closest-to-limit: shoulder_pitch=-2.7894 [-2.96,2.96] dist=0.1706rad
[GRASP-EXEC] continuous orientation: object long-axis yaw +47.6deg (angle-from-X 47.6deg); applied continuous yaw -32.3deg about waist Z (gain=1.00, clamp +/-90deg) [top-down jaw-align: base jaw heading +169.9deg -> short-axis +137.6deg] -> quat=['-0.1377', '0.3214', '0.8476', '0.3992']
[GRASP-EXEC] recomputed TCP along final quat: detected_tcp_xyz=['0.2013', '0.1860', '-0.0451'] -> consistent_tcp_xyz=['0.4716', '0.3349', '0.1745']
[GRASP-EXEC] approach lateral clamp: approach Y +0.4135 -> +0.3349 (= grasp Y); tool_z outboard component would have pushed the standoff further from center than the grasp, which folds the elbow into its stop at far-outboard reaches.
[GRASP-EXEC] approach along grasp axis: dist=0.120m tool_z=[0.023,0.655,0.755] approach_xyz=['0.4944', '0.3349', '0.2701']
[GRASP-EXEC] applied lift tilt -15.0deg about waist Y -> lift quat=['-0.2472', '0.2666', '0.8223', '0.4377']
[GRASP-EXEC] ELBOW-HIGH: using SEED grasp orientation (proactive); rebuilt grasp/approach/lift poses. The seed-anchored mode keeps the orientation the arm is already in, so the approach only translates and the wrist stays in range.
[GRASP-EXEC] ELBOW-HIGH QP joint window set on endpose_single_arm_qp_L_controller (flex 0.40rad, drop 0.15rad): shoulder_pitch[-2.96,-2.64], shoulder_roll[-0.00,0.55], shoulder_yaw[-2.96,-2.41], elbow_pitch[-2.61,-2.14], elbow_yaw[0.00,0.55]. Asymmetric: tight on the drop side so the elbow is actually held high; loose on the flex side so the arm can still reach.
[GRASP-EXEC] ELBOW-HIGH: wrist guard margin relaxed to 0.010rad (from 0.050) so the nose-down grasp can reach wrist_pitch~-0.71 (still inside the -0.785 stop). Other joints keep the full margin.
[INFO] [1783324359.893769699] [XARM_manager]: Deactivated controllers: ['jointspace_arm_L_controller']
[INFO] [1783324359.904426596] [XARM_manager]: Activated controllers: ['endpose_single_arm_qp_L_controller']
[GRASP-EXEC] QP-Stream left -> approach (pure-pursuit): pos=38.0cm rot=34.4deg, lookahead=13cm @ 50Hz, pos_tol=2.0cm accept=2.5cm keep_ori=False
[GRASP-EXEC] approach TCP tracking: commanded=[0.4944,0.3349,0.2701] achieved=[0.4803,0.3226,0.2651] err=[-14.1,-12.3,-5.0]mm |err|=19.4mm approach-axis tilt: achieved=+47.7deg commanded=+49.1deg (0=level) ori-err=1.6deg
[JOINT-LIMIT] left closest-to-limit: wrist_roll=1.2036 [-1.65,1.3] dist=0.0964rad
[JOINT-LIMIT] left approach per-joint: shoulder_pitch=-1.752[-2.96,+2.96](1.208) shoulder_roll=+0.671[-0.26,+2.62](0.933) shoulder_yaw=-2.296[-2.96,+2.96](0.664) elbow_pitch=-0.967[-2.61,+0.26](1.228) elbow_yaw=-1.593[-2.96,+2.96](1.367) wrist_pitch=-0.459[-0.79,+1.05](0.326) wrist_roll=+1.204[-1.65,+1.30](0.096)
[GRASP-EXEC] GRIPPER: open (after approach, before grasp insert)
[GRASP-EXEC] gripper already open enough: 1% (skip open command)
[GRASP-EXEC] ARM: HYBRID pre-descent (position QP-stream) -> 5.7cm, leaving final 3.0cm for F/T compliant descend-to-contact
[GRASP-EXEC] QP-Stream left -> pre-grasp (pure-pursuit): pos=5.7cm rot=0.0deg, lookahead=8cm @ 50Hz, pos_tol=1.0cm accept=2.5cm keep_ori=True
[GRASP-EXEC] ARM: COMPLIANT insert to grasp pose (F/T admittance descend-to-contact)
[INFO] [1783324364.247075765] [XARM_manager]: [COMPLIANT-LEFT] Loaded F/T calibration from /home/ubuntu/niu/compliant_grasp_execute/ft_calibration/ft_calibration_left.json
[INFO] [1783324364.268057349] [XARM_manager]: [COMPLIANT-LEFT] target set: p=[0.47780398173876193, 0.33029009304012685, 0.20873925307363803] q=[-0.11827171198818942, 0.33096518189677765, 0.8441313912751358, 0.40486546503662096]
[INFO] [1783324364.268821251] [XARM_manager]: [COMPLIANT-LEFT] seeded QP target at captured pose (z=+0.2087).
[INFO] [1783324364.269610242] [XARM_manager]: [COMPLIANT-LEFT] admittance loop starting (calibrating force offset; keep hands off the arm briefly)...
[INFO] [1783324364.595994983] [XARM_manager]: [COMPLIANT-LEFT] runtime offset calibrated. p_ref=[0.47780398173876193, 0.33029009304012685, 0.20873925307363803], ready.
[COMPLIANT-INSERT] runtime force-offset calibrated in 0.34s
[INFO] [1783324364.615109384] [XARM_manager]: [COMPLIANT-LEFT] gains updated: B=[3.9597979746446663, 5.6, 3.9597979746446663] K=[20.0, 40.0, 20.0] B_rot=[0.5, 0.5, 0.5] K_rot=[0.0, 0.0, 0.0]
[COMPLIANT-INSERT] insertion dir=[+0.42,+0.14,-0.90] planned_depth=3.3cm soft_axes=xz K=[20.0, 40.0, 20.0] B=[3.96, 5.6, 3.96] contact_thresh=1.5N
[INFO] [1783324364.812042473] [XARM_manager]: [COMPLIANT-LEFT] gains updated: B=[10.844353369380768, 10.844353369380768, 10.844353369380768] K=[150.0, 150.0, 150.0] B_rot=[0.5, 0.5, 0.5] K_rot=[0.0, 0.0, 0.0]
[INFO] [1783324364.813102743] [XARM_manager]: [COMPLIANT-LEFT] target set: p=[0.4708885956660732, 0.33505617010775335, 0.19013316692967597] q=[-0.11827171198818942, 0.33096518189677765, 0.8441313912751358, 0.40486546503662096]
[COMPLIANT-INSERT] CONTACT (force) at tcp_drop 1.4cm (resist 2.1N, thresh 1.5N); holding compliant for gripper close
[GRASP-EXEC] grasp TCP tracking: commanded=[0.4916,0.3349,0.1795] achieved=[0.4700,0.3351,0.1886] err=[-21.5,+0.3,+9.2]mm |err|=23.4mm approach-axis tilt: achieved=+50.6deg commanded=+49.1deg (0=level) ori-err=5.6deg
[JOINT-LIMIT] left closest-to-limit: wrist_roll=1.2313 [-1.65,1.3] dist=0.0687rad
[JOINT-LIMIT] left grasp per-joint: shoulder_pitch=-1.485[-2.96,+2.96](1.475) shoulder_roll=+0.675[-0.26,+2.62](0.937) shoulder_yaw=-2.045[-2.96,+2.96](0.915) elbow_pitch=-0.869[-2.61,+0.26](1.129) elbow_yaw=-1.851[-2.96,+2.96](1.109) wrist_pitch=-0.482[-0.79,+1.05](0.303) wrist_roll=+1.231[-1.65,+1.30](0.069)
[GRASP-EXEC] GRIPPER: close at grasp pose (after arm motion, not at approach)
[GRASP-EXEC] gripper close: start=1% -> target=100%
[INFO] [1783324365.422202316] [XARM_manager]: [COMPLIANT-LEFT] n=200 hz=243.4 F=[+0.00,+0.00,+0.21]N disp=[-0.3,+0.2,+0.3]cm v=[+0.04,-0.03,-0.00]
[GRASP-EXEC] gripper close result: pos=90% status=3 ok=True
[INFO] [1783324366.000143139] [XARM_manager]: [COMPLIANT-LEFT] admittance loop stopped.
[GRASP-EXEC] ARM: rotate wrist away from table -20deg about waist Y before lift
[GRASP-EXEC] QP-Stream left -> table-clear (pure-pursuit): pos=0.0cm rot=20.0deg, lookahead=13cm @ 50Hz, pos_tol=2.0cm accept=2.5cm keep_ori=False
[GRASP-EXEC] ARM: lift after grasp
[GRASP-EXEC] QP-Stream left -> lift (pure-pursuit): pos=11.9cm rot=0.0deg, lookahead=13cm @ 50Hz, pos_tol=2.0cm accept=2.5cm keep_ori=True
[JOINT-LIMIT] left closest-to-limit: wrist_roll=1.2546 [-1.65,1.3] dist=0.0454rad
[JOINT-LIMIT] left lift per-joint: shoulder_pitch=-1.677[-2.96,+2.96](1.283) shoulder_roll=+0.718[-0.26,+2.62](0.980) shoulder_yaw=-1.985[-2.96,+2.96](0.975) elbow_pitch=-0.936[-2.61,+0.26](1.198) elbow_yaw=-1.835[-2.96,+2.96](1.125) wrist_pitch=-0.601[-0.79,+1.05](0.184) wrist_roll=+1.255[-1.65,+1.30](0.045)
[GRASP-EXEC] ELBOW-HIGH QP joint limits restored on endpose_single_arm_qp_L_controller (back to hard limits).
[GRASP-EXEC] ELBOW-HIGH: wrist guard margin restored to full.
[INFO] [1783324366.717198912] [XARM_manager]: Deactivated controllers: ['endpose_single_arm_qp_L_controller']
[GRASP-EXEC] elbow-high seed ready/left: clamped 1 joint(s) inward (margin 0.05rad): shoulder_yaw -2.964->-2.910 [-2.960,2.960]
[GRASP-EXEC] ELBOW-HIGH: returning via transition waypoint before home (bridges elbow-high -> elbow-low without a large sweep).
[GRASP-EXEC] ELBOW-HIGH: left -> transition(return) joints=['-1.452', '0.585', '-1.455', '-1.870', '0.746', '-0.142', '0.093']
[INFO] [1783324366.741112278] [XARM_manager]: Activated controllers: ['jointspace_arm_L_controller']
[INFO] [1783324366.742194081] [XARM_manager]: Sending goal to action server /jointspace_arm_L_controller/jointspace (attempt 1/3):
eai_manipulator_msgs.action.JointSpace_Goal(target_positions=[-1.4525, 0.5845, -1.455, -1.87, 0.7456999999999999, -0.14179999999999998, 0.09315])
[INFO] [1783324366.743754209] [XARM_manager]: Goal accepted. Waiting for result...
[INFO] [1783324369.427464923] [XARM_manager]: Action result received from /jointspace_arm_L_controller/jointspace
[INFO] [1783324369.427800486] [XARM_manager]: Action result: eai_manipulator_msgs.action.JointSpace_Result(success=True, result_msg='action finished')
[GRASP-EXEC] ELBOW-HIGH: transition(return) move result: eai_manipulator_msgs.action.JointSpace_Result(success=True, result_msg='action finished')
[GRASP-EXEC] PRE-HOME WAYPOINT: left -> joints=['0.000', '1.180', '0.000', '-1.300', '1.400', '-0.130', '0.180']
[INFO] [1783324369.431136371] [XARM_manager]: Sending goal to action server /jointspace_arm_L_controller/jointspace (attempt 1/3):
eai_manipulator_msgs.action.JointSpace_Goal(target_positions=[0.0, 1.18, 0.0, -1.3, 1.4, -0.13, 0.18])
[INFO] [1783324369.432473113] [XARM_manager]: Goal accepted. Waiting for result...
[INFO] [1783324371.290544860] [XARM_manager]: Action result received from /jointspace_arm_L_controller/jointspace
[INFO] [1783324371.290827752] [XARM_manager]: Action result: eai_manipulator_msgs.action.JointSpace_Result(success=True, result_msg='action finished')
[GRASP-EXEC] pre-home waypoint result: eai_manipulator_msgs.action.JointSpace_Result(success=True, result_msg='action finished')
[GRASP-EXEC] RETURN HOME: left -> joints=['0.000', '1.180', '0.000', '-1.300', '1.400', '-0.130', '0.180']
[INFO] [1783324371.293717117] [XARM_manager]: Sending goal to action server /jointspace_arm_L_controller/jointspace (attempt 1/3):
eai_manipulator_msgs.action.JointSpace_Goal(target_positions=[0.0, 1.18, 0.0, -1.3, 1.4, -0.13, 0.18])
[INFO] [1783324371.295076657] [XARM_manager]: Goal accepted. Waiting for result...
[INFO] [1783324371.299583511] [XARM_manager]: Action result received from /jointspace_arm_L_controller/jointspace
[INFO] [1783324371.299868591] [XARM_manager]: Action result: eai_manipulator_msgs.action.JointSpace_Result(success=True, result_msg='action finished')
[GRASP-EXEC] return home result: eai_manipulator_msgs.action.JointSpace_Result(success=True, result_msg='action finished')
{
  "arm": "left",
  "pipeline_version": "accelerated",
  "motion_strategy": "qp_all",
  "dry_run": false,
  "motion": {
    "detected_pose7": [
      0.20129530685669167,
      0.18600445602306181,
      -0.04508083537537384,
      0.005782206780520076,
      -0.731422185382926,
      -0.07043350116999339,
      0.6782531052102514
    ],
    "approach_pose7": [
      0.49435554400365583,
      0.33487085135866435,
      0.270135962367014,
      -0.13774908457923626,
      0.321430077261752,
      0.8475604155658617,
      0.39918571754875004
    ],
    "grasp_pose7": [
      0.4915812340843707,
      0.33487085135866435,
      0.17948606753603322,
      -0.13774908457923626,
      0.321430077261752,
      0.8475604155658617,
      0.39918571754875004
    ],
    "lift_pose7": [
      0.4915812340843707,
      0.33487085135866435,
      0.29948606753603324,
      -0.24719945578528663,
      0.26657600669188347,
      0.8223295552246994,
      0.437725672447499
    ],
    "pre_home_pose7": [
      0.3115812340843707,
      0.23487085135866434,
      0.34948606753603323,
      -0.24719945578528663,
      0.26657600669188347,
      0.8223295552246994,
      0.437725672447499
    ],
    "grasp_xyz_offset_m": [
      0.02,
      0.0,
      0.005
    ],
    "grasp_quat": [
      -0.13774908457923626,
      0.321430077261752,
      0.8475604155658617,
      0.39918571754875004
    ],
    "use_fixed_grasp_quat": true,
    "phase_backends": {
      "approach": "qp_stream",
      "grasp": "qp_stream",
      "lift": "qp_stream"
    },
    "joint_limits_used": {
      "shoulder_pitch": [
        -2.96,
        2.96
      ],
      "shoulder_roll": [
        -0.262,
        2.616
      ],
      "shoulder_yaw": [
        -2.96,
        2.96
      ],
      "elbow_pitch": [
        -2.61,
        0.261
      ],
      "elbow_yaw": [
        -2.96,
        2.96
      ],
      "wrist_pitch": [
        -0.785,
        1.05
      ],
      "wrist_roll": [
        -1.65,
        1.3
      ]
    },
    "elbow_high_proactive_used": true,
    "elbow_high_orientation": "seed",
    "approach_tcp_tracking": {
      "commanded_xyz": [
        0.49435554400365583,
        0.33487085135866435,
        0.270135962367014
      ],
      "achieved_xyz": [
        0.48025689162503615,
        0.32256942339870165,
        0.26510054673221733
      ],
      "error_mm": [
        -14.098652378619681,
        -12.301427959962696,
        -5.035415634796648
      ],
      "error_norm_mm": 19.37659772412239,
      "achieved_quat": [
        -0.13561060638231887,
        0.3341718048210857,
        0.84199426144566,
        0.4012289022388786
      ],
      "approach_axis_tilt_deg": 47.72101868027727,
      "commanded_approach_axis_tilt_deg": 49.061713876785966,
      "orientation_error_deg": 1.628993833847402
    },
    "approach_joint_limits": {
      "closest": {
        "joint": "wrist_roll",
        "value": 1.2036,
        "lower": -1.65,
        "upper": 1.3,
        "dist_to_limit": 0.0964,
        "nearest_side": "upper"
      },
      "breached": [],
      "margin_rad": 0.05
    },
    "compliant_insert": {
      "ok": true,
      "contact": true,
      "reason": "contact",
      "resist_n": 2.1092483543095106,
      "traveled_m": 0.014417433215117377,
      "planned_depth_m": 0.03265799891397151,
      "ft_topic": "/arm_6dof_left",
      "calib_path": "/home/ubuntu/niu/compliant_grasp_execute/ft_calibration/ft_calibration_left.json",
      "calib_present": true,
      "commanded_m": 0.045000000000000005,
      "throttle_events": 0,
      "contact_kind": "force"
    },
    "grasp_tcp_tracking": {
      "commanded_xyz": [
        0.4915812340843707,
        0.33487085135866435,
        0.17948606753603322
      ],
      "achieved_xyz": [
        0.47003221751268376,
        0.3351328751108911,
        0.18864409609411442
      ],
      "error_mm": [
        -21.549016571686952,
        0.262023752226781,
        9.158028558081204
      ],
      "error_norm_mm": 23.415769445486962,
      "achieved_quat": [
        -0.08946834682243508,
        0.3248704154240843,
        0.8511728316688215,
        0.4024418451502322
      ],
      "approach_axis_tilt_deg": 50.61586117837743,
      "commanded_approach_axis_tilt_deg": 49.061713876785966,
      "orientation_error_deg": 5.575069932567873
    },
    "grasp_joint_limits": {
      "closest": {
        "joint": "wrist_roll",
        "value": 1.2313,
        "lower": -1.65,
        "upper": 1.3,
        "dist_to_limit": 0.0687,
        "nearest_side": "upper"
      },
      "breached": [],
      "margin_rad": 0.05
    },
    "lift_joint_limits": {
      "closest": {
        "joint": "wrist_roll",
        "value": 1.2546,
        "lower": -1.65,
        "upper": 1.3,
        "dist_to_limit": 0.0454,
        "nearest_side": "upper"
      },
      "breached": [],
      "margin_rad": 0.05
    },
    "retract_ok": null,
    "return_home_ok": true,
    "released_on_finish_ok": null,
    "approach_ok": true,
    "grasp_ok": true,
    "lift_ok": true
  },
  "detection": {
    "class_name": "remote-control",
    "pose_head_roll_link": [
      0.7450365615823696,
      0.165914212590869,
      -0.18755847364548828,
      -0.37469253836689675,
      0.1794897087861588,
      0.8321566573413043,
      -0.3672931305845219
    ],
    "pose_tip_waist_yaw_link_rpy": {
      "x": 0.4654315137632886,
      "y": 0.1606840087793515,
      "z": -0.026454532672640863,
      "roll": 0.13211380509057977,
      "pitch": 0.0905460642990108,
      "yaw": -2.311369660751797
    },
    "pose_tip_used_for_tcp_conversion_rpy": {
      "x": 0.4654315137632886,
      "y": 0.1606840087793515,
      "z": -0.026454532672640863,
      "roll": 2.1340881534056497,
      "pitch": -1.4392802183333997,
      "yaw": -2.225749010834348
    },
    "pose_tcp_waist_yaw_link_rpy": {
      "x": 0.20129530685669167,
      "y": 0.18600445602306181,
      "z": -0.04508083537537384,
      "roll": 2.1340881534056497,
      "pitch": -1.4392802183333997,
      "yaw": -2.225749010834348
    },
    "pose_tcp_waist_yaw_link_pose7": [
      0.20129530685669167,
      0.18600445602306181,
      -0.04508083537537384,
      0.005782206780520076,
      -0.731422185382926,
      -0.07043350116999339,
      0.6782531052102514
    ],
    "current_tcp_pose7": [
      0.35169502058974983,
      -0.5952884444314068,
      0.27501907490442373,
      0.005782206780520076,
      -0.731422185382926,
      -0.07043350116999339,
      0.6782531052102514
    ],
    "tcp_minus_tip_waist_m": [
      -0.26413620690659695,
      0.025320447243710326,
      -0.01862630270273298
    ],
    "tcp_to_tip_offset_m": [
      0.0,
      0.0,
      -0.266
    ],
    "orientation_policy": "current",
    "use_current_tcp_rotation": true,
    "rotation_source_arm": "right",
    "bbox_2d": [
      407.74005126953125,
      361.57830810546875,
      571.7272338867188,
      513.7905883789062
    ],
    "bbox_3d": {
      "min": [
        0.7007227067002954,
        0.09087422933260689,
        -0.24182839931234187
      ],
      "max": [
        0.8028696110497648,
        0.24427006555787803,
        -0.13583229670179806
      ],
      "center": [
        0.7517961588750302,
        0.16757214744524246,
        -0.18883034800706996
      ],
      "size": [
        0.10214690434946949,
        0.15339583622527114,
        0.10599610261054382
      ]
    },
    "object_long_axis_waist": [
      -0.6719472389057595,
      -0.7350582966767363,
      -0.09042239000171101
    ],
    "object_long_axis_yaw_waist_deg": 47.56827354433713,
    "object_angle_from_waist_x_deg": 47.568273544337146
  },
  "gripper": {
    "open_ok": true,
    "close_ok": true,
    "final_pos_pct": 90.0,
    "backend": "modbus_rtu"
  },
  "ok": true
}
[GRASP-EXEC] saved result json: /tmp/grasp_exec.json
[GRASP-EXEC] saved handoff: /tmp/grasp_handoff.json (arm=left holding=True)


遥控器右上到左下斜放，没抓到。