[日志] 日志文件: logs/grasp/grasp_260706_162608.log
[日志] 执行命令: python3 -m compliant_grasp_execute.main
[INFO] [1783326369.070463210] [XARM_manager]: waiting for service /controller_manager/get_parameters to become available...
[INFO] [1783326369.329181681] [XARM_manager]: XARM_manager initialized, robot_type: tianyi2, run_type: real
[INFO] [1783326369.339208149] [XARM_manager]: 已订阅关节状态话题: /joint_states
[INFO] [1783326369.344993314] [XARM_manager]: 已订阅警告和错误信息话题: /manipulator/warn_and_error_info
[INFO] [1783326369.357340586] [XARM_manager]: /joint_action_report 服务已启动
[CONFIG] loaded 198 params from /home/ubuntu/niu/compliant_grasp_execute/config.yaml
[GRASP-EXEC] STARTUP: enabling arms and moving BOTH to home posture
[INFO] [1783326374.065237729] [XARM_manager]: Deactivated controllers: ['jointspace_arm_R_controller']
[GRASP-EXEC] STARTUP: left -> home joints=['0.000', '1.180', '0.000', '-1.300', '1.400', '-0.130', '0.180']
[INFO] [1783326374.088576712] [XARM_manager]: Activated controllers: ['jointspace_arm_L_controller']
[INFO] [1783326374.102893959] [XARM_manager]: Sending goal to action server /jointspace_arm_L_controller/jointspace (attempt 1/3):
eai_manipulator_msgs.action.JointSpace_Goal(target_positions=[0.0, 1.18, 0.0, -1.3, 1.4, -0.13, 0.18])
[INFO] [1783326374.104748906] [XARM_manager]: Goal accepted. Waiting for result...
[INFO] [1783326374.227424835] [XARM_manager]: Action result received from /jointspace_arm_L_controller/jointspace
[INFO] [1783326374.227677810] [XARM_manager]: Action result: eai_manipulator_msgs.action.JointSpace_Result(success=True, result_msg='action finished')
[GRASP-EXEC] STARTUP: right -> home joints=['0.000', '-1.180', '0.000', '-1.300', '-1.400', '-0.130', '0.180']
[INFO] [1783326374.236540448] [XARM_manager]: Activated controllers: ['jointspace_arm_R_controller']
[INFO] [1783326374.250096254] [XARM_manager]: Sending goal to action server /jointspace_arm_R_controller/jointspace (attempt 1/3):
eai_manipulator_msgs.action.JointSpace_Goal(target_positions=[0.0, -1.18, 0.0, -1.3, -1.4, -0.13, 0.18])
[INFO] [1783326374.252843655] [XARM_manager]: Goal accepted. Waiting for result...
[INFO] [1783326374.365084636] [XARM_manager]: Action result received from /jointspace_arm_R_controller/jointspace
[INFO] [1783326374.365392101] [XARM_manager]: Action result: eai_manipulator_msgs.action.JointSpace_Result(success=True, result_msg='action finished')
[GRASP-EXEC] STARTUP: activating both grippers (open/close cycle)
[robotiq_api] gripper already activated (gSTA==3); skip resetActivate()
[GRASP-EXEC] STARTUP: gripper 'left' activated
[robotiq_api] gripper already activated (gSTA==3); skip resetActivate()
[GRASP-EXEC] STARTUP: gripper 'right' activated
perception health check pass
[object_pose] RGB (720, 1280, 3), depth (720, 1280), valid-depth pixels: 906079/921600 (median valid depth 1.210 m)
[GRASP-EXEC] ARM-SELECT: object waist Y=-0.162m (y < boundary 0.000) -> 'right' arm
[GRASP-EXEC] diagonal schedule: angle-from-X=77.44650480501132deg -> tilt_scale=0.50, yaw_clamp=45.0deg (freed wrist_pitch, raised jaw alignment)
[GRASP-EXEC] applied grasp tilt +22.5deg about waist Y (tilt scale 1.00 x diag 0.50) -> quat=['0.3570', '0.4408', '-0.6186', '-0.5437']
[GRASP-EXEC] continuous orientation: object long-axis yaw -77.4deg (angle-from-X 77.4deg); applied continuous yaw -45.0deg about waist Z (gain=1.00, clamp +/-45deg) -> quat=['0.4985', '0.2706', '-0.3634', '-0.7391']
[GRASP-EXEC] recomputed TCP along final quat: detected_tcp_xyz=['0.2665', '-0.1363', '-0.0448'] -> consistent_tcp_xyz=['0.3279', '-0.0180', '0.0687']
[GRASP-EXEC] approach lateral clamp: approach Y +0.0468 -> -0.0180 (= grasp Y); tool_z outboard component would have pushed the standoff further from center than the grasp, which folds the elbow into its stop at far-outboard reaches.
[GRASP-EXEC] approach along grasp axis: dist=0.120m tool_z=[-0.762,0.540,0.357] approach_xyz=['0.2564', '-0.0180', '0.1165']
[GRASP-EXEC] applied lift tilt -15.0deg about waist Y -> lift quat=['0.5416', '0.3648', '-0.2953', '-0.6974']
[GRASP-EXEC] detected class=remote-control detected_pose7=['0.2665', '-0.1363', '-0.0448', '0.0057', '-0.7315', '-0.0705', '0.6782'] -> motion grasp_pose7=['0.3479', '-0.0180', '0.0737', '0.4985', '0.2706', '-0.3634', '-0.7391']
[INFO] [1783326378.006193462] [XARM_manager]: Deactivated controllers: ['jointspace_arm_L_controller', 'jointspace_arm_R_controller']
[GRASP-EXEC] arms enabled (mode 3) [took 0.02s]
[JOINT-LIMIT] right: using live controller limits from endpose_single_arm_qp_R_controller
[GRASP-EXEC] joint-limit guard ON (margin 0.050 rad) arm=right
[GRASP-EXEC] gripper: connecting in background (overlaps arm enable + approach to hide the slow serial open; --no-gripper-async-connect for the old blocking behaviour)
[GRASP-EXEC] ARM: approach via qp_stream
[GRASP-EXEC] ELBOW-HIGH (proactive): object long axis ~parallel to body (angle-from-X=77.44650480501132 >= 45.0deg); the elbow-high seed's fore-aft jaws match a parallel object's short axis; reconfiguring to elbow-high seed before approach.
[GRASP-EXEC] elbow-high seed ready/right: clamped 1 joint(s) inward (margin 0.05rad): shoulder_yaw +2.964->+2.910 [-2.960,2.960]
[GRASP-EXEC] ELBOW-HIGH: reconfiguring right arm into elbow-high seed (jointspace, via transition waypoint). NOTE: jointspace moves run at the controller's own speed; watch the first reconfiguration for table/body clearance.
[GRASP-EXEC] gripper: arm='right' -> stable by-id port /dev/serial/by-id/usb-FTDI_FT231X_USB_UART_D30JLK40-if00-port0
[GRASP-EXEC] ELBOW-HIGH: right -> transition joints=['-1.452', '-0.585', '1.455', '-1.870', '-0.746', '-0.142', '0.087']
[INFO] [1783326378.052578213] [XARM_manager]: Activated controllers: ['jointspace_arm_R_controller']
[INFO] [1783326378.053660926] [XARM_manager]: Sending goal to action server /jointspace_arm_R_controller/jointspace (attempt 1/3):
eai_manipulator_msgs.action.JointSpace_Goal(target_positions=[-1.4525, -0.5845, 1.455, -1.87, -0.7456999999999999, -0.14179999999999998, 0.08685])
[INFO] [1783326378.059454607] [XARM_manager]: Goal accepted. Waiting for result...
[robotiq_api] gripper already activated (gSTA==3); skip resetActivate()
[GRASP-EXEC] gripper: cached serial port /dev/serial/by-id/usb-FTDI_FT231X_USB_UART_D30JLK40-if00-port0 -> /tmp/robotiq_gripper_port.txt
[GRASP-EXEC] gripper controller ready: backend=modbus_rtu port=auto slave=9 (wait_timeout=8.0s) [connect took 0.05s]
[INFO] [1783326379.920743650] [XARM_manager]: Action result received from /jointspace_arm_R_controller/jointspace
[INFO] [1783326379.921204342] [XARM_manager]: Action result: eai_manipulator_msgs.action.JointSpace_Result(success=True, result_msg='action finished')
[GRASP-EXEC] ELBOW-HIGH: transition move result: eai_manipulator_msgs.action.JointSpace_Result(success=True, result_msg='action finished')
[GRASP-EXEC] ELBOW-HIGH: right -> ready joints=['-2.905', '0.011', '2.910', '-2.440', '-0.091', '-0.154', '-0.006']
[INFO] [1783326379.924696994] [XARM_manager]: Sending goal to action server /jointspace_arm_R_controller/jointspace (attempt 1/3):
eai_manipulator_msgs.action.JointSpace_Goal(target_positions=[-2.905, 0.011, 2.91, -2.44, -0.0914, -0.1536, -0.0063])
[INFO] [1783326379.926058822] [XARM_manager]: Goal accepted. Waiting for result...
[INFO] [1783326381.782250762] [XARM_manager]: Action result received from /jointspace_arm_R_controller/jointspace
[INFO] [1783326381.782513629] [XARM_manager]: Action result: eai_manipulator_msgs.action.JointSpace_Result(success=True, result_msg='action finished')
[GRASP-EXEC] ELBOW-HIGH: ready move result: eai_manipulator_msgs.action.JointSpace_Result(success=True, result_msg='action finished')
[JOINT-LIMIT] right closest-to-limit: shoulder_pitch=-2.7906 [-2.96,2.96] dist=0.1694rad
[GRASP-EXEC] continuous orientation: object long-axis yaw -77.4deg (angle-from-X 77.4deg); applied continuous yaw +2.5deg about waist Z (gain=1.00, clamp +/-90deg) [top-down jaw-align: base jaw heading -170.0deg -> short-axis +12.6deg] -> quat=['-0.2113', '-0.2821', '0.9206', '-0.1681']
[GRASP-EXEC] recomputed TCP along final quat: detected_tcp_xyz=['0.2665', '-0.1363', '-0.0448'] -> consistent_tcp_xyz=['0.4524', '-0.3188', '0.1738']
[GRASP-EXEC] approach lateral clamp: approach Y -0.3896 -> -0.3188 (= grasp Y); tool_z outboard component would have pushed the standoff further from center than the grasp, which folds the elbow into its stop at far-outboard reaches.
[GRASP-EXEC] approach along grasp axis: dist=0.120m tool_z=[-0.294,-0.590,0.752] approach_xyz=['0.4371', '-0.3188', '0.2690']
[GRASP-EXEC] applied lift tilt -15.0deg about waist Y -> lift quat=['-0.3296', '-0.2578', '0.8852', '-0.2034']
[GRASP-EXEC] ELBOW-HIGH: using SEED grasp orientation (proactive); rebuilt grasp/approach/lift poses. The seed-anchored mode keeps the orientation the arm is already in, so the approach only translates and the wrist stays in range.
[GRASP-EXEC] ELBOW-HIGH QP joint window set on endpose_single_arm_qp_R_controller (flex 0.40rad, drop 0.15rad): shoulder_pitch[-2.96,-2.64], shoulder_roll[-0.54,0.01], shoulder_yaw[2.41,2.96], elbow_pitch[-2.61,-2.14], elbow_yaw[-0.55,-0.00]. Asymmetric: tight on the drop side so the elbow is actually held high; loose on the flex side so the arm can still reach.
[GRASP-EXEC] ELBOW-HIGH: wrist guard margin relaxed to 0.010rad (from 0.050) so the nose-down grasp can reach wrist_pitch~-0.71 (still inside the -0.785 stop). Other joints keep the full margin.
[INFO] [1783326381.804209861] [XARM_manager]: Deactivated controllers: ['jointspace_arm_R_controller']
[INFO] [1783326381.814094465] [XARM_manager]: Activated controllers: ['endpose_single_arm_qp_R_controller']
[GRASP-EXEC] QP-Stream right -> approach (pure-pursuit): pos=33.0cm rot=13.9deg, lookahead=13cm @ 50Hz, pos_tol=2.0cm accept=2.5cm keep_ori=False
[GRASP-EXEC] approach TCP tracking: commanded=[0.4371,-0.3188,0.2690] achieved=[0.4291,-0.3169,0.2509] err=[-8.0,+1.8,-18.0]mm |err|=19.8mm approach-axis tilt: achieved=+52.1deg commanded=+48.7deg (0=level) ori-err=4.2deg
[JOINT-LIMIT] right closest-to-limit: wrist_pitch=-0.7214 [-0.785,1.05] dist=0.0636rad
[JOINT-LIMIT] right approach per-joint: shoulder_pitch=-1.736[-2.96,+2.96](1.224) shoulder_roll=-0.952[-2.62,+0.26](1.214) shoulder_yaw=+2.083[-2.96,+2.96](0.877) elbow_pitch=-1.443[-2.61,+0.26](1.167) elbow_yaw=+1.142[-2.96,+2.96](1.818) wrist_pitch=-0.721[-0.79,+1.05](0.064) wrist_roll=-0.317[-1.30,+1.65](0.983)
[GRASP-EXEC] GRIPPER: open (after approach, before grasp insert)
[GRASP-EXEC] gripper open: start=91% -> target=0%
[GRASP-EXEC] gripper open result: pos=1% status=3 ok=True
[GRASP-EXEC] ARM: HYBRID pre-descent (position QP-stream) -> 5.4cm, leaving final 3.0cm for F/T compliant descend-to-contact
[GRASP-EXEC] QP-Stream right -> pre-grasp (pure-pursuit): pos=5.7cm rot=0.0deg, lookahead=8cm @ 50Hz, pos_tol=1.0cm accept=2.5cm keep_ori=True
[GRASP-EXEC] ARM: COMPLIANT insert to grasp pose (F/T admittance descend-to-contact)
[INFO] [1783326387.415048078] [XARM_manager]: [COMPLIANT-RIGHT] Loaded F/T calibration from /home/ubuntu/niu/compliant_grasp_execute/ft_calibration/ft_calibration_right.json
[INFO] [1783326387.436940325] [XARM_manager]: [COMPLIANT-RIGHT] target set: p=[0.44977342334671877, -0.319822175973633, 0.19814169354776354] q=[-0.1746861886618576, -0.2731832414421321, 0.9303371494237854, -0.1712554830888307]
[INFO] [1783326387.437614643] [XARM_manager]: [COMPLIANT-RIGHT] seeded QP target at captured pose (z=+0.1981).
[INFO] [1783326387.438176725] [XARM_manager]: [COMPLIANT-RIGHT] admittance loop starting (calibrating force offset; keep hands off the arm briefly)...
[INFO] [1783326387.766784634] [XARM_manager]: [COMPLIANT-RIGHT] runtime offset calibrated. p_ref=[0.44977342334671877, -0.319822175973633, 0.19814169354776354], ready.
[COMPLIANT-INSERT] runtime force-offset calibrated in 0.35s
[INFO] [1783326387.784322070] [XARM_manager]: [COMPLIANT-RIGHT] gains updated: B=[3.9597979746446663, 5.6, 3.9597979746446663] K=[20.0, 40.0, 20.0] B_rot=[0.5, 0.5, 0.5] K_rot=[0.0, 0.0, 0.0]
[COMPLIANT-INSERT] insertion dir=[+0.76,+0.04,-0.65] planned_depth=3.0cm soft_axes=xz K=[20.0, 40.0, 20.0] B=[3.96, 5.6, 3.96] contact_thresh=1.5N
[INFO] [1783326388.594887564] [XARM_manager]: [COMPLIANT-RIGHT] n=200 hz=242.4 F=[-0.62,+0.00,+0.00]N disp=[-3.0,-0.1,+2.5]cm v=[+0.11,+0.01,-0.13]
[INFO] [1783326388.669364283] [XARM_manager]: [COMPLIANT-RIGHT] gains updated: B=[10.844353369380768, 10.844353369380768, 10.844353369380768] K=[150.0, 150.0, 150.0] B_rot=[0.5, 0.5, 0.5] K_rot=[0.0, 0.0, 0.0]
[INFO] [1783326388.669893405] [XARM_manager]: [COMPLIANT-RIGHT] target set: p=[0.45782974126195114, -0.3190144476950184, 0.18957312200683457] q=[-0.1746861886618576, -0.2731832414421321, 0.9303371494237854, -0.1712554830888307]
[COMPLIANT-INSERT] CONTACT (force) at tcp_drop 1.2cm (resist 1.7N, thresh 1.5N); holding compliant for gripper close
[GRASP-EXEC] grasp TCP tracking: commanded=[0.4724,-0.3188,0.1788] achieved=[0.4597,-0.3183,0.1905] err=[-12.7,+0.4,+11.7]mm |err|=17.3mm approach-axis tilt: achieved=+51.5deg commanded=+48.7deg (0=level) ori-err=4.5deg
[JOINT-LIMIT] right closest-to-limit: wrist_pitch=-0.7578 [-0.785,1.05] dist=0.0272rad
[JOINT-LIMIT] right grasp per-joint: shoulder_pitch=-1.409[-2.96,+2.96](1.551) shoulder_roll=-0.837[-2.62,+0.26](1.099) shoulder_yaw=+1.784[-2.96,+2.96](1.176) elbow_pitch=-1.180[-2.61,+0.26](1.430) elbow_yaw=+1.372[-2.96,+2.96](1.588) wrist_pitch=-0.758[-0.79,+1.05](0.027) wrist_roll=-0.440[-1.30,+1.65](0.860)
[GRASP-EXEC] GRIPPER: close at grasp pose (after arm motion, not at approach)
[GRASP-EXEC] gripper close: start=1% -> target=100%
[INFO] [1783326389.424620504] [XARM_manager]: [COMPLIANT-RIGHT] n=400 hz=241.7 F=[+0.00,+0.00,+0.79]N disp=[+0.1,-0.0,+0.5]cm v=[-0.01,+0.00,+0.01]
[GRASP-EXEC] gripper close result: pos=90% status=3 ok=True
[INFO] [1783326389.903807342] [XARM_manager]: [COMPLIANT-RIGHT] admittance loop stopped.
[GRASP-EXEC] ARM: rotate wrist away from table -20deg about waist Y before lift
[GRASP-EXEC] QP-Stream right -> table-clear (pure-pursuit): pos=0.0cm rot=20.0deg, lookahead=13cm @ 50Hz, pos_tol=2.0cm accept=2.5cm keep_ori=False
[GRASP-EXEC] ARM: lift after grasp
[GRASP-EXEC] QP-Stream right -> lift (pure-pursuit): pos=10.3cm rot=0.0deg, lookahead=13cm @ 50Hz, pos_tol=2.0cm accept=2.5cm keep_ori=True
[JOINT-LIMIT] right closest-to-limit: wrist_pitch=-0.7532 [-0.785,1.05] dist=0.0318rad
[JOINT-LIMIT] right lift per-joint: shoulder_pitch=-1.697[-2.96,+2.96](1.263) shoulder_roll=-0.852[-2.62,+0.26](1.113) shoulder_yaw=+1.923[-2.96,+2.96](1.037) elbow_pitch=-1.230[-2.61,+0.26](1.380) elbow_yaw=+1.197[-2.96,+2.96](1.763) wrist_pitch=-0.753[-0.79,+1.05](0.032) wrist_roll=-0.442[-1.30,+1.65](0.858)
[GRASP-EXEC] ELBOW-HIGH QP joint limits restored on endpose_single_arm_qp_R_controller (back to hard limits).
[GRASP-EXEC] ELBOW-HIGH: wrist guard margin restored to full.
[INFO] [1783326390.590422951] [XARM_manager]: Deactivated controllers: ['endpose_single_arm_qp_R_controller']
[GRASP-EXEC] elbow-high seed ready/right: clamped 1 joint(s) inward (margin 0.05rad): shoulder_yaw +2.964->+2.910 [-2.960,2.960]
[GRASP-EXEC] ELBOW-HIGH: returning via transition waypoint before home (bridges elbow-high -> elbow-low without a large sweep).
[GRASP-EXEC] ELBOW-HIGH: right -> transition(return) joints=['-1.452', '-0.585', '1.455', '-1.870', '-0.746', '-0.142', '0.087']
[INFO] [1783326390.609652227] [XARM_manager]: Activated controllers: ['jointspace_arm_R_controller']
[INFO] [1783326390.610535937] [XARM_manager]: Sending goal to action server /jointspace_arm_R_controller/jointspace (attempt 1/3):
eai_manipulator_msgs.action.JointSpace_Goal(target_positions=[-1.4525, -0.5845, 1.455, -1.87, -0.7456999999999999, -0.14179999999999998, 0.08685])
[INFO] [1783326390.612106900] [XARM_manager]: Goal accepted. Waiting for result...
[INFO] [1783326392.829692201] [XARM_manager]: Action result received from /jointspace_arm_R_controller/jointspace
[INFO] [1783326392.830213794] [XARM_manager]: Action result: eai_manipulator_msgs.action.JointSpace_Result(success=True, result_msg='action finished')
[GRASP-EXEC] ELBOW-HIGH: transition(return) move result: eai_manipulator_msgs.action.JointSpace_Result(success=True, result_msg='action finished')
[GRASP-EXEC] PRE-HOME WAYPOINT: right -> joints=['0.000', '-1.180', '0.000', '-1.300', '-1.400', '-0.130', '0.180']
[INFO] [1783326392.833306030] [XARM_manager]: Sending goal to action server /jointspace_arm_R_controller/jointspace (attempt 1/3):
eai_manipulator_msgs.action.JointSpace_Goal(target_positions=[0.0, -1.18, 0.0, -1.3, -1.4, -0.13, 0.18])
[INFO] [1783326392.834714441] [XARM_manager]: Goal accepted. Waiting for result...
[INFO] [1783326394.690556666] [XARM_manager]: Action result received from /jointspace_arm_R_controller/jointspace
[INFO] [1783326394.690827815] [XARM_manager]: Action result: eai_manipulator_msgs.action.JointSpace_Result(success=True, result_msg='action finished')
[GRASP-EXEC] pre-home waypoint result: eai_manipulator_msgs.action.JointSpace_Result(success=True, result_msg='action finished')
[GRASP-EXEC] RETURN HOME: right -> joints=['0.000', '-1.180', '0.000', '-1.300', '-1.400', '-0.130', '0.180']
[INFO] [1783326394.694792334] [XARM_manager]: Sending goal to action server /jointspace_arm_R_controller/jointspace (attempt 1/3):
eai_manipulator_msgs.action.JointSpace_Goal(target_positions=[0.0, -1.18, 0.0, -1.3, -1.4, -0.13, 0.18])
[INFO] [1783326394.695720502] [XARM_manager]: Goal accepted. Waiting for result...
[INFO] [1783326394.698253308] [XARM_manager]: Action result received from /jointspace_arm_R_controller/jointspace
[INFO] [1783326394.698518634] [XARM_manager]: Action result: eai_manipulator_msgs.action.JointSpace_Result(success=True, result_msg='action finished')
[GRASP-EXEC] return home result: eai_manipulator_msgs.action.JointSpace_Result(success=True, result_msg='action finished')
{
  "arm": "right",
  "pipeline_version": "accelerated",
  "motion_strategy": "qp_all",
  "dry_run": false,
  "motion": {
    "detected_pose7": [
      0.2665240859140219,
      -0.13632766780344968,
      -0.044800973548008674,
      0.005663758864536693,
      -0.7315006206588108,
      -0.07046756657984406,
      0.6781659722159571
    ],
    "approach_pose7": [
      0.43709860638209785,
      -0.3187764527760215,
      0.26897374659546647,
      -0.21127713702797965,
      -0.28213505797825283,
      0.9206072659287828,
      -0.16805963925939996
    ],
    "grasp_pose7": [
      0.472399666719618,
      -0.3187764527760215,
      0.1787909192925381,
      -0.21127713702797965,
      -0.28213505797825283,
      0.9206072659287828,
      -0.16805963925939996
    ],
    "lift_pose7": [
      0.472399666719618,
      -0.3187764527760215,
      0.2987909192925381,
      -0.3296329927839573,
      -0.25778516866753587,
      0.8851541429490685,
      -0.2034478805577532
    ],
    "pre_home_pose7": [
      0.29239966671961803,
      -0.4187764527760215,
      0.3487909192925381,
      -0.3296329927839573,
      -0.25778516866753587,
      0.8851541429490685,
      -0.2034478805577532
    ],
    "grasp_xyz_offset_m": [
      0.02,
      0.0,
      0.005
    ],
    "grasp_quat": [
      -0.21127713702797965,
      -0.28213505797825283,
      0.9206072659287828,
      -0.16805963925939996
    ],
    "use_fixed_grasp_quat": true,
    "phase_backends": {
      "approach": "qp_stream",
      "grasp": "qp_stream",
      "lift": "qp_stream"
    },
    "joint_limits_used": {
      "shoulder_pitch": [
        -2.96,
        2.96
      ],
      "shoulder_roll": [
        -2.616,
        0.262
      ],
      "shoulder_yaw": [
        -2.96,
        2.96
      ],
      "elbow_pitch": [
        -2.61,
        0.261
      ],
      "elbow_yaw": [
        -2.96,
        2.96
      ],
      "wrist_pitch": [
        -0.785,
        1.05
      ],
      "wrist_roll": [
        -1.3,
        1.65
      ]
    },
    "elbow_high_proactive_used": true,
    "elbow_high_orientation": "seed",
    "approach_tcp_tracking": {
      "commanded_xyz": [
        0.43709860638209785,
        -0.3187764527760215,
        0.26897374659546647
      ],
      "achieved_xyz": [
        0.4290525239880821,
        -0.31694563410228005,
        0.250924350919679
      ],
      "error_mm": [
        -8.046082394015775,
        1.8308186737414633,
        -18.04939567578745
      ],
      "error_norm_mm": 19.84620928964889,
      "achieved_quat": [
        -0.17787981130385228,
        -0.27156027727773446,
        0.9300043852919468,
        -0.17235321834272196
      ],
      "approach_axis_tilt_deg": 52.11338585634322,
      "commanded_approach_axis_tilt_deg": 48.722526336446826,
      "orientation_error_deg": 4.185489183996559
    },
    "approach_joint_limits": {
      "closest": {
        "joint": "wrist_pitch",
        "value": -0.7214,
        "lower": -0.785,
        "upper": 1.05,
        "dist_to_limit": 0.0636,
        "nearest_side": "lower"
      },
      "breached": [],
      "margin_rad": 0.05
    },
    "compliant_insert": {
      "ok": true,
      "contact": true,
      "reason": "contact",
      "resist_n": 1.7098668779781712,
      "traveled_m": 0.01171291614515374,
      "planned_depth_m": 0.02979081889529702,
      "ft_topic": "/arm_6dof_right",
      "calib_path": "/home/ubuntu/niu/compliant_grasp_execute/ft_calibration/ft_calibration_right.json",
      "calib_present": true,
      "commanded_m": 0.04979081889529702,
      "throttle_events": 0,
      "contact_kind": "force"
    },
    "grasp_tcp_tracking": {
      "commanded_xyz": [
        0.472399666719618,
        -0.3187764527760215,
        0.1787909192925381
      ],
      "achieved_xyz": [
        0.4596903292892953,
        -0.31834897675159685,
        0.19050840259931062
      ],
      "error_mm": [
        -12.709337430322709,
        0.4274760244246667,
        11.717483306772525
      ],
      "error_norm_mm": 17.291888523633055,
      "achieved_quat": [
        -0.1728840844828006,
        -0.2803899880812727,
        0.9279868795611067,
        -0.1741634269264577
      ],
      "approach_axis_tilt_deg": 51.53470639752067,
      "commanded_approach_axis_tilt_deg": 48.722526336446826,
      "orientation_error_deg": 4.539029089921797
    },
    "grasp_joint_limits": {
      "closest": {
        "joint": "wrist_pitch",
        "value": -0.7578,
        "lower": -0.785,
        "upper": 1.05,
        "dist_to_limit": 0.0272,
        "nearest_side": "lower"
      },
      "breached": [],
      "margin_rad": 0.05
    },
    "lift_joint_limits": {
      "closest": {
        "joint": "wrist_pitch",
        "value": -0.7532,
        "lower": -0.785,
        "upper": 1.05,
        "dist_to_limit": 0.0318,
        "nearest_side": "lower"
      },
      "breached": [],
      "margin_rad": 0.05
    },
    "retract_ok": null,
    "return_home_ok": true,
    "released_on_finish_ok": null,
    "approach_ok": true,
    "grasp_ok": true,
    "lift_ok": true
  },
  "detection": {
    "class_name": "remote-control",
    "pose_head_roll_link": [
      0.7977601388569134,
      -0.15609526335791918,
      -0.1418315433373974,
      -0.31593102243667526,
      -0.22846113067851628,
      0.7196542084656989,
      0.5745353958363393
    ],
    "pose_tip_waist_yaw_link_rpy": {
      "x": 0.5306503504677877,
      "y": -0.16170731308468964,
      "z": -0.02611434789561984,
      "roll": -0.09287149040180448,
      "pitch": 0.05423435224824891,
      "yaw": 1.7898961505807365
    },
    "pose_tip_used_for_tcp_conversion_rpy": {
      "x": 0.5306503504677877,
      "y": -0.16170731308468964,
      "z": -0.02611434789561984,
      "roll": 2.1359601240491575,
      "pitch": -1.439243786628425,
      "yaw": -2.227837473110175
    },
    "pose_tcp_waist_yaw_link_rpy": {
      "x": 0.2665240859140219,
      "y": -0.13632766780344968,
      "z": -0.044800973548008674,
      "roll": 2.1359601240491575,
      "pitch": -1.439243786628425,
      "yaw": -2.227837473110175
    },
    "pose_tcp_waist_yaw_link_pose7": [
      0.2665240859140219,
      -0.13632766780344968,
      -0.044800973548008674,
      0.005663758864536693,
      -0.7315006206588108,
      -0.07046756657984406,
      0.6781659722159571
    ],
    "current_tcp_pose7": [
      0.35168226611049447,
      -0.5953124959212603,
      0.27502442369417657,
      0.005663758864536693,
      -0.7315006206588108,
      -0.07046756657984406,
      0.6781659722159571
    ],
    "tcp_minus_tip_waist_m": [
      -0.26412626455376587,
      0.025379645281239954,
      -0.018686625652388836
    ],
    "tcp_to_tip_offset_m": [
      0.0,
      0.0,
      -0.266
    ],
    "orientation_policy": "current",
    "use_current_tcp_rotation": true,
    "rotation_source_arm": "right",
    "bbox_2d": [
      699.3597412109375,
      346.3015441894531,
      898.3474731445312,
      420.7455139160156
    ],
    "bbox_3d": {
      "min": [
        0.7725695099863281,
        -0.24670031796755673,
        -0.1758302045160607
      ],
      "max": [
        0.8353934375944914,
        -0.06849881779086836,
        -0.1143292729430023
      ],
      "center": [
        0.8039814737904097,
        -0.15759956787921253,
        -0.1450797387295315
      ],
      "size": [
        0.06282392760816324,
        0.17820150017668837,
        0.061500931573058415
      ]
    },
    "object_long_axis_waist": [
      -0.2170314790653908,
      0.974658327249137,
      -0.054207768987514116
    ],
    "object_long_axis_yaw_waist_deg": -77.44650480501132,
    "object_angle_from_waist_x_deg": 77.44650480501132
  },
  "gripper": {
    "open_ok": true,
    "close_ok": true,
    "final_pos_pct": 90.0,
    "backend": "modbus_rtu"
  },
  "ok": true
}
[GRASP-EXEC] saved result json: /tmp/grasp_exec.json
[GRASP-EXEC] saved handoff: /tmp/grasp_handoff.json (arm=right holding=True)
