[日志] 日志文件: logs/grasp/grasp_260708_134407.log
[日志] 执行命令: python3 -m compliant_grasp_execute.main
[INFO] [1783489447.933095917] [XARM_manager]: waiting for service /controller_manager/get_parameters to become available...
[INFO] [1783489448.189235710] [XARM_manager]: XARM_manager initialized, robot_type: tianyi2, run_type: real
[INFO] [1783489448.196243165] [XARM_manager]: 已订阅关节状态话题: /joint_states
[INFO] [1783489448.201294352] [XARM_manager]: 已订阅警告和错误信息话题: /manipulator/warn_and_error_info
[INFO] [1783489448.213203675] [XARM_manager]: /joint_action_report 服务已启动
[CONFIG] loaded 201 params from /home/ubuntu/niu/compliant_grasp_execute/config.yaml
[GRASP-EXEC] STARTUP: enabling arms and moving BOTH to home posture
[INFO] [1783489453.488777876] [XARM_manager]: Deactivated controllers: ['jointspace_arm_R_controller']
[GRASP-EXEC] STARTUP: left -> home joints=['0.844', '0.026', '-0.006', '-2.216', '-1.529', '0.250', '0.683']
[INFO] [1783489454.873140185] [XARM_manager]: Activated controllers: ['jointspace_arm_L_controller']
[INFO] [1783489454.889482707] [XARM_manager]: Sending goal to action server /jointspace_arm_L_controller/jointspace (attempt 1/3):
eai_manipulator_msgs.action.JointSpace_Goal(target_positions=[0.844, 0.026, -0.006, -2.216, -1.529, 0.25, 0.683])
[INFO] [1783489454.890875612] [XARM_manager]: Goal accepted. Waiting for result...
[INFO] [1783489455.345107224] [XARM_manager]: Action result received from /jointspace_arm_L_controller/jointspace
[INFO] [1783489455.345381699] [XARM_manager]: Action result: eai_manipulator_msgs.action.JointSpace_Result(success=True, result_msg='action finished')
[GRASP-EXEC] STARTUP: right -> home joints=['0.844', '-0.026', '0.006', '-2.216', '1.529', '0.250', '-0.683']
[INFO] [1783489455.354920279] [XARM_manager]: Activated controllers: ['jointspace_arm_R_controller']
[INFO] [1783489455.369568057] [XARM_manager]: Sending goal to action server /jointspace_arm_R_controller/jointspace (attempt 1/3):
eai_manipulator_msgs.action.JointSpace_Goal(target_positions=[0.844, -0.026, 0.006, -2.216, 1.529, 0.25, -0.683])
[INFO] [1783489455.371382587] [XARM_manager]: Goal accepted. Waiting for result...
[INFO] [1783489455.938613197] [XARM_manager]: Action result received from /jointspace_arm_R_controller/jointspace
[INFO] [1783489455.938879351] [XARM_manager]: Action result: eai_manipulator_msgs.action.JointSpace_Result(success=True, result_msg='action finished')
[GRASP-EXEC] STARTUP: activating both grippers (open/close cycle)
[robotiq_api] gripper already activated (gSTA==3); skip resetActivate()
[GRASP-EXEC] STARTUP: gripper 'left' activated
[robotiq_api] gripper already activated (gSTA==3); skip resetActivate()
[GRASP-EXEC] STARTUP: gripper 'right' activated
perception health check pass
[object_pose] RGB (720, 1280, 3), depth (720, 1280), valid-depth pixels: 853613/921600 (median valid depth 1.186 m)
[WARN] [1783489460.882697274] [XARM_manager]: TF查找超时: waist_yaw_link <- head_roll_link, 超时2.0s
[GRASP-EXEC] ARM-SELECT: object waist Y=+0.170m (y >= boundary 0.000) -> 'left' arm
[GRASP-EXEC] applied grasp tilt +45.0deg about waist Y -> quat=['-0.2294', '0.3262', '0.6764', '-0.6193']
[GRASP-EXEC] continuous orientation: object long-axis yaw +5.3deg (angle-from-X 5.3deg); applied continuous yaw +5.3deg about waist Z (gain=1.00, clamp +/-15deg) -> quat=['-0.2444', '0.3152', '0.6467', '-0.6502']
[GRASP-EXEC] recomputed TCP along final quat: detected_tcp_xyz=['0.4222', '0.2165', '-0.2629'] -> consistent_tcp_xyz=['0.4577', '0.1934', '0.0460']
[GRASP-EXEC] approach lateral clamp: approach Y +0.2042 -> +0.1934 (= grasp Y); tool_z outboard component would have pushed the standoff further from center than the grasp, which folds the elbow into its stop at far-outboard reaches.
[GRASP-EXEC] approach along grasp axis: dist=0.120m tool_z=[-0.726,0.090,0.682] approach_xyz=['0.4106', '0.1934', '0.1328']
[GRASP-EXEC] applied lift tilt -15.0deg about waist Y -> lift quat=['-0.3267', '0.3973', '0.6093', '-0.6035']
[GRASP-EXEC] detected class=remote-control detected_pose7=['0.4222', '0.2165', '-0.2629', '0.6946', '0.5071', '-0.3430', '-0.3776'] -> motion grasp_pose7=['0.4977', '0.1934', '0.0510', '-0.2444', '0.3152', '0.6467', '-0.6502']
[INFO] [1783489461.399145181] [XARM_manager]: Deactivated controllers: ['jointspace_arm_L_controller', 'jointspace_arm_R_controller']
[GRASP-EXEC] arms enabled (mode 3) [took 0.02s]
[JOINT-LIMIT] left: using live controller limits from endpose_single_arm_qp_L_controller
[GRASP-EXEC] joint-limit guard ON (margin 0.050 rad) arm=left
[GRASP-EXEC] gripper: connecting in background (overlaps arm enable + approach to hide the slow serial open; --no-gripper-async-connect for the old blocking behaviour)
[GRASP-EXEC] ARM: approach via qp_stream
[GRASP-EXEC] gripper: arm='left' -> stable by-id port /dev/serial/by-id/usb-FTDI_FT231X_USB_UART_DU0E2IPR-if00-port0
[INFO] [1783489461.440377687] [XARM_manager]: Activated controllers: ['endpose_single_arm_qp_L_controller']
[GRASP-EXEC] QP-Stream left -> approach (pure-pursuit): pos=30.2cm rot=74.3deg, lookahead=13cm @ 50Hz, pos_tol=2.0cm accept=2.5cm keep_ori=False
[robotiq_api] gripper already activated (gSTA==3); skip resetActivate()
[GRASP-EXEC] gripper: cached serial port /dev/serial/by-id/usb-FTDI_FT231X_USB_UART_DU0E2IPR-if00-port0 -> /tmp/robotiq_gripper_port.txt
[GRASP-EXEC] gripper controller ready: backend=modbus_rtu port=auto slave=9 (wait_timeout=8.0s) [connect took 0.04s]
[GRASP-EXEC] approach TCP tracking: commanded=[0.4106,0.1934,0.1328] achieved=[0.4139,0.1904,0.1516] err=[+3.2,-3.0,+18.8]mm |err|=19.3mm approach-axis tilt: achieved=+38.8deg commanded=+43.0deg (0=level) ori-err=6.0deg
[JOINT-LIMIT] left closest-to-limit: wrist_pitch=0.7317 [-0.785,1.05] dist=0.3183rad
[JOINT-LIMIT] left approach per-joint: shoulder_pitch=-0.489[-2.96,+2.96](2.471) shoulder_roll=+0.453[-0.26,+2.62](0.715) shoulder_yaw=-0.672[-2.96,+2.96](2.288) elbow_pitch=-1.771[-2.61,+0.26](0.839) elbow_yaw=-0.808[-2.96,+2.96](2.152) wrist_pitch=+0.732[-0.79,+1.05](0.318) wrist_roll=-0.847[-1.65,+1.30](0.803)
[GRASP-EXEC] GRIPPER: open (after approach, before grasp insert)
[GRASP-EXEC] gripper already open enough: 1% (skip open command)
[GRASP-EXEC] ARM: HYBRID pre-descent (position QP-stream) -> 10.1cm, leaving final 3.0cm for F/T compliant descend-to-contact
[GRASP-EXEC] QP-Stream left -> pre-grasp (pure-pursuit): pos=10.1cm rot=0.0deg, lookahead=8cm @ 50Hz, pos_tol=1.0cm accept=2.5cm keep_ori=True
[GRASP-EXEC] ARM: COMPLIANT insert to grasp pose (F/T admittance descend-to-contact)
[INFO] [1783489465.194670361] [XARM_manager]: [COMPLIANT-LEFT] Loaded F/T calibration from /home/ubuntu/niu/compliant_grasp_execute/ft_calibration/ft_calibration_left.json
[INFO] [1783489465.215924566] [XARM_manager]: [COMPLIANT-LEFT] target set: p=[0.47955691978976667, 0.18910331215283543, 0.08230794385141266] q=[0.23744557917938328, -0.3723690190315521, -0.6162871672694389, 0.6520360711284748]
[INFO] [1783489465.216632022] [XARM_manager]: [COMPLIANT-LEFT] seeded QP target at captured pose (z=+0.0823).
[INFO] [1783489465.217360049] [XARM_manager]: [COMPLIANT-LEFT] admittance loop starting (calibrating force offset; keep hands off the arm briefly)...
[INFO] [1783489465.565875624] [XARM_manager]: [COMPLIANT-LEFT] runtime offset calibrated. p_ref=[0.47955691978976667, 0.18910331215283543, 0.08230794385141266], ready.
[COMPLIANT-INSERT] runtime force-offset calibrated in 0.36s
[INFO] [1783489465.581742216] [XARM_manager]: [COMPLIANT-LEFT] gains updated: B=[3.9597979746446663, 5.6, 3.9597979746446663] K=[20.0, 40.0, 20.0] B_rot=[0.5, 0.5, 0.5] K_rot=[0.0, 0.0, 0.0]
[COMPLIANT-INSERT] insertion dir=[+0.50,+0.12,-0.86] planned_depth=3.6cm soft_axes=xz K=[20.0, 40.0, 20.0] B=[3.96, 5.6, 3.96] contact_thresh=1.5N
[INFO] [1783489466.405286682] [XARM_manager]: [COMPLIANT-LEFT] n=200 hz=239.8 F=[+0.00,+0.00,+0.00]N disp=[-1.0,-0.8,+4.0]cm v=[+0.05,+0.06,-0.20]
[COMPLIANT-INSERT] insert s=5.1cm tcp_drop=1.0cm lag=+4.0cm resist=-0.20N (throttle x0)
[INFO] [1783489467.249468419] [XARM_manager]: [COMPLIANT-LEFT] n=400 hz=238.7 F=[+0.00,+0.00,+0.00]N disp=[-0.2,-0.9,+4.0]cm v=[+0.01,+0.06,-0.20]
[COMPLIANT-INSERT] insert s=5.6cm tcp_drop=2.5cm lag=+3.2cm resist=-0.09N (throttle x0)
[INFO] [1783489468.086264593] [XARM_manager]: [COMPLIANT-LEFT] n=600 hz=239.3 F=[+0.00,+0.00,-0.07]N disp=[+0.3,-0.7,+3.0]cm v=[-0.01,+0.05,-0.16]
[COMPLIANT-INSERT] insert s=5.6cm tcp_drop=3.6cm lag=+2.0cm resist=-0.12N (throttle x0)
[INFO] [1783489468.926960861] [XARM_manager]: [COMPLIANT-LEFT] n=800 hz=238.5 F=[+0.00,+0.00,+0.00]N disp=[+0.5,-0.5,+2.3]cm v=[-0.02,+0.03,-0.11]
[COMPLIANT-INSERT] insert s=5.6cm tcp_drop=4.2cm lag=+1.4cm resist=+1.46N (throttle x0)
[INFO] [1783489469.764158127] [XARM_manager]: [COMPLIANT-LEFT] n=1000 hz=240.6 F=[+0.00,+0.00,+0.00]N disp=[+0.3,-0.2,+1.8]cm v=[-0.02,+0.03,-0.09]
[INFO] [1783489469.799820916] [XARM_manager]: [COMPLIANT-LEFT] gains updated: B=[10.844353369380768, 10.844353369380768, 10.844353369380768] K=[150.0, 150.0, 150.0] B_rot=[0.5, 0.5, 0.5] K_rot=[0.0, 0.0, 0.0]
[INFO] [1783489469.800253364] [XARM_manager]: [COMPLIANT-LEFT] target set: p=[0.5108145530700424, 0.19391736756227262, 0.05102592542507506] q=[0.23744557917938328, -0.3723690190315521, -0.6162871672694389, 0.6520360711284748]
[COMPLIANT-INSERT] CONTACT (stall) at tcp_drop 4.3cm (resist 0.5N, thresh 1.5N); holding compliant for gripper close
[GRASP-EXEC] grasp TCP tracking: commanded=[0.4977,0.1934,0.0510] achieved=[0.5101,0.1944,0.0495] err=[+12.4,+1.0,-1.5]mm |err|=12.5mm approach-axis tilt: achieved=+37.9deg commanded=+43.0deg (0=level) ori-err=6.9deg
[JOINT-LIMIT] left closest-to-limit: shoulder_roll=0.3429 [-0.262,2.616] dist=0.6049rad
[JOINT-LIMIT] left grasp per-joint: shoulder_pitch=-0.930[-2.96,+2.96](2.030) shoulder_roll=+0.343[-0.26,+2.62](0.605) shoulder_yaw=-1.380[-2.96,+2.96](1.580) elbow_pitch=-0.908[-2.61,+0.26](1.169) elbow_yaw=+0.031[-2.96,+2.96](2.929) wrist_pitch=+0.379[-0.79,+1.05](0.671) wrist_roll=-0.102[-1.65,+1.30](1.402)
[GRASP-EXEC] GRIPPER: close at grasp pose (after arm motion, not at approach)
[GRASP-EXEC] gripper close: start=1% -> target=100%
[INFO] [1783489470.605403136] [XARM_manager]: [COMPLIANT-LEFT] n=1200 hz=238.2 F=[+0.00,+0.00,+0.00]N disp=[+0.0,+0.0,-0.0]cm v=[-0.00,-0.00,+0.00]
[INFO] [1783489471.441888178] [XARM_manager]: [COMPLIANT-LEFT] n=1400 hz=240.2 F=[-0.07,+0.00,-0.11]N disp=[-0.4,+0.1,+0.3]cm v=[+0.04,-0.01,-0.07]
[GRASP-EXEC] gripper close result: pos=90% status=3 ok=True
[INFO] [1783489471.935958454] [XARM_manager]: [COMPLIANT-LEFT] admittance loop stopped.
[GRASP-EXEC] ARM: rotate wrist away from table -20deg about waist Y before lift
[GRASP-EXEC] QP-Stream left -> table-clear (pure-pursuit): pos=0.0cm rot=20.0deg, lookahead=13cm @ 50Hz, pos_tol=2.0cm accept=2.5cm keep_ori=False
[GRASP-EXEC] ARM: lift after grasp
[GRASP-EXEC] QP-Stream left -> lift (pure-pursuit): pos=11.5cm rot=0.0deg, lookahead=13cm @ 50Hz, pos_tol=2.0cm accept=2.5cm keep_ori=True
[GRASP-EXEC] QP-Stream lift: settled 2.5cm from target (QP steady-state; exiting without deadline hover)
[JOINT-LIMIT] left closest-to-limit: wrist_pitch=0.601 [-0.785,1.05] dist=0.449rad
[JOINT-LIMIT] left lift per-joint: shoulder_pitch=-0.786[-2.96,+2.96](2.174) shoulder_roll=+0.443[-0.26,+2.62](0.705) shoulder_yaw=-0.896[-2.96,+2.96](2.063) elbow_pitch=-1.391[-2.61,+0.26](1.218) elbow_yaw=-0.510[-2.96,+2.96](2.450) wrist_pitch=+0.601[-0.79,+1.05](0.449) wrist_roll=-0.648[-1.65,+1.30](1.002)
[INFO] [1783489474.313517199] [XARM_manager]: Deactivated controllers: ['endpose_single_arm_qp_L_controller']
[GRASP-EXEC] ELBOW-LOW: returning HOME directly (no pre-home waypoint)
[GRASP-EXEC] RETURN HOME: left -> joints=['0.844', '0.026', '-0.006', '-2.216', '-1.529', '0.250', '0.683']
[INFO] [1783489474.333546797] [XARM_manager]: Activated controllers: ['jointspace_arm_L_controller']
[INFO] [1783489474.334764897] [XARM_manager]: Sending goal to action server /jointspace_arm_L_controller/jointspace (attempt 1/3):
eai_manipulator_msgs.action.JointSpace_Goal(target_positions=[0.844, 0.026, -0.006, -2.216, -1.529, 0.25, 0.683])
[INFO] [1783489474.336750030] [XARM_manager]: Goal accepted. Waiting for result...
[INFO] [1783489476.340614628] [XARM_manager]: Action result received from /jointspace_arm_L_controller/jointspace
[INFO] [1783489476.341129464] [XARM_manager]: Action result: eai_manipulator_msgs.action.JointSpace_Result(success=True, result_msg='action finished')
[GRASP-EXEC] return home result: eai_manipulator_msgs.action.JointSpace_Result(success=True, result_msg='action finished')
{
  "arm": "left",
  "pipeline_version": "accelerated",
  "motion_strategy": "qp_all",
  "dry_run": false,
  "motion": {
    "detected_pose7": [
      0.42217939442984415,
      0.21653453035135095,
      -0.26294102162359373,
      0.6946456234926763,
      0.5071435172606389,
      -0.34300959884609894,
      -0.37764709155826603
    ],
    "approach_pose7": [
      0.41062533300752174,
      0.19342506469617576,
      0.1328023471152965,
      -0.2443876228390196,
      0.3151681501120765,
      0.6467207029802468,
      -0.6501507973499381
    ],
    "grasp_pose7": [
      0.49773509924835224,
      0.19342506469617576,
      0.05097585264537057,
      -0.2443876228390196,
      0.3151681501120765,
      0.6467207029802468,
      -0.6501507973499381
    ],
    "lift_pose7": [
      0.49773509924835224,
      0.19342506469617576,
      0.17097585264537057,
      -0.32671084363699343,
      0.3973335508442258,
      0.6092889318789366,
      -0.6034509686075147
    ],
    "pre_home_pose7": [
      0.31773509924835225,
      0.09342506469617576,
      0.22097585264537056,
      -0.32671084363699343,
      0.3973335508442258,
      0.6092889318789366,
      -0.6034509686075147
    ],
    "grasp_xyz_offset_m": [
      0.04,
      0.0,
      0.005
    ],
    "grasp_quat": [
      -0.2443876228390196,
      0.3151681501120765,
      0.6467207029802468,
      -0.6501507973499381
    ],
    "use_fixed_grasp_quat": true,
    "phase_backends": {
      "approach": "qp_stream",
      "grasp": "qp_stream",
      "lift": "qp_stream"
    },
    "joint_limits_used": {
      "shoulder_pitch": [
        -2.96,
        2.96
      ],
      "shoulder_roll": [
        -0.262,
        2.616
      ],
      "shoulder_yaw": [
        -2.96,
        2.96
      ],
      "elbow_pitch": [
        -2.61,
        0.261
      ],
      "elbow_yaw": [
        -2.96,
        2.96
      ],
      "wrist_pitch": [
        -0.785,
        1.05
      ],
      "wrist_roll": [
        -1.65,
        1.3
      ]
    },
    "approach_tcp_tracking": {
      "commanded_xyz": [
        0.41062533300752174,
        0.19342506469617576,
        0.1328023471152965
      ],
      "achieved_xyz": [
        0.41385571755745465,
        0.19041352429778535,
        0.1515900038919806
      ],
      "error_mm": [
        3.2303845499329076,
        -3.011540398390411,
        18.78765677668409
      ],
      "error_norm_mm": 19.299761839723992,
      "achieved_quat": [
        0.24021837328952034,
        -0.35924614428528334,
        -0.6197919259578636,
        0.6550536691506552
      ],
      "approach_axis_tilt_deg": 38.790507224199025,
      "commanded_approach_axis_tilt_deg": 42.991311994604416,
      "orientation_error_deg": 5.96543600969197
    },
    "approach_joint_limits": {
      "closest": {
        "joint": "wrist_pitch",
        "value": 0.7317,
        "lower": -0.785,
        "upper": 1.05,
        "dist_to_limit": 0.3183,
        "nearest_side": "upper"
      },
      "breached": [],
      "margin_rad": 0.05
    },
    "compliant_insert": {
      "ok": true,
      "contact": true,
      "reason": "stall_contact",
      "resist_n": 0.5108508435750164,
      "traveled_m": 0.04301325247691662,
      "planned_depth_m": 0.03648045631318434,
      "ft_topic": "/arm_6dof_left",
      "calib_path": "/home/ubuntu/niu/compliant_grasp_execute/ft_calibration/ft_calibration_left.json",
      "calib_present": true,
      "commanded_m": 0.05648045631318434,
      "throttle_events": 0,
      "contact_kind": "stall"
    },
    "grasp_tcp_tracking": {
      "commanded_xyz": [
        0.49773509924835224,
        0.19342506469617576,
        0.05097585264537057
      ],
      "achieved_xyz": [
        0.5101008278732783,
        0.19442926986893722,
        0.04948421328257907
      ],
      "error_mm": [
        12.365728624926021,
        1.004205172761452,
        -1.4916393627915012
      ],
      "error_norm_mm": 12.49578570730727,
      "achieved_quat": [
        0.23949753943115407,
        -0.3684341367821737,
        -0.6193299585221066,
        0.6506363177205858
      ],
      "approach_axis_tilt_deg": 37.86437363130261,
      "commanded_approach_axis_tilt_deg": 42.991311994604416,
      "orientation_error_deg": 6.887662326721617
    },
    "grasp_joint_limits": {
      "closest": {
        "joint": "shoulder_roll",
        "value": 0.3429,
        "lower": -0.262,
        "upper": 2.616,
        "dist_to_limit": 0.6049,
        "nearest_side": "lower"
      },
      "breached": [],
      "margin_rad": 0.05
    },
    "lift_joint_limits": {
      "closest": {
        "joint": "wrist_pitch",
        "value": 0.601,
        "lower": -0.785,
        "upper": 1.05,
        "dist_to_limit": 0.449,
        "nearest_side": "upper"
      },
      "breached": [],
      "margin_rad": 0.05
    },
    "retract_ok": null,
    "return_home_ok": true,
    "released_on_finish_ok": null,
    "approach_ok": true,
    "grasp_ok": true,
    "lift_ok": true
  },
  "detection": {
    "class_name": "remote-control",
    "pose_head_roll_link": [
      0.9581107934077513,
      0.17090140698175976,
      -0.15218272578283268,
      -0.3584133608597463,
      0.07924165139470092,
      0.9299436389796291,
      -0.02157433110868709
    ],
    "pose_tip_waist_yaw_link_rpy": {
      "x": 0.6508284144155265,
      "y": 0.1695186021111859,
      "z": -0.1354062100962986,
      "roll": 0.134747892226672,
      "pitch": 0.03318160305833495,
      "yaw": -3.0482279421316645
    },
    "pose_tip_used_for_tcp_conversion_rpy": {
      "x": 0.6508284144155265,
      "y": 0.1695186021111859,
      "z": -0.1354062100962986,
      "roll": -2.07323434023918,
      "pitch": 0.09363444667495857,
      "yaw": 1.3166688554072148
    },
    "pose_tcp_waist_yaw_link_rpy": {
      "x": 0.42217939442984415,
      "y": 0.21653453035135095,
      "z": -0.26294102162359373,
      "roll": -2.07323434023918,
      "pitch": 0.09363444667495857,
      "yaw": 1.3166688554072148
    },
    "pose_tcp_waist_yaw_link_pose7": [
      0.42217939442984415,
      0.21653453035135095,
      -0.26294102162359373,
      0.6946456234926763,
      0.5071435172606389,
      -0.34300959884609894,
      -0.37764709155826603
    ],
    "current_tcp_pose7": [
      0.11560876381567856,
      -0.257819677447957,
      0.14138381586394907,
      0.6946456234926763,
      0.5071435172606389,
      -0.34300959884609894,
      -0.37764709155826603
    ],
    "tcp_minus_tip_waist_m": [
      -0.22864901998568238,
      0.04701592824016504,
      -0.12753481152729512
    ],
    "tcp_to_tip_offset_m": [
      0.0,
      0.0,
      -0.266
    ],
    "orientation_policy": "current",
    "use_current_tcp_rotation": true,
    "rotation_source_arm": "right",
    "bbox_2d": [
      506.6952819824219,
      283.2760925292969,
      539.1771850585938,
      424.2622375488281
    ],
    "bbox_3d": {
      "min": [
        0.8955712483333321,
        0.14328245211396007,
        -0.21414502547076933
      ],
      "max": [
        1.0289607743158473,
        0.20272993710342255,
        -0.08846832183316336
      ],
      "center": [
        0.9622660113245898,
        0.17300619460869132,
        -0.15130667365196634
      ],
      "size": [
        0.1333895259825152,
        0.05944748498946248,
        0.12567670363760597
      ]
    },
    "object_long_axis_waist": [
      -0.9950966190139423,
      -0.09317780887620782,
      -0.03317551446549907
    ],
    "object_long_axis_yaw_waist_deg": 5.349403922007497,
    "object_angle_from_waist_x_deg": 5.349403922007498
  },
  "gripper": {
    "open_ok": true,
    "close_ok": true,
    "final_pos_pct": 90.0,
    "backend": "modbus_rtu"
  },
  "ok": true
}
[GRASP-EXEC] saved result json: /tmp/grasp_exec.json
[GRASP-EXEC] saved handoff: /tmp/grasp_handoff.json (arm=left holding=True)
