[日志] 日志文件: logs/grasp/grasp_260708_131221.log
[日志] 执行命令: python3 -m grasp_pose_place_execute.main
[CONFIG] loaded 91 params from /home/ubuntu/niu/grasp_pose_place_execute/config.yaml
[PLACE-EXEC] ARM: handoff /tmp/grasp_handoff.json -> arm='left' holding=True object=['remote-control']
[INFO] [1783487546.102230430] [XARM_manager]: XARM_manager initialized, robot_type: tianyi2, run_type: real
[INFO] [1783487546.109742646] [XARM_manager]: 已订阅关节状态话题: /joint_states
[INFO] [1783487546.115903432] [XARM_manager]: 已订阅警告和错误信息话题: /manipulator/warn_and_error_info
[INFO] [1783487546.127318560] [XARM_manager]: /joint_action_report 服务已启动
[PLACE-EXEC] applied place tilt +45.0deg about waist Y -> quat=['-0.2294', '0.3262', '0.6764', '-0.6193']
[PLACE-EXEC] place TCP target (waist) from handoff grasp_pose7 (original detected grasp position): x=0.3762 y=0.2186 z=0.2222 (+5cm release clearance)
[PLACE-EXEC] approach along place axis: dist=0.120m extra_z=0.120m tool_z=[-0.714,0.157,0.682] approach_xyz=['0.2904', '0.2375', '0.4240']
[INFO] [1783487548.021731863] [XARM_manager]: Deactivated controllers: ['jointspace_arm_L_controller']
[PLACE-EXEC] arms enabled (mode 3); placing with 'left' arm
[PLACE-EXEC] gripper: connecting in background (overlaps approach)
[GRASP-EXEC] gripper: arm='left' -> stable by-id port /dev/serial/by-id/usb-FTDI_FT231X_USB_UART_DU0E2IPR-if00-port0
[INFO] [1783487548.040918925] [XARM_manager]: Deactivated controllers: []
[PLACE-EXEC] START HOME: left -> joints=['0.844', '0.026', '-0.006', '-2.216', '-1.529', '0.200', '0.683']
[INFO] [1783487548.059112236] [XARM_manager]: Activated controllers: ['jointspace_arm_L_controller']
[INFO] [1783487548.074201607] [XARM_manager]: Sending goal to action server /jointspace_arm_L_controller/jointspace (attempt 1/3):
eai_manipulator_msgs.action.JointSpace_Goal(target_positions=[0.844, 0.026, -0.006, -2.216, -1.529, 0.2, 0.683])
[INFO] [1783487548.076357065] [XARM_manager]: Goal accepted. Waiting for result...
[robotiq_api] gripper already activated (gSTA==3); skip resetActivate()
[GRASP-EXEC] gripper: cached serial port /dev/serial/by-id/usb-FTDI_FT231X_USB_UART_DU0E2IPR-if00-port0 -> /tmp/robotiq_gripper_port.txt
[GRASP-EXEC] gripper controller ready: backend=modbus_rtu port=auto slave=9 (wait_timeout=8.0s) [connect took 0.04s]
[INFO] [1783487548.640381078] [XARM_manager]: Action result received from /jointspace_arm_L_controller/jointspace
[INFO] [1783487548.640617751] [XARM_manager]: Action result: eai_manipulator_msgs.action.JointSpace_Result(success=True, result_msg='action finished')
[PLACE-EXEC] START HOME result: eai_manipulator_msgs.action.JointSpace_Result(success=True, result_msg='action finished')
[INFO] [1783487548.648961947] [XARM_manager]: Deactivated controllers: ['jointspace_arm_L_controller']
[WARN] [1783487549.278077970] [XARM_manager]: TF查找超时: waist_yaw_link <- left_tcp_link, 超时0.5s
[PLACE-EXEC] TF warmup ok: read TCP after 2 attempt(s)
[PLACE-EXEC] ARM: approach to middle waypoint
[INFO] [1783487549.292311353] [XARM_manager]: Activated controllers: ['endpose_single_arm_qp_L_controller']
[GRASP-EXEC] QP-Stream left -> approach (pure-pursuit): pos=33.3cm rot=74.6deg, lookahead=13cm @ 50Hz, pos_tol=2.0cm accept=2.5cm keep_ori=False
[GRASP-EXEC] approach TCP tracking: commanded=[0.2904,0.2375,0.4240] achieved=[0.2901,0.2346,0.4424] err=[-0.4,-2.9,+18.4]mm |err|=18.6mm approach-axis tilt: achieved=+38.6deg commanded=+43.0deg (0=level) ori-err=4.5deg
[PLACE-EXEC] ARM: HYBRID pre-descent (QP, fast transit) -> 17.7cm, leaving final 6.0cm for F/T compliant set-down
[GRASP-EXEC] QP-Stream left -> approach (pure-pursuit): pos=17.7cm rot=0.0deg, lookahead=13cm @ 50Hz, pos_tol=2.0cm accept=2.5cm keep_ori=True
[PLACE-EXEC] ARM: COMPLIANT set-down (F/T admittance descend-to-contact)
[INFO] [1783487554.472221397] [XARM_manager]: [COMPLIANT-LEFT] Loaded F/T calibration from /home/ubuntu/niu/compliant_grasp_execute/ft_calibration/ft_calibration_left.json
[INFO] [1783487554.494229378] [XARM_manager]: [COMPLIANT-LEFT] target set: p=[0.34237235774232283, 0.23385929346803802, 0.28195679012308184] q=[0.24456127141335132, -0.3447737016321489, -0.6704672948363503, 0.609749527053837]
[INFO] [1783487554.494891883] [XARM_manager]: [COMPLIANT-LEFT] seeded QP target at captured pose (z=+0.2820).
[INFO] [1783487554.495774402] [XARM_manager]: [COMPLIANT-LEFT] admittance loop starting (calibrating force offset; keep hands off the arm briefly)...
[INFO] [1783487554.818077276] [XARM_manager]: [COMPLIANT-LEFT] runtime offset calibrated. p_ref=[0.34237235774232283, 0.23385929346803802, 0.28195679012308184], ready.
[COMPLIANT-INSERT] runtime force-offset calibrated in 0.32s
[INFO] [1783487554.820915696] [XARM_manager]: [COMPLIANT-LEFT] gains updated: B=[3.9597979746446663, 5.6, 3.9597979746446663] K=[20.0, 40.0, 20.0] B_rot=[0.5, 0.5, 0.5] K_rot=[0.0, 0.0, 0.0]
[COMPLIANT-INSERT] insertion dir=[+0.43,-0.16,-0.89] planned_depth=12.0cm soft_axes=xz K=[20.0, 40.0, 20.0] B=[3.96, 5.6, 3.96] contact_thresh=1.5N
[INFO] [1783487555.323842986] [XARM_manager]: [COMPLIANT-LEFT] gains updated: B=[10.844353369380768, 10.844353369380768, 10.844353369380768] K=[150.0, 150.0, 150.0] B_rot=[0.5, 0.5, 0.5] K_rot=[0.0, 0.0, 0.0]
[INFO] [1783487555.324866721] [XARM_manager]: [COMPLIANT-LEFT] target set: p=[0.3405852124116595, 0.23410312081019527, 0.25743555353404823] q=[0.24456127141335132, -0.3447737016321489, -0.6704672948363503, 0.609749527053837]
[COMPLIANT-INSERT] CONTACT (force) at tcp_drop 2.1cm (resist 1.5N, thresh 1.5N); holding compliant for gripper close
[GRASP-EXEC] place TCP tracking: commanded=[0.3762,0.2186,0.2222] achieved=[0.3393,0.2338,0.2467] err=[-36.8,+15.1,+24.5]mm |err|=46.8mm approach-axis tilt: achieved=+44.7deg commanded=+43.0deg (0=level) ori-err=2.2deg
[PLACE-EXEC] GRIPPER: release (open) at place pose
[GRASP-EXEC] gripper release: start=90% -> target=0%
[INFO] [1783487555.654366799] [XARM_manager]: [COMPLIANT-LEFT] n=200 hz=240.8 F=[+0.00,+0.00,+0.00]N disp=[-0.1,-0.0,-0.8]cm v=[+0.01,+0.00,+0.12]
[GRASP-EXEC] gripper release result: pos=1% status=3 ok=True
[INFO] [1783487556.369299401] [XARM_manager]: [COMPLIANT-LEFT] admittance loop stopped.
[PLACE-EXEC] ARM: retract to pre-insert standoff (keep orientation)
[GRASP-EXEC] QP-Stream left -> retract (pure-pursuit): pos=17.1cm rot=0.0deg, lookahead=13cm @ 50Hz, pos_tol=2.0cm accept=2.5cm keep_ori=True
[GRASP-EXEC] retract TCP tracking: commanded=[0.2904,0.2375,0.4240] achieved=[0.3094,0.2382,0.4189] err=[+19.0,+0.7,-5.1]mm |err|=19.7mm approach-axis tilt: achieved=+40.5deg commanded=+43.0deg (0=level) ori-err=3.3deg
[INFO] [1783487557.355441720] [XARM_manager]: Deactivated controllers: ['endpose_single_arm_qp_L_controller']
[PLACE-EXEC] RETURN HOME: left -> joints=['0.844', '0.026', '-0.006', '-2.216', '-1.529', '0.200', '0.683']
[INFO] [1783487557.374315599] [XARM_manager]: Activated controllers: ['jointspace_arm_L_controller']
[INFO] [1783487557.375341911] [XARM_manager]: Sending goal to action server /jointspace_arm_L_controller/jointspace (attempt 1/3):
eai_manipulator_msgs.action.JointSpace_Goal(target_positions=[0.844, 0.026, -0.006, -2.216, -1.529, 0.2, 0.683])
[INFO] [1783487557.377056082] [XARM_manager]: Goal accepted. Waiting for result...
[INFO] [1783487560.265277947] [XARM_manager]: Action result received from /jointspace_arm_L_controller/jointspace
[INFO] [1783487560.265592585] [XARM_manager]: Action result: eai_manipulator_msgs.action.JointSpace_Result(success=True, result_msg='action finished')
[PLACE-EXEC] RETURN HOME result: eai_manipulator_msgs.action.JointSpace_Result(success=True, result_msg='action finished')
{
  "arm": "left",
  "motion_strategy": "qp_all",
  "dry_run": false,
  "motion": {
    "place_pose7": [
      0.3761604235312647,
      0.21863856246915742,
      0.22217765487937624,
      -0.22941393277711944,
      0.3262292453010775,
      0.6763556988345837,
      -0.6192630261948527
    ],
    "approach_pose7": [
      0.29043551221024066,
      0.23749762877069364,
      0.4240041493493022,
      -0.22941393277711944,
      0.3262292453010775,
      0.6763556988345837,
      -0.6192630261948527
    ],
    "approach_tcp_tracking": {
      "commanded_xyz": [
        0.29043551221024066,
        0.23749762877069364,
        0.4240041493493022
      ],
      "achieved_xyz": [
        0.290068841721318,
        0.23459237414219114,
        0.4423588326424499
      ],
      "error_mm": [
        -0.366670488922638,
        -2.905254628502496,
        18.354683293147712
      ],
      "error_norm_mm": 18.5868058174512,
      "achieved_quat": [
        0.24299374588272799,
        -0.35924397339605546,
        -0.6669307507619654,
        0.605888752766195
      ],
      "approach_axis_tilt_deg": 38.5938432274458,
      "commanded_approach_axis_tilt_deg": 42.99131199460442,
      "orientation_error_deg": 4.500228992341189
    },
    "compliant_place": {
      "ok": true,
      "contact": true,
      "reason": "contact",
      "resist_n": 1.5172692726806605,
      "traveled_m": 0.02094770423649224,
      "planned_depth_m": 0.11971538913756748,
      "ft_topic": "/arm_6dof_left",
      "calib_path": "/home/ubuntu/niu/compliant_grasp_execute/ft_calibration/ft_calibration_left.json",
      "calib_present": true,
      "commanded_m": 0.05244770423649225,
      "throttle_events": 0,
      "contact_kind": "force"
    },
    "place_tcp_tracking": {
      "commanded_xyz": [
        0.3761604235312647,
        0.21863856246915742,
        0.22217765487937624
      ],
      "achieved_xyz": [
        0.33931740302272784,
        0.23378609994301228,
        0.2466965093553409
      ],
      "error_mm": [
        -36.84302050853688,
        15.147537473854861,
        24.518854475964662
      ],
      "error_norm_mm": 46.7763858856992,
      "achieved_quat": [
        0.22629371133149692,
        -0.3117664329263393,
        -0.6875035779504477,
        0.615574266695365
      ],
      "approach_axis_tilt_deg": 44.683154851895694,
      "commanded_approach_axis_tilt_deg": 42.99131199460442,
      "orientation_error_deg": 2.1645416976063983
    },
    "retract_tcp_tracking": {
      "commanded_xyz": [
        0.29043551221024066,
        0.23749762877069364,
        0.4240041493493022
      ],
      "achieved_xyz": [
        0.30942281666065924,
        0.23817195437207322,
        0.4189414373938361
      ],
      "error_mm": [
        18.987304450418574,
        0.6743256013795884,
        -5.062711955466092
      ],
      "error_norm_mm": 19.66223531680923,
      "achieved_quat": [
        0.23018303871869258,
        -0.349699811008486,
        -0.6790411266701019,
        0.6030165496546976
      ],
      "approach_axis_tilt_deg": 40.50026925269007,
      "commanded_approach_axis_tilt_deg": 42.99131199460442,
      "orientation_error_deg": 3.286750603832783
    },
    "approach_ok": true,
    "place_ok": true,
    "released_ok": true,
    "lift_ok": null,
    "retract_ok": true,
    "return_home_ok": true
  },
  "ok": true
}
[PLACE-EXEC] saved result json: /tmp/place_exec.json
[PLACE-EXEC] updated handoff: /tmp/grasp_handoff.json (holding=false, placed=true)
