[日志] 日志文件: logs/grasp/grasp_260708_132437.log
[日志] 执行命令: python3 -m grasp_pose_place_execute.main
[CONFIG] loaded 91 params from /home/ubuntu/niu/grasp_pose_place_execute/config.yaml
[PLACE-EXEC] ARM: handoff /tmp/grasp_handoff.json -> arm='right' holding=True object=['remote-control']
[INFO] [1783488277.958789554] [XARM_manager]: waiting for service /controller_manager/get_parameters to become available...
[INFO] [1783488279.970270655] [XARM_manager]: XARM_manager initialized, robot_type: tianyi2, run_type: real
[INFO] [1783488279.977848180] [XARM_manager]: 已订阅关节状态话题: /joint_states
[INFO] [1783488279.984562001] [XARM_manager]: 已订阅警告和错误信息话题: /manipulator/warn_and_error_info
[INFO] [1783488279.994701819] [XARM_manager]: /joint_action_report 服务已启动
[PLACE-EXEC] applied place tilt +45.0deg about waist Y -> quat=['0.2294', '0.3262', '-0.6764', '-0.6193']
[PLACE-EXEC] place TCP target (waist) from handoff grasp_pose7 (original detected grasp position): x=0.3379 y=-0.2439 z=0.2186 (+5cm release clearance)
[PLACE-EXEC] approach along place axis: dist=0.120m extra_z=0.120m tool_z=[-0.714,-0.157,0.682] approach_xyz=['0.2522', '-0.2627', '0.4204']
[INFO] [1783488285.963527461] [XARM_manager]: Deactivated controllers: ['jointspace_arm_R_controller']
[PLACE-EXEC] arms enabled (mode 3); placing with 'right' arm
[PLACE-EXEC] gripper: connecting in background (overlaps approach)
[GRASP-EXEC] gripper: arm='right' -> stable by-id port /dev/serial/by-id/usb-FTDI_FT231X_USB_UART_D30JLK40-if00-port0
[INFO] [1783488285.980496308] [XARM_manager]: Deactivated controllers: []
[PLACE-EXEC] START HOME: right -> joints=['0.844', '-0.026', '0.006', '-2.216', '1.529', '0.200', '-0.683']
[INFO] [1783488285.996177117] [XARM_manager]: Activated controllers: ['jointspace_arm_R_controller']
[INFO] [1783488286.011359233] [XARM_manager]: Sending goal to action server /jointspace_arm_R_controller/jointspace (attempt 1/3):
eai_manipulator_msgs.action.JointSpace_Goal(target_positions=[0.844, -0.026, 0.006, -2.216, 1.529, 0.2, -0.683])
[INFO] [1783488286.012951659] [XARM_manager]: Goal accepted. Waiting for result...
[robotiq_api] gripper already activated (gSTA==3); skip resetActivate()
[GRASP-EXEC] gripper: cached serial port /dev/serial/by-id/usb-FTDI_FT231X_USB_UART_D30JLK40-if00-port0 -> /tmp/robotiq_gripper_port.txt
[GRASP-EXEC] gripper controller ready: backend=modbus_rtu port=auto slave=9 (wait_timeout=8.0s) [connect took 0.04s]
[INFO] [1783488286.571824727] [XARM_manager]: Action result received from /jointspace_arm_R_controller/jointspace
[INFO] [1783488286.572078521] [XARM_manager]: Action result: eai_manipulator_msgs.action.JointSpace_Result(success=True, result_msg='action finished')
[PLACE-EXEC] START HOME result: eai_manipulator_msgs.action.JointSpace_Result(success=True, result_msg='action finished')
[INFO] [1783488286.584967628] [XARM_manager]: Deactivated controllers: ['jointspace_arm_R_controller']
[WARN] [1783488287.217810608] [XARM_manager]: TF查找超时: waist_yaw_link <- right_tcp_link, 超时0.5s
[PLACE-EXEC] TF warmup ok: read TCP after 2 attempt(s)
[PLACE-EXEC] ARM: approach to middle waypoint
[INFO] [1783488287.235101873] [XARM_manager]: Activated controllers: ['endpose_single_arm_qp_R_controller']
[GRASP-EXEC] QP-Stream right -> approach (pure-pursuit): pos=31.1cm rot=74.6deg, lookahead=13cm @ 50Hz, pos_tol=2.0cm accept=2.5cm keep_ori=False
[GRASP-EXEC] approach TCP tracking: commanded=[0.2522,-0.2627,0.4204] achieved=[0.2519,-0.2617,0.4388] err=[-0.3,+1.1,+18.4]mm |err|=18.4mm approach-axis tilt: achieved=+37.9deg commanded=+43.0deg (0=level) ori-err=5.1deg
[PLACE-EXEC] ARM: HYBRID pre-descent (QP, fast transit) -> 17.7cm, leaving final 6.0cm for F/T compliant set-down
[GRASP-EXEC] QP-Stream right -> approach (pure-pursuit): pos=17.7cm rot=0.0deg, lookahead=13cm @ 50Hz, pos_tol=2.0cm accept=2.5cm keep_ori=True
[PLACE-EXEC] ARM: COMPLIANT set-down (F/T admittance descend-to-contact)
[INFO] [1783488292.826490658] [XARM_manager]: [COMPLIANT-RIGHT] Loaded F/T calibration from /home/ubuntu/niu/compliant_grasp_execute/ft_calibration/ft_calibration_right.json
[INFO] [1783488292.847521122] [XARM_manager]: [COMPLIANT-RIGHT] target set: p=[0.3059904334182712, -0.2610261592235508, 0.27925571295593676] q=[-0.25784570182736916, -0.3556884487507609, 0.659143000996487, 0.6103538528687878]
[INFO] [1783488292.848173206] [XARM_manager]: [COMPLIANT-RIGHT] seeded QP target at captured pose (z=+0.2793).
[INFO] [1783488292.848927336] [XARM_manager]: [COMPLIANT-RIGHT] admittance loop starting (calibrating force offset; keep hands off the arm briefly)...
[INFO] [1783488293.173824421] [XARM_manager]: [COMPLIANT-RIGHT] runtime offset calibrated. p_ref=[0.3059904334182712, -0.2610261592235508, 0.27925571295593676], ready.
[COMPLIANT-INSERT] runtime force-offset calibrated in 0.33s
[INFO] [1783488293.174551617] [XARM_manager]: [COMPLIANT-RIGHT] gains updated: B=[3.9597979746446663, 5.6, 3.9597979746446663] K=[20.0, 40.0, 20.0] B_rot=[0.5, 0.5, 0.5] K_rot=[0.0, 0.0, 0.0]
[COMPLIANT-INSERT] insertion dir=[+0.42,+0.17,-0.89] planned_depth=12.0cm soft_axes=xz K=[20.0, 40.0, 20.0] B=[3.96, 5.6, 3.96] contact_thresh=1.5N
[INFO] [1783488294.000321954] [XARM_manager]: [COMPLIANT-RIGHT] n=200 hz=242.3 F=[+0.00,+0.00,+0.00]N disp=[-4.3,-1.2,+1.2]cm v=[+0.20,+0.09,-0.06]
[COMPLIANT-INSERT] insert s=9.6cm tcp_drop=6.4cm lag=+3.2cm resist=+1.13N (throttle x0)
[INFO] [1783488294.255683183] [XARM_manager]: [COMPLIANT-RIGHT] gains updated: B=[10.844353369380768, 10.844353369380768, 10.844353369380768] K=[150.0, 150.0, 150.0] B_rot=[0.5, 0.5, 0.5] K_rot=[0.0, 0.0, 0.0]
[INFO] [1783488294.256045914] [XARM_manager]: [COMPLIANT-RIGHT] target set: p=[0.2914507430719772, -0.25565421711855374, 0.19293507639864926] q=[-0.25784570182736916, -0.3556884487507609, 0.659143000996487, 0.6103538528687878]
[COMPLIANT-INSERT] CONTACT (force) at tcp_drop 7.2cm (resist 9.6N, thresh 1.5N); holding compliant for gripper close
[GRASP-EXEC] place TCP tracking: commanded=[0.3379,-0.2439,0.2186] achieved=[0.2840,-0.2535,0.1775] err=[-53.9,-9.6,-41.1]mm |err|=68.4mm approach-axis tilt: achieved=+48.1deg commanded=+43.0deg (0=level) ori-err=6.2deg
[PLACE-EXEC] GRIPPER: release (open) at place pose
[GRASP-EXEC] gripper release: start=90% -> target=0%
[INFO] [1783488294.829657729] [XARM_manager]: [COMPLIANT-RIGHT] n=400 hz=242.1 F=[+0.00,-12.36,+43.66]N disp=[-2.9,+0.5,-4.1]cm v=[+0.20,-0.20,+0.20]
[GRASP-EXEC] gripper release result: pos=1% status=3 ok=True
[INFO] [1783488295.352948052] [XARM_manager]: [COMPLIANT-RIGHT] admittance loop stopped.
[PLACE-EXEC] ARM: retract to pre-insert standoff (keep orientation)
[GRASP-EXEC] QP-Stream right -> retract (pure-pursuit): pos=27.8cm rot=0.0deg, lookahead=13cm @ 50Hz, pos_tol=2.0cm accept=2.5cm keep_ori=True
[GRASP-EXEC] retract TCP tracking: commanded=[0.2522,-0.2627,0.4204] achieved=[0.2668,-0.2661,0.4087] err=[+14.6,-3.4,-11.7]mm |err|=19.0mm approach-axis tilt: achieved=+46.2deg commanded=+43.0deg (0=level) ori-err=11.2deg
[INFO] [1783488296.955486121] [XARM_manager]: Deactivated controllers: ['endpose_single_arm_qp_R_controller']
[PLACE-EXEC] RETURN HOME: right -> joints=['0.844', '-0.026', '0.006', '-2.216', '1.529', '0.200', '-0.683']
[INFO] [1783488296.973901840] [XARM_manager]: Activated controllers: ['jointspace_arm_R_controller']
[INFO] [1783488296.974723009] [XARM_manager]: Sending goal to action server /jointspace_arm_R_controller/jointspace (attempt 1/3):
eai_manipulator_msgs.action.JointSpace_Goal(target_positions=[0.844, -0.026, 0.006, -2.216, 1.529, 0.2, -0.683])
[INFO] [1783488296.976121476] [XARM_manager]: Goal accepted. Waiting for result...
[INFO] [1783488299.321153103] [XARM_manager]: Action result received from /jointspace_arm_R_controller/jointspace
[INFO] [1783488299.321482780] [XARM_manager]: Action result: eai_manipulator_msgs.action.JointSpace_Result(success=True, result_msg='action finished')
[PLACE-EXEC] RETURN HOME result: eai_manipulator_msgs.action.JointSpace_Result(success=True, result_msg='action finished')
{
  "arm": "right",
  "motion_strategy": "qp_all",
  "dry_run": false,
  "motion": {
    "place_pose7": [
      0.3379108765487281,
      -0.24388559808485566,
      0.21856027717191479,
      0.22941393277711944,
      0.3262292453010775,
      -0.6763556988345837,
      -0.6192630261948527
    ],
    "approach_pose7": [
      0.25218596522770403,
      -0.2627446643863919,
      0.42038677164184074,
      0.22941393277711944,
      0.3262292453010775,
      -0.6763556988345837,
      -0.6192630261948527
    ],
    "approach_tcp_tracking": {
      "commanded_xyz": [
        0.25218596522770403,
        -0.2627446643863919,
        0.42038677164184074
      ],
      "achieved_xyz": [
        0.25190016717471225,
        -0.2616536964582254,
        0.4387801995779853
      ],
      "error_mm": [
        -0.2857980529917814,
        1.0909679281664864,
        18.39342793614457
      ],
      "error_norm_mm": 18.42797012124573,
      "achieved_quat": [
        -0.25060814772699824,
        -0.3603079833858661,
        0.6642635289766413,
        0.6050848514652737
      ],
      "approach_axis_tilt_deg": 37.933570163855464,
      "commanded_approach_axis_tilt_deg": 42.99131199460442,
      "orientation_error_deg": 5.070745558102692
    },
    "compliant_place": {
      "ok": true,
      "contact": true,
      "reason": "contact",
      "resist_n": 9.617264363909113,
      "traveled_m": 0.07188629951767934,
      "planned_depth_m": 0.12008684881330343,
      "ft_topic": "/arm_6dof_right",
      "calib_path": "/home/ubuntu/niu/compliant_grasp_execute/ft_calibration/ft_calibration_right.json",
      "calib_present": true,
      "commanded_m": 0.09945778059410987,
      "throttle_events": 0,
      "contact_kind": "force"
    },
    "place_tcp_tracking": {
      "commanded_xyz": [
        0.3379108765487281,
        -0.24388559808485566,
        0.21856027717191479
      ],
      "achieved_xyz": [
        0.28401342675419383,
        -0.25350582838683844,
        0.17747624881321197
      ],
      "error_mm": [
        -53.89744979453426,
        -9.62023030198278,
        -41.08402835870281
      ],
      "error_norm_mm": 68.44984522697057,
      "achieved_quat": [
        -0.20160449595703986,
        -0.29527129319827305,
        0.7086701671344665,
        0.6082409759598038
      ],
      "approach_axis_tilt_deg": 48.102525398805355,
      "commanded_approach_axis_tilt_deg": 42.99131199460442,
      "orientation_error_deg": 6.168996865178974
    },
    "retract_tcp_tracking": {
      "commanded_xyz": [
        0.25218596522770403,
        -0.2627446643863919,
        0.42038677164184074
      ],
      "achieved_xyz": [
        0.2668268916636051,
        -0.2661003258308225,
        0.4086912749715769
      ],
      "error_mm": [
        14.640926435901092,
        -3.355661444430613,
        -11.695496670263816
      ],
      "error_norm_mm": 19.036854598259072,
      "achieved_quat": [
        -0.1777875493744104,
        -0.32827290155706307,
        0.7370163824664593,
        0.5634140052987697
      ],
      "approach_axis_tilt_deg": 46.1583566770595,
      "commanded_approach_axis_tilt_deg": 42.99131199460442,
      "orientation_error_deg": 11.15475215701085
    },
    "approach_ok": true,
    "place_ok": true,
    "released_ok": true,
    "lift_ok": null,
    "retract_ok": true,
    "return_home_ok": true
  },
  "ok": true
}
[PLACE-EXEC] saved result json: /tmp/place_exec.json
[PLACE-EXEC] updated handoff: /tmp/grasp_handoff.json (holding=false, placed=true)
