[日志] 日志文件: logs/grasp/grasp_260706_165616.log
[日志] 执行命令: python3 -m compliant_grasp_execute.main
[INFO] [1783328177.266913605] [XARM_manager]: waiting for service /controller_manager/get_parameters to become available...
[INFO] [1783328177.524330818] [XARM_manager]: XARM_manager initialized, robot_type: tianyi2, run_type: real
[INFO] [1783328177.531696715] [XARM_manager]: 已订阅关节状态话题: /joint_states
[INFO] [1783328177.536814145] [XARM_manager]: 已订阅警告和错误信息话题: /manipulator/warn_and_error_info
[INFO] [1783328177.545168501] [XARM_manager]: /joint_action_report 服务已启动
[CONFIG] loaded 198 params from /home/ubuntu/niu/compliant_grasp_execute/config.yaml
[GRASP-EXEC] STARTUP: enabling arms and moving BOTH to home posture
[INFO] [1783328182.238274959] [XARM_manager]: Deactivated controllers: ['jointspace_arm_R_controller']
[GRASP-EXEC] STARTUP: left -> home joints=['0.000', '1.180', '0.000', '-1.300', '1.400', '-0.130', '0.180']
[INFO] [1783328182.262129683] [XARM_manager]: Activated controllers: ['jointspace_arm_L_controller']
[INFO] [1783328182.275682617] [XARM_manager]: Sending goal to action server /jointspace_arm_L_controller/jointspace (attempt 1/3):
eai_manipulator_msgs.action.JointSpace_Goal(target_positions=[0.0, 1.18, 0.0, -1.3, 1.4, -0.13, 0.18])
[INFO] [1783328182.277232485] [XARM_manager]: Goal accepted. Waiting for result...
[INFO] [1783328182.415773058] [XARM_manager]: Action result received from /jointspace_arm_L_controller/jointspace
[INFO] [1783328182.416108255] [XARM_manager]: Action result: eai_manipulator_msgs.action.JointSpace_Result(success=True, result_msg='action finished')
[GRASP-EXEC] STARTUP: right -> home joints=['0.000', '-1.180', '0.000', '-1.300', '-1.400', '-0.130', '0.180']
[INFO] [1783328182.429176222] [XARM_manager]: Activated controllers: ['jointspace_arm_R_controller']
[INFO] [1783328182.441332517] [XARM_manager]: Sending goal to action server /jointspace_arm_R_controller/jointspace (attempt 1/3):
eai_manipulator_msgs.action.JointSpace_Goal(target_positions=[0.0, -1.18, 0.0, -1.3, -1.4, -0.13, 0.18])
[INFO] [1783328182.442870100] [XARM_manager]: Goal accepted. Waiting for result...
[INFO] [1783328182.560888692] [XARM_manager]: Action result received from /jointspace_arm_R_controller/jointspace
[INFO] [1783328182.561161524] [XARM_manager]: Action result: eai_manipulator_msgs.action.JointSpace_Result(success=True, result_msg='action finished')
[GRASP-EXEC] STARTUP: activating both grippers (open/close cycle)
[robotiq_api] gripper already activated (gSTA==3); skip resetActivate()
[GRASP-EXEC] STARTUP: gripper 'left' activated
[robotiq_api] gripper already activated (gSTA==3); skip resetActivate()
[GRASP-EXEC] STARTUP: gripper 'right' activated
perception health check pass
[object_pose] RGB (720, 1280, 3), depth (720, 1280), valid-depth pixels: 903200/921600 (median valid depth 1.194 m)
[GRASP-EXEC] ARM-SELECT: object waist Y=-0.108m (y < boundary 0.000) -> 'right' arm
[GRASP-EXEC] diagonal schedule: angle-from-X=53.05015363700261deg -> tilt_scale=0.58, yaw_clamp=40.4deg (freed wrist_pitch, raised jaw alignment)
[GRASP-EXEC] applied grasp tilt +26.0deg about waist Y (tilt scale 1.00 x diag 0.58) -> quat=['0.3380', '0.4241', '-0.6291', '-0.5568']
[GRASP-EXEC] continuous orientation: object long-axis yaw +53.1deg (angle-from-X 53.1deg); applied continuous yaw +40.4deg about waist Z (gain=1.00, clamp +/-40deg) -> quat=['0.1710', '0.5147', '-0.7826', '-0.3056']
[GRASP-EXEC] recomputed TCP along final quat: detected_tcp_xyz=['0.2964', '-0.0829', '-0.0428'] -> consistent_tcp_xyz=['0.4057', '-0.2947', '0.0854']
[GRASP-EXEC] approach lateral clamp: approach Y -0.3788 -> -0.2947 (= grasp Y); tool_z outboard component would have pushed the standoff further from center than the grasp, which folds the elbow into its stop at far-outboard reaches.
[GRASP-EXEC] approach along grasp axis: dist=0.120m tool_z=[-0.582,-0.701,0.412] approach_xyz=['0.3559', '-0.2947', '0.1399']
[GRASP-EXEC] applied lift tilt -15.0deg about waist Y -> lift quat=['0.2716', '0.5502', '-0.7536', '-0.2358']
[GRASP-EXEC] detected class=remote-control detected_pose7=['0.2964', '-0.0829', '-0.0428', '0.0058', '-0.7316', '-0.0703', '0.6781'] -> motion grasp_pose7=['0.4257', '-0.2947', '0.0904', '0.1710', '0.5147', '-0.7826', '-0.3056']
[INFO] [1783328186.833358943] [XARM_manager]: Deactivated controllers: ['jointspace_arm_L_controller', 'jointspace_arm_R_controller']
[GRASP-EXEC] arms enabled (mode 3) [took 0.02s]
[JOINT-LIMIT] right: using live controller limits from endpose_single_arm_qp_R_controller
[GRASP-EXEC] joint-limit guard ON (margin 0.050 rad) arm=right
[GRASP-EXEC] gripper: connecting in background (overlaps arm enable + approach to hide the slow serial open; --no-gripper-async-connect for the old blocking behaviour)
[GRASP-EXEC] ARM: approach via qp_stream
[GRASP-EXEC] ELBOW-HIGH (proactive): object long axis ~parallel to body (angle-from-X=53.05015363700261 >= 45.0deg); the elbow-high seed's fore-aft jaws match a parallel object's short axis; reconfiguring to elbow-high seed before approach.
[GRASP-EXEC] elbow-high seed ready/right: clamped 1 joint(s) inward (margin 0.05rad): shoulder_yaw +2.964->+2.910 [-2.960,2.960]
[GRASP-EXEC] ELBOW-HIGH: reconfiguring right arm into elbow-high seed (jointspace, via transition waypoint). NOTE: jointspace moves run at the controller's own speed; watch the first reconfiguration for table/body clearance.
[GRASP-EXEC] gripper: arm='right' -> stable by-id port /dev/serial/by-id/usb-FTDI_FT231X_USB_UART_D30JLK40-if00-port0
[GRASP-EXEC] ELBOW-HIGH: right -> transition joints=['-1.452', '-0.585', '1.455', '-1.870', '-0.746', '-0.142', '0.087']
[INFO] [1783328186.875652471] [XARM_manager]: Activated controllers: ['jointspace_arm_R_controller']
[INFO] [1783328186.876578031] [XARM_manager]: Sending goal to action server /jointspace_arm_R_controller/jointspace (attempt 1/3):
eai_manipulator_msgs.action.JointSpace_Goal(target_positions=[-1.4525, -0.5845, 1.455, -1.87, -0.7456999999999999, -0.14179999999999998, 0.08685])
[INFO] [1783328186.879549913] [XARM_manager]: Goal accepted. Waiting for result...
[robotiq_api] gripper already activated (gSTA==3); skip resetActivate()
[GRASP-EXEC] gripper: cached serial port /dev/serial/by-id/usb-FTDI_FT231X_USB_UART_D30JLK40-if00-port0 -> /tmp/robotiq_gripper_port.txt
[GRASP-EXEC] gripper controller ready: backend=modbus_rtu port=auto slave=9 (wait_timeout=8.0s) [connect took 0.04s]
[INFO] [1783328188.731371011] [XARM_manager]: Action result received from /jointspace_arm_R_controller/jointspace
[INFO] [1783328188.731628301] [XARM_manager]: Action result: eai_manipulator_msgs.action.JointSpace_Result(success=True, result_msg='action finished')
[GRASP-EXEC] ELBOW-HIGH: transition move result: eai_manipulator_msgs.action.JointSpace_Result(success=True, result_msg='action finished')
[GRASP-EXEC] ELBOW-HIGH: right -> ready joints=['-2.905', '0.011', '2.910', '-2.440', '-0.091', '-0.154', '-0.006']
[INFO] [1783328188.734194175] [XARM_manager]: Sending goal to action server /jointspace_arm_R_controller/jointspace (attempt 1/3):
eai_manipulator_msgs.action.JointSpace_Goal(target_positions=[-2.905, 0.011, 2.91, -2.44, -0.0914, -0.1536, -0.0063])
[INFO] [1783328188.735059973] [XARM_manager]: Goal accepted. Waiting for result...
[INFO] [1783328190.593878977] [XARM_manager]: Action result received from /jointspace_arm_R_controller/jointspace
[INFO] [1783328190.594351072] [XARM_manager]: Action result: eai_manipulator_msgs.action.JointSpace_Result(success=True, result_msg='action finished')
[GRASP-EXEC] ELBOW-HIGH: ready move result: eai_manipulator_msgs.action.JointSpace_Result(success=True, result_msg='action finished')
[JOINT-LIMIT] right closest-to-limit: shoulder_pitch=-2.7899 [-2.96,2.96] dist=0.1701rad
[GRASP-EXEC] continuous orientation: object long-axis yaw +53.1deg (angle-from-X 53.1deg); applied continuous yaw -46.9deg about waist Z (gain=1.00, clamp +/-90deg) [top-down jaw-align: base jaw heading -170.0deg -> short-axis +143.1deg] -> quat=['-0.3099', '-0.1717', '0.9059', '0.2320']
[GRASP-EXEC] recomputed TCP along final quat: detected_tcp_xyz=['0.2964', '-0.0829', '-0.0428'] -> consistent_tcp_xyz=['0.3900', '-0.1527', '0.1751']
[GRASP-EXEC] approach lateral clamp: approach Y -0.1728 -> -0.1527 (= grasp Y); tool_z outboard component would have pushed the standoff further from center than the grasp, which folds the elbow into its stop at far-outboard reaches.
[GRASP-EXEC] approach along grasp axis: dist=0.120m tool_z=[-0.641,-0.167,0.749] approach_xyz=['0.3331', '-0.1527', '0.2700']
[GRASP-EXEC] applied lift tilt -15.0deg about waist Y -> lift quat=['-0.4255', '-0.2005', '0.8577', '0.2076']
[GRASP-EXEC] ELBOW-HIGH: using SEED grasp orientation (proactive); rebuilt grasp/approach/lift poses. The seed-anchored mode keeps the orientation the arm is already in, so the approach only translates and the wrist stays in range.
[GRASP-EXEC] ELBOW-HIGH QP joint window set on endpose_single_arm_qp_R_controller (flex 0.40rad, drop 0.15rad): shoulder_pitch[-2.96,-2.64], shoulder_roll[-0.55,0.00], shoulder_yaw[2.41,2.96], elbow_pitch[-2.61,-2.14], elbow_yaw[-0.55,-0.00]. Asymmetric: tight on the drop side so the elbow is actually held high; loose on the flex side so the arm can still reach.
[GRASP-EXEC] ELBOW-HIGH: wrist guard margin relaxed to 0.010rad (from 0.050) so the nose-down grasp can reach wrist_pitch~-0.71 (still inside the -0.785 stop). Other joints keep the full margin.
[INFO] [1783328190.617522257] [XARM_manager]: Deactivated controllers: ['jointspace_arm_R_controller']
[INFO] [1783328190.627315094] [XARM_manager]: Activated controllers: ['endpose_single_arm_qp_R_controller']
[GRASP-EXEC] QP-Stream right -> approach (pure-pursuit): pos=16.1cm rot=47.9deg, lookahead=13cm @ 50Hz, pos_tol=2.0cm accept=2.5cm keep_ori=False
[GRASP-EXEC] approach TCP tracking: commanded=[0.3331,-0.1527,0.2700] achieved=[0.3450,-0.1449,0.2829] err=[+11.9,+7.8,+12.9]mm |err|=19.2mm approach-axis tilt: achieved=+45.6deg commanded=+48.5deg (0=level) ori-err=3.8deg
[JOINT-LIMIT] right closest-to-limit: shoulder_yaw=2.7372 [-2.96,2.96] dist=0.2228rad
[JOINT-LIMIT] right approach per-joint: shoulder_pitch=-2.339[-2.96,+2.96](0.621) shoulder_roll=-0.228[-2.62,+0.26](0.490) shoulder_yaw=+2.737[-2.96,+2.96](0.223) elbow_pitch=-2.228[-2.61,+0.26](0.382) elbow_yaw=-0.490[-2.96,+2.96](2.470) wrist_pitch=+0.592[-0.79,+1.05](0.459) wrist_roll=-0.136[-1.30,+1.65](1.164)
[GRASP-EXEC] GRIPPER: open (after approach, before grasp insert)
[GRASP-EXEC] gripper open: start=90% -> target=0%
[GRASP-EXEC] gripper open result: pos=1% status=3 ok=True
[GRASP-EXEC] ARM: HYBRID pre-descent (position QP-stream) -> 9.2cm, leaving final 3.0cm for F/T compliant descend-to-contact
[GRASP-EXEC] QP-Stream right -> pre-grasp (pure-pursuit): pos=8.1cm rot=0.0deg, lookahead=8cm @ 50Hz, pos_tol=1.0cm accept=2.5cm keep_ori=True
[GRASP-EXEC] ARM: COMPLIANT insert to grasp pose (F/T admittance descend-to-contact)
[INFO] [1783328196.556683088] [XARM_manager]: [COMPLIANT-RIGHT] Loaded F/T calibration from /home/ubuntu/niu/compliant_grasp_execute/ft_calibration/ft_calibration_right.json
[INFO] [1783328196.579045580] [XARM_manager]: [COMPLIANT-RIGHT] target set: p=[0.39007265310992445, -0.14975268317114548, 0.1979105134669032] q=[-0.3096159077231278, -0.08470644102409883, 0.9219825326077016, 0.2165895152127708]
[INFO] [1783328196.579780706] [XARM_manager]: [COMPLIANT-RIGHT] seeded QP target at captured pose (z=+0.1979).
[INFO] [1783328196.580319242] [XARM_manager]: [COMPLIANT-RIGHT] admittance loop starting (calibrating force offset; keep hands off the arm briefly)...
[INFO] [1783328196.902564960] [XARM_manager]: [COMPLIANT-RIGHT] runtime offset calibrated. p_ref=[0.39007265310992445, -0.14975268317114548, 0.1979105134669032], ready.
[COMPLIANT-INSERT] runtime force-offset calibrated in 0.33s
[INFO] [1783328196.909335763] [XARM_manager]: [COMPLIANT-RIGHT] gains updated: B=[3.9597979746446663, 5.6, 3.9597979746446663] K=[20.0, 40.0, 20.0] B_rot=[0.5, 0.5, 0.5] K_rot=[0.0, 0.0, 0.0]
[COMPLIANT-INSERT] insertion dir=[+0.74,-0.11,-0.66] planned_depth=2.7cm soft_axes=xz K=[20.0, 40.0, 20.0] B=[3.96, 5.6, 3.96] contact_thresh=1.5N
[INFO] [1783328197.730815869] [XARM_manager]: [COMPLIANT-RIGHT] n=200 hz=242.3 F=[+1.18,+0.00,+3.01]N disp=[-1.8,+0.9,+4.3]cm v=[+0.20,-0.06,+0.20]
[COMPLIANT-INSERT] insert s=4.2cm tcp_drop=-0.2cm lag=+4.4cm resist=-0.47N (throttle x0)
[INFO] [1783328198.564691519] [XARM_manager]: [COMPLIANT-RIGHT] n=400 hz=240.8 F=[+0.00,-0.53,+0.00]N disp=[-0.5,+1.0,+6.8]cm v=[-0.11,-0.16,-0.20]
[COMPLIANT-INSERT] insert s=4.2cm tcp_drop=-1.0cm lag=+5.2cm resist=-0.55N (throttle x73)
[COMPLIANT-INSERT] ABORT no forward progress: tcp_drop -1.0cm < min 0.8cm (resist -0.1N). The arm is blocked before the descent started -- a wrist joint is saturated at its hard stop, or a residual force is pushing the tool backward. Re-teach this arm's elbow-high seed (so the grasp orientation keeps the wrist in range at the grasp pose) or lower the grasp tilt; do NOT just retry -- the arm will grind against the stop again.
[GRASP-EXEC] grasp TCP tracking: commanded=[0.4100,-0.1527,0.1801] achieved=[0.4191,-0.1459,0.2454] err=[+9.1,+6.8,+65.3]mm |err|=66.2mm approach-axis tilt: achieved=+50.7deg commanded=+48.5deg (0=level) ori-err=7.3deg
[JOINT-LIMIT] right closest-to-limit: wrist_roll=1.3684 [-1.3,1.65] dist=0.2816rad
[JOINT-LIMIT] right grasp per-joint: shoulder_pitch=-1.028[-2.96,+2.96](1.932) shoulder_roll=-0.577[-2.62,+0.26](0.839) shoulder_yaw=+1.087[-2.96,+2.96](1.873) elbow_pitch=-1.814[-2.61,+0.26](0.796) elbow_yaw=+0.934[-2.96,+2.96](2.026) wrist_pitch=+0.001[-0.79,+1.05](0.786) wrist_roll=+1.368[-1.30,+1.65](0.282)
[GRASP-EXEC] grasp insert failed to reach target; retrying with reduced long-axis alignment (yaw scale 0.50)
[GRASP-EXEC] continuous orientation: object long-axis yaw +53.1deg (angle-from-X 53.1deg); applied continuous yaw -23.5deg about waist Z (gain=1.00, clamp +/-90deg x scale 0.50) [top-down jaw-align: base jaw heading -170.0deg -> short-axis +143.1deg] -> quat=['-0.2686', '-0.2311', '0.9341', '0.0430']
[GRASP-EXEC] recomputed TCP along final quat: detected_tcp_xyz=['0.2964', '-0.0829', '-0.0428'] -> consistent_tcp_xyz=['0.4218', '-0.2169', '0.1751']
[GRASP-EXEC] ELBOW-HIGH seed retry: yaw scale 0.50
[GRASP-EXEC] approach lateral clamp: approach Y -0.2659 -> -0.2169 (= grasp Y); tool_z outboard component would have pushed the standoff further from center than the grasp, which folds the elbow into its stop at far-outboard reaches.
[GRASP-EXEC] approach along grasp axis: dist=0.120m tool_z=[-0.522,-0.409,0.749] approach_xyz=['0.3792', '-0.2169', '0.2700']
[GRASP-EXEC] applied lift tilt -15.0deg about waist Y -> lift quat=['-0.3882', '-0.2347', '0.8911', '0.0124']
[GRASP-EXEC] QP-Stream right -> approach (pure-pursuit): pos=8.5cm rot=25.8deg, lookahead=13cm @ 50Hz, pos_tol=2.0cm accept=2.5cm keep_ori=False
[INFO] [1783328199.432591158] [XARM_manager]: [COMPLIANT-RIGHT] n=600 hz=232.8 F=[-0.15,+0.00,-0.34]N disp=[-0.4,+0.5,+6.9]cm v=[+0.01,-0.04,-0.20]
[INFO] [1783328200.353098096] [XARM_manager]: [COMPLIANT-RIGHT] n=800 hz=219.3 F=[-1.57,+0.97,+6.99]N disp=[-1.0,-0.2,+3.0]cm v=[-0.20,+0.15,+0.20]
[INFO] [1783328201.295488241] [XARM_manager]: [COMPLIANT-RIGHT] n=1000 hz=215.3 F=[+0.00,+0.00,+0.62]N disp=[+0.2,+0.5,+6.8]cm v=[-0.03,-0.04,-0.20]
[INFO] [1783328202.226426071] [XARM_manager]: [COMPLIANT-RIGHT] n=1200 hz=217.1 F=[+0.44,+0.08,+2.49]N disp=[-1.3,+0.2,+4.0]cm v=[+0.08,-0.02,+0.05]
[INFO] [1783328203.163164785] [XARM_manager]: [COMPLIANT-RIGHT] n=1400 hz=216.0 F=[+18.43,+9.65,+15.47]N disp=[+0.7,+1.9,+10.3]cm v=[+0.20,+0.20,+0.20]
[INFO] [1783328204.091069439] [XARM_manager]: [COMPLIANT-RIGHT] n=1600 hz=217.7 F=[+19.57,+2.10,-2.77]N disp=[+1.6,+1.1,+10.2]cm v=[+0.20,+0.20,-0.20]
[INFO] [1783328205.013994949] [XARM_manager]: [COMPLIANT-RIGHT] n=1800 hz=219.4 F=[+12.85,-1.49,+12.55]N disp=[+1.5,+1.4,+3.3]cm v=[+0.20,-0.20,+0.20]
[INFO] [1783328205.933634912] [XARM_manager]: [COMPLIANT-RIGHT] n=2000 hz=219.4 F=[+14.83,+0.00,-0.29]N disp=[+3.0,+1.5,+3.4]cm v=[+0.20,-0.09,-0.20]
[INFO] [1783328206.865279198] [XARM_manager]: [COMPLIANT-RIGHT] n=2200 hz=217.2 F=[+5.22,-2.15,-17.17]N disp=[+5.2,+1.2,+7.1]cm v=[+0.20,-0.20,-0.20]
[INFO] [1783328207.793929127] [XARM_manager]: [COMPLIANT-RIGHT] n=2400 hz=217.8 F=[+0.57,+15.28,-17.69]N disp=[+5.8,-0.2,+6.9]cm v=[-0.19,+0.20,-0.20]
[GRASP-EXEC] QP-Stream approach: finished by deadline, 12.0cm from target
[GRASP-EXEC] QP-Stream approach: WARNING target not reached within 2.5cm (final 12.0cm)
[GRASP-EXEC] approach TCP tracking: commanded=[0.3792,-0.2169,0.2700] achieved=[0.4786,-0.1568,0.2381] err=[+99.4,+60.1,-31.9]mm |err|=120.5mm approach-axis tilt: achieved=+51.0deg commanded=+48.5deg (0=level) ori-err=25.7deg
[JOINT-LIMIT] right closest-to-limit: wrist_roll=1.1024 [-1.3,1.65] dist=0.5476rad
[JOINT-LIMIT] right approach per-joint: shoulder_pitch=-1.267[-2.96,+2.96](1.693) shoulder_roll=-0.557[-2.62,+0.26](0.819) shoulder_yaw=+1.377[-2.96,+2.96](1.583) elbow_pitch=-1.523[-2.61,+0.26](1.087) elbow_yaw=+0.770[-2.96,+2.96](2.190) wrist_pitch=-0.008[-0.79,+1.05](0.777) wrist_roll=+1.102[-1.30,+1.65](0.548)
[INFO] [1783328207.880207867] [XARM_manager]: [COMPLIANT-RIGHT] admittance loop stopped.
[JOINT-LIMIT] right closest-to-limit: wrist_roll=1.1024 [-1.3,1.65] dist=0.5476rad
[JOINT-LIMIT] right lift per-joint: shoulder_pitch=-1.267[-2.96,+2.96](1.693) shoulder_roll=-0.557[-2.62,+0.26](0.819) shoulder_yaw=+1.377[-2.96,+2.96](1.583) elbow_pitch=-1.523[-2.61,+0.26](1.087) elbow_yaw=+0.770[-2.96,+2.96](2.190) wrist_pitch=-0.008[-0.79,+1.05](0.777) wrist_roll=+1.102[-1.30,+1.65](0.548)
[GRASP-EXEC] ELBOW-HIGH QP joint limits restored on endpose_single_arm_qp_R_controller (back to hard limits).
[GRASP-EXEC] ELBOW-HIGH: wrist guard margin restored to full.
[INFO] [1783328207.903027398] [XARM_manager]: Deactivated controllers: ['endpose_single_arm_qp_R_controller']
[GRASP-EXEC] elbow-high seed ready/right: clamped 1 joint(s) inward (margin 0.05rad): shoulder_yaw +2.964->+2.910 [-2.960,2.960]
[GRASP-EXEC] ELBOW-HIGH: returning via transition waypoint before home (bridges elbow-high -> elbow-low without a large sweep).
[GRASP-EXEC] ELBOW-HIGH: right -> transition(return) joints=['-1.452', '-0.585', '1.455', '-1.870', '-0.746', '-0.142', '0.087']
[INFO] [1783328207.921294851] [XARM_manager]: Activated controllers: ['jointspace_arm_R_controller']
[INFO] [1783328207.922305693] [XARM_manager]: Sending goal to action server /jointspace_arm_R_controller/jointspace (attempt 1/3):
eai_manipulator_msgs.action.JointSpace_Goal(target_positions=[-1.4525, -0.5845, 1.455, -1.87, -0.7456999999999999, -0.14179999999999998, 0.08685])
[INFO] [1783328207.923530513] [XARM_manager]: Goal accepted. Waiting for result...
[INFO] [1783328209.835171831] [XARM_manager]: Action result received from /jointspace_arm_R_controller/jointspace
[INFO] [1783328209.835788858] [XARM_manager]: Action result: eai_manipulator_msgs.action.JointSpace_Result(success=True, result_msg='action finished')
[GRASP-EXEC] ELBOW-HIGH: transition(return) move result: eai_manipulator_msgs.action.JointSpace_Result(success=True, result_msg='action finished')
[GRASP-EXEC] RETURN HOME: right -> joints=['0.000', '-1.180', '0.000', '-1.300', '-1.400', '-0.130', '0.180']
[INFO] [1783328209.838944985] [XARM_manager]: Sending goal to action server /jointspace_arm_R_controller/jointspace (attempt 1/3):
eai_manipulator_msgs.action.JointSpace_Goal(target_positions=[0.0, -1.18, 0.0, -1.3, -1.4, -0.13, 0.18])
[INFO] [1783328209.840236346] [XARM_manager]: Goal accepted. Waiting for result...
[INFO] [1783328211.697934355] [XARM_manager]: Action result received from /jointspace_arm_R_controller/jointspace
[INFO] [1783328211.698384291] [XARM_manager]: Action result: eai_manipulator_msgs.action.JointSpace_Result(success=True, result_msg='action finished')
[GRASP-EXEC] return home result: eai_manipulator_msgs.action.JointSpace_Result(success=True, result_msg='action finished')
{
  "arm": "right",
  "pipeline_version": "accelerated",
  "motion_strategy": "qp_all",
  "dry_run": false,
  "motion": {
    "detected_pose7": [
      0.29643664207831,
      -0.08292218232931944,
      -0.04282989840581003,
      0.0057904634756261765,
      -0.7315676899308882,
      -0.07032402872863001,
      0.6781074520791645
    ],
    "approach_pose7": [
      0.37922229076345076,
      -0.2169072944885809,
      0.269998805773388,
      -0.2685662770504327,
      -0.2310939310095151,
      0.9341415707347708,
      0.04297994540497988
    ],
    "grasp_pose7": [
      0.44181700958628883,
      -0.2169072944885809,
      0.18012654580174645,
      -0.2685662770504327,
      -0.2310939310095151,
      0.9341415707347708,
      0.04297994540497988
    ],
    "lift_pose7": [
      0.44181700958628883,
      -0.2169072944885809,
      0.30012654580174647,
      -0.38819859754241426,
      -0.23472689900959537,
      0.89109492659854,
      0.012448435154058914
    ],
    "pre_home_pose7": [
      0.26181700958628884,
      -0.3169072944885809,
      0.35012654580174646,
      -0.38819859754241426,
      -0.23472689900959537,
      0.89109492659854,
      0.012448435154058914
    ],
    "grasp_xyz_offset_m": [
      0.02,
      0.0,
      0.005
    ],
    "grasp_quat": [
      -0.2685662770504327,
      -0.2310939310095151,
      0.9341415707347708,
      0.04297994540497988
    ],
    "use_fixed_grasp_quat": true,
    "phase_backends": {
      "approach": "qp_stream",
      "grasp": "qp_stream",
      "lift": "qp_stream"
    },
    "joint_limits_used": {
      "shoulder_pitch": [
        -2.96,
        2.96
      ],
      "shoulder_roll": [
        -2.616,
        0.262
      ],
      "shoulder_yaw": [
        -2.96,
        2.96
      ],
      "elbow_pitch": [
        -2.61,
        0.261
      ],
      "elbow_yaw": [
        -2.96,
        2.96
      ],
      "wrist_pitch": [
        -0.785,
        1.05
      ],
      "wrist_roll": [
        -1.3,
        1.65
      ]
    },
    "elbow_high_proactive_used": true,
    "elbow_high_orientation": "seed",
    "approach_tcp_tracking": {
      "commanded_xyz": [
        0.37922229076345076,
        -0.2169072944885809,
        0.269998805773388
      ],
      "achieved_xyz": [
        0.4786082231238437,
        -0.15679831873909844,
        0.23808563611949024
      ],
      "error_mm": [
        99.38593236039294,
        60.108975749482454,
        -31.913169653897732
      ],
      "error_norm_mm": 120.4537376512449,
      "achieved_quat": [
        -0.3162388028355784,
        -0.10581129941682987,
        0.9165317248103741,
        0.22083157816073964
      ],
      "approach_axis_tilt_deg": 51.040807028058715,
      "commanded_approach_axis_tilt_deg": 48.49825154788027,
      "orientation_error_deg": 25.653846434941617
    },
    "approach_joint_limits": {
      "closest": {
        "joint": "wrist_roll",
        "value": 1.1024,
        "lower": -1.3,
        "upper": 1.65,
        "dist_to_limit": 0.5476,
        "nearest_side": "upper"
      },
      "breached": [],
      "margin_rad": 0.05
    },
    "compliant_insert": {
      "ok": false,
      "contact": false,
      "reason": "blocked_no_progress",
      "resist_n": -0.14433933345458416,
      "traveled_m": -0.010314896135255465,
      "planned_depth_m": 0.026878487842932272,
      "ft_topic": "/arm_6dof_right",
      "calib_path": "/home/ubuntu/niu/compliant_grasp_execute/ft_calibration/ft_calibration_right.json",
      "calib_present": true,
      "commanded_m": 0.04181410831179001,
      "throttle_events": 80,
      "contact_kind": "blocked_no_progress"
    },
    "grasp_tcp_tracking": {
      "commanded_xyz": [
        0.4100116665152189,
        -0.1526885556531865,
        0.18012654580174647
      ],
      "achieved_xyz": [
        0.4190835155185708,
        -0.14591576325848934,
        0.2453932852054517
      ],
      "error_mm": [
        9.071849003351895,
        6.772792394697164,
        65.26673940370523
      ],
      "error_norm_mm": 66.24134987719115,
      "achieved_quat": [
        -0.31774382985696165,
        -0.10964080931406475,
        0.9146156200257568,
        0.22471319303878798
      ],
      "approach_axis_tilt_deg": 50.71766960730723,
      "commanded_approach_axis_tilt_deg": 48.49825154788029,
      "orientation_error_deg": 7.282736522759956
    },
    "grasp_joint_limits": {
      "closest": {
        "joint": "wrist_roll",
        "value": 1.3684,
        "lower": -1.3,
        "upper": 1.65,
        "dist_to_limit": 0.2816,
        "nearest_side": "upper"
      },
      "breached": [],
      "margin_rad": 0.05
    },
    "grasp_reach_retry_used": true,
    "grasp_reach_retry_yaw_scale": 0.5,
    "lift_joint_limits": {
      "closest": {
        "joint": "wrist_roll",
        "value": 1.1024,
        "lower": -1.3,
        "upper": 1.65,
        "dist_to_limit": 0.5476,
        "nearest_side": "upper"
      },
      "breached": [],
      "margin_rad": 0.05
    },
    "retract_ok": null,
    "return_home_ok": true,
    "released_on_finish_ok": null,
    "approach_ok": false,
    "grasp_ok": false,
    "lift_ok": true
  },
  "detection": {
    "class_name": "remote-control",
    "pose_head_roll_link": [
      0.8189110222654944,
      -0.10217797708902918,
      -0.12169093709937917,
      -0.36687541117366584,
      0.1859083672768285,
      0.8138247363405334,
      -0.4105238241233735
    ],
    "pose_tip_waist_yaw_link_rpy": {
      "x": 0.5605686363102466,
      "y": -0.10820294512014528,
      "z": -0.024090297135392347,
      "roll": 0.12015929652294462,
      "pitch": 0.09043588246426637,
      "yaw": -2.2156928039352533
    },
    "pose_tip_used_for_tcp_conversion_rpy": {
      "x": 0.5605686363102466,
      "y": -0.10820294512014528,
      "z": -0.024090297135392347,
      "roll": 2.1373614092877555,
      "pitch": -1.439161101226946,
      "yaw": -2.2288555961509138
    },
    "pose_tcp_waist_yaw_link_rpy": {
      "x": 0.29643664207831,
      "y": -0.08292218232931944,
      "z": -0.04282989840581003,
      "roll": 2.1373614092877555,
      "pitch": -1.439161101226946,
      "yaw": -2.2288555961509138
    },
    "pose_tcp_waist_yaw_link_pose7": [
      0.29643664207831,
      -0.08292218232931944,
      -0.04282989840581003,
      0.0057904634756261765,
      -0.7315676899308882,
      -0.07032402872863001,
      0.6781074520791645
    ],
    "current_tcp_pose7": [
      0.35168947908509146,
      -0.5952734702914458,
      0.2750462171114114,
      0.0057904634756261765,
      -0.7315676899308882,
      -0.07032402872863001,
      0.6781074520791645
    ],
    "tcp_minus_tip_waist_m": [
      -0.26413199423193656,
      0.025280762790825834,
      -0.018739601270417683
    ],
    "tcp_to_tip_offset_m": [
      0.0,
      0.0,
      -0.266
    ],
    "orientation_policy": "current",
    "use_current_tcp_rotation": true,
    "rotation_source_arm": "right",
    "bbox_2d": [
      652.77978515625,
      296.6257629394531,
      831.3713989257812,
      422.2194519042969
    ],
    "bbox_3d": {
      "min": [
        0.776738743423267,
        -0.18331619823819265,
        -0.17291418281971424
      ],
      "max": [
        0.8767324421940182,
        -0.021411736407651143,
        -0.0734740756631393
      ],
      "center": [
        0.8267355928086426,
        -0.1023639673229219,
        -0.12319412924142677
      ],
      "size": [
        0.09999369877075126,
        0.1619044618305415,
        0.09944010715657495
      ]
    },
    "object_long_axis_waist": [
      -0.598659227957904,
      -0.7958961944934992,
      -0.09031265897765142
    ],
    "object_long_axis_yaw_waist_deg": 53.050153637002595,
    "object_angle_from_waist_x_deg": 53.05015363700261
  },
  "gripper": {
    "open_ok": true,
    "close_ok": null,
    "final_pos_pct": null,
    "backend": "modbus_rtu"
  },
  "ok": false
}
[GRASP-EXEC] saved result json: /tmp/grasp_exec.json
[GRASP-EXEC] saved handoff: /tmp/grasp_handoff.json (arm=right holding=False)
