[日志] 日志文件: logs/grasp/grasp_260708_132129.log
[日志] 执行命令: python3 -m compliant_grasp_execute.main
[INFO] [1783488090.069159590] [XARM_manager]: waiting for service /controller_manager/get_parameters to become available...
[INFO] [1783488091.076588504] [XARM_manager]: XARM_manager initialized, robot_type: tianyi2, run_type: real
[INFO] [1783488091.082842475] [XARM_manager]: 已订阅关节状态话题: /joint_states
[INFO] [1783488091.088664627] [XARM_manager]: 已订阅警告和错误信息话题: /manipulator/warn_and_error_info
[INFO] [1783488091.096115262] [XARM_manager]: /joint_action_report 服务已启动
[CONFIG] loaded 201 params from /home/ubuntu/niu/compliant_grasp_execute/config.yaml
[GRASP-EXEC] STARTUP: enabling arms and moving BOTH to home posture
[INFO] [1783488097.058555748] [XARM_manager]: Deactivated controllers: ['jointspace_arm_R_controller']
[GRASP-EXEC] STARTUP: left -> home joints=['0.844', '0.026', '-0.006', '-2.216', '-1.529', '0.250', '0.683']
[INFO] [1783488097.081614710] [XARM_manager]: Activated controllers: ['jointspace_arm_L_controller']
[INFO] [1783488097.096486461] [XARM_manager]: Sending goal to action server /jointspace_arm_L_controller/jointspace (attempt 1/3):
eai_manipulator_msgs.action.JointSpace_Goal(target_positions=[0.844, 0.026, -0.006, -2.216, -1.529, 0.25, 0.683])
[INFO] [1783488097.099337126] [XARM_manager]: Goal accepted. Waiting for result...
[INFO] [1783488097.549668585] [XARM_manager]: Action result received from /jointspace_arm_L_controller/jointspace
[INFO] [1783488097.550029437] [XARM_manager]: Action result: eai_manipulator_msgs.action.JointSpace_Result(success=True, result_msg='action finished')
[GRASP-EXEC] STARTUP: right -> home joints=['0.844', '-0.026', '0.006', '-2.216', '1.529', '0.250', '-0.683']
[INFO] [1783488097.559556258] [XARM_manager]: Activated controllers: ['jointspace_arm_R_controller']
[INFO] [1783488097.572450759] [XARM_manager]: Sending goal to action server /jointspace_arm_R_controller/jointspace (attempt 1/3):
eai_manipulator_msgs.action.JointSpace_Goal(target_positions=[0.844, -0.026, 0.006, -2.216, 1.529, 0.25, -0.683])
[INFO] [1783488097.574097743] [XARM_manager]: Goal accepted. Waiting for result...
[INFO] [1783488098.132214829] [XARM_manager]: Action result received from /jointspace_arm_R_controller/jointspace
[INFO] [1783488098.132533829] [XARM_manager]: Action result: eai_manipulator_msgs.action.JointSpace_Result(success=True, result_msg='action finished')
[GRASP-EXEC] STARTUP: activating both grippers (open/close cycle)
[robotiq_api] gripper already activated (gSTA==3); skip resetActivate()
[GRASP-EXEC] STARTUP: gripper 'left' activated
[robotiq_api] gripper already activated (gSTA==3); skip resetActivate()
[GRASP-EXEC] STARTUP: gripper 'right' activated
perception health check pass
[object_pose] RGB (720, 1280, 3), depth (720, 1280), valid-depth pixels: 841464/921600 (median valid depth 0.965 m)
[GRASP-EXEC] ARM-SELECT: object waist Y=-0.196m (y < boundary 0.000) -> 'right' arm
[GRASP-EXEC] reach tilt reduction: object |Y|=0.196m -> tilt_scale=0.90 (backed the side-tilt off so the elbow can extend to a far-outboard object instead of folding into its stop)
[GRASP-EXEC] applied grasp tilt +40.6deg about waist Y (tilt scale 1.00 x reach 0.90) -> quat=['0.2550', '0.3495', '-0.6671', '-0.6064']
[GRASP-EXEC] continuous orientation: object long-axis yaw +2.0deg (angle-from-X 2.0deg); applied continuous yaw +2.0deg about waist Z (gain=1.00, clamp +/-15deg) -> quat=['0.2489', '0.3539', '-0.6775', '-0.5948']
[GRASP-EXEC] recomputed TCP along final quat: detected_tcp_xyz=['0.2898', '-0.1491', '-0.1429'] -> consistent_tcp_xyz=['0.3168', '-0.2449', '0.1511']
[GRASP-EXEC] approach lateral clamp: approach Y -0.2670 -> -0.2449 (= grasp Y); tool_z outboard component would have pushed the standoff further from center than the grasp, which folds the elbow into its stop at far-outboard reaches.
[GRASP-EXEC] approach along grasp axis: dist=0.120m tool_z=[-0.758,-0.184,0.626] approach_xyz=['0.2658', '-0.2449', '0.2311']
[GRASP-EXEC] applied lift tilt -15.0deg about waist Y -> lift quat=['0.3352', '0.4285', '-0.6393', '-0.5435']
[GRASP-EXEC] detected class=remote-control detected_pose7=['0.2898', '-0.1491', '-0.1429', '0.6947', '0.5070', '-0.3430', '-0.3777'] -> motion grasp_pose7=['0.3568', '-0.2449', '0.1561', '0.2489', '0.3539', '-0.6775', '-0.5948']
[INFO] [1783488101.730283299] [XARM_manager]: Deactivated controllers: ['jointspace_arm_L_controller', 'jointspace_arm_R_controller']
[GRASP-EXEC] arms enabled (mode 3) [took 0.02s]
[JOINT-LIMIT] right: using live controller limits from endpose_single_arm_qp_R_controller
[GRASP-EXEC] joint-limit guard ON (margin 0.050 rad) arm=right
[GRASP-EXEC] gripper: connecting in background (overlaps arm enable + approach to hide the slow serial open; --no-gripper-async-connect for the old blocking behaviour)
[GRASP-EXEC] ARM: approach via qp_stream
[GRASP-EXEC] gripper: arm='right' -> stable by-id port /dev/serial/by-id/usb-FTDI_FT231X_USB_UART_D30JLK40-if00-port0
[INFO] [1783488101.771177620] [XARM_manager]: Activated controllers: ['endpose_single_arm_qp_R_controller']
[GRASP-EXEC] QP-Stream right -> approach (pure-pursuit): pos=17.5cm rot=71.9deg, lookahead=13cm @ 50Hz, pos_tol=2.0cm accept=2.5cm keep_ori=False
[robotiq_api] gripper already activated (gSTA==3); skip resetActivate()
[GRASP-EXEC] gripper: cached serial port /dev/serial/by-id/usb-FTDI_FT231X_USB_UART_D30JLK40-if00-port0 -> /tmp/robotiq_gripper_port.txt
[GRASP-EXEC] gripper controller ready: backend=modbus_rtu port=auto slave=9 (wait_timeout=8.0s) [connect took 0.05s]
[GRASP-EXEC] approach TCP tracking: commanded=[0.2658,-0.2449,0.2311] achieved=[0.2752,-0.2604,0.2267] err=[+9.4,-15.5,-4.5]mm |err|=18.7mm approach-axis tilt: achieved=+39.1deg commanded=+38.7deg (0=level) ori-err=3.2deg
[JOINT-LIMIT] right closest-to-limit: elbow_pitch=-2.4402 [-2.61,0.261] dist=0.1698rad
[JOINT-LIMIT] right approach per-joint: shoulder_pitch=-0.113[-2.96,+2.96](2.847) shoulder_roll=-0.882[-2.62,+0.26](1.144) shoulder_yaw=+0.386[-2.96,+2.96](2.574) elbow_pitch=-2.440[-2.61,+0.26](0.170) elbow_yaw=+0.735[-2.96,+2.96](2.225) wrist_pitch=+0.814[-0.79,+1.05](0.236) wrist_roll=+1.009[-1.30,+1.65](0.641)
[GRASP-EXEC] GRIPPER: open (after approach, before grasp insert)
[GRASP-EXEC] gripper already open enough: 1% (skip open command)
[GRASP-EXEC] ARM: HYBRID pre-descent (position QP-stream) -> 7.9cm, leaving final 3.0cm for F/T compliant descend-to-contact
[GRASP-EXEC] QP-Stream right -> pre-grasp (pure-pursuit): pos=7.9cm rot=0.0deg, lookahead=8cm @ 50Hz, pos_tol=1.0cm accept=2.5cm keep_ori=True
[GRASP-EXEC] ARM: COMPLIANT insert to grasp pose (F/T admittance descend-to-contact)
[INFO] [1783488105.516760446] [XARM_manager]: [COMPLIANT-RIGHT] Loaded F/T calibration from /home/ubuntu/niu/compliant_grasp_execute/ft_calibration/ft_calibration_right.json
[INFO] [1783488105.537382900] [XARM_manager]: [COMPLIANT-RIGHT] target set: p=[0.32631254212291166, -0.2468386745308314, 0.1717921075294494] q=[-0.24060887951501647, -0.33315656051637443, 0.6913924693704285, 0.5942142093397708]
[INFO] [1783488105.537787393] [XARM_manager]: [COMPLIANT-RIGHT] seeded QP target at captured pose (z=+0.1718).
[INFO] [1783488105.538393281] [XARM_manager]: [COMPLIANT-RIGHT] admittance loop starting (calibrating force offset; keep hands off the arm briefly)...
[INFO] [1783488105.862832381] [XARM_manager]: [COMPLIANT-RIGHT] runtime offset calibrated. p_ref=[0.32631254212291166, -0.2468386745308314, 0.1717921075294494], ready.
[COMPLIANT-INSERT] runtime force-offset calibrated in 0.33s
[INFO] [1783488105.866220225] [XARM_manager]: [COMPLIANT-RIGHT] gains updated: B=[3.9597979746446663, 5.6, 3.9597979746446663] K=[20.0, 40.0, 20.0] B_rot=[0.5, 0.5, 0.5] K_rot=[0.0, 0.0, 0.0]
[COMPLIANT-INSERT] insertion dir=[+0.89,+0.06,-0.46] planned_depth=3.4cm soft_axes=xz K=[20.0, 40.0, 20.0] B=[3.96, 5.6, 3.96] contact_thresh=1.5N
[INFO] [1783488106.701501939] [XARM_manager]: [COMPLIANT-RIGHT] n=200 hz=240.5 F=[+0.00,+0.00,+0.00]N disp=[-3.0,-0.0,+2.3]cm v=[+0.16,+0.00,-0.12]
[COMPLIANT-INSERT] insert s=5.4cm tcp_drop=2.1cm lag=+3.4cm resist=-0.57N (throttle x0)
[INFO] [1783488107.538750912] [XARM_manager]: [COMPLIANT-RIGHT] n=400 hz=239.8 F=[+0.00,+0.00,+0.00]N disp=[-1.3,+0.1,+2.0]cm v=[+0.07,-0.01,-0.10]
[COMPLIANT-INSERT] insert s=5.4cm tcp_drop=3.8cm lag=+1.6cm resist=-0.69N (throttle x0)
[INFO] [1783488108.378063228] [XARM_manager]: [COMPLIANT-RIGHT] n=600 hz=239.3 F=[+0.00,+0.00,+0.00]N disp=[-0.6,+0.1,+1.4]cm v=[+0.04,-0.01,-0.07]
[INFO] [1783488108.862002947] [XARM_manager]: [COMPLIANT-RIGHT] gains updated: B=[10.844353369380768, 10.844353369380768, 10.844353369380768] K=[150.0, 150.0, 150.0] B_rot=[0.5, 0.5, 0.5] K_rot=[0.0, 0.0, 0.0]
[INFO] [1783488108.862560441] [XARM_manager]: [COMPLIANT-RIGHT] target set: p=[0.3713300640793889, -0.24295137707468079, 0.15822924274817907] q=[-0.24060887951501647, -0.33315656051637443, 0.6913924693704285, 0.5942142093397708]
[COMPLIANT-INSERT] reached commanded depth (tcp_drop 4.6cm of planned 3.4cm) WITHOUT contact (resist -0.7N < 1.5N); proceeding to close anyway
[GRASP-EXEC] grasp TCP tracking: commanded=[0.3568,-0.2449,0.1561] achieved=[0.3718,-0.2427,0.1581] err=[+15.0,+2.2,+2.1]mm |err|=15.3mm approach-axis tilt: achieved=+40.7deg commanded=+38.7deg (0=level) ori-err=2.4deg
[JOINT-LIMIT] right closest-to-limit: wrist_roll=1.0046 [-1.3,1.65] dist=0.6454rad
[JOINT-LIMIT] right grasp per-joint: shoulder_pitch=-0.267[-2.96,+2.96](2.693) shoulder_roll=-0.539[-2.62,+0.26](0.801) shoulder_yaw=+0.410[-2.96,+2.96](2.550) elbow_pitch=-1.935[-2.61,+0.26](0.675) elbow_yaw=+0.916[-2.96,+2.96](2.044) wrist_pitch=+0.402[-0.79,+1.05](0.648) wrist_roll=+1.005[-1.30,+1.65](0.645)
[GRASP-EXEC] GRIPPER: close at grasp pose (after arm motion, not at approach)
[INFO] [1783488109.217497213] [XARM_manager]: [COMPLIANT-RIGHT] n=800 hz=239.3 F=[+0.42,+0.00,+2.13]N disp=[+0.1,+0.1,+0.0]cm v=[+0.01,-0.01,+0.17]
[GRASP-EXEC] gripper close: start=1% -> target=100%
[INFO] [1783488110.051013059] [XARM_manager]: [COMPLIANT-RIGHT] n=1000 hz=240.4 F=[+0.00,+0.21,-0.01]N disp=[+0.1,-0.4,+1.7]cm v=[-0.02,+0.06,-0.20]
[GRASP-EXEC] gripper close result: pos=90% status=3 ok=True
[INFO] [1783488110.381075550] [XARM_manager]: [COMPLIANT-RIGHT] admittance loop stopped.
[GRASP-EXEC] ARM: rotate wrist away from table -20deg about waist Y before lift
[GRASP-EXEC] QP-Stream right -> table-clear (pure-pursuit): pos=0.0cm rot=20.0deg, lookahead=13cm @ 50Hz, pos_tol=2.0cm accept=2.5cm keep_ori=False
[GRASP-EXEC] ARM: lift after grasp
[GRASP-EXEC] QP-Stream right -> lift (pure-pursuit): pos=10.9cm rot=0.0deg, lookahead=13cm @ 50Hz, pos_tol=2.0cm accept=2.5cm keep_ori=True
[JOINT-LIMIT] right closest-to-limit: wrist_roll=1.2747 [-1.3,1.65] dist=0.3753rad
[JOINT-LIMIT] right lift per-joint: shoulder_pitch=-0.505[-2.96,+2.96](2.455) shoulder_roll=-0.696[-2.62,+0.26](0.958) shoulder_yaw=+0.436[-2.96,+2.96](2.524) elbow_pitch=-2.117[-2.61,+0.26](0.493) elbow_yaw=+0.776[-2.96,+2.96](2.183) wrist_pitch=+0.658[-0.79,+1.05](0.392) wrist_roll=+1.275[-1.30,+1.65](0.375)
[INFO] [1783488111.456979164] [XARM_manager]: Deactivated controllers: ['endpose_single_arm_qp_R_controller']
[GRASP-EXEC] ELBOW-LOW: returning HOME directly (no pre-home waypoint)
[GRASP-EXEC] RETURN HOME: right -> joints=['0.844', '-0.026', '0.006', '-2.216', '1.529', '0.250', '-0.683']
[INFO] [1783488111.475776277] [XARM_manager]: Activated controllers: ['jointspace_arm_R_controller']
[INFO] [1783488111.476599718] [XARM_manager]: Sending goal to action server /jointspace_arm_R_controller/jointspace (attempt 1/3):
eai_manipulator_msgs.action.JointSpace_Goal(target_positions=[0.844, -0.026, 0.006, -2.216, 1.529, 0.25, -0.683])
[INFO] [1783488111.477966793] [XARM_manager]: Goal accepted. Waiting for result...
[INFO] [1783488113.710064310] [XARM_manager]: Action result received from /jointspace_arm_R_controller/jointspace
[INFO] [1783488113.710556260] [XARM_manager]: Action result: eai_manipulator_msgs.action.JointSpace_Result(success=True, result_msg='action finished')
[GRASP-EXEC] return home result: eai_manipulator_msgs.action.JointSpace_Result(success=True, result_msg='action finished')
{
  "arm": "right",
  "pipeline_version": "accelerated",
  "motion_strategy": "qp_all",
  "dry_run": false,
  "motion": {
    "detected_pose7": [
      0.2897968995897109,
      -0.14905461401728992,
      -0.14286995700263366,
      0.6946829073529895,
      0.5070447456387188,
      -0.34298637153417233,
      -0.3777322240603619
    ],
    "approach_pose7": [
      0.26577886268071776,
      -0.2449456960865175,
      0.23114272589812734,
      0.24886713876242644,
      0.35388789464013937,
      -0.6775411150787086,
      -0.5947827692941963
    ],
    "grasp_pose7": [
      0.356763856448069,
      -0.2449456960865175,
      0.15606388463299786,
      0.24886713876242644,
      0.35388789464013937,
      -0.6775411150787086,
      -0.5947827692941963
    ],
    "lift_pose7": [
      0.356763856448069,
      -0.2449456960865175,
      0.27606388463299786,
      0.3351749077145623,
      0.42849506471743143,
      -0.6392609769229085,
      -0.5435026808902673
    ],
    "pre_home_pose7": [
      0.17676385644806902,
      -0.3449456960865175,
      0.32606388463299785,
      0.3351749077145623,
      0.42849506471743143,
      -0.6392609769229085,
      -0.5435026808902673
    ],
    "grasp_xyz_offset_m": [
      0.04,
      0.0,
      0.005
    ],
    "grasp_quat": [
      0.24886713876242644,
      0.35388789464013937,
      -0.6775411150787086,
      -0.5947827692941963
    ],
    "use_fixed_grasp_quat": true,
    "phase_backends": {
      "approach": "qp_stream",
      "grasp": "qp_stream",
      "lift": "qp_stream"
    },
    "joint_limits_used": {
      "shoulder_pitch": [
        -2.96,
        2.96
      ],
      "shoulder_roll": [
        -2.616,
        0.262
      ],
      "shoulder_yaw": [
        -2.96,
        2.96
      ],
      "elbow_pitch": [
        -2.61,
        0.261
      ],
      "elbow_yaw": [
        -2.96,
        2.96
      ],
      "wrist_pitch": [
        -0.785,
        1.05
      ],
      "wrist_roll": [
        -1.3,
        1.65
      ]
    },
    "approach_tcp_tracking": {
      "commanded_xyz": [
        0.26577886268071776,
        -0.2449456960865175,
        0.23114272589812734
      ],
      "achieved_xyz": [
        0.275213170968707,
        -0.2604444418790122,
        0.22667526717946138
      ],
      "error_mm": [
        9.434308287989246,
        -15.498745792494717,
        -4.467458718665967
      ],
      "error_norm_mm": 18.68623775445929,
      "achieved_quat": [
        -0.2438946104709791,
        -0.35415637539483485,
        0.6597657205060166,
        0.6162774333006029
      ],
      "approach_axis_tilt_deg": 39.06320915832638,
      "commanded_approach_axis_tilt_deg": 38.730426543426354,
      "orientation_error_deg": 3.246880724340921
    },
    "approach_joint_limits": {
      "closest": {
        "joint": "elbow_pitch",
        "value": -2.4402,
        "lower": -2.61,
        "upper": 0.261,
        "dist_to_limit": 0.1698,
        "nearest_side": "lower"
      },
      "breached": [],
      "margin_rad": 0.05
    },
    "compliant_insert": {
      "ok": true,
      "contact": false,
      "reason": "reached_depth_no_contact",
      "resist_n": -0.6658063223185388,
      "traveled_m": 0.04636550217748299,
      "planned_depth_m": 0.034325543069274704,
      "ft_topic": "/arm_6dof_right",
      "calib_path": "/home/ubuntu/niu/compliant_grasp_execute/ft_calibration/ft_calibration_right.json",
      "calib_present": true,
      "commanded_m": 0.0543255430692747,
      "throttle_events": 0
    },
    "grasp_tcp_tracking": {
      "commanded_xyz": [
        0.356763856448069,
        -0.2449456960865175,
        0.15606388463299786
      ],
      "achieved_xyz": [
        0.37179774278641364,
        -0.2427232012084185,
        0.15814596891421737
      ],
      "error_mm": [
        15.033886338344626,
        2.2224948780990017,
        2.0820842812195037
      ],
      "error_norm_mm": 15.339240426811974,
      "achieved_quat": [
        -0.2435817477152129,
        -0.3383986731857611,
        0.6906405723472833,
        0.590905973902732
      ],
      "approach_axis_tilt_deg": 40.71588289807261,
      "commanded_approach_axis_tilt_deg": 38.730426543426354,
      "orientation_error_deg": 2.4429616319295744
    },
    "grasp_joint_limits": {
      "closest": {
        "joint": "wrist_roll",
        "value": 1.0046,
        "lower": -1.3,
        "upper": 1.65,
        "dist_to_limit": 0.6454,
        "nearest_side": "upper"
      },
      "breached": [],
      "margin_rad": 0.05
    },
    "lift_joint_limits": {
      "closest": {
        "joint": "wrist_roll",
        "value": 1.2747,
        "lower": -1.3,
        "upper": 1.65,
        "dist_to_limit": 0.3753,
        "nearest_side": "upper"
      },
      "breached": [],
      "margin_rad": 0.05
    },
    "retract_ok": null,
    "return_home_ok": true,
    "released_on_finish_ok": null,
    "approach_ok": true,
    "grasp_ok": true,
    "lift_ok": true
  },
  "detection": {
    "class_name": "remote-control",
    "pose_head_roll_link": [
      0.7801299670662787,
      -0.19526714948771126,
      -0.14416087487714205,
      -0.35146008116403893,
      -0.03175593756562638,
      0.9351049651263758,
      -0.03234309777208453
    ],
    "pose_tip_waist_yaw_link_rpy": {
      "x": 0.518447259299031,
      "y": -0.196133784893996,
      "z": -0.015360880171372493,
      "roll": -0.08288576020275146,
      "pitch": 0.02519601878598743,
      "yaw": -3.106984884086316
    },
    "pose_tip_used_for_tcp_conversion_rpy": {
      "x": 0.518447259299031,
      "y": -0.196133784893996,
      "z": -0.015360880171372493,
      "roll": -2.0731225134478017,
      "pitch": 0.09361594149550578,
      "yaw": 1.316428324851826
    },
    "pose_tcp_waist_yaw_link_rpy": {
      "x": 0.2897968995897109,
      "y": -0.14905461401728992,
      "z": -0.14286995700263366,
      "roll": -2.0731225134478017,
      "pitch": 0.09361594149550578,
      "yaw": 1.316428324851826
    },
    "pose_tcp_waist_yaw_link_pose7": [
      0.2897968995897109,
      -0.14905461401728992,
      -0.14286995700263366,
      0.6946829073529895,
      0.5070447456387188,
      -0.34298637153417233,
      -0.3777322240603619
    ],
    "current_tcp_pose7": [
      0.1156096430104586,
      -0.2578345280323547,
      0.14138097587445664,
      0.6946829073529895,
      0.5070447456387188,
      -0.34298637153417233,
      -0.3777322240603619
    ],
    "tcp_minus_tip_waist_m": [
      -0.22865035970932013,
      0.04707917087670607,
      -0.12750907683126117
    ],
    "tcp_to_tip_offset_m": [
      0.0,
      0.0,
      -0.266
    ],
    "orientation_policy": "current",
    "use_current_tcp_rotation": true,
    "rotation_source_arm": "right",
    "bbox_2d": [
      797.773193359375,
      293.89190673828125,
      871.3385620117188,
      470.4923400878906
    ],
    "bbox_3d": {
      "min": [
        0.7179764071860678,
        -0.22618640073754528,
        -0.20301792775296915
      ],
      "max": [
        0.8544452337784104,
        -0.17080537923392097,
        -0.08184106800699747
      ],
      "center": [
        0.7862108204822391,
        -0.19849588998573314,
        -0.14242949787998332
      ],
      "size": [
        0.1364688265923426,
        0.05538102150362431,
        0.12117685974597167
      ]
    },
    "object_long_axis_waist": [
      -0.9990839980808444,
      -0.03458987922933396,
      -0.025193352966522253
    ],
    "object_long_axis_yaw_waist_deg": 1.982879130910817,
    "object_angle_from_waist_x_deg": 1.9828791309108103
  },
  "gripper": {
    "open_ok": true,
    "close_ok": true,
    "final_pos_pct": 90.0,
    "backend": "modbus_rtu"
  },
  "ok": true
}
[GRASP-EXEC] saved result json: /tmp/grasp_exec.json
[GRASP-EXEC] saved handoff: /tmp/grasp_handoff.json (arm=right holding=True)
