[日志] 日志文件: logs/grasp/grasp_260707_145602.log
[日志] 执行命令: python3 -m compliant_grasp_execute.main
[INFO] [1783407363.058869361] [XARM_manager]: waiting for service /controller_manager/get_parameters to become available...
[INFO] [1783407363.817108777] [XARM_manager]: XARM_manager initialized, robot_type: tianyi2, run_type: real
[INFO] [1783407363.823869922] [XARM_manager]: 已订阅关节状态话题: /joint_states
[INFO] [1783407363.827889966] [XARM_manager]: 已订阅警告和错误信息话题: /manipulator/warn_and_error_info
[INFO] [1783407363.837266328] [XARM_manager]: /joint_action_report 服务已启动
[CONFIG] loaded 201 params from /home/ubuntu/niu/compliant_grasp_execute/config.yaml
[GRASP-EXEC] STARTUP: enabling arms and moving BOTH to home posture
[INFO] [1783407370.005864774] [XARM_manager]: Deactivated controllers: ['jointspace_arm_L_controller']
[GRASP-EXEC] STARTUP: left -> home joints=['0.844', '0.026', '-0.006', '-2.216', '-1.529', '0.250', '0.683']
[INFO] [1783407370.028735793] [XARM_manager]: Activated controllers: ['jointspace_arm_L_controller']
[INFO] [1783407370.043221561] [XARM_manager]: Sending goal to action server /jointspace_arm_L_controller/jointspace (attempt 1/3):
eai_manipulator_msgs.action.JointSpace_Goal(target_positions=[0.844, 0.026, -0.006, -2.216, -1.529, 0.25, 0.683])
[INFO] [1783407370.046770101] [XARM_manager]: Goal accepted. Waiting for result...
[INFO] [1783407370.494496953] [XARM_manager]: Action result received from /jointspace_arm_L_controller/jointspace
[INFO] [1783407370.494984541] [XARM_manager]: Action result: eai_manipulator_msgs.action.JointSpace_Result(success=True, result_msg='action finished')
[GRASP-EXEC] STARTUP: right -> home joints=['0.844', '-0.026', '0.006', '-2.216', '1.529', '0.250', '-0.683']
[INFO] [1783407370.506814041] [XARM_manager]: Activated controllers: ['jointspace_arm_R_controller']
[INFO] [1783407370.521271462] [XARM_manager]: Sending goal to action server /jointspace_arm_R_controller/jointspace (attempt 1/3):
eai_manipulator_msgs.action.JointSpace_Goal(target_positions=[0.844, -0.026, 0.006, -2.216, 1.529, 0.25, -0.683])
[INFO] [1783407370.523239483] [XARM_manager]: Goal accepted. Waiting for result...
[INFO] [1783407370.975997935] [XARM_manager]: Action result received from /jointspace_arm_R_controller/jointspace
[INFO] [1783407370.976242730] [XARM_manager]: Action result: eai_manipulator_msgs.action.JointSpace_Result(success=True, result_msg='action finished')
[GRASP-EXEC] STARTUP: activating both grippers (open/close cycle)
[robotiq_api] gripper already activated (gSTA==3); skip resetActivate()
[GRASP-EXEC] STARTUP: gripper 'left' activated
[robotiq_api] gripper already activated (gSTA==3); skip resetActivate()
[GRASP-EXEC] STARTUP: gripper 'right' activated
perception health check pass
[object_pose] RGB (720, 1280, 3), depth (720, 1280), valid-depth pixels: 855203/921600 (median valid depth 1.296 m)
[GRASP-EXEC] ARM-SELECT: object waist Y=+0.170m (y >= boundary 0.000) -> 'left' arm
[GRASP-EXEC] diagonal schedule: angle-from-X=88.01829157183049deg -> tilt_scale=0.50, yaw_clamp=45.0deg (freed wrist_pitch, raised jaw alignment)
[GRASP-EXEC] applied grasp tilt +22.5deg about waist Y (tilt scale 1.00 x diag 0.50) -> quat=['-0.3570', '0.4408', '0.6186', '-0.5437']
[GRASP-EXEC] continuous orientation: object long-axis yaw -88.0deg (angle-from-X 88.0deg); applied continuous yaw -45.0deg about waist Z (gain=1.00, clamp +/-45deg) -> quat=['-0.1611', '0.5438', '0.7796', '-0.2656']
[GRASP-EXEC] recomputed TCP along final quat: detected_tcp_xyz=['0.4213', '0.2171', '-0.1366'] -> consistent_tcp_xyz=['0.5064', '0.3727', '0.0855']
[GRASP-EXEC] approach lateral clamp: approach Y +0.4642 -> +0.3727 (= grasp Y); tool_z outboard component would have pushed the standoff further from center than the grasp, which folds the elbow into its stop at far-outboard reaches.
[GRASP-EXEC] approach along grasp axis: dist=0.120m tool_z=[-0.540,0.762,0.357] approach_xyz=['0.4816', '0.3727', '0.1333']
[GRASP-EXEC] applied lift tilt -15.0deg about waist Y -> lift quat=['-0.2615', '0.5738', '0.7519', '-0.1923']
[GRASP-EXEC] detected class=remote-control detected_pose7=['0.4213', '0.2171', '-0.1366', '0.6946', '0.5067', '-0.3432', '-0.3781'] -> motion grasp_pose7=['0.5464', '0.3727', '0.0905', '-0.1611', '0.5438', '0.7796', '-0.2656']
[INFO] [1783407374.550360417] [XARM_manager]: Deactivated controllers: ['jointspace_arm_L_controller', 'jointspace_arm_R_controller']
[GRASP-EXEC] arms enabled (mode 3) [took 0.03s]
[JOINT-LIMIT] left: using live controller limits from endpose_single_arm_qp_L_controller
[GRASP-EXEC] joint-limit guard ON (margin 0.050 rad) arm=left
[GRASP-EXEC] gripper: connecting in background (overlaps arm enable + approach to hide the slow serial open; --no-gripper-async-connect for the old blocking behaviour)
[GRASP-EXEC] ARM: approach via qp_stream
[GRASP-EXEC] ELBOW-HIGH (proactive): object long axis ~parallel to body (angle-from-X=88.01829157183049 >= 60.0deg); the elbow-high seed's fore-aft jaws match a parallel object's short axis; reconfiguring to elbow-high seed before approach.
[GRASP-EXEC] elbow-high seed ready/left: clamped 1 joint(s) inward (margin 0.05rad): shoulder_yaw -2.964->-2.910 [-2.960,2.960]
[GRASP-EXEC] gripper: arm='left' -> stable by-id port /dev/serial/by-id/usb-FTDI_FT231X_USB_UART_DU0E2IPR-if00-port0
[GRASP-EXEC] ELBOW-HIGH: reconfiguring left arm into elbow-high seed (jointspace: home -> stage -> transition -> ready). NOTE: jointspace moves run at the controller's own speed; watch the first reconfiguration for table/body clearance.
[GRASP-EXEC] ELBOW-HIGH: left -> stage joints=['0.000', '1.180', '0.000', '-1.300', '1.400', '-0.130', '0.180']
[INFO] [1783407374.598571154] [XARM_manager]: Activated controllers: ['jointspace_arm_L_controller']
[INFO] [1783407374.599739539] [XARM_manager]: Sending goal to action server /jointspace_arm_L_controller/jointspace (attempt 1/3):
eai_manipulator_msgs.action.JointSpace_Goal(target_positions=[0.0, 1.18, 0.0, -1.3, 1.4, -0.13, 0.18])
[INFO] [1783407374.604214054] [XARM_manager]: Goal accepted. Waiting for result...
[robotiq_api] gripper already activated (gSTA==3); skip resetActivate()
[GRASP-EXEC] gripper: cached serial port /dev/serial/by-id/usb-FTDI_FT231X_USB_UART_DU0E2IPR-if00-port0 -> /tmp/robotiq_gripper_port.txt
[GRASP-EXEC] gripper controller ready: backend=modbus_rtu port=auto slave=9 (wait_timeout=8.0s) [connect took 0.04s]
[INFO] [1783407377.555962005] [XARM_manager]: Action result received from /jointspace_arm_L_controller/jointspace
[INFO] [1783407377.556444904] [XARM_manager]: Action result: eai_manipulator_msgs.action.JointSpace_Result(success=True, result_msg='action finished')
[GRASP-EXEC] ELBOW-HIGH: stage move result: eai_manipulator_msgs.action.JointSpace_Result(success=True, result_msg='action finished')
[GRASP-EXEC] ELBOW-HIGH: left -> transition joints=['-1.452', '0.585', '-1.455', '-1.870', '0.746', '-0.142', '0.093']
[INFO] [1783407377.560591399] [XARM_manager]: Sending goal to action server /jointspace_arm_L_controller/jointspace (attempt 1/3):
eai_manipulator_msgs.action.JointSpace_Goal(target_positions=[-1.4525, 0.5845, -1.455, -1.87, 0.7456999999999999, -0.14179999999999998, 0.09315])
[INFO] [1783407377.561595983] [XARM_manager]: Goal accepted. Waiting for result...
[INFO] [1783407379.416689348] [XARM_manager]: Action result received from /jointspace_arm_L_controller/jointspace
[INFO] [1783407379.417165010] [XARM_manager]: Action result: eai_manipulator_msgs.action.JointSpace_Result(success=True, result_msg='action finished')
[GRASP-EXEC] ELBOW-HIGH: transition move result: eai_manipulator_msgs.action.JointSpace_Result(success=True, result_msg='action finished')
[GRASP-EXEC] ELBOW-HIGH: left -> ready joints=['-2.905', '-0.011', '-2.910', '-2.440', '0.091', '-0.154', '0.006']
[INFO] [1783407379.420633880] [XARM_manager]: Sending goal to action server /jointspace_arm_L_controller/jointspace (attempt 1/3):
eai_manipulator_msgs.action.JointSpace_Goal(target_positions=[-2.905, -0.011, -2.91, -2.44, 0.0914, -0.1536, 0.0063])
[INFO] [1783407379.424275919] [XARM_manager]: Goal accepted. Waiting for result...
[INFO] [1783407381.279383713] [XARM_manager]: Action result received from /jointspace_arm_L_controller/jointspace
[INFO] [1783407381.279719749] [XARM_manager]: Action result: eai_manipulator_msgs.action.JointSpace_Result(success=True, result_msg='action finished')
[GRASP-EXEC] ELBOW-HIGH: ready move result: eai_manipulator_msgs.action.JointSpace_Result(success=True, result_msg='action finished')
[JOINT-LIMIT] left closest-to-limit: shoulder_pitch=-2.7901 [-2.96,2.96] dist=0.1699rad
[GRASP-EXEC] continuous orientation: object long-axis yaw -88.0deg (angle-from-X 88.0deg); applied continuous yaw +11.8deg about waist Z (gain=1.00, clamp +/-90deg) [top-down jaw-align: base jaw heading +170.1deg -> short-axis +2.0deg] -> quat=['-0.2445', '0.2613', '0.9323', '0.0523']
[GRASP-EXEC] recomputed TCP along final quat: detected_tcp_xyz=['0.4213', '0.2171', '-0.1366'] -> consistent_tcp_xyz=['0.5361', '0.3063', '0.1886']
[GRASP-EXEC] approach lateral clamp: approach Y +0.3679 -> +0.3063 (= grasp Y); tool_z outboard component would have pushed the standoff further from center than the grasp, which folds the elbow into its stop at far-outboard reaches.
[GRASP-EXEC] approach along grasp axis: dist=0.120m tool_z=[-0.429,0.513,0.744] approach_xyz=['0.5246', '0.3063', '0.2828']
[GRASP-EXEC] applied lift tilt -15.0deg about waist Y -> lift quat=['-0.3641', '0.2523', '0.8924', '0.0860']
[GRASP-EXEC] ELBOW-HIGH: using SEED grasp orientation (proactive); rebuilt grasp/approach/lift poses. The seed-anchored mode keeps the orientation the arm is already in, so the approach only translates and the wrist stays in range.
[GRASP-EXEC] ELBOW-HIGH QP joint window set on endpose_single_arm_qp_L_controller (flex 0.40rad, drop 0.15rad): shoulder_pitch[-2.96,-2.64], shoulder_roll[-0.01,0.54], shoulder_yaw[-2.96,-2.41], elbow_pitch[-2.61,-2.14], elbow_yaw[0.00,0.55]. Asymmetric: tight on the drop side so the elbow is actually held high; loose on the flex side so the arm can still reach.
[GRASP-EXEC] ELBOW-HIGH: wrist guard margin relaxed to 0.010rad (from 0.050) so the nose-down grasp can reach wrist_pitch~-0.71 (still inside the -0.785 stop). Other joints keep the full margin.
[INFO] [1783407381.301520798] [XARM_manager]: Deactivated controllers: ['jointspace_arm_L_controller']
[INFO] [1783407381.311495646] [XARM_manager]: Activated controllers: ['endpose_single_arm_qp_L_controller']
[GRASP-EXEC] QP-Stream left -> approach (pure-pursuit): pos=37.5cm rot=17.5deg, lookahead=13cm @ 50Hz, pos_tol=2.0cm accept=2.5cm keep_ori=False
[GRASP-EXEC] approach TCP tracking: commanded=[0.5246,0.3063,0.2828] achieved=[0.5168,0.3046,0.2654] err=[-7.8,-1.8,-17.5]mm |err|=19.2mm approach-axis tilt: achieved=+52.2deg commanded=+48.1deg (0=level) ori-err=4.4deg
[JOINT-LIMIT] left closest-to-limit: wrist_pitch=-0.7268 [-0.785,1.05] dist=0.0582rad
[JOINT-LIMIT] left approach per-joint: shoulder_pitch=-1.748[-2.96,+2.96](1.212) shoulder_roll=+0.644[-0.26,+2.62](0.906) shoulder_yaw=-2.221[-2.96,+2.96](0.739) elbow_pitch=-0.988[-2.61,+0.26](1.249) elbow_yaw=-0.830[-2.96,+2.96](2.130) wrist_pitch=-0.727[-0.79,+1.05](0.058) wrist_roll=+0.283[-1.65,+1.30](1.017)
[GRASP-EXEC] GRIPPER: open (after approach, before grasp insert)
[GRASP-EXEC] gripper open: start=90% -> target=0%
[GRASP-EXEC] gripper open result: pos=1% status=3 ok=True
[GRASP-EXEC] ARM: HYBRID pre-descent (position QP-stream) -> 6.3cm, leaving final 3.0cm for F/T compliant descend-to-contact
[GRASP-EXEC] QP-Stream left -> pre-grasp (pure-pursuit): pos=6.5cm rot=0.0deg, lookahead=8cm @ 50Hz, pos_tol=1.0cm accept=2.5cm keep_ori=True
[GRASP-EXEC] ARM: COMPLIANT insert to grasp pose (F/T admittance descend-to-contact)
[INFO] [1783407387.094767729] [XARM_manager]: [COMPLIANT-LEFT] Loaded F/T calibration from /home/ubuntu/niu/compliant_grasp_execute/ft_calibration/ft_calibration_left.json
[INFO] [1783407387.115416916] [XARM_manager]: [COMPLIANT-LEFT] target set: p=[0.5489609703501868, 0.3043374240038757, 0.2117043605093947] q=[-0.20901959076170604, 0.2685534407700071, 0.9388472560668649, 0.052494665482483265]
[INFO] [1783407387.115810097] [XARM_manager]: [COMPLIANT-LEFT] seeded QP target at captured pose (z=+0.2117).
[INFO] [1783407387.116440255] [XARM_manager]: [COMPLIANT-LEFT] admittance loop starting (calibrating force offset; keep hands off the arm briefly)...
[INFO] [1783407387.448267167] [XARM_manager]: [COMPLIANT-LEFT] runtime offset calibrated. p_ref=[0.5489609703501868, 0.3043374240038757, 0.2117043605093947], ready.
[COMPLIANT-INSERT] runtime force-offset calibrated in 0.34s
[INFO] [1783407387.461548089] [XARM_manager]: [COMPLIANT-LEFT] gains updated: B=[3.9597979746446663, 5.6, 3.9597979746446663] K=[20.0, 40.0, 20.0] B_rot=[0.5, 0.5, 0.5] K_rot=[0.0, 0.0, 0.0]
[COMPLIANT-INSERT] insertion dir=[+0.83,+0.06,-0.56] planned_depth=3.3cm soft_axes=xz K=[20.0, 40.0, 20.0] B=[3.96, 5.6, 3.96] contact_thresh=1.5N
[INFO] [1783407388.281598403] [XARM_manager]: [COMPLIANT-LEFT] n=200 hz=241.9 F=[+1.10,+1.50,-7.95]N disp=[-3.6,-0.2,+2.1]cm v=[+0.20,+0.20,-0.20]
[COMPLIANT-INSERT] insert s=3.7cm tcp_drop=-0.3cm lag=+3.9cm resist=-5.95N (throttle x0)
[INFO] [1783407389.115221679] [XARM_manager]: [COMPLIANT-LEFT] n=400 hz=240.4 F=[-4.26,-2.65,+8.48]N disp=[-4.4,+0.4,+0.6]cm v=[-0.20,-0.20,+0.20]
[INFO] [1783407389.193930556] [XARM_manager]: [COMPLIANT-LEFT] gains updated: B=[10.844353369380768, 10.844353369380768, 10.844353369380768] K=[150.0, 150.0, 150.0] B_rot=[0.5, 0.5, 0.5] K_rot=[0.0, 0.0, 0.0]
[INFO] [1783407389.194246269] [XARM_manager]: [COMPLIANT-LEFT] target set: p=[0.5476268080645149, 0.31283249173246996, 0.19550239938468206] q=[-0.20901959076170604, 0.2685534407700071, 0.9388472560668649, 0.052494665482483265]
[COMPLIANT-INSERT] CONTACT (force) at tcp_drop 0.8cm (resist 13.2N, thresh 1.5N); holding compliant for gripper close
[GRASP-EXEC] grasp TCP tracking: commanded=[0.5761,0.3063,0.1936] achieved=[0.5474,0.3187,0.1977] err=[-28.7,+12.4,+4.1]mm |err|=31.5mm approach-axis tilt: achieved=+54.3deg commanded=+48.1deg (0=level) ori-err=6.5deg
[JOINT-LIMIT] left closest-to-limit: wrist_pitch=-0.7358 [-0.785,1.05] dist=0.0492rad
[JOINT-LIMIT] left grasp per-joint: shoulder_pitch=-1.513[-2.96,+2.96](1.447) shoulder_roll=+0.447[-0.26,+2.62](0.709) shoulder_yaw=-2.254[-2.96,+2.96](0.706) elbow_pitch=-0.544[-2.61,+0.26](0.805) elbow_yaw=-0.900[-2.96,+2.96](2.060) wrist_pitch=-0.736[-0.79,+1.05](0.049) wrist_roll=+0.481[-1.65,+1.30](0.819)
[GRASP-EXEC] GRIPPER: close at grasp pose (after arm motion, not at approach)
[GRASP-EXEC] gripper close: start=1% -> target=100%
[INFO] [1783407389.942798514] [XARM_manager]: [COMPLIANT-LEFT] n=600 hz=242.3 F=[+0.25,+2.52,-7.35]N disp=[-0.6,+0.0,+1.4]cm v=[+0.11,+0.20,-0.20]
[GRASP-EXEC] gripper close result: pos=90% status=3 ok=True
[INFO] [1783407390.380054754] [XARM_manager]: [COMPLIANT-LEFT] admittance loop stopped.
[GRASP-EXEC] ARM: rotate wrist away from table -20deg about waist Y before lift
[GRASP-EXEC] QP-Stream left -> table-clear (pure-pursuit): pos=0.0cm rot=20.0deg, lookahead=13cm @ 50Hz, pos_tol=2.0cm accept=2.5cm keep_ori=False
[GRASP-EXEC] ARM: lift after grasp
[GRASP-EXEC] QP-Stream left -> lift (pure-pursuit): pos=13.0cm rot=0.0deg, lookahead=13cm @ 50Hz, pos_tol=2.0cm accept=2.5cm keep_ori=True
[JOINT-LIMIT] left closest-to-limit: wrist_pitch=-0.7659 [-0.785,1.05] dist=0.0191rad
[JOINT-LIMIT] left lift per-joint: shoulder_pitch=-1.747[-2.96,+2.96](1.213) shoulder_roll=+0.415[-0.26,+2.62](0.677) shoulder_yaw=-2.513[-2.96,+2.96](0.447) elbow_pitch=-0.557[-2.61,+0.26](0.818) elbow_yaw=-0.651[-2.96,+2.96](2.309) wrist_pitch=-0.766[-0.79,+1.05](0.019) wrist_roll=+0.728[-1.65,+1.30](0.572)
[GRASP-EXEC] ELBOW-HIGH QP joint limits restored on endpose_single_arm_qp_L_controller (back to hard limits).
[GRASP-EXEC] ELBOW-HIGH: wrist guard margin restored to full.
[INFO] [1783407391.125951176] [XARM_manager]: Deactivated controllers: ['endpose_single_arm_qp_L_controller']
[GRASP-EXEC] elbow-high seed ready/left: clamped 1 joint(s) inward (margin 0.05rad): shoulder_yaw -2.964->-2.910 [-2.960,2.960]
[GRASP-EXEC] ELBOW-HIGH: returning via transition -> stage waypoints before home (unwinds elbow-high -> elbow-low without a large sweep).
[GRASP-EXEC] ELBOW-HIGH: left -> transition(return) joints=['-1.452', '0.585', '-1.455', '-1.870', '0.746', '-0.142', '0.093']
[INFO] [1783407391.145125282] [XARM_manager]: Activated controllers: ['jointspace_arm_L_controller']
[INFO] [1783407391.145960027] [XARM_manager]: Sending goal to action server /jointspace_arm_L_controller/jointspace (attempt 1/3):
eai_manipulator_msgs.action.JointSpace_Goal(target_positions=[-1.4525, 0.5845, -1.455, -1.87, 0.7456999999999999, -0.14179999999999998, 0.09315])
[INFO] [1783407391.147946682] [XARM_manager]: Goal accepted. Waiting for result...
[INFO] [1783407392.956923823] [XARM_manager]: Action result received from /jointspace_arm_L_controller/jointspace
[INFO] [1783407392.957199955] [XARM_manager]: Action result: eai_manipulator_msgs.action.JointSpace_Result(success=True, result_msg='action finished')
[GRASP-EXEC] ELBOW-HIGH: transition(return) move result: eai_manipulator_msgs.action.JointSpace_Result(success=True, result_msg='action finished')
[GRASP-EXEC] ELBOW-HIGH: left -> stage(return) joints=['0.000', '1.180', '0.000', '-1.300', '1.400', '-0.130', '0.180']
[INFO] [1783407392.959904143] [XARM_manager]: Sending goal to action server /jointspace_arm_L_controller/jointspace (attempt 1/3):
eai_manipulator_msgs.action.JointSpace_Goal(target_positions=[0.0, 1.18, 0.0, -1.3, 1.4, -0.13, 0.18])
[INFO] [1783407392.962154718] [XARM_manager]: Goal accepted. Waiting for result...
[INFO] [1783407394.821514373] [XARM_manager]: Action result received from /jointspace_arm_L_controller/jointspace
[INFO] [1783407394.821992661] [XARM_manager]: Action result: eai_manipulator_msgs.action.JointSpace_Result(success=True, result_msg='action finished')
[GRASP-EXEC] ELBOW-HIGH: stage(return) move result: eai_manipulator_msgs.action.JointSpace_Result(success=True, result_msg='action finished')
[GRASP-EXEC] PRE-HOME WAYPOINT: left -> joints=['0.000', '1.180', '0.000', '-1.300', '1.400', '-0.130', '0.180']
[INFO] [1783407394.825430079] [XARM_manager]: Sending goal to action server /jointspace_arm_L_controller/jointspace (attempt 1/3):
eai_manipulator_msgs.action.JointSpace_Goal(target_positions=[0.0, 1.18, 0.0, -1.3, 1.4, -0.13, 0.18])
[INFO] [1783407394.827653644] [XARM_manager]: Goal accepted. Waiting for result...
[INFO] [1783407394.830024452] [XARM_manager]: Action result received from /jointspace_arm_L_controller/jointspace
[INFO] [1783407394.830328296] [XARM_manager]: Action result: eai_manipulator_msgs.action.JointSpace_Result(success=True, result_msg='action finished')
[GRASP-EXEC] pre-home waypoint result: eai_manipulator_msgs.action.JointSpace_Result(success=True, result_msg='action finished')
[GRASP-EXEC] RETURN HOME: left -> joints=['0.844', '0.026', '-0.006', '-2.216', '-1.529', '0.250', '0.683']
[INFO] [1783407394.833910101] [XARM_manager]: Sending goal to action server /jointspace_arm_L_controller/jointspace (attempt 1/3):
eai_manipulator_msgs.action.JointSpace_Goal(target_positions=[0.844, 0.026, -0.006, -2.216, -1.529, 0.25, 0.683])
[INFO] [1783407394.836532850] [XARM_manager]: Goal accepted. Waiting for result...
[INFO] [1783407397.794803925] [XARM_manager]: Action result received from /jointspace_arm_L_controller/jointspace
[INFO] [1783407397.795080527] [XARM_manager]: Action result: eai_manipulator_msgs.action.JointSpace_Result(success=True, result_msg='action finished')
[GRASP-EXEC] return home result: eai_manipulator_msgs.action.JointSpace_Result(success=True, result_msg='action finished')
{
  "arm": "left",
  "pipeline_version": "accelerated",
  "motion_strategy": "qp_all",
  "dry_run": false,
  "motion": {
    "detected_pose7": [
      0.42131696883433434,
      0.21712321055808834,
      -0.13662878569507533,
      0.6946380373027495,
      0.5067463115781059,
      -0.34315811023075327,
      -0.3780591014868277
    ],
    "approach_pose7": [
      0.5246268114606262,
      0.3063382786758232,
      0.28281849486361854,
      -0.24449570705016097,
      0.26132123220631037,
      0.9323080888875415,
      0.05229426571888845
    ],
    "grasp_pose7": [
      0.5760539450829045,
      0.3063382786758232,
      0.19355455978388633,
      -0.24449570705016097,
      0.26132123220631037,
      0.9323080888875415,
      0.05229426571888845
    ],
    "lift_pose7": [
      0.5760539450829045,
      0.3063382786758232,
      0.31355455978388636,
      -0.36409463720128277,
      0.25225982145958864,
      0.8924189702893839,
      0.08595614641245017
    ],
    "pre_home_pose7": [
      0.39605394508290453,
      0.2063382786758232,
      0.36355455978388634,
      -0.36409463720128277,
      0.25225982145958864,
      0.8924189702893839,
      0.08595614641245017
    ],
    "grasp_xyz_offset_m": [
      0.04,
      0.0,
      0.005
    ],
    "grasp_quat": [
      -0.24449570705016097,
      0.26132123220631037,
      0.9323080888875415,
      0.05229426571888845
    ],
    "use_fixed_grasp_quat": true,
    "phase_backends": {
      "approach": "qp_stream",
      "grasp": "qp_stream",
      "lift": "qp_stream"
    },
    "joint_limits_used": {
      "shoulder_pitch": [
        -2.96,
        2.96
      ],
      "shoulder_roll": [
        -0.262,
        2.616
      ],
      "shoulder_yaw": [
        -2.96,
        2.96
      ],
      "elbow_pitch": [
        -2.61,
        0.261
      ],
      "elbow_yaw": [
        -2.96,
        2.96
      ],
      "wrist_pitch": [
        -0.785,
        1.05
      ],
      "wrist_roll": [
        -1.65,
        1.3
      ]
    },
    "elbow_high_proactive_used": true,
    "elbow_high_orientation": "seed",
    "approach_tcp_tracking": {
      "commanded_xyz": [
        0.5246268114606262,
        0.3063382786758232,
        0.28281849486361854
      ],
      "achieved_xyz": [
        0.5168447921050496,
        0.30456866897944157,
        0.26535463136545334
      ],
      "error_mm": [
        -7.782019355576542,
        -1.7696096963816244,
        -17.4638634981652
      ],
      "error_norm_mm": 19.200986224947993,
      "achieved_quat": [
        -0.21482887004618692,
        0.2419866914747099,
        0.9442655364857444,
        0.060444969592940226
      ],
      "approach_axis_tilt_deg": 52.23993318054917,
      "commanded_approach_axis_tilt_deg": 48.06179994226265,
      "orientation_error_deg": 4.38384038332729
    },
    "approach_joint_limits": {
      "closest": {
        "joint": "wrist_pitch",
        "value": -0.7268,
        "lower": -0.785,
        "upper": 1.05,
        "dist_to_limit": 0.0582,
        "nearest_side": "lower"
      },
      "breached": [],
      "margin_rad": 0.05
    },
    "compliant_insert": {
      "ok": true,
      "contact": true,
      "reason": "contact",
      "resist_n": 13.179127571675755,
      "traveled_m": 0.008414386408506322,
      "planned_depth_m": 0.032671822196835024,
      "ft_topic": "/arm_6dof_left",
      "calib_path": "/home/ubuntu/niu/compliant_grasp_execute/ft_calibration/ft_calibration_left.json",
      "calib_present": true,
      "commanded_m": 0.04658521187618472,
      "throttle_events": 0,
      "contact_kind": "force"
    },
    "grasp_tcp_tracking": {
      "commanded_xyz": [
        0.5760539450829045,
        0.3063382786758232,
        0.19355455978388633
      ],
      "achieved_xyz": [
        0.5473626755940625,
        0.3186929635737302,
        0.19765849042261893
      ],
      "error_mm": [
        -28.691269488842043,
        12.354684897907031,
        4.1039306387326
      ],
      "error_norm_mm": 31.506656923505204,
      "achieved_quat": [
        -0.2177515887152242,
        0.21583424979228477,
        0.9509682343483716,
        0.040733763500786134
      ],
      "approach_axis_tilt_deg": 54.29176471382392,
      "commanded_approach_axis_tilt_deg": 48.06179994226265,
      "orientation_error_deg": 6.549836441326237
    },
    "grasp_joint_limits": {
      "closest": {
        "joint": "wrist_pitch",
        "value": -0.7358,
        "lower": -0.785,
        "upper": 1.05,
        "dist_to_limit": 0.0492,
        "nearest_side": "lower"
      },
      "breached": [],
      "margin_rad": 0.05
    },
    "lift_joint_limits": {
      "closest": {
        "joint": "wrist_pitch",
        "value": -0.7659,
        "lower": -0.785,
        "upper": 1.05,
        "dist_to_limit": 0.0191,
        "nearest_side": "lower"
      },
      "breached": [],
      "margin_rad": 0.05
    },
    "retract_ok": null,
    "return_home_ok": true,
    "released_on_finish_ok": null,
    "approach_ok": true,
    "grasp_ok": true,
    "lift_ok": true
  },
  "detection": {
    "class_name": "remote-control",
    "pose_head_roll_link": [
      0.8754768882777292,
      0.1773158361238976,
      -0.056704056166026105,
      -0.2902402069417184,
      -0.3034776582077471,
      0.661039802885627,
      0.621842674833516
    ],
    "pose_tip_waist_yaw_link_rpy": {
      "x": 0.6500507579456214,
      "y": 0.16992410374223801,
      "z": -0.009313829642853433,
      "roll": -0.17107434781858638,
      "pitch": -0.0353746739657268,
      "yaw": 1.605383663680976
    },
    "pose_tip_used_for_tcp_conversion_rpy": {
      "x": 0.6500507579456214,
      "y": 0.16992410374223801,
      "z": -0.009313829642853433,
      "roll": -2.0722916816209165,
      "pitch": 0.09371837179841092,
      "yaw": 1.316042414360961
    },
    "pose_tcp_waist_yaw_link_rpy": {
      "x": 0.42131696883433434,
      "y": 0.21712321055808834,
      "z": -0.13662878569507533,
      "roll": -2.0722916816209165,
      "pitch": 0.09371837179841092,
      "yaw": 1.316042414360961
    },
    "pose_tcp_waist_yaw_link_pose7": [
      0.42131696883433434,
      0.21712321055808834,
      -0.13662878569507533,
      0.6946380373027495,
      0.5067463115781059,
      -0.34315811023075327,
      -0.3780591014868277
    ],
    "current_tcp_pose7": [
      0.11561885897018352,
      -0.2578863918346055,
      0.14131229636784737,
      0.6946380373027495,
      0.5067463115781059,
      -0.34315811023075327,
      -0.3780591014868277
    ],
    "tcp_minus_tip_waist_m": [
      -0.22873378911128706,
      0.04719910681585032,
      -0.1273149560522219
    ],
    "tcp_to_tip_offset_m": [
      0.0,
      0.0,
      -0.266
    ],
    "orientation_policy": "current",
    "use_current_tcp_rotation": true,
    "rotation_source_arm": "right",
    "bbox_2d": [
      409.38958740234375,
      276.732177734375,
      600.9692993164062,
      312.2240295410156
    ],
    "bbox_3d": {
      "min": [
        0.8583759326102107,
        0.08717376219870887,
        -0.07799739220505444
      ],
      "max": [
        0.9095032154684696,
        0.2636321487469046,
        -0.039309232804954755
      ],
      "center": [
        0.8839395740393401,
        0.17540295547280674,
        -0.0586533125050046
      ],
      "size": [
        0.05112728285825885,
        0.17645838654819573,
        0.03868815940009969
      ]
    },
    "object_long_axis_waist": [
      -0.03455880708799534,
      0.9987766733264144,
      0.03536729664076561
    ],
    "object_long_axis_yaw_waist_deg": -88.01829157183047,
    "object_angle_from_waist_x_deg": 88.01829157183049
  },
  "gripper": {
    "open_ok": true,
    "close_ok": true,
    "final_pos_pct": 90.0,
    "backend": "modbus_rtu"
  },
  "ok": true
}
[GRASP-EXEC] saved result json: /tmp/grasp_exec.json
[GRASP-EXEC] saved handoff: /tmp/grasp_handoff.json (arm=left holding=True)



横放，抓起来了。