[日志] 日志文件: logs/grasp/grasp_260706_154043.log
[日志] 执行命令: python3 -m compliant_grasp_execute.main
[INFO] [1783323644.193494519] [XARM_manager]: waiting for service /controller_manager/get_parameters to become available...
[INFO] [1783323645.451006717] [XARM_manager]: XARM_manager initialized, robot_type: tianyi2, run_type: real
[INFO] [1783323645.458959688] [XARM_manager]: 已订阅关节状态话题: /joint_states
[INFO] [1783323645.466573485] [XARM_manager]: 已订阅警告和错误信息话题: /manipulator/warn_and_error_info
[INFO] [1783323645.477888060] [XARM_manager]: /joint_action_report 服务已启动
[CONFIG] loaded 198 params from /home/ubuntu/niu/compliant_grasp_execute/config.yaml
[GRASP-EXEC] STARTUP: enabling arms and moving BOTH to home posture
[INFO] [1783323652.145085392] [XARM_manager]: Deactivated controllers: ['jointspace_arm_L_controller', 'jointspace_arm_R_controller']
[GRASP-EXEC] STARTUP: left -> home joints=['0.000', '1.180', '0.000', '-1.300', '1.400', '-0.130', '0.180']
[INFO] [1783323652.168702634] [XARM_manager]: Activated controllers: ['jointspace_arm_L_controller']
[INFO] [1783323652.183522002] [XARM_manager]: Sending goal to action server /jointspace_arm_L_controller/jointspace (attempt 1/3):
eai_manipulator_msgs.action.JointSpace_Goal(target_positions=[0.0, 1.18, 0.0, -1.3, 1.4, -0.13, 0.18])
[INFO] [1783323652.184987826] [XARM_manager]: Goal accepted. Waiting for result...
[INFO] [1783323652.306637079] [XARM_manager]: Action result received from /jointspace_arm_L_controller/jointspace
[INFO] [1783323652.307530636] [XARM_manager]: Action result: eai_manipulator_msgs.action.JointSpace_Result(success=True, result_msg='action finished')
[GRASP-EXEC] STARTUP: right -> home joints=['0.000', '-1.180', '0.000', '-1.300', '-1.400', '-0.130', '0.180']
[INFO] [1783323652.328160112] [XARM_manager]: Activated controllers: ['jointspace_arm_R_controller']
[INFO] [1783323652.347942284] [XARM_manager]: Sending goal to action server /jointspace_arm_R_controller/jointspace (attempt 1/3):
eai_manipulator_msgs.action.JointSpace_Goal(target_positions=[0.0, -1.18, 0.0, -1.3, -1.4, -0.13, 0.18])
[INFO] [1783323653.134116238] [XARM_manager]: Goal accepted. Waiting for result...
[INFO] [1783323653.233544913] [XARM_manager]: Action result received from /jointspace_arm_R_controller/jointspace
[INFO] [1783323653.233912855] [XARM_manager]: Action result: eai_manipulator_msgs.action.JointSpace_Result(success=True, result_msg='action finished')
[GRASP-EXEC] STARTUP: activating both grippers (open/close cycle)
[robotiq_api] gripper not activated (gSTA!=3); running resetActivate() once
Activation completed. Activation time :  3.1516196727752686
[GRASP-EXEC] STARTUP: gripper 'left' activated
[robotiq_api] gripper not activated (gSTA!=3); running resetActivate() once
Activation completed. Activation time :  3.7762396335601807
[GRASP-EXEC] STARTUP: gripper 'right' activated
perception health check pass
[object_pose] RGB (720, 1280, 3), depth (720, 1280), valid-depth pixels: 905505/921600 (median valid depth 1.210 m)
[GRASP-EXEC] ARM-SELECT: object waist Y=+0.166m (y >= boundary 0.000) -> 'left' arm
[GRASP-EXEC] diagonal schedule: angle-from-X=89.0805987881414deg -> tilt_scale=0.50, yaw_clamp=45.0deg (freed wrist_pitch, raised jaw alignment)
[GRASP-EXEC] applied grasp tilt +22.5deg about waist Y (tilt scale 1.00 x diag 0.50) -> quat=['-0.3570', '0.4408', '0.6186', '-0.5437']
[GRASP-EXEC] continuous orientation: object long-axis yaw +89.1deg (angle-from-X 89.1deg); applied continuous yaw +45.0deg about waist Z (gain=1.00, clamp +/-45deg) -> quat=['-0.4985', '0.2706', '0.3634', '-0.7391']
[GRASP-EXEC] recomputed TCP along final quat: detected_tcp_xyz=['0.2390', '0.1909', '-0.0437'] -> consistent_tcp_xyz=['0.3004', '0.0220', '0.0697']
[GRASP-EXEC] approach lateral clamp: approach Y -0.0428 -> +0.0220 (= grasp Y); tool_z outboard component would have pushed the standoff further from center than the grasp, which folds the elbow into its stop at far-outboard reaches.
[GRASP-EXEC] approach along grasp axis: dist=0.120m tool_z=[-0.762,-0.540,0.357] approach_xyz=['0.2289', '0.0220', '0.1175']
[GRASP-EXEC] applied lift tilt -15.0deg about waist Y -> lift quat=['-0.5416', '0.3648', '0.2953', '-0.6974']
[GRASP-EXEC] detected class=remote-control detected_pose7=['0.2390', '0.1909', '-0.0437', '0.0059', '-0.7313', '-0.0704', '0.6784'] -> motion grasp_pose7=['0.3204', '0.0220', '0.0747', '-0.4985', '0.2706', '0.3634', '-0.7391']
[INFO] [1783323664.796357250] [XARM_manager]: Deactivated controllers: ['jointspace_arm_L_controller', 'jointspace_arm_R_controller']
[GRASP-EXEC] arms enabled (mode 3) [took 0.02s]
[JOINT-LIMIT] left: using live controller limits from endpose_single_arm_qp_L_controller
[GRASP-EXEC] joint-limit guard ON (margin 0.050 rad) arm=left
[GRASP-EXEC] gripper: connecting in background (overlaps arm enable + approach to hide the slow serial open; --no-gripper-async-connect for the old blocking behaviour)
[GRASP-EXEC] ARM: approach via qp_stream
[GRASP-EXEC] ELBOW-HIGH (proactive): object long axis ~parallel to body (angle-from-X=89.0805987881414 >= 45.0deg); the elbow-high seed's fore-aft jaws match a parallel object's short axis; reconfiguring to elbow-high seed before approach.
[GRASP-EXEC] elbow-high seed ready/left: clamped 1 joint(s) inward (margin 0.05rad): shoulder_yaw -2.964->-2.910 [-2.960,2.960]
[GRASP-EXEC] gripper: arm='left' -> stable by-id port /dev/serial/by-id/usb-FTDI_FT231X_USB_UART_DU0E2IPR-if00-port0
[GRASP-EXEC] ELBOW-HIGH: reconfiguring left arm into elbow-high seed (jointspace, via transition waypoint). NOTE: jointspace moves run at the controller's own speed; watch the first reconfiguration for table/body clearance.
[GRASP-EXEC] ELBOW-HIGH: left -> transition joints=['-1.452', '0.585', '-1.455', '-1.870', '0.746', '-0.142', '0.093']
[INFO] [1783323664.839109378] [XARM_manager]: Activated controllers: ['jointspace_arm_L_controller']
[INFO] [1783323664.840459384] [XARM_manager]: Sending goal to action server /jointspace_arm_L_controller/jointspace (attempt 1/3):
eai_manipulator_msgs.action.JointSpace_Goal(target_positions=[-1.4525, 0.5845, -1.455, -1.87, 0.7456999999999999, -0.14179999999999998, 0.09315])
[INFO] [1783323664.843282324] [XARM_manager]: Goal accepted. Waiting for result...
[robotiq_api] gripper already activated (gSTA==3); skip resetActivate()
[GRASP-EXEC] gripper: cached serial port /dev/serial/by-id/usb-FTDI_FT231X_USB_UART_DU0E2IPR-if00-port0 -> /tmp/robotiq_gripper_port.txt
[GRASP-EXEC] gripper controller ready: backend=modbus_rtu port=auto slave=9 (wait_timeout=8.0s) [connect took 0.03s]
[INFO] [1783323666.699410468] [XARM_manager]: Action result received from /jointspace_arm_L_controller/jointspace
[INFO] [1783323666.699930770] [XARM_manager]: Action result: eai_manipulator_msgs.action.JointSpace_Result(success=True, result_msg='action finished')
[GRASP-EXEC] ELBOW-HIGH: transition move result: eai_manipulator_msgs.action.JointSpace_Result(success=True, result_msg='action finished')
[GRASP-EXEC] ELBOW-HIGH: left -> ready joints=['-2.905', '-0.011', '-2.910', '-2.440', '0.091', '-0.154', '0.006']
[INFO] [1783323666.703391503] [XARM_manager]: Sending goal to action server /jointspace_arm_L_controller/jointspace (attempt 1/3):
eai_manipulator_msgs.action.JointSpace_Goal(target_positions=[-2.905, -0.011, -2.91, -2.44, 0.0914, -0.1536, 0.0063])
[INFO] [1783323666.704805384] [XARM_manager]: Goal accepted. Waiting for result...
[INFO] [1783323668.559969644] [XARM_manager]: Action result received from /jointspace_arm_L_controller/jointspace
[INFO] [1783323668.560199939] [XARM_manager]: Action result: eai_manipulator_msgs.action.JointSpace_Result(success=True, result_msg='action finished')
[GRASP-EXEC] ELBOW-HIGH: ready move result: eai_manipulator_msgs.action.JointSpace_Result(success=True, result_msg='action finished')
[JOINT-LIMIT] left closest-to-limit: shoulder_pitch=-2.7906 [-2.96,2.96] dist=0.1694rad
[GRASP-EXEC] continuous orientation: object long-axis yaw +89.1deg (angle-from-X 89.1deg); applied continuous yaw +9.0deg about waist Z (gain=1.00, clamp +/-90deg) [top-down jaw-align: base jaw heading +170.0deg -> short-axis +179.1deg] -> quat=['-0.2385', '0.2643', '0.9314', '0.0752']
[GRASP-EXEC] recomputed TCP along final quat: detected_tcp_xyz=['0.2390', '0.1909', '-0.0437'] -> consistent_tcp_xyz=['0.3955', '0.3062', '0.1734']
[GRASP-EXEC] approach lateral clamp: approach Y +0.3696 -> +0.3062 (= grasp Y); tool_z outboard component would have pushed the standoff further from center than the grasp, which folds the elbow into its stop at far-outboard reaches.
[GRASP-EXEC] approach along grasp axis: dist=0.120m tool_z=[-0.405,0.528,0.746] approach_xyz=['0.3670', '0.3062', '0.2680']
[GRASP-EXEC] applied lift tilt -15.0deg about waist Y -> lift quat=['-0.3580', '0.2523', '0.8923', '0.1091']
[GRASP-EXEC] ELBOW-HIGH: using SEED grasp orientation (proactive); rebuilt grasp/approach/lift poses. The seed-anchored mode keeps the orientation the arm is already in, so the approach only translates and the wrist stays in range.
[GRASP-EXEC] ELBOW-HIGH QP joint window set on endpose_single_arm_qp_L_controller (flex 0.40rad, drop 0.15rad): shoulder_pitch[-2.96,-2.64], shoulder_roll[-0.01,0.54], shoulder_yaw[-2.96,-2.41], elbow_pitch[-2.61,-2.14], elbow_yaw[0.00,0.55]. Asymmetric: tight on the drop side so the elbow is actually held high; loose on the flex side so the arm can still reach.
[GRASP-EXEC] ELBOW-HIGH: wrist guard margin relaxed to 0.010rad (from 0.050) so the nose-down grasp can reach wrist_pitch~-0.71 (still inside the -0.785 stop). Other joints keep the full margin.
[INFO] [1783323668.581905785] [XARM_manager]: Deactivated controllers: ['jointspace_arm_L_controller']
[INFO] [1783323668.591832035] [XARM_manager]: Activated controllers: ['endpose_single_arm_qp_L_controller']
[GRASP-EXEC] QP-Stream left -> approach (pure-pursuit): pos=28.7cm rot=15.9deg, lookahead=13cm @ 50Hz, pos_tol=2.0cm accept=2.5cm keep_ori=False
[GRASP-EXEC] approach TCP tracking: commanded=[0.3670,0.3062,0.2680] achieved=[0.3597,0.3074,0.2496] err=[-7.3,+1.2,-18.4]mm |err|=19.8mm approach-axis tilt: achieved=+51.4deg commanded=+48.3deg (0=level) ori-err=3.6deg
[JOINT-LIMIT] left closest-to-limit: wrist_pitch=-0.7488 [-0.785,1.05] dist=0.0362rad
[JOINT-LIMIT] left approach per-joint: shoulder_pitch=-1.192[-2.96,+2.96](1.768) shoulder_roll=+1.208[-0.26,+2.62](1.408) shoulder_yaw=-1.354[-2.96,+2.96](1.606) elbow_pitch=-1.839[-2.61,+0.26](0.771) elbow_yaw=-0.923[-2.96,+2.96](2.037) wrist_pitch=-0.749[-0.79,+1.05](0.036) wrist_roll=-0.311[-1.65,+1.30](1.339)
[GRASP-EXEC] GRIPPER: open (after approach, before grasp insert)
[GRASP-EXEC] gripper already open enough: 1% (skip open command)
[GRASP-EXEC] ARM: HYBRID pre-descent (position QP-stream) -> 6.0cm, leaving final 3.0cm for F/T compliant descend-to-contact
[GRASP-EXEC] QP-Stream left -> pre-grasp (pure-pursuit): pos=6.0cm rot=0.0deg, lookahead=8cm @ 50Hz, pos_tol=1.0cm accept=2.5cm keep_ori=True
[GRASP-EXEC] ARM: COMPLIANT insert to grasp pose (F/T admittance descend-to-contact)
[INFO] [1783323673.906627885] [XARM_manager]: [COMPLIANT-LEFT] Loaded F/T calibration from /home/ubuntu/niu/compliant_grasp_execute/ft_calibration/ft_calibration_left.json
[INFO] [1783323673.907294867] [XARM_manager]: [COMPLIANT-LEFT] target set: p=[0.38894265473292067, 0.3070479491303575, 0.20500644082925207] q=[-0.2063462033026106, 0.2576974787664496, 0.940549110254896, 0.07987881458019078]
[INFO] [1783323673.909307752] [XARM_manager]: [COMPLIANT-LEFT] seeded QP target at captured pose (z=+0.2050).
[INFO] [1783323673.910084668] [XARM_manager]: [COMPLIANT-LEFT] admittance loop starting (calibrating force offset; keep hands off the arm briefly)...
[INFO] [1783323674.239619544] [XARM_manager]: [COMPLIANT-LEFT] runtime offset calibrated. p_ref=[0.38894265473292067, 0.3070479491303575, 0.20500644082925207], ready.
[COMPLIANT-INSERT] runtime force-offset calibrated in 0.34s
[INFO] [1783323674.252995534] [XARM_manager]: [COMPLIANT-LEFT] gains updated: B=[3.9597979746446663, 5.6, 3.9597979746446663] K=[20.0, 40.0, 20.0] B_rot=[0.5, 0.5, 0.5] K_rot=[0.0, 0.0, 0.0]
[COMPLIANT-INSERT] insertion dir=[+0.71,-0.02,-0.71] planned_depth=3.8cm soft_axes=xz K=[20.0, 40.0, 20.0] B=[3.96, 5.6, 3.96] contact_thresh=1.5N
[INFO] [1783323674.709206197] [XARM_manager]: [COMPLIANT-LEFT] gains updated: B=[10.844353369380768, 10.844353369380768, 10.844353369380768] K=[150.0, 150.0, 150.0] B_rot=[0.5, 0.5, 0.5] K_rot=[0.0, 0.0, 0.0]
[INFO] [1783323674.709727796] [XARM_manager]: [COMPLIANT-LEFT] target set: p=[0.391465142603718, 0.3070731608303189, 0.19470077310624423] q=[-0.2063462033026106, 0.2576974787664496, 0.940549110254896, 0.07987881458019078]
[COMPLIANT-INSERT] CONTACT (force) at tcp_drop 0.9cm (resist 1.5N, thresh 1.5N); holding compliant for gripper close
[GRASP-EXEC] grasp TCP tracking: commanded=[0.4155,0.3062,0.1784] achieved=[0.3929,0.3063,0.1946] err=[-22.6,+0.1,+16.2]mm |err|=27.8mm approach-axis tilt: achieved=+51.3deg commanded=+48.3deg (0=level) ori-err=4.4deg
[JOINT-LIMIT] left closest-to-limit: wrist_pitch=-0.7657 [-0.785,1.05] dist=0.0193rad
[JOINT-LIMIT] left grasp per-joint: shoulder_pitch=-1.058[-2.96,+2.96](1.902) shoulder_roll=+1.055[-0.26,+2.62](1.317) shoulder_yaw=-1.303[-2.96,+2.96](1.657) elbow_pitch=-1.621[-2.61,+0.26](0.989) elbow_yaw=-1.127[-2.96,+2.96](1.833) wrist_pitch=-0.766[-0.79,+1.05](0.019) wrist_roll=-0.152[-1.65,+1.30](1.452)
[GRASP-EXEC] GRIPPER: close at grasp pose (after arm motion, not at approach)
[INFO] [1783323675.072951191] [XARM_manager]: [COMPLIANT-LEFT] n=200 hz=240.4 F=[-0.04,+0.00,+1.17]N disp=[+0.1,-0.0,+0.1]cm v=[-0.02,-0.01,+0.08]
[GRASP-EXEC] gripper close: start=1% -> target=100%
[INFO] [1783323675.899122095] [XARM_manager]: [COMPLIANT-LEFT] n=400 hz=242.5 F=[+0.00,+0.00,+0.85]N disp=[+0.0,+0.0,+0.6]cm v=[-0.00,-0.01,+0.01]
[GRASP-EXEC] gripper close result: pos=90% status=3 ok=True
[INFO] [1783323675.923168630] [XARM_manager]: [COMPLIANT-LEFT] admittance loop stopped.
[GRASP-EXEC] ARM: rotate wrist away from table -20deg about waist Y before lift
[GRASP-EXEC] QP-Stream left -> table-clear (pure-pursuit): pos=0.1cm rot=20.0deg, lookahead=13cm @ 50Hz, pos_tol=2.0cm accept=2.5cm keep_ori=False
[GRASP-EXEC] ARM: lift after grasp
[GRASP-EXEC] QP-Stream left -> lift (pure-pursuit): pos=10.1cm rot=0.0deg, lookahead=13cm @ 50Hz, pos_tol=2.0cm accept=2.5cm keep_ori=True
[JOINT-LIMIT] left closest-to-limit: wrist_pitch=-0.7535 [-0.785,1.05] dist=0.0315rad
[JOINT-LIMIT] left lift per-joint: shoulder_pitch=-1.363[-2.96,+2.96](1.597) shoulder_roll=+1.081[-0.26,+2.62](1.343) shoulder_yaw=-1.417[-2.96,+2.96](1.542) elbow_pitch=-1.659[-2.61,+0.26](0.951) elbow_yaw=-0.916[-2.96,+2.96](2.044) wrist_pitch=-0.753[-0.79,+1.05](0.032) wrist_roll=-0.261[-1.65,+1.30](1.389)
[GRASP-EXEC] ELBOW-HIGH QP joint limits restored on endpose_single_arm_qp_L_controller (back to hard limits).
[GRASP-EXEC] ELBOW-HIGH: wrist guard margin restored to full.
[INFO] [1783323676.481914016] [XARM_manager]: Deactivated controllers: ['endpose_single_arm_qp_L_controller']
[GRASP-EXEC] elbow-high seed ready/left: clamped 1 joint(s) inward (margin 0.05rad): shoulder_yaw -2.964->-2.910 [-2.960,2.960]
[GRASP-EXEC] ELBOW-HIGH: returning via transition waypoint before home (bridges elbow-high -> elbow-low without a large sweep).
[GRASP-EXEC] ELBOW-HIGH: left -> transition(return) joints=['-1.452', '0.585', '-1.455', '-1.870', '0.746', '-0.142', '0.093']
[INFO] [1783323676.500080162] [XARM_manager]: Activated controllers: ['jointspace_arm_L_controller']
[INFO] [1783323676.500768812] [XARM_manager]: Sending goal to action server /jointspace_arm_L_controller/jointspace (attempt 1/3):
eai_manipulator_msgs.action.JointSpace_Goal(target_positions=[-1.4525, 0.5845, -1.455, -1.87, 0.7456999999999999, -0.14179999999999998, 0.09315])
[INFO] [1783323676.503358741] [XARM_manager]: Goal accepted. Waiting for result...
[INFO] [1783323678.505829940] [XARM_manager]: Action result received from /jointspace_arm_L_controller/jointspace
[INFO] [1783323678.506288992] [XARM_manager]: Action result: eai_manipulator_msgs.action.JointSpace_Result(success=True, result_msg='action finished')
[GRASP-EXEC] ELBOW-HIGH: transition(return) move result: eai_manipulator_msgs.action.JointSpace_Result(success=True, result_msg='action finished')
[GRASP-EXEC] PRE-HOME WAYPOINT: left -> joints=['0.000', '1.180', '0.000', '-1.300', '1.400', '-0.130', '0.180']
[INFO] [1783323678.509932135] [XARM_manager]: Sending goal to action server /jointspace_arm_L_controller/jointspace (attempt 1/3):
eai_manipulator_msgs.action.JointSpace_Goal(target_positions=[0.0, 1.18, 0.0, -1.3, 1.4, -0.13, 0.18])
[INFO] [1783323678.512093175] [XARM_manager]: Goal accepted. Waiting for result...
[INFO] [1783323680.365377046] [XARM_manager]: Action result received from /jointspace_arm_L_controller/jointspace
[INFO] [1783323680.365673547] [XARM_manager]: Action result: eai_manipulator_msgs.action.JointSpace_Result(success=True, result_msg='action finished')
[GRASP-EXEC] pre-home waypoint result: eai_manipulator_msgs.action.JointSpace_Result(success=True, result_msg='action finished')
[GRASP-EXEC] RETURN HOME: left -> joints=['0.000', '1.180', '0.000', '-1.300', '1.400', '-0.130', '0.180']
[INFO] [1783323680.368331138] [XARM_manager]: Sending goal to action server /jointspace_arm_L_controller/jointspace (attempt 1/3):
eai_manipulator_msgs.action.JointSpace_Goal(target_positions=[0.0, 1.18, 0.0, -1.3, 1.4, -0.13, 0.18])
[INFO] [1783323680.369620737] [XARM_manager]: Goal accepted. Waiting for result...
[INFO] [1783323680.371367045] [XARM_manager]: Action result received from /jointspace_arm_L_controller/jointspace
[INFO] [1783323680.371920434] [XARM_manager]: Action result: eai_manipulator_msgs.action.JointSpace_Result(success=True, result_msg='action finished')
[GRASP-EXEC] return home result: eai_manipulator_msgs.action.JointSpace_Result(success=True, result_msg='action finished')
{
  "arm": "left",
  "pipeline_version": "accelerated",
  "motion_strategy": "qp_all",
  "dry_run": false,
  "motion": {
    "detected_pose7": [
      0.23900419015737678,
      0.19089176152453613,
      -0.0436739552635311,
      0.005851399294612551,
      -0.73131990584837,
      -0.07036851061805086,
      0.6783695373095872
    ],
    "approach_pose7": [
      0.36699616649109207,
      0.30615695100285895,
      0.2680132349825719,
      -0.2385105112275312,
      0.2643375264921589,
      0.9314395367319005,
      0.0752249794592971
    ],
    "grasp_pose7": [
      0.415541766910956,
      0.30615695100285895,
      0.17843601703329456,
      -0.2385105112275312,
      0.2643375264921589,
      0.9314395367319005,
      0.0752249794592971
    ],
    "lift_pose7": [
      0.415541766910956,
      0.30615695100285895,
      0.2984360170332946,
      -0.35804727675300013,
      0.2522572521802608,
      0.8923390735382577,
      0.10908439012575905
    ],
    "pre_home_pose7": [
      0.23554176691095602,
      0.20615695100285894,
      0.3484360170332946,
      -0.35804727675300013,
      0.2522572521802608,
      0.8923390735382577,
      0.10908439012575905
    ],
    "grasp_xyz_offset_m": [
      0.02,
      0.0,
      0.005
    ],
    "grasp_quat": [
      -0.2385105112275312,
      0.2643375264921589,
      0.9314395367319005,
      0.0752249794592971
    ],
    "use_fixed_grasp_quat": true,
    "phase_backends": {
      "approach": "qp_stream",
      "grasp": "qp_stream",
      "lift": "qp_stream"
    },
    "joint_limits_used": {
      "shoulder_pitch": [
        -2.96,
        2.96
      ],
      "shoulder_roll": [
        -0.262,
        2.616
      ],
      "shoulder_yaw": [
        -2.96,
        2.96
      ],
      "elbow_pitch": [
        -2.61,
        0.261
      ],
      "elbow_yaw": [
        -2.96,
        2.96
      ],
      "wrist_pitch": [
        -0.785,
        1.05
      ],
      "wrist_roll": [
        -1.65,
        1.3
      ]
    },
    "elbow_high_proactive_used": true,
    "elbow_high_orientation": "seed",
    "approach_tcp_tracking": {
      "commanded_xyz": [
        0.36699616649109207,
        0.30615695100285895,
        0.2680132349825719
      ],
      "achieved_xyz": [
        0.35971898689470666,
        0.3073990896967921,
        0.24961164032201402
      ],
      "error_mm": [
        -7.277179596385408,
        1.242138693933137,
        -18.40159466055788
      ],
      "error_norm_mm": 19.827227175389055,
      "achieved_quat": [
        -0.20968513823262283,
        0.2554203090747121,
        0.9409656424489448,
        0.0733230403569642
      ],
      "approach_axis_tilt_deg": 51.40594639466415,
      "commanded_approach_axis_tilt_deg": 48.28610355809551,
      "orientation_error_deg": 3.63251103222866
    },
    "approach_joint_limits": {
      "closest": {
        "joint": "wrist_pitch",
        "value": -0.7488,
        "lower": -0.785,
        "upper": 1.05,
        "dist_to_limit": 0.0362,
        "nearest_side": "lower"
      },
      "breached": [],
      "margin_rad": 0.05
    },
    "compliant_insert": {
      "ok": true,
      "contact": true,
      "reason": "contact",
      "resist_n": 1.5393191595277784,
      "traveled_m": 0.009064762279540872,
      "planned_depth_m": 0.037607101284460875,
      "ft_topic": "/arm_6dof_left",
      "calib_path": "/home/ubuntu/niu/compliant_grasp_execute/ft_calibration/ft_calibration_left.json",
      "calib_present": true,
      "commanded_m": 0.04828451476441051,
      "throttle_events": 0,
      "contact_kind": "force"
    },
    "grasp_tcp_tracking": {
      "commanded_xyz": [
        0.415541766910956,
        0.30615695100285895,
        0.17843601703329456
      ],
      "achieved_xyz": [
        0.392947344665201,
        0.3062830216646342,
        0.19464678199547714
      ],
      "error_mm": [
        -22.59442224575503,
        0.12607066177527937,
        16.210764962182573
      ],
      "error_norm_mm": 27.808500698354024,
      "achieved_quat": [
        -0.20216485835232878,
        0.2623011278359537,
        0.9398687276770875,
        0.08351205372892165
      ],
      "approach_axis_tilt_deg": 51.32058363442168,
      "commanded_approach_axis_tilt_deg": 48.28610355809551,
      "orientation_error_deg": 4.386116908029906
    },
    "grasp_joint_limits": {
      "closest": {
        "joint": "wrist_pitch",
        "value": -0.7657,
        "lower": -0.785,
        "upper": 1.05,
        "dist_to_limit": 0.0193,
        "nearest_side": "lower"
      },
      "breached": [],
      "margin_rad": 0.05
    },
    "lift_joint_limits": {
      "closest": {
        "joint": "wrist_pitch",
        "value": -0.7535,
        "lower": -0.785,
        "upper": 1.05,
        "dist_to_limit": 0.0315,
        "nearest_side": "lower"
      },
      "breached": [],
      "margin_rad": 0.05
    },
    "retract_ok": null,
    "return_home_ok": true,
    "released_on_finish_ok": null,
    "approach_ok": true,
    "grasp_ok": true,
    "lift_ok": true
  },
  "detection": {
    "class_name": "remote-control",
    "pose_head_roll_link": [
      0.7730345840268473,
      0.1714597693314895,
      -0.16234825889938984,
      -0.2652274138978889,
      -0.3034806987887124,
      0.652561228190745,
      0.6416523418814423
    ],
    "pose_tip_waist_yaw_link_rpy": {
      "x": 0.5031511811749877,
      "y": 0.16562576135175555,
      "z": -0.025126816087603587,
      "roll": -0.1300905743010321,
      "pitch": -0.05954217408900475,
      "yaw": 1.5547497485011381
    },
    "pose_tip_used_for_tcp_conversion_rpy": {
      "x": 0.5031511811749877,
      "y": 0.16562576135175555,
      "z": -0.025126816087603587,
      "roll": 2.132224912261136,
      "pitch": -1.4394524327134082,
      "yaw": -2.2236948769781413
    },
    "pose_tcp_waist_yaw_link_rpy": {
      "x": 0.23900419015737678,
      "y": 0.19089176152453613,
      "z": -0.0436739552635311,
      "roll": 2.132224912261136,
      "pitch": -1.4394524327134082,
      "yaw": -2.2236948769781413
    },
    "pose_tcp_waist_yaw_link_pose7": [
      0.23900419015737678,
      0.19089176152453613,
      -0.0436739552635311,
      0.005851399294612551,
      -0.73131990584837,
      -0.07036851061805086,
      0.6783695373095872
    ],
    "current_tcp_pose7": [
      0.3516954576309157,
      -0.5952690503857094,
      0.27497594643841117,
      0.005851399294612551,
      -0.73131990584837,
      -0.07036851061805086,
      0.6783695373095872
    ],
    "tcp_minus_tip_waist_m": [
      -0.2641469910176109,
      0.02526600017278058,
      -0.018547139175927513
    ],
    "tcp_to_tip_offset_m": [
      0.0,
      0.0,
      -0.266
    ],
    "orientation_policy": "current",
    "use_current_tcp_rotation": true,
    "rotation_source_arm": "right",
    "bbox_2d": [
      389.1368103027344,
      386.7810974121094,
      598.73486328125,
      429.40899658203125
    ],
    "bbox_3d": {
      "min": [
        0.7561591139337291,
        0.08180351617305348,
        -0.18375813929295207
      ],
      "max": [
        0.8037822193769321,
        0.25954159562576784,
        -0.14465510424480138
      ],
      "center": [
        0.7799706666553305,
        0.17067255589941066,
        -0.16420662176887674
      ],
      "size": [
        0.04762310544320292,
        0.17773807945271436,
        0.039103035048150686
      ]
    },
    "object_long_axis_waist": [
      0.016017454549313394,
      0.9980993729695393,
      0.059506998139493256
    ],
    "object_long_axis_yaw_waist_deg": 89.0805987881414,
    "object_angle_from_waist_x_deg": 89.0805987881414
  },
  "gripper": {
    "open_ok": true,
    "close_ok": true,
    "final_pos_pct": 90.0,
    "backend": "modbus_rtu"
  },
  "ok": true
}
[GRASP-EXEC] saved result json: /tmp/grasp_exec.json
[GRASP-EXEC] saved handoff: /tmp/grasp_handoff.json (arm=left holding=True)



这个遥控器横着放，没抓到。