[日志] 日志文件: logs/grasp/grasp_260708_130133.log
[日志] 执行命令: python3 -m compliant_grasp_execute.main
[INFO] [1783486894.173959462] [XARM_manager]: waiting for service /controller_manager/get_parameters to become available...
[INFO] [1783486894.897129114] [XARM_manager]: XARM_manager initialized, robot_type: tianyi2, run_type: real
[INFO] [1783486894.903772624] [XARM_manager]: 已订阅关节状态话题: /joint_states
[INFO] [1783486894.909903096] [XARM_manager]: 已订阅警告和错误信息话题: /manipulator/warn_and_error_info
[INFO] [1783486894.922706725] [XARM_manager]: /joint_action_report 服务已启动
[CONFIG] loaded 201 params from /home/ubuntu/niu/compliant_grasp_execute/config.yaml
[GRASP-EXEC] STARTUP: enabling arms and moving BOTH to home posture
[INFO] [1783486899.067195578] [XARM_manager]: Deactivated controllers: ['jointspace_arm_L_controller']
[GRASP-EXEC] STARTUP: left -> home joints=['0.844', '0.026', '-0.006', '-2.216', '-1.529', '0.250', '0.683']
[INFO] [1783486899.090454301] [XARM_manager]: Activated controllers: ['jointspace_arm_L_controller']
[INFO] [1783486899.106416254] [XARM_manager]: Sending goal to action server /jointspace_arm_L_controller/jointspace (attempt 1/3):
eai_manipulator_msgs.action.JointSpace_Goal(target_positions=[0.844, 0.026, -0.006, -2.216, -1.529, 0.25, 0.683])
[INFO] [1783486899.109079357] [XARM_manager]: Goal accepted. Waiting for result...
[INFO] [1783486899.667349763] [XARM_manager]: Action result received from /jointspace_arm_L_controller/jointspace
[INFO] [1783486899.667823702] [XARM_manager]: Action result: eai_manipulator_msgs.action.JointSpace_Result(success=True, result_msg='action finished')
[GRASP-EXEC] STARTUP: right -> home joints=['0.844', '-0.026', '0.006', '-2.216', '1.529', '0.250', '-0.683']
[INFO] [1783486899.680767761] [XARM_manager]: Activated controllers: ['jointspace_arm_R_controller']
[INFO] [1783486899.717633092] [XARM_manager]: Sending goal to action server /jointspace_arm_R_controller/jointspace (attempt 1/3):
eai_manipulator_msgs.action.JointSpace_Goal(target_positions=[0.844, -0.026, 0.006, -2.216, 1.529, 0.25, -0.683])
[INFO] [1783486899.721806064] [XARM_manager]: Goal accepted. Waiting for result...
[INFO] [1783486900.173722034] [XARM_manager]: Action result received from /jointspace_arm_R_controller/jointspace
[INFO] [1783486900.174211414] [XARM_manager]: Action result: eai_manipulator_msgs.action.JointSpace_Result(success=True, result_msg='action finished')
[GRASP-EXEC] STARTUP: activating both grippers (open/close cycle)
[robotiq_api] gripper already activated (gSTA==3); skip resetActivate()
[GRASP-EXEC] STARTUP: gripper 'left' activated
[robotiq_api] gripper already activated (gSTA==3); skip resetActivate()
[GRASP-EXEC] STARTUP: gripper 'right' activated
perception health check pass
[object_pose] RGB (720, 1280, 3), depth (720, 1280), valid-depth pixels: 838405/921600 (median valid depth 0.955 m)
[GRASP-EXEC] ARM-SELECT: object waist Y=+0.207m (y >= boundary 0.000) -> 'left' arm
[GRASP-EXEC] reach tilt reduction: object |Y|=0.207m -> tilt_scale=0.84 (backed the side-tilt off so the elbow can extend to a far-outboard object instead of folding into its stop)
[GRASP-EXEC] applied grasp tilt +37.7deg about waist Y (tilt scale 1.00 x reach 0.84) -> quat=['-0.2718', '0.3648', '0.6605', '-0.5974']
[GRASP-EXEC] continuous orientation: object long-axis yaw +5.3deg (angle-from-X 5.3deg); applied continuous yaw +5.3deg about waist Z (gain=1.00, clamp +/-15deg) -> quat=['-0.2883', '0.3519', '0.6323', '-0.6271']
[GRASP-EXEC] recomputed TCP along final quat: detected_tcp_xyz=['0.3003', '0.2542', '-0.1389'] -> consistent_tcp_xyz=['0.3147', '0.2291', '0.1443']
[GRASP-EXEC] approach lateral clamp: approach Y +0.2391 -> +0.2291 (= grasp Y); tool_z outboard component would have pushed the standoff further from center than the grasp, which folds the elbow into its stop at far-outboard reaches.
[GRASP-EXEC] approach along grasp axis: dist=0.120m tool_z=[-0.806,0.083,0.586] approach_xyz=['0.2580', '0.2291', '0.2196']
[GRASP-EXEC] applied lift tilt -15.0deg about waist Y -> lift quat=['-0.3683', '0.4307', '0.5893', '-0.5758']
[GRASP-EXEC] detected class=remote-control detected_pose7=['0.3003', '0.2542', '-0.1389', '0.6947', '0.5066', '-0.3432', '-0.3782'] -> motion grasp_pose7=['0.3547', '0.2291', '0.1493', '-0.2883', '0.3519', '0.6323', '-0.6271']
[INFO] [1783486904.328874902] [XARM_manager]: Deactivated controllers: ['jointspace_arm_L_controller', 'jointspace_arm_R_controller']
[GRASP-EXEC] arms enabled (mode 3) [took 0.02s]
[JOINT-LIMIT] left: using live controller limits from endpose_single_arm_qp_L_controller
[GRASP-EXEC] joint-limit guard ON (margin 0.050 rad) arm=left
[GRASP-EXEC] gripper: arm='left' -> stable by-id port /dev/serial/by-id/usb-FTDI_FT231X_USB_UART_DU0E2IPR-if00-port0
[GRASP-EXEC] gripper: connecting in background (overlaps arm enable + approach to hide the slow serial open; --no-gripper-async-connect for the old blocking behaviour)
[GRASP-EXEC] ARM: approach via qp_stream
[INFO] [1783486904.367073261] [XARM_manager]: Activated controllers: ['endpose_single_arm_qp_L_controller']
[GRASP-EXEC] QP-Stream left -> approach (pure-pursuit): pos=16.5cm rot=67.3deg, lookahead=13cm @ 50Hz, pos_tol=2.0cm accept=2.5cm keep_ori=False
[robotiq_api] gripper already activated (gSTA==3); skip resetActivate()
[GRASP-EXEC] gripper: cached serial port /dev/serial/by-id/usb-FTDI_FT231X_USB_UART_DU0E2IPR-if00-port0 -> /tmp/robotiq_gripper_port.txt
[GRASP-EXEC] gripper controller ready: backend=modbus_rtu port=auto slave=9 (wait_timeout=8.0s) [connect took 0.04s]
[GRASP-EXEC] approach TCP tracking: commanded=[0.2580,0.2291,0.2196] achieved=[0.2656,0.2463,0.2134] err=[+7.6,+17.2,-6.2]mm |err|=19.8mm approach-axis tilt: achieved=+37.1deg commanded=+35.9deg (0=level) ori-err=2.6deg
[JOINT-LIMIT] left closest-to-limit: elbow_pitch=-2.4578 [-2.61,0.261] dist=0.1522rad
[JOINT-LIMIT] left approach per-joint: shoulder_pitch=-0.063[-2.96,+2.96](2.897) shoulder_roll=+0.725[-0.26,+2.62](0.987) shoulder_yaw=-0.416[-2.96,+2.96](2.544) elbow_pitch=-2.458[-2.61,+0.26](0.152) elbow_yaw=-1.091[-2.96,+2.96](1.869) wrist_pitch=+0.874[-0.79,+1.05](0.176) wrist_roll=-1.168[-1.65,+1.30](0.482)
[GRASP-EXEC] GRIPPER: open (after approach, before grasp insert)
[GRASP-EXEC] gripper already open enough: 1% (skip open command)
[GRASP-EXEC] ARM: HYBRID pre-descent (position QP-stream) -> 8.1cm, leaving final 3.0cm for F/T compliant descend-to-contact
[GRASP-EXEC] QP-Stream left -> pre-grasp (pure-pursuit): pos=8.1cm rot=0.0deg, lookahead=8cm @ 50Hz, pos_tol=1.0cm accept=2.5cm keep_ori=True
[GRASP-EXEC] ARM: COMPLIANT insert to grasp pose (F/T admittance descend-to-contact)
[INFO] [1783486908.056200618] [XARM_manager]: [COMPLIANT-LEFT] Loaded F/T calibration from /home/ubuntu/niu/compliant_grasp_execute/ft_calibration/ft_calibration_left.json
[INFO] [1783486908.078110293] [XARM_manager]: [COMPLIANT-LEFT] target set: p=[0.3242466097182115, 0.23199675374090656, 0.17222215192271959] q=[0.2882145383432876, -0.3426507635044594, -0.6386208094435185, 0.6258484608138634]
[INFO] [1783486908.078871403] [XARM_manager]: [COMPLIANT-LEFT] seeded QP target at captured pose (z=+0.1722).
[INFO] [1783486908.079394383] [XARM_manager]: [COMPLIANT-LEFT] admittance loop starting (calibrating force offset; keep hands off the arm briefly)...
[COMPLIANT-INSERT] runtime force-offset calibrated in 0.33s
[INFO] [1783486908.405739330] [XARM_manager]: [COMPLIANT-LEFT] gains updated: B=[3.9597979746446663, 5.6, 3.9597979746446663] K=[20.0, 40.0, 20.0] B_rot=[0.5, 0.5, 0.5] K_rot=[0.0, 0.0, 0.0]
[COMPLIANT-INSERT] insertion dir=[+0.80,-0.08,-0.60] planned_depth=3.8cm soft_axes=xz K=[20.0, 40.0, 20.0] B=[3.96, 5.6, 3.96] contact_thresh=1.5N
[INFO] [1783486908.406172358] [XARM_manager]: [COMPLIANT-LEFT] runtime offset calibrated. p_ref=[0.3242466097182115, 0.23199675374090656, 0.17222215192271959], ready.
[INFO] [1783486909.240088812] [XARM_manager]: [COMPLIANT-LEFT] n=200 hz=240.9 F=[+0.00,+0.00,+0.00]N disp=[-2.8,+0.1,+3.0]cm v=[+0.14,-0.01,-0.15]
[COMPLIANT-INSERT] insert s=5.8cm tcp_drop=2.1cm lag=+3.7cm resist=-0.35N (throttle x0)
[INFO] [1783486910.070947707] [XARM_manager]: [COMPLIANT-LEFT] n=400 hz=241.6 F=[+0.00,+0.00,+0.00]N disp=[-1.3,-0.1,+2.5]cm v=[+0.07,+0.00,-0.12]
[COMPLIANT-INSERT] insert s=5.8cm tcp_drop=3.8cm lag=+2.0cm resist=+0.24N (throttle x0)
[INFO] [1783486910.916360108] [XARM_manager]: [COMPLIANT-LEFT] n=600 hz=238.1 F=[+0.00,+0.00,+0.00]N disp=[-0.5,-0.1,+1.7]cm v=[+0.03,+0.01,-0.09]
[COMPLIANT-INSERT] insert s=5.8cm tcp_drop=4.8cm lag=+1.1cm resist=+0.00N (throttle x0)
[INFO] [1783486911.756443584] [XARM_manager]: [COMPLIANT-LEFT] n=800 hz=238.8 F=[+0.00,+0.00,+0.00]N disp=[-0.2,-0.1,+1.1]cm v=[+0.01,+0.01,-0.06]
[INFO] [1783486911.794133135] [XARM_manager]: [COMPLIANT-LEFT] gains updated: B=[10.844353369380768, 10.844353369380768, 10.844353369380768] K=[150.0, 150.0, 150.0] B_rot=[0.5, 0.5, 0.5] K_rot=[0.0, 0.0, 0.0]
[INFO] [1783486911.794412911] [XARM_manager]: [COMPLIANT-LEFT] target set: p=[0.36859784580537885, 0.22690745539982327, 0.14807121360460693] q=[0.2882145383432876, -0.3426507635044594, -0.6386208094435185, 0.6258484608138634]
[COMPLIANT-INSERT] reached commanded depth (tcp_drop 5.0cm of planned 3.8cm) WITHOUT contact (resist 0.9N < 1.5N); proceeding to close anyway
[GRASP-EXEC] grasp TCP tracking: commanded=[0.3547,0.2291,0.1493] achieved=[0.3690,0.2265,0.1482] err=[+14.3,-2.6,-1.2]mm |err|=14.6mm approach-axis tilt: achieved=+35.9deg commanded=+35.9deg (0=level) ori-err=1.0deg
[JOINT-LIMIT] left closest-to-limit: wrist_pitch=0.6335 [-0.785,1.05] dist=0.4165rad
[JOINT-LIMIT] left grasp per-joint: shoulder_pitch=-0.282[-2.96,+2.96](2.678) shoulder_roll=+0.534[-0.26,+2.62](0.796) shoulder_yaw=-0.542[-2.96,+2.96](2.418) elbow_pitch=-1.947[-2.61,+0.26](0.663) elbow_yaw=-0.974[-2.96,+2.96](1.986) wrist_pitch=+0.633[-0.79,+1.05](0.416) wrist_roll=-0.880[-1.65,+1.30](0.770)
[GRASP-EXEC] GRIPPER: close at grasp pose (after arm motion, not at approach)
[GRASP-EXEC] gripper close: start=1% -> target=100%
[INFO] [1783486912.594985437] [XARM_manager]: [COMPLIANT-LEFT] n=1000 hz=240.0 F=[-1.02,-0.57,+14.65]N disp=[-0.3,+0.2,+1.0]cm v=[-0.01,-0.07,+0.20]
[INFO] [1783486913.427966069] [XARM_manager]: [COMPLIANT-LEFT] n=1200 hz=240.7 F=[+0.00,+0.00,+0.00]N disp=[+0.0,-0.2,+1.3]cm v=[-0.01,+0.03,-0.17]
[GRASP-EXEC] gripper close result: pos=90% status=3 ok=True
[INFO] [1783486913.994139556] [XARM_manager]: [COMPLIANT-LEFT] admittance loop stopped.
[GRASP-EXEC] ARM: rotate wrist away from table -20deg about waist Y before lift
[GRASP-EXEC] QP-Stream left -> table-clear (pure-pursuit): pos=0.0cm rot=20.0deg, lookahead=13cm @ 50Hz, pos_tol=2.0cm accept=2.5cm keep_ori=False
[GRASP-EXEC] ARM: lift after grasp
[GRASP-EXEC] QP-Stream left -> lift (pure-pursuit): pos=10.9cm rot=0.0deg, lookahead=13cm @ 50Hz, pos_tol=2.0cm accept=2.5cm keep_ori=True
[JOINT-LIMIT] left closest-to-limit: wrist_pitch=0.8296 [-0.785,1.05] dist=0.2204rad
[JOINT-LIMIT] left lift per-joint: shoulder_pitch=-0.525[-2.96,+2.96](2.435) shoulder_roll=+0.653[-0.26,+2.62](0.915) shoulder_yaw=-0.537[-2.96,+2.96](2.423) elbow_pitch=-2.144[-2.61,+0.26](0.466) elbow_yaw=-0.967[-2.96,+2.96](1.993) wrist_pitch=+0.830[-0.79,+1.05](0.220) wrist_roll=-1.319[-1.65,+1.30](0.332)
[INFO] [1783486915.110974146] [XARM_manager]: Deactivated controllers: ['endpose_single_arm_qp_L_controller']
[GRASP-EXEC] ELBOW-LOW: returning HOME directly (no pre-home waypoint)
[GRASP-EXEC] RETURN HOME: left -> joints=['0.844', '0.026', '-0.006', '-2.216', '-1.529', '0.250', '0.683']
[INFO] [1783486915.130204158] [XARM_manager]: Activated controllers: ['jointspace_arm_L_controller']
[INFO] [1783486915.130966455] [XARM_manager]: Sending goal to action server /jointspace_arm_L_controller/jointspace (attempt 1/3):
eai_manipulator_msgs.action.JointSpace_Goal(target_positions=[0.844, 0.026, -0.006, -2.216, -1.529, 0.25, 0.683])
[INFO] [1783486915.132455634] [XARM_manager]: Goal accepted. Waiting for result...
[INFO] [1783486917.401863715] [XARM_manager]: Action result received from /jointspace_arm_L_controller/jointspace
[INFO] [1783486917.402488323] [XARM_manager]: Action result: eai_manipulator_msgs.action.JointSpace_Result(success=True, result_msg='action finished')
[GRASP-EXEC] return home result: eai_manipulator_msgs.action.JointSpace_Result(success=True, result_msg='action finished')
{
  "arm": "left",
  "pipeline_version": "accelerated",
  "motion_strategy": "qp_all",
  "dry_run": false,
  "motion": {
    "detected_pose7": [
      0.30028729537573506,
      0.25415800731296867,
      -0.13885824579077502,
      0.6946629499789704,
      0.5066020739642042,
      -0.34318869751821784,
      -0.3781788498547092
    ],
    "approach_pose7": [
      0.2579615914531635,
      0.22909474777598793,
      0.21964499773958174,
      -0.2882672926812417,
      0.3519020969470866,
      0.6323033820973593,
      -0.6271039109451573
    ],
    "grasp_pose7": [
      0.3546699671433359,
      0.22909474777598793,
      0.14930894602730876,
      -0.2882672926812417,
      0.3519020969470866,
      0.6323033820973593,
      -0.6271039109451573
    ],
    "lift_pose7": [
      0.3546699671433359,
      0.22909474777598793,
      0.26930894602730876,
      -0.3683332788239859,
      0.43074501134683113,
      0.5892675069544422,
      -0.5758065093052411
    ],
    "pre_home_pose7": [
      0.17466996714333588,
      0.12909474777598792,
      0.31930894602730875,
      -0.3683332788239859,
      0.43074501134683113,
      0.5892675069544422,
      -0.5758065093052411
    ],
    "grasp_xyz_offset_m": [
      0.04,
      0.0,
      0.005
    ],
    "grasp_quat": [
      -0.2882672926812417,
      0.3519020969470866,
      0.6323033820973593,
      -0.6271039109451573
    ],
    "use_fixed_grasp_quat": true,
    "phase_backends": {
      "approach": "qp_stream",
      "grasp": "qp_stream",
      "lift": "qp_stream"
    },
    "joint_limits_used": {
      "shoulder_pitch": [
        -2.96,
        2.96
      ],
      "shoulder_roll": [
        -0.262,
        2.616
      ],
      "shoulder_yaw": [
        -2.96,
        2.96
      ],
      "elbow_pitch": [
        -2.61,
        0.261
      ],
      "elbow_yaw": [
        -2.96,
        2.96
      ],
      "wrist_pitch": [
        -0.785,
        1.05
      ],
      "wrist_roll": [
        -1.65,
        1.3
      ]
    },
    "approach_tcp_tracking": {
      "commanded_xyz": [
        0.2579615914531635,
        0.22909474777598793,
        0.21964499773958174
      ],
      "achieved_xyz": [
        0.2655838554933903,
        0.24629589998664053,
        0.21344165706475823
      ],
      "error_mm": [
        7.622264040226812,
        17.201152210652605,
        -6.2033406748235045
      ],
      "error_norm_mm": 19.810602767227792,
      "achieved_quat": [
        0.28504932369619973,
        -0.3422731828259689,
        -0.621513396787604,
        0.6444509670968417
      ],
      "approach_axis_tilt_deg": 37.09884451669801,
      "commanded_approach_axis_tilt_deg": 35.88312570138833,
      "orientation_error_deg": 2.6141899282919447
    },
    "approach_joint_limits": {
      "closest": {
        "joint": "elbow_pitch",
        "value": -2.4578,
        "lower": -2.61,
        "upper": 0.261,
        "dist_to_limit": 0.1522,
        "nearest_side": "lower"
      },
      "breached": [],
      "margin_rad": 0.05
    },
    "compliant_insert": {
      "ok": true,
      "contact": false,
      "reason": "reached_depth_no_contact",
      "resist_n": 0.9247412999722132,
      "traveled_m": 0.05019906866165394,
      "planned_depth_m": 0.03819708522967141,
      "ft_topic": "/arm_6dof_left",
      "calib_path": "/home/ubuntu/niu/compliant_grasp_execute/ft_calibration/ft_calibration_left.json",
      "calib_present": true,
      "commanded_m": 0.058197085229671416,
      "throttle_events": 0
    },
    "grasp_tcp_tracking": {
      "commanded_xyz": [
        0.3546699671433359,
        0.22909474777598793,
        0.14930894602730876
      ],
      "achieved_xyz": [
        0.3690158063075731,
        0.22647680350995664,
        0.14815549610701992
      ],
      "error_mm": [
        14.345839164237207,
        -2.6179442660312913,
        -1.153449920288846
      ],
      "error_norm_mm": 14.62830066087044,
      "achieved_quat": [
        0.2912500885703695,
        -0.3487637775085734,
        -0.6377550832538802,
        0.6219370283151975
      ],
      "approach_axis_tilt_deg": 35.949674339993,
      "commanded_approach_axis_tilt_deg": 35.88312570138833,
      "orientation_error_deg": 0.9934785006223327
    },
    "grasp_joint_limits": {
      "closest": {
        "joint": "wrist_pitch",
        "value": 0.6335,
        "lower": -0.785,
        "upper": 1.05,
        "dist_to_limit": 0.4165,
        "nearest_side": "upper"
      },
      "breached": [],
      "margin_rad": 0.05
    },
    "lift_joint_limits": {
      "closest": {
        "joint": "wrist_pitch",
        "value": 0.8296,
        "lower": -0.785,
        "upper": 1.05,
        "dist_to_limit": 0.2204,
        "nearest_side": "upper"
      },
      "breached": [],
      "margin_rad": 0.05
    },
    "retract_ok": null,
    "return_home_ok": true,
    "released_on_finish_ok": null,
    "approach_ok": true,
    "grasp_ok": true,
    "lift_ok": true
  },
  "detection": {
    "class_name": "remote-control",
    "pose_head_roll_link": [
      0.7851738298545542,
      0.20782704155017648,
      -0.13579149939733842,
      -0.3649110379891925,
      0.04426100732412922,
      0.9293698109503606,
      -0.03395073015995893
    ],
    "pose_tip_waist_yaw_link_rpy": {
      "x": 0.529040199923218,
      "y": 0.20689154719985747,
      "z": -0.011602635268229688,
      "roll": 0.06099594695739224,
      "pitch": 0.04987362100556636,
      "yaw": -3.049589301015639
    },
    "pose_tip_used_for_tcp_conversion_rpy": {
      "x": 0.529040199923218,
      "y": 0.20689154719985747,
      "z": -0.011602635268229688,
      "roll": -2.0720385934693506,
      "pitch": 0.09376590532490292,
      "yaw": 1.3157814123279585
    },
    "pose_tcp_waist_yaw_link_rpy": {
      "x": 0.30028729537573506,
      "y": 0.25415800731296867,
      "z": -0.13885824579077502,
      "roll": -2.0720385934693506,
      "pitch": 0.09376590532490292,
      "yaw": 1.3157814123279585
    },
    "pose_tcp_waist_yaw_link_pose7": [
      0.30028729537573506,
      0.25415800731296867,
      -0.13885824579077502,
      0.6946629499789704,
      0.5066020739642042,
      -0.34318869751821784,
      -0.3781788498547092
    ],
    "current_tcp_pose7": [
      0.1156287581460843,
      -0.2579133916641135,
      0.14128886447953118,
      0.6946629499789704,
      0.5066020739642042,
      -0.34318869751821784,
      -0.3781788498547092
    ],
    "tcp_minus_tip_waist_m": [
      -0.22875290454748298,
      0.0472664601131112,
      -0.12725561052254533
    ],
    "tcp_to_tip_offset_m": [
      0.0,
      0.0,
      -0.266
    ],
    "orientation_policy": "current",
    "use_current_tcp_rotation": true,
    "rotation_source_arm": "right",
    "bbox_2d": [
      435.1011962890625,
      285.2989196777344,
      483.228271484375,
      459.41473388671875
    ],
    "bbox_3d": {
      "min": [
        0.7249037122439868,
        0.181462719839259,
        -0.19718507462161236
      ],
      "max": [
        0.8581019554340763,
        0.23979984133144683,
        -0.07181749294249481
      ],
      "center": [
        0.7915028338390315,
        0.2106312805853529,
        -0.1345012837820536
      ],
      "size": [
        0.13319824319008955,
        0.05833712149218784,
        0.12536758167911755
      ]
    },
    "object_long_axis_waist": [
      -0.9945325037309286,
      -0.09175937345316623,
      -0.049852947818290194
    ],
    "object_long_axis_yaw_waist_deg": 5.271403803553113,
    "object_angle_from_waist_x_deg": 5.2714038035531
  },
  "gripper": {
    "open_ok": true,
    "close_ok": true,
    "final_pos_pct": 90.0,
    "backend": "modbus_rtu"
  },
  "ok": true
}
[GRASP-EXEC] saved result json: /tmp/grasp_exec.json
[GRASP-EXEC] saved handoff: /tmp/grasp_handoff.json (arm=left holding=True)
