[日志] 日志文件: logs/grasp/grasp_260708_130029.log
[日志] 执行命令: python3 -m compliant_grasp_execute.main
[INFO] [1783486829.581617081] [XARM_manager]: waiting for service /controller_manager/get_parameters to become available...
[INFO] [1783486830.180248291] [XARM_manager]: XARM_manager initialized, robot_type: tianyi2, run_type: real
[INFO] [1783486830.187543211] [XARM_manager]: 已订阅关节状态话题: /joint_states
[INFO] [1783486830.191957018] [XARM_manager]: 已订阅警告和错误信息话题: /manipulator/warn_and_error_info
[INFO] [1783486830.202652606] [XARM_manager]: /joint_action_report 服务已启动
[CONFIG] loaded 201 params from /home/ubuntu/niu/compliant_grasp_execute/config.yaml
[GRASP-EXEC] STARTUP: enabling arms and moving BOTH to home posture
[INFO] [1783486833.524026977] [XARM_manager]: Deactivated controllers: ['jointspace_arm_L_controller']
[GRASP-EXEC] STARTUP: left -> home joints=['0.844', '0.026', '-0.006', '-2.216', '-1.529', '0.250', '0.683']
[INFO] [1783486833.548012134] [XARM_manager]: Activated controllers: ['jointspace_arm_L_controller']
[INFO] [1783486833.563422621] [XARM_manager]: Sending goal to action server /jointspace_arm_L_controller/jointspace (attempt 1/3):
eai_manipulator_msgs.action.JointSpace_Goal(target_positions=[0.844, 0.026, -0.006, -2.216, -1.529, 0.25, 0.683])
[INFO] [1783486833.564954373] [XARM_manager]: Goal accepted. Waiting for result...
[INFO] [1783486834.129971127] [XARM_manager]: Action result received from /jointspace_arm_L_controller/jointspace
[INFO] [1783486834.130294828] [XARM_manager]: Action result: eai_manipulator_msgs.action.JointSpace_Result(success=True, result_msg='action finished')
[GRASP-EXEC] STARTUP: right -> home joints=['0.844', '-0.026', '0.006', '-2.216', '1.529', '0.250', '-0.683']
[INFO] [1783486834.143682110] [XARM_manager]: Activated controllers: ['jointspace_arm_R_controller']
[INFO] [1783486834.155699087] [XARM_manager]: Sending goal to action server /jointspace_arm_R_controller/jointspace (attempt 1/3):
eai_manipulator_msgs.action.JointSpace_Goal(target_positions=[0.844, -0.026, 0.006, -2.216, 1.529, 0.25, -0.683])
[INFO] [1783486834.157788034] [XARM_manager]: Goal accepted. Waiting for result...
[INFO] [1783486834.597179074] [XARM_manager]: Action result received from /jointspace_arm_R_controller/jointspace
[INFO] [1783486834.597658171] [XARM_manager]: Action result: eai_manipulator_msgs.action.JointSpace_Result(success=True, result_msg='action finished')
[GRASP-EXEC] STARTUP: activating both grippers (open/close cycle)
[robotiq_api] gripper already activated (gSTA==3); skip resetActivate()
[GRASP-EXEC] STARTUP: gripper 'left' activated
[robotiq_api] gripper already activated (gSTA==3); skip resetActivate()
[GRASP-EXEC] STARTUP: gripper 'right' activated
perception health check pass
[object_pose] RGB (720, 1280, 3), depth (720, 1280), valid-depth pixels: 837956/921600 (median valid depth 0.958 m)
[GRASP-EXEC] ARM-SELECT: object waist Y=+0.202m (y >= boundary 0.000) -> 'left' arm
[GRASP-EXEC] reach tilt reduction: object |Y|=0.202m -> tilt_scale=0.87 (backed the side-tilt off so the elbow can extend to a far-outboard object instead of folding into its stop)
[GRASP-EXEC] applied grasp tilt +39.2deg about waist Y (tilt scale 1.00 x reach 0.87) -> quat=['-0.2636', '0.3574', '0.6638', '-0.6018']
[GRASP-EXEC] continuous orientation: object long-axis yaw +2.0deg (angle-from-X 2.0deg); applied continuous yaw +2.0deg about waist Z (gain=1.00, clamp +/-15deg) -> quat=['-0.2697', '0.3528', '0.6533', '-0.6132']
[GRASP-EXEC] recomputed TCP along final quat: detected_tcp_xyz=['0.2903', '0.2488', '-0.1401'] -> consistent_tcp_xyz=['0.3101', '0.2362', '0.1485']
[GRASP-EXEC] approach lateral clamp: approach Y +0.2518 -> +0.2362 (= grasp Y); tool_z outboard component would have pushed the standoff further from center than the grasp, which folds the elbow into its stop at far-outboard reaches.
[GRASP-EXEC] approach along grasp axis: dist=0.120m tool_z=[-0.785,0.130,0.606] approach_xyz=['0.2559', '0.2362', '0.2262']
[GRASP-EXEC] applied lift tilt -15.0deg about waist Y -> lift quat=['-0.3527', '0.4298', '0.6125', '-0.5619']
[GRASP-EXEC] detected class=remote-control detected_pose7=['0.2903', '0.2488', '-0.1401', '0.6948', '0.5069', '-0.3429', '-0.3777'] -> motion grasp_pose7=['0.3501', '0.2362', '0.1535', '-0.2697', '0.3528', '0.6533', '-0.6132']
[INFO] [1783486838.189783205] [XARM_manager]: Deactivated controllers: ['jointspace_arm_L_controller', 'jointspace_arm_R_controller']
[GRASP-EXEC] arms enabled (mode 3) [took 0.02s]
[JOINT-LIMIT] left: using live controller limits from endpose_single_arm_qp_L_controller
[GRASP-EXEC] joint-limit guard ON (margin 0.050 rad) arm=left
[GRASP-EXEC] gripper: connecting in background (overlaps arm enable + approach to hide the slow serial open; --no-gripper-async-connect for the old blocking behaviour)
[GRASP-EXEC] gripper: arm='left' -> stable by-id port /dev/serial/by-id/usb-FTDI_FT231X_USB_UART_DU0E2IPR-if00-port0
[GRASP-EXEC] ARM: approach via qp_stream
[INFO] [1783486838.233779465] [XARM_manager]: Activated controllers: ['endpose_single_arm_qp_L_controller']
[GRASP-EXEC] QP-Stream left -> approach (pure-pursuit): pos=16.5cm rot=69.5deg, lookahead=13cm @ 50Hz, pos_tol=2.0cm accept=2.5cm keep_ori=False
[robotiq_api] gripper already activated (gSTA==3); skip resetActivate()
[GRASP-EXEC] gripper: cached serial port /dev/serial/by-id/usb-FTDI_FT231X_USB_UART_DU0E2IPR-if00-port0 -> /tmp/robotiq_gripper_port.txt
[GRASP-EXEC] gripper controller ready: backend=modbus_rtu port=auto slave=9 (wait_timeout=8.0s) [connect took 0.04s]
[GRASP-EXEC] approach TCP tracking: commanded=[0.2559,0.2362,0.2262] achieved=[0.2634,0.2531,0.2208] err=[+7.5,+16.8,-5.4]mm |err|=19.2mm approach-axis tilt: achieved=+38.6deg commanded=+37.3deg (0=level) ori-err=2.9deg
[JOINT-LIMIT] left closest-to-limit: elbow_pitch=-2.4764 [-2.61,0.261] dist=0.1336rad
[JOINT-LIMIT] left approach per-joint: shoulder_pitch=-0.069[-2.96,+2.96](2.892) shoulder_roll=+0.800[-0.26,+2.62](1.062) shoulder_yaw=-0.392[-2.96,+2.96](2.568) elbow_pitch=-2.476[-2.61,+0.26](0.134) elbow_yaw=-0.955[-2.96,+2.96](2.006) wrist_pitch=+0.859[-0.79,+1.05](0.191) wrist_roll=-1.131[-1.65,+1.30](0.519)
[GRASP-EXEC] GRIPPER: open (after approach, before grasp insert)
[GRASP-EXEC] gripper already open enough: 1% (skip open command)
[GRASP-EXEC] ARM: HYBRID pre-descent (position QP-stream) -> 8.1cm, leaving final 3.0cm for F/T compliant descend-to-contact
[GRASP-EXEC] QP-Stream left -> pre-grasp (pure-pursuit): pos=8.1cm rot=0.0deg, lookahead=8cm @ 50Hz, pos_tol=1.0cm accept=2.5cm keep_ori=True
[GRASP-EXEC] ARM: COMPLIANT insert to grasp pose (F/T admittance descend-to-contact)
[INFO] [1783486841.894730250] [XARM_manager]: [COMPLIANT-LEFT] Loaded F/T calibration from /home/ubuntu/niu/compliant_grasp_execute/ft_calibration/ft_calibration_left.json
[INFO] [1783486841.915563533] [XARM_manager]: [COMPLIANT-LEFT] target set: p=[0.3179518180967233, 0.23781998685324343, 0.17305929319853663] q=[0.2655744118473929, -0.32983265136056517, -0.6733640136631405, 0.6060210878936785]
[INFO] [1783486841.917101623] [XARM_manager]: [COMPLIANT-LEFT] seeded QP target at captured pose (z=+0.1731).
[INFO] [1783486841.917949960] [XARM_manager]: [COMPLIANT-LEFT] admittance loop starting (calibrating force offset; keep hands off the arm briefly)...
[INFO] [1783486842.259415271] [XARM_manager]: [COMPLIANT-LEFT] runtime offset calibrated. p_ref=[0.3179518180967233, 0.23781998685324343, 0.17305929319853663], ready.
[COMPLIANT-INSERT] runtime force-offset calibrated in 0.35s
[INFO] [1783486842.263633406] [XARM_manager]: [COMPLIANT-LEFT] gains updated: B=[3.9597979746446663, 5.6, 3.9597979746446663] K=[20.0, 40.0, 20.0] B_rot=[0.5, 0.5, 0.5] K_rot=[0.0, 0.0, 0.0]
[COMPLIANT-INSERT] insertion dir=[+0.85,-0.04,-0.52] planned_depth=3.8cm soft_axes=xz K=[20.0, 40.0, 20.0] B=[3.96, 5.6, 3.96] contact_thresh=1.5N
[INFO] [1783486843.091720611] [XARM_manager]: [COMPLIANT-LEFT] n=200 hz=241.3 F=[+0.00,+0.00,+0.00]N disp=[-3.2,-0.0,+2.5]cm v=[+0.16,+0.00,-0.13]
[COMPLIANT-INSERT] insert s=5.8cm tcp_drop=2.1cm lag=+3.7cm resist=+0.11N (throttle x0)
[INFO] [1783486843.921637980] [XARM_manager]: [COMPLIANT-LEFT] n=400 hz=241.9 F=[+0.00,+0.00,+0.00]N disp=[-1.5,-0.1,+2.2]cm v=[+0.08,+0.01,-0.11]
[COMPLIANT-INSERT] insert s=5.8cm tcp_drop=3.9cm lag=+1.9cm resist=-0.04N (throttle x0)
[INFO] [1783486844.755138601] [XARM_manager]: [COMPLIANT-LEFT] n=600 hz=240.8 F=[+0.00,+0.00,+0.00]N disp=[-0.6,-0.1,+1.6]cm v=[+0.03,+0.01,-0.08]
[COMPLIANT-INSERT] insert s=5.8cm tcp_drop=4.7cm lag=+1.0cm resist=+0.63N (throttle x0)
[INFO] [1783486845.437003938] [XARM_manager]: [COMPLIANT-LEFT] gains updated: B=[10.844353369380768, 10.844353369380768, 10.844353369380768] K=[150.0, 150.0, 150.0] B_rot=[0.5, 0.5, 0.5] K_rot=[0.0, 0.0, 0.0]
[INFO] [1783486845.437596090] [XARM_manager]: [COMPLIANT-LEFT] target set: p=[0.36408497151818353, 0.2345734179853958, 0.15999594251672078] q=[0.2655744118473929, -0.32983265136056517, -0.6733640136631405, 0.6060210878936785]
[COMPLIANT-INSERT] CONTACT (force) at tcp_drop 4.6cm (resist 1.5N, thresh 1.5N); holding compliant for gripper close
[INFO] [1783486845.594227764] [XARM_manager]: [COMPLIANT-LEFT] n=800 hz=239.2 F=[+0.00,+0.00,+1.69]N disp=[-0.0,+0.0,+0.4]cm v=[-0.00,-0.00,+0.10]
[GRASP-EXEC] grasp TCP tracking: commanded=[0.3501,0.2362,0.1535] achieved=[0.3641,0.2346,0.1647] err=[+14.0,-1.6,+11.2]mm |err|=18.0mm approach-axis tilt: achieved=+41.2deg commanded=+37.3deg (0=level) ori-err=4.6deg
[JOINT-LIMIT] left closest-to-limit: wrist_pitch=0.5282 [-0.785,1.05] dist=0.5218rad
[JOINT-LIMIT] left grasp per-joint: shoulder_pitch=-0.279[-2.96,+2.96](2.681) shoulder_roll=+0.542[-0.26,+2.62](0.804) shoulder_yaw=-0.458[-2.96,+2.96](2.502) elbow_pitch=-1.991[-2.61,+0.26](0.619) elbow_yaw=-0.982[-2.96,+2.96](1.978) wrist_pitch=+0.528[-0.79,+1.05](0.522) wrist_roll=-1.062[-1.65,+1.30](0.588)
[GRASP-EXEC] GRIPPER: close at grasp pose (after arm motion, not at approach)
[GRASP-EXEC] gripper close: start=1% -> target=100%
[INFO] [1783486846.429504839] [XARM_manager]: [COMPLIANT-LEFT] n=1000 hz=240.2 F=[+0.59,-1.94,+5.28]N disp=[+0.1,-0.0,+0.9]cm v=[+0.06,-0.17,+0.20]
[INFO] [1783486847.269387141] [XARM_manager]: [COMPLIANT-LEFT] n=1200 hz=239.4 F=[+0.00,+0.00,+0.93]N disp=[+0.0,-0.2,+0.5]cm v=[-0.01,+0.03,+0.01]
[GRASP-EXEC] gripper close result: pos=90% status=3 ok=True
[INFO] [1783486847.647865449] [XARM_manager]: [COMPLIANT-LEFT] admittance loop stopped.
[GRASP-EXEC] ARM: rotate wrist away from table -20deg about waist Y before lift
[GRASP-EXEC] QP-Stream left -> table-clear (pure-pursuit): pos=0.0cm rot=20.0deg, lookahead=13cm @ 50Hz, pos_tol=2.0cm accept=2.5cm keep_ori=False
[GRASP-EXEC] ARM: lift after grasp
[GRASP-EXEC] QP-Stream left -> lift (pure-pursuit): pos=10.3cm rot=0.0deg, lookahead=13cm @ 50Hz, pos_tol=2.0cm accept=2.5cm keep_ori=True
[JOINT-LIMIT] left closest-to-limit: wrist_pitch=0.7477 [-0.785,1.05] dist=0.3023rad
[JOINT-LIMIT] left lift per-joint: shoulder_pitch=-0.517[-2.96,+2.96](2.442) shoulder_roll=+0.677[-0.26,+2.62](0.939) shoulder_yaw=-0.486[-2.96,+2.96](2.474) elbow_pitch=-2.153[-2.61,+0.26](0.457) elbow_yaw=-0.885[-2.96,+2.96](2.075) wrist_pitch=+0.748[-0.79,+1.05](0.302) wrist_roll=-1.347[-1.65,+1.30](0.303)
[INFO] [1783486848.652007336] [XARM_manager]: Deactivated controllers: ['endpose_single_arm_qp_L_controller']
[GRASP-EXEC] ELBOW-LOW: returning HOME directly (no pre-home waypoint)
[GRASP-EXEC] RETURN HOME: left -> joints=['0.844', '0.026', '-0.006', '-2.216', '-1.529', '0.250', '0.683']
[INFO] [1783486848.670666662] [XARM_manager]: Activated controllers: ['jointspace_arm_L_controller']
[INFO] [1783486848.671520966] [XARM_manager]: Sending goal to action server /jointspace_arm_L_controller/jointspace (attempt 1/3):
eai_manipulator_msgs.action.JointSpace_Goal(target_positions=[0.844, 0.026, -0.006, -2.216, -1.529, 0.25, 0.683])
[INFO] [1783486848.673497924] [XARM_manager]: Goal accepted. Waiting for result...
[INFO] [1783486850.966110413] [XARM_manager]: Action result received from /jointspace_arm_L_controller/jointspace
[INFO] [1783486850.966363055] [XARM_manager]: Action result: eai_manipulator_msgs.action.JointSpace_Result(success=True, result_msg='action finished')
[GRASP-EXEC] return home result: eai_manipulator_msgs.action.JointSpace_Result(success=True, result_msg='action finished')
{
  "arm": "left",
  "pipeline_version": "accelerated",
  "motion_strategy": "qp_all",
  "dry_run": false,
  "motion": {
    "detected_pose7": [
      0.2903204484804492,
      0.24877139954116176,
      -0.14012547687818314,
      0.6948079035463727,
      0.5069276960140174,
      -0.3429322230674058,
      -0.3777085894780017
    ],
    "approach_pose7": [
      0.2559144653505486,
      0.23623839565372023,
      0.22618315290667906,
      -0.26973163508026654,
      0.3527514450091549,
      0.6532701029560064,
      -0.6132286976852338
    ],
    "grasp_pose7": [
      0.3501204466902909,
      0.23623839565372023,
      0.15350844976726807,
      -0.26973163508026654,
      0.3527514450091549,
      0.6532701029560064,
      -0.6132286976852338
    ],
    "lift_pose7": [
      0.3501204466902909,
      0.23623839565372023,
      0.27350844976726807,
      -0.35269290258033476,
      0.42977601436542767,
      0.612474243416557,
      -0.561939138249813
    ],
    "pre_home_pose7": [
      0.17012044669029092,
      0.13623839565372023,
      0.32350844976726806,
      -0.35269290258033476,
      0.42977601436542767,
      0.612474243416557,
      -0.561939138249813
    ],
    "grasp_xyz_offset_m": [
      0.04,
      0.0,
      0.005
    ],
    "grasp_quat": [
      -0.26973163508026654,
      0.3527514450091549,
      0.6532701029560064,
      -0.6132286976852338
    ],
    "use_fixed_grasp_quat": true,
    "phase_backends": {
      "approach": "qp_stream",
      "grasp": "qp_stream",
      "lift": "qp_stream"
    },
    "joint_limits_used": {
      "shoulder_pitch": [
        -2.96,
        2.96
      ],
      "shoulder_roll": [
        -0.262,
        2.616
      ],
      "shoulder_yaw": [
        -2.96,
        2.96
      ],
      "elbow_pitch": [
        -2.61,
        0.261
      ],
      "elbow_yaw": [
        -2.96,
        2.96
      ],
      "wrist_pitch": [
        -0.785,
        1.05
      ],
      "wrist_roll": [
        -1.65,
        1.3
      ]
    },
    "approach_tcp_tracking": {
      "commanded_xyz": [
        0.2559144653505486,
        0.23623839565372023,
        0.22618315290667906
      ],
      "achieved_xyz": [
        0.2633678621113016,
        0.2530810832158928,
        0.22079116508817298
      ],
      "error_mm": [
        7.453396760752962,
        16.842687562172554,
        -5.391987818506083
      ],
      "error_norm_mm": 19.191216225791493,
      "achieved_quat": [
        0.2669752980992494,
        -0.3414891165521456,
        -0.6421519297837335,
        0.6322580743306321
      ],
      "approach_axis_tilt_deg": 38.624868504990715,
      "commanded_approach_axis_tilt_deg": 37.27365170309379,
      "orientation_error_deg": 2.853767993924689
    },
    "approach_joint_limits": {
      "closest": {
        "joint": "elbow_pitch",
        "value": -2.4764,
        "lower": -2.61,
        "upper": 0.261,
        "dist_to_limit": 0.1336,
        "nearest_side": "lower"
      },
      "breached": [],
      "margin_rad": 0.05
    },
    "compliant_insert": {
      "ok": true,
      "contact": true,
      "reason": "contact",
      "resist_n": 1.5339974240759022,
      "traveled_m": 0.046303415376166716,
      "planned_depth_m": 0.03767701653776852,
      "ft_topic": "/arm_6dof_left",
      "calib_path": "/home/ubuntu/niu/compliant_grasp_execute/ft_calibration/ft_calibration_left.json",
      "calib_present": true,
      "commanded_m": 0.05767701653776852,
      "throttle_events": 0,
      "contact_kind": "force"
    },
    "grasp_tcp_tracking": {
      "commanded_xyz": [
        0.3501204466902909,
        0.23623839565372023,
        0.15350844976726807
      ],
      "achieved_xyz": [
        0.3641165640547048,
        0.23461172496517535,
        0.16466793859892415
      ],
      "error_mm": [
        13.996117364413918,
        -1.6266706885448845,
        11.159488831656073
      ],
      "error_norm_mm": 17.974191213828693,
      "achieved_quat": [
        0.25844386566329475,
        -0.32200667007927547,
        -0.675828400478958,
        0.6105525741748393
      ],
      "approach_axis_tilt_deg": 41.2264660757829,
      "commanded_approach_axis_tilt_deg": 37.27365170309379,
      "orientation_error_deg": 4.567740459599207
    },
    "grasp_joint_limits": {
      "closest": {
        "joint": "wrist_pitch",
        "value": 0.5282,
        "lower": -0.785,
        "upper": 1.05,
        "dist_to_limit": 0.5218,
        "nearest_side": "upper"
      },
      "breached": [],
      "margin_rad": 0.05
    },
    "lift_joint_limits": {
      "closest": {
        "joint": "wrist_pitch",
        "value": 0.7477,
        "lower": -0.785,
        "upper": 1.05,
        "dist_to_limit": 0.3023,
        "nearest_side": "upper"
      },
      "breached": [],
      "margin_rad": 0.05
    },
    "retract_ok": null,
    "return_home_ok": true,
    "released_on_finish_ok": null,
    "approach_ok": true,
    "grasp_ok": true,
    "lift_ok": true
  },
  "detection": {
    "class_name": "remote-control",
    "pose_head_roll_link": [
      0.7780609191491656,
      0.20255258748626007,
      -0.14298989415126373,
      -0.35925688109191384,
      0.052495367270107514,
      0.9317610490548949,
      -0.0002779701580486695
    ],
    "pose_tip_waist_yaw_link_rpy": {
      "x": 0.5189437053267196,
      "y": 0.2016398855147898,
      "z": -0.012587142191759604,
      "roll": 0.09777715147290683,
      "pitch": 0.038572614690512985,
      "yaw": -3.1069800357883075
    },
    "pose_tip_used_for_tcp_conversion_rpy": {
      "x": 0.5189437053267196,
      "y": 0.2016398855147898,
      "z": -0.012587142191759604,
      "roll": -2.073254936886702,
      "pitch": 0.09373936996832088,
      "yaw": 1.3161018612318447
    },
    "pose_tcp_waist_yaw_link_rpy": {
      "x": 0.2903204484804492,
      "y": 0.24877139954116176,
      "z": -0.14012547687818314,
      "roll": -2.073254936886702,
      "pitch": 0.09373936996832088,
      "yaw": 1.3161018612318447
    },
    "pose_tcp_waist_yaw_link_pose7": [
      0.2903204484804492,
      0.24877139954116176,
      -0.14012547687818314,
      0.6948079035463727,
      0.5069276960140174,
      -0.3429322230674058,
      -0.3777085894780017
    ],
    "current_tcp_pose7": [
      0.11559066353918535,
      -0.2578717035366899,
      0.14138526895885278,
      0.6948079035463727,
      0.5069276960140174,
      -0.3429322230674058,
      -0.3777085894780017
    ],
    "tcp_minus_tip_waist_m": [
      -0.22862325684627044,
      0.047131514026371946,
      -0.12753833468642353
    ],
    "tcp_to_tip_offset_m": [
      0.0,
      0.0,
      -0.266
    ],
    "orientation_policy": "current",
    "use_current_tcp_rotation": true,
    "rotation_source_arm": "right",
    "bbox_2d": [
      434.6673889160156,
      292.7558288574219,
      492.8030700683594,
      469.54205322265625
    ],
    "bbox_3d": {
      "min": [
        0.7169418290926987,
        0.1774903485738711,
        -0.20571470574427206
      ],
      "max": [
        0.8494644534814635,
        0.23145658829906746,
        -0.07930161220794363
      ],
      "center": [
        0.783203141287081,
        0.2044734684364693,
        -0.14250815897610786
      ],
      "size": [
        0.13252262438876483,
        0.05396623972519635,
        0.12641309353632843
      ]
    },
    "object_long_axis_waist": [
      -0.9986576575986604,
      -0.03457996623719937,
      -0.038563050379755735
    ],
    "object_long_axis_yaw_waist_deg": 1.9831569179245037,
    "object_angle_from_waist_x_deg": 1.9831569179245134
  },
  "gripper": {
    "open_ok": true,
    "close_ok": true,
    "final_pos_pct": 90.0,
    "backend": "modbus_rtu"
  },
  "ok": true
}
[GRASP-EXEC] saved result json: /tmp/grasp_exec.json
[GRASP-EXEC] saved handoff: /tmp/grasp_handoff.json (arm=left holding=True)
