[日志] 日志文件: logs/grasp/grasp_260708_102722.log
[日志] 执行命令: python3 -m compliant_grasp_execute.main
[INFO] [1783477642.842869725] [XARM_manager]: waiting for service /controller_manager/get_parameters to become available...
[INFO] [1783477643.726264740] [XARM_manager]: XARM_manager initialized, robot_type: tianyi2, run_type: real
[INFO] [1783477643.733698867] [XARM_manager]: 已订阅关节状态话题: /joint_states
[INFO] [1783477643.741533245] [XARM_manager]: 已订阅警告和错误信息话题: /manipulator/warn_and_error_info
[INFO] [1783477643.750856851] [XARM_manager]: /joint_action_report 服务已启动
[CONFIG] loaded 201 params from /home/ubuntu/niu/compliant_grasp_execute/config.yaml
[GRASP-EXEC] STARTUP: enabling arms and moving BOTH to home posture
[INFO] [1783477646.787741841] [XARM_manager]: Deactivated controllers: ['jointspace_arm_R_controller']
[GRASP-EXEC] STARTUP: left -> home joints=['0.844', '0.026', '-0.006', '-2.216', '-1.529', '0.250', '0.683']
[INFO] [1783477646.806813595] [XARM_manager]: Activated controllers: ['jointspace_arm_L_controller']
[INFO] [1783477646.823678340] [XARM_manager]: Sending goal to action server /jointspace_arm_L_controller/jointspace (attempt 1/3):
eai_manipulator_msgs.action.JointSpace_Goal(target_positions=[0.844, 0.026, -0.006, -2.216, -1.529, 0.25, 0.683])
[INFO] [1783477646.827596728] [XARM_manager]: Goal accepted. Waiting for result...
[INFO] [1783477647.297045891] [XARM_manager]: Action result received from /jointspace_arm_L_controller/jointspace
[INFO] [1783477647.297367364] [XARM_manager]: Action result: eai_manipulator_msgs.action.JointSpace_Result(success=True, result_msg='action finished')
[GRASP-EXEC] STARTUP: right -> home joints=['0.844', '-0.026', '0.006', '-2.216', '1.529', '0.250', '-0.683']
[INFO] [1783477647.306025666] [XARM_manager]: Activated controllers: ['jointspace_arm_R_controller']
[INFO] [1783477647.317505464] [XARM_manager]: Sending goal to action server /jointspace_arm_R_controller/jointspace (attempt 1/3):
eai_manipulator_msgs.action.JointSpace_Goal(target_positions=[0.844, -0.026, 0.006, -2.216, 1.529, 0.25, -0.683])
[INFO] [1783477647.319183932] [XARM_manager]: Goal accepted. Waiting for result...
[INFO] [1783477647.763664036] [XARM_manager]: Action result received from /jointspace_arm_R_controller/jointspace
[INFO] [1783477647.764100537] [XARM_manager]: Action result: eai_manipulator_msgs.action.JointSpace_Result(success=True, result_msg='action finished')
[GRASP-EXEC] STARTUP: activating both grippers (open/close cycle)
[GRASP-EXEC] WARNING: startup activation of gripper 'left' failed: NoResponseError('No communication with the instrument (no answer)')
[robotiq_api] gripper already activated (gSTA==3); skip resetActivate()
[GRASP-EXEC] STARTUP: gripper 'right' activated
perception health check pass
[object_pose] RGB (720, 1280, 3), depth (720, 1280), valid-depth pixels: 844264/921600 (median valid depth 0.939 m)
[GRASP-EXEC] ARM-SELECT: object waist Y=-0.149m (y < boundary 0.000) -> 'right' arm
[GRASP-EXEC] diagonal schedule: angle-from-X=89.36868078965088deg -> tilt_scale=0.50, yaw_clamp=45.0deg (freed wrist_pitch, raised jaw alignment)
[GRASP-EXEC] applied grasp tilt +22.5deg about waist Y (tilt scale 1.00 x diag 0.50) -> quat=['0.3570', '0.4408', '-0.6186', '-0.5437']
[GRASP-EXEC] continuous orientation: object long-axis yaw -89.4deg (angle-from-X 89.4deg); applied continuous yaw -45.0deg about waist Z (gain=1.00, clamp +/-45deg) -> quat=['0.4985', '0.2706', '-0.3634', '-0.7391']
[GRASP-EXEC] recomputed TCP along final quat: detected_tcp_xyz=['0.3221', '-0.1021', '-0.1429'] -> consistent_tcp_xyz=['0.3479', '-0.0055', '0.0795']
[GRASP-EXEC] approach lateral clamp: approach Y +0.0593 -> -0.0055 (= grasp Y); tool_z outboard component would have pushed the standoff further from center than the grasp, which folds the elbow into its stop at far-outboard reaches.
[GRASP-EXEC] approach along grasp axis: dist=0.120m tool_z=[-0.762,0.540,0.357] approach_xyz=['0.2965', '-0.0055', '0.1273']
[GRASP-EXEC] applied lift tilt -15.0deg about waist Y -> lift quat=['0.5416', '0.3648', '-0.2953', '-0.6974']
[GRASP-EXEC] detected class=remote-control detected_pose7=['0.3221', '-0.1021', '-0.1429', '0.6948', '0.5070', '-0.3429', '-0.3776'] -> motion grasp_pose7=['0.3879', '-0.0055', '0.0845', '0.4985', '0.2706', '-0.3634', '-0.7391']
[INFO] [1783477651.471324632] [XARM_manager]: Deactivated controllers: ['jointspace_arm_L_controller', 'jointspace_arm_R_controller']
[GRASP-EXEC] arms enabled (mode 3) [took 0.02s]
[JOINT-LIMIT] right: using live controller limits from endpose_single_arm_qp_R_controller
[GRASP-EXEC] joint-limit guard ON (margin 0.050 rad) arm=right
[GRASP-EXEC] gripper: connecting in background (overlaps arm enable + approach to hide the slow serial open; --no-gripper-async-connect for the old blocking behaviour)
[GRASP-EXEC] ARM: approach via qp_stream
[GRASP-EXEC] ELBOW-HIGH (proactive): object long axis ~parallel to body (angle-from-X=89.36868078965088 >= 60.0deg); the elbow-high seed's fore-aft jaws match a parallel object's short axis; reconfiguring to elbow-high seed before approach.
[GRASP-EXEC] elbow-high seed ready/right: clamped 1 joint(s) inward (margin 0.05rad): shoulder_yaw +2.964->+2.910 [-2.960,2.960]
[GRASP-EXEC] ELBOW-HIGH: reconfiguring right arm into elbow-high seed (jointspace: home -> stage -> transition -> ready). NOTE: jointspace moves run at the controller's own speed; watch the first reconfiguration for table/body clearance.
[GRASP-EXEC] gripper: arm='right' -> stable by-id port /dev/serial/by-id/usb-FTDI_FT231X_USB_UART_D30JLK40-if00-port0
[GRASP-EXEC] ELBOW-HIGH: right -> stage joints=['0.000', '-1.180', '0.000', '-1.300', '-1.400', '-0.130', '0.180']
[INFO] [1783477651.517275074] [XARM_manager]: Activated controllers: ['jointspace_arm_R_controller']
[INFO] [1783477651.518088784] [XARM_manager]: Sending goal to action server /jointspace_arm_R_controller/jointspace (attempt 1/3):
eai_manipulator_msgs.action.JointSpace_Goal(target_positions=[0.0, -1.18, 0.0, -1.3, -1.4, -0.13, 0.18])
[INFO] [1783477651.520839415] [XARM_manager]: Goal accepted. Waiting for result...
[robotiq_api] gripper already activated (gSTA==3); skip resetActivate()
[GRASP-EXEC] gripper: cached serial port /dev/serial/by-id/usb-FTDI_FT231X_USB_UART_D30JLK40-if00-port0 -> /tmp/robotiq_gripper_port.txt
[GRASP-EXEC] gripper controller ready: backend=modbus_rtu port=auto slave=9 (wait_timeout=8.0s) [connect took 0.04s]
[INFO] [1783477654.466127254] [XARM_manager]: Action result received from /jointspace_arm_R_controller/jointspace
[INFO] [1783477654.466420083] [XARM_manager]: Action result: eai_manipulator_msgs.action.JointSpace_Result(success=True, result_msg='action finished')
[GRASP-EXEC] ELBOW-HIGH: stage move result: eai_manipulator_msgs.action.JointSpace_Result(success=True, result_msg='action finished')
[GRASP-EXEC] ELBOW-HIGH: right -> transition joints=['-1.452', '-0.585', '1.455', '-1.870', '-0.746', '-0.142', '0.087']
[INFO] [1783477654.469157109] [XARM_manager]: Sending goal to action server /jointspace_arm_R_controller/jointspace (attempt 1/3):
eai_manipulator_msgs.action.JointSpace_Goal(target_positions=[-1.4525, -0.5845, 1.455, -1.87, -0.7456999999999999, -0.14179999999999998, 0.08685])
[INFO] [1783477654.470694758] [XARM_manager]: Goal accepted. Waiting for result...
[INFO] [1783477656.326273522] [XARM_manager]: Action result received from /jointspace_arm_R_controller/jointspace
[INFO] [1783477656.326589862] [XARM_manager]: Action result: eai_manipulator_msgs.action.JointSpace_Result(success=True, result_msg='action finished')
[GRASP-EXEC] ELBOW-HIGH: transition move result: eai_manipulator_msgs.action.JointSpace_Result(success=True, result_msg='action finished')
[GRASP-EXEC] ELBOW-HIGH: right -> ready joints=['-2.905', '0.011', '2.910', '-2.440', '-0.091', '-0.154', '-0.006']
[INFO] [1783477656.329282020] [XARM_manager]: Sending goal to action server /jointspace_arm_R_controller/jointspace (attempt 1/3):
eai_manipulator_msgs.action.JointSpace_Goal(target_positions=[-2.905, 0.011, 2.91, -2.44, -0.0914, -0.1536, -0.0063])
[INFO] [1783477656.330668988] [XARM_manager]: Goal accepted. Waiting for result...
[INFO] [1783477658.186632577] [XARM_manager]: Action result received from /jointspace_arm_R_controller/jointspace
[INFO] [1783477658.186872953] [XARM_manager]: Action result: eai_manipulator_msgs.action.JointSpace_Result(success=True, result_msg='action finished')
[GRASP-EXEC] ELBOW-HIGH: ready move result: eai_manipulator_msgs.action.JointSpace_Result(success=True, result_msg='action finished')
[JOINT-LIMIT] right closest-to-limit: shoulder_pitch=-2.79 [-2.96,2.96] dist=0.17rad
[GRASP-EXEC] continuous orientation: object long-axis yaw -89.4deg (angle-from-X 89.4deg); applied continuous yaw -9.1deg about waist Z (gain=1.00, clamp +/-90deg) [top-down jaw-align: base jaw heading -170.2deg -> short-axis +0.6deg] -> quat=['-0.2375', '-0.2649', '0.9317', '-0.0727']
[GRASP-EXEC] recomputed TCP along final quat: detected_tcp_xyz=['0.3221', '-0.1021', '-0.1429'] -> consistent_tcp_xyz=['0.4433', '-0.2897', '0.1833']
[GRASP-EXEC] approach lateral clamp: approach Y -0.3531 -> -0.2897 (= grasp Y); tool_z outboard component would have pushed the standoff further from center than the grasp, which folds the elbow into its stop at far-outboard reaches.
[GRASP-EXEC] approach along grasp axis: dist=0.120m tool_z=[-0.404,-0.528,0.747] approach_xyz=['0.4348', '-0.2897', '0.2780']
[GRASP-EXEC] applied lift tilt -15.0deg about waist Y -> lift quat=['-0.3571', '-0.2532', '0.8928', '-0.1067']
[GRASP-EXEC] ELBOW-HIGH: using SEED grasp orientation (proactive); rebuilt grasp/approach/lift poses. The seed-anchored mode keeps the orientation the arm is already in, so the approach only translates and the wrist stays in range.
[GRASP-EXEC] ELBOW-HIGH QP joint window set on endpose_single_arm_qp_R_controller (flex 0.40rad, drop 0.15rad): shoulder_pitch[-2.96,-2.64], shoulder_roll[-0.54,0.01], shoulder_yaw[2.41,2.96], elbow_pitch[-2.61,-2.14], elbow_yaw[-0.55,-0.00]. Asymmetric: tight on the drop side so the elbow is actually held high; loose on the flex side so the arm can still reach.
[GRASP-EXEC] ELBOW-HIGH: wrist guard margin relaxed to 0.010rad (from 0.050) so the nose-down grasp can reach wrist_pitch~-0.71 (still inside the -0.785 stop). Other joints keep the full margin.
[INFO] [1783477658.206276230] [XARM_manager]: Deactivated controllers: ['jointspace_arm_R_controller']
[INFO] [1783477658.216014205] [XARM_manager]: Activated controllers: ['endpose_single_arm_qp_R_controller']
[GRASP-EXEC] QP-Stream right -> approach (pure-pursuit): pos=30.6cm rot=15.9deg, lookahead=13cm @ 50Hz, pos_tol=2.0cm accept=2.5cm keep_ori=False
[GRASP-EXEC] approach TCP tracking: commanded=[0.4348,-0.2897,0.2780] achieved=[0.4287,-0.2903,0.2598] err=[-6.1,-0.6,-18.2]mm |err|=19.2mm approach-axis tilt: achieved=+51.7deg commanded=+48.3deg (0=level) ori-err=3.6deg
[JOINT-LIMIT] right closest-to-limit: wrist_pitch=-0.737 [-0.785,1.05] dist=0.048rad
[JOINT-LIMIT] right approach per-joint: shoulder_pitch=-1.510[-2.96,+2.96](1.450) shoulder_roll=-0.995[-2.62,+0.26](1.257) shoulder_yaw=+1.692[-2.96,+2.96](1.268) elbow_pitch=-1.553[-2.61,+0.26](1.057) elbow_yaw=+0.890[-2.96,+2.96](2.070) wrist_pitch=-0.737[-0.79,+1.05](0.048) wrist_roll=+0.188[-1.30,+1.65](1.462)
[GRASP-EXEC] GRIPPER: open (after approach, before grasp insert)
[GRASP-EXEC] gripper open: start=90% -> target=0%
[GRASP-EXEC] gripper open result: pos=1% status=3 ok=True
[GRASP-EXEC] ARM: HYBRID pre-descent (position QP-stream) -> 6.0cm, leaving final 3.0cm for F/T compliant descend-to-contact
[GRASP-EXEC] QP-Stream right -> pre-grasp (pure-pursuit): pos=6.3cm rot=0.0deg, lookahead=8cm @ 50Hz, pos_tol=1.0cm accept=2.5cm keep_ori=True
[GRASP-EXEC] ARM: COMPLIANT insert to grasp pose (F/T admittance descend-to-contact)
[INFO] [1783477663.909322318] [XARM_manager]: [COMPLIANT-RIGHT] Loaded F/T calibration from /home/ubuntu/niu/compliant_grasp_execute/ft_calibration/ft_calibration_right.json
[INFO] [1783477663.929987811] [XARM_manager]: [COMPLIANT-RIGHT] target set: p=[0.45666160569088976, -0.2900178817811012, 0.21447868773210768] q=[-0.21403444685313897, -0.2592428248639886, 0.938356758304225, -0.08043014025597933]
[INFO] [1783477663.930447033] [XARM_manager]: [COMPLIANT-RIGHT] seeded QP target at captured pose (z=+0.2145).
[INFO] [1783477663.931065554] [XARM_manager]: [COMPLIANT-RIGHT] admittance loop starting (calibrating force offset; keep hands off the arm briefly)...
[INFO] [1783477664.256255966] [XARM_manager]: [COMPLIANT-RIGHT] runtime offset calibrated. p_ref=[0.45666160569088976, -0.2900178817811012, 0.21447868773210768], ready.
[COMPLIANT-INSERT] runtime force-offset calibrated in 0.34s
[INFO] [1783477664.276796184] [XARM_manager]: [COMPLIANT-RIGHT] gains updated: B=[3.9597979746446663, 5.6, 3.9597979746446663] K=[20.0, 40.0, 20.0] B_rot=[0.5, 0.5, 0.5] K_rot=[0.0, 0.0, 0.0]
[COMPLIANT-INSERT] insertion dir=[+0.71,+0.01,-0.70] planned_depth=3.7cm soft_axes=xz K=[20.0, 40.0, 20.0] B=[3.96, 5.6, 3.96] contact_thresh=1.5N
[INFO] [1783477664.969066937] [XARM_manager]: [COMPLIANT-RIGHT] gains updated: B=[10.844353369380768, 10.844353369380768, 10.844353369380768] K=[150.0, 150.0, 150.0] B_rot=[0.5, 0.5, 0.5] K_rot=[0.0, 0.0, 0.0]
[INFO] [1783477664.971273536] [XARM_manager]: [COMPLIANT-RIGHT] target set: p=[0.4619758790620503, -0.2893813491566466, 0.19885288376251734] q=[-0.21403444685313897, -0.2592428248639886, 0.938356758304225, -0.08043014025597933]
[COMPLIANT-INSERT] CONTACT (force) at tcp_drop 1.5cm (resist 2.5N, thresh 1.5N); holding compliant for gripper close
[INFO] [1783477665.087069982] [XARM_manager]: [COMPLIANT-RIGHT] n=200 hz=241.3 F=[-0.28,+0.85,+0.20]N disp=[+0.2,+0.1,-0.0]cm v=[-0.07,+0.06,+0.04]
[GRASP-EXEC] grasp TCP tracking: commanded=[0.4833,-0.2897,0.1883] achieved=[0.4645,-0.2895,0.1995] err=[-18.7,+0.2,+11.1]mm |err|=21.8mm approach-axis tilt: achieved=+50.7deg commanded=+48.3deg (0=level) ori-err=3.6deg
[JOINT-LIMIT] right closest-to-limit: wrist_pitch=-0.7716 [-0.785,1.05] dist=0.0134rad
[JOINT-LIMIT] right grasp per-joint: shoulder_pitch=-1.290[-2.96,+2.96](1.670) shoulder_roll=-0.839[-2.62,+0.26](1.101) shoulder_yaw=+1.535[-2.96,+2.96](1.425) elbow_pitch=-1.284[-2.61,+0.26](1.326) elbow_yaw=+1.135[-2.96,+2.96](1.825) wrist_pitch=-0.772[-0.79,+1.05](0.013) wrist_roll=-0.004[-1.30,+1.65](1.296)
[GRASP-EXEC] GRIPPER: close at grasp pose (after arm motion, not at approach)
[GRASP-EXEC] gripper close: start=1% -> target=100%
[INFO] [1783477665.917552696] [XARM_manager]: [COMPLIANT-RIGHT] n=400 hz=241.5 F=[-0.42,-0.79,+4.69]N disp=[-0.1,-0.1,+0.2]cm v=[-0.01,-0.05,+0.20]
[GRASP-EXEC] gripper close result: pos=91% status=3 ok=True
[INFO] [1783477666.204554436] [XARM_manager]: [COMPLIANT-RIGHT] admittance loop stopped.
[GRASP-EXEC] ARM: rotate wrist away from table -20deg about waist Y before lift
[GRASP-EXEC] QP-Stream right -> table-clear (pure-pursuit): pos=0.0cm rot=20.0deg, lookahead=13cm @ 50Hz, pos_tol=2.0cm accept=2.5cm keep_ori=False
[GRASP-EXEC] ARM: lift after grasp
[GRASP-EXEC] QP-Stream right -> lift (pure-pursuit): pos=10.2cm rot=0.0deg, lookahead=13cm @ 50Hz, pos_tol=2.0cm accept=2.5cm keep_ori=True
[JOINT-LIMIT] right closest-to-limit: wrist_pitch=-0.7418 [-0.785,1.05] dist=0.0432rad
[JOINT-LIMIT] right lift per-joint: shoulder_pitch=-1.575[-2.96,+2.96](1.385) shoulder_roll=-0.862[-2.62,+0.26](1.124) shoulder_yaw=+1.664[-2.96,+2.96](1.296) elbow_pitch=-1.332[-2.61,+0.26](1.278) elbow_yaw=+0.921[-2.96,+2.96](2.039) wrist_pitch=-0.742[-0.79,+1.05](0.043) wrist_roll=+0.030[-1.30,+1.65](1.330)
[GRASP-EXEC] ELBOW-HIGH QP joint limits restored on endpose_single_arm_qp_R_controller (back to hard limits).
[GRASP-EXEC] ELBOW-HIGH: wrist guard margin restored to full.
[INFO] [1783477666.830307023] [XARM_manager]: Deactivated controllers: ['endpose_single_arm_qp_R_controller']
[GRASP-EXEC] elbow-high seed ready/right: clamped 1 joint(s) inward (margin 0.05rad): shoulder_yaw +2.964->+2.910 [-2.960,2.960]
[GRASP-EXEC] ELBOW-HIGH: returning via transition -> stage waypoints before home (unwinds elbow-high -> elbow-low without a large sweep).
[GRASP-EXEC] ELBOW-HIGH: right -> transition(return) joints=['-1.452', '-0.585', '1.455', '-1.870', '-0.746', '-0.142', '0.087']
[INFO] [1783477666.851424080] [XARM_manager]: Activated controllers: ['jointspace_arm_R_controller']
[INFO] [1783477666.852087237] [XARM_manager]: Sending goal to action server /jointspace_arm_R_controller/jointspace (attempt 1/3):
eai_manipulator_msgs.action.JointSpace_Goal(target_positions=[-1.4525, -0.5845, 1.455, -1.87, -0.7456999999999999, -0.14179999999999998, 0.08685])
[INFO] [1783477666.853508629] [XARM_manager]: Goal accepted. Waiting for result...
[INFO] [1783477668.858337810] [XARM_manager]: Action result received from /jointspace_arm_R_controller/jointspace
[INFO] [1783477668.858638290] [XARM_manager]: Action result: eai_manipulator_msgs.action.JointSpace_Result(success=True, result_msg='action finished')
[GRASP-EXEC] ELBOW-HIGH: transition(return) move result: eai_manipulator_msgs.action.JointSpace_Result(success=True, result_msg='action finished')
[GRASP-EXEC] ELBOW-HIGH: right -> stage(return) joints=['0.000', '-1.180', '0.000', '-1.300', '-1.400', '-0.130', '0.180']
[INFO] [1783477668.861492023] [XARM_manager]: Sending goal to action server /jointspace_arm_R_controller/jointspace (attempt 1/3):
eai_manipulator_msgs.action.JointSpace_Goal(target_positions=[0.0, -1.18, 0.0, -1.3, -1.4, -0.13, 0.18])
[INFO] [1783477668.862778573] [XARM_manager]: Goal accepted. Waiting for result...
[INFO] [1783477670.721155398] [XARM_manager]: Action result received from /jointspace_arm_R_controller/jointspace
[INFO] [1783477670.721666014] [XARM_manager]: Action result: eai_manipulator_msgs.action.JointSpace_Result(success=True, result_msg='action finished')
[GRASP-EXEC] ELBOW-HIGH: stage(return) move result: eai_manipulator_msgs.action.JointSpace_Result(success=True, result_msg='action finished')
[GRASP-EXEC] PRE-HOME WAYPOINT: right -> joints=['0.000', '-1.180', '0.000', '-1.300', '-1.400', '-0.130', '0.180']
[INFO] [1783477670.726077426] [XARM_manager]: Sending goal to action server /jointspace_arm_R_controller/jointspace (attempt 1/3):
eai_manipulator_msgs.action.JointSpace_Goal(target_positions=[0.0, -1.18, 0.0, -1.3, -1.4, -0.13, 0.18])
[INFO] [1783477670.729020568] [XARM_manager]: Goal accepted. Waiting for result...
[INFO] [1783477670.731392027] [XARM_manager]: Action result received from /jointspace_arm_R_controller/jointspace
[INFO] [1783477670.731871800] [XARM_manager]: Action result: eai_manipulator_msgs.action.JointSpace_Result(success=True, result_msg='action finished')
[GRASP-EXEC] pre-home waypoint result: eai_manipulator_msgs.action.JointSpace_Result(success=True, result_msg='action finished')
[GRASP-EXEC] RETURN HOME: right -> joints=['0.844', '-0.026', '0.006', '-2.216', '1.529', '0.250', '-0.683']
[INFO] [1783477670.735942011] [XARM_manager]: Sending goal to action server /jointspace_arm_R_controller/jointspace (attempt 1/3):
eai_manipulator_msgs.action.JointSpace_Goal(target_positions=[0.844, -0.026, 0.006, -2.216, 1.529, 0.25, -0.683])
[INFO] [1783477670.738819262] [XARM_manager]: Goal accepted. Waiting for result...
[INFO] [1783477673.689531352] [XARM_manager]: Action result received from /jointspace_arm_R_controller/jointspace
[INFO] [1783477673.689825869] [XARM_manager]: Action result: eai_manipulator_msgs.action.JointSpace_Result(success=True, result_msg='action finished')
[GRASP-EXEC] return home result: eai_manipulator_msgs.action.JointSpace_Result(success=True, result_msg='action finished')
{
  "arm": "right",
  "pipeline_version": "accelerated",
  "motion_strategy": "qp_all",
  "dry_run": false,
  "motion": {
    "detected_pose7": [
      0.32212158401140667,
      -0.10207540923702599,
      -0.14289515073372697,
      0.6948319751155083,
      0.5069713434390736,
      -0.34289797313637577,
      -0.3776368140258945
    ],
    "approach_pose7": [
      0.4347746802170972,
      -0.2896865363610851,
      0.2779668607768716,
      -0.2374809517887789,
      -0.2649152320155628,
      0.931738527781819,
      -0.07270511144757871
    ],
    "grasp_pose7": [
      0.48325695083982906,
      -0.2896865363610851,
      0.1883454086047989,
      -0.2374809517887789,
      -0.2649152320155628,
      0.931738527781819,
      -0.07270511144757871
    ],
    "lift_pose7": [
      0.48325695083982906,
      -0.2896865363610851,
      0.30834540860479887,
      -0.357065551501224,
      -0.2531589241292935,
      0.8927698911515007,
      -0.10666148563639502
    ],
    "pre_home_pose7": [
      0.30325695083982906,
      -0.3896865363610851,
      0.35834540860479885,
      -0.357065551501224,
      -0.2531589241292935,
      0.8927698911515007,
      -0.10666148563639502
    ],
    "grasp_xyz_offset_m": [
      0.04,
      0.0,
      0.005
    ],
    "grasp_quat": [
      -0.2374809517887789,
      -0.2649152320155628,
      0.931738527781819,
      -0.07270511144757871
    ],
    "use_fixed_grasp_quat": true,
    "phase_backends": {
      "approach": "qp_stream",
      "grasp": "qp_stream",
      "lift": "qp_stream"
    },
    "joint_limits_used": {
      "shoulder_pitch": [
        -2.96,
        2.96
      ],
      "shoulder_roll": [
        -2.616,
        0.262
      ],
      "shoulder_yaw": [
        -2.96,
        2.96
      ],
      "elbow_pitch": [
        -2.61,
        0.261
      ],
      "elbow_yaw": [
        -2.96,
        2.96
      ],
      "wrist_pitch": [
        -0.785,
        1.05
      ],
      "wrist_roll": [
        -1.3,
        1.65
      ]
    },
    "elbow_high_proactive_used": true,
    "elbow_high_orientation": "seed",
    "approach_tcp_tracking": {
      "commanded_xyz": [
        0.4347746802170972,
        -0.2896865363610851,
        0.2779668607768716
      ],
      "achieved_xyz": [
        0.4287225122154254,
        -0.2902614533708403,
        0.2597661510097523
      ],
      "error_mm": [
        -6.052168001671799,
        -0.5749170097552048,
        -18.200709767119292
      ],
      "error_norm_mm": 19.18919235182861,
      "achieved_quat": [
        -0.21164210058984442,
        -0.25074202612638125,
        0.941704721129104,
        -0.07435237585384807
      ],
      "approach_axis_tilt_deg": 51.690363088772656,
      "commanded_approach_axis_tilt_deg": 48.31785361940914,
      "orientation_error_deg": 3.570116519767139
    },
    "approach_joint_limits": {
      "closest": {
        "joint": "wrist_pitch",
        "value": -0.737,
        "lower": -0.785,
        "upper": 1.05,
        "dist_to_limit": 0.048,
        "nearest_side": "lower"
      },
      "breached": [],
      "margin_rad": 0.05
    },
    "compliant_insert": {
      "ok": true,
      "contact": true,
      "reason": "contact",
      "resist_n": 2.4632582570145107,
      "traveled_m": 0.014747484093858159,
      "planned_depth_m": 0.03728767157284573,
      "ft_topic": "/arm_6dof_right",
      "calib_path": "/home/ubuntu/niu/compliant_grasp_execute/ft_calibration/ft_calibration_right.json",
      "calib_present": true,
      "commanded_m": 0.05524748409385816,
      "throttle_events": 0,
      "contact_kind": "force"
    },
    "grasp_tcp_tracking": {
      "commanded_xyz": [
        0.48325695083982906,
        -0.2896865363610851,
        0.1883454086047989
      ],
      "achieved_xyz": [
        0.4645386852196027,
        -0.28945039917866566,
        0.19947856198370872
      ],
      "error_mm": [
        -18.718265620226383,
        0.23613718241943804,
        11.133153378909826
      ],
      "error_norm_mm": 21.780182110271742,
      "achieved_quat": [
        -0.20917505024279878,
        -0.2633644120531934,
        0.9378856530871958,
        -0.08517914388512438
      ],
      "approach_axis_tilt_deg": 50.69364649594732,
      "commanded_approach_axis_tilt_deg": 48.31785361940914,
      "orientation_error_deg": 3.6184461532076604
    },
    "grasp_joint_limits": {
      "closest": {
        "joint": "wrist_pitch",
        "value": -0.7716,
        "lower": -0.785,
        "upper": 1.05,
        "dist_to_limit": 0.0134,
        "nearest_side": "lower"
      },
      "breached": [],
      "margin_rad": 0.05
    },
    "lift_joint_limits": {
      "closest": {
        "joint": "wrist_pitch",
        "value": -0.7418,
        "lower": -0.785,
        "upper": 1.05,
        "dist_to_limit": 0.0432,
        "nearest_side": "lower"
      },
      "breached": [],
      "margin_rad": 0.05
    },
    "retract_ok": null,
    "return_home_ok": true,
    "released_on_finish_ok": null,
    "approach_ok": true,
    "grasp_ok": true,
    "lift_ok": true
  },
  "detection": {
    "class_name": "remote-control",
    "pose_head_roll_link": [
      0.8047296209699009,
      -0.14885019006563477,
      -0.12332843194391409,
      0.6509509997218955,
      0.6705535292608942,
      0.2647015476570871,
      0.23781053598351518
    ],
    "pose_tip_waist_yaw_link_rpy": {
      "x": 0.5507259840535513,
      "y": -0.1491865028606528,
      "z": -0.015315477043295611,
      "roll": 3.110344282418717,
      "pitch": -0.046930556328884654,
      "yaw": 1.5818149256465794
    },
    "pose_tip_used_for_tcp_conversion_rpy": {
      "x": 0.5507259840535513,
      "y": -0.1491865028606528,
      "z": -0.015315477043295611,
      "roll": -2.073433507370004,
      "pitch": 0.09374812653506592,
      "yaw": 1.3161447491789227
    },
    "pose_tcp_waist_yaw_link_rpy": {
      "x": 0.32212158401140667,
      "y": -0.10207540923702599,
      "z": -0.14289515073372697,
      "roll": -2.073433507370004,
      "pitch": 0.09374812653506592,
      "yaw": 1.3161447491789227
    },
    "pose_tcp_waist_yaw_link_pose7": [
      0.32212158401140667,
      -0.10207540923702599,
      -0.14289515073372697,
      0.6948319751155083,
      0.5069713434390736,
      -0.34289797313637577,
      -0.3776368140258945
    ],
    "current_tcp_pose7": [
      0.11558154067373116,
      -0.2578613840511562,
      0.1413859989300301,
      0.6948319751155083,
      0.5069713434390736,
      -0.34289797313637577,
      -0.3776368140258945
    ],
    "tcp_minus_tip_waist_m": [
      -0.22860440004214466,
      0.04711109362362681,
      -0.12757967369043136
    ],
    "tcp_to_tip_offset_m": [
      0.0,
      0.0,
      -0.266
    ],
    "orientation_policy": "current",
    "use_current_tcp_rotation": true,
    "rotation_source_arm": "right",
    "bbox_2d": [
      690.1276245117188,
      347.3593444824219,
      893.9163818359375,
      384.0794982910156
    ],
    "bbox_3d": {
      "min": [
        0.7875885352701574,
        -0.23984058297348707,
        -0.14265321949576362
      ],
      "max": [
        0.8360818316692563,
        -0.06091062361288472,
        -0.10776273438272535
      ],
      "center": [
        0.8118351834697068,
        -0.1503756032931859,
        -0.1252079769392445
      ],
      "size": [
        0.04849329639909894,
        0.17892995936060235,
        0.03489048511303827
      ]
    },
    "object_long_axis_waist": [
      -0.011006244259064404,
      0.9988383262388795,
      0.046913330979846235
    ],
    "object_long_axis_yaw_waist_deg": -89.36868078965088,
    "object_angle_from_waist_x_deg": 89.36868078965088
  },
  "gripper": {
    "open_ok": true,
    "close_ok": true,
    "final_pos_pct": 91.0,
    "backend": "modbus_rtu"
  },
  "ok": true
}
[GRASP-EXEC] saved result json: /tmp/grasp_exec.json
[GRASP-EXEC] saved handoff: /tmp/grasp_handoff.json (arm=right holding=True)



横放，没抓起来。