[日志] 日志文件: logs/grasp/grasp_260708_133220.log
[日志] 执行命令: python3 -m compliant_grasp_execute.main
[INFO] [1783488741.230815116] [XARM_manager]: waiting for service /controller_manager/get_parameters to become available...
[INFO] [1783488741.491664751] [XARM_manager]: XARM_manager initialized, robot_type: tianyi2, run_type: real
[INFO] [1783488741.500119049] [XARM_manager]: 已订阅关节状态话题: /joint_states
[INFO] [1783488741.514058303] [XARM_manager]: 已订阅警告和错误信息话题: /manipulator/warn_and_error_info
[CONFIG] loaded 201 params from /home/ubuntu/niu/compliant_grasp_execute/config.yaml
[GRASP-EXEC] STARTUP: enabling arms and moving BOTH to home posture
[INFO] [1783488741.525006534] [XARM_manager]: /joint_action_report 服务已启动
[INFO] [1783488748.222675715] [XARM_manager]: Deactivated controllers: ['jointspace_arm_R_controller']
[GRASP-EXEC] STARTUP: left -> home joints=['0.844', '0.026', '-0.006', '-2.216', '-1.529', '0.250', '0.683']
[INFO] [1783488748.414407535] [XARM_manager]: Activated controllers: ['jointspace_arm_L_controller']
[INFO] [1783488748.429599166] [XARM_manager]: Sending goal to action server /jointspace_arm_L_controller/jointspace (attempt 1/3):
eai_manipulator_msgs.action.JointSpace_Goal(target_positions=[0.844, 0.026, -0.006, -2.216, -1.529, 0.25, 0.683])
[INFO] [1783488748.431251382] [XARM_manager]: Goal accepted. Waiting for result...
[INFO] [1783488748.884705024] [XARM_manager]: Action result received from /jointspace_arm_L_controller/jointspace
[INFO] [1783488748.884954978] [XARM_manager]: Action result: eai_manipulator_msgs.action.JointSpace_Result(success=True, result_msg='action finished')
[GRASP-EXEC] STARTUP: right -> home joints=['0.844', '-0.026', '0.006', '-2.216', '1.529', '0.250', '-0.683']
[INFO] [1783488748.898378769] [XARM_manager]: Activated controllers: ['jointspace_arm_R_controller']
[INFO] [1783488748.910779652] [XARM_manager]: Sending goal to action server /jointspace_arm_R_controller/jointspace (attempt 1/3):
eai_manipulator_msgs.action.JointSpace_Goal(target_positions=[0.844, -0.026, 0.006, -2.216, 1.529, 0.25, -0.683])
[INFO] [1783488748.912651535] [XARM_manager]: Goal accepted. Waiting for result...
[INFO] [1783488749.473733341] [XARM_manager]: Action result received from /jointspace_arm_R_controller/jointspace
[INFO] [1783488749.474010222] [XARM_manager]: Action result: eai_manipulator_msgs.action.JointSpace_Result(success=True, result_msg='action finished')
[GRASP-EXEC] STARTUP: activating both grippers (open/close cycle)
[robotiq_api] gripper already activated (gSTA==3); skip resetActivate()
[GRASP-EXEC] STARTUP: gripper 'left' activated
[robotiq_api] gripper already activated (gSTA==3); skip resetActivate()
[GRASP-EXEC] STARTUP: gripper 'right' activated
perception health check pass
[object_pose] RGB (720, 1280, 3), depth (720, 1280), valid-depth pixels: 841756/921600 (median valid depth 0.959 m)
[GRASP-EXEC] ARM-SELECT: object waist Y=-0.037m (y < boundary 0.000) -> 'right' arm
[GRASP-EXEC] applied grasp tilt +45.0deg about waist Y -> quat=['0.2294', '0.3262', '-0.6764', '-0.6193']
[GRASP-EXEC] continuous orientation: object long-axis yaw -3.1deg (angle-from-X 3.1deg); applied continuous yaw -3.1deg about waist Z (gain=1.00, clamp +/-15deg) -> quat=['0.2381', '0.3199', '-0.6594', '-0.6373']
[GRASP-EXEC] recomputed TCP along final quat: detected_tcp_xyz=['0.2802', '0.0099', '-0.1422'] -> consistent_tcp_xyz=['0.3168', '-0.0686', '0.1668']
[GRASP-EXEC] approach lateral clamp: approach Y -0.0829 -> -0.0686 (= grasp Y); tool_z outboard component would have pushed the standoff further from center than the grasp, which folds the elbow into its stop at far-outboard reaches.
[GRASP-EXEC] approach along grasp axis: dist=0.120m tool_z=[-0.722,-0.118,0.682] approach_xyz=['0.2702', '-0.0686', '0.2536']
[GRASP-EXEC] applied lift tilt -15.0deg about waist Y -> lift quat=['0.3222', '0.4004', '-0.6227', '-0.5900']
[GRASP-EXEC] detected class=remote-control detected_pose7=['0.2802', '0.0099', '-0.1422', '0.6947', '0.5071', '-0.3430', '-0.3777'] -> motion grasp_pose7=['0.3568', '-0.0686', '0.1718', '0.2381', '0.3199', '-0.6594', '-0.6373']
[INFO] [1783488753.078843081] [XARM_manager]: Deactivated controllers: ['jointspace_arm_L_controller', 'jointspace_arm_R_controller']
[GRASP-EXEC] arms enabled (mode 3) [took 0.02s]
[JOINT-LIMIT] right: using live controller limits from endpose_single_arm_qp_R_controller
[GRASP-EXEC] joint-limit guard ON (margin 0.050 rad) arm=right
[GRASP-EXEC] gripper: connecting in background (overlaps arm enable + approach to hide the slow serial open; --no-gripper-async-connect for the old blocking behaviour)
[GRASP-EXEC] ARM: approach via qp_stream
[GRASP-EXEC] gripper: arm='right' -> stable by-id port /dev/serial/by-id/usb-FTDI_FT231X_USB_UART_D30JLK40-if00-port0
[INFO] [1783488753.127704922] [XARM_manager]: Activated controllers: ['endpose_single_arm_qp_R_controller']
[GRASP-EXEC] QP-Stream right -> approach (pure-pursuit): pos=26.9cm rot=74.8deg, lookahead=13cm @ 50Hz, pos_tol=2.0cm accept=2.5cm keep_ori=False
[robotiq_api] gripper already activated (gSTA==3); skip resetActivate()
[GRASP-EXEC] gripper: cached serial port /dev/serial/by-id/usb-FTDI_FT231X_USB_UART_D30JLK40-if00-port0 -> /tmp/robotiq_gripper_port.txt
[GRASP-EXEC] gripper controller ready: backend=modbus_rtu port=auto slave=9 (wait_timeout=8.0s) [connect took 0.05s]
[GRASP-EXEC] QP-Stream approach: ABORT joint-limit guard - 'wrist_pitch'=1.0001 within 0.050rad of limit [-0.785,1.05] (side=upper); holding pose to avoid the hard stop
[GRASP-EXEC] approach TCP tracking: commanded=[0.2702,-0.0686,0.2536] achieved=[0.3159,-0.0894,0.2220] err=[+45.7,-20.7,-31.6]mm |err|=59.3mm approach-axis tilt: achieved=+38.9deg commanded=+43.0deg (0=level) ori-err=5.6deg
[GRASP-EXEC] approach failed to reach target; retrying with reduced long-axis alignment (yaw scale 0.50)
[GRASP-EXEC] applied grasp tilt +22.5deg about waist Y (tilt scale 0.50) -> quat=['0.3570', '0.4408', '-0.6186', '-0.5437']
[GRASP-EXEC] continuous orientation: object long-axis yaw -3.1deg (angle-from-X 3.1deg); applied continuous yaw -1.5deg about waist Z (gain=1.00, clamp +/-15deg x scale 0.50) -> quat=['0.3629', '0.4359', '-0.6112', '-0.5520']
[GRASP-EXEC] recomputed TCP along final quat: detected_tcp_xyz=['0.2802', '0.0099', '-0.1422'] -> consistent_tcp_xyz=['0.2628', '-0.0723', '0.0802']
[GRASP-EXEC] approach lateral clamp: approach Y -0.0882 -> -0.0723 (= grasp Y); tool_z outboard component would have pushed the standoff further from center than the grasp, which folds the elbow into its stop at far-outboard reaches.
[GRASP-EXEC] approach along grasp axis: dist=0.120m tool_z=[-0.925,-0.132,0.357] approach_xyz=['0.1918', '-0.0723', '0.1280']
[GRASP-EXEC] applied lift tilt -15.0deg about waist Y -> lift quat=['0.4395', '0.5042', '-0.5586', '-0.4904']
[GRASP-EXEC] QP-Stream right -> approach (pure-pursuit): pos=15.7cm rot=19.4deg, lookahead=13cm @ 50Hz, pos_tol=2.0cm accept=2.5cm keep_ori=False
[GRASP-EXEC] QP-Stream approach: ABORT joint-limit guard - 'wrist_pitch'=1.0045 within 0.050rad of limit [-0.785,1.05] (side=upper); holding pose to avoid the hard stop
[GRASP-EXEC] approach TCP tracking: commanded=[0.1918,-0.0723,0.1280] achieved=[0.3152,-0.0890,0.2224] err=[+123.4,-16.7,+94.4]mm |err|=156.3mm approach-axis tilt: achieved=+39.1deg commanded=+20.9deg (0=level) ori-err=19.6deg
[JOINT-LIMIT] right closest-to-limit: wrist_pitch=1.0058 [-0.785,1.05] dist=0.0442rad  BREACHED(<= 0.05): wrist_pitch
[JOINT-LIMIT] right approach per-joint: shoulder_pitch=-0.548[-2.96,+2.96](2.412) shoulder_roll=-0.299[-2.62,+0.26](0.561) shoulder_yaw=+0.888[-2.96,+2.96](2.072) elbow_pitch=-2.184[-2.61,+0.26](0.426) elbow_yaw=+1.461[-2.96,+2.96](1.499) wrist_pitch=+1.006[-0.79,+1.05](0.044) wrist_roll=+1.522[-1.30,+1.65](0.128)
[GRASP-EXEC] GRIPPER: open (after approach, before grasp insert)
[GRASP-EXEC] gripper already open enough: 1% (skip open command)
[JOINT-LIMIT] right closest-to-limit: wrist_pitch=1.0058 [-0.785,1.05] dist=0.0442rad  BREACHED(<= 0.05): wrist_pitch
[JOINT-LIMIT] right lift per-joint: shoulder_pitch=-0.548[-2.96,+2.96](2.412) shoulder_roll=-0.299[-2.62,+0.26](0.561) shoulder_yaw=+0.888[-2.96,+2.96](2.072) elbow_pitch=-2.184[-2.61,+0.26](0.426) elbow_yaw=+1.461[-2.96,+2.96](1.499) wrist_pitch=+1.006[-0.79,+1.05](0.044) wrist_roll=+1.522[-1.30,+1.65](0.128)
[INFO] [1783488757.055093759] [XARM_manager]: Deactivated controllers: ['endpose_single_arm_qp_R_controller']
[GRASP-EXEC] ELBOW-LOW: returning HOME directly (no pre-home waypoint)
[GRASP-EXEC] RETURN HOME: right -> joints=['0.844', '-0.026', '0.006', '-2.216', '1.529', '0.250', '-0.683']
[INFO] [1783488757.073852882] [XARM_manager]: Activated controllers: ['jointspace_arm_R_controller']
[INFO] [1783488757.074674437] [XARM_manager]: Sending goal to action server /jointspace_arm_R_controller/jointspace (attempt 1/3):
eai_manipulator_msgs.action.JointSpace_Goal(target_positions=[0.844, -0.026, 0.006, -2.216, 1.529, 0.25, -0.683])
[INFO] [1783488757.075938140] [XARM_manager]: Goal accepted. Waiting for result...
[INFO] [1783488759.488501686] [XARM_manager]: Action result received from /jointspace_arm_R_controller/jointspace
[INFO] [1783488759.488754347] [XARM_manager]: Action result: eai_manipulator_msgs.action.JointSpace_Result(success=True, result_msg='action finished')
[GRASP-EXEC] return home result: eai_manipulator_msgs.action.JointSpace_Result(success=True, result_msg='action finished')
{
  "arm": "right",
  "pipeline_version": "accelerated",
  "motion_strategy": "qp_all",
  "dry_run": false,
  "motion": {
    "detected_pose7": [
      0.2801644794740836,
      0.00992922192494533,
      -0.14217003619447202,
      0.69471280941731,
      0.5070674278045963,
      -0.3429581254064735,
      -0.37767242460737904
    ],
    "approach_pose7": [
      0.19180945411825606,
      -0.07232853643325797,
      0.1280220100349972,
      0.3628601848693348,
      0.43592562698236337,
      -0.6112243898079446,
      -0.5520018834030656
    ],
    "grasp_pose7": [
      0.3027904370463242,
      -0.07232853643325797,
      0.08522968988060703,
      0.3628601848693348,
      0.43592562698236337,
      -0.6112243898079446,
      -0.5520018834030656
    ],
    "lift_pose7": [
      0.3027904370463242,
      -0.07232853643325797,
      0.20522968988060702,
      0.43953665787950835,
      0.5042469267517197,
      -0.5586325221821712,
      -0.49037971858748813
    ],
    "pre_home_pose7": [
      0.1227904370463242,
      -0.17232853643325796,
      0.255229689880607,
      0.43953665787950835,
      0.5042469267517197,
      -0.5586325221821712,
      -0.49037971858748813
    ],
    "grasp_xyz_offset_m": [
      0.04,
      0.0,
      0.005
    ],
    "grasp_quat": [
      0.3628601848693348,
      0.43592562698236337,
      -0.6112243898079446,
      -0.5520018834030656
    ],
    "use_fixed_grasp_quat": true,
    "phase_backends": {
      "approach": "qp_stream",
      "grasp": "qp_stream",
      "lift": "qp_stream"
    },
    "joint_limits_used": {
      "shoulder_pitch": [
        -2.96,
        2.96
      ],
      "shoulder_roll": [
        -2.616,
        0.262
      ],
      "shoulder_yaw": [
        -2.96,
        2.96
      ],
      "elbow_pitch": [
        -2.61,
        0.261
      ],
      "elbow_yaw": [
        -2.96,
        2.96
      ],
      "wrist_pitch": [
        -0.785,
        1.05
      ],
      "wrist_roll": [
        -1.3,
        1.65
      ]
    },
    "grasp_reach_retry_used": true,
    "grasp_reach_retry_yaw_scale": 0.5,
    "approach_tcp_tracking": {
      "commanded_xyz": [
        0.19180945411825606,
        -0.07232853643325797,
        0.1280220100349972
      ],
      "achieved_xyz": [
        0.3152226350240673,
        -0.08904038485334947,
        0.22244583254463773
      ],
      "error_mm": [
        123.41318090581122,
        -16.711848420091506,
        94.42382250964054
      ],
      "error_norm_mm": 156.28805890482707,
      "achieved_quat": [
        -0.23182890053482044,
        -0.3613919108901951,
        0.6609459772811903,
        0.6154686529269885
      ],
      "approach_axis_tilt_deg": 39.14628377892462,
      "commanded_approach_axis_tilt_deg": 20.891700209197506,
      "orientation_error_deg": 19.61364061901428
    },
    "approach_joint_limits": {
      "closest": {
        "joint": "wrist_pitch",
        "value": 1.0058,
        "lower": -0.785,
        "upper": 1.05,
        "dist_to_limit": 0.0442,
        "nearest_side": "upper"
      },
      "breached": [
        {
          "joint": "wrist_pitch",
          "value": 1.0058,
          "lower": -0.785,
          "upper": 1.05,
          "dist_to_limit": 0.0442,
          "nearest_side": "upper"
        }
      ],
      "margin_rad": 0.05
    },
    "lift_joint_limits": {
      "closest": {
        "joint": "wrist_pitch",
        "value": 1.0058,
        "lower": -0.785,
        "upper": 1.05,
        "dist_to_limit": 0.0442,
        "nearest_side": "upper"
      },
      "breached": [
        {
          "joint": "wrist_pitch",
          "value": 1.0058,
          "lower": -0.785,
          "upper": 1.05,
          "dist_to_limit": 0.0442,
          "nearest_side": "upper"
        }
      ],
      "margin_rad": 0.05
    },
    "retract_ok": null,
    "return_home_ok": true,
    "released_on_finish_ok": null,
    "approach_ok": false,
    "grasp_ok": false,
    "lift_ok": true
  },
  "detection": {
    "class_name": "remote-control",
    "pose_head_roll_link": [
      0.7719790641416577,
      -0.036270482466999196,
      -0.15033950856672812,
      0.016104699113845978,
      0.9336040346481119,
      0.028191598179489567,
      0.356832424181584
    ],
    "pose_tip_waist_yaw_link_rpy": {
      "x": 0.5087982825368753,
      "y": -0.03713733764960562,
      "z": -0.01462661979495783,
      "roll": 3.097145458005072,
      "pitch": 0.03355802013054632,
      "yaw": 3.087719310724077
    },
    "pose_tip_used_for_tcp_conversion_rpy": {
      "x": 0.5087982825368753,
      "y": -0.03713733764960562,
      "z": -0.01462661979495783,
      "roll": -2.073271743142937,
      "pitch": 0.09364082573419807,
      "yaw": 1.3164352454279
    },
    "pose_tcp_waist_yaw_link_rpy": {
      "x": 0.2801644794740836,
      "y": 0.00992922192494533,
      "z": -0.14217003619447202,
      "roll": -2.073271743142937,
      "pitch": 0.09364082573419807,
      "yaw": 1.3164352454279
    },
    "pose_tcp_waist_yaw_link_pose7": [
      0.2801644794740836,
      0.00992922192494533,
      -0.14217003619447202,
      0.69471280941731,
      0.5070674278045963,
      -0.3429581254064735,
      -0.37767242460737904
    ],
    "current_tcp_pose7": [
      0.11559569598639294,
      -0.257836381375121,
      0.14138538582803792,
      0.69471280941731,
      0.5070674278045963,
      -0.3429581254064735,
      -0.37767242460737904
    ],
    "tcp_minus_tip_waist_m": [
      -0.22863380306279169,
      0.04706655957455095,
      -0.1275434163995142
    ],
    "tcp_to_tip_offset_m": [
      0.0,
      0.0,
      -0.266
    ],
    "orientation_policy": "current",
    "use_current_tcp_rotation": true,
    "rotation_source_arm": "right",
    "bbox_2d": [
      665.9970092773438,
      301.386962890625,
      706.724853515625,
      481.11529541015625
    ],
    "bbox_3d": {
      "min": [
        0.710036471359257,
        -0.06233430802041736,
        -0.2073845732603611
      ],
      "max": [
        0.8450050576751155,
        -0.012813922998123482,
        -0.08814206291525023
      ],
      "center": [
        0.7775207645171862,
        -0.03757411550927042,
        -0.14776331808780568
      ],
      "size": [
        0.1349685863158585,
        0.049520385022293875,
        0.11924251034511088
      ]
    },
    "object_long_axis_waist": [
      -0.9979869817295336,
      0.05381696991465305,
      -0.0335517219763892
    ],
    "object_long_axis_yaw_waist_deg": -3.0867151744667467,
    "object_angle_from_waist_x_deg": 3.086715174466758
  },
  "gripper": {
    "open_ok": true,
    "close_ok": null,
    "final_pos_pct": null,
    "backend": "modbus_rtu"
  },
  "ok": false
}
[GRASP-EXEC] saved result json: /tmp/grasp_exec.json
[GRASP-EXEC] saved handoff: /tmp/grasp_handoff.json (arm=right holding=False)
