[日志] 日志文件: logs/grasp/grasp_260706_161439.log
[日志] 执行命令: python3 -m compliant_grasp_execute.main
[INFO] [1783325680.031862767] [XARM_manager]: waiting for service /controller_manager/get_parameters to become available...
[INFO] [1783325680.287654838] [XARM_manager]: XARM_manager initialized, robot_type: tianyi2, run_type: real
[INFO] [1783325680.293785213] [XARM_manager]: 已订阅关节状态话题: /joint_states
[INFO] [1783325680.299067682] [XARM_manager]: 已订阅警告和错误信息话题: /manipulator/warn_and_error_info
[INFO] [1783325680.310678742] [XARM_manager]: /joint_action_report 服务已启动
[CONFIG] loaded 198 params from /home/ubuntu/niu/compliant_grasp_execute/config.yaml
[GRASP-EXEC] STARTUP: enabling arms and moving BOTH to home posture
[INFO] [1783325685.987523500] [XARM_manager]: Deactivated controllers: ['jointspace_arm_R_controller']
[GRASP-EXEC] STARTUP: left -> home joints=['0.000', '1.180', '0.000', '-1.300', '1.400', '-0.130', '0.180']
[INFO] [1783325686.010625039] [XARM_manager]: Activated controllers: ['jointspace_arm_L_controller']
[INFO] [1783325686.028527481] [XARM_manager]: Sending goal to action server /jointspace_arm_L_controller/jointspace (attempt 1/3):
eai_manipulator_msgs.action.JointSpace_Goal(target_positions=[0.0, 1.18, 0.0, -1.3, 1.4, -0.13, 0.18])
[INFO] [1783325686.032125818] [XARM_manager]: Goal accepted. Waiting for result...
[INFO] [1783325686.205630313] [XARM_manager]: Action result received from /jointspace_arm_L_controller/jointspace
[INFO] [1783325686.206074026] [XARM_manager]: Action result: eai_manipulator_msgs.action.JointSpace_Result(success=True, result_msg='action finished')
[GRASP-EXEC] STARTUP: right -> home joints=['0.000', '-1.180', '0.000', '-1.300', '-1.400', '-0.130', '0.180']
[INFO] [1783325686.217097969] [XARM_manager]: Activated controllers: ['jointspace_arm_R_controller']
[INFO] [1783325686.229330832] [XARM_manager]: Sending goal to action server /jointspace_arm_R_controller/jointspace (attempt 1/3):
eai_manipulator_msgs.action.JointSpace_Goal(target_positions=[0.0, -1.18, 0.0, -1.3, -1.4, -0.13, 0.18])
[INFO] [1783325686.230692406] [XARM_manager]: Goal accepted. Waiting for result...
[INFO] [1783325686.349430462] [XARM_manager]: Action result received from /jointspace_arm_R_controller/jointspace
[INFO] [1783325686.349680879] [XARM_manager]: Action result: eai_manipulator_msgs.action.JointSpace_Result(success=True, result_msg='action finished')
[GRASP-EXEC] STARTUP: activating both grippers (open/close cycle)
[robotiq_api] gripper already activated (gSTA==3); skip resetActivate()
[GRASP-EXEC] STARTUP: gripper 'left' activated
[robotiq_api] gripper already activated (gSTA==3); skip resetActivate()
[GRASP-EXEC] STARTUP: gripper 'right' activated
perception health check pass
[object_pose] RGB (720, 1280, 3), depth (720, 1280), valid-depth pixels: 899584/921600 (median valid depth 1.153 m)
[GRASP-EXEC] ARM-SELECT: object waist Y=-0.170m (y < boundary 0.000) -> 'right' arm
[GRASP-EXEC] diagonal schedule: angle-from-X=40.764004962480186deg -> tilt_scale=0.71, yaw_clamp=32.2deg (freed wrist_pitch, raised jaw alignment)
[GRASP-EXEC] applied grasp tilt +32.1deg about waist Y (tilt scale 1.00 x diag 0.71) -> quat=['0.3038', '0.3936', '-0.6464', '-0.5788']
[GRASP-EXEC] continuous orientation: object long-axis yaw -40.8deg (angle-from-X 40.8deg); applied continuous yaw -32.2deg about waist Z (gain=1.00, clamp +/-32deg) -> quat=['0.4010', '0.2940', '-0.4607', '-0.7352']
[GRASP-EXEC] recomputed TCP along final quat: detected_tcp_xyz=['0.2529', '-0.1452', '-0.0468'] -> consistent_tcp_xyz=['0.3038', '-0.0857', '0.1063']
[GRASP-EXEC] approach along grasp axis: dist=0.120m tool_z=[-0.802,0.319,0.505] approach_xyz=['0.2276', '-0.0474', '0.1719']
[GRASP-EXEC] applied lift tilt -15.0deg about waist Y -> lift quat=['0.4577', '0.3875', '-0.4044', '-0.6905']
[GRASP-EXEC] detected class=remote-control detected_pose7=['0.2529', '-0.1452', '-0.0468', '0.0059', '-0.7315', '-0.0703', '0.6782'] -> motion grasp_pose7=['0.3238', '-0.0857', '0.1113', '0.4010', '0.2940', '-0.4607', '-0.7352']
[INFO] [1783325689.900137886] [XARM_manager]: Deactivated controllers: ['jointspace_arm_L_controller', 'jointspace_arm_R_controller']
[GRASP-EXEC] arms enabled (mode 3) [took 0.02s]
[JOINT-LIMIT] right: using live controller limits from endpose_single_arm_qp_R_controller
[GRASP-EXEC] joint-limit guard ON (margin 0.050 rad) arm=right
[GRASP-EXEC] gripper: connecting in background (overlaps arm enable + approach to hide the slow serial open; --no-gripper-async-connect for the old blocking behaviour)
[GRASP-EXEC] ARM: approach via qp_stream
[GRASP-EXEC] gripper: arm='right' -> stable by-id port /dev/serial/by-id/usb-FTDI_FT231X_USB_UART_D30JLK40-if00-port0
[INFO] [1783325689.942088525] [XARM_manager]: Activated controllers: ['endpose_single_arm_qp_R_controller']
[robotiq_api] gripper already activated (gSTA==3); skip resetActivate()
[GRASP-EXEC] QP-Stream right -> approach (pure-pursuit): pos=57.1cm rot=94.5deg, lookahead=13cm @ 50Hz, pos_tol=2.0cm accept=2.5cm keep_ori=False
[GRASP-EXEC] gripper: cached serial port /dev/serial/by-id/usb-FTDI_FT231X_USB_UART_D30JLK40-if00-port0 -> /tmp/robotiq_gripper_port.txt
[GRASP-EXEC] gripper controller ready: backend=modbus_rtu port=auto slave=9 (wait_timeout=8.0s) [connect took 0.04s]
[GRASP-EXEC] QP-Stream approach: ABORT joint-limit guard - 'wrist_roll'=-1.2503 within 0.050rad of limit [-1.3,1.65] (side=lower); holding pose to avoid the hard stop
[GRASP-EXEC] approach TCP tracking: commanded=[0.2276,-0.0474,0.1719] achieved=[0.3446,-0.1223,0.1413] err=[+117.0,-74.9,-30.6]mm |err|=142.3mm approach-axis tilt: achieved=+34.7deg commanded=+30.4deg (0=level) ori-err=19.1deg
[GRASP-EXEC] approach failed to reach target; retrying with reduced long-axis alignment (yaw scale 0.50)
[GRASP-EXEC] diagonal schedule: angle-from-X=40.764004962480186deg -> tilt_scale=0.71, yaw_clamp=32.2deg (freed wrist_pitch, raised jaw alignment)
[GRASP-EXEC] applied grasp tilt +16.1deg about waist Y (tilt scale 0.50 x diag 0.71) -> quat=['0.3911', '0.4706', '-0.5976', '-0.5181']
[GRASP-EXEC] continuous orientation: object long-axis yaw -40.8deg (angle-from-X 40.8deg); applied continuous yaw -16.1deg about waist Z (gain=1.00, clamp +/-32deg x scale 0.50) -> quat=['0.4532', '0.4113', '-0.5192', '-0.5966']
[GRASP-EXEC] recomputed TCP along final quat: detected_tcp_xyz=['0.2529', '-0.1452', '-0.0468'] -> consistent_tcp_xyz=['0.2614', '-0.1402', '0.0386']
[GRASP-EXEC] approach along grasp axis: dist=0.120m tool_z=[-0.961,0.114,0.251] approach_xyz=['0.1660', '-0.1266', '0.0737']
[GRASP-EXEC] applied lift tilt -15.0deg about waist Y -> lift quat=['0.5170', '0.4856', '-0.4556', '-0.5378']
[GRASP-EXEC] QP-Stream right -> approach (pure-pursuit): pos=19.1cm rot=28.6deg, lookahead=13cm @ 50Hz, pos_tol=2.0cm accept=2.5cm keep_ori=False
[GRASP-EXEC] QP-Stream approach: ABORT joint-limit guard - 'wrist_roll'=-1.2558 within 0.050rad of limit [-1.3,1.65] (side=lower); holding pose to avoid the hard stop
[GRASP-EXEC] approach TCP tracking: commanded=[0.1660,-0.1266,0.0737] achieved=[0.3470,-0.1133,0.1405] err=[+181.0,+13.3,+66.8]mm |err|=193.3mm approach-axis tilt: achieved=+35.3deg commanded=+14.5deg (0=level) ori-err=27.9deg
[JOINT-LIMIT] right closest-to-limit: wrist_roll=-1.2582 [-1.3,1.65] dist=0.0418rad  BREACHED(<= 0.05): wrist_roll
[JOINT-LIMIT] right approach per-joint: shoulder_pitch=-1.158[-2.96,+2.96](1.802) shoulder_roll=-0.495[-2.62,+0.26](0.757) shoulder_yaw=+1.727[-2.96,+2.96](1.233) elbow_pitch=-1.934[-2.61,+0.26](0.676) elbow_yaw=-1.439[-2.96,+2.96](1.521) wrist_pitch=+0.964[-0.79,+1.05](0.086) wrist_roll=-1.258[-1.30,+1.65](0.042)
[GRASP-EXEC] GRIPPER: open (after approach, before grasp insert)
[GRASP-EXEC] gripper already open enough: 1% (skip open command)
[JOINT-LIMIT] right closest-to-limit: wrist_roll=-1.2582 [-1.3,1.65] dist=0.0418rad  BREACHED(<= 0.05): wrist_roll
[JOINT-LIMIT] right lift per-joint: shoulder_pitch=-1.158[-2.96,+2.96](1.802) shoulder_roll=-0.495[-2.62,+0.26](0.757) shoulder_yaw=+1.727[-2.96,+2.96](1.233) elbow_pitch=-1.934[-2.61,+0.26](0.676) elbow_yaw=-1.439[-2.96,+2.96](1.521) wrist_pitch=+0.964[-0.79,+1.05](0.086) wrist_roll=-1.258[-1.30,+1.65](0.042)
[INFO] [1783325694.495303419] [XARM_manager]: Deactivated controllers: ['endpose_single_arm_qp_R_controller']
[GRASP-EXEC] RETURN HOME: right -> joints=['0.000', '-1.180', '0.000', '-1.300', '-1.400', '-0.130', '0.180']
[INFO] [1783325694.513423568] [XARM_manager]: Activated controllers: ['jointspace_arm_R_controller']
[INFO] [1783325694.514230021] [XARM_manager]: Sending goal to action server /jointspace_arm_R_controller/jointspace (attempt 1/3):
eai_manipulator_msgs.action.JointSpace_Goal(target_positions=[0.0, -1.18, 0.0, -1.3, -1.4, -0.13, 0.18])
[INFO] [1783325694.515878338] [XARM_manager]: Goal accepted. Waiting for result...
[INFO] [1783325696.583512074] [XARM_manager]: Action result received from /jointspace_arm_R_controller/jointspace
[INFO] [1783325696.583786854] [XARM_manager]: Action result: eai_manipulator_msgs.action.JointSpace_Result(success=True, result_msg='action finished')
[GRASP-EXEC] return home result: eai_manipulator_msgs.action.JointSpace_Result(success=True, result_msg='action finished')
{
  "arm": "right",
  "pipeline_version": "accelerated",
  "motion_strategy": "qp_all",
  "dry_run": false,
  "motion": {
    "detected_pose7": [
      0.25293311674802155,
      -0.14523255260186135,
      -0.04683820885321313,
      0.0058758956407418406,
      -0.7314559327339937,
      -0.07029239841274651,
      0.6782305441691977
    ],
    "approach_pose7": [
      0.16602226799662229,
      -0.12658660434014588,
      0.07371651255693965,
      0.45315224059037423,
      0.41125767303567695,
      -0.5191939468378568,
      -0.5966220066207186
    ],
    "grasp_pose7": [
      0.28137569482108166,
      -0.14022774945733574,
      0.0435916709848107,
      0.45315224059037423,
      0.41125767303567695,
      -0.5191939468378568,
      -0.5966220066207186
    ],
    "lift_pose7": [
      0.28137569482108166,
      -0.14022774945733574,
      0.1635916709848107,
      0.5170438692578004,
      0.48561410535066135,
      -0.4556039341885342,
      -0.5378379245640171
    ],
    "pre_home_pose7": [
      0.10137569482108166,
      -0.24022774945733574,
      0.2135916709848107,
      0.5170438692578004,
      0.48561410535066135,
      -0.4556039341885342,
      -0.5378379245640171
    ],
    "grasp_xyz_offset_m": [
      0.02,
      0.0,
      0.005
    ],
    "grasp_quat": [
      0.45315224059037423,
      0.41125767303567695,
      -0.5191939468378568,
      -0.5966220066207186
    ],
    "use_fixed_grasp_quat": true,
    "phase_backends": {
      "approach": "qp_stream",
      "grasp": "qp_stream",
      "lift": "qp_stream"
    },
    "joint_limits_used": {
      "shoulder_pitch": [
        -2.96,
        2.96
      ],
      "shoulder_roll": [
        -2.616,
        0.262
      ],
      "shoulder_yaw": [
        -2.96,
        2.96
      ],
      "elbow_pitch": [
        -2.61,
        0.261
      ],
      "elbow_yaw": [
        -2.96,
        2.96
      ],
      "wrist_pitch": [
        -0.785,
        1.05
      ],
      "wrist_roll": [
        -1.3,
        1.65
      ]
    },
    "grasp_reach_retry_used": true,
    "grasp_reach_retry_yaw_scale": 0.5,
    "approach_tcp_tracking": {
      "commanded_xyz": [
        0.16602226799662229,
        -0.12658660434014588,
        0.07371651255693965
      ],
      "achieved_xyz": [
        0.34698421493855136,
        -0.1132972504250202,
        0.1404931728246362
      ],
      "error_mm": [
        180.96194694192909,
        13.289353915125673,
        66.77666026769654
      ],
      "error_norm_mm": 193.3467235952096,
      "achieved_quat": [
        -0.26511973731258826,
        -0.37480629958710177,
        0.48746295743383417,
        0.7427056131516632
      ],
      "approach_axis_tilt_deg": 35.34254760587006,
      "commanded_approach_axis_tilt_deg": 14.539083059529045,
      "orientation_error_deg": 27.910728118157646
    },
    "approach_joint_limits": {
      "closest": {
        "joint": "wrist_roll",
        "value": -1.2582,
        "lower": -1.3,
        "upper": 1.65,
        "dist_to_limit": 0.0418,
        "nearest_side": "lower"
      },
      "breached": [
        {
          "joint": "wrist_roll",
          "value": -1.2582,
          "lower": -1.3,
          "upper": 1.65,
          "dist_to_limit": 0.0418,
          "nearest_side": "lower"
        }
      ],
      "margin_rad": 0.05
    },
    "lift_joint_limits": {
      "closest": {
        "joint": "wrist_roll",
        "value": -1.2582,
        "lower": -1.3,
        "upper": 1.65,
        "dist_to_limit": 0.0418,
        "nearest_side": "lower"
      },
      "breached": [
        {
          "joint": "wrist_roll",
          "value": -1.2582,
          "lower": -1.3,
          "upper": 1.65,
          "dist_to_limit": 0.0418,
          "nearest_side": "lower"
        }
      ],
      "margin_rad": 0.05
    },
    "retract_ok": null,
    "return_home_ok": true,
    "released_on_finish_ok": null,
    "approach_ok": false,
    "grasp_ok": false,
    "lift_ok": true
  },
  "detection": {
    "class_name": "remote-control",
    "pose_head_roll_link": [
      0.7888870916002487,
      -0.16456623724779573,
      -0.1519110927716931,
      0.30849604628203153,
      0.8653064301022001,
      0.143377457260962,
      0.3681275270901673
    ],
    "pose_tip_waist_yaw_link_rpy": {
      "x": 0.5170757909486333,
      "y": -0.1704656211337733,
      "z": -0.0281850611667418,
      "roll": 3.0496661919041657,
      "pitch": 0.07256236536314775,
      "yaw": 2.4301265506952063
    },
    "pose_tip_used_for_tcp_conversion_rpy": {
      "x": 0.5170757909486333,
      "y": -0.1704656211337733,
      "z": -0.0281850611667418,
      "roll": 2.1350436535634234,
      "pitch": -1.4392896303141653,
      "yaw": -2.22637136947307
    },
    "pose_tcp_waist_yaw_link_rpy": {
      "x": 0.25293311674802155,
      "y": -0.14523255260186135,
      "z": -0.04683820885321313,
      "roll": 2.1350436535634234,
      "pitch": -1.4392896303141653,
      "yaw": -2.22637136947307
    },
    "pose_tcp_waist_yaw_link_pose7": [
      0.25293311674802155,
      -0.14523255260186135,
      -0.04683820885321313,
      0.0058758956407418406,
      -0.7314559327339937,
      -0.07029239841274651,
      0.6782305441691977
    ],
    "current_tcp_pose7": [
      0.3516956522327074,
      -0.5952491451992145,
      0.27500465190060863,
      0.0058758956407418406,
      -0.7314559327339937,
      -0.07029239841274651,
      0.6782305441691977
    ],
    "tcp_minus_tip_waist_m": [
      -0.26414267420061177,
      0.025233068531911956,
      -0.018653147686471333
    ],
    "tcp_to_tip_offset_m": [
      0.0,
      0.0,
      -0.266
    ],
    "orientation_policy": "current",
    "use_current_tcp_rotation": true,
    "rotation_source_arm": "right",
    "bbox_2d": [
      740.3317260742188,
      312.6147155761719,
      878.304931640625,
      467.3223876953125
    ],
    "bbox_3d": {
      "min": [
        0.7390675442111191,
        -0.23813866701088135,
        -0.2113174259918539
      ],
      "max": [
        0.8540538403148658,
        -0.09669112500021576,
        -0.09683825895480597
      ],
      "center": [
        0.7965606922629924,
        -0.16741489600554854,
        -0.15407784247332995
      ],
      "size": [
        0.11498629610374667,
        0.1414475420106656,
        0.11447916703704794
      ]
    },
    "object_long_axis_waist": [
      -0.7554122985211411,
      0.651226686344896,
      -0.07249870505914309
    ],
    "object_long_axis_yaw_waist_deg": -40.764004962480186,
    "object_angle_from_waist_x_deg": 40.764004962480186
  },
  "gripper": {
    "open_ok": true,
    "close_ok": null,
    "final_pos_pct": null,
    "backend": "modbus_rtu"
  },
  "ok": false
}
[GRASP-EXEC] saved result json: /tmp/grasp_exec.json
[GRASP-EXEC] saved handoff: /tmp/grasp_handoff.json (arm=right holding=False)
