[日志] 日志文件: logs/grasp/grasp_260708_102321.log
[日志] 执行命令: python3 -m compliant_grasp_execute.main
[INFO] [1783477401.575451299] [XARM_manager]: waiting for service /controller_manager/get_parameters to become available...
[INFO] [1783477404.834640807] [XARM_manager]: XARM_manager initialized, robot_type: tianyi2, run_type: real
[INFO] [1783477404.839234667] [XARM_manager]: 已订阅关节状态话题: /joint_states
[INFO] [1783477404.845051341] [XARM_manager]: 已订阅警告和错误信息话题: /manipulator/warn_and_error_info
[INFO] [1783477404.852093391] [XARM_manager]: /joint_action_report 服务已启动
[CONFIG] loaded 201 params from /home/ubuntu/niu/compliant_grasp_execute/config.yaml
[GRASP-EXEC] STARTUP: enabling arms and moving BOTH to home posture
[INFO] [1783477408.607312028] [XARM_manager]: Deactivated controllers: ['jointspace_arm_R_controller']
[GRASP-EXEC] STARTUP: left -> home joints=['0.844', '0.026', '-0.006', '-2.216', '-1.529', '0.250', '0.683']
[INFO] [1783477408.625957922] [XARM_manager]: Activated controllers: ['jointspace_arm_L_controller']
[INFO] [1783477408.639673762] [XARM_manager]: Sending goal to action server /jointspace_arm_L_controller/jointspace (attempt 1/3):
eai_manipulator_msgs.action.JointSpace_Goal(target_positions=[0.844, 0.026, -0.006, -2.216, -1.529, 0.25, 0.683])
[INFO] [1783477408.642298785] [XARM_manager]: Goal accepted. Waiting for result...
[INFO] [1783477409.089468112] [XARM_manager]: Action result received from /jointspace_arm_L_controller/jointspace
[INFO] [1783477409.089709839] [XARM_manager]: Action result: eai_manipulator_msgs.action.JointSpace_Result(success=True, result_msg='action finished')
[GRASP-EXEC] STARTUP: right -> home joints=['0.844', '-0.026', '0.006', '-2.216', '1.529', '0.250', '-0.683']
[INFO] [1783477409.099056616] [XARM_manager]: Activated controllers: ['jointspace_arm_R_controller']
[INFO] [1783477409.111076827] [XARM_manager]: Sending goal to action server /jointspace_arm_R_controller/jointspace (attempt 1/3):
eai_manipulator_msgs.action.JointSpace_Goal(target_positions=[0.844, -0.026, 0.006, -2.216, 1.529, 0.25, -0.683])
[INFO] [1783477409.112465529] [XARM_manager]: Goal accepted. Waiting for result...
[INFO] [1783477409.574840359] [XARM_manager]: Action result received from /jointspace_arm_R_controller/jointspace
[INFO] [1783477409.575354084] [XARM_manager]: Action result: eai_manipulator_msgs.action.JointSpace_Result(success=True, result_msg='action finished')
[GRASP-EXEC] STARTUP: activating both grippers (open/close cycle)
[GRASP-EXEC] WARNING: startup activation of gripper 'left' failed: NoResponseError('No communication with the instrument (no answer)')
[robotiq_api] gripper already activated (gSTA==3); skip resetActivate()
[GRASP-EXEC] STARTUP: gripper 'right' activated
perception health check pass
[object_pose] RGB (720, 1280, 3), depth (720, 1280), valid-depth pixels: 849048/921600 (median valid depth 0.999 m)
[GRASP-EXEC] ARM-SELECT: object waist Y=-0.207m (y < boundary 0.000) -> 'right' arm
[GRASP-EXEC] reach tilt reduction: object |Y|=0.207m -> tilt_scale=0.84 (backed the side-tilt off so the elbow can extend to a far-outboard object instead of folding into its stop)
[GRASP-EXEC] applied grasp tilt +37.6deg about waist Y (tilt scale 1.00 x reach 0.84) -> quat=['0.2724', '0.3654', '-0.6602', '-0.5970']
[GRASP-EXEC] continuous orientation: object long-axis yaw +0.7deg (angle-from-X 0.7deg); applied continuous yaw +0.7deg about waist Z (gain=1.00, clamp +/-15deg) -> quat=['0.2702', '0.3670', '-0.6638', '-0.5930']
[GRASP-EXEC] recomputed TCP along final quat: detected_tcp_xyz=['0.3276', '-0.1601', '-0.1424'] -> consistent_tcp_xyz=['0.3451', '-0.2517', '0.1405']
[GRASP-EXEC] approach lateral clamp: approach Y -0.2717 -> -0.2517 (= grasp Y); tool_z outboard component would have pushed the standoff further from center than the grasp, which folds the elbow into its stop at far-outboard reaches.
[GRASP-EXEC] approach along grasp axis: dist=0.120m tool_z=[-0.794,-0.167,0.585] approach_xyz=['0.2898', '-0.2517', '0.2157']
[GRASP-EXEC] applied lift tilt -15.0deg about waist Y -> lift quat=['0.3545', '0.4413', '-0.6229', '-0.5400']
[GRASP-EXEC] detected class=remote-control detected_pose7=['0.3276', '-0.1601', '-0.1424', '0.6948', '0.5067', '-0.3430', '-0.3779'] -> motion grasp_pose7=['0.3851', '-0.2517', '0.1455', '0.2702', '0.3670', '-0.6638', '-0.5930']
[INFO] [1783477413.198145609] [XARM_manager]: Deactivated controllers: ['jointspace_arm_L_controller', 'jointspace_arm_R_controller']
[GRASP-EXEC] arms enabled (mode 3) [took 0.02s]
[JOINT-LIMIT] right: using live controller limits from endpose_single_arm_qp_R_controller
[GRASP-EXEC] joint-limit guard ON (margin 0.050 rad) arm=right
[GRASP-EXEC] gripper: connecting in background (overlaps arm enable + approach to hide the slow serial open; --no-gripper-async-connect for the old blocking behaviour)
[GRASP-EXEC] ARM: approach via qp_stream
[GRASP-EXEC] gripper: arm='right' -> stable by-id port /dev/serial/by-id/usb-FTDI_FT231X_USB_UART_D30JLK40-if00-port0
[INFO] [1783477413.237162727] [XARM_manager]: Activated controllers: ['endpose_single_arm_qp_R_controller']
[GRASP-EXEC] QP-Stream right -> approach (pure-pursuit): pos=18.9cm rot=68.7deg, lookahead=13cm @ 50Hz, pos_tol=2.0cm accept=2.5cm keep_ori=False
[robotiq_api] gripper already activated (gSTA==3); skip resetActivate()
[GRASP-EXEC] gripper: cached serial port /dev/serial/by-id/usb-FTDI_FT231X_USB_UART_D30JLK40-if00-port0 -> /tmp/robotiq_gripper_port.txt
[GRASP-EXEC] gripper controller ready: backend=modbus_rtu port=auto slave=9 (wait_timeout=8.0s) [connect took 0.04s]
[GRASP-EXEC] approach TCP tracking: commanded=[0.2898,-0.2517,0.2157] achieved=[0.3010,-0.2649,0.2078] err=[+11.2,-13.2,-7.8]mm |err|=19.0mm approach-axis tilt: achieved=+32.8deg commanded=+35.8deg (0=level) ori-err=7.3deg
[GRASP-EXEC] approach orientation miss 7.3deg -> ~34mm fingertip offset > tol 30mm: TCP reached position but the wrist could not hold the commanded tilt, so the fingers would miss the object. Treating approach as failed to trigger the reduced-tilt retry (prevents grasping air).
[GRASP-EXEC] approach failed to reach target; retrying with reduced long-axis alignment (yaw scale 0.50)
[GRASP-EXEC] reach tilt reduction: object |Y|=0.207m -> tilt_scale=0.84 (backed the side-tilt off so the elbow can extend to a far-outboard object instead of folding into its stop)
[GRASP-EXEC] applied grasp tilt +18.8deg about waist Y (tilt scale 0.50 x reach 0.84) -> quat=['0.3767', '0.4580', '-0.6068', '-0.5293']
[GRASP-EXEC] continuous orientation: object long-axis yaw +0.7deg (angle-from-X 0.7deg); applied continuous yaw +0.3deg about waist Z (gain=1.00, clamp +/-15deg x scale 0.50) -> quat=['0.3753', '0.4592', '-0.6084', '-0.5274']
[GRASP-EXEC] recomputed TCP along final quat: detected_tcp_xyz=['0.3276', '-0.1601', '-0.1424'] -> consistent_tcp_xyz=['0.3060', '-0.2506', '0.0639']
[GRASP-EXEC] approach lateral clamp: approach Y -0.2702 -> -0.2506 (= grasp Y); tool_z outboard component would have pushed the standoff further from center than the grasp, which folds the elbow into its stop at far-outboard reaches.
[GRASP-EXEC] approach along grasp axis: dist=0.120m tool_z=[-0.941,-0.163,0.297] approach_xyz=['0.2331', '-0.2506', '0.1045']
[GRASP-EXEC] applied lift tilt -15.0deg about waist Y -> lift quat=['0.4515', '0.5241', '-0.5542', '-0.4630']
[GRASP-EXEC] QP-Stream right -> approach (pure-pursuit): pos=12.4cm rot=18.3deg, lookahead=13cm @ 50Hz, pos_tol=2.0cm accept=2.5cm keep_ori=False
[GRASP-EXEC] approach TCP tracking: commanded=[0.2331,-0.2506,0.1045] achieved=[0.2356,-0.2451,0.1234] err=[+2.6,+5.6,+18.9]mm |err|=19.9mm approach-axis tilt: achieved=+16.6deg commanded=+17.3deg (0=level) ori-err=5.2deg
[JOINT-LIMIT] right closest-to-limit: elbow_pitch=-2.2228 [-2.61,0.261] dist=0.3872rad
[JOINT-LIMIT] right approach per-joint: shoulder_pitch=+0.361[-2.96,+2.96](2.599) shoulder_roll=-0.591[-2.62,+0.26](0.853) shoulder_yaw=+0.317[-2.96,+2.96](2.643) elbow_pitch=-2.223[-2.61,+0.26](0.387) elbow_yaw=+1.113[-2.96,+2.96](1.847) wrist_pitch=+0.335[-0.79,+1.05](0.715) wrist_roll=+0.318[-1.30,+1.65](1.332)
[GRASP-EXEC] GRIPPER: open (after approach, before grasp insert)
[GRASP-EXEC] gripper open: start=90% -> target=0%
[GRASP-EXEC] gripper open result: pos=1% status=3 ok=True
[GRASP-EXEC] ARM: HYBRID pre-descent (position QP-stream) -> 9.3cm, leaving final 3.0cm for F/T compliant descend-to-contact
[GRASP-EXEC] QP-Stream right -> pre-grasp (pure-pursuit): pos=9.1cm rot=0.0deg, lookahead=8cm @ 50Hz, pos_tol=1.0cm accept=2.5cm keep_ori=True
[GRASP-EXEC] ARM: COMPLIANT insert to grasp pose (F/T admittance descend-to-contact)
[INFO] [1783477418.239789298] [XARM_manager]: [COMPLIANT-RIGHT] Loaded F/T calibration from /home/ubuntu/niu/compliant_grasp_execute/ft_calibration/ft_calibration_right.json
[INFO] [1783477418.260533428] [XARM_manager]: [COMPLIANT-RIGHT] target set: p=[0.3197213038387334, -0.24827396449649386, 0.09127174140498379] q=[-0.38014394786903105, -0.4749908921031594, 0.6084465935048837, 0.509575288029055]
[INFO] [1783477418.262157175] [XARM_manager]: [COMPLIANT-RIGHT] seeded QP target at captured pose (z=+0.0913).
[INFO] [1783477418.262886328] [XARM_manager]: [COMPLIANT-RIGHT] admittance loop starting (calibrating force offset; keep hands off the arm briefly)...
[INFO] [1783477418.584140737] [XARM_manager]: [COMPLIANT-RIGHT] runtime offset calibrated. p_ref=[0.3197213038387334, -0.24827396449649386, 0.09127174140498379], ready.
[COMPLIANT-INSERT] runtime force-offset calibrated in 0.33s
[INFO] [1783477418.587970399] [XARM_manager]: [COMPLIANT-RIGHT] gains updated: B=[3.9597979746446663, 5.6, 3.9597979746446663] K=[20.0, 40.0, 20.0] B_rot=[0.5, 0.5, 0.5] K_rot=[0.0, 0.0, 0.0]
[COMPLIANT-INSERT] insertion dir=[+0.76,-0.07,-0.65] planned_depth=3.5cm soft_axes=xz K=[20.0, 40.0, 20.0] B=[3.96, 5.6, 3.96] contact_thresh=1.5N
[INFO] [1783477419.417470589] [XARM_manager]: [COMPLIANT-RIGHT] n=200 hz=241.3 F=[+0.41,-0.15,+3.59]N disp=[-2.7,+0.3,+2.9]cm v=[+0.20,-0.02,+0.20]
[INFO] [1783477419.420728815] [XARM_manager]: [COMPLIANT-RIGHT] gains updated: B=[10.844353369380768, 10.844353369380768, 10.844353369380768] K=[150.0, 150.0, 150.0] B_rot=[0.5, 0.5, 0.5] K_rot=[0.0, 0.0, 0.0]
[INFO] [1783477419.421841556] [XARM_manager]: [COMPLIANT-RIGHT] target set: p=[0.33150256931121136, -0.24913499864594424, 0.08724570753501992] q=[-0.38014394786903105, -0.4749908921031594, 0.6084465935048837, 0.509575288029055]
[COMPLIANT-INSERT] CONTACT (force) at tcp_drop 1.2cm (resist 1.8N, thresh 1.5N); holding compliant for gripper close
[GRASP-EXEC] grasp TCP tracking: commanded=[0.3460,-0.2506,0.0689] achieved=[0.3315,-0.2490,0.0846] err=[-14.4,+1.6,+15.7]mm |err|=21.4mm approach-axis tilt: achieved=+13.8deg commanded=+17.3deg (0=level) ori-err=4.1deg
[JOINT-LIMIT] right closest-to-limit: wrist_pitch=0.3397 [-0.785,1.05] dist=0.7103rad
[JOINT-LIMIT] right grasp per-joint: shoulder_pitch=-0.004[-2.96,+2.96](2.956) shoulder_roll=-0.554[-2.62,+0.26](0.816) shoulder_yaw=+0.486[-2.96,+2.96](2.474) elbow_pitch=-1.825[-2.61,+0.26](0.785) elbow_yaw=+0.954[-2.96,+2.96](2.006) wrist_pitch=+0.340[-0.79,+1.05](0.710) wrist_roll=+0.161[-1.30,+1.65](1.461)
[GRASP-EXEC] GRIPPER: close at grasp pose (after arm motion, not at approach)
[GRASP-EXEC] gripper close: start=1% -> target=100%
[INFO] [1783477420.250870395] [XARM_manager]: [COMPLIANT-RIGHT] n=400 hz=241.2 F=[+0.00,+0.00,+0.00]N disp=[-0.1,-0.1,-0.3]cm v=[+0.02,+0.01,+0.04]
[GRASP-EXEC] gripper close result: pos=91% status=3 ok=True
[INFO] [1783477420.694807555] [XARM_manager]: [COMPLIANT-RIGHT] admittance loop stopped.
[GRASP-EXEC] ARM: rotate wrist away from table -20deg about waist Y before lift
[GRASP-EXEC] QP-Stream right -> table-clear (pure-pursuit): pos=0.0cm rot=20.0deg, lookahead=13cm @ 50Hz, pos_tol=2.0cm accept=2.5cm keep_ori=False
[GRASP-EXEC] ARM: lift after grasp
[GRASP-EXEC] QP-Stream right -> lift (pure-pursuit): pos=10.5cm rot=0.0deg, lookahead=13cm @ 50Hz, pos_tol=2.0cm accept=2.5cm keep_ori=True
[JOINT-LIMIT] right closest-to-limit: elbow_pitch=-2.0406 [-2.61,0.261] dist=0.5694rad
[JOINT-LIMIT] right lift per-joint: shoulder_pitch=-0.093[-2.96,+2.96](2.866) shoulder_roll=-0.558[-2.62,+0.26](0.820) shoulder_yaw=+0.342[-2.96,+2.96](2.618) elbow_pitch=-2.041[-2.61,+0.26](0.569) elbow_yaw=+0.993[-2.96,+2.96](1.967) wrist_pitch=+0.366[-0.79,+1.05](0.684) wrist_roll=+0.601[-1.30,+1.65](1.049)
[INFO] [1783477421.959990568] [XARM_manager]: Deactivated controllers: ['endpose_single_arm_qp_R_controller']
[GRASP-EXEC] PRE-HOME WAYPOINT: right -> joints=['0.000', '-1.180', '0.000', '-1.300', '-1.400', '-0.130', '0.180']
[INFO] [1783477421.979410708] [XARM_manager]: Activated controllers: ['jointspace_arm_R_controller']
[INFO] [1783477421.980490616] [XARM_manager]: Sending goal to action server /jointspace_arm_R_controller/jointspace (attempt 1/3):
eai_manipulator_msgs.action.JointSpace_Goal(target_positions=[0.0, -1.18, 0.0, -1.3, -1.4, -0.13, 0.18])
[INFO] [1783477421.982247228] [XARM_manager]: Goal accepted. Waiting for result...
[INFO] [1783477424.537755475] [XARM_manager]: Action result received from /jointspace_arm_R_controller/jointspace
[INFO] [1783477424.538287446] [XARM_manager]: Action result: eai_manipulator_msgs.action.JointSpace_Result(success=True, result_msg='action finished')
[GRASP-EXEC] pre-home waypoint result: eai_manipulator_msgs.action.JointSpace_Result(success=True, result_msg='action finished')
[GRASP-EXEC] RETURN HOME: right -> joints=['0.844', '-0.026', '0.006', '-2.216', '1.529', '0.250', '-0.683']
[INFO] [1783477424.541789462] [XARM_manager]: Sending goal to action server /jointspace_arm_R_controller/jointspace (attempt 1/3):
eai_manipulator_msgs.action.JointSpace_Goal(target_positions=[0.844, -0.026, 0.006, -2.216, 1.529, 0.25, -0.683])
[INFO] [1783477424.543565435] [XARM_manager]: Goal accepted. Waiting for result...
[INFO] [1783477427.494664978] [XARM_manager]: Action result received from /jointspace_arm_R_controller/jointspace
[INFO] [1783477427.495035058] [XARM_manager]: Action result: eai_manipulator_msgs.action.JointSpace_Result(success=True, result_msg='action finished')
[GRASP-EXEC] return home result: eai_manipulator_msgs.action.JointSpace_Result(success=True, result_msg='action finished')
{
  "arm": "right",
  "pipeline_version": "accelerated",
  "motion_strategy": "qp_all",
  "dry_run": false,
  "motion": {
    "detected_pose7": [
      0.3276188068590402,
      -0.16008029977915972,
      -0.14240668399724452,
      0.6948074041597693,
      0.5067152836099863,
      -0.3429996246722311,
      -0.37793326124531945
    ],
    "approach_pose7": [
      0.23306002686257365,
      -0.25064469811453705,
      0.10451713145096304,
      0.37527833311954745,
      0.45918362208885466,
      -0.6084067925123461,
      -0.5274066255947236
    ],
    "grasp_pose7": [
      0.34597963604822707,
      -0.25064469811453705,
      0.06892115371583331,
      0.37527833311954745,
      0.45918362208885466,
      -0.6084067925123461,
      -0.5274066255947236
    ],
    "lift_pose7": [
      0.34597963604822707,
      -0.25064469811453705,
      0.1889211537158333,
      0.4514807969037559,
      0.5240956211375144,
      -0.5542181362165051,
      -0.46295909907932054
    ],
    "pre_home_pose7": [
      0.16597963604822707,
      -0.350644698114537,
      0.23892115371583328,
      0.4514807969037559,
      0.5240956211375144,
      -0.5542181362165051,
      -0.46295909907932054
    ],
    "grasp_xyz_offset_m": [
      0.04,
      0.0,
      0.005
    ],
    "grasp_quat": [
      0.37527833311954745,
      0.45918362208885466,
      -0.6084067925123461,
      -0.5274066255947236
    ],
    "use_fixed_grasp_quat": true,
    "phase_backends": {
      "approach": "qp_stream",
      "grasp": "qp_stream",
      "lift": "qp_stream"
    },
    "joint_limits_used": {
      "shoulder_pitch": [
        -2.96,
        2.96
      ],
      "shoulder_roll": [
        -2.616,
        0.262
      ],
      "shoulder_yaw": [
        -2.96,
        2.96
      ],
      "elbow_pitch": [
        -2.61,
        0.261
      ],
      "elbow_yaw": [
        -2.96,
        2.96
      ],
      "wrist_pitch": [
        -0.785,
        1.05
      ],
      "wrist_roll": [
        -1.3,
        1.65
      ]
    },
    "grasp_reach_retry_used": true,
    "grasp_reach_retry_yaw_scale": 0.5,
    "approach_tcp_tracking": {
      "commanded_xyz": [
        0.23306002686257365,
        -0.25064469811453705,
        0.10451713145096304
      ],
      "achieved_xyz": [
        0.2356480421027332,
        -0.24505690344127518,
        0.12340949247472943
      ],
      "error_mm": [
        2.588015240159558,
        5.58779467326187,
        18.892361023766387
      ],
      "error_norm_mm": 19.870646120500442,
      "achieved_quat": [
        -0.36811269400280516,
        -0.4710696171801623,
        0.6328653460813689,
        0.49200397763945125
      ],
      "approach_axis_tilt_deg": 16.569185154115118,
      "commanded_approach_axis_tilt_deg": 17.255493931398554,
      "orientation_error_deg": 5.1814394133512875
    },
    "approach_joint_limits": {
      "closest": {
        "joint": "elbow_pitch",
        "value": -2.2228,
        "lower": -2.61,
        "upper": 0.261,
        "dist_to_limit": 0.3872,
        "nearest_side": "lower"
      },
      "breached": [],
      "margin_rad": 0.05
    },
    "compliant_insert": {
      "ok": true,
      "contact": true,
      "reason": "contact",
      "resist_n": 1.8491866550164988,
      "traveled_m": 0.0116127197602014,
      "planned_depth_m": 0.03456398643620639,
      "ft_topic": "/arm_6dof_right",
      "calib_path": "/home/ubuntu/niu/compliant_grasp_execute/ft_calibration/ft_calibration_right.json",
      "calib_present": true,
      "commanded_m": 0.051524039685562475,
      "throttle_events": 0,
      "contact_kind": "force"
    },
    "grasp_tcp_tracking": {
      "commanded_xyz": [
        0.34597963604822707,
        -0.25064469811453705,
        0.06892115371583331
      ],
      "achieved_xyz": [
        0.3315454367602161,
        -0.24899795705608924,
        0.08460852298371435
      ],
      "error_mm": [
        -14.434199288010985,
        1.6467410584478093,
        15.687369267881044
      ],
      "error_norm_mm": 21.38109959161253,
      "achieved_quat": [
        -0.38102856146217773,
        -0.4856514833650798,
        0.603010680486846,
        0.505309797326504
      ],
      "approach_axis_tilt_deg": 13.763794435065067,
      "commanded_approach_axis_tilt_deg": 17.255493931398554,
      "orientation_error_deg": 4.053256017524775
    },
    "grasp_joint_limits": {
      "closest": {
        "joint": "wrist_pitch",
        "value": 0.3397,
        "lower": -0.785,
        "upper": 1.05,
        "dist_to_limit": 0.7103,
        "nearest_side": "upper"
      },
      "breached": [],
      "margin_rad": 0.05
    },
    "lift_joint_limits": {
      "closest": {
        "joint": "elbow_pitch",
        "value": -2.0406,
        "lower": -2.61,
        "upper": 0.261,
        "dist_to_limit": 0.5694,
        "nearest_side": "lower"
      },
      "breached": [],
      "margin_rad": 0.05
    },
    "retract_ok": null,
    "return_home_ok": true,
    "released_on_finish_ok": null,
    "approach_ok": true,
    "grasp_ok": true,
    "lift_ok": true
  },
  "detection": {
    "class_name": "remote-control",
    "pose_head_roll_link": [
      0.8088315847432624,
      -0.20697104454238952,
      -0.11933164923310027,
      -0.351717390088261,
      -0.03697054197809105,
      0.9351190102773446,
      -0.021920154042976557
    ],
    "pose_tip_waist_yaw_link_rpy": {
      "x": 0.5562847697430922,
      "y": -0.2073153434630765,
      "z": -0.01498326359703761,
      "roll": -0.0862404627864819,
      "pitch": 0.024344378158843938,
      "yaw": -3.1294131430805905
    },
    "pose_tip_used_for_tcp_conversion_rpy": {
      "x": 0.5562847697430922,
      "y": -0.2073153434630765,
      "z": -0.01498326359703761,
      "roll": -2.0727612481865556,
      "pitch": 0.09376557555040632,
      "yaw": 1.315750234605577
    },
    "pose_tcp_waist_yaw_link_rpy": {
      "x": 0.3276188068590402,
      "y": -0.16008029977915972,
      "z": -0.14240668399724452,
      "roll": -2.0727612481865556,
      "pitch": 0.09376557555040632,
      "yaw": 1.315750234605577
    },
    "pose_tcp_waist_yaw_link_pose7": [
      0.3276188068590402,
      -0.16008029977915972,
      -0.14240668399724452,
      0.6948074041597693,
      0.5067152836099863,
      -0.3429996246722311,
      -0.37793326124531945
    ],
    "current_tcp_pose7": [
      0.11560252442782404,
      -0.25790345108890433,
      0.14134843137289924,
      0.6948074041597693,
      0.5067152836099863,
      -0.3429996246722311,
      -0.37793326124531945
    ],
    "tcp_minus_tip_waist_m": [
      -0.22866596288405194,
      0.04723504368391679,
      -0.1274234204002069
    ],
    "tcp_to_tip_offset_m": [
      0.0,
      0.0,
      -0.266
    ],
    "orientation_policy": "current",
    "use_current_tcp_rotation": true,
    "rotation_source_arm": "right",
    "bbox_2d": [
      806.1453247070312,
      271.4434509277344,
      873.8577270507812,
      438.81536865234375
    ],
    "bbox_3d": {
      "min": [
        0.747217087899738,
        -0.23661529933841033,
        -0.18107766793457306
      ],
      "max": [
        0.8818637590053418,
        -0.18426421855105676,
        -0.05623153714697404
      ],
      "center": [
        0.8145404234525399,
        -0.21043975894473355,
        -0.11865460254077355
      ],
      "size": [
        0.1346466711056038,
        0.052351080787353566,
        0.12484613078759901
      ]
    },
    "object_long_axis_waist": [
      -0.9996295429162665,
      -0.012175600574007869,
      -0.024341973619224723
    ],
    "object_long_axis_yaw_waist_deg": 0.6978345487125353,
    "object_angle_from_waist_x_deg": 0.6978345487125402
  },
  "gripper": {
    "open_ok": true,
    "close_ok": true,
    "final_pos_pct": 91.0,
    "backend": "modbus_rtu"
  },
  "ok": true
}
[GRASP-EXEC] saved result json: /tmp/grasp_exec.json
[GRASP-EXEC] saved handoff: /tmp/grasp_handoff.json (arm=right holding=True)



竖放，没抓起来。