[日志] 日志文件: logs/grasp/grasp_260706_161934.log
[日志] 执行命令: python3 -m compliant_grasp_execute.main
[INFO] [1783325975.394013330] [XARM_manager]: waiting for service /controller_manager/get_parameters to become available...
[INFO] [1783325975.650612146] [XARM_manager]: XARM_manager initialized, robot_type: tianyi2, run_type: real
[INFO] [1783325975.657186741] [XARM_manager]: 已订阅关节状态话题: /joint_states
[INFO] [1783325975.666232763] [XARM_manager]: 已订阅警告和错误信息话题: /manipulator/warn_and_error_info
[INFO] [1783325975.677322216] [XARM_manager]: /joint_action_report 服务已启动
[CONFIG] loaded 198 params from /home/ubuntu/niu/compliant_grasp_execute/config.yaml
[GRASP-EXEC] STARTUP: enabling arms and moving BOTH to home posture
[INFO] [1783325981.360656401] [XARM_manager]: Deactivated controllers: ['jointspace_arm_R_controller']
[GRASP-EXEC] STARTUP: left -> home joints=['0.000', '1.180', '0.000', '-1.300', '1.400', '-0.130', '0.180']
[INFO] [1783325981.379492539] [XARM_manager]: Activated controllers: ['jointspace_arm_L_controller']
[INFO] [1783325981.395575763] [XARM_manager]: Sending goal to action server /jointspace_arm_L_controller/jointspace (attempt 1/3):
eai_manipulator_msgs.action.JointSpace_Goal(target_positions=[0.0, 1.18, 0.0, -1.3, 1.4, -0.13, 0.18])
[INFO] [1783325981.397660844] [XARM_manager]: Goal accepted. Waiting for result...
[INFO] [1783325981.527791439] [XARM_manager]: Action result received from /jointspace_arm_L_controller/jointspace
[GRASP-EXEC] STARTUP: right -> home joints=['0.000', '-1.180', '0.000', '-1.300', '-1.400', '-0.130', '0.180']
[INFO] [1783325981.528348246] [XARM_manager]: Action result: eai_manipulator_msgs.action.JointSpace_Result(success=True, result_msg='action finished')
[INFO] [1783325981.543126625] [XARM_manager]: Activated controllers: ['jointspace_arm_R_controller']
[INFO] [1783325981.564195377] [XARM_manager]: Sending goal to action server /jointspace_arm_R_controller/jointspace (attempt 1/3):
eai_manipulator_msgs.action.JointSpace_Goal(target_positions=[0.0, -1.18, 0.0, -1.3, -1.4, -0.13, 0.18])
[INFO] [1783325982.349101881] [XARM_manager]: Goal accepted. Waiting for result...
[INFO] [1783325982.473457902] [XARM_manager]: Action result received from /jointspace_arm_R_controller/jointspace
[INFO] [1783325982.473901284] [XARM_manager]: Action result: eai_manipulator_msgs.action.JointSpace_Result(success=True, result_msg='action finished')
[GRASP-EXEC] STARTUP: activating both grippers (open/close cycle)
[robotiq_api] gripper already activated (gSTA==3); skip resetActivate()
[GRASP-EXEC] STARTUP: gripper 'left' activated
[robotiq_api] gripper already activated (gSTA==3); skip resetActivate()
[GRASP-EXEC] STARTUP: gripper 'right' activated
perception health check pass
[object_pose] RGB (720, 1280, 3), depth (720, 1280), valid-depth pixels: 906378/921600 (median valid depth 1.209 m)
[GRASP-EXEC] ARM-SELECT: object waist Y=-0.160m (y < boundary 0.000) -> 'right' arm
[GRASP-EXEC] diagonal schedule: angle-from-X=56.81460877440443deg -> tilt_scale=0.54, yaw_clamp=42.9deg (freed wrist_pitch, raised jaw alignment)
[GRASP-EXEC] applied grasp tilt +24.1deg about waist Y (tilt scale 1.00 x diag 0.54) -> quat=['0.3483', '0.4332', '-0.6235', '-0.5498']
[GRASP-EXEC] continuous orientation: object long-axis yaw -56.8deg (angle-from-X 56.8deg); applied continuous yaw -42.9deg about waist Z (gain=1.00, clamp +/-43deg) -> quat=['0.4825', '0.2759', '-0.3794', '-0.7396']
[GRASP-EXEC] recomputed TCP along final quat: detected_tcp_xyz=['0.2582', '-0.1350', '-0.0457'] -> consistent_tcp_xyz=['0.3163', '-0.0263', '0.0746']
[GRASP-EXEC] approach lateral clamp: approach Y +0.0343 -> -0.0263 (= grasp Y); tool_z outboard component would have pushed the standoff further from center than the grasp, which folds the elbow into its stop at far-outboard reaches.
[GRASP-EXEC] approach along grasp axis: dist=0.120m tool_z=[-0.774,0.504,0.382] approach_xyz=['0.2434', '-0.0263', '0.1255']
[GRASP-EXEC] applied lift tilt -15.0deg about waist Y -> lift quat=['0.5279', '0.3701', '-0.3132', '-0.6973']
[GRASP-EXEC] detected class=remote-control detected_pose7=['0.2582', '-0.1350', '-0.0457', '0.0056', '-0.7316', '-0.0705', '0.6781'] -> motion grasp_pose7=['0.3363', '-0.0263', '0.0796', '0.4825', '0.2759', '-0.3794', '-0.7396']
[INFO] [1783325986.016533260] [XARM_manager]: Deactivated controllers: ['jointspace_arm_L_controller', 'jointspace_arm_R_controller']
[GRASP-EXEC] arms enabled (mode 3) [took 0.03s]
[JOINT-LIMIT] right: using live controller limits from endpose_single_arm_qp_R_controller
[GRASP-EXEC] joint-limit guard ON (margin 0.050 rad) arm=right
[GRASP-EXEC] gripper: connecting in background (overlaps arm enable + approach to hide the slow serial open; --no-gripper-async-connect for the old blocking behaviour)
[GRASP-EXEC] ARM: approach via qp_stream
[GRASP-EXEC] ELBOW-HIGH (proactive): object long axis ~parallel to body (angle-from-X=56.81460877440443 >= 45.0deg); the elbow-high seed's fore-aft jaws match a parallel object's short axis; reconfiguring to elbow-high seed before approach.
[GRASP-EXEC] elbow-high seed ready/right: clamped 1 joint(s) inward (margin 0.05rad): shoulder_yaw +2.964->+2.910 [-2.960,2.960]
[GRASP-EXEC] ELBOW-HIGH: reconfiguring right arm into elbow-high seed (jointspace, via transition waypoint). NOTE: jointspace moves run at the controller's own speed; watch the first reconfiguration for table/body clearance.
[GRASP-EXEC] gripper: arm='right' -> stable by-id port /dev/serial/by-id/usb-FTDI_FT231X_USB_UART_D30JLK40-if00-port0
[GRASP-EXEC] ELBOW-HIGH: right -> transition joints=['-1.452', '-0.585', '1.455', '-1.870', '-0.746', '-0.142', '0.087']
[INFO] [1783325986.065087124] [XARM_manager]: Activated controllers: ['jointspace_arm_R_controller']
[INFO] [1783325986.066857212] [XARM_manager]: Sending goal to action server /jointspace_arm_R_controller/jointspace (attempt 1/3):
eai_manipulator_msgs.action.JointSpace_Goal(target_positions=[-1.4525, -0.5845, 1.455, -1.87, -0.7456999999999999, -0.14179999999999998, 0.08685])
[INFO] [1783325986.072690072] [XARM_manager]: Goal accepted. Waiting for result...
[robotiq_api] gripper already activated (gSTA==3); skip resetActivate()
[GRASP-EXEC] gripper: cached serial port /dev/serial/by-id/usb-FTDI_FT231X_USB_UART_D30JLK40-if00-port0 -> /tmp/robotiq_gripper_port.txt
[GRASP-EXEC] gripper controller ready: backend=modbus_rtu port=auto slave=9 (wait_timeout=8.0s) [connect took 0.04s]
[INFO] [1783325987.935846311] [XARM_manager]: Action result received from /jointspace_arm_R_controller/jointspace
[INFO] [1783325987.936319640] [XARM_manager]: Action result: eai_manipulator_msgs.action.JointSpace_Result(success=True, result_msg='action finished')
[GRASP-EXEC] ELBOW-HIGH: transition move result: eai_manipulator_msgs.action.JointSpace_Result(success=True, result_msg='action finished')
[GRASP-EXEC] ELBOW-HIGH: right -> ready joints=['-2.905', '0.011', '2.910', '-2.440', '-0.091', '-0.154', '-0.006']
[INFO] [1783325987.940173767] [XARM_manager]: Sending goal to action server /jointspace_arm_R_controller/jointspace (attempt 1/3):
eai_manipulator_msgs.action.JointSpace_Goal(target_positions=[-2.905, 0.011, 2.91, -2.44, -0.0914, -0.1536, -0.0063])
[INFO] [1783325987.944428615] [XARM_manager]: Goal accepted. Waiting for result...
[INFO] [1783325989.799869273] [XARM_manager]: Action result received from /jointspace_arm_R_controller/jointspace
[INFO] [1783325989.800410933] [XARM_manager]: Action result: eai_manipulator_msgs.action.JointSpace_Result(success=True, result_msg='action finished')
[GRASP-EXEC] ELBOW-HIGH: ready move result: eai_manipulator_msgs.action.JointSpace_Result(success=True, result_msg='action finished')
[JOINT-LIMIT] right closest-to-limit: shoulder_pitch=-2.7898 [-2.96,2.96] dist=0.1702rad
[GRASP-EXEC] continuous orientation: object long-axis yaw -56.8deg (angle-from-X 56.8deg); applied continuous yaw +23.2deg about waist Z (gain=1.00, clamp +/-90deg) [top-down jaw-align: base jaw heading -170.0deg -> short-axis +33.2deg] -> quat=['-0.1574', '-0.3164', '0.8752', '-0.3304']
[GRASP-EXEC] recomputed TCP along final quat: detected_tcp_xyz=['0.2582', '-0.1350', '-0.0457'] -> consistent_tcp_xyz=['0.5046', '-0.3354', '0.1725']
[GRASP-EXEC] approach lateral clamp: approach Y -0.4144 -> -0.3354 (= grasp Y); tool_z outboard component would have pushed the standoff further from center than the grasp, which folds the elbow into its stop at far-outboard reaches.
[GRASP-EXEC] approach along grasp axis: dist=0.120m tool_z=[-0.066,-0.658,0.750] approach_xyz=['0.5167', '-0.3354', '0.2676']
[GRASP-EXEC] applied lift tilt -15.0deg about waist Y -> lift quat=['-0.2703', '-0.2706', '0.8471', '-0.3689']
[GRASP-EXEC] ELBOW-HIGH: using SEED grasp orientation (proactive); rebuilt grasp/approach/lift poses. The seed-anchored mode keeps the orientation the arm is already in, so the approach only translates and the wrist stays in range.
[GRASP-EXEC] ELBOW-HIGH QP joint window set on endpose_single_arm_qp_R_controller (flex 0.40rad, drop 0.15rad): shoulder_pitch[-2.96,-2.64], shoulder_roll[-0.55,0.00], shoulder_yaw[2.41,2.96], elbow_pitch[-2.61,-2.14], elbow_yaw[-0.55,-0.00]. Asymmetric: tight on the drop side so the elbow is actually held high; loose on the flex side so the arm can still reach.
[GRASP-EXEC] ELBOW-HIGH: wrist guard margin relaxed to 0.010rad (from 0.050) so the nose-down grasp can reach wrist_pitch~-0.71 (still inside the -0.785 stop). Other joints keep the full margin.
[INFO] [1783325989.822903078] [XARM_manager]: Deactivated controllers: ['jointspace_arm_R_controller']
[INFO] [1783325989.832939974] [XARM_manager]: Activated controllers: ['endpose_single_arm_qp_R_controller']
[GRASP-EXEC] QP-Stream right -> approach (pure-pursuit): pos=39.2cm rot=27.5deg, lookahead=13cm @ 50Hz, pos_tol=2.0cm accept=2.5cm keep_ori=False
[GRASP-EXEC] approach TCP tracking: commanded=[0.5167,-0.3354,0.2676] achieved=[0.5023,-0.3238,0.2614] err=[-14.3,+11.6,-6.1]mm |err|=19.4mm approach-axis tilt: achieved=+47.6deg commanded=+48.6deg (0=level) ori-err=2.0deg
[JOINT-LIMIT] right closest-to-limit: wrist_roll=-1.1864 [-1.3,1.65] dist=0.1136rad
[JOINT-LIMIT] right approach per-joint: shoulder_pitch=-1.659[-2.96,+2.96](1.300) shoulder_roll=-0.625[-2.62,+0.26](0.887) shoulder_yaw=+2.159[-2.96,+2.96](0.801) elbow_pitch=-0.806[-2.61,+0.26](1.067) elbow_yaw=+1.602[-2.96,+2.96](1.358) wrist_pitch=-0.594[-0.79,+1.05](0.191) wrist_roll=-1.186[-1.30,+1.65](0.114)
[GRASP-EXEC] GRIPPER: open (after approach, before grasp insert)
[GRASP-EXEC] gripper open: start=90% -> target=0%
[GRASP-EXEC] gripper open result: pos=1% status=3 ok=True
[GRASP-EXEC] ARM: HYBRID pre-descent (position QP-stream) -> 5.8cm, leaving final 3.0cm for F/T compliant descend-to-contact
[GRASP-EXEC] QP-Stream right -> pre-grasp (pure-pursuit): pos=5.8cm rot=0.0deg, lookahead=8cm @ 50Hz, pos_tol=1.0cm accept=2.5cm keep_ori=True
[GRASP-EXEC] ARM: COMPLIANT insert to grasp pose (F/T admittance descend-to-contact)
[INFO] [1783325995.177952231] [XARM_manager]: [COMPLIANT-RIGHT] Loaded F/T calibration from /home/ubuntu/niu/compliant_grasp_execute/ft_calibration/ft_calibration_right.json
[INFO] [1783325995.199707649] [XARM_manager]: [COMPLIANT-RIGHT] target set: p=[0.5080577670377899, -0.33103778655897353, 0.20902937083646317] q=[-0.1481910509300857, -0.3281556662135832, 0.8704626141356424, -0.33563091119308386]
[INFO] [1783325995.200455389] [XARM_manager]: [COMPLIANT-RIGHT] seeded QP target at captured pose (z=+0.2090).
[INFO] [1783325995.201106491] [XARM_manager]: [COMPLIANT-RIGHT] admittance loop starting (calibrating force offset; keep hands off the arm briefly)...
[INFO] [1783325995.528317429] [XARM_manager]: [COMPLIANT-RIGHT] runtime offset calibrated. p_ref=[0.5080577670377899, -0.33103778655897353, 0.20902937083646317], ready.
[COMPLIANT-INSERT] runtime force-offset calibrated in 0.34s
[INFO] [1783325995.545944923] [XARM_manager]: [COMPLIANT-RIGHT] gains updated: B=[3.9597979746446663, 5.6, 3.9597979746446663] K=[20.0, 40.0, 20.0] B_rot=[0.5, 0.5, 0.5] K_rot=[0.0, 0.0, 0.0]
[COMPLIANT-INSERT] insertion dir=[+0.46,-0.12,-0.88] planned_depth=3.6cm soft_axes=xz K=[20.0, 40.0, 20.0] B=[3.96, 5.6, 3.96] contact_thresh=1.5N
[INFO] [1783325996.361381143] [XARM_manager]: [COMPLIANT-RIGHT] n=200 hz=240.7 F=[+0.00,+0.00,+0.00]N disp=[-2.7,+0.8,+2.3]cm v=[+0.14,-0.06,-0.12]
[COMPLIANT-INSERT] insert s=5.6cm tcp_drop=2.6cm lag=+3.0cm resist=+0.38N (throttle x0)
[INFO] [1783325996.707160846] [XARM_manager]: [COMPLIANT-RIGHT] gains updated: B=[10.844353369380768, 10.844353369380768, 10.844353369380768] K=[150.0, 150.0, 150.0] B_rot=[0.5, 0.5, 0.5] K_rot=[0.0, 0.0, 0.0]
[INFO] [1783325996.707744149] [XARM_manager]: [COMPLIANT-RIGHT] target set: p=[0.50692928318554, -0.32967231256795965, 0.17685694667234117] q=[-0.1481910509300857, -0.3281556662135832, 0.8704626141356424, -0.33563091119308386]
[COMPLIANT-INSERT] CONTACT (force) at tcp_drop 2.8cm (resist 1.7N, thresh 1.5N); holding compliant for gripper close
[GRASP-EXEC] grasp TCP tracking: commanded=[0.5246,-0.3354,0.1775] achieved=[0.5074,-0.3290,0.1770] err=[-17.2,+6.4,-0.6]mm |err|=18.4mm approach-axis tilt: achieved=+46.5deg commanded=+48.6deg (0=level) ori-err=3.0deg
[JOINT-LIMIT] right closest-to-limit: wrist_roll=-1.2584 [-1.3,1.65] dist=0.0416rad
[JOINT-LIMIT] right grasp per-joint: shoulder_pitch=-1.410[-2.96,+2.96](1.550) shoulder_roll=-0.499[-2.62,+0.26](0.761) shoulder_yaw=+2.102[-2.96,+2.96](0.858) elbow_pitch=-0.512[-2.61,+0.26](0.773) elbow_yaw=+1.644[-2.96,+2.96](1.316) wrist_pitch=-0.451[-0.79,+1.05](0.334) wrist_roll=-1.258[-1.30,+1.65](0.042)
[GRASP-EXEC] GRIPPER: close at grasp pose (after arm motion, not at approach)
[GRASP-EXEC] gripper close: start=1% -> target=100%
[INFO] [1783325997.193910627] [XARM_manager]: [COMPLIANT-RIGHT] n=400 hz=241.2 F=[-1.02,-0.20,+0.98]N disp=[+0.3,-0.2,+1.1]cm v=[-0.18,+0.01,-0.00]
[GRASP-EXEC] gripper close result: pos=90% status=3 ok=True
[INFO] [1783325997.940872692] [XARM_manager]: [COMPLIANT-RIGHT] admittance loop stopped.
[GRASP-EXEC] ARM: rotate wrist away from table -20deg about waist Y before lift
[GRASP-EXEC] QP-Stream right -> table-clear (pure-pursuit): pos=0.0cm rot=20.0deg, lookahead=13cm @ 50Hz, pos_tol=2.0cm accept=2.5cm keep_ori=False
[GRASP-EXEC] ARM: lift after grasp
[GRASP-EXEC] QP-Stream right -> lift (pure-pursuit): pos=11.8cm rot=0.0deg, lookahead=13cm @ 50Hz, pos_tol=2.0cm accept=2.5cm keep_ori=True
[JOINT-LIMIT] right closest-to-limit: wrist_roll=-1.2382 [-1.3,1.65] dist=0.0618rad
[JOINT-LIMIT] right lift per-joint: shoulder_pitch=-1.668[-2.96,+2.96](1.292) shoulder_roll=-0.578[-2.62,+0.26](0.840) shoulder_yaw=+2.156[-2.96,+2.96](0.804) elbow_pitch=-0.685[-2.61,+0.26](0.946) elbow_yaw=+1.592[-2.96,+2.96](1.368) wrist_pitch=-0.567[-0.79,+1.05](0.218) wrist_roll=-1.238[-1.30,+1.65](0.062)
[GRASP-EXEC] ELBOW-HIGH QP joint limits restored on endpose_single_arm_qp_R_controller (back to hard limits).
[GRASP-EXEC] ELBOW-HIGH: wrist guard margin restored to full.
[INFO] [1783325998.659952021] [XARM_manager]: Deactivated controllers: ['endpose_single_arm_qp_R_controller']
[GRASP-EXEC] elbow-high seed ready/right: clamped 1 joint(s) inward (margin 0.05rad): shoulder_yaw +2.964->+2.910 [-2.960,2.960]
[GRASP-EXEC] ELBOW-HIGH: returning via transition waypoint before home (bridges elbow-high -> elbow-low without a large sweep).
[GRASP-EXEC] ELBOW-HIGH: right -> transition(return) joints=['-1.452', '-0.585', '1.455', '-1.870', '-0.746', '-0.142', '0.087']
[INFO] [1783325998.677814368] [XARM_manager]: Activated controllers: ['jointspace_arm_R_controller']
[INFO] [1783325998.678628649] [XARM_manager]: Sending goal to action server /jointspace_arm_R_controller/jointspace (attempt 1/3):
eai_manipulator_msgs.action.JointSpace_Goal(target_positions=[-1.4525, -0.5845, 1.455, -1.87, -0.7456999999999999, -0.14179999999999998, 0.08685])
[INFO] [1783325998.681797789] [XARM_manager]: Goal accepted. Waiting for result...
[INFO] [1783326001.193654010] [XARM_manager]: Action result received from /jointspace_arm_R_controller/jointspace
[INFO] [1783326001.193917447] [XARM_manager]: Action result: eai_manipulator_msgs.action.JointSpace_Result(success=True, result_msg='action finished')
[GRASP-EXEC] ELBOW-HIGH: transition(return) move result: eai_manipulator_msgs.action.JointSpace_Result(success=True, result_msg='action finished')
[GRASP-EXEC] PRE-HOME WAYPOINT: right -> joints=['0.000', '-1.180', '0.000', '-1.300', '-1.400', '-0.130', '0.180']
[INFO] [1783326001.198266127] [XARM_manager]: Sending goal to action server /jointspace_arm_R_controller/jointspace (attempt 1/3):
eai_manipulator_msgs.action.JointSpace_Goal(target_positions=[0.0, -1.18, 0.0, -1.3, -1.4, -0.13, 0.18])
[INFO] [1783326001.201965729] [XARM_manager]: Goal accepted. Waiting for result...
[INFO] [1783326003.058015989] [XARM_manager]: Action result received from /jointspace_arm_R_controller/jointspace
[INFO] [1783326003.058350737] [XARM_manager]: Action result: eai_manipulator_msgs.action.JointSpace_Result(success=True, result_msg='action finished')
[GRASP-EXEC] pre-home waypoint result: eai_manipulator_msgs.action.JointSpace_Result(success=True, result_msg='action finished')
[GRASP-EXEC] RETURN HOME: right -> joints=['0.000', '-1.180', '0.000', '-1.300', '-1.400', '-0.130', '0.180']
[INFO] [1783326003.061692860] [XARM_manager]: Sending goal to action server /jointspace_arm_R_controller/jointspace (attempt 1/3):
eai_manipulator_msgs.action.JointSpace_Goal(target_positions=[0.0, -1.18, 0.0, -1.3, -1.4, -0.13, 0.18])
[INFO] [1783326003.064221801] [XARM_manager]: Goal accepted. Waiting for result...
[INFO] [1783326003.068132878] [XARM_manager]: Action result received from /jointspace_arm_R_controller/jointspace
[INFO] [1783326003.068611104] [XARM_manager]: Action result: eai_manipulator_msgs.action.JointSpace_Result(success=True, result_msg='action finished')
[GRASP-EXEC] return home result: eai_manipulator_msgs.action.JointSpace_Result(success=True, result_msg='action finished')
{
  "arm": "right",
  "pipeline_version": "accelerated",
  "motion_strategy": "qp_all",
  "dry_run": false,
  "motion": {
    "detected_pose7": [
      0.25817464437818693,
      -0.13501930358094447,
      -0.04573976367280798,
      0.00560802611158041,
      -0.7315549977771902,
      -0.07052221838221308,
      0.6781020955466799
    ],
    "approach_pose7": [
      0.5166723392921065,
      -0.33542966344299335,
      0.26757438167462944,
      -0.15739270743309142,
      -0.3164123035936714,
      0.8751671200155015,
      -0.3304440978822296
    ],
    "grasp_pose7": [
      0.5246375419135014,
      -0.33542966344299335,
      0.17754779212708682,
      -0.15739270743309142,
      -0.3164123035936714,
      0.8751671200155015,
      -0.3304440978822296
    ],
    "lift_pose7": [
      0.5246375419135014,
      -0.33542966344299335,
      0.2975477921270868,
      -0.27027842273406233,
      -0.27057374263523815,
      0.8471360731982398,
      -0.3689171959762979
    ],
    "pre_home_pose7": [
      0.34463754191350143,
      -0.4354296634429934,
      0.3475477921270868,
      -0.27027842273406233,
      -0.27057374263523815,
      0.8471360731982398,
      -0.3689171959762979
    ],
    "grasp_xyz_offset_m": [
      0.02,
      0.0,
      0.005
    ],
    "grasp_quat": [
      -0.15739270743309142,
      -0.3164123035936714,
      0.8751671200155015,
      -0.3304440978822296
    ],
    "use_fixed_grasp_quat": true,
    "phase_backends": {
      "approach": "qp_stream",
      "grasp": "qp_stream",
      "lift": "qp_stream"
    },
    "joint_limits_used": {
      "shoulder_pitch": [
        -2.96,
        2.96
      ],
      "shoulder_roll": [
        -2.616,
        0.262
      ],
      "shoulder_yaw": [
        -2.96,
        2.96
      ],
      "elbow_pitch": [
        -2.61,
        0.261
      ],
      "elbow_yaw": [
        -2.96,
        2.96
      ],
      "wrist_pitch": [
        -0.785,
        1.05
      ],
      "wrist_roll": [
        -1.3,
        1.65
      ]
    },
    "elbow_high_proactive_used": true,
    "elbow_high_orientation": "seed",
    "approach_tcp_tracking": {
      "commanded_xyz": [
        0.5166723392921065,
        -0.33542966344299335,
        0.26757438167462944
      ],
      "achieved_xyz": [
        0.5023229286840287,
        -0.32383390932663136,
        0.26144154443067313
      ],
      "error_mm": [
        -14.349410608077818,
        11.59575411636199,
        -6.132837243956302
      ],
      "error_norm_mm": 19.441676650618376,
      "achieved_quat": [
        -0.14943635505049938,
        -0.32955147574453897,
        0.869751579908795,
        -0.33555445142327117
      ],
      "approach_axis_tilt_deg": 47.57229512361534,
      "commanded_approach_axis_tilt_deg": 48.6095754412926,
      "orientation_error_deg": 1.9561025886297263
    },
    "approach_joint_limits": {
      "closest": {
        "joint": "wrist_roll",
        "value": -1.1864,
        "lower": -1.3,
        "upper": 1.65,
        "dist_to_limit": 0.1136,
        "nearest_side": "lower"
      },
      "breached": [],
      "margin_rad": 0.05
    },
    "compliant_insert": {
      "ok": true,
      "contact": true,
      "reason": "contact",
      "resist_n": 1.6533159214169004,
      "traveled_m": 0.02756246789846078,
      "planned_depth_m": 0.03585062503678729,
      "ft_topic": "/arm_6dof_right",
      "calib_path": "/home/ubuntu/niu/compliant_grasp_execute/ft_calibration/ft_calibration_right.json",
      "calib_present": true,
      "commanded_m": 0.055850625036787296,
      "throttle_events": 0,
      "contact_kind": "force"
    },
    "grasp_tcp_tracking": {
      "commanded_xyz": [
        0.5246375419135014,
        -0.33542966344299335,
        0.17754779212708682
      ],
      "achieved_xyz": [
        0.5074433199797835,
        -0.3290017795841389,
        0.17698049491251477
      ],
      "error_mm": [
        -17.19422193371789,
        6.427883858854456,
        -0.567297214572049
      ],
      "error_norm_mm": 18.365205823473044,
      "achieved_quat": [
        -0.15304042049412148,
        -0.33782289416993516,
        0.8640751184089106,
        -0.34033588058895364
      ],
      "approach_axis_tilt_deg": 46.46124860004058,
      "commanded_approach_axis_tilt_deg": 48.6095754412926,
      "orientation_error_deg": 3.028072540805788
    },
    "grasp_joint_limits": {
      "closest": {
        "joint": "wrist_roll",
        "value": -1.2584,
        "lower": -1.3,
        "upper": 1.65,
        "dist_to_limit": 0.0416,
        "nearest_side": "lower"
      },
      "breached": [],
      "margin_rad": 0.05
    },
    "lift_joint_limits": {
      "closest": {
        "joint": "wrist_roll",
        "value": -1.2382,
        "lower": -1.3,
        "upper": 1.65,
        "dist_to_limit": 0.0618,
        "nearest_side": "lower"
      },
      "breached": [],
      "margin_rad": 0.05
    },
    "retract_ok": null,
    "return_home_ok": true,
    "released_on_finish_ok": null,
    "approach_ok": true,
    "grasp_ok": true,
    "lift_ok": true
  },
  "detection": {
    "class_name": "remote-control",
    "pose_head_roll_link": [
      0.791919928160586,
      -0.15496595036732605,
      -0.14788855250015284,
      0.42554617654280225,
      0.8228879040588486,
      0.20268152864779682,
      0.31731080493489305
    ],
    "pose_tip_waist_yaw_link_rpy": {
      "x": 0.5222937410575935,
      "y": -0.16044255525351217,
      "z": -0.027011148036632737,
      "roll": 3.04425133767883,
      "pitch": -0.014907523011470802,
      "yaw": 2.1499906672439755
    },
    "pose_tip_used_for_tcp_conversion_rpy": {
      "x": 0.5222937410575935,
      "y": -0.16044255525351217,
      "z": -0.027011148036632737,
      "roll": 2.136929516203144,
      "pitch": -1.4391488057024298,
      "yaw": -2.2289637646297407
    },
    "pose_tcp_waist_yaw_link_rpy": {
      "x": 0.25817464437818693,
      "y": -0.13501930358094447,
      "z": -0.04573976367280798,
      "roll": 2.136929516203144,
      "pitch": -1.4391488057024298,
      "yaw": -2.2289637646297407
    },
    "pose_tcp_waist_yaw_link_pose7": [
      0.25817464437818693,
      -0.13501930358094447,
      -0.04573976367280798,
      0.00560802611158041,
      -0.7315549977771902,
      -0.07052221838221308,
      0.6781020955466799
    ],
    "current_tcp_pose7": [
      0.35168529385932235,
      -0.5953180308330082,
      0.27503996248260687,
      0.00560802611158041,
      -0.7315549977771902,
      -0.07052221838221308,
      0.6781020955466799
    ],
    "tcp_minus_tip_waist_m": [
      -0.2641190966794066,
      0.025423251672567704,
      -0.01872861563617524
    ],
    "tcp_to_tip_offset_m": [
      0.0,
      0.0,
      -0.266
    ],
    "orientation_policy": "current",
    "use_current_tcp_rotation": true,
    "rotation_source_arm": "right",
    "bbox_2d": [
      714.8177490234375,
      329.5198974609375,
      886.9443359375,
      446.6832580566406
    ],
    "bbox_3d": {
      "min": [
        0.7469921374173794,
        -0.24078635032119375,
        -0.19564441430328403
      ],
      "max": [
        0.8454926688440922,
        -0.07469657886719669,
        -0.10523863331923655
      ],
      "center": [
        0.7962424031307358,
        -0.15774146459419522,
        -0.1504415238112603
      ],
      "size": [
        0.09850053142671289,
        0.16608977145399706,
        0.09040578098404747
      ]
    },
    "object_long_axis_waist": [
      -0.5472890360704034,
      0.8368109064878342,
      0.014906970857259508
    ],
    "object_long_axis_yaw_waist_deg": -56.814608774404405,
    "object_angle_from_waist_x_deg": 56.81460877440443
  },
  "gripper": {
    "open_ok": true,
    "close_ok": true,
    "final_pos_pct": 90.0,
    "backend": "modbus_rtu"
  },
  "ok": true
}
[GRASP-EXEC] saved result json: /tmp/grasp_exec.json
[GRASP-EXEC] saved handoff: /tmp/grasp_handoff.json (arm=right holding=True)


遥控器右上到左下斜放，没抓到。