[日志] 日志文件: logs/grasp/grasp_260708_130056.log
[日志] 执行命令: python3 -m grasp_pose_place_execute.main
[CONFIG] loaded 91 params from /home/ubuntu/niu/grasp_pose_place_execute/config.yaml
[PLACE-EXEC] ARM: handoff /tmp/grasp_handoff.json -> arm='left' holding=True object=['remote-control']
[INFO] [1783486857.256517195] [XARM_manager]: waiting for service /controller_manager/get_parameters to become available...
[INFO] [1783486860.020608150] [XARM_manager]: XARM_manager initialized, robot_type: tianyi2, run_type: real
[INFO] [1783486860.029255730] [XARM_manager]: 已订阅关节状态话题: /joint_states
[INFO] [1783486860.036611039] [XARM_manager]: 已订阅警告和错误信息话题: /manipulator/warn_and_error_info
[INFO] [1783486860.049799369] [XARM_manager]: /joint_action_report 服务已启动
[PLACE-EXEC] applied place tilt +45.0deg about waist Y -> quat=['-0.2294', '0.3262', '0.6764', '-0.6193']
[PLACE-EXEC] place TCP target (waist) from handoff grasp_pose7 (original detected grasp position): x=0.3501 y=0.2362 z=0.2035 (+5cm release clearance)
[PLACE-EXEC] approach along place axis: dist=0.120m extra_z=0.120m tool_z=[-0.714,0.157,0.682] approach_xyz=['0.2644', '0.2551', '0.4053']
[INFO] [1783486866.260353689] [XARM_manager]: Deactivated controllers: ['jointspace_arm_L_controller']
[PLACE-EXEC] arms enabled (mode 3); placing with 'left' arm
[PLACE-EXEC] gripper: connecting in background (overlaps approach)
[GRASP-EXEC] gripper: arm='left' -> stable by-id port /dev/serial/by-id/usb-FTDI_FT231X_USB_UART_DU0E2IPR-if00-port0
[INFO] [1783486866.546576217] [XARM_manager]: Deactivated controllers: []
[PLACE-EXEC] START HOME: left -> joints=['0.844', '0.026', '-0.006', '-2.216', '-1.529', '0.200', '0.683']
[INFO] [1783486866.562643848] [XARM_manager]: Activated controllers: ['jointspace_arm_L_controller']
[INFO] [1783486866.577183047] [XARM_manager]: Sending goal to action server /jointspace_arm_L_controller/jointspace (attempt 1/3):
eai_manipulator_msgs.action.JointSpace_Goal(target_positions=[0.844, 0.026, -0.006, -2.216, -1.529, 0.2, 0.683])
[INFO] [1783486866.578870848] [XARM_manager]: Goal accepted. Waiting for result...
[robotiq_api] gripper already activated (gSTA==3); skip resetActivate()
[GRASP-EXEC] gripper: cached serial port /dev/serial/by-id/usb-FTDI_FT231X_USB_UART_DU0E2IPR-if00-port0 -> /tmp/robotiq_gripper_port.txt
[GRASP-EXEC] gripper controller ready: backend=modbus_rtu port=auto slave=9 (wait_timeout=8.0s) [connect took 0.05s]
[INFO] [1783486867.139684863] [XARM_manager]: Action result received from /jointspace_arm_L_controller/jointspace
[INFO] [1783486867.139966369] [XARM_manager]: Action result: eai_manipulator_msgs.action.JointSpace_Result(success=True, result_msg='action finished')
[PLACE-EXEC] START HOME result: eai_manipulator_msgs.action.JointSpace_Result(success=True, result_msg='action finished')
[INFO] [1783486867.152614381] [XARM_manager]: Deactivated controllers: ['jointspace_arm_L_controller']
[WARN] [1783486867.786353339] [XARM_manager]: TF查找超时: waist_yaw_link <- left_tcp_link, 超时0.5s
[PLACE-EXEC] TF warmup ok: read TCP after 2 attempt(s)
[PLACE-EXEC] ARM: approach to middle waypoint
[INFO] [1783486867.806150040] [XARM_manager]: Activated controllers: ['endpose_single_arm_qp_L_controller']
[GRASP-EXEC] QP-Stream left -> approach (pure-pursuit): pos=30.3cm rot=74.6deg, lookahead=13cm @ 50Hz, pos_tol=2.0cm accept=2.5cm keep_ori=False
[GRASP-EXEC] approach TCP tracking: commanded=[0.2644,0.2551,0.4053] achieved=[0.2651,0.2533,0.4242] err=[+0.7,-1.8,+18.9]mm |err|=19.0mm approach-axis tilt: achieved=+38.2deg commanded=+43.0deg (0=level) ori-err=4.8deg
[PLACE-EXEC] ARM: HYBRID pre-descent (QP, fast transit) -> 17.7cm, leaving final 6.0cm for F/T compliant set-down
[GRASP-EXEC] QP-Stream left -> approach (pure-pursuit): pos=17.7cm rot=0.0deg, lookahead=13cm @ 50Hz, pos_tol=2.0cm accept=2.5cm keep_ori=True
[PLACE-EXEC] ARM: COMPLIANT set-down (F/T admittance descend-to-contact)
[INFO] [1783486873.186194553] [XARM_manager]: [COMPLIANT-LEFT] Loaded F/T calibration from /home/ubuntu/niu/compliant_grasp_execute/ft_calibration/ft_calibration_left.json
[INFO] [1783486873.206937165] [XARM_manager]: [COMPLIANT-LEFT] target set: p=[0.31482402901117845, 0.25218349261705386, 0.259297772499507] q=[0.24581476343123798, -0.3456469518682702, -0.6682656111039372, 0.6111663928581964]
[INFO] [1783486873.207397986] [XARM_manager]: [COMPLIANT-LEFT] seeded QP target at captured pose (z=+0.2593).
[INFO] [1783486873.208875156] [XARM_manager]: [COMPLIANT-LEFT] admittance loop starting (calibrating force offset; keep hands off the arm briefly)...
[INFO] [1783486873.537905173] [XARM_manager]: [COMPLIANT-LEFT] runtime offset calibrated. p_ref=[0.31482402901117845, 0.25218349261705386, 0.259297772499507], ready.
[COMPLIANT-INSERT] runtime force-offset calibrated in 0.35s
[INFO] [1783486873.554919654] [XARM_manager]: [COMPLIANT-LEFT] gains updated: B=[3.9597979746446663, 5.6, 3.9597979746446663] K=[20.0, 40.0, 20.0] B_rot=[0.5, 0.5, 0.5] K_rot=[0.0, 0.0, 0.0]
[COMPLIANT-INSERT] insertion dir=[+0.46,-0.17,-0.87] planned_depth=11.7cm soft_axes=xz K=[20.0, 40.0, 20.0] B=[3.96, 5.6, 3.96] contact_thresh=1.5N
[INFO] [1783486874.283656511] [XARM_manager]: [COMPLIANT-LEFT] gains updated: B=[10.844353369380768, 10.844353369380768, 10.844353369380768] K=[150.0, 150.0, 150.0] B_rot=[0.5, 0.5, 0.5] K_rot=[0.0, 0.0, 0.0]
[INFO] [1783486874.284668095] [XARM_manager]: [COMPLIANT-LEFT] target set: p=[0.3070238403627732, 0.2509236867565809, 0.21362544726980284] q=[0.24581476343123798, -0.3456469518682702, -0.6682656111039372, 0.6111663928581964]
[COMPLIANT-INSERT] CONTACT (force) at tcp_drop 3.7cm (resist 2.0N, thresh 1.5N); holding compliant for gripper close
[INFO] [1783486874.368554713] [XARM_manager]: [COMPLIANT-LEFT] n=200 hz=242.9 F=[+0.00,+0.00,+0.53]N disp=[-0.1,-0.1,-0.6]cm v=[+0.01,+0.01,+0.10]
[GRASP-EXEC] place TCP tracking: commanded=[0.3501,0.2362,0.2035] achieved=[0.3050,0.2506,0.2046] err=[-45.1,+14.4,+1.1]mm |err|=47.3mm approach-axis tilt: achieved=+44.5deg commanded=+43.0deg (0=level) ori-err=1.9deg
[PLACE-EXEC] GRIPPER: release (open) at place pose
[GRASP-EXEC] gripper release: start=90% -> target=0%
[INFO] [1783486875.207283776] [XARM_manager]: [COMPLIANT-LEFT] n=400 hz=239.8 F=[+0.00,+0.00,+0.45]N disp=[-0.7,+0.2,-0.8]cm v=[+0.09,-0.03,+0.18]
[GRASP-EXEC] gripper release result: pos=1% status=3 ok=True
[INFO] [1783486875.326617926] [XARM_manager]: [COMPLIANT-LEFT] admittance loop stopped.
[PLACE-EXEC] ARM: retract to pre-insert standoff (keep orientation)
[GRASP-EXEC] QP-Stream left -> retract (pure-pursuit): pos=20.7cm rot=0.0deg, lookahead=13cm @ 50Hz, pos_tol=2.0cm accept=2.5cm keep_ori=True
[GRASP-EXEC] QP-Stream retract: settled 2.4cm from target (QP steady-state; exiting without deadline hover)
[GRASP-EXEC] retract TCP tracking: commanded=[0.2644,0.2551,0.4053] achieved=[0.2659,0.2524,0.4290] err=[+1.5,-2.7,+23.7]mm |err|=23.9mm approach-axis tilt: achieved=+41.0deg commanded=+43.0deg (0=level) ori-err=2.6deg
[INFO] [1783486877.602722547] [XARM_manager]: Deactivated controllers: ['endpose_single_arm_qp_L_controller']
[PLACE-EXEC] RETURN HOME: left -> joints=['0.844', '0.026', '-0.006', '-2.216', '-1.529', '0.200', '0.683']
[INFO] [1783486877.621071048] [XARM_manager]: Activated controllers: ['jointspace_arm_L_controller']
[INFO] [1783486877.621803048] [XARM_manager]: Sending goal to action server /jointspace_arm_L_controller/jointspace (attempt 1/3):
eai_manipulator_msgs.action.JointSpace_Goal(target_positions=[0.844, 0.026, -0.006, -2.216, -1.529, 0.2, 0.683])
[INFO] [1783486877.623301715] [XARM_manager]: Goal accepted. Waiting for result...
[INFO] [1783486880.761679732] [XARM_manager]: Action result received from /jointspace_arm_L_controller/jointspace
[INFO] [1783486880.762210099] [XARM_manager]: Action result: eai_manipulator_msgs.action.JointSpace_Result(success=True, result_msg='action finished')
[PLACE-EXEC] RETURN HOME result: eai_manipulator_msgs.action.JointSpace_Result(success=True, result_msg='action finished')
{
  "arm": "left",
  "motion_strategy": "qp_all",
  "dry_run": false,
  "motion": {
    "place_pose7": [
      0.3501204466902909,
      0.23623839565372023,
      0.20350844976726806,
      -0.22941393277711944,
      0.3262292453010775,
      0.6763556988345837,
      -0.6192630261948527
    ],
    "approach_pose7": [
      0.26439553536926685,
      0.25509746195525645,
      0.405334944237194,
      -0.22941393277711944,
      0.3262292453010775,
      0.6763556988345837,
      -0.6192630261948527
    ],
    "approach_tcp_tracking": {
      "commanded_xyz": [
        0.26439553536926685,
        0.25509746195525645,
        0.405334944237194
      ],
      "achieved_xyz": [
        0.2650553995496926,
        0.25328873662601403,
        0.42423869729309455
      ],
      "error_mm": [
        0.6598641804257399,
        -1.8087253292424221,
        18.90375305590053
      ],
      "error_norm_mm": 19.001546980488737,
      "achieved_quat": [
        0.24738937930113097,
        -0.3601596995218616,
        -0.6651637936195764,
        0.6055085577487216
      ],
      "approach_axis_tilt_deg": 38.18240024939087,
      "commanded_approach_axis_tilt_deg": 42.99131199460442,
      "orientation_error_deg": 4.846970013762898
    },
    "compliant_place": {
      "ok": true,
      "contact": true,
      "reason": "contact",
      "resist_n": 1.9889429575320536,
      "traveled_m": 0.03660979515880791,
      "planned_depth_m": 0.11698464571538504,
      "ft_topic": "/arm_6dof_left",
      "calib_path": "/home/ubuntu/niu/compliant_grasp_execute/ft_calibration/ft_calibration_left.json",
      "calib_present": true,
      "commanded_m": 0.06810979515880791,
      "throttle_events": 0,
      "contact_kind": "force"
    },
    "place_tcp_tracking": {
      "commanded_xyz": [
        0.3501204466902909,
        0.23623839565372023,
        0.20350844976726806
      ],
      "achieved_xyz": [
        0.3050425015706473,
        0.25064958557032496,
        0.20457194610811047
      ],
      "error_mm": [
        -45.07794511964364,
        14.411189916604727,
        1.063496340842407
      ],
      "error_norm_mm": 47.33745404528045,
      "achieved_quat": [
        0.22812668868251668,
        -0.3119556885589781,
        -0.6851466671248875,
        0.6174268432892291
      ],
      "approach_axis_tilt_deg": 44.530088353471875,
      "commanded_approach_axis_tilt_deg": 42.99131199460442,
      "orientation_error_deg": 1.9380916459566426
    },
    "retract_tcp_tracking": {
      "commanded_xyz": [
        0.26439553536926685,
        0.25509746195525645,
        0.405334944237194
      ],
      "achieved_xyz": [
        0.2659048563659229,
        0.2524218739105547,
        0.42900922451718043
      ],
      "error_mm": [
        1.5093209966560717,
        -2.675588044701749,
        23.674280279986416
      ],
      "error_norm_mm": 23.87275367508431,
      "achieved_quat": [
        0.2368326709364492,
        -0.3405991093152696,
        -0.6807070256241684,
        0.6037718757748249
      ],
      "approach_axis_tilt_deg": 40.980722500811765,
      "commanded_approach_axis_tilt_deg": 42.99131199460442,
      "orientation_error_deg": 2.6142527266586577
    },
    "approach_ok": true,
    "place_ok": true,
    "released_ok": true,
    "lift_ok": null,
    "retract_ok": true,
    "return_home_ok": true
  },
  "ok": true
}
[PLACE-EXEC] saved result json: /tmp/place_exec.json
[PLACE-EXEC] updated handoff: /tmp/grasp_handoff.json (holding=false, placed=true)
