[日志] 日志文件: logs/grasp/grasp_260708_131350.log
[日志] 执行命令: python3 -m compliant_grasp_execute.main
[INFO] [1783487631.075754325] [XARM_manager]: waiting for service /controller_manager/get_parameters to become available...
[INFO] [1783487631.331419386] [XARM_manager]: XARM_manager initialized, robot_type: tianyi2, run_type: real
[INFO] [1783487631.336925847] [XARM_manager]: 已订阅关节状态话题: /joint_states
[INFO] [1783487631.341589826] [XARM_manager]: 已订阅警告和错误信息话题: /manipulator/warn_and_error_info
[INFO] [1783487631.350653696] [XARM_manager]: /joint_action_report 服务已启动
[CONFIG] loaded 201 params from /home/ubuntu/niu/compliant_grasp_execute/config.yaml
[GRASP-EXEC] STARTUP: enabling arms and moving BOTH to home posture
[INFO] [1783487636.065983340] [XARM_manager]: Deactivated controllers: ['jointspace_arm_L_controller']
[GRASP-EXEC] STARTUP: left -> home joints=['0.844', '0.026', '-0.006', '-2.216', '-1.529', '0.250', '0.683']
[INFO] [1783487637.065317440] [XARM_manager]: Activated controllers: ['jointspace_arm_L_controller']
[INFO] [1783487637.079835702] [XARM_manager]: Sending goal to action server /jointspace_arm_L_controller/jointspace (attempt 1/3):
eai_manipulator_msgs.action.JointSpace_Goal(target_positions=[0.844, 0.026, -0.006, -2.216, -1.529, 0.25, 0.683])
[INFO] [1783487637.081792742] [XARM_manager]: Goal accepted. Waiting for result...
[INFO] [1783487637.645462736] [XARM_manager]: Action result received from /jointspace_arm_L_controller/jointspace
[INFO] [1783487637.645785573] [XARM_manager]: Action result: eai_manipulator_msgs.action.JointSpace_Result(success=True, result_msg='action finished')
[GRASP-EXEC] STARTUP: right -> home joints=['0.844', '-0.026', '0.006', '-2.216', '1.529', '0.250', '-0.683']
[INFO] [1783487637.659099612] [XARM_manager]: Activated controllers: ['jointspace_arm_R_controller']
[INFO] [1783487637.673371347] [XARM_manager]: Sending goal to action server /jointspace_arm_R_controller/jointspace (attempt 1/3):
eai_manipulator_msgs.action.JointSpace_Goal(target_positions=[0.844, -0.026, 0.006, -2.216, 1.529, 0.25, -0.683])
[INFO] [1783487637.675685624] [XARM_manager]: Goal accepted. Waiting for result...
[INFO] [1783487638.149975997] [XARM_manager]: Action result received from /jointspace_arm_R_controller/jointspace
[INFO] [1783487638.150286202] [XARM_manager]: Action result: eai_manipulator_msgs.action.JointSpace_Result(success=True, result_msg='action finished')
[GRASP-EXEC] STARTUP: activating both grippers (open/close cycle)
[robotiq_api] gripper already activated (gSTA==3); skip resetActivate()
[GRASP-EXEC] STARTUP: gripper 'left' activated
[robotiq_api] gripper already activated (gSTA==3); skip resetActivate()
[GRASP-EXEC] STARTUP: gripper 'right' activated
perception health check pass
[object_pose] RGB (720, 1280, 3), depth (720, 1280), valid-depth pixels: 840531/921600 (median valid depth 0.961 m)
[GRASP-EXEC] ARM-SELECT: object waist Y=+0.186m (y >= boundary 0.000) -> 'left' arm
[GRASP-EXEC] reach tilt reduction: object |Y|=0.186m -> tilt_scale=0.96 (backed the side-tilt off so the elbow can extend to a far-outboard object instead of folding into its stop)
[GRASP-EXEC] applied grasp tilt +43.4deg about waist Y (tilt scale 1.00 x reach 0.96) -> quat=['-0.2391', '0.3351', '0.6730', '-0.6145']
[GRASP-EXEC] continuous orientation: object long-axis yaw +4.3deg (angle-from-X 4.3deg); applied continuous yaw +4.3deg about waist Z (gain=1.00, clamp +/-15deg) -> quat=['-0.2516', '0.3258', '0.6493', '-0.6395']
[GRASP-EXEC] recomputed TCP along final quat: detected_tcp_xyz=['0.2578', '0.2328', '-0.1420'] -> consistent_tcp_xyz=['0.2889', '0.2131', '0.1611']
[GRASP-EXEC] approach lateral clamp: approach Y +0.2252 -> +0.2131 (= grasp Y); tool_z outboard component would have pushed the standoff further from center than the grasp, which folds the elbow into its stop at far-outboard reaches.
[GRASP-EXEC] approach along grasp axis: dist=0.120m tool_z=[-0.743,0.101,0.661] approach_xyz=['0.2396', '0.2131', '0.2454']
[GRASP-EXEC] applied lift tilt -15.0deg about waist Y -> lift quat=['-0.3342', '0.4065', '0.6109', '-0.5915']
[GRASP-EXEC] detected class=remote-control detected_pose7=['0.2578', '0.2328', '-0.1420', '0.6939', '0.5077', '-0.3435', '-0.3778'] -> motion grasp_pose7=['0.3289', '0.2131', '0.1661', '-0.2516', '0.3258', '0.6493', '-0.6395']
[INFO] [1783487641.621040804] [XARM_manager]: Deactivated controllers: ['jointspace_arm_L_controller', 'jointspace_arm_R_controller']
[GRASP-EXEC] arms enabled (mode 3) [took 0.02s]
[JOINT-LIMIT] left: using live controller limits from endpose_single_arm_qp_L_controller
[GRASP-EXEC] joint-limit guard ON (margin 0.050 rad) arm=left
[GRASP-EXEC] gripper: connecting in background (overlaps arm enable + approach to hide the slow serial open; --no-gripper-async-connect for the old blocking behaviour)
[GRASP-EXEC] ARM: approach via qp_stream
[GRASP-EXEC] gripper: arm='left' -> stable by-id port /dev/serial/by-id/usb-FTDI_FT231X_USB_UART_DU0E2IPR-if00-port0
[INFO] [1783487641.661318446] [XARM_manager]: Activated controllers: ['endpose_single_arm_qp_L_controller']
[GRASP-EXEC] QP-Stream left -> approach (pure-pursuit): pos=16.8cm rot=72.9deg, lookahead=13cm @ 50Hz, pos_tol=2.0cm accept=2.5cm keep_ori=False
[robotiq_api] gripper already activated (gSTA==3); skip resetActivate()
[GRASP-EXEC] gripper: cached serial port /dev/serial/by-id/usb-FTDI_FT231X_USB_UART_DU0E2IPR-if00-port0 -> /tmp/robotiq_gripper_port.txt
[GRASP-EXEC] gripper controller ready: backend=modbus_rtu port=auto slave=9 (wait_timeout=8.0s) [connect took 0.05s]
[GRASP-EXEC] approach TCP tracking: commanded=[0.2396,0.2131,0.2454] achieved=[0.2508,0.2291,0.2427] err=[+11.2,+16.0,-2.7]mm |err|=19.8mm approach-axis tilt: achieved=+41.6deg commanded=+41.4deg (0=level) ori-err=1.3deg
[JOINT-LIMIT] left closest-to-limit: elbow_pitch=-2.5594 [-2.61,0.261] dist=0.0506rad
[JOINT-LIMIT] left approach per-joint: shoulder_pitch=-0.221[-2.96,+2.96](2.739) shoulder_roll=+0.758[-0.26,+2.62](1.020) shoulder_yaw=-0.515[-2.96,+2.96](2.445) elbow_pitch=-2.559[-2.61,+0.26](0.051) elbow_yaw=-1.208[-2.96,+2.96](1.752) wrist_pitch=+0.992[-0.79,+1.05](0.059) wrist_roll=-1.476[-1.65,+1.30](0.174)
[GRASP-EXEC] GRIPPER: open (after approach, before grasp insert)
[GRASP-EXEC] gripper already open enough: 1% (skip open command)
[GRASP-EXEC] ARM: HYBRID pre-descent (position QP-stream) -> 8.1cm, leaving final 3.0cm for F/T compliant descend-to-contact
[GRASP-EXEC] QP-Stream left -> pre-grasp (pure-pursuit): pos=8.1cm rot=0.0deg, lookahead=8cm @ 50Hz, pos_tol=1.0cm accept=2.5cm keep_ori=True
[GRASP-EXEC] QP-Stream pre-grasp: ABORT joint-limit guard - 'elbow_pitch'=-2.5601 within 0.050rad of limit [-2.61,0.261] (side=lower); holding pose to avoid the hard stop
[GRASP-EXEC] ARM: COMPLIANT insert to grasp pose (F/T admittance descend-to-contact)
[INFO] [1783487645.230178360] [XARM_manager]: [COMPLIANT-LEFT] Loaded F/T calibration from /home/ubuntu/niu/compliant_grasp_execute/ft_calibration/ft_calibration_left.json
[INFO] [1783487645.252362189] [XARM_manager]: [COMPLIANT-LEFT] target set: p=[0.2507358146411576, 0.22804333582284644, 0.24397744326122572] q=[0.25555333561129745, -0.3226714767879585, -0.6420371146359521, 0.646810601455603]
[INFO] [1783487645.253088765] [XARM_manager]: [COMPLIANT-LEFT] seeded QP target at captured pose (z=+0.2440).
[INFO] [1783487645.253740298] [XARM_manager]: [COMPLIANT-LEFT] admittance loop starting (calibrating force offset; keep hands off the arm briefly)...
[INFO] [1783487645.578044291] [XARM_manager]: [COMPLIANT-LEFT] runtime offset calibrated. p_ref=[0.2507358146411576, 0.22804333582284644, 0.24397744326122572], ready.
[COMPLIANT-INSERT] runtime force-offset calibrated in 0.33s
[INFO] [1783487645.581358486] [XARM_manager]: [COMPLIANT-LEFT] gains updated: B=[3.9597979746446663, 5.6, 3.9597979746446663] K=[20.0, 40.0, 20.0] B_rot=[0.5, 0.5, 0.5] K_rot=[0.0, 0.0, 0.0]
[COMPLIANT-INSERT] insertion dir=[+0.70,-0.13,-0.70] planned_depth=11.1cm soft_axes=xz K=[20.0, 40.0, 20.0] B=[3.96, 5.6, 3.96] contact_thresh=1.5N
[INFO] [1783487646.409863226] [XARM_manager]: [COMPLIANT-LEFT] n=200 hz=240.9 F=[+0.00,+0.00,+0.00]N disp=[-3.0,+0.5,+2.7]cm v=[+0.15,-0.04,-0.13]
[COMPLIANT-INSERT] insert s=6.4cm tcp_drop=2.3cm lag=+4.1cm resist=-0.16N (throttle x0)
[INFO] [1783487647.235551936] [XARM_manager]: [COMPLIANT-LEFT] n=400 hz=242.3 F=[+0.00,+0.00,+0.00]N disp=[-2.7,+0.4,+3.0]cm v=[+0.14,-0.03,-0.15]
[COMPLIANT-INSERT] insert s=8.8cm tcp_drop=4.8cm lag=+4.1cm resist=-0.35N (throttle x0)
[INFO] [1783487648.072798526] [XARM_manager]: [COMPLIANT-LEFT] n=600 hz=239.7 F=[+0.00,+0.00,+0.00]N disp=[-2.3,+0.3,+3.4]cm v=[+0.12,-0.02,-0.17]
[COMPLIANT-INSERT] insert s=11.2cm tcp_drop=7.2cm lag=+3.9cm resist=-0.21N (throttle x0)
[INFO] [1783487648.918952599] [XARM_manager]: [COMPLIANT-LEFT] n=800 hz=237.9 F=[+0.00,+0.00,+0.00]N disp=[-2.0,+0.2,+3.6]cm v=[+0.11,-0.02,-0.18]
[COMPLIANT-INSERT] insert s=13.1cm tcp_drop=9.5cm lag=+3.7cm resist=-0.07N (throttle x0)
[INFO] [1783487649.755338310] [XARM_manager]: [COMPLIANT-LEFT] n=1000 hz=239.8 F=[+0.00,+0.00,+0.00]N disp=[-1.4,+0.1,+3.3]cm v=[+0.07,-0.01,-0.17]
[INFO] [1783487650.596269465] [XARM_manager]: [COMPLIANT-LEFT] n=1200 hz=238.9 F=[+0.00,+0.00,+0.00]N disp=[-0.6,-0.0,+2.2]cm v=[+0.03,+0.00,-0.11]
[COMPLIANT-INSERT] insert s=13.1cm tcp_drop=11.2cm lag=+2.0cm resist=-0.36N (throttle x0)
[INFO] [1783487651.431385702] [XARM_manager]: [COMPLIANT-LEFT] n=1400 hz=240.2 F=[+0.00,+0.00,+0.00]N disp=[-0.3,-0.0,+1.4]cm v=[+0.01,+0.00,-0.07]
[COMPLIANT-INSERT] insert s=13.1cm tcp_drop=12.1cm lag=+1.0cm resist=+0.15N (throttle x0)
[INFO] [1783487651.959150429] [XARM_manager]: [COMPLIANT-LEFT] gains updated: B=[10.844353369380768, 10.844353369380768, 10.844353369380768] K=[150.0, 150.0, 150.0] B_rot=[0.5, 0.5, 0.5] K_rot=[0.0, 0.0, 0.0]
[INFO] [1783487651.959485820] [XARM_manager]: [COMPLIANT-LEFT] target set: p=[0.34140297789977936, 0.20996532534220555, 0.16206935528716207] q=[0.25555333561129745, -0.3226714767879585, -0.6420371146359521, 0.646810601455603]
[COMPLIANT-INSERT] reached commanded depth (tcp_drop 12.3cm of planned 11.1cm) WITHOUT contact (resist 0.4N < 1.5N); proceeding to close anyway
[GRASP-EXEC] grasp TCP tracking: commanded=[0.3289,0.2131,0.1661] achieved=[0.3421,0.2094,0.1624] err=[+13.2,-3.6,-3.7]mm |err|=14.2mm approach-axis tilt: achieved=+40.5deg commanded=+41.4deg (0=level) ori-err=1.3deg
[JOINT-LIMIT] left closest-to-limit: wrist_pitch=0.7516 [-0.785,1.05] dist=0.2984rad
[JOINT-LIMIT] left grasp per-joint: shoulder_pitch=-0.273[-2.96,+2.96](2.688) shoulder_roll=+0.534[-0.26,+2.62](0.796) shoulder_yaw=-0.571[-2.96,+2.96](2.389) elbow_pitch=-2.081[-2.61,+0.26](0.529) elbow_yaw=-1.040[-2.96,+2.96](1.920) wrist_pitch=+0.752[-0.79,+1.05](0.298) wrist_roll=-1.062[-1.65,+1.30](0.588)
[INFO] [1783487652.260884992] [XARM_manager]: [COMPLIANT-LEFT] n=1600 hz=241.9 F=[+0.18,-0.05,+1.90]N disp=[+0.1,-0.1,+0.0]cm v=[+0.00,+0.01,+0.16]
[GRASP-EXEC] GRIPPER: close at grasp pose (after arm motion, not at approach)
[GRASP-EXEC] gripper close: start=1% -> target=100%
[INFO] [1783487653.101959511] [XARM_manager]: [COMPLIANT-LEFT] n=1800 hz=239.2 F=[-0.39,+0.00,+1.80]N disp=[-0.1,+0.1,+1.8]cm v=[+0.01,-0.02,-0.05]
[INFO] [1783487653.943886724] [XARM_manager]: [COMPLIANT-LEFT] n=2000 hz=238.5 F=[+0.45,+0.00,+2.03]N disp=[+0.0,-0.1,+0.5]cm v=[+0.02,+0.01,+0.10]
[GRASP-EXEC] gripper close result: pos=90% status=3 ok=True
[INFO] [1783487654.169320996] [XARM_manager]: [COMPLIANT-LEFT] admittance loop stopped.
[GRASP-EXEC] ARM: rotate wrist away from table -20deg about waist Y before lift
[GRASP-EXEC] QP-Stream left -> table-clear (pure-pursuit): pos=0.2cm rot=20.3deg, lookahead=13cm @ 50Hz, pos_tol=2.0cm accept=2.5cm keep_ori=False
[GRASP-EXEC] ARM: lift after grasp
[GRASP-EXEC] QP-Stream left -> lift (pure-pursuit): pos=11.4cm rot=0.0deg, lookahead=13cm @ 50Hz, pos_tol=2.0cm accept=2.5cm keep_ori=True
[JOINT-LIMIT] left closest-to-limit: wrist_pitch=0.9358 [-0.785,1.05] dist=0.1142rad
[JOINT-LIMIT] left lift per-joint: shoulder_pitch=-0.573[-2.96,+2.96](2.388) shoulder_roll=+0.679[-0.26,+2.62](0.941) shoulder_yaw=-0.569[-2.96,+2.96](2.391) elbow_pitch=-2.255[-2.61,+0.26](0.355) elbow_yaw=-0.992[-2.96,+2.96](1.968) wrist_pitch=+0.936[-0.79,+1.05](0.114) wrist_roll=-1.462[-1.65,+1.30](0.188)
[INFO] [1783487655.529968992] [XARM_manager]: Deactivated controllers: ['endpose_single_arm_qp_L_controller']
[GRASP-EXEC] ELBOW-LOW: returning HOME directly (no pre-home waypoint)
[GRASP-EXEC] RETURN HOME: left -> joints=['0.844', '0.026', '-0.006', '-2.216', '-1.529', '0.250', '0.683']
[INFO] [1783487655.548768079] [XARM_manager]: Activated controllers: ['jointspace_arm_L_controller']
[INFO] [1783487655.549924777] [XARM_manager]: Sending goal to action server /jointspace_arm_L_controller/jointspace (attempt 1/3):
eai_manipulator_msgs.action.JointSpace_Goal(target_positions=[0.844, 0.026, -0.006, -2.216, -1.529, 0.25, 0.683])
[INFO] [1783487655.551910976] [XARM_manager]: Goal accepted. Waiting for result...
[INFO] [1783487657.928350263] [XARM_manager]: Action result received from /jointspace_arm_L_controller/jointspace
[INFO] [1783487657.928625535] [XARM_manager]: Action result: eai_manipulator_msgs.action.JointSpace_Result(success=True, result_msg='action finished')
[GRASP-EXEC] return home result: eai_manipulator_msgs.action.JointSpace_Result(success=True, result_msg='action finished')
{
  "arm": "left",
  "pipeline_version": "accelerated",
  "motion_strategy": "qp_all",
  "dry_run": false,
  "motion": {
    "detected_pose7": [
      0.2577641345302396,
      0.23280084460973965,
      -0.14199754331520928,
      0.6939066725143731,
      0.5076868369793781,
      -0.3435191537606201,
      -0.37781238253595184
    ],
    "approach_pose7": [
      0.23963879027973067,
      0.21306349991072943,
      0.2454469088399221,
      -0.25161054755094314,
      0.32583918749708596,
      0.649296232693556,
      -0.639480537985566
    ],
    "grasp_pose7": [
      0.3288558141713002,
      0.21306349991072943,
      0.1661218793393573,
      -0.25161054755094314,
      0.32583918749708596,
      0.649296232693556,
      -0.639480537985566
    ],
    "lift_pose7": [
      0.3288558141713002,
      0.21306349991072943,
      0.2861218793393573,
      -0.3342081493131478,
      0.4065205477002894,
      0.6108996467191732,
      -0.5914791449142791
    ],
    "pre_home_pose7": [
      0.14885581417130023,
      0.11306349991072942,
      0.3361218793393573,
      -0.3342081493131478,
      0.4065205477002894,
      0.6108996467191732,
      -0.5914791449142791
    ],
    "grasp_xyz_offset_m": [
      0.04,
      0.0,
      0.005
    ],
    "grasp_quat": [
      -0.25161054755094314,
      0.32583918749708596,
      0.649296232693556,
      -0.639480537985566
    ],
    "use_fixed_grasp_quat": true,
    "phase_backends": {
      "approach": "qp_stream",
      "grasp": "qp_stream",
      "lift": "qp_stream"
    },
    "joint_limits_used": {
      "shoulder_pitch": [
        -2.96,
        2.96
      ],
      "shoulder_roll": [
        -0.262,
        2.616
      ],
      "shoulder_yaw": [
        -2.96,
        2.96
      ],
      "elbow_pitch": [
        -2.61,
        0.261
      ],
      "elbow_yaw": [
        -2.96,
        2.96
      ],
      "wrist_pitch": [
        -0.785,
        1.05
      ],
      "wrist_roll": [
        -1.65,
        1.3
      ]
    },
    "approach_tcp_tracking": {
      "commanded_xyz": [
        0.23963879027973067,
        0.21306349991072943,
        0.2454469088399221
      ],
      "achieved_xyz": [
        0.250837831307113,
        0.22910673088554817,
        0.24274984436274935
      ],
      "error_mm": [
        11.19904102738234,
        16.043230974818744,
        -2.697064477172745
      ],
      "error_norm_mm": 19.750390802169044,
      "achieved_quat": [
        0.2543005304738354,
        -0.3216410779296498,
        -0.6426227872439509,
        0.6472358229453887
      ],
      "approach_axis_tilt_deg": 41.58699914345257,
      "commanded_approach_axis_tilt_deg": 41.37938344703944,
      "orientation_error_deg": 1.3042354436600525
    },
    "approach_joint_limits": {
      "closest": {
        "joint": "elbow_pitch",
        "value": -2.5594,
        "lower": -2.61,
        "upper": 0.261,
        "dist_to_limit": 0.0506,
        "nearest_side": "lower"
      },
      "breached": [],
      "margin_rad": 0.05
    },
    "compliant_insert": {
      "ok": true,
      "contact": false,
      "reason": "reached_depth_no_contact",
      "resist_n": 0.3721813383175068,
      "traveled_m": 0.12336217544723879,
      "planned_depth_m": 0.11130417172835697,
      "ft_topic": "/arm_6dof_left",
      "calib_path": "/home/ubuntu/niu/compliant_grasp_execute/ft_calibration/ft_calibration_left.json",
      "calib_present": true,
      "commanded_m": 0.13130417172835696,
      "throttle_events": 0
    },
    "grasp_tcp_tracking": {
      "commanded_xyz": [
        0.3288558141713002,
        0.21306349991072943,
        0.1661218793393573
      ],
      "achieved_xyz": [
        0.34207928192380804,
        0.20942330228161216,
        0.16241693832432783
      ],
      "error_mm": [
        13.223467752507823,
        -3.64019762911727,
        -3.7049410150294673
      ],
      "error_norm_mm": 14.206960480887277,
      "achieved_quat": [
        0.2592636009396978,
        -0.32907874034711926,
        -0.6417553744530832,
        0.6423703038278757
      ],
      "approach_axis_tilt_deg": 40.464677234406544,
      "commanded_approach_axis_tilt_deg": 41.37938344703944,
      "orientation_error_deg": 1.3278819281951215
    },
    "grasp_joint_limits": {
      "closest": {
        "joint": "wrist_pitch",
        "value": 0.7516,
        "lower": -0.785,
        "upper": 1.05,
        "dist_to_limit": 0.2984,
        "nearest_side": "upper"
      },
      "breached": [],
      "margin_rad": 0.05
    },
    "lift_joint_limits": {
      "closest": {
        "joint": "wrist_pitch",
        "value": 0.9358,
        "lower": -0.785,
        "upper": 1.05,
        "dist_to_limit": 0.1142,
        "nearest_side": "upper"
      },
      "breached": [],
      "margin_rad": 0.05
    },
    "retract_ok": null,
    "return_home_ok": true,
    "released_on_finish_ok": null,
    "approach_ok": true,
    "grasp_ok": true,
    "lift_ok": true
  },
  "detection": {
    "class_name": "remote-control",
    "pose_head_roll_link": [
      0.7546239836924614,
      0.18685836561892497,
      -0.16539679318511188,
      -0.3545701351950875,
      0.028940296382877703,
      0.934057092099481,
      -0.03130219116404165
    ],
    "pose_tip_waist_yaw_link_rpy": {
      "x": 0.4866202171309461,
      "y": 0.1861091301381537,
      "z": -0.014715269386894714,
      "roll": 0.032702359599363795,
      "pitch": 0.028937388557640942,
      "yaw": -3.0660432112415887
    },
    "pose_tip_used_for_tcp_conversion_rpy": {
      "x": 0.4866202171309461,
      "y": 0.1861091301381537,
      "z": -0.014715269386894714,
      "roll": -2.072127131459718,
      "pitch": 0.09325482469048207,
      "yaw": 1.3185479769753583
    },
    "pose_tcp_waist_yaw_link_rpy": {
      "x": 0.2577641345302396,
      "y": 0.23280084460973965,
      "z": -0.14199754331520928,
      "roll": -2.072127131459718,
      "pitch": 0.09325482469048207,
      "yaw": 1.3185479769753583
    },
    "pose_tcp_waist_yaw_link_pose7": [
      0.2577641345302396,
      0.23280084460973965,
      -0.14199754331520928,
      0.6939066725143731,
      0.5076868369793781,
      -0.3435191537606201,
      -0.37781238253595184
    ],
    "current_tcp_pose7": [
      0.11567880192631512,
      -0.2576738248111464,
      0.14130408794444177,
      0.6939066725143731,
      0.5076868369793781,
      -0.3435191537606201,
      -0.37781238253595184
    ],
    "tcp_minus_tip_waist_m": [
      -0.2288560826007065,
      0.04669171447158596,
      -0.12728227392831457
    ],
    "tcp_to_tip_offset_m": [
      0.0,
      0.0,
      -0.266
    ],
    "orientation_policy": "current",
    "use_current_tcp_rotation": true,
    "rotation_source_arm": "right",
    "bbox_2d": [
      448.7940979003906,
      316.0844421386719,
      498.45709228515625,
      501.67449951171875
    ],
    "bbox_3d": {
      "min": [
        0.6929500299583925,
        0.15973112115777194,
        -0.22529285057396728
      ],
      "max": [
        0.8277132626244599,
        0.21962457891293516,
        -0.10193367106291903
      ],
      "center": [
        0.7603316462914262,
        0.18967785003535353,
        -0.16361326081844316
      ],
      "size": [
        0.13476323266606738,
        0.05989345775516322,
        0.12335917951104824
      ]
    },
    "object_long_axis_waist": [
      -0.9967300352480762,
      -0.07544599447694768,
      -0.02893335016470284
    ],
    "object_long_axis_yaw_waist_deg": 4.328664191119032,
    "object_angle_from_waist_x_deg": 4.328664191119054
  },
  "gripper": {
    "open_ok": true,
    "close_ok": true,
    "final_pos_pct": 90.0,
    "backend": "modbus_rtu"
  },
  "ok": true
}
[GRASP-EXEC] saved result json: /tmp/grasp_exec.json
[GRASP-EXEC] saved handoff: /tmp/grasp_handoff.json (arm=left holding=True)
