[日志] 日志文件: logs/grasp/grasp_260706_162456.log
[日志] 执行命令: python3 -m compliant_grasp_execute.main
[INFO] [1783326297.470076132] [XARM_manager]: waiting for service /controller_manager/get_parameters to become available...
[INFO] [1783326297.729495035] [XARM_manager]: XARM_manager initialized, robot_type: tianyi2, run_type: real
[INFO] [1783326297.738482984] [XARM_manager]: 已订阅关节状态话题: /joint_states
[INFO] [1783326297.745707776] [XARM_manager]: 已订阅警告和错误信息话题: /manipulator/warn_and_error_info
[INFO] [1783326297.755124133] [XARM_manager]: /joint_action_report 服务已启动
[CONFIG] loaded 198 params from /home/ubuntu/niu/compliant_grasp_execute/config.yaml
[GRASP-EXEC] STARTUP: enabling arms and moving BOTH to home posture
[INFO] [1783326304.432854662] [XARM_manager]: Deactivated controllers: ['jointspace_arm_R_controller']
[GRASP-EXEC] STARTUP: left -> home joints=['0.000', '1.180', '0.000', '-1.300', '1.400', '-0.130', '0.180']
[INFO] [1783326304.455502084] [XARM_manager]: Activated controllers: ['jointspace_arm_L_controller']
[INFO] [1783326304.469142684] [XARM_manager]: Sending goal to action server /jointspace_arm_L_controller/jointspace (attempt 1/3):
eai_manipulator_msgs.action.JointSpace_Goal(target_positions=[0.0, 1.18, 0.0, -1.3, 1.4, -0.13, 0.18])
[INFO] [1783326304.471419956] [XARM_manager]: Goal accepted. Waiting for result...
[INFO] [1783326304.596465908] [XARM_manager]: Action result received from /jointspace_arm_L_controller/jointspace
[INFO] [1783326304.596906518] [XARM_manager]: Action result: eai_manipulator_msgs.action.JointSpace_Result(success=True, result_msg='action finished')
[GRASP-EXEC] STARTUP: right -> home joints=['0.000', '-1.180', '0.000', '-1.300', '-1.400', '-0.130', '0.180']
[INFO] [1783326304.609788206] [XARM_manager]: Activated controllers: ['jointspace_arm_R_controller']
[INFO] [1783326304.623388466] [XARM_manager]: Sending goal to action server /jointspace_arm_R_controller/jointspace (attempt 1/3):
eai_manipulator_msgs.action.JointSpace_Goal(target_positions=[0.0, -1.18, 0.0, -1.3, -1.4, -0.13, 0.18])
[INFO] [1783326304.627176995] [XARM_manager]: Goal accepted. Waiting for result...
[INFO] [1783326304.731655087] [XARM_manager]: Action result received from /jointspace_arm_R_controller/jointspace
[INFO] [1783326304.732220318] [XARM_manager]: Action result: eai_manipulator_msgs.action.JointSpace_Result(success=True, result_msg='action finished')
[GRASP-EXEC] STARTUP: activating both grippers (open/close cycle)
[robotiq_api] gripper already activated (gSTA==3); skip resetActivate()
[GRASP-EXEC] STARTUP: gripper 'left' activated
[robotiq_api] gripper already activated (gSTA==3); skip resetActivate()
[GRASP-EXEC] STARTUP: gripper 'right' activated
perception health check pass
[object_pose] RGB (720, 1280, 3), depth (720, 1280), valid-depth pixels: 906627/921600 (median valid depth 1.210 m)
[GRASP-EXEC] ARM-SELECT: object waist Y=-0.177m (y < boundary 0.000) -> 'right' arm
[GRASP-EXEC] diagonal schedule: angle-from-X=55.05532572960149deg -> tilt_scale=0.55, yaw_clamp=41.7deg (freed wrist_pitch, raised jaw alignment)
[GRASP-EXEC] applied grasp tilt +25.0deg about waist Y (tilt scale 1.00 x diag 0.55) -> quat=['0.3435', '0.4289', '-0.6262', '-0.5531']
[GRASP-EXEC] continuous orientation: object long-axis yaw -55.1deg (angle-from-X 55.1deg); applied continuous yaw -41.7deg about waist Z (gain=1.00, clamp +/-42deg) -> quat=['0.4737', '0.2786', '-0.3883', '-0.7398']
[GRASP-EXEC] recomputed TCP along final quat: detected_tcp_xyz=['0.2378', '-0.1519', '-0.0466'] -> consistent_tcp_xyz=['0.2945', '-0.0483', '0.0774']
[GRASP-EXEC] approach along grasp axis: dist=0.120m tool_z=[-0.780,0.485,0.396] approach_xyz=['0.2209', '0.0099', '0.1299']
[GRASP-EXEC] applied lift tilt -15.0deg about waist Y -> lift quat=['0.5203', '0.3727', '-0.3231', '-0.6971']
[GRASP-EXEC] detected class=remote-control detected_pose7=['0.2378', '-0.1519', '-0.0466', '0.0058', '-0.7315', '-0.0704', '0.6782'] -> motion grasp_pose7=['0.3145', '-0.0483', '0.0824', '0.4737', '0.2786', '-0.3883', '-0.7398']
[INFO] [1783326309.041388744] [XARM_manager]: Deactivated controllers: ['jointspace_arm_L_controller', 'jointspace_arm_R_controller']
[GRASP-EXEC] arms enabled (mode 3) [took 0.02s]
[JOINT-LIMIT] right: using live controller limits from endpose_single_arm_qp_R_controller
[GRASP-EXEC] joint-limit guard ON (margin 0.050 rad) arm=right
[GRASP-EXEC] gripper: arm='right' -> stable by-id port /dev/serial/by-id/usb-FTDI_FT231X_USB_UART_D30JLK40-if00-port0
[GRASP-EXEC] gripper: connecting in background (overlaps arm enable + approach to hide the slow serial open; --no-gripper-async-connect for the old blocking behaviour)
[GRASP-EXEC] ARM: approach via qp_stream
[GRASP-EXEC] ELBOW-HIGH (proactive): object long axis ~parallel to body (angle-from-X=55.05532572960149 >= 45.0deg); the elbow-high seed's fore-aft jaws match a parallel object's short axis; reconfiguring to elbow-high seed before approach.
[GRASP-EXEC] elbow-high seed ready/right: clamped 1 joint(s) inward (margin 0.05rad): shoulder_yaw +2.964->+2.910 [-2.960,2.960]
[GRASP-EXEC] ELBOW-HIGH: reconfiguring right arm into elbow-high seed (jointspace, via transition waypoint). NOTE: jointspace moves run at the controller's own speed; watch the first reconfiguration for table/body clearance.
[GRASP-EXEC] ELBOW-HIGH: right -> transition joints=['-1.452', '-0.585', '1.455', '-1.870', '-0.746', '-0.142', '0.087']
[INFO] [1783326309.087469827] [XARM_manager]: Activated controllers: ['jointspace_arm_R_controller']
[INFO] [1783326309.088643922] [XARM_manager]: Sending goal to action server /jointspace_arm_R_controller/jointspace (attempt 1/3):
eai_manipulator_msgs.action.JointSpace_Goal(target_positions=[-1.4525, -0.5845, 1.455, -1.87, -0.7456999999999999, -0.14179999999999998, 0.08685])
[INFO] [1783326309.092166198] [XARM_manager]: Goal accepted. Waiting for result...
[robotiq_api] gripper already activated (gSTA==3); skip resetActivate()
[GRASP-EXEC] gripper: cached serial port /dev/serial/by-id/usb-FTDI_FT231X_USB_UART_D30JLK40-if00-port0 -> /tmp/robotiq_gripper_port.txt
[GRASP-EXEC] gripper controller ready: backend=modbus_rtu port=auto slave=9 (wait_timeout=8.0s) [connect took 0.04s]
[INFO] [1783326310.945660132] [XARM_manager]: Action result received from /jointspace_arm_R_controller/jointspace
[INFO] [1783326310.945929881] [XARM_manager]: Action result: eai_manipulator_msgs.action.JointSpace_Result(success=True, result_msg='action finished')
[GRASP-EXEC] ELBOW-HIGH: transition move result: eai_manipulator_msgs.action.JointSpace_Result(success=True, result_msg='action finished')
[GRASP-EXEC] ELBOW-HIGH: right -> ready joints=['-2.905', '0.011', '2.910', '-2.440', '-0.091', '-0.154', '-0.006']
[INFO] [1783326310.949522203] [XARM_manager]: Sending goal to action server /jointspace_arm_R_controller/jointspace (attempt 1/3):
eai_manipulator_msgs.action.JointSpace_Goal(target_positions=[-2.905, 0.011, 2.91, -2.44, -0.0914, -0.1536, -0.0063])
[INFO] [1783326310.954807392] [XARM_manager]: Goal accepted. Waiting for result...
[INFO] [1783326312.808469645] [XARM_manager]: Action result received from /jointspace_arm_R_controller/jointspace
[INFO] [1783326312.808715340] [XARM_manager]: Action result: eai_manipulator_msgs.action.JointSpace_Result(success=True, result_msg='action finished')
[GRASP-EXEC] ELBOW-HIGH: ready move result: eai_manipulator_msgs.action.JointSpace_Result(success=True, result_msg='action finished')
[JOINT-LIMIT] right closest-to-limit: shoulder_pitch=-2.7905 [-2.96,2.96] dist=0.1695rad
[GRASP-EXEC] continuous orientation: object long-axis yaw -55.1deg (angle-from-X 55.1deg); applied continuous yaw +24.9deg about waist Z (gain=1.00, clamp +/-90deg) [top-down jaw-align: base jaw heading -170.0deg -> short-axis +34.9deg] -> quat=['-0.1536', '-0.3166', '0.8707', '-0.3435']
[GRASP-EXEC] recomputed TCP along final quat: detected_tcp_xyz=['0.2378', '-0.1519', '-0.0466'] -> consistent_tcp_xyz=['0.4887', '-0.3519', '0.1722']
[GRASP-EXEC] approach lateral clamp: approach Y -0.4307 -> -0.3519 (= grasp Y); tool_z outboard component would have pushed the standoff further from center than the grasp, which folds the elbow into its stop at far-outboard reaches.
[GRASP-EXEC] approach along grasp axis: dist=0.120m tool_z=[-0.050,-0.657,0.752] approach_xyz=['0.5027', '-0.3519', '0.2675']
[GRASP-EXEC] applied lift tilt -15.0deg about waist Y -> lift quat=['-0.2659', '-0.2691', '0.8432', '-0.3819']
[GRASP-EXEC] ELBOW-HIGH: using SEED grasp orientation (proactive); rebuilt grasp/approach/lift poses. The seed-anchored mode keeps the orientation the arm is already in, so the approach only translates and the wrist stays in range.
[GRASP-EXEC] ELBOW-HIGH QP joint window set on endpose_single_arm_qp_R_controller (flex 0.40rad, drop 0.15rad): shoulder_pitch[-2.96,-2.64], shoulder_roll[-0.54,0.01], shoulder_yaw[2.41,2.96], elbow_pitch[-2.61,-2.14], elbow_yaw[-0.55,-0.00]. Asymmetric: tight on the drop side so the elbow is actually held high; loose on the flex side so the arm can still reach.
[GRASP-EXEC] ELBOW-HIGH: wrist guard margin relaxed to 0.010rad (from 0.050) so the nose-down grasp can reach wrist_pitch~-0.71 (still inside the -0.785 stop). Other joints keep the full margin.
[INFO] [1783326312.828339774] [XARM_manager]: Deactivated controllers: ['jointspace_arm_R_controller']
[INFO] [1783326312.837673644] [XARM_manager]: Activated controllers: ['endpose_single_arm_qp_R_controller']
[GRASP-EXEC] QP-Stream right -> approach (pure-pursuit): pos=39.5cm rot=28.9deg, lookahead=13cm @ 50Hz, pos_tol=2.0cm accept=2.5cm keep_ori=False
[GRASP-EXEC] approach TCP tracking: commanded=[0.5027,-0.3519,0.2675] achieved=[0.4885,-0.3391,0.2617] err=[-14.2,+12.8,-5.8]mm |err|=19.9mm approach-axis tilt: achieved=+47.6deg commanded=+48.8deg (0=level) ori-err=1.8deg
[JOINT-LIMIT] right closest-to-limit: wrist_roll=-1.1872 [-1.3,1.65] dist=0.1128rad
[JOINT-LIMIT] right approach per-joint: shoulder_pitch=-1.694[-2.96,+2.96](1.266) shoulder_roll=-0.683[-2.62,+0.26](0.945) shoulder_yaw=+2.214[-2.96,+2.96](0.746) elbow_pitch=-0.882[-2.61,+0.26](1.143) elbow_yaw=+1.598[-2.96,+2.96](1.362) wrist_pitch=-0.544[-0.79,+1.05](0.241) wrist_roll=-1.187[-1.30,+1.65](0.113)
[GRASP-EXEC] GRIPPER: open (after approach, before grasp insert)
[GRASP-EXEC] gripper open: start=90% -> target=0%
[GRASP-EXEC] gripper open result: pos=1% status=3 ok=True
[GRASP-EXEC] ARM: HYBRID pre-descent (position QP-stream) -> 5.8cm, leaving final 3.0cm for F/T compliant descend-to-contact
[GRASP-EXEC] QP-Stream right -> pre-grasp (pure-pursuit): pos=5.8cm rot=0.0deg, lookahead=8cm @ 50Hz, pos_tol=1.0cm accept=2.5cm keep_ori=True
[GRASP-EXEC] ARM: COMPLIANT insert to grasp pose (F/T admittance descend-to-contact)
[INFO] [1783326318.081284772] [XARM_manager]: [COMPLIANT-RIGHT] Loaded F/T calibration from /home/ubuntu/niu/compliant_grasp_execute/ft_calibration/ft_calibration_right.json
[INFO] [1783326318.102275476] [XARM_manager]: [COMPLIANT-RIGHT] target set: p=[0.4939355938393951, -0.3487559481350252, 0.20960649772257461] q=[-0.1427219742449405, -0.3236610050284669, 0.8678904422992784, -0.34876951136409906]
[INFO] [1783326318.102945836] [XARM_manager]: [COMPLIANT-RIGHT] seeded QP target at captured pose (z=+0.2096).
[INFO] [1783326318.103716067] [XARM_manager]: [COMPLIANT-RIGHT] admittance loop starting (calibrating force offset; keep hands off the arm briefly)...
[COMPLIANT-INSERT] runtime force-offset calibrated in 0.32s
[INFO] [1783326318.426148112] [XARM_manager]: [COMPLIANT-RIGHT] runtime offset calibrated. p_ref=[0.4939355938393951, -0.3487559481350252, 0.20960649772257461], ready.
[INFO] [1783326318.427392870] [XARM_manager]: [COMPLIANT-RIGHT] gains updated: B=[3.9597979746446663, 5.6, 3.9597979746446663] K=[20.0, 40.0, 20.0] B_rot=[0.5, 0.5, 0.5] K_rot=[0.0, 0.0, 0.0]
[COMPLIANT-INSERT] insertion dir=[+0.41,-0.09,-0.91] planned_depth=3.6cm soft_axes=xz K=[20.0, 40.0, 20.0] B=[3.96, 5.6, 3.96] contact_thresh=1.5N
[INFO] [1783326319.251792188] [XARM_manager]: [COMPLIANT-RIGHT] n=200 hz=242.7 F=[+0.00,+0.00,+0.00]N disp=[-2.4,+0.5,+2.4]cm v=[+0.09,-0.04,-0.12]
[COMPLIANT-INSERT] insert s=5.6cm tcp_drop=2.6cm lag=+3.0cm resist=+0.18N (throttle x0)
[INFO] [1783326319.631172734] [XARM_manager]: [COMPLIANT-RIGHT] gains updated: B=[10.844353369380768, 10.844353369380768, 10.844353369380768] K=[150.0, 150.0, 150.0] B_rot=[0.5, 0.5, 0.5] K_rot=[0.0, 0.0, 0.0]
[INFO] [1783326319.631439065] [XARM_manager]: [COMPLIANT-RIGHT] target set: p=[0.49441961048185645, -0.34822402576111555, 0.17802395252527142] q=[-0.1427219742449405, -0.3236610050284669, 0.8678904422992784, -0.34876951136409906]
[COMPLIANT-INSERT] CONTACT (force) at tcp_drop 2.9cm (resist 1.9N, thresh 1.5N); holding compliant for gripper close
[GRASP-EXEC] grasp TCP tracking: commanded=[0.5087,-0.3519,0.1772] achieved=[0.4947,-0.3487,0.1792] err=[-14.0,+3.1,+2.0]mm |err|=14.5mm approach-axis tilt: achieved=+48.4deg commanded=+48.8deg (0=level) ori-err=1.9deg
[JOINT-LIMIT] right closest-to-limit: wrist_roll=-1.2543 [-1.3,1.65] dist=0.0457rad
[JOINT-LIMIT] right grasp per-joint: shoulder_pitch=-1.431[-2.96,+2.96](1.529) shoulder_roll=-0.575[-2.62,+0.26](0.837) shoulder_yaw=+2.106[-2.96,+2.96](0.854) elbow_pitch=-0.605[-2.61,+0.26](0.866) elbow_yaw=+1.690[-2.96,+2.96](1.270) wrist_pitch=-0.432[-0.79,+1.05](0.353) wrist_roll=-1.254[-1.30,+1.65](0.046)
[GRASP-EXEC] GRIPPER: close at grasp pose (after arm motion, not at approach)
[GRASP-EXEC] gripper close: start=1% -> target=100%
[INFO] [1783326320.090012861] [XARM_manager]: [COMPLIANT-RIGHT] n=400 hz=239.9 F=[-2.30,-0.07,+7.33]N disp=[+0.1,-0.2,+0.9]cm v=[-0.19,+0.02,+0.20]
[GRASP-EXEC] gripper close result: pos=91% status=3 ok=True
[INFO] [1783326320.885995711] [XARM_manager]: [COMPLIANT-RIGHT] admittance loop stopped.
[GRASP-EXEC] ARM: rotate wrist away from table -20deg about waist Y before lift
[GRASP-EXEC] QP-Stream right -> table-clear (pure-pursuit): pos=0.0cm rot=20.0deg, lookahead=13cm @ 50Hz, pos_tol=2.0cm accept=2.5cm keep_ori=False
[GRASP-EXEC] ARM: lift after grasp
[GRASP-EXEC] QP-Stream right -> lift (pure-pursuit): pos=11.7cm rot=0.0deg, lookahead=13cm @ 50Hz, pos_tol=2.0cm accept=2.5cm keep_ori=True
[JOINT-LIMIT] right closest-to-limit: wrist_roll=-1.2494 [-1.3,1.65] dist=0.0506rad
[JOINT-LIMIT] right lift per-joint: shoulder_pitch=-1.693[-2.96,+2.96](1.267) shoulder_roll=-0.639[-2.62,+0.26](0.901) shoulder_yaw=+2.175[-2.96,+2.96](0.785) elbow_pitch=-0.753[-2.61,+0.26](1.014) elbow_yaw=+1.617[-2.96,+2.96](1.343) wrist_pitch=-0.530[-0.79,+1.05](0.255) wrist_roll=-1.249[-1.30,+1.65](0.051)
[GRASP-EXEC] ELBOW-HIGH QP joint limits restored on endpose_single_arm_qp_R_controller (back to hard limits).
[GRASP-EXEC] ELBOW-HIGH: wrist guard margin restored to full.
[INFO] [1783326321.616000218] [XARM_manager]: Deactivated controllers: ['endpose_single_arm_qp_R_controller']
[GRASP-EXEC] elbow-high seed ready/right: clamped 1 joint(s) inward (margin 0.05rad): shoulder_yaw +2.964->+2.910 [-2.960,2.960]
[GRASP-EXEC] ELBOW-HIGH: returning via transition waypoint before home (bridges elbow-high -> elbow-low without a large sweep).
[GRASP-EXEC] ELBOW-HIGH: right -> transition(return) joints=['-1.452', '-0.585', '1.455', '-1.870', '-0.746', '-0.142', '0.087']
[INFO] [1783326321.635217376] [XARM_manager]: Activated controllers: ['jointspace_arm_R_controller']
[INFO] [1783326321.635980446] [XARM_manager]: Sending goal to action server /jointspace_arm_R_controller/jointspace (attempt 1/3):
eai_manipulator_msgs.action.JointSpace_Goal(target_positions=[-1.4525, -0.5845, 1.455, -1.87, -0.7456999999999999, -0.14179999999999998, 0.08685])
[INFO] [1783326321.636857295] [XARM_manager]: Goal accepted. Waiting for result...
[INFO] [1783326324.177445133] [XARM_manager]: Action result received from /jointspace_arm_R_controller/jointspace
[INFO] [1783326324.177948306] [XARM_manager]: Action result: eai_manipulator_msgs.action.JointSpace_Result(success=True, result_msg='action finished')
[GRASP-EXEC] ELBOW-HIGH: transition(return) move result: eai_manipulator_msgs.action.JointSpace_Result(success=True, result_msg='action finished')
[GRASP-EXEC] PRE-HOME WAYPOINT: right -> joints=['0.000', '-1.180', '0.000', '-1.300', '-1.400', '-0.130', '0.180']
[INFO] [1783326324.181033287] [XARM_manager]: Sending goal to action server /jointspace_arm_R_controller/jointspace (attempt 1/3):
eai_manipulator_msgs.action.JointSpace_Goal(target_positions=[0.0, -1.18, 0.0, -1.3, -1.4, -0.13, 0.18])
[INFO] [1783326324.182254542] [XARM_manager]: Goal accepted. Waiting for result...
[INFO] [1783326326.043140423] [XARM_manager]: Action result received from /jointspace_arm_R_controller/jointspace
[INFO] [1783326326.043624116] [XARM_manager]: Action result: eai_manipulator_msgs.action.JointSpace_Result(success=True, result_msg='action finished')
[GRASP-EXEC] pre-home waypoint result: eai_manipulator_msgs.action.JointSpace_Result(success=True, result_msg='action finished')
[GRASP-EXEC] RETURN HOME: right -> joints=['0.000', '-1.180', '0.000', '-1.300', '-1.400', '-0.130', '0.180']
[INFO] [1783326326.048183236] [XARM_manager]: Sending goal to action server /jointspace_arm_R_controller/jointspace (attempt 1/3):
eai_manipulator_msgs.action.JointSpace_Goal(target_positions=[0.0, -1.18, 0.0, -1.3, -1.4, -0.13, 0.18])
[INFO] [1783326326.052257674] [XARM_manager]: Goal accepted. Waiting for result...
[INFO] [1783326326.055671717] [XARM_manager]: Action result received from /jointspace_arm_R_controller/jointspace
[INFO] [1783326326.055970103] [XARM_manager]: Action result: eai_manipulator_msgs.action.JointSpace_Result(success=True, result_msg='action finished')
[GRASP-EXEC] return home result: eai_manipulator_msgs.action.JointSpace_Result(success=True, result_msg='action finished')
{
  "arm": "right",
  "pipeline_version": "accelerated",
  "motion_strategy": "qp_all",
  "dry_run": false,
  "motion": {
    "detected_pose7": [
      0.23784717066923844,
      -0.1518826535706161,
      -0.04660727492676661,
      0.00582727910472897,
      -0.7314734174442551,
      -0.07035950470901507,
      0.6782051477891924
    ],
    "approach_pose7": [
      0.5027135490303433,
      -0.3518947152462921,
      0.2674568564364158,
      -0.15357158489287664,
      -0.3166274979609763,
      0.8707348664238267,
      -0.34348739167885434
    ],
    "grasp_pose7": [
      0.5087045682422897,
      -0.3518947152462921,
      0.17717778543278495,
      -0.15357158489287664,
      -0.3166274979609763,
      0.8707348664238267,
      -0.34348739167885434
    ],
    "lift_pose7": [
      0.5087045682422897,
      -0.3518947152462921,
      0.29717778543278495,
      -0.2659114652426118,
      -0.26908460451161825,
      0.8432404947256485,
      -0.38187699108770184
    ],
    "pre_home_pose7": [
      0.3287045682422897,
      -0.4518947152462921,
      0.34717778543278494,
      -0.2659114652426118,
      -0.26908460451161825,
      0.8432404947256485,
      -0.38187699108770184
    ],
    "grasp_xyz_offset_m": [
      0.02,
      0.0,
      0.005
    ],
    "grasp_quat": [
      -0.15357158489287664,
      -0.3166274979609763,
      0.8707348664238267,
      -0.34348739167885434
    ],
    "use_fixed_grasp_quat": true,
    "phase_backends": {
      "approach": "qp_stream",
      "grasp": "qp_stream",
      "lift": "qp_stream"
    },
    "joint_limits_used": {
      "shoulder_pitch": [
        -2.96,
        2.96
      ],
      "shoulder_roll": [
        -2.616,
        0.262
      ],
      "shoulder_yaw": [
        -2.96,
        2.96
      ],
      "elbow_pitch": [
        -2.61,
        0.261
      ],
      "elbow_yaw": [
        -2.96,
        2.96
      ],
      "wrist_pitch": [
        -0.785,
        1.05
      ],
      "wrist_roll": [
        -1.3,
        1.65
      ]
    },
    "elbow_high_proactive_used": true,
    "elbow_high_orientation": "seed",
    "approach_tcp_tracking": {
      "commanded_xyz": [
        0.5027135490303433,
        -0.3518947152462921,
        0.2674568564364158
      ],
      "achieved_xyz": [
        0.4885215963408731,
        -0.3391292500704891,
        0.2616599622307994
      ],
      "error_mm": [
        -14.191952689470156,
        12.765465175803016,
        -5.796894205616409
      ],
      "error_norm_mm": 19.94925073093994,
      "achieved_quat": [
        -0.14833771381930128,
        -0.32960296398466815,
        0.865352632862705,
        -0.3471636927862263
      ],
      "approach_axis_tilt_deg": 47.62212052791085,
      "commanded_approach_axis_tilt_deg": 48.79223138886472,
      "orientation_error_deg": 1.768740231087088
    },
    "approach_joint_limits": {
      "closest": {
        "joint": "wrist_roll",
        "value": -1.1872,
        "lower": -1.3,
        "upper": 1.65,
        "dist_to_limit": 0.1128,
        "nearest_side": "lower"
      },
      "breached": [],
      "margin_rad": 0.05
    },
    "compliant_insert": {
      "ok": true,
      "contact": true,
      "reason": "contact",
      "resist_n": 1.9368501894676857,
      "traveled_m": 0.028784419936997544,
      "planned_depth_m": 0.035771438951572546,
      "ft_topic": "/arm_6dof_right",
      "calib_path": "/home/ubuntu/niu/compliant_grasp_execute/ft_calibration/ft_calibration_right.json",
      "calib_present": true,
      "commanded_m": 0.05577143895157255,
      "throttle_events": 0,
      "contact_kind": "force"
    },
    "grasp_tcp_tracking": {
      "commanded_xyz": [
        0.5087045682422897,
        -0.3518947152462921,
        0.17717778543278495
      ],
      "achieved_xyz": [
        0.49467693682435443,
        -0.3487449594882165,
        0.17915790734608888
      ],
      "error_mm": [
        -14.027631417935282,
        3.149755758075634,
        1.9801219133039338
      ],
      "error_norm_mm": 14.512625101080854,
      "achieved_quat": [
        -0.1408061571886806,
        -0.326310365262786,
        0.8677101604212406,
        -0.34752589705167114
      ],
      "approach_axis_tilt_deg": 48.36482421766583,
      "commanded_approach_axis_tilt_deg": 48.79223138886472,
      "orientation_error_deg": 1.9249303845258396
    },
    "grasp_joint_limits": {
      "closest": {
        "joint": "wrist_roll",
        "value": -1.2543,
        "lower": -1.3,
        "upper": 1.65,
        "dist_to_limit": 0.0457,
        "nearest_side": "lower"
      },
      "breached": [],
      "margin_rad": 0.05
    },
    "lift_joint_limits": {
      "closest": {
        "joint": "wrist_roll",
        "value": -1.2494,
        "lower": -1.3,
        "upper": 1.65,
        "dist_to_limit": 0.0506,
        "nearest_side": "lower"
      },
      "breached": [],
      "margin_rad": 0.05
    },
    "retract_ok": null,
    "return_home_ok": true,
    "released_on_finish_ok": null,
    "approach_ok": true,
    "grasp_ok": true,
    "lift_ok": true
  },
  "detection": {
    "class_name": "remote-control",
    "pose_head_roll_link": [
      0.777104258126248,
      -0.17196197268595564,
      -0.16144570388266408,
      0.40638672659550956,
      0.8096726152010302,
      0.20226941983244526,
      0.3719773735607547
    ],
    "pose_tip_waist_yaw_link_rpy": {
      "x": 0.501984660828771,
      "y": -0.17716011044052246,
      "z": -0.027940821958596818,
      "roll": 2.9818224054462226,
      "pitch": 0.08081053289589923,
      "yaw": 2.180695948850298
    },
    "pose_tip_used_for_tcp_conversion_rpy": {
      "x": 0.501984660828771,
      "y": -0.17716011044052246,
      "z": -0.027940821958596818,
      "roll": 2.1352256578288533,
      "pitch": -1.4392333341505237,
      "yaw": -2.226717726150535
    },
    "pose_tcp_waist_yaw_link_rpy": {
      "x": 0.23784717066923844,
      "y": -0.1518826535706161,
      "z": -0.04660727492676661,
      "roll": 2.1352256578288533,
      "pitch": -1.4392333341505237,
      "yaw": -2.226717726150535
    },
    "pose_tcp_waist_yaw_link_pose7": [
      0.23784717066923844,
      -0.1518826535706161,
      -0.04660727492676661,
      0.00582727910472897,
      -0.7314734174442551,
      -0.07035950470901507,
      0.6782051477891924
    ],
    "current_tcp_pose7": [
      0.35169743282220256,
      -0.5952647226104747,
      0.2750217557236399,
      0.00582727910472897,
      -0.7314734174442551,
      -0.07035950470901507,
      0.6782051477891924
    ],
    "tcp_minus_tip_waist_m": [
      -0.2641374901595326,
      0.025277456869906373,
      -0.018666452968169794
    ],
    "tcp_to_tip_offset_m": [
      0.0,
      0.0,
      -0.266
    ],
    "orientation_policy": "current",
    "use_current_tcp_rotation": true,
    "rotation_source_arm": "right",
    "bbox_2d": [
      731.5469360351562,
      338.5965576171875,
      902.279052734375,
      472.2102355957031
    ],
    "bbox_3d": {
      "min": [
        0.7350244697756899,
        -0.2550562646175834,
        -0.21275282590480635
      ],
      "max": [
        0.8389862509288085,
        -0.09307892445873078,
        -0.11637428939159344
      ],
      "center": [
        0.7870053603522492,
        -0.1740675945381571,
        -0.1645635576481999
      ],
      "size": [
        0.1039617811531186,
        0.16197734015885262,
        0.0963785365132129
      ]
    },
    "object_long_axis_waist": [
      -0.5709159585536895,
      0.8170304944085578,
      -0.08072260820383469
    ],
    "object_long_axis_yaw_waist_deg": -55.05532572960148,
    "object_angle_from_waist_x_deg": 55.05532572960149
  },
  "gripper": {
    "open_ok": true,
    "close_ok": true,
    "final_pos_pct": 91.0,
    "backend": "modbus_rtu"
  },
  "ok": true
}
[GRASP-EXEC] saved result json: /tmp/grasp_exec.json
[GRASP-EXEC] saved handoff: /tmp/grasp_handoff.json (arm=right holding=True)


遥控器右上到左下放，没抓到。