[日志] 日志文件: logs/grasp/grasp_260708_131514.log
[日志] 执行命令: python3 -m compliant_grasp_execute.main
[INFO] [1783487715.468674740] [XARM_manager]: waiting for service /controller_manager/get_parameters to become available...
[INFO] [1783487716.807699559] [XARM_manager]: XARM_manager initialized, robot_type: tianyi2, run_type: real
[INFO] [1783487716.812775493] [XARM_manager]: 已订阅关节状态话题: /joint_states
[INFO] [1783487716.819425019] [XARM_manager]: 已订阅警告和错误信息话题: /manipulator/warn_and_error_info
[INFO] [1783487716.831253023] [XARM_manager]: /joint_action_report 服务已启动
[CONFIG] loaded 201 params from /home/ubuntu/niu/compliant_grasp_execute/config.yaml
[GRASP-EXEC] STARTUP: enabling arms and moving BOTH to home posture
[INFO] [1783487720.343887288] [XARM_manager]: Deactivated controllers: ['jointspace_arm_L_controller']
[GRASP-EXEC] STARTUP: left -> home joints=['0.844', '0.026', '-0.006', '-2.216', '-1.529', '0.250', '0.683']
[INFO] [1783487720.366975079] [XARM_manager]: Activated controllers: ['jointspace_arm_L_controller']
[INFO] [1783487720.388485344] [XARM_manager]: Sending goal to action server /jointspace_arm_L_controller/jointspace (attempt 1/3):
eai_manipulator_msgs.action.JointSpace_Goal(target_positions=[0.844, 0.026, -0.006, -2.216, -1.529, 0.25, 0.683])
[INFO] [1783487720.641058559] [XARM_manager]: Goal accepted. Waiting for result...
[INFO] [1783487721.205762981] [XARM_manager]: Action result received from /jointspace_arm_L_controller/jointspace
[INFO] [1783487721.206232658] [XARM_manager]: Action result: eai_manipulator_msgs.action.JointSpace_Result(success=True, result_msg='action finished')
[GRASP-EXEC] STARTUP: right -> home joints=['0.844', '-0.026', '0.006', '-2.216', '1.529', '0.250', '-0.683']
[INFO] [1783487721.219224282] [XARM_manager]: Activated controllers: ['jointspace_arm_R_controller']
[INFO] [1783487721.231512406] [XARM_manager]: Sending goal to action server /jointspace_arm_R_controller/jointspace (attempt 1/3):
eai_manipulator_msgs.action.JointSpace_Goal(target_positions=[0.844, -0.026, 0.006, -2.216, 1.529, 0.25, -0.683])
[INFO] [1783487721.233530462] [XARM_manager]: Goal accepted. Waiting for result...
[INFO] [1783487721.688657190] [XARM_manager]: Action result received from /jointspace_arm_R_controller/jointspace
[INFO] [1783487721.689110568] [XARM_manager]: Action result: eai_manipulator_msgs.action.JointSpace_Result(success=True, result_msg='action finished')
[GRASP-EXEC] STARTUP: activating both grippers (open/close cycle)
[robotiq_api] gripper already activated (gSTA==3); skip resetActivate()
[GRASP-EXEC] STARTUP: gripper 'left' activated
[robotiq_api] gripper already activated (gSTA==3); skip resetActivate()
[GRASP-EXEC] STARTUP: gripper 'right' activated
perception health check pass
[object_pose] RGB (720, 1280, 3), depth (720, 1280), valid-depth pixels: 839262/921600 (median valid depth 0.960 m)
[GRASP-EXEC] ARM-SELECT: object waist Y=+0.174m (y >= boundary 0.000) -> 'left' arm
[GRASP-EXEC] applied grasp tilt +45.0deg about waist Y -> quat=['-0.2294', '0.3262', '0.6764', '-0.6193']
[GRASP-EXEC] continuous orientation: object long-axis yaw -1.6deg (angle-from-X 1.6deg); applied continuous yaw -1.6deg about waist Z (gain=1.00, clamp +/-15deg) -> quat=['-0.2247', '0.3295', '0.6852', '-0.6095']
[GRASP-EXEC] recomputed TCP along final quat: detected_tcp_xyz=['0.2608', '0.2214', '-0.1417'] -> consistent_tcp_xyz=['0.3007', '0.2214', '0.1670']
[GRASP-EXEC] approach lateral clamp: approach Y +0.2427 -> +0.2214 (= grasp Y); tool_z outboard component would have pushed the standoff further from center than the grasp, which folds the elbow into its stop at far-outboard reaches.
[GRASP-EXEC] approach along grasp axis: dist=0.120m tool_z=[-0.710,0.178,0.682] approach_xyz=['0.2556', '0.2214', '0.2539']
[GRASP-EXEC] applied lift tilt -15.0deg about waist Y -> lift quat=['-0.3122', '0.4062', '0.6500', '-0.5613']
[GRASP-EXEC] detected class=remote-control detected_pose7=['0.2608', '0.2214', '-0.1417', '0.6948', '0.5066', '-0.3430', '-0.3780'] -> motion grasp_pose7=['0.3407', '0.2214', '0.1720', '-0.2247', '0.3295', '0.6852', '-0.6095']
[INFO] [1783487725.219983894] [XARM_manager]: Deactivated controllers: ['jointspace_arm_L_controller', 'jointspace_arm_R_controller']
[GRASP-EXEC] arms enabled (mode 3) [took 0.02s]
[JOINT-LIMIT] left: using live controller limits from endpose_single_arm_qp_L_controller
[GRASP-EXEC] joint-limit guard ON (margin 0.050 rad) arm=left
[GRASP-EXEC] gripper: connecting in background (overlaps arm enable + approach to hide the slow serial open; --no-gripper-async-connect for the old blocking behaviour)
[GRASP-EXEC] ARM: approach via qp_stream
[GRASP-EXEC] gripper: arm='left' -> stable by-id port /dev/serial/by-id/usb-FTDI_FT231X_USB_UART_DU0E2IPR-if00-port0
[INFO] [1783487725.262201856] [XARM_manager]: Activated controllers: ['endpose_single_arm_qp_L_controller']
[robotiq_api] gripper already activated (gSTA==3); skip resetActivate()
[GRASP-EXEC] QP-Stream left -> approach (pure-pursuit): pos=18.3cm rot=75.9deg, lookahead=13cm @ 50Hz, pos_tol=2.0cm accept=2.5cm keep_ori=False
[GRASP-EXEC] gripper: cached serial port /dev/serial/by-id/usb-FTDI_FT231X_USB_UART_DU0E2IPR-if00-port0 -> /tmp/robotiq_gripper_port.txt
[GRASP-EXEC] gripper controller ready: backend=modbus_rtu port=auto slave=9 (wait_timeout=8.0s) [connect took 0.05s]
[GRASP-EXEC] approach TCP tracking: commanded=[0.2556,0.2214,0.2539] achieved=[0.2647,0.2388,0.2520] err=[+9.1,+17.4,-1.9]mm |err|=19.7mm approach-axis tilt: achieved=+44.1deg commanded=+43.0deg (0=level) ori-err=2.0deg
[JOINT-LIMIT] left closest-to-limit: elbow_pitch=-2.5222 [-2.61,0.261] dist=0.0878rad
[JOINT-LIMIT] left approach per-joint: shoulder_pitch=-0.293[-2.96,+2.96](2.667) shoulder_roll=+0.863[-0.26,+2.62](1.125) shoulder_yaw=-0.497[-2.96,+2.96](2.463) elbow_pitch=-2.522[-2.61,+0.26](0.088) elbow_yaw=-0.897[-2.96,+2.96](2.063) wrist_pitch=+0.936[-0.79,+1.05](0.114) wrist_roll=-1.341[-1.65,+1.30](0.309)
[GRASP-EXEC] GRIPPER: open (after approach, before grasp insert)
[GRASP-EXEC] gripper already open enough: 1% (skip open command)
[GRASP-EXEC] ARM: HYBRID pre-descent (position QP-stream) -> 8.2cm, leaving final 3.0cm for F/T compliant descend-to-contact
[GRASP-EXEC] QP-Stream left -> pre-grasp (pure-pursuit): pos=8.2cm rot=0.0deg, lookahead=8cm @ 50Hz, pos_tol=1.0cm accept=2.5cm keep_ori=True
[GRASP-EXEC] ARM: COMPLIANT insert to grasp pose (F/T admittance descend-to-contact)
[INFO] [1783487729.413276229] [XARM_manager]: [COMPLIANT-LEFT] Loaded F/T calibration from /home/ubuntu/niu/compliant_grasp_execute/ft_calibration/ft_calibration_left.json
[INFO] [1783487729.434832992] [XARM_manager]: [COMPLIANT-LEFT] target set: p=[0.31337607416457436, 0.22643611201567382, 0.19904161121812194] q=[0.23743919662282084, -0.3123844698352373, -0.695645453533564, 0.6017607281062377]
[INFO] [1783487729.435570716] [XARM_manager]: [COMPLIANT-LEFT] seeded QP target at captured pose (z=+0.1990).
[INFO] [1783487729.436315785] [XARM_manager]: [COMPLIANT-LEFT] admittance loop starting (calibrating force offset; keep hands off the arm briefly)...
[INFO] [1783487729.755887943] [XARM_manager]: [COMPLIANT-LEFT] runtime offset calibrated. p_ref=[0.31337607416457436, 0.22643611201567382, 0.19904161121812194], ready.
[COMPLIANT-INSERT] runtime force-offset calibrated in 0.32s
[INFO] [1783487729.760716619] [XARM_manager]: [COMPLIANT-LEFT] gains updated: B=[3.9597979746446663, 5.6, 3.9597979746446663] K=[20.0, 40.0, 20.0] B_rot=[0.5, 0.5, 0.5] K_rot=[0.0, 0.0, 0.0]
[COMPLIANT-INSERT] insertion dir=[+0.71,-0.13,-0.70] planned_depth=3.9cm soft_axes=xz K=[20.0, 40.0, 20.0] B=[3.96, 5.6, 3.96] contact_thresh=1.5N
[INFO] [1783487730.592842400] [XARM_manager]: [COMPLIANT-LEFT] n=200 hz=240.8 F=[+0.00,+0.00,+0.00]N disp=[-2.5,+0.3,+3.2]cm v=[+0.13,-0.02,-0.16]
[COMPLIANT-INSERT] insert s=5.9cm tcp_drop=1.9cm lag=+4.0cm resist=+0.02N (throttle x0)
[INFO] [1783487731.432827201] [XARM_manager]: [COMPLIANT-LEFT] n=400 hz=238.7 F=[+0.00,+0.00,+0.00]N disp=[-1.2,+0.1,+2.5]cm v=[+0.06,-0.01,-0.13]
[COMPLIANT-INSERT] insert s=5.9cm tcp_drop=3.8cm lag=+2.1cm resist=-0.11N (throttle x0)
[INFO] [1783487732.278024716] [XARM_manager]: [COMPLIANT-LEFT] n=600 hz=237.9 F=[+0.00,+0.00,+0.00]N disp=[-0.5,-0.0,+1.7]cm v=[+0.03,+0.00,-0.09]
[COMPLIANT-INSERT] insert s=5.9cm tcp_drop=4.7cm lag=+1.1cm resist=+0.04N (throttle x0)
[INFO] [1783487733.120610874] [XARM_manager]: [COMPLIANT-LEFT] n=800 hz=238.7 F=[+0.00,+0.00,+0.00]N disp=[-0.2,-0.0,+1.1]cm v=[+0.01,+0.00,-0.05]
[INFO] [1783487733.567785199] [XARM_manager]: [COMPLIANT-LEFT] gains updated: B=[10.844353369380768, 10.844353369380768, 10.844353369380768] K=[150.0, 150.0, 150.0] B_rot=[0.5, 0.5, 0.5] K_rot=[0.0, 0.0, 0.0]
[INFO] [1783487733.568052979] [XARM_manager]: [COMPLIANT-LEFT] target set: p=[0.3535275327903962, 0.21830889882904667, 0.17118598550894382] q=[0.23743919662282084, -0.3123844698352373, -0.695645453533564, 0.6017607281062377]
[COMPLIANT-INSERT] CONTACT (force) at tcp_drop 4.9cm (resist 1.7N, thresh 1.5N); holding compliant for gripper close
[GRASP-EXEC] grasp TCP tracking: commanded=[0.3407,0.2214,0.1720] achieved=[0.3536,0.2187,0.1754] err=[+12.9,-2.7,+3.4]mm |err|=13.6mm approach-axis tilt: achieved=+45.0deg commanded=+43.0deg (0=level) ori-err=3.3deg
[JOINT-LIMIT] left closest-to-limit: wrist_roll=-1.1929 [-1.65,1.3] dist=0.4571rad
[JOINT-LIMIT] left grasp per-joint: shoulder_pitch=-0.309[-2.96,+2.96](2.651) shoulder_roll=+0.537[-0.26,+2.62](0.799) shoulder_yaw=-0.488[-2.96,+2.96](2.472) elbow_pitch=-2.051[-2.61,+0.26](0.559) elbow_yaw=-1.000[-2.96,+2.96](1.960) wrist_pitch=+0.554[-0.79,+1.05](0.496) wrist_roll=-1.193[-1.65,+1.30](0.457)
[GRASP-EXEC] GRIPPER: close at grasp pose (after arm motion, not at approach)
[GRASP-EXEC] gripper close: start=1% -> target=100%
[INFO] [1783487733.959974536] [XARM_manager]: [COMPLIANT-LEFT] n=1000 hz=239.3 F=[+0.00,+0.00,+0.00]N disp=[-0.0,+0.1,+0.4]cm v=[+0.00,-0.01,-0.06]
[INFO] [1783487734.797951727] [XARM_manager]: [COMPLIANT-LEFT] n=1200 hz=239.5 F=[+0.00,+0.00,-0.04]N disp=[+0.1,-0.0,+1.3]cm v=[-0.01,+0.01,-0.20]
[GRASP-EXEC] gripper close result: pos=90% status=3 ok=True
[INFO] [1783487735.552490569] [XARM_manager]: [COMPLIANT-LEFT] admittance loop stopped.
[GRASP-EXEC] ARM: rotate wrist away from table -20deg about waist Y before lift
[GRASP-EXEC] QP-Stream left -> table-clear (pure-pursuit): pos=0.2cm rot=20.3deg, lookahead=13cm @ 50Hz, pos_tol=2.0cm accept=2.5cm keep_ori=False
[GRASP-EXEC] ARM: lift after grasp
[GRASP-EXEC] QP-Stream left -> lift (pure-pursuit): pos=11.2cm rot=0.0deg, lookahead=13cm @ 50Hz, pos_tol=2.0cm accept=2.5cm keep_ori=True
[JOINT-LIMIT] left closest-to-limit: wrist_roll=-1.4191 [-1.65,1.3] dist=0.2309rad
[JOINT-LIMIT] left lift per-joint: shoulder_pitch=-0.608[-2.96,+2.96](2.352) shoulder_roll=+0.696[-0.26,+2.62](0.958) shoulder_yaw=-0.534[-2.96,+2.96](2.426) elbow_pitch=-2.194[-2.61,+0.26](0.416) elbow_yaw=-0.829[-2.96,+2.96](2.131) wrist_pitch=+0.787[-0.79,+1.05](0.263) wrist_roll=-1.419[-1.65,+1.30](0.231)
[INFO] [1783487736.564357329] [XARM_manager]: Deactivated controllers: ['endpose_single_arm_qp_L_controller']
[GRASP-EXEC] ELBOW-LOW: returning HOME directly (no pre-home waypoint)
[GRASP-EXEC] RETURN HOME: left -> joints=['0.844', '0.026', '-0.006', '-2.216', '-1.529', '0.250', '0.683']
[INFO] [1783487736.583655644] [XARM_manager]: Activated controllers: ['jointspace_arm_L_controller']
[INFO] [1783487736.584371788] [XARM_manager]: Sending goal to action server /jointspace_arm_L_controller/jointspace (attempt 1/3):
eai_manipulator_msgs.action.JointSpace_Goal(target_positions=[0.844, 0.026, -0.006, -2.216, -1.529, 0.25, 0.683])
[INFO] [1783487736.586162549] [XARM_manager]: Goal accepted. Waiting for result...
[INFO] [1783487738.930650886] [XARM_manager]: Action result received from /jointspace_arm_L_controller/jointspace
[INFO] [1783487738.930903911] [XARM_manager]: Action result: eai_manipulator_msgs.action.JointSpace_Result(success=True, result_msg='action finished')
[GRASP-EXEC] return home result: eai_manipulator_msgs.action.JointSpace_Result(success=True, result_msg='action finished')
{
  "arm": "left",
  "pipeline_version": "accelerated",
  "motion_strategy": "qp_all",
  "dry_run": false,
  "motion": {
    "detected_pose7": [
      0.260805675438772,
      0.22142064418359142,
      -0.14173267471852086,
      0.6948281243045749,
      0.5066300226633714,
      -0.3430097950656841,
      -0.3780002358471425
    ],
    "approach_pose7": [
      0.2555878401692417,
      0.22138895934625483,
      0.2538686568573573,
      -0.2247046114166087,
      0.3294906837075764,
      0.6851804533826957,
      -0.6094845964093828
    ],
    "grasp_pose7": [
      0.34073568910710844,
      0.22138895934625483,
      0.17204216238743136,
      -0.2247046114166087,
      0.3294906837075764,
      0.6851804533826957,
      -0.6094845964093828
    ],
    "lift_pose7": [
      0.34073568910710844,
      0.22138895934625483,
      0.29204216238743136,
      -0.31221622787964737,
      0.40622554881851175,
      0.6499888023175551,
      -0.561263206880242
    ],
    "pre_home_pose7": [
      0.16073568910710845,
      0.12138895934625482,
      0.34204216238743135,
      -0.31221622787964737,
      0.40622554881851175,
      0.6499888023175551,
      -0.561263206880242
    ],
    "grasp_xyz_offset_m": [
      0.04,
      0.0,
      0.005
    ],
    "grasp_quat": [
      -0.2247046114166087,
      0.3294906837075764,
      0.6851804533826957,
      -0.6094845964093828
    ],
    "use_fixed_grasp_quat": true,
    "phase_backends": {
      "approach": "qp_stream",
      "grasp": "qp_stream",
      "lift": "qp_stream"
    },
    "joint_limits_used": {
      "shoulder_pitch": [
        -2.96,
        2.96
      ],
      "shoulder_roll": [
        -0.262,
        2.616
      ],
      "shoulder_yaw": [
        -2.96,
        2.96
      ],
      "elbow_pitch": [
        -2.61,
        0.261
      ],
      "elbow_yaw": [
        -2.96,
        2.96
      ],
      "wrist_pitch": [
        -0.785,
        1.05
      ],
      "wrist_roll": [
        -1.65,
        1.3
      ]
    },
    "approach_tcp_tracking": {
      "commanded_xyz": [
        0.2555878401692417,
        0.22138895934625483,
        0.2538686568573573
      ],
      "achieved_xyz": [
        0.2647322988769917,
        0.23875746057256705,
        0.25201811176222366
      ],
      "error_mm": [
        9.144458707749992,
        17.368501226312226,
        -1.85054509513366
      ],
      "error_norm_mm": 19.71574185911545,
      "achieved_quat": [
        0.22785108955597375,
        -0.31657013584162763,
        -0.6812085438806638,
        0.6195338165309099
      ],
      "approach_axis_tilt_deg": 44.08577312140207,
      "commanded_approach_axis_tilt_deg": 42.991311994604416,
      "orientation_error_deg": 1.963535495305067
    },
    "approach_joint_limits": {
      "closest": {
        "joint": "elbow_pitch",
        "value": -2.5222,
        "lower": -2.61,
        "upper": 0.261,
        "dist_to_limit": 0.0878,
        "nearest_side": "lower"
      },
      "breached": [],
      "margin_rad": 0.05
    },
    "compliant_insert": {
      "ok": true,
      "contact": true,
      "reason": "contact",
      "resist_n": 1.66719512014732,
      "traveled_m": 0.04879313975479742,
      "planned_depth_m": 0.03876844744161464,
      "ft_topic": "/arm_6dof_left",
      "calib_path": "/home/ubuntu/niu/compliant_grasp_execute/ft_calibration/ft_calibration_left.json",
      "calib_present": true,
      "commanded_m": 0.058768447441614635,
      "throttle_events": 0,
      "contact_kind": "force"
    },
    "grasp_tcp_tracking": {
      "commanded_xyz": [
        0.34073568910710844,
        0.22138895934625483,
        0.17204216238743136
      ],
      "achieved_xyz": [
        0.3535938251076387,
        0.21867267328451295,
        0.1754327854055237
      ],
      "error_mm": [
        12.858136000530262,
        -2.716286061741874,
        3.3906230180923425
      ],
      "error_norm_mm": 13.57225831717637,
      "achieved_quat": [
        0.23108485408970422,
        -0.304772329495658,
        -0.6974688807799834,
        0.6060121927219346
      ],
      "approach_axis_tilt_deg": 45.025971750226645,
      "commanded_approach_axis_tilt_deg": 42.991311994604416,
      "orientation_error_deg": 3.2710278312983774
    },
    "grasp_joint_limits": {
      "closest": {
        "joint": "wrist_roll",
        "value": -1.1929,
        "lower": -1.65,
        "upper": 1.3,
        "dist_to_limit": 0.4571,
        "nearest_side": "lower"
      },
      "breached": [],
      "margin_rad": 0.05
    },
    "lift_joint_limits": {
      "closest": {
        "joint": "wrist_roll",
        "value": -1.4191,
        "lower": -1.65,
        "upper": 1.3,
        "dist_to_limit": 0.2309,
        "nearest_side": "lower"
      },
      "breached": [],
      "margin_rad": 0.05
    },
    "retract_ok": null,
    "return_home_ok": true,
    "released_on_finish_ok": null,
    "approach_ok": true,
    "grasp_ok": true,
    "lift_ok": true
  },
  "detection": {
    "class_name": "remote-control",
    "pose_head_roll_link": [
      0.7565993629777978,
      0.17489890736047034,
      -0.16324129224495715,
      0.019036484898841046,
      0.9350949550730682,
      -0.014768548630408962,
      0.3535773284741884
    ],
    "pose_tip_waist_yaw_link_rpy": {
      "x": 0.4894800875860465,
      "y": 0.1741438605697568,
      "z": -0.014339900354237822,
      "roll": -3.102753268526644,
      "pitch": 0.028053967663972834,
      "yaw": 3.1128655084412578
    },
    "pose_tip_used_for_tcp_conversion_rpy": {
      "x": 0.4894800875860465,
      "y": 0.1741438605697568,
      "z": -0.014339900354237822,
      "roll": -2.0726305421770665,
      "pitch": 0.09379061613909179,
      "yaw": 1.3155847386389383
    },
    "pose_tcp_waist_yaw_link_rpy": {
      "x": 0.260805675438772,
      "y": 0.22142064418359142,
      "z": -0.14173267471852086,
      "roll": -2.0726305421770665,
      "pitch": 0.09379061613909179,
      "yaw": 1.3155847386389383
    },
    "pose_tcp_waist_yaw_link_pose7": [
      0.260805675438772,
      0.22142064418359142,
      -0.14173267471852086,
      0.6948281243045749,
      0.5066300226633714,
      -0.3430097950656841,
      -0.3780002358471425
    ],
    "current_tcp_pose7": [
      0.11560439199803432,
      -0.2579213409277416,
      0.14133909852393262,
      0.6948281243045749,
      0.5066300226633714,
      -0.3430097950656841,
      -0.3780002358471425
    ],
    "tcp_minus_tip_waist_m": [
      -0.22867441214727452,
      0.04727678361383461,
      -0.12739277436428303
    ],
    "tcp_to_tip_offset_m": [
      0.0,
      0.0,
      -0.266
    ],
    "orientation_policy": "current",
    "use_current_tcp_rotation": true,
    "rotation_source_arm": "right",
    "bbox_2d": [
      452.53668212890625,
      314.0655822753906,
      521.5643310546875,
      499.3147888183594
    ],
    "bbox_3d": {
      "min": [
        0.6942775922434463,
        0.1512543664896535,
        -0.22592426531560708
      ],
      "max": [
        0.829120812722979,
        0.20482955547661505,
        -0.09952214636077081
      ],
      "center": [
        0.7616992024832127,
        0.1780419609831343,
        -0.16272320583818894
      ],
      "size": [
        0.13484322047953268,
        0.053575188986961536,
        0.12640211895483627
      ]
    },
    "object_long_axis_waist": [
      -0.999194079549759,
      0.028711891941458137,
      -0.02805028794598524
    ],
    "object_long_axis_yaw_waist_deg": -1.6459441744707988,
    "object_angle_from_waist_x_deg": 1.645944174470804
  },
  "gripper": {
    "open_ok": true,
    "close_ok": true,
    "final_pos_pct": 90.0,
    "backend": "modbus_rtu"
  },
  "ok": true
}
[GRASP-EXEC] saved result json: /tmp/grasp_exec.json
[GRASP-EXEC] saved handoff: /tmp/grasp_handoff.json (arm=left holding=True)
