[日志] 日志文件: logs/grasp/grasp_260707_145107.log
[日志] 执行命令: python3 -m compliant_grasp_execute.main
[INFO] [1783407068.038334107] [XARM_manager]: waiting for service /controller_manager/get_parameters to become available...
[INFO] [1783407068.295698432] [XARM_manager]: XARM_manager initialized, robot_type: tianyi2, run_type: real
[INFO] [1783407068.304481040] [XARM_manager]: 已订阅关节状态话题: /joint_states
[INFO] [1783407068.311341961] [XARM_manager]: 已订阅警告和错误信息话题: /manipulator/warn_and_error_info
[INFO] [1783407068.321630005] [XARM_manager]: /joint_action_report 服务已启动
[CONFIG] loaded 201 params from /home/ubuntu/niu/compliant_grasp_execute/config.yaml
[GRASP-EXEC] STARTUP: enabling arms and moving BOTH to home posture
[INFO] [1783407072.961068499] [XARM_manager]: Deactivated controllers: ['jointspace_arm_L_controller']
[GRASP-EXEC] STARTUP: left -> home joints=['0.844', '0.026', '-0.006', '-2.216', '-1.529', '0.250', '0.683']
[INFO] [1783407072.984245852] [XARM_manager]: Activated controllers: ['jointspace_arm_L_controller']
[INFO] [1783407072.998714744] [XARM_manager]: Sending goal to action server /jointspace_arm_L_controller/jointspace (attempt 1/3):
eai_manipulator_msgs.action.JointSpace_Goal(target_positions=[0.844, 0.026, -0.006, -2.216, -1.529, 0.25, 0.683])
[INFO] [1783407073.001608353] [XARM_manager]: Goal accepted. Waiting for result...
[INFO] [1783407073.547868083] [XARM_manager]: Action result received from /jointspace_arm_L_controller/jointspace
[INFO] [1783407073.548651318] [XARM_manager]: Action result: eai_manipulator_msgs.action.JointSpace_Result(success=True, result_msg='action finished')
[GRASP-EXEC] STARTUP: right -> home joints=['0.844', '-0.026', '0.006', '-2.216', '1.529', '0.250', '-0.683']
[INFO] [1783407073.571564870] [XARM_manager]: Activated controllers: ['jointspace_arm_R_controller']
[INFO] [1783407073.586438638] [XARM_manager]: Sending goal to action server /jointspace_arm_R_controller/jointspace (attempt 1/3):
eai_manipulator_msgs.action.JointSpace_Goal(target_positions=[0.844, -0.026, 0.006, -2.216, 1.529, 0.25, -0.683])
[INFO] [1783407074.945300536] [XARM_manager]: Goal accepted. Waiting for result...
[INFO] [1783407075.398964238] [XARM_manager]: Action result received from /jointspace_arm_R_controller/jointspace
[INFO] [1783407075.399243126] [XARM_manager]: Action result: eai_manipulator_msgs.action.JointSpace_Result(success=True, result_msg='action finished')
[GRASP-EXEC] STARTUP: activating both grippers (open/close cycle)
[robotiq_api] gripper already activated (gSTA==3); skip resetActivate()
[GRASP-EXEC] STARTUP: gripper 'left' activated
[robotiq_api] gripper already activated (gSTA==3); skip resetActivate()
[GRASP-EXEC] STARTUP: gripper 'right' activated
perception health check pass
[object_pose] RGB (720, 1280, 3), depth (720, 1280), valid-depth pixels: 854493/921600 (median valid depth 1.297 m)
[GRASP-EXEC] ARM-SELECT: object waist Y=+0.218m (y >= boundary 0.000) -> 'left' arm
[GRASP-EXEC] reach tilt reduction: object |Y|=0.218m -> tilt_scale=0.77 (backed the side-tilt off so the elbow can extend to a far-outboard object instead of folding into its stop)
[GRASP-EXEC] applied grasp tilt +34.7deg about waist Y (tilt scale 1.00 x reach 0.77) -> quat=['-0.2892', '0.3805', '0.6530', '-0.5875']
[GRASP-EXEC] continuous orientation: object long-axis yaw +3.5deg (angle-from-X 3.5deg); applied continuous yaw +3.5deg about waist Z (gain=1.00, clamp +/-15deg) -> quat=['-0.3007', '0.3715', '0.6348', '-0.6071']
[GRASP-EXEC] recomputed TCP along final quat: detected_tcp_xyz=['0.3744', '0.2654', '-0.1377'] -> consistent_tcp_xyz=['0.3816', '0.2465', '0.1342']
[GRASP-EXEC] approach lateral clamp: approach Y +0.2593 -> +0.2465 (= grasp Y); tool_z outboard component would have pushed the standoff further from center than the grasp, which folds the elbow into its stop at far-outboard reaches.
[GRASP-EXEC] approach along grasp axis: dist=0.120m tool_z=[-0.833,0.107,0.543] approach_xyz=['0.3217', '0.2465', '0.2043']
[GRASP-EXEC] applied lift tilt -15.0deg about waist Y -> lift quat=['-0.3809', '0.4475', '0.5901', '-0.5535']
[GRASP-EXEC] detected class=remote-control detected_pose7=['0.3744', '0.2654', '-0.1377', '0.6948', '0.5066', '-0.3431', '-0.3781'] -> motion grasp_pose7=['0.4216', '0.2465', '0.1392', '-0.3007', '0.3715', '0.6348', '-0.6071']
[INFO] [1783407078.880054813] [XARM_manager]: Deactivated controllers: ['jointspace_arm_L_controller', 'jointspace_arm_R_controller']
[GRASP-EXEC] arms enabled (mode 3) [took 0.02s]
[JOINT-LIMIT] left: using live controller limits from endpose_single_arm_qp_L_controller
[GRASP-EXEC] joint-limit guard ON (margin 0.050 rad) arm=left
[GRASP-EXEC] gripper: connecting in background (overlaps arm enable + approach to hide the slow serial open; --no-gripper-async-connect for the old blocking behaviour)
[GRASP-EXEC] ARM: approach via qp_stream
[GRASP-EXEC] gripper: arm='left' -> stable by-id port /dev/serial/by-id/usb-FTDI_FT231X_USB_UART_DU0E2IPR-if00-port0
[INFO] [1783407078.921164905] [XARM_manager]: Activated controllers: ['endpose_single_arm_qp_L_controller']
[GRASP-EXEC] QP-Stream left -> approach (pure-pursuit): pos=21.6cm rot=64.8deg, lookahead=13cm @ 50Hz, pos_tol=2.0cm accept=2.5cm keep_ori=False
[robotiq_api] gripper already activated (gSTA==3); skip resetActivate()
[GRASP-EXEC] gripper: cached serial port /dev/serial/by-id/usb-FTDI_FT231X_USB_UART_DU0E2IPR-if00-port0 -> /tmp/robotiq_gripper_port.txt
[GRASP-EXEC] gripper controller ready: backend=modbus_rtu port=auto slave=9 (wait_timeout=8.0s) [connect took 0.04s]
[GRASP-EXEC] approach TCP tracking: commanded=[0.3217,0.2465,0.2043] achieved=[0.3300,0.2602,0.1925] err=[+8.3,+13.8,-11.9]mm |err|=20.0mm approach-axis tilt: achieved=+23.5deg commanded=+32.9deg (0=level) ori-err=13.2deg
[GRASP-EXEC] approach orientation miss 13.2deg -> ~61mm fingertip offset > tol 30mm: TCP reached position but the wrist could not hold the commanded tilt, so the fingers would miss the object. Treating approach as failed to trigger the reduced-tilt retry (prevents grasping air).
[GRASP-EXEC] approach failed to reach target; retrying with reduced long-axis alignment (yaw scale 0.50)
[GRASP-EXEC] reach tilt reduction: object |Y|=0.218m -> tilt_scale=0.77 (backed the side-tilt off so the elbow can extend to a far-outboard object instead of folding into its stop)
[GRASP-EXEC] applied grasp tilt +17.4deg about waist Y (tilt scale 0.50 x reach 0.77) -> quat=['-0.3844', '0.4647', '0.6019', '-0.5234']
[GRASP-EXEC] continuous orientation: object long-axis yaw +3.5deg (angle-from-X 3.5deg); applied continuous yaw +1.7deg about waist Z (gain=1.00, clamp +/-15deg x scale 0.50) -> quat=['-0.3914', '0.4588', '0.5939', '-0.5325']
[GRASP-EXEC] recomputed TCP along final quat: detected_tcp_xyz=['0.3744', '0.2654', '-0.1377'] -> consistent_tcp_xyz=['0.3495', '0.2522', '0.0622']
[GRASP-EXEC] approach lateral clamp: approach Y +0.2676 -> +0.2522 (= grasp Y); tool_z outboard component would have pushed the standoff further from center than the grasp, which folds the elbow into its stop at far-outboard reaches.
[GRASP-EXEC] approach along grasp axis: dist=0.120m tool_z=[-0.954,0.128,0.273] approach_xyz=['0.2750', '0.2522', '0.0999']
[GRASP-EXEC] applied lift tilt -15.0deg about waist Y -> lift quat=['-0.4656', '0.5244', '0.5377', '-0.4681']
[GRASP-EXEC] QP-Stream left -> approach (pure-pursuit): pos=10.8cm rot=15.0deg, lookahead=13cm @ 50Hz, pos_tol=2.0cm accept=2.5cm keep_ori=False
[GRASP-EXEC] approach TCP tracking: commanded=[0.2750,0.2522,0.0999] achieved=[0.2781,0.2478,0.1179] err=[+3.1,-4.4,+18.0]mm |err|=18.8mm approach-axis tilt: achieved=+14.8deg commanded=+15.8deg (0=level) ori-err=3.3deg
[JOINT-LIMIT] left closest-to-limit: elbow_pitch=-2.0995 [-2.61,0.261] dist=0.5105rad
[JOINT-LIMIT] left approach per-joint: shoulder_pitch=+0.193[-2.96,+2.96](2.767) shoulder_roll=+0.581[-0.26,+2.62](0.843) shoulder_yaw=-0.385[-2.96,+2.96](2.575) elbow_pitch=-2.099[-2.61,+0.26](0.510) elbow_yaw=-1.058[-2.96,+2.96](1.902) wrist_pitch=+0.408[-0.79,+1.05](0.642) wrist_roll=-0.296[-1.65,+1.30](1.353)
[GRASP-EXEC] GRIPPER: open (after approach, before grasp insert)
[GRASP-EXEC] gripper open: start=89% -> target=0%
[GRASP-EXEC] gripper open result: pos=1% status=3 ok=True
[GRASP-EXEC] ARM: HYBRID pre-descent (position QP-stream) -> 9.2cm, leaving final 3.0cm for F/T compliant descend-to-contact
[GRASP-EXEC] QP-Stream left -> pre-grasp (pure-pursuit): pos=9.1cm rot=0.0deg, lookahead=8cm @ 50Hz, pos_tol=1.0cm accept=2.5cm keep_ori=True
[GRASP-EXEC] ARM: COMPLIANT insert to grasp pose (F/T admittance descend-to-contact)
[INFO] [1783407083.655629204] [XARM_manager]: [COMPLIANT-LEFT] Loaded F/T calibration from /home/ubuntu/niu/compliant_grasp_execute/ft_calibration/ft_calibration_left.json
[INFO] [1783407083.676223789] [XARM_manager]: [COMPLIANT-LEFT] target set: p=[0.36275863069657943, 0.24987293762384186, 0.08793737635991516] q=[0.39572843819186954, -0.4741701495427319, -0.5902606322994712, 0.5197634639393915]
[INFO] [1783407083.676646984] [XARM_manager]: [COMPLIANT-LEFT] seeded QP target at captured pose (z=+0.0879).
[INFO] [1783407083.677342754] [XARM_manager]: [COMPLIANT-LEFT] admittance loop starting (calibrating force offset; keep hands off the arm briefly)...
[INFO] [1783407084.019322150] [XARM_manager]: [COMPLIANT-LEFT] runtime offset calibrated. p_ref=[0.36275863069657943, 0.24987293762384186, 0.08793737635991516], ready.
[COMPLIANT-INSERT] runtime force-offset calibrated in 0.35s
[INFO] [1783407084.024334627] [XARM_manager]: [COMPLIANT-LEFT] gains updated: B=[3.9597979746446663, 5.6, 3.9597979746446663] K=[20.0, 40.0, 20.0] B_rot=[0.5, 0.5, 0.5] K_rot=[0.0, 0.0, 0.0]
[COMPLIANT-INSERT] insertion dir=[+0.79,+0.07,-0.61] planned_depth=3.4cm soft_axes=xz K=[20.0, 40.0, 20.0] B=[3.96, 5.6, 3.96] contact_thresh=1.5N
[INFO] [1783407084.865337627] [XARM_manager]: [COMPLIANT-LEFT] n=200 hz=237.4 F=[+0.00,+0.00,+0.00]N disp=[-2.2,-0.4,+3.4]cm v=[+0.12,+0.03,-0.17]
[COMPLIANT-INSERT] insert s=5.4cm tcp_drop=1.9cm lag=+3.4cm resist=+0.07N (throttle x0)
[INFO] [1783407085.700497772] [XARM_manager]: [COMPLIANT-LEFT] n=400 hz=240.5 F=[+0.00,+0.00,-0.06]N disp=[-0.7,-0.3,+2.7]cm v=[+0.04,+0.02,-0.14]
[COMPLIANT-INSERT] insert s=5.4cm tcp_drop=3.6cm lag=+1.8cm resist=-0.10N (throttle x0)
[INFO] [1783407086.542697169] [XARM_manager]: [COMPLIANT-LEFT] n=600 hz=239.0 F=[+0.00,+0.00,+0.00]N disp=[-0.1,-0.2,+2.0]cm v=[+0.01,+0.01,-0.10]
[COMPLIANT-INSERT] insert s=5.4cm tcp_drop=4.4cm lag=+1.0cm resist=-0.21N (throttle x0)
[INFO] [1783407087.380237672] [XARM_manager]: [COMPLIANT-LEFT] n=800 hz=239.7 F=[+0.00,+0.00,+0.00]N disp=[+0.1,-0.1,+1.4]cm v=[-0.00,+0.01,-0.07]
[INFO] [1783407087.407186062] [XARM_manager]: [COMPLIANT-LEFT] gains updated: B=[10.844353369380768, 10.844353369380768, 10.844353369380768] K=[150.0, 150.0, 150.0] B_rot=[0.5, 0.5, 0.5] K_rot=[0.0, 0.0, 0.0]
[INFO] [1783407087.408392672] [XARM_manager]: [COMPLIANT-LEFT] target set: p=[0.4059597283539156, 0.25245627272322163, 0.06847948791773772] q=[0.39572843819186954, -0.4741701495427319, -0.5902606322994712, 0.5197634639393915]
[COMPLIANT-INSERT] reached commanded depth (tcp_drop 4.6cm of planned 3.4cm) WITHOUT contact (resist 0.3N < 1.5N); proceeding to close anyway
[GRASP-EXEC] grasp TCP tracking: commanded=[0.3895,0.2522,0.0672] achieved=[0.4062,0.2518,0.0686] err=[+16.7,-0.4,+1.5]mm |err|=16.8mm approach-axis tilt: achieved=+12.8deg commanded=+15.8deg (0=level) ori-err=3.4deg
[JOINT-LIMIT] left closest-to-limit: wrist_pitch=0.3521 [-0.785,1.05] dist=0.6979rad
[JOINT-LIMIT] left grasp per-joint: shoulder_pitch=-0.297[-2.96,+2.96](2.663) shoulder_roll=+0.525[-0.26,+2.62](0.787) shoulder_yaw=-0.671[-2.96,+2.96](2.289) elbow_pitch=-1.496[-2.61,+0.26](1.114) elbow_yaw=-0.800[-2.96,+2.96](2.160) wrist_pitch=+0.352[-0.79,+1.05](0.698) wrist_roll=-0.026[-1.65,+1.30](1.326)
[GRASP-EXEC] GRIPPER: close at grasp pose (after arm motion, not at approach)
[GRASP-EXEC] gripper close: start=1% -> target=100%
[INFO] [1783407088.207322401] [XARM_manager]: [COMPLIANT-LEFT] n=1000 hz=242.1 F=[-1.16,+0.46,+12.38]N disp=[-0.2,+0.1,+0.4]cm v=[-0.04,+0.01,+0.20]
[GRASP-EXEC] gripper close result: pos=90% status=3 ok=True
[INFO] [1783407088.715476933] [XARM_manager]: [COMPLIANT-LEFT] admittance loop stopped.
[GRASP-EXEC] ARM: rotate wrist away from table -20deg about waist Y before lift
[GRASP-EXEC] QP-Stream left -> table-clear (pure-pursuit): pos=0.0cm rot=20.0deg, lookahead=13cm @ 50Hz, pos_tol=2.0cm accept=2.5cm keep_ori=False
[GRASP-EXEC] ARM: lift after grasp
[GRASP-EXEC] QP-Stream left -> lift (pure-pursuit): pos=10.7cm rot=0.0deg, lookahead=13cm @ 50Hz, pos_tol=2.0cm accept=2.5cm keep_ori=True
[JOINT-LIMIT] left closest-to-limit: wrist_pitch=0.3951 [-0.785,1.05] dist=0.6549rad
[JOINT-LIMIT] left lift per-joint: shoulder_pitch=-0.251[-2.96,+2.96](2.709) shoulder_roll=+0.541[-0.26,+2.62](0.803) shoulder_yaw=-0.414[-2.96,+2.96](2.546) elbow_pitch=-1.876[-2.61,+0.26](0.734) elbow_yaw=-0.961[-2.96,+2.96](1.999) wrist_pitch=+0.395[-0.79,+1.05](0.655) wrist_roll=-0.576[-1.65,+1.30](1.074)
[INFO] [1783407090.157850793] [XARM_manager]: Deactivated controllers: ['endpose_single_arm_qp_L_controller']
[GRASP-EXEC] PRE-HOME WAYPOINT: left -> joints=['0.000', '1.180', '0.000', '-1.300', '1.400', '-0.130', '0.180']
[INFO] [1783407090.176451203] [XARM_manager]: Activated controllers: ['jointspace_arm_L_controller']
[INFO] [1783407090.177682574] [XARM_manager]: Sending goal to action server /jointspace_arm_L_controller/jointspace (attempt 1/3):
eai_manipulator_msgs.action.JointSpace_Goal(target_positions=[0.0, 1.18, 0.0, -1.3, 1.4, -0.13, 0.18])
[INFO] [1783407090.179601023] [XARM_manager]: Goal accepted. Waiting for result...
[INFO] [1783407092.708653368] [XARM_manager]: Action result received from /jointspace_arm_L_controller/jointspace
[INFO] [1783407092.708973424] [XARM_manager]: Action result: eai_manipulator_msgs.action.JointSpace_Result(success=True, result_msg='action finished')
[GRASP-EXEC] pre-home waypoint result: eai_manipulator_msgs.action.JointSpace_Result(success=True, result_msg='action finished')
[GRASP-EXEC] RETURN HOME: left -> joints=['0.844', '0.026', '-0.006', '-2.216', '-1.529', '0.250', '0.683']
[INFO] [1783407092.712225150] [XARM_manager]: Sending goal to action server /jointspace_arm_L_controller/jointspace (attempt 1/3):
eai_manipulator_msgs.action.JointSpace_Goal(target_positions=[0.844, 0.026, -0.006, -2.216, -1.529, 0.25, 0.683])
[INFO] [1783407092.714351451] [XARM_manager]: Goal accepted. Waiting for result...
[INFO] [1783407095.673198672] [XARM_manager]: Action result received from /jointspace_arm_L_controller/jointspace
[INFO] [1783407095.673466847] [XARM_manager]: Action result: eai_manipulator_msgs.action.JointSpace_Result(success=True, result_msg='action finished')
[GRASP-EXEC] return home result: eai_manipulator_msgs.action.JointSpace_Result(success=True, result_msg='action finished')
{
  "arm": "left",
  "pipeline_version": "accelerated",
  "motion_strategy": "qp_all",
  "dry_run": false,
  "motion": {
    "detected_pose7": [
      0.374431118351655,
      0.2654133914526534,
      -0.1376855361192881,
      0.6947895215143665,
      0.5066016549280118,
      -0.34306648453885236,
      -0.3780577617298591
    ],
    "approach_pose7": [
      0.27504781758175956,
      0.25221353316469464,
      0.09985979236340639,
      -0.39142388626162106,
      0.45882741384264003,
      0.5938923768406692,
      -0.5325003195312328
    ],
    "grasp_pose7": [
      0.38947727517656455,
      0.25221353316469464,
      0.06715625342652855,
      -0.39142388626162106,
      0.45882741384264003,
      0.5938923768406692,
      -0.5325003195312328
    ],
    "lift_pose7": [
      0.38947727517656455,
      0.25221353316469464,
      0.18715625342652853,
      -0.4655937111905795,
      0.5244073207760928,
      0.5377204758100561,
      -0.46805571026409926
    ],
    "pre_home_pose7": [
      0.20947727517656456,
      0.15221353316469463,
      0.23715625342652852,
      -0.4655937111905795,
      0.5244073207760928,
      0.5377204758100561,
      -0.46805571026409926
    ],
    "grasp_xyz_offset_m": [
      0.04,
      0.0,
      0.005
    ],
    "grasp_quat": [
      -0.39142388626162106,
      0.45882741384264003,
      0.5938923768406692,
      -0.5325003195312328
    ],
    "use_fixed_grasp_quat": true,
    "phase_backends": {
      "approach": "qp_stream",
      "grasp": "qp_stream",
      "lift": "qp_stream"
    },
    "joint_limits_used": {
      "shoulder_pitch": [
        -2.96,
        2.96
      ],
      "shoulder_roll": [
        -0.262,
        2.616
      ],
      "shoulder_yaw": [
        -2.96,
        2.96
      ],
      "elbow_pitch": [
        -2.61,
        0.261
      ],
      "elbow_yaw": [
        -2.96,
        2.96
      ],
      "wrist_pitch": [
        -0.785,
        1.05
      ],
      "wrist_roll": [
        -1.65,
        1.3
      ]
    },
    "grasp_reach_retry_used": true,
    "grasp_reach_retry_yaw_scale": 0.5,
    "approach_tcp_tracking": {
      "commanded_xyz": [
        0.27504781758175956,
        0.25221353316469464,
        0.09985979236340639
      ],
      "achieved_xyz": [
        0.2781272364165183,
        0.24782265484296706,
        0.11790406667289438
      ],
      "error_mm": [
        3.0794188347587625,
        -4.390878321727576,
        18.04427430948799
      ],
      "error_norm_mm": 18.824411495505842,
      "achieved_quat": [
        0.3870275119934271,
        -0.4712875308444359,
        -0.6064431389795737,
        0.510220038233833
      ],
      "approach_axis_tilt_deg": 14.844437848654971,
      "commanded_approach_axis_tilt_deg": 15.81484191593825,
      "orientation_error_deg": 3.298510406630849
    },
    "approach_joint_limits": {
      "closest": {
        "joint": "elbow_pitch",
        "value": -2.0995,
        "lower": -2.61,
        "upper": 0.261,
        "dist_to_limit": 0.5105,
        "nearest_side": "lower"
      },
      "breached": [],
      "margin_rad": 0.05
    },
    "compliant_insert": {
      "ok": true,
      "contact": false,
      "reason": "reached_depth_no_contact",
      "resist_n": 0.28418578768885366,
      "traveled_m": 0.04611539636846636,
      "planned_depth_m": 0.03392962452940242,
      "ft_topic": "/arm_6dof_left",
      "calib_path": "/home/ubuntu/niu/compliant_grasp_execute/ft_calibration/ft_calibration_left.json",
      "calib_present": true,
      "commanded_m": 0.05392962452940242,
      "throttle_events": 0
    },
    "grasp_tcp_tracking": {
      "commanded_xyz": [
        0.38947727517656455,
        0.25221353316469464,
        0.06715625342652855
      ],
      "achieved_xyz": [
        0.4062190840371442,
        0.2518478910666628,
        0.06862388807504577
      ],
      "error_mm": [
        16.74180886057963,
        -0.36564209803185976,
        1.4676346485172216
      ],
      "error_norm_mm": 16.809991360187073,
      "achieved_quat": [
        0.39741406735575663,
        -0.4811879205917095,
        -0.5868644499587642,
        0.5158588581375513
      ],
      "approach_axis_tilt_deg": 12.770153218600742,
      "commanded_approach_axis_tilt_deg": 15.81484191593825,
      "orientation_error_deg": 3.3649094386755944
    },
    "grasp_joint_limits": {
      "closest": {
        "joint": "wrist_pitch",
        "value": 0.3521,
        "lower": -0.785,
        "upper": 1.05,
        "dist_to_limit": 0.6979,
        "nearest_side": "upper"
      },
      "breached": [],
      "margin_rad": 0.05
    },
    "lift_joint_limits": {
      "closest": {
        "joint": "wrist_pitch",
        "value": 0.3951,
        "lower": -0.785,
        "upper": 1.05,
        "dist_to_limit": 0.6549,
        "nearest_side": "upper"
      },
      "breached": [],
      "margin_rad": 0.05
    },
    "retract_ok": null,
    "return_home_ok": true,
    "released_on_finish_ok": null,
    "approach_ok": true,
    "grasp_ok": true,
    "lift_ok": true
  },
  "detection": {
    "class_name": "remote-control",
    "pose_head_roll_link": [
      0.839712661573611,
      0.22486974249550656,
      -0.08815547873541994,
      -0.3558011273091155,
      0.0373762901469893,
      0.9334522846090875,
      -0.025988518589672247
    ],
    "pose_tip_waist_yaw_link_rpy": {
      "x": 0.6031292395117157,
      "y": 0.2181332094510721,
      "z": -0.010336591216884017,
      "roll": 0.05082215381965496,
      "pitch": 0.02980086472391208,
      "yaw": -3.080556179128452
    },
    "pose_tip_used_for_tcp_conversion_rpy": {
      "x": 0.6031292395117157,
      "y": 0.2181332094510721,
      "z": -0.010336591216884017,
      "roll": -2.072442577251417,
      "pitch": 0.0938061372073773,
      "yaw": 1.315605430252464
    },
    "pose_tcp_waist_yaw_link_rpy": {
      "x": 0.374431118351655,
      "y": 0.2654133914526534,
      "z": -0.1376855361192881,
      "roll": -2.072442577251417,
      "pitch": 0.0938061372073773,
      "yaw": 1.315605430252464
    },
    "pose_tcp_waist_yaw_link_pose7": [
      0.374431118351655,
      0.2654133914526534,
      -0.1376855361192881,
      0.6947895215143665,
      0.5066016549280118,
      -0.34306648453885236,
      -0.3780577617298591
    ],
    "current_tcp_pose7": [
      0.11561206104729577,
      -0.2579261607811316,
      0.14132553650487267,
      0.6947895215143665,
      0.5066016549280118,
      -0.34306648453885236,
      -0.3780577617298591
    ],
    "tcp_minus_tip_waist_m": [
      -0.22869812116006072,
      0.04728018200158132,
      -0.1273489449024041
    ],
    "tcp_to_tip_offset_m": [
      0.0,
      0.0,
      -0.266
    ],
    "orientation_policy": "current",
    "use_current_tcp_rotation": true,
    "rotation_source_arm": "right",
    "bbox_2d": [
      429.3713684082031,
      239.9274139404297,
      477.8500061035156,
      400.61529541015625
    ],
    "bbox_3d": {
      "min": [
        0.7771898952971588,
        0.20037246000029565,
        -0.1511080223536268
      ],
      "max": [
        0.9127383003976943,
        0.2586995106561881,
        -0.02346144023000682
      ],
      "center": [
        0.8449640978474265,
        0.22953598532824188,
        -0.08728473129181681
      ],
      "size": [
        0.13554840510053556,
        0.05832705065589247,
        0.12764658212361998
      ]
    },
    "object_long_axis_waist": [
      -0.9976946665221019,
      -0.06097149929371577,
      -0.02979645393714328
    ],
    "object_long_axis_yaw_waist_deg": 3.4971323829928735,
    "object_angle_from_waist_x_deg": 3.49713238299288
  },
  "gripper": {
    "open_ok": true,
    "close_ok": true,
    "final_pos_pct": 90.0,
    "backend": "modbus_rtu"
  },
  "ok": true
}
[GRASP-EXEC] saved result json: /tmp/grasp_exec.json
[GRASP-EXEC] saved handoff: /tmp/grasp_handoff.json (arm=left holding=True)



竖放，没抓起来。