[日志] 日志文件: logs/grasp/grasp_260708_103031.log
[日志] 执行命令: python3 -m compliant_grasp_execute.main
[INFO] [1783477831.589651520] [XARM_manager]: waiting for service /controller_manager/get_parameters to become available...
[INFO] [1783477832.515818151] [XARM_manager]: XARM_manager initialized, robot_type: tianyi2, run_type: real
[INFO] [1783477832.521502673] [XARM_manager]: 已订阅关节状态话题: /joint_states
[INFO] [1783477832.526408164] [XARM_manager]: 已订阅警告和错误信息话题: /manipulator/warn_and_error_info
[INFO] [1783477832.538537149] [XARM_manager]: /joint_action_report 服务已启动
[CONFIG] loaded 201 params from /home/ubuntu/niu/compliant_grasp_execute/config.yaml
[GRASP-EXEC] STARTUP: enabling arms and moving BOTH to home posture
[INFO] [1783477837.594758216] [XARM_manager]: Deactivated controllers: ['jointspace_arm_L_controller', 'jointspace_arm_R_controller']
[GRASP-EXEC] STARTUP: left -> home joints=['0.844', '0.026', '-0.006', '-2.216', '-1.529', '0.250', '0.683']
[INFO] [1783477837.613755561] [XARM_manager]: Activated controllers: ['jointspace_arm_L_controller']
[INFO] [1783477837.628525055] [XARM_manager]: Sending goal to action server /jointspace_arm_L_controller/jointspace (attempt 1/3):
eai_manipulator_msgs.action.JointSpace_Goal(target_positions=[0.844, 0.026, -0.006, -2.216, -1.529, 0.25, 0.683])
[INFO] [1783477837.630655366] [XARM_manager]: Goal accepted. Waiting for result...
[INFO] [1783477838.083801477] [XARM_manager]: Action result received from /jointspace_arm_L_controller/jointspace
[INFO] [1783477838.084296210] [XARM_manager]: Action result: eai_manipulator_msgs.action.JointSpace_Result(success=True, result_msg='action finished')
[GRASP-EXEC] STARTUP: right -> home joints=['0.844', '-0.026', '0.006', '-2.216', '1.529', '0.250', '-0.683']
[INFO] [1783477838.097689891] [XARM_manager]: Activated controllers: ['jointspace_arm_R_controller']
[INFO] [1783477838.110000235] [XARM_manager]: Sending goal to action server /jointspace_arm_R_controller/jointspace (attempt 1/3):
eai_manipulator_msgs.action.JointSpace_Goal(target_positions=[0.844, -0.026, 0.006, -2.216, 1.529, 0.25, -0.683])
[INFO] [1783477838.111731751] [XARM_manager]: Goal accepted. Waiting for result...
[INFO] [1783477838.565800303] [XARM_manager]: Action result received from /jointspace_arm_R_controller/jointspace
[INFO] [1783477838.566272095] [XARM_manager]: Action result: eai_manipulator_msgs.action.JointSpace_Result(success=True, result_msg='action finished')
[GRASP-EXEC] STARTUP: activating both grippers (open/close cycle)
[robotiq_api] gripper not activated (gSTA!=3); running resetActivate() once
Activation completed. Activation time :  1.744312047958374
[GRASP-EXEC] STARTUP: gripper 'left' activated
[robotiq_api] gripper not activated (gSTA!=3); running resetActivate() once
Activation completed. Activation time :  3.6480376720428467
[GRASP-EXEC] STARTUP: gripper 'right' activated
perception health check pass
[object_pose] RGB (720, 1280, 3), depth (720, 1280), valid-depth pixels: 849009/921600 (median valid depth 1.067 m)
[GRASP-EXEC] ARM-SELECT: object waist Y=-0.165m (y < boundary 0.000) -> 'right' arm
[GRASP-EXEC] diagonal schedule: angle-from-X=46.258878986073185deg -> tilt_scale=0.65, yaw_clamp=35.8deg (freed wrist_pitch, raised jaw alignment)
[GRASP-EXEC] applied grasp tilt +29.4deg about waist Y (tilt scale 1.00 x diag 0.65) -> quat=['0.3192', '0.4074', '-0.6389', '-0.5692']
[GRASP-EXEC] continuous orientation: object long-axis yaw +46.3deg (angle-from-X 46.3deg); applied continuous yaw +35.8deg about waist Z (gain=1.00, clamp +/-36deg) -> quat=['0.1784', '0.4859', '-0.7830', '-0.3450']
[GRASP-EXEC] recomputed TCP along final quat: detected_tcp_xyz=['0.3127', '-0.1174', '-0.1423'] -> consistent_tcp_xyz=['0.3779', '-0.3343', '0.1086']
[GRASP-EXEC] approach lateral clamp: approach Y -0.4108 -> -0.3343 (= grasp Y); tool_z outboard component would have pushed the standoff further from center than the grasp, which folds the elbow into its stop at far-outboard reaches.
[GRASP-EXEC] approach along grasp axis: dist=0.120m tool_z=[-0.615,-0.638,0.464] approach_xyz=['0.3441', '-0.3343', '0.1693']
[GRASP-EXEC] applied lift tilt -15.0deg about waist Y -> lift quat=['0.2791', '0.5267', '-0.7530', '-0.2786']
[GRASP-EXEC] detected class=remote-control detected_pose7=['0.3127', '-0.1174', '-0.1423', '0.6948', '0.5068', '-0.3430', '-0.3779'] -> motion grasp_pose7=['0.4179', '-0.3343', '0.1136', '0.1784', '0.4859', '-0.7830', '-0.3450']
[INFO] [1783477848.807225409] [XARM_manager]: Deactivated controllers: ['jointspace_arm_L_controller', 'jointspace_arm_R_controller']
[GRASP-EXEC] arms enabled (mode 3) [took 0.02s]
[JOINT-LIMIT] right: using live controller limits from endpose_single_arm_qp_R_controller
[GRASP-EXEC] joint-limit guard ON (margin 0.050 rad) arm=right
[GRASP-EXEC] gripper: connecting in background (overlaps arm enable + approach to hide the slow serial open; --no-gripper-async-connect for the old blocking behaviour)
[GRASP-EXEC] gripper: arm='right' -> stable by-id port /dev/serial/by-id/usb-FTDI_FT231X_USB_UART_D30JLK40-if00-port0
[GRASP-EXEC] ARM: approach via qp_stream
[INFO] [1783477848.843224691] [XARM_manager]: Activated controllers: ['endpose_single_arm_qp_R_controller']
[GRASP-EXEC] QP-Stream right -> approach (pure-pursuit): pos=24.3cm rot=79.5deg, lookahead=13cm @ 50Hz, pos_tol=2.0cm accept=2.5cm keep_ori=False
[robotiq_api] gripper already activated (gSTA==3); skip resetActivate()
[GRASP-EXEC] gripper: cached serial port /dev/serial/by-id/usb-FTDI_FT231X_USB_UART_D30JLK40-if00-port0 -> /tmp/robotiq_gripper_port.txt
[GRASP-EXEC] gripper controller ready: backend=modbus_rtu port=auto slave=9 (wait_timeout=8.0s) [connect took 0.03s]
[GRASP-EXEC] approach TCP tracking: commanded=[0.3441,-0.3343,0.1693] achieved=[0.3333,-0.3286,0.1540] err=[-10.8,+5.7,-15.3]mm |err|=19.6mm approach-axis tilt: achieved=+33.2deg commanded=+27.7deg (0=level) ori-err=6.6deg
[GRASP-EXEC] approach orientation miss 6.6deg -> ~31mm fingertip offset > tol 30mm: TCP reached position but the wrist could not hold the commanded tilt, so the fingers would miss the object. Treating approach as failed to trigger the reduced-tilt retry (prevents grasping air).
[GRASP-EXEC] approach failed to reach target; retrying with reduced long-axis alignment (yaw scale 0.50)
[GRASP-EXEC] diagonal schedule: angle-from-X=46.258878986073185deg -> tilt_scale=0.65, yaw_clamp=35.8deg (freed wrist_pitch, raised jaw alignment)
[GRASP-EXEC] applied grasp tilt +14.7deg about waist Y (tilt scale 0.50 x diag 0.65) -> quat=['0.3983', '0.4768', '-0.5928', '-0.5124']
[GRASP-EXEC] continuous orientation: object long-axis yaw +46.3deg (angle-from-X 46.3deg); applied continuous yaw +17.9deg about waist Z (gain=1.00, clamp +/-36deg x scale 0.50) -> quat=['0.3192', '0.5330', '-0.6654', '-0.4138']
[GRASP-EXEC] recomputed TCP along final quat: detected_tcp_xyz=['0.3127', '-0.1174', '-0.1423'] -> consistent_tcp_xyz=['0.3110', '-0.2830', '0.0458']
[GRASP-EXEC] approach lateral clamp: approach Y -0.3365 -> -0.2830 (= grasp Y); tool_z outboard component would have pushed the standoff further from center than the grasp, which folds the elbow into its stop at far-outboard reaches.
[GRASP-EXEC] approach along grasp axis: dist=0.120m tool_z=[-0.866,-0.445,0.228] approach_xyz=['0.2471', '-0.2830', '0.0781']
[GRASP-EXEC] applied lift tilt -15.0deg about waist Y -> lift quat=['0.4033', '0.5825', '-0.6181', '-0.3407']
[GRASP-EXEC] QP-Stream right -> approach (pure-pursuit): pos=12.4cm rot=29.4deg, lookahead=13cm @ 50Hz, pos_tol=2.0cm accept=2.5cm keep_ori=False
[GRASP-EXEC] approach TCP tracking: commanded=[0.2471,-0.2830,0.0781] achieved=[0.2553,-0.2999,0.0740] err=[+8.2,-16.9,-4.1]mm |err|=19.3mm approach-axis tilt: achieved=+18.1deg commanded=+13.2deg (0=level) ori-err=6.1deg
[JOINT-LIMIT] right closest-to-limit: wrist_pitch=-0.2358 [-0.785,1.05] dist=0.5492rad
[JOINT-LIMIT] right approach per-joint: shoulder_pitch=+0.337[-2.96,+2.96](2.623) shoulder_roll=-0.618[-2.62,+0.26](0.880) shoulder_yaw=+0.144[-2.96,+2.96](2.816) elbow_pitch=-1.883[-2.61,+0.26](0.727) elbow_yaw=+1.018[-2.96,+2.96](1.942) wrist_pitch=-0.236[-0.79,+1.05](0.549) wrist_roll=+0.128[-1.30,+1.65](1.428)
[GRASP-EXEC] GRIPPER: open (after approach, before grasp insert)
[GRASP-EXEC] gripper already open enough: 1% (skip open command)
[GRASP-EXEC] ARM: HYBRID pre-descent (position QP-stream) -> 7.0cm, leaving final 3.0cm for F/T compliant descend-to-contact
[GRASP-EXEC] QP-Stream right -> pre-grasp (pure-pursuit): pos=7.1cm rot=0.0deg, lookahead=8cm @ 50Hz, pos_tol=1.0cm accept=2.5cm keep_ori=True
[GRASP-EXEC] ARM: COMPLIANT insert to grasp pose (F/T admittance descend-to-contact)
[INFO] [1783477854.334119321] [XARM_manager]: [COMPLIANT-RIGHT] Loaded F/T calibration from /home/ubuntu/niu/compliant_grasp_execute/ft_calibration/ft_calibration_right.json
[INFO] [1783477854.354783190] [XARM_manager]: [COMPLIANT-RIGHT] target set: p=[0.32193728376550923, -0.2872606983402223, 0.06675443600369085] q=[-0.3044216651595655, -0.5147851877425232, 0.6993927642202564, 0.3913737620468717]
[INFO] [1783477854.356161490] [XARM_manager]: [COMPLIANT-RIGHT] seeded QP target at captured pose (z=+0.0668).
[INFO] [1783477854.356837138] [XARM_manager]: [COMPLIANT-RIGHT] admittance loop starting (calibrating force offset; keep hands off the arm briefly)...
[INFO] [1783477854.687951596] [XARM_manager]: [COMPLIANT-RIGHT] runtime offset calibrated. p_ref=[0.32193728376550923, -0.2872606983402223, 0.06675443600369085], ready.
[COMPLIANT-INSERT] runtime force-offset calibrated in 0.35s
[INFO] [1783477854.703182458] [XARM_manager]: [COMPLIANT-RIGHT] gains updated: B=[3.9597979746446663, 5.6, 3.9597979746446663] K=[20.0, 40.0, 20.0] B_rot=[0.5, 0.5, 0.5] K_rot=[0.0, 0.0, 0.0]
[COMPLIANT-INSERT] insertion dir=[+0.87,+0.13,-0.48] planned_depth=3.3cm soft_axes=xz K=[20.0, 40.0, 20.0] B=[3.96, 5.6, 3.96] contact_thresh=1.5N
[INFO] [1783477855.525132918] [XARM_manager]: [COMPLIANT-RIGHT] n=200 hz=240.0 F=[-1.53,+2.05,-5.40]N disp=[-2.9,-0.4,+2.8]cm v=[-0.13,+0.14,-0.20]
[COMPLIANT-INSERT] insert s=5.3cm tcp_drop=1.7cm lag=+3.6cm resist=-1.83N (throttle x0)
[INFO] [1783477856.361993221] [XARM_manager]: [COMPLIANT-RIGHT] n=400 hz=239.6 F=[+0.00,+0.00,-1.79]N disp=[-1.0,-0.1,+2.3]cm v=[+0.05,+0.01,-0.20]
[COMPLIANT-INSERT] insert s=5.3cm tcp_drop=4.1cm lag=+1.2cm resist=-1.70N (throttle x0)
[INFO] [1783477856.956353721] [XARM_manager]: [COMPLIANT-RIGHT] gains updated: B=[10.844353369380768, 10.844353369380768, 10.844353369380768] K=[150.0, 150.0, 150.0] B_rot=[0.5, 0.5, 0.5] K_rot=[0.0, 0.0, 0.0]
[INFO] [1783477856.957517154] [XARM_manager]: [COMPLIANT-RIGHT] target set: p=[0.36779203594377324, -0.28041164011893205, 0.05685858695832113] q=[-0.3044216651595655, -0.5147851877425232, 0.6993927642202564, 0.3913737620468717]
[COMPLIANT-INSERT] reached commanded depth (tcp_drop 4.5cm of planned 3.3cm) WITHOUT contact (resist -1.7N < 1.5N); proceeding to close anyway
[GRASP-EXEC] grasp TCP tracking: commanded=[0.3510,-0.2830,0.0508] achieved=[0.3688,-0.2800,0.0558] err=[+17.8,+3.0,+5.1]mm |err|=18.8mm approach-axis tilt: achieved=+14.1deg commanded=+13.2deg (0=level) ori-err=4.4deg
[JOINT-LIMIT] right closest-to-limit: wrist_pitch=-0.2453 [-0.785,1.05] dist=0.5397rad
[JOINT-LIMIT] right grasp per-joint: shoulder_pitch=-0.125[-2.96,+2.96](2.835) shoulder_roll=-0.546[-2.62,+0.26](0.808) shoulder_yaw=+0.402[-2.96,+2.96](2.558) elbow_pitch=-1.475[-2.61,+0.26](1.135) elbow_yaw=+1.002[-2.96,+2.96](1.958) wrist_pitch=-0.245[-0.79,+1.05](0.540) wrist_roll=+0.045[-1.30,+1.65](1.345)
[INFO] [1783477857.192617996] [XARM_manager]: [COMPLIANT-RIGHT] n=600 hz=241.9 F=[-0.31,+0.00,+5.31]N disp=[+0.1,+0.0,-0.1]cm v=[-0.05,-0.01,+0.20]
[GRASP-EXEC] GRIPPER: close at grasp pose (after arm motion, not at approach)
[GRASP-EXEC] gripper close: start=1% -> target=100%
[INFO] [1783477858.023576534] [XARM_manager]: [COMPLIANT-RIGHT] n=800 hz=241.2 F=[+0.00,-2.26,+35.62]N disp=[-0.8,-0.2,+0.8]cm v=[+0.12,-0.18,+0.20]
[INFO] [1783477858.859314996] [XARM_manager]: [COMPLIANT-RIGHT] n=1000 hz=240.2 F=[-0.96,+1.89,+34.26]N disp=[-0.9,-0.2,+2.2]cm v=[+0.08,+0.20,+0.20]
[GRASP-EXEC] gripper close result: pos=90% status=3 ok=True
[INFO] [1783477859.428404265] [XARM_manager]: [COMPLIANT-RIGHT] admittance loop stopped.
[GRASP-EXEC] ARM: rotate wrist away from table -20deg about waist Y before lift
[GRASP-EXEC] QP-Stream right -> table-clear (pure-pursuit): pos=0.0cm rot=20.0deg, lookahead=13cm @ 50Hz, pos_tol=2.0cm accept=2.5cm keep_ori=False
[GRASP-EXEC] ARM: lift after grasp
[GRASP-EXEC] QP-Stream right -> lift (pure-pursuit): pos=8.1cm rot=0.0deg, lookahead=13cm @ 50Hz, pos_tol=2.0cm accept=2.5cm keep_ori=True
[JOINT-LIMIT] right closest-to-limit: wrist_pitch=-0.2467 [-0.785,1.05] dist=0.5383rad
[JOINT-LIMIT] right lift per-joint: shoulder_pitch=-0.053[-2.96,+2.96](2.907) shoulder_roll=-0.561[-2.62,+0.26](0.823) shoulder_yaw=+0.138[-2.96,+2.96](2.822) elbow_pitch=-1.852[-2.61,+0.26](0.758) elbow_yaw=+0.854[-2.96,+2.96](2.106) wrist_pitch=-0.247[-0.79,+1.05](0.538) wrist_roll=+0.538[-1.30,+1.65](1.112)
[INFO] [1783477860.772921389] [XARM_manager]: Deactivated controllers: ['endpose_single_arm_qp_R_controller']
[GRASP-EXEC] PRE-HOME WAYPOINT: right -> joints=['0.000', '-1.180', '0.000', '-1.300', '-1.400', '-0.130', '0.180']
[INFO] [1783477860.791691447] [XARM_manager]: Activated controllers: ['jointspace_arm_R_controller']
[INFO] [1783477860.792738560] [XARM_manager]: Sending goal to action server /jointspace_arm_R_controller/jointspace (attempt 1/3):
eai_manipulator_msgs.action.JointSpace_Goal(target_positions=[0.0, -1.18, 0.0, -1.3, -1.4, -0.13, 0.18])
[INFO] [1783477860.794751480] [XARM_manager]: Goal accepted. Waiting for result...
[INFO] [1783477863.244810117] [XARM_manager]: Action result received from /jointspace_arm_R_controller/jointspace
[INFO] [1783477863.245280509] [XARM_manager]: Action result: eai_manipulator_msgs.action.JointSpace_Result(success=True, result_msg='action finished')
[GRASP-EXEC] pre-home waypoint result: eai_manipulator_msgs.action.JointSpace_Result(success=True, result_msg='action finished')
[GRASP-EXEC] RETURN HOME: right -> joints=['0.844', '-0.026', '0.006', '-2.216', '1.529', '0.250', '-0.683']
[INFO] [1783477863.248359856] [XARM_manager]: Sending goal to action server /jointspace_arm_R_controller/jointspace (attempt 1/3):
eai_manipulator_msgs.action.JointSpace_Goal(target_positions=[0.844, -0.026, 0.006, -2.216, 1.529, 0.25, -0.683])
[INFO] [1783477863.250716975] [XARM_manager]: Goal accepted. Waiting for result...
[INFO] [1783477866.207771967] [XARM_manager]: Action result received from /jointspace_arm_R_controller/jointspace
[INFO] [1783477866.208261630] [XARM_manager]: Action result: eai_manipulator_msgs.action.JointSpace_Result(success=True, result_msg='action finished')
[GRASP-EXEC] return home result: eai_manipulator_msgs.action.JointSpace_Result(success=True, result_msg='action finished')
{
  "arm": "right",
  "pipeline_version": "accelerated",
  "motion_strategy": "qp_all",
  "dry_run": false,
  "motion": {
    "detected_pose7": [
      0.31267199885545843,
      -0.11740287458208865,
      -0.1423350693309982,
      0.6947829175256509,
      0.5067602880535071,
      -0.3430133571438326,
      -0.37790547070317543
    ],
    "approach_pose7": [
      0.24709919856621532,
      -0.2830287238487872,
      0.07812960958784246,
      0.319162855789176,
      0.5330102940964009,
      -0.6654123523782827,
      -0.41383752750827985
    ],
    "grasp_pose7": [
      0.35100829510407816,
      -0.2830287238487872,
      0.050761186098618634,
      0.319162855789176,
      0.5330102940964009,
      -0.6654123523782827,
      -0.41383752750827985
    ],
    "lift_pose7": [
      0.35100829510407816,
      -0.2830287238487872,
      0.17076118609861862,
      0.40328611392569347,
      0.5824669538046366,
      -0.618060545195869,
      -0.3407252859892339
    ],
    "pre_home_pose7": [
      0.17100829510407817,
      -0.38302872384878717,
      0.2207611860986186,
      0.40328611392569347,
      0.5824669538046366,
      -0.618060545195869,
      -0.3407252859892339
    ],
    "grasp_xyz_offset_m": [
      0.04,
      0.0,
      0.005
    ],
    "grasp_quat": [
      0.319162855789176,
      0.5330102940964009,
      -0.6654123523782827,
      -0.41383752750827985
    ],
    "use_fixed_grasp_quat": true,
    "phase_backends": {
      "approach": "qp_stream",
      "grasp": "qp_stream",
      "lift": "qp_stream"
    },
    "joint_limits_used": {
      "shoulder_pitch": [
        -2.96,
        2.96
      ],
      "shoulder_roll": [
        -2.616,
        0.262
      ],
      "shoulder_yaw": [
        -2.96,
        2.96
      ],
      "elbow_pitch": [
        -2.61,
        0.261
      ],
      "elbow_yaw": [
        -2.96,
        2.96
      ],
      "wrist_pitch": [
        -0.785,
        1.05
      ],
      "wrist_roll": [
        -1.3,
        1.65
      ]
    },
    "grasp_reach_retry_used": true,
    "grasp_reach_retry_yaw_scale": 0.5,
    "approach_tcp_tracking": {
      "commanded_xyz": [
        0.24709919856621532,
        -0.2830287238487872,
        0.07812960958784246
      ],
      "achieved_xyz": [
        0.255339994205521,
        -0.2999382897351409,
        0.07401042687665171
      ],
      "error_mm": [
        8.240795639305688,
        -16.90956588635373,
        -4.119182711190744
      ],
      "error_norm_mm": 19.256474169533476,
      "achieved_quat": [
        -0.29629055853517644,
        -0.5069048114799757,
        0.7035531899587933,
        0.40034026267685047
      ],
      "approach_axis_tilt_deg": 18.090500612296537,
      "commanded_approach_axis_tilt_deg": 13.183482681098813,
      "orientation_error_deg": 6.109149931256018
    },
    "approach_joint_limits": {
      "closest": {
        "joint": "wrist_pitch",
        "value": -0.2358,
        "lower": -0.785,
        "upper": 1.05,
        "dist_to_limit": 0.5492,
        "nearest_side": "lower"
      },
      "breached": [],
      "margin_rad": 0.05
    },
    "compliant_insert": {
      "ok": true,
      "contact": false,
      "reason": "reached_depth_no_contact",
      "resist_n": -1.6751100981431646,
      "traveled_m": 0.0454515305826776,
      "planned_depth_m": 0.03344872719356378,
      "ft_topic": "/arm_6dof_right",
      "calib_path": "/home/ubuntu/niu/compliant_grasp_execute/ft_calibration/ft_calibration_right.json",
      "calib_present": true,
      "commanded_m": 0.05344872719356378,
      "throttle_events": 0
    },
    "grasp_tcp_tracking": {
      "commanded_xyz": [
        0.35100829510407816,
        -0.2830287238487872,
        0.050761186098618634
      ],
      "achieved_xyz": [
        0.368846691266151,
        -0.2800226510194797,
        0.05582263573786611
      ],
      "error_mm": [
        17.838396162072833,
        3.0060728293074823,
        5.061449639247477
      ],
      "error_norm_mm": 18.78465128611106,
      "achieved_quat": [
        -0.3144922606633118,
        -0.5283067552220272,
        0.6887273212230349,
        0.384241157830073
      ],
      "approach_axis_tilt_deg": 14.121160030811033,
      "commanded_approach_axis_tilt_deg": 13.183482681098813,
      "orientation_error_deg": 4.384005760952133
    },
    "grasp_joint_limits": {
      "closest": {
        "joint": "wrist_pitch",
        "value": -0.2453,
        "lower": -0.785,
        "upper": 1.05,
        "dist_to_limit": 0.5397,
        "nearest_side": "lower"
      },
      "breached": [],
      "margin_rad": 0.05
    },
    "lift_joint_limits": {
      "closest": {
        "joint": "wrist_pitch",
        "value": -0.2467,
        "lower": -0.785,
        "upper": 1.05,
        "dist_to_limit": 0.5383,
        "nearest_side": "lower"
      },
      "breached": [],
      "margin_rad": 0.05
    },
    "retract_ok": null,
    "return_home_ok": true,
    "released_on_finish_ok": null,
    "approach_ok": true,
    "grasp_ok": true,
    "lift_ok": true
  },
  "detection": {
    "class_name": "remote-control",
    "pose_head_roll_link": [
      0.7971905676173753,
      -0.1642752164004563,
      -0.12954531284975193,
      -0.32895369904994975,
      0.17225634605739745,
      0.8575150682625742,
      -0.3560689860503747
    ],
    "pose_tip_waist_yaw_link_rpy": {
      "x": 0.5413401257630075,
      "y": -0.1646108084578851,
      "z": -0.014905485969160859,
      "roll": 0.08728683401186585,
      "pitch": 0.0004933602495398315,
      "yaw": -2.3342229070012
    },
    "pose_tip_used_for_tcp_conversion_rpy": {
      "x": 0.5413401257630075,
      "y": -0.1646108084578851,
      "z": -0.014905485969160859,
      "roll": -2.0727876094628526,
      "pitch": 0.09376199310896705,
      "yaw": 1.3158645650440688
    },
    "pose_tcp_waist_yaw_link_rpy": {
      "x": 0.31267199885545843,
      "y": -0.11740287458208865,
      "z": -0.1423350693309982,
      "roll": -2.0727876094628526,
      "pitch": 0.09376199310896705,
      "yaw": 1.3158645650440688
    },
    "pose_tcp_waist_yaw_link_pose7": [
      0.31267199885545843,
      -0.11740287458208865,
      -0.1423350693309982,
      0.6947829175256509,
      0.5067602880535071,
      -0.3430133571438326,
      -0.37790547070317543
    ],
    "current_tcp_pose7": [
      0.11561083206833592,
      -0.2578925138774466,
      0.1413513555506185,
      0.6947829175256509,
      0.5067602880535071,
      -0.3430133571438326,
      -0.37790547070317543
    ],
    "tcp_minus_tip_waist_m": [
      -0.22866812690754906,
      0.04720793387579644,
      -0.12742958336183735
    ],
    "tcp_to_tip_offset_m": [
      0.0,
      0.0,
      -0.266
    ],
    "orientation_policy": "current",
    "use_current_tcp_rotation": true,
    "rotation_source_arm": "right",
    "bbox_2d": [
      709.125,
      302.92730712890625,
      888.859619140625,
      436.49847412109375
    ],
    "bbox_3d": {
      "min": [
        0.7438595842236041,
        -0.2427909998707747,
        -0.18164569919371545
      ],
      "max": [
        0.858398154028297,
        -0.0867372281944413,
        -0.08095136847979423
      ],
      "center": [
        0.8011288691259506,
        -0.164764114032608,
        -0.13129853383675483
      ],
      "size": [
        0.1145385698046929,
        0.1560537716763334,
        0.10069433071392123
      ]
    },
    "object_long_axis_waist": [
      -0.6914010203673208,
      -0.7224710275372375,
      -0.0004933602295249977
    ],
    "object_long_axis_yaw_waist_deg": 46.25887898607317,
    "object_angle_from_waist_x_deg": 46.258878986073185
  },
  "gripper": {
    "open_ok": true,
    "close_ok": true,
    "final_pos_pct": 90.0,
    "backend": "modbus_rtu"
  },
  "ok": true
}
[GRASP-EXEC] saved result json: /tmp/grasp_exec.json
[GRASP-EXEC] saved handoff: /tmp/grasp_handoff.json (arm=right holding=True)



左上到右下，抓起来了，但是掉了。