[日志] 日志文件: logs/grasp/grasp_260706_165733.log
[日志] 执行命令: python3 -m compliant_grasp_execute.main
[INFO] [1783328253.887630634] [XARM_manager]: waiting for service /controller_manager/get_parameters to become available...
[INFO] [1783328254.145913949] [XARM_manager]: XARM_manager initialized, robot_type: tianyi2, run_type: real
[INFO] [1783328254.152116370] [XARM_manager]: 已订阅关节状态话题: /joint_states
[INFO] [1783328254.160041501] [XARM_manager]: 已订阅警告和错误信息话题: /manipulator/warn_and_error_info
[INFO] [1783328254.172470762] [XARM_manager]: /joint_action_report 服务已启动
[CONFIG] loaded 198 params from /home/ubuntu/niu/compliant_grasp_execute/config.yaml
[GRASP-EXEC] STARTUP: enabling arms and moving BOTH to home posture
[INFO] [1783328258.804256090] [XARM_manager]: Deactivated controllers: ['jointspace_arm_L_controller']
[GRASP-EXEC] STARTUP: left -> home joints=['0.000', '1.180', '0.000', '-1.300', '1.400', '-0.130', '0.180']
[INFO] [1783328259.341376807] [XARM_manager]: Activated controllers: ['jointspace_arm_L_controller']
[INFO] [1783328259.363858566] [XARM_manager]: Sending goal to action server /jointspace_arm_L_controller/jointspace (attempt 1/3):
eai_manipulator_msgs.action.JointSpace_Goal(target_positions=[0.0, 1.18, 0.0, -1.3, 1.4, -0.13, 0.18])
[INFO] [1783328260.793240317] [XARM_manager]: Goal accepted. Waiting for result...
[INFO] [1783328260.911898683] [XARM_manager]: Action result received from /jointspace_arm_L_controller/jointspace
[INFO] [1783328260.912473246] [XARM_manager]: Action result: eai_manipulator_msgs.action.JointSpace_Result(success=True, result_msg='action finished')
[GRASP-EXEC] STARTUP: right -> home joints=['0.000', '-1.180', '0.000', '-1.300', '-1.400', '-0.130', '0.180']
[INFO] [1783328260.925588665] [XARM_manager]: Activated controllers: ['jointspace_arm_R_controller']
[INFO] [1783328260.938099553] [XARM_manager]: Sending goal to action server /jointspace_arm_R_controller/jointspace (attempt 1/3):
eai_manipulator_msgs.action.JointSpace_Goal(target_positions=[0.0, -1.18, 0.0, -1.3, -1.4, -0.13, 0.18])
[INFO] [1783328260.940388985] [XARM_manager]: Goal accepted. Waiting for result...
[INFO] [1783328261.082218122] [XARM_manager]: Action result received from /jointspace_arm_R_controller/jointspace
[INFO] [1783328261.082769964] [XARM_manager]: Action result: eai_manipulator_msgs.action.JointSpace_Result(success=True, result_msg='action finished')
[GRASP-EXEC] STARTUP: activating both grippers (open/close cycle)
[robotiq_api] gripper already activated (gSTA==3); skip resetActivate()
[GRASP-EXEC] STARTUP: gripper 'left' activated
[robotiq_api] gripper already activated (gSTA==3); skip resetActivate()
[GRASP-EXEC] STARTUP: gripper 'right' activated
perception health check pass
[object_pose] RGB (720, 1280, 3), depth (720, 1280), valid-depth pixels: 902448/921600 (median valid depth 1.210 m)
[GRASP-EXEC] ARM-SELECT: object waist Y=+0.239m (y >= boundary 0.000) -> 'left' arm
[GRASP-EXEC] diagonal schedule: angle-from-X=58.781305390122334deg -> tilt_scale=0.51, yaw_clamp=44.2deg (freed wrist_pitch, raised jaw alignment)
[GRASP-EXEC] reach tilt reduction: object |Y|=0.239m -> tilt_scale=0.64 (backed the side-tilt off so the elbow can extend to a far-outboard object instead of folding into its stop)
[GRASP-EXEC] applied grasp tilt +14.9deg about waist Y (tilt scale 1.00 x diag 0.51 x reach 0.64) -> quat=['-0.3972', '0.4758', '0.5936', '-0.5133']
[GRASP-EXEC] continuous orientation: object long-axis yaw +58.8deg (angle-from-X 58.8deg); applied continuous yaw +44.2deg about waist Z (gain=1.00, clamp +/-44deg) -> quat=['-0.5470', '0.2915', '0.3569', '-0.6989']
[GRASP-EXEC] recomputed TCP along final quat: detected_tcp_xyz=['0.2377', '0.2643', '-0.0422'] -> consistent_tcp_xyz=['0.2896', '0.0912', '0.0379']
[GRASP-EXEC] approach along grasp axis: dist=0.120m tool_z=[-0.798,-0.556,0.232] approach_xyz=['0.2138', '0.0244', '0.0707']
[GRASP-EXEC] applied lift tilt -15.0deg about waist Y -> lift quat=['-0.5889', '0.3802', '0.2825', '-0.6549']
[GRASP-EXEC] detected class=remote-control detected_pose7=['0.2377', '0.2643', '-0.0422', '0.0061', '-0.7312', '-0.0702', '0.6785'] -> motion grasp_pose7=['0.3096', '0.0912', '0.0429', '-0.5470', '0.2915', '0.3569', '-0.6989']
[INFO] [1783328265.851564059] [XARM_manager]: Deactivated controllers: ['jointspace_arm_L_controller', 'jointspace_arm_R_controller']
[GRASP-EXEC] arms enabled (mode 3) [took 0.02s]
[JOINT-LIMIT] left: using live controller limits from endpose_single_arm_qp_L_controller
[GRASP-EXEC] joint-limit guard ON (margin 0.050 rad) arm=left
[GRASP-EXEC] gripper: connecting in background (overlaps arm enable + approach to hide the slow serial open; --no-gripper-async-connect for the old blocking behaviour)
[GRASP-EXEC] ARM: approach via qp_stream
[GRASP-EXEC] ELBOW-HIGH (proactive): object long axis ~parallel to body (angle-from-X=58.781305390122334 >= 45.0deg); the elbow-high seed's fore-aft jaws match a parallel object's short axis; reconfiguring to elbow-high seed before approach.
[GRASP-EXEC] elbow-high seed ready/left: clamped 1 joint(s) inward (margin 0.05rad): shoulder_yaw -2.964->-2.910 [-2.960,2.960]
[GRASP-EXEC] ELBOW-HIGH: reconfiguring left arm into elbow-high seed (jointspace, via transition waypoint). NOTE: jointspace moves run at the controller's own speed; watch the first reconfiguration for table/body clearance.
[GRASP-EXEC] gripper: arm='left' -> stable by-id port /dev/serial/by-id/usb-FTDI_FT231X_USB_UART_DU0E2IPR-if00-port0
[GRASP-EXEC] ELBOW-HIGH: left -> transition joints=['-1.452', '0.585', '-1.455', '-1.870', '0.746', '-0.142', '0.093']
[INFO] [1783328265.906891158] [XARM_manager]: Activated controllers: ['jointspace_arm_L_controller']
[INFO] [1783328265.907676674] [XARM_manager]: Sending goal to action server /jointspace_arm_L_controller/jointspace (attempt 1/3):
eai_manipulator_msgs.action.JointSpace_Goal(target_positions=[-1.4525, 0.5845, -1.455, -1.87, 0.7456999999999999, -0.14179999999999998, 0.09315])
[INFO] [1783328265.910235190] [XARM_manager]: Goal accepted. Waiting for result...
[robotiq_api] gripper already activated (gSTA==3); skip resetActivate()
[GRASP-EXEC] gripper: cached serial port /dev/serial/by-id/usb-FTDI_FT231X_USB_UART_DU0E2IPR-if00-port0 -> /tmp/robotiq_gripper_port.txt
[GRASP-EXEC] gripper controller ready: backend=modbus_rtu port=auto slave=9 (wait_timeout=8.0s) [connect took 0.04s]
[INFO] [1783328267.765614040] [XARM_manager]: Action result received from /jointspace_arm_L_controller/jointspace
[INFO] [1783328267.765930776] [XARM_manager]: Action result: eai_manipulator_msgs.action.JointSpace_Result(success=True, result_msg='action finished')
[GRASP-EXEC] ELBOW-HIGH: transition move result: eai_manipulator_msgs.action.JointSpace_Result(success=True, result_msg='action finished')
[GRASP-EXEC] ELBOW-HIGH: left -> ready joints=['-2.905', '-0.011', '-2.910', '-2.440', '0.091', '-0.154', '0.006']
[INFO] [1783328267.768804705] [XARM_manager]: Sending goal to action server /jointspace_arm_L_controller/jointspace (attempt 1/3):
eai_manipulator_msgs.action.JointSpace_Goal(target_positions=[-2.905, -0.011, -2.91, -2.44, 0.0914, -0.1536, 0.0063])
[INFO] [1783328267.769928108] [XARM_manager]: Goal accepted. Waiting for result...
[INFO] [1783328269.625362025] [XARM_manager]: Action result received from /jointspace_arm_L_controller/jointspace
[INFO] [1783328269.625817679] [XARM_manager]: Action result: eai_manipulator_msgs.action.JointSpace_Result(success=True, result_msg='action finished')
[GRASP-EXEC] ELBOW-HIGH: ready move result: eai_manipulator_msgs.action.JointSpace_Result(success=True, result_msg='action finished')
[JOINT-LIMIT] left closest-to-limit: shoulder_pitch=-2.7887 [-2.96,2.96] dist=0.1713rad
[GRASP-EXEC] continuous orientation: object long-axis yaw +58.8deg (angle-from-X 58.8deg); applied continuous yaw -21.3deg about waist Z (gain=1.00, clamp +/-90deg) [top-down jaw-align: base jaw heading +170.1deg -> short-axis +148.8deg] -> quat=['-0.1633', '0.3141', '0.8804', '0.3155']
[GRASP-EXEC] recomputed TCP along final quat: detected_tcp_xyz=['0.2377', '0.2643', '-0.0422'] -> consistent_tcp_xyz=['0.4781', '0.4137', '0.1756']
[GRASP-EXEC] approach lateral clamp: approach Y +0.4924 -> +0.4137 (= grasp Y); tool_z outboard component would have pushed the standoff further from center than the grasp, which folds the elbow into its stop at far-outboard reaches.
[GRASP-EXEC] approach along grasp axis: dist=0.120m tool_z=[-0.089,0.656,0.749] approach_xyz=['0.4874', '0.4137', '0.2705']
[GRASP-EXEC] applied lift tilt -15.0deg about waist Y -> lift quat=['-0.2768', '0.2702', '0.8516', '0.3538']
[GRASP-EXEC] ELBOW-HIGH: using SEED grasp orientation (proactive); rebuilt grasp/approach/lift poses. The seed-anchored mode keeps the orientation the arm is already in, so the approach only translates and the wrist stays in range.
[GRASP-EXEC] ELBOW-HIGH QP joint window set on endpose_single_arm_qp_L_controller (flex 0.40rad, drop 0.15rad): shoulder_pitch[-2.96,-2.64], shoulder_roll[-0.00,0.55], shoulder_yaw[-2.96,-2.41], elbow_pitch[-2.61,-2.14], elbow_yaw[0.00,0.55]. Asymmetric: tight on the drop side so the elbow is actually held high; loose on the flex side so the arm can still reach.
[GRASP-EXEC] ELBOW-HIGH: wrist guard margin relaxed to 0.010rad (from 0.050) so the nose-down grasp can reach wrist_pitch~-0.71 (still inside the -0.785 stop). Other joints keep the full margin.
[INFO] [1783328269.649506366] [XARM_manager]: Deactivated controllers: ['jointspace_arm_L_controller']
[INFO] [1783328269.658082604] [XARM_manager]: Activated controllers: ['endpose_single_arm_qp_L_controller']
[GRASP-EXEC] QP-Stream left -> approach (pure-pursuit): pos=43.1cm rot=25.8deg, lookahead=13cm @ 50Hz, pos_tol=2.0cm accept=2.5cm keep_ori=False
[GRASP-EXEC] approach TCP tracking: commanded=[0.4874,0.4137,0.2705] achieved=[0.4738,0.4004,0.2661] err=[-13.5,-13.3,-4.5]mm |err|=19.5mm approach-axis tilt: achieved=+48.0deg commanded=+48.5deg (0=level) ori-err=0.7deg
[JOINT-LIMIT] left closest-to-limit: wrist_roll=1.2406 [-1.65,1.3] dist=0.0594rad
[JOINT-LIMIT] left approach per-joint: shoulder_pitch=-1.713[-2.96,+2.96](1.247) shoulder_roll=+0.772[-0.26,+2.62](1.034) shoulder_yaw=-2.297[-2.96,+2.96](0.663) elbow_pitch=-0.833[-2.61,+0.26](1.094) elbow_yaw=-1.590[-2.96,+2.96](1.370) wrist_pitch=-0.491[-0.79,+1.05](0.294) wrist_roll=+1.241[-1.65,+1.30](0.059)
[GRASP-EXEC] GRIPPER: open (after approach, before grasp insert)
[GRASP-EXEC] gripper already open enough: 1% (skip open command)
[GRASP-EXEC] ARM: HYBRID pre-descent (position QP-stream) -> 6.0cm, leaving final 3.0cm for F/T compliant descend-to-contact
[GRASP-EXEC] QP-Stream left -> pre-grasp (pure-pursuit): pos=6.0cm rot=0.0deg, lookahead=8cm @ 50Hz, pos_tol=1.0cm accept=2.5cm keep_ori=True
[GRASP-EXEC] ARM: COMPLIANT insert to grasp pose (F/T admittance descend-to-contact)
[INFO] [1783328276.404947635] [XARM_manager]: [COMPLIANT-LEFT] Loaded F/T calibration from /home/ubuntu/niu/compliant_grasp_execute/ft_calibration/ft_calibration_left.json
[INFO] [1783328276.426364132] [XARM_manager]: [COMPLIANT-LEFT] target set: p=[0.48162517768365837, 0.40433394569443726, 0.20727937160083337] q=[-0.16666909342560682, 0.31623303770508054, 0.8800222805067558, 0.3126961224131062]
[INFO] [1783328276.426844530] [XARM_manager]: [COMPLIANT-LEFT] seeded QP target at captured pose (z=+0.2073).
[INFO] [1783328276.427511372] [XARM_manager]: [COMPLIANT-LEFT] admittance loop starting (calibrating force offset; keep hands off the arm briefly)...
[INFO] [1783328276.752246708] [XARM_manager]: [COMPLIANT-LEFT] runtime offset calibrated. p_ref=[0.48162517768365837, 0.40433394569443726, 0.20727937160083337], ready.
[COMPLIANT-INSERT] runtime force-offset calibrated in 0.34s
[INFO] [1783328276.771983021] [XARM_manager]: [COMPLIANT-LEFT] gains updated: B=[3.9597979746446663, 5.6, 3.9597979746446663] K=[20.0, 40.0, 20.0] B_rot=[0.5, 0.5, 0.5] K_rot=[0.0, 0.0, 0.0]
[COMPLIANT-INSERT] insertion dir=[+0.50,+0.29,-0.82] planned_depth=3.3cm soft_axes=xz K=[20.0, 40.0, 20.0] B=[3.96, 5.6, 3.96] contact_thresh=1.5N
[INFO] [1783328276.963040210] [XARM_manager]: [COMPLIANT-LEFT] gains updated: B=[10.844353369380768, 10.844353369380768, 10.844353369380768] K=[150.0, 150.0, 150.0] B_rot=[0.5, 0.5, 0.5] K_rot=[0.0, 0.0, 0.0]
[INFO] [1783328276.964117715] [XARM_manager]: [COMPLIANT-LEFT] target set: p=[0.4746494390292362, 0.4085275311395211, 0.192867877682543] q=[-0.16666909342560682, 0.31623303770508054, 0.8800222805067558, 0.3126961224131062]
[COMPLIANT-INSERT] CONTACT (force) at tcp_drop 0.9cm (resist 1.8N, thresh 1.5N); holding compliant for gripper close
[GRASP-EXEC] grasp TCP tracking: commanded=[0.4981,0.4137,0.1806] achieved=[0.4739,0.4083,0.1922] err=[-24.2,-5.4,+11.6]mm |err|=27.4mm approach-axis tilt: achieved=+50.4deg commanded=+48.5deg (0=level) ori-err=2.7deg
[JOINT-LIMIT] left closest-to-limit: wrist_roll=1.2888 [-1.65,1.3] dist=0.0112rad
[JOINT-LIMIT] left grasp per-joint: shoulder_pitch=-1.437[-2.96,+2.96](1.524) shoulder_roll=+0.709[-0.26,+2.62](0.971) shoulder_yaw=-2.062[-2.96,+2.96](0.898) elbow_pitch=-0.634[-2.61,+0.26](0.895) elbow_yaw=-1.779[-2.96,+2.96](1.181) wrist_pitch=-0.452[-0.79,+1.05](0.333) wrist_roll=+1.289[-1.65,+1.30](0.011)
[GRASP-EXEC] GRIPPER: close at grasp pose (after arm motion, not at approach)
[GRASP-EXEC] gripper close: start=1% -> target=100%
[INFO] [1783328277.579639435] [XARM_manager]: [COMPLIANT-LEFT] n=200 hz=243.5 F=[-2.16,+1.03,+9.63]N disp=[-0.5,+0.3,+0.2]cm v=[-0.13,+0.07,+0.20]
[INFO] [1783328278.409912472] [XARM_manager]: [COMPLIANT-LEFT] n=400 hz=241.4 F=[+0.00,+0.00,+0.00]N disp=[-0.1,-0.4,+0.8]cm v=[+0.02,+0.06,-0.12]
[GRASP-EXEC] gripper close result: pos=90% status=3 ok=True
[INFO] [1783328278.541137568] [XARM_manager]: [COMPLIANT-LEFT] admittance loop stopped.
[GRASP-EXEC] ARM: rotate wrist away from table -20deg about waist Y before lift
[GRASP-EXEC] QP-Stream left -> table-clear (pure-pursuit): pos=0.0cm rot=20.0deg, lookahead=13cm @ 50Hz, pos_tol=2.0cm accept=2.5cm keep_ori=False
[GRASP-EXEC] ARM: lift after grasp
[GRASP-EXEC] QP-Stream left -> lift (pure-pursuit): pos=10.6cm rot=0.0deg, lookahead=13cm @ 50Hz, pos_tol=2.0cm accept=2.5cm keep_ori=True
[JOINT-LIMIT] left closest-to-limit: wrist_roll=1.2686 [-1.65,1.3] dist=0.0314rad
[JOINT-LIMIT] left lift per-joint: shoulder_pitch=-1.687[-2.96,+2.96](1.273) shoulder_roll=+0.761[-0.26,+2.62](1.023) shoulder_yaw=-2.150[-2.96,+2.96](0.810) elbow_pitch=-0.745[-2.61,+0.26](1.006) elbow_yaw=-1.639[-2.96,+2.96](1.321) wrist_pitch=-0.501[-0.79,+1.05](0.284) wrist_roll=+1.269[-1.65,+1.30](0.031)
[GRASP-EXEC] ELBOW-HIGH QP joint limits restored on endpose_single_arm_qp_L_controller (back to hard limits).
[GRASP-EXEC] ELBOW-HIGH: wrist guard margin restored to full.
[INFO] [1783328279.263334812] [XARM_manager]: Deactivated controllers: ['endpose_single_arm_qp_L_controller']
[GRASP-EXEC] elbow-high seed ready/left: clamped 1 joint(s) inward (margin 0.05rad): shoulder_yaw -2.964->-2.910 [-2.960,2.960]
[GRASP-EXEC] ELBOW-HIGH: returning via transition waypoint before home (bridges elbow-high -> elbow-low without a large sweep).
[GRASP-EXEC] ELBOW-HIGH: left -> transition(return) joints=['-1.452', '0.585', '-1.455', '-1.870', '0.746', '-0.142', '0.093']
[INFO] [1783328279.281660316] [XARM_manager]: Activated controllers: ['jointspace_arm_L_controller']
[INFO] [1783328279.282613772] [XARM_manager]: Sending goal to action server /jointspace_arm_L_controller/jointspace (attempt 1/3):
eai_manipulator_msgs.action.JointSpace_Goal(target_positions=[-1.4525, 0.5845, -1.455, -1.87, 0.7456999999999999, -0.14179999999999998, 0.09315])
[INFO] [1783328279.287556189] [XARM_manager]: Goal accepted. Waiting for result...
[INFO] [1783328281.831654175] [XARM_manager]: Action result received from /jointspace_arm_L_controller/jointspace
[INFO] [1783328281.832237174] [XARM_manager]: Action result: eai_manipulator_msgs.action.JointSpace_Result(success=True, result_msg='action finished')
[GRASP-EXEC] ELBOW-HIGH: transition(return) move result: eai_manipulator_msgs.action.JointSpace_Result(success=True, result_msg='action finished')
[GRASP-EXEC] PRE-HOME WAYPOINT: left -> joints=['0.000', '1.180', '0.000', '-1.300', '1.400', '-0.130', '0.180']
[INFO] [1783328281.835439380] [XARM_manager]: Sending goal to action server /jointspace_arm_L_controller/jointspace (attempt 1/3):
eai_manipulator_msgs.action.JointSpace_Goal(target_positions=[0.0, 1.18, 0.0, -1.3, 1.4, -0.13, 0.18])
[INFO] [1783328281.836875584] [XARM_manager]: Goal accepted. Waiting for result...
[INFO] [1783328283.695827249] [XARM_manager]: Action result received from /jointspace_arm_L_controller/jointspace
[INFO] [1783328283.696319464] [XARM_manager]: Action result: eai_manipulator_msgs.action.JointSpace_Result(success=True, result_msg='action finished')
[GRASP-EXEC] pre-home waypoint result: eai_manipulator_msgs.action.JointSpace_Result(success=True, result_msg='action finished')
[GRASP-EXEC] RETURN HOME: left -> joints=['0.000', '1.180', '0.000', '-1.300', '1.400', '-0.130', '0.180']
[INFO] [1783328283.699138415] [XARM_manager]: Sending goal to action server /jointspace_arm_L_controller/jointspace (attempt 1/3):
eai_manipulator_msgs.action.JointSpace_Goal(target_positions=[0.0, 1.18, 0.0, -1.3, 1.4, -0.13, 0.18])
[INFO] [1783328283.701408594] [XARM_manager]: Goal accepted. Waiting for result...
[INFO] [1783328283.705316506] [XARM_manager]: Action result received from /jointspace_arm_L_controller/jointspace
[INFO] [1783328283.705764265] [XARM_manager]: Action result: eai_manipulator_msgs.action.JointSpace_Result(success=True, result_msg='action finished')
[GRASP-EXEC] return home result: eai_manipulator_msgs.action.JointSpace_Result(success=True, result_msg='action finished')
{
  "arm": "left",
  "pipeline_version": "accelerated",
  "motion_strategy": "qp_all",
  "dry_run": false,
  "motion": {
    "detected_pose7": [
      0.2376761942325033,
      0.26433419442665507,
      -0.04221703857375303,
      0.006051032249590459,
      -0.7312311434496206,
      -0.07024345596618954,
      0.6784764231364275
    ],
    "approach_pose7": [
      0.48735753741404825,
      0.4137064400804445,
      0.27052945520215177,
      -0.16329595185227758,
      0.3140637601667988,
      0.8804138226743219,
      0.31554696560502343
    ],
    "grasp_pose7": [
      0.4980774126149367,
      0.4137064400804445,
      0.1806018424040997,
      -0.16329595185227758,
      0.3140637601667988,
      0.8804138226743219,
      0.31554696560502343
    ],
    "lift_pose7": [
      0.4980774126149367,
      0.4137064400804445,
      0.3006018424040997,
      -0.2768159961986647,
      0.2701897572740942,
      0.8515673615727029,
      0.35384096430008277
    ],
    "pre_home_pose7": [
      0.3180774126149367,
      0.31370644008044446,
      0.3506018424040997,
      -0.2768159961986647,
      0.2701897572740942,
      0.8515673615727029,
      0.35384096430008277
    ],
    "grasp_xyz_offset_m": [
      0.02,
      0.0,
      0.005
    ],
    "grasp_quat": [
      -0.16329595185227758,
      0.3140637601667988,
      0.8804138226743219,
      0.31554696560502343
    ],
    "use_fixed_grasp_quat": true,
    "phase_backends": {
      "approach": "qp_stream",
      "grasp": "qp_stream",
      "lift": "qp_stream"
    },
    "joint_limits_used": {
      "shoulder_pitch": [
        -2.96,
        2.96
      ],
      "shoulder_roll": [
        -0.262,
        2.616
      ],
      "shoulder_yaw": [
        -2.96,
        2.96
      ],
      "elbow_pitch": [
        -2.61,
        0.261
      ],
      "elbow_yaw": [
        -2.96,
        2.96
      ],
      "wrist_pitch": [
        -0.785,
        1.05
      ],
      "wrist_roll": [
        -1.65,
        1.3
      ]
    },
    "elbow_high_proactive_used": true,
    "elbow_high_orientation": "seed",
    "approach_tcp_tracking": {
      "commanded_xyz": [
        0.48735753741404825,
        0.4137064400804445,
        0.27052945520215177
      ],
      "achieved_xyz": [
        0.47380835867748183,
        0.40042486053812454,
        0.26607900511605803
      ],
      "error_mm": [
        -13.549178736566414,
        -13.281579542319955,
        -4.450450086093738
      ],
      "error_norm_mm": 19.488127296977694,
      "achieved_quat": [
        -0.1680444050010537,
        0.3167594434216132,
        0.8792161524631544,
        0.3136933059517831
      ],
      "approach_axis_tilt_deg": 47.97468114815401,
      "commanded_approach_axis_tilt_deg": 48.53815152220824,
      "orientation_error_deg": 0.67487602832135
    },
    "approach_joint_limits": {
      "closest": {
        "joint": "wrist_roll",
        "value": 1.2406,
        "lower": -1.65,
        "upper": 1.3,
        "dist_to_limit": 0.0594,
        "nearest_side": "upper"
      },
      "breached": [],
      "margin_rad": 0.05
    },
    "compliant_insert": {
      "ok": true,
      "contact": true,
      "reason": "contact",
      "resist_n": 1.7917261816436438,
      "traveled_m": 0.009445505647579658,
      "planned_depth_m": 0.03271406806394291,
      "ft_topic": "/arm_6dof_left",
      "calib_path": "/home/ubuntu/niu/compliant_grasp_execute/ft_calibration/ft_calibration_left.json",
      "calib_present": true,
      "commanded_m": 0.0425,
      "throttle_events": 0,
      "contact_kind": "force"
    },
    "grasp_tcp_tracking": {
      "commanded_xyz": [
        0.4980774126149367,
        0.4137064400804445,
        0.1806018424040997
      ],
      "achieved_xyz": [
        0.4739094777775885,
        0.40829739599229475,
        0.19220920758136373
      ],
      "error_mm": [
        -24.16793483734819,
        -5.40904408814974,
        11.607365177264018
      ],
      "error_norm_mm": 27.3510101935599,
      "achieved_quat": [
        -0.14187016605144662,
        0.30796539359929337,
        0.8866154859049294,
        0.3145523048450499
      ],
      "approach_axis_tilt_deg": 50.359308059648164,
      "commanded_approach_axis_tilt_deg": 48.53815152220824,
      "orientation_error_deg": 2.652313821364968
    },
    "grasp_joint_limits": {
      "closest": {
        "joint": "wrist_roll",
        "value": 1.2888,
        "lower": -1.65,
        "upper": 1.3,
        "dist_to_limit": 0.0112,
        "nearest_side": "upper"
      },
      "breached": [],
      "margin_rad": 0.05
    },
    "lift_joint_limits": {
      "closest": {
        "joint": "wrist_roll",
        "value": 1.2686,
        "lower": -1.65,
        "upper": 1.3,
        "dist_to_limit": 0.0314,
        "nearest_side": "upper"
      },
      "breached": [],
      "margin_rad": 0.05
    },
    "retract_ok": null,
    "return_home_ok": true,
    "released_on_finish_ok": null,
    "approach_ok": true,
    "grasp_ok": true,
    "lift_ok": true
  },
  "detection": {
    "class_name": "remote-control",
    "pose_head_roll_link": [
      0.7705889017401619,
      0.24436283815388693,
      -0.16312433570029325,
      -0.36309658208816903,
      0.21614208170515625,
      0.7892896349976462,
      -0.4454944945533374
    ],
    "pose_tip_waist_yaw_link_rpy": {
      "x": 0.5018398026435728,
      "y": 0.23919255543505422,
      "z": -0.023737699298248982,
      "roll": 0.15808441699077047,
      "pitch": 0.07648359404897143,
      "yaw": -2.1156653359118684
    },
    "pose_tip_used_for_tcp_conversion_rpy": {
      "x": 0.5018398026435728,
      "y": 0.23919255543505422,
      "z": -0.023737699298248982,
      "roll": 2.1302643552265037,
      "pitch": -1.4395235138443137,
      "yaw": -2.2212734582983207
    },
    "pose_tcp_waist_yaw_link_rpy": {
      "x": 0.2376761942325033,
      "y": 0.26433419442665507,
      "z": -0.04221703857375303,
      "roll": 2.1302643552265037,
      "pitch": -1.4395235138443137,
      "yaw": -2.2212734582983207
    },
    "pose_tcp_waist_yaw_link_pose7": [
      0.2376761942325033,
      0.26433419442665507,
      -0.04221703857375303,
      0.006051032249590459,
      -0.7312311434496206,
      -0.07024345596618954,
      0.6784764231364275
    ],
    "current_tcp_pose7": [
      0.35170123406324344,
      -0.5952279836062196,
      0.27494487356978603,
      0.006051032249590459,
      -0.7312311434496206,
      -0.07024345596618954,
      0.6784764231364275
    ],
    "tcp_minus_tip_waist_m": [
      -0.26416360841106945,
      0.02514163899160085,
      -0.018479339275504048
    ],
    "tcp_to_tip_offset_m": [
      0.0,
      0.0,
      -0.266
    ],
    "orientation_policy": "current",
    "use_current_tcp_rotation": true,
    "rotation_source_arm": "right",
    "bbox_2d": [
      332.18353271484375,
      347.6886901855469,
      512.022705078125,
      469.7843933105469
    ],
    "bbox_3d": {
      "min": [
        0.7354499216024226,
        0.16220614639526545,
        -0.21183601868149002
      ],
      "max": [
        0.8226404779812921,
        0.3297072611270984,
        -0.11887121822237603
      ],
      "center": [
        0.7790451997918574,
        0.24595670376118195,
        -0.16535361845193303
      ],
      "size": [
        0.08719055637886952,
        0.16750111473183296,
        0.09296480045911398
      ]
    },
    "object_long_axis_waist": [
      -0.5167908331181295,
      -0.8526950757686567,
      -0.07640904766423019
    ],
    "object_long_axis_yaw_waist_deg": 58.78130539012234,
    "object_angle_from_waist_x_deg": 58.781305390122334
  },
  "gripper": {
    "open_ok": true,
    "close_ok": true,
    "final_pos_pct": 90.0,
    "backend": "modbus_rtu"
  },
  "ok": true
}
[GRASP-EXEC] saved result json: /tmp/grasp_exec.json
[GRASP-EXEC] saved handoff: /tmp/grasp_handoff.json (arm=left holding=True)
