[日志] 日志文件: logs/grasp/grasp_260708_125944.log
[日志] 执行命令: python3 -m grasp_pose_place_execute.main
[CONFIG] loaded 91 params from /home/ubuntu/niu/grasp_pose_place_execute/config.yaml
[PLACE-EXEC] ARM: handoff /tmp/grasp_handoff.json -> arm='left' holding=True object=['remote-control']
[INFO] [1783486784.885569662] [XARM_manager]: waiting for service /controller_manager/get_parameters to become available...
[INFO] [1783486787.894179462] [XARM_manager]: XARM_manager initialized, robot_type: tianyi2, run_type: real
[INFO] [1783486787.899801290] [XARM_manager]: 已订阅关节状态话题: /joint_states
[INFO] [1783486787.904875121] [XARM_manager]: 已订阅警告和错误信息话题: /manipulator/warn_and_error_info
[PLACE-EXEC] applied place tilt +45.0deg about waist Y -> quat=['-0.2294', '0.3262', '0.6764', '-0.6193']
[PLACE-EXEC] place TCP target (waist) from handoff grasp_pose7 (original detected grasp position): x=0.3553 y=0.2268 z=0.2113 (+5cm release clearance)
[INFO] [1783486787.915490775] [XARM_manager]: /joint_action_report 服务已启动
[PLACE-EXEC] approach along place axis: dist=0.120m extra_z=0.120m tool_z=[-0.714,0.157,0.682] approach_xyz=['0.2696', '0.2457', '0.4132']
[INFO] [1783486792.866545453] [XARM_manager]: Deactivated controllers: ['jointspace_arm_L_controller']
[PLACE-EXEC] arms enabled (mode 3); placing with 'left' arm
[PLACE-EXEC] gripper: connecting in background (overlaps approach)
[GRASP-EXEC] gripper: arm='left' -> stable by-id port /dev/serial/by-id/usb-FTDI_FT231X_USB_UART_DU0E2IPR-if00-port0
[INFO] [1783486792.880413806] [XARM_manager]: Deactivated controllers: []
[PLACE-EXEC] START HOME: left -> joints=['0.844', '0.026', '-0.006', '-2.216', '-1.529', '0.200', '0.683']
[INFO] [1783486792.899803333] [XARM_manager]: Activated controllers: ['jointspace_arm_L_controller']
[robotiq_api] gripper already activated (gSTA==3); skip resetActivate()
[GRASP-EXEC] gripper: cached serial port /dev/serial/by-id/usb-FTDI_FT231X_USB_UART_DU0E2IPR-if00-port0 -> /tmp/robotiq_gripper_port.txt
[GRASP-EXEC] gripper controller ready: backend=modbus_rtu port=auto slave=9 (wait_timeout=8.0s) [connect took 0.04s]
[INFO] [1783486792.915558261] [XARM_manager]: Sending goal to action server /jointspace_arm_L_controller/jointspace (attempt 1/3):
eai_manipulator_msgs.action.JointSpace_Goal(target_positions=[0.844, 0.026, -0.006, -2.216, -1.529, 0.2, 0.683])
[INFO] [1783486792.917890102] [XARM_manager]: Goal accepted. Waiting for result...
[INFO] [1783486793.510608386] [XARM_manager]: Action result received from /jointspace_arm_L_controller/jointspace
[INFO] [1783486793.511063827] [XARM_manager]: Action result: eai_manipulator_msgs.action.JointSpace_Result(success=True, result_msg='action finished')
[PLACE-EXEC] START HOME result: eai_manipulator_msgs.action.JointSpace_Result(success=True, result_msg='action finished')
[INFO] [1783486793.523577655] [XARM_manager]: Deactivated controllers: ['jointspace_arm_L_controller']
[WARN] [1783486794.160907889] [XARM_manager]: TF查找超时: waist_yaw_link <- left_tcp_link, 超时0.5s
[PLACE-EXEC] TF warmup ok: read TCP after 2 attempt(s)
[PLACE-EXEC] ARM: approach to middle waypoint
[INFO] [1783486794.182217547] [XARM_manager]: Activated controllers: ['endpose_single_arm_qp_L_controller']
[GRASP-EXEC] QP-Stream left -> approach (pure-pursuit): pos=31.2cm rot=74.6deg, lookahead=13cm @ 50Hz, pos_tol=2.0cm accept=2.5cm keep_ori=False
[GRASP-EXEC] approach TCP tracking: commanded=[0.2696,0.2457,0.4132] achieved=[0.2703,0.2435,0.4328] err=[+0.7,-2.2,+19.7]mm |err|=19.8mm approach-axis tilt: achieved=+37.8deg commanded=+43.0deg (0=level) ori-err=5.3deg
[PLACE-EXEC] ARM: HYBRID pre-descent (QP, fast transit) -> 17.8cm, leaving final 6.0cm for F/T compliant set-down
[GRASP-EXEC] QP-Stream left -> approach (pure-pursuit): pos=17.8cm rot=0.0deg, lookahead=13cm @ 50Hz, pos_tol=2.0cm accept=2.5cm keep_ori=True
[PLACE-EXEC] ARM: COMPLIANT set-down (F/T admittance descend-to-contact)
[INFO] [1783486799.536884817] [XARM_manager]: [COMPLIANT-LEFT] Loaded F/T calibration from /home/ubuntu/niu/compliant_grasp_execute/ft_calibration/ft_calibration_left.json
[INFO] [1783486799.557531419] [XARM_manager]: [COMPLIANT-LEFT] target set: p=[0.32209150824788096, 0.24254748237392482, 0.2717197057743111] q=[0.25097488654044836, -0.35560789069787635, -0.663767292832325, 0.6082496324416997]
[INFO] [1783486799.558331908] [XARM_manager]: [COMPLIANT-LEFT] seeded QP target at captured pose (z=+0.2717).
[INFO] [1783486799.558846796] [XARM_manager]: [COMPLIANT-LEFT] admittance loop starting (calibrating force offset; keep hands off the arm briefly)...
[INFO] [1783486799.883916066] [XARM_manager]: [COMPLIANT-LEFT] runtime offset calibrated. p_ref=[0.32209150824788096, 0.24254748237392482, 0.2717197057743111], ready.
[COMPLIANT-INSERT] runtime force-offset calibrated in 0.33s
[INFO] [1783486799.884861063] [XARM_manager]: [COMPLIANT-LEFT] gains updated: B=[3.9597979746446663, 5.6, 3.9597979746446663] K=[20.0, 40.0, 20.0] B_rot=[0.5, 0.5, 0.5] K_rot=[0.0, 0.0, 0.0]
[COMPLIANT-INSERT] insertion dir=[+0.43,-0.16,-0.89] planned_depth=12.0cm soft_axes=xz K=[20.0, 40.0, 20.0] B=[3.96, 5.6, 3.96] contact_thresh=1.5N
[INFO] [1783486800.715833855] [XARM_manager]: [COMPLIANT-LEFT] n=200 hz=240.9 F=[+0.00,+0.00,+0.20]N disp=[-3.1,+0.9,+1.8]cm v=[+0.16,-0.06,+0.07]
[COMPLIANT-INSERT] insert s=8.0cm tcp_drop=4.9cm lag=+3.1cm resist=+1.29N (throttle x0)
[INFO] [1783486801.181099223] [XARM_manager]: [COMPLIANT-LEFT] gains updated: B=[10.844353369380768, 10.844353369380768, 10.844353369380768] K=[150.0, 150.0, 150.0] B_rot=[0.5, 0.5, 0.5] K_rot=[0.0, 0.0, 0.0]
[INFO] [1783486801.181654410] [XARM_manager]: [COMPLIANT-LEFT] target set: p=[0.3184059756701777, 0.23706789439371329, 0.19849702747083134] q=[0.25097488654044836, -0.35560789069787635, -0.663767292832325, 0.6082496324416997]
[COMPLIANT-INSERT] CONTACT (force) at tcp_drop 6.5cm (resist 1.9N, thresh 1.5N); holding compliant for gripper close
[GRASP-EXEC] place TCP tracking: commanded=[0.3553,0.2268,0.2113] achieved=[0.3190,0.2367,0.1948] err=[-36.3,+9.8,-16.5]mm |err|=41.1mm approach-axis tilt: achieved=+41.7deg commanded=+43.0deg (0=level) ori-err=1.7deg
[PLACE-EXEC] GRIPPER: release (open) at place pose
[GRASP-EXEC] gripper release: start=90% -> target=0%
[INFO] [1783486801.544220366] [XARM_manager]: [COMPLIANT-LEFT] n=400 hz=242.1 F=[-0.37,+0.00,+0.00]N disp=[-0.0,+0.0,-0.4]cm v=[-0.02,-0.00,+0.05]
[GRASP-EXEC] gripper release result: pos=1% status=3 ok=True
[INFO] [1783486802.262397898] [XARM_manager]: [COMPLIANT-LEFT] admittance loop stopped.
[PLACE-EXEC] ARM: retract to pre-insert standoff (keep orientation)
[GRASP-EXEC] QP-Stream left -> retract (pure-pursuit): pos=21.8cm rot=0.0deg, lookahead=13cm @ 50Hz, pos_tol=2.0cm accept=2.5cm keep_ori=True
[GRASP-EXEC] retract TCP tracking: commanded=[0.2696,0.2457,0.4132] achieved=[0.2725,0.2434,0.4320] err=[+2.9,-2.3,+18.9]mm |err|=19.2mm approach-axis tilt: achieved=+35.3deg commanded=+43.0deg (0=level) ori-err=7.8deg
[INFO] [1783486804.541603490] [XARM_manager]: Deactivated controllers: ['endpose_single_arm_qp_L_controller']
[PLACE-EXEC] RETURN HOME: left -> joints=['0.844', '0.026', '-0.006', '-2.216', '-1.529', '0.200', '0.683']
[INFO] [1783486804.562632466] [XARM_manager]: Activated controllers: ['jointspace_arm_L_controller']
[INFO] [1783486804.564178465] [XARM_manager]: Sending goal to action server /jointspace_arm_L_controller/jointspace (attempt 1/3):
eai_manipulator_msgs.action.JointSpace_Goal(target_positions=[0.844, 0.026, -0.006, -2.216, -1.529, 0.2, 0.683])
[INFO] [1783486804.567144976] [XARM_manager]: Goal accepted. Waiting for result...
[INFO] [1783486807.747585668] [XARM_manager]: Action result received from /jointspace_arm_L_controller/jointspace
[INFO] [1783486807.748030545] [XARM_manager]: Action result: eai_manipulator_msgs.action.JointSpace_Result(success=True, result_msg='action finished')
[PLACE-EXEC] RETURN HOME result: eai_manipulator_msgs.action.JointSpace_Result(success=True, result_msg='action finished')
{
  "arm": "left",
  "motion_strategy": "qp_all",
  "dry_run": false,
  "motion": {
    "place_pose7": [
      0.3553285362966713,
      0.22683842926587425,
      0.21132553882093508,
      -0.22941393277711944,
      0.3262292453010775,
      0.6763556988345837,
      -0.6192630261948527
    ],
    "approach_pose7": [
      0.26960362497564727,
      0.24569749556741047,
      0.41315203329086103,
      -0.22941393277711944,
      0.3262292453010775,
      0.6763556988345837,
      -0.6192630261948527
    ],
    "approach_tcp_tracking": {
      "commanded_xyz": [
        0.26960362497564727,
        0.24569749556741047,
        0.41315203329086103
      ],
      "achieved_xyz": [
        0.2703084345236405,
        0.24347292550509186,
        0.4328181152306111
      ],
      "error_mm": [
        0.7048095479932348,
        -2.2245700623186035,
        19.666081939750057
      ],
      "error_norm_mm": 19.804046236112207,
      "achieved_quat": [
        0.2473067504328898,
        -0.36385902876276005,
        -0.6640222668753164,
        0.6045828375598428
      ],
      "approach_axis_tilt_deg": 37.79890530080714,
      "commanded_approach_axis_tilt_deg": 42.99131199460442,
      "orientation_error_deg": 5.256423526270188
    },
    "compliant_place": {
      "ok": true,
      "contact": true,
      "reason": "contact",
      "resist_n": 1.9469568373314896,
      "traveled_m": 0.06452445336496246,
      "planned_depth_m": 0.120089368638178,
      "ft_topic": "/arm_6dof_left",
      "calib_path": "/home/ubuntu/niu/compliant_grasp_execute/ft_calibration/ft_calibration_left.json",
      "calib_present": true,
      "commanded_m": 0.09382893219739719,
      "throttle_events": 0,
      "contact_kind": "force"
    },
    "place_tcp_tracking": {
      "commanded_xyz": [
        0.3553285362966713,
        0.22683842926587425,
        0.21132553882093508
      ],
      "achieved_xyz": [
        0.3189819933435659,
        0.23667708231199075,
        0.19483376042668185
      ],
      "error_mm": [
        -36.34654295310541,
        9.838653046116502,
        -16.491778394253227
      ],
      "error_norm_mm": 41.10777338909214,
      "achieved_quat": [
        0.24007999901321106,
        -0.3313858150835307,
        -0.6783729952144194,
        0.6102090748252257
      ],
      "approach_axis_tilt_deg": 41.689235785916225,
      "commanded_approach_axis_tilt_deg": 42.99131199460442,
      "orientation_error_deg": 1.7242240175065244
    },
    "retract_tcp_tracking": {
      "commanded_xyz": [
        0.26960362497564727,
        0.24569749556741047,
        0.41315203329086103
      ],
      "achieved_xyz": [
        0.2725158606635406,
        0.2433534927757497,
        0.43200741774122453
      ],
      "error_mm": [
        2.9122356878933386,
        -2.3440027916607766,
        18.8553844503635
      ],
      "error_norm_mm": 19.222408500501768,
      "achieved_quat": [
        0.26113011269732034,
        -0.37841630191530684,
        -0.6576544372597961,
        0.5967435025535919
      ],
      "approach_axis_tilt_deg": 35.255552906904406,
      "commanded_approach_axis_tilt_deg": 42.99131199460442,
      "orientation_error_deg": 7.761854807630673
    },
    "approach_ok": true,
    "place_ok": true,
    "released_ok": true,
    "lift_ok": null,
    "retract_ok": true,
    "return_home_ok": true
  },
  "ok": true
}
[PLACE-EXEC] saved result json: /tmp/place_exec.json
[PLACE-EXEC] updated handoff: /tmp/grasp_handoff.json (holding=false, placed=true)
