[日志] 日志文件: logs/grasp/grasp_260706_161842.log
[日志] 执行命令: python3 -m compliant_grasp_execute.main
[INFO] [1783325923.207958565] [XARM_manager]: waiting for service /controller_manager/get_parameters to become available...
[INFO] [1783325924.718338976] [XARM_manager]: XARM_manager initialized, robot_type: tianyi2, run_type: real
[INFO] [1783325924.728764387] [XARM_manager]: 已订阅关节状态话题: /joint_states
[INFO] [1783325924.736428350] [XARM_manager]: 已订阅警告和错误信息话题: /manipulator/warn_and_error_info
[INFO] [1783325924.755954261] [XARM_manager]: /joint_action_report 服务已启动
[CONFIG] loaded 198 params from /home/ubuntu/niu/compliant_grasp_execute/config.yaml
[GRASP-EXEC] STARTUP: enabling arms and moving BOTH to home posture
[INFO] [1783325930.512864082] [XARM_manager]: Deactivated controllers: ['jointspace_arm_R_controller']
[GRASP-EXEC] STARTUP: left -> home joints=['0.000', '1.180', '0.000', '-1.300', '1.400', '-0.130', '0.180']
[INFO] [1783325932.202613000] [XARM_manager]: Activated controllers: ['jointspace_arm_L_controller']
[INFO] [1783325932.219384428] [XARM_manager]: Sending goal to action server /jointspace_arm_L_controller/jointspace (attempt 1/3):
eai_manipulator_msgs.action.JointSpace_Goal(target_positions=[0.0, 1.18, 0.0, -1.3, 1.4, -0.13, 0.18])
[INFO] [1783325932.221553207] [XARM_manager]: Goal accepted. Waiting for result...
[INFO] [1783325932.348034738] [XARM_manager]: Action result received from /jointspace_arm_L_controller/jointspace
[INFO] [1783325932.348553208] [XARM_manager]: Action result: eai_manipulator_msgs.action.JointSpace_Result(success=True, result_msg='action finished')
[GRASP-EXEC] STARTUP: right -> home joints=['0.000', '-1.180', '0.000', '-1.300', '-1.400', '-0.130', '0.180']
[INFO] [1783325932.361087959] [XARM_manager]: Activated controllers: ['jointspace_arm_R_controller']
[INFO] [1783325932.374965336] [XARM_manager]: Sending goal to action server /jointspace_arm_R_controller/jointspace (attempt 1/3):
eai_manipulator_msgs.action.JointSpace_Goal(target_positions=[0.0, -1.18, 0.0, -1.3, -1.4, -0.13, 0.18])
[INFO] [1783325932.377096799] [XARM_manager]: Goal accepted. Waiting for result...
[INFO] [1783325932.493376725] [XARM_manager]: Action result received from /jointspace_arm_R_controller/jointspace
[INFO] [1783325932.493837369] [XARM_manager]: Action result: eai_manipulator_msgs.action.JointSpace_Result(success=True, result_msg='action finished')
[GRASP-EXEC] STARTUP: activating both grippers (open/close cycle)
[robotiq_api] gripper already activated (gSTA==3); skip resetActivate()
[GRASP-EXEC] STARTUP: gripper 'left' activated
[robotiq_api] gripper already activated (gSTA==3); skip resetActivate()
[GRASP-EXEC] STARTUP: gripper 'right' activated
perception health check pass
[object_pose] RGB (720, 1280, 3), depth (720, 1280), valid-depth pixels: 905573/921600 (median valid depth 1.210 m)
[GRASP-EXEC] ARM-SELECT: object waist Y=-0.154m (y < boundary 0.000) -> 'right' arm
[GRASP-EXEC] diagonal schedule: angle-from-X=87.93242538046154deg -> tilt_scale=0.50, yaw_clamp=45.0deg (freed wrist_pitch, raised jaw alignment)
[GRASP-EXEC] applied grasp tilt +22.5deg about waist Y (tilt scale 1.00 x diag 0.50) -> quat=['0.3570', '0.4408', '-0.6186', '-0.5437']
[GRASP-EXEC] continuous orientation: object long-axis yaw -87.9deg (angle-from-X 87.9deg); applied continuous yaw -45.0deg about waist Z (gain=1.00, clamp +/-45deg) -> quat=['0.4985', '0.2706', '-0.3634', '-0.7391']
[GRASP-EXEC] recomputed TCP along final quat: detected_tcp_xyz=['0.2286', '-0.1290', '-0.0476'] -> consistent_tcp_xyz=['0.2900', '-0.0107', '0.0659']
[GRASP-EXEC] approach lateral clamp: approach Y +0.0541 -> -0.0107 (= grasp Y); tool_z outboard component would have pushed the standoff further from center than the grasp, which folds the elbow into its stop at far-outboard reaches.
[GRASP-EXEC] approach along grasp axis: dist=0.120m tool_z=[-0.762,0.540,0.357] approach_xyz=['0.2185', '-0.0107', '0.1137']
[GRASP-EXEC] applied lift tilt -15.0deg about waist Y -> lift quat=['0.5416', '0.3648', '-0.2953', '-0.6974']
[GRASP-EXEC] detected class=remote-control detected_pose7=['0.2286', '-0.1290', '-0.0476', '0.0057', '-0.7315', '-0.0704', '0.6781'] -> motion grasp_pose7=['0.3100', '-0.0107', '0.0709', '0.4985', '0.2706', '-0.3634', '-0.7391']
[INFO] [1783325936.133664937] [XARM_manager]: Deactivated controllers: ['jointspace_arm_L_controller', 'jointspace_arm_R_controller']
[GRASP-EXEC] arms enabled (mode 3) [took 0.02s]
[JOINT-LIMIT] right: using live controller limits from endpose_single_arm_qp_R_controller
[GRASP-EXEC] joint-limit guard ON (margin 0.050 rad) arm=right
[GRASP-EXEC] gripper: connecting in background (overlaps arm enable + approach to hide the slow serial open; --no-gripper-async-connect for the old blocking behaviour)
[GRASP-EXEC] gripper: arm='right' -> stable by-id port /dev/serial/by-id/usb-FTDI_FT231X_USB_UART_D30JLK40-if00-port0
[GRASP-EXEC] ARM: approach via qp_stream
[GRASP-EXEC] ELBOW-HIGH (proactive): object long axis ~parallel to body (angle-from-X=87.93242538046154 >= 45.0deg); the elbow-high seed's fore-aft jaws match a parallel object's short axis; reconfiguring to elbow-high seed before approach.
[GRASP-EXEC] elbow-high seed ready/right: clamped 1 joint(s) inward (margin 0.05rad): shoulder_yaw +2.964->+2.910 [-2.960,2.960]
[GRASP-EXEC] ELBOW-HIGH: reconfiguring right arm into elbow-high seed (jointspace, via transition waypoint). NOTE: jointspace moves run at the controller's own speed; watch the first reconfiguration for table/body clearance.
[GRASP-EXEC] ELBOW-HIGH: right -> transition joints=['-1.452', '-0.585', '1.455', '-1.870', '-0.746', '-0.142', '0.087']
[INFO] [1783325936.180466833] [XARM_manager]: Activated controllers: ['jointspace_arm_R_controller']
[INFO] [1783325936.181816693] [XARM_manager]: Sending goal to action server /jointspace_arm_R_controller/jointspace (attempt 1/3):
eai_manipulator_msgs.action.JointSpace_Goal(target_positions=[-1.4525, -0.5845, 1.455, -1.87, -0.7456999999999999, -0.14179999999999998, 0.08685])
[INFO] [1783325936.183445064] [XARM_manager]: Goal accepted. Waiting for result...
[robotiq_api] gripper already activated (gSTA==3); skip resetActivate()
[GRASP-EXEC] gripper: cached serial port /dev/serial/by-id/usb-FTDI_FT231X_USB_UART_D30JLK40-if00-port0 -> /tmp/robotiq_gripper_port.txt
[GRASP-EXEC] gripper controller ready: backend=modbus_rtu port=auto slave=9 (wait_timeout=8.0s) [connect took 0.04s]
[INFO] [1783325938.040543960] [XARM_manager]: Action result received from /jointspace_arm_R_controller/jointspace
[INFO] [1783325938.040997887] [XARM_manager]: Action result: eai_manipulator_msgs.action.JointSpace_Result(success=True, result_msg='action finished')
[GRASP-EXEC] ELBOW-HIGH: transition move result: eai_manipulator_msgs.action.JointSpace_Result(success=True, result_msg='action finished')
[GRASP-EXEC] ELBOW-HIGH: right -> ready joints=['-2.905', '0.011', '2.910', '-2.440', '-0.091', '-0.154', '-0.006']
[INFO] [1783325938.044389086] [XARM_manager]: Sending goal to action server /jointspace_arm_R_controller/jointspace (attempt 1/3):
eai_manipulator_msgs.action.JointSpace_Goal(target_positions=[-2.905, 0.011, 2.91, -2.44, -0.0914, -0.1536, -0.0063])
[INFO] [1783325938.046014818] [XARM_manager]: Goal accepted. Waiting for result...
[INFO] [1783325939.903822671] [XARM_manager]: Action result received from /jointspace_arm_R_controller/jointspace
[INFO] [1783325939.904068257] [XARM_manager]: Action result: eai_manipulator_msgs.action.JointSpace_Result(success=True, result_msg='action finished')
[GRASP-EXEC] ELBOW-HIGH: ready move result: eai_manipulator_msgs.action.JointSpace_Result(success=True, result_msg='action finished')
[JOINT-LIMIT] right closest-to-limit: shoulder_pitch=-2.7905 [-2.96,2.96] dist=0.1695rad
[GRASP-EXEC] continuous orientation: object long-axis yaw -87.9deg (angle-from-X 87.9deg); applied continuous yaw -8.0deg about waist Z (gain=1.00, clamp +/-90deg) [top-down jaw-align: base jaw heading -170.0deg -> short-axis +2.1deg] -> quat=['-0.2394', '-0.2574', '0.9325', '-0.0830']
[GRASP-EXEC] recomputed TCP along final quat: detected_tcp_xyz=['0.2286', '-0.1290', '-0.0476'] -> consistent_tcp_xyz=['0.3853', '-0.2926', '0.1713']
[GRASP-EXEC] approach lateral clamp: approach Y -0.3550 -> -0.2926 (= grasp Y); tool_z outboard component would have pushed the standoff further from center than the grasp, which folds the elbow into its stop at far-outboard reaches.
[GRASP-EXEC] approach along grasp axis: dist=0.120m tool_z=[-0.404,-0.520,0.753] approach_xyz=['0.3569', '-0.2926', '0.2667']
[GRASP-EXEC] applied lift tilt -15.0deg about waist Y -> lift quat=['-0.3591', '-0.2444', '0.8933', '-0.1159']
[GRASP-EXEC] ELBOW-HIGH: using SEED grasp orientation (proactive); rebuilt grasp/approach/lift poses. The seed-anchored mode keeps the orientation the arm is already in, so the approach only translates and the wrist stays in range.
[GRASP-EXEC] ELBOW-HIGH QP joint window set on endpose_single_arm_qp_R_controller (flex 0.40rad, drop 0.15rad): shoulder_pitch[-2.96,-2.64], shoulder_roll[-0.54,0.01], shoulder_yaw[2.41,2.96], elbow_pitch[-2.61,-2.14], elbow_yaw[-0.55,-0.00]. Asymmetric: tight on the drop side so the elbow is actually held high; loose on the flex side so the arm can still reach.
[GRASP-EXEC] ELBOW-HIGH: wrist guard margin relaxed to 0.010rad (from 0.050) so the nose-down grasp can reach wrist_pitch~-0.71 (still inside the -0.785 stop). Other joints keep the full margin.
[INFO] [1783325939.928078618] [XARM_manager]: Deactivated controllers: ['jointspace_arm_R_controller']
[INFO] [1783325939.937461795] [XARM_manager]: Activated controllers: ['endpose_single_arm_qp_R_controller']
[GRASP-EXEC] QP-Stream right -> approach (pure-pursuit): pos=27.1cm rot=15.2deg, lookahead=13cm @ 50Hz, pos_tol=2.0cm accept=2.5cm keep_ori=False
[GRASP-EXEC] approach TCP tracking: commanded=[0.3569,-0.2926,0.2667] achieved=[0.3496,-0.2938,0.2485] err=[-7.3,-1.3,-18.2]mm |err|=19.6mm approach-axis tilt: achieved=+52.1deg commanded=+48.8deg (0=level) ori-err=3.7deg
[JOINT-LIMIT] right closest-to-limit: wrist_pitch=-0.7461 [-0.785,1.05] dist=0.0389rad
[JOINT-LIMIT] right approach per-joint: shoulder_pitch=-1.088[-2.96,+2.96](1.872) shoulder_roll=-1.199[-2.62,+0.26](1.417) shoulder_yaw=+1.233[-2.96,+2.96](1.727) elbow_pitch=-1.905[-2.61,+0.26](0.705) elbow_yaw=+0.907[-2.96,+2.96](2.053) wrist_pitch=-0.746[-0.79,+1.05](0.039) wrist_roll=+0.408[-1.30,+1.65](1.242)
[GRASP-EXEC] GRIPPER: open (after approach, before grasp insert)
[GRASP-EXEC] gripper already open enough: 1% (skip open command)
[GRASP-EXEC] ARM: HYBRID pre-descent (position QP-stream) -> 6.1cm, leaving final 3.0cm for F/T compliant descend-to-contact
[GRASP-EXEC] QP-Stream right -> pre-grasp (pure-pursuit): pos=6.1cm rot=0.0deg, lookahead=8cm @ 50Hz, pos_tol=1.0cm accept=2.5cm keep_ori=True
[GRASP-EXEC] ARM: COMPLIANT insert to grasp pose (F/T admittance descend-to-contact)
[INFO] [1783325945.234143671] [XARM_manager]: [COMPLIANT-RIGHT] Loaded F/T calibration from /home/ubuntu/niu/compliant_grasp_execute/ft_calibration/ft_calibration_right.json
[INFO] [1783325945.255933496] [XARM_manager]: [COMPLIANT-RIGHT] target set: p=[0.37976282492910796, -0.29287809553458666, 0.20525371832100164] q=[-0.21083925970821407, -0.2526893663515601, 0.9400851322550776, -0.08907768975165736]
[INFO] [1783325945.256638177] [XARM_manager]: [COMPLIANT-RIGHT] seeded QP target at captured pose (z=+0.2053).
[INFO] [1783325945.257308411] [XARM_manager]: [COMPLIANT-RIGHT] admittance loop starting (calibrating force offset; keep hands off the arm briefly)...
[INFO] [1783325945.572104420] [XARM_manager]: [COMPLIANT-RIGHT] runtime offset calibrated. p_ref=[0.37976282492910796, -0.29287809553458666, 0.20525371832100164], ready.
[COMPLIANT-INSERT] runtime force-offset calibrated in 0.33s
[INFO] [1783325945.582837644] [XARM_manager]: [COMPLIANT-RIGHT] gains updated: B=[3.9597979746446663, 5.6, 3.9597979746446663] K=[20.0, 40.0, 20.0] B_rot=[0.5, 0.5, 0.5] K_rot=[0.0, 0.0, 0.0]
[COMPLIANT-INSERT] insertion dir=[+0.66,+0.01,-0.75] planned_depth=3.9cm soft_axes=xz K=[20.0, 40.0, 20.0] B=[3.96, 5.6, 3.96] contact_thresh=1.5N
[INFO] [1783325946.401973729] [XARM_manager]: [COMPLIANT-RIGHT] n=200 hz=241.9 F=[+0.00,+0.00,+0.26]N disp=[-3.0,-0.0,+2.6]cm v=[+0.16,+0.00,-0.13]
[INFO] [1783325946.452865859] [XARM_manager]: [COMPLIANT-RIGHT] gains updated: B=[10.844353369380768, 10.844353369380768, 10.844353369380768] K=[150.0, 150.0, 150.0] B_rot=[0.5, 0.5, 0.5] K_rot=[0.0, 0.0, 0.0]
[INFO] [1783325946.453159533] [XARM_manager]: [COMPLIANT-RIGHT] target set: p=[0.3881329120572832, -0.29284373028639343, 0.1875905681379489] q=[-0.21083925970821407, -0.2526893663515601, 0.9400851322550776, -0.08907768975165736]
[COMPLIANT-INSERT] CONTACT (force) at tcp_drop 1.9cm (resist 1.8N, thresh 1.5N); holding compliant for gripper close
[GRASP-EXEC] grasp TCP tracking: commanded=[0.4053,-0.2926,0.1763] achieved=[0.3898,-0.2921,0.1875] err=[-15.6,+0.5,+11.2]mm |err|=19.2mm approach-axis tilt: achieved=+51.5deg commanded=+48.8deg (0=level) ori-err=4.2deg
[JOINT-LIMIT] right closest-to-limit: wrist_pitch=-0.7786 [-0.785,1.05] dist=0.0064rad  BREACHED(<= 0.05): wrist_pitch
[JOINT-LIMIT] right grasp per-joint: shoulder_pitch=-0.970[-2.96,+2.96](1.990) shoulder_roll=-1.022[-2.62,+0.26](1.284) shoulder_yaw=+1.199[-2.96,+2.96](1.761) elbow_pitch=-1.653[-2.61,+0.26](0.957) elbow_yaw=+1.159[-2.96,+2.96](1.801) wrist_pitch=-0.779[-0.79,+1.05](0.006) wrist_roll=+0.216[-1.30,+1.65](1.433)
[GRASP-EXEC] GRIPPER: close at grasp pose (after arm motion, not at approach)
[GRASP-EXEC] gripper close: start=1% -> target=100%
[INFO] [1783325947.242716432] [XARM_manager]: [COMPLIANT-RIGHT] n=400 hz=240.3 F=[+0.00,+0.00,+0.00]N disp=[-0.1,-0.0,+0.2]cm v=[+0.01,+0.00,-0.03]
[GRASP-EXEC] gripper close result: pos=90% status=3 ok=True
[INFO] [1783325947.750756301] [XARM_manager]: [COMPLIANT-RIGHT] admittance loop stopped.
[GRASP-EXEC] ARM: rotate wrist away from table -20deg about waist Y before lift
[GRASP-EXEC] QP-Stream right -> table-clear (pure-pursuit): pos=0.0cm rot=20.0deg, lookahead=13cm @ 50Hz, pos_tol=2.0cm accept=2.5cm keep_ori=False
[GRASP-EXEC] ARM: lift after grasp
[GRASP-EXEC] QP-Stream right -> lift (pure-pursuit): pos=10.5cm rot=0.0deg, lookahead=13cm @ 50Hz, pos_tol=2.0cm accept=2.5cm keep_ori=True
[JOINT-LIMIT] right closest-to-limit: wrist_pitch=-0.7513 [-0.785,1.05] dist=0.0337rad
[JOINT-LIMIT] right lift per-joint: shoulder_pitch=-1.276[-2.96,+2.96](1.684) shoulder_roll=-1.065[-2.62,+0.26](1.327) shoulder_yaw=+1.310[-2.96,+2.96](1.649) elbow_pitch=-1.702[-2.61,+0.26](0.908) elbow_yaw=+0.926[-2.96,+2.96](2.034) wrist_pitch=-0.751[-0.79,+1.05](0.034) wrist_roll=+0.327[-1.30,+1.65](1.323)
[GRASP-EXEC] ELBOW-HIGH QP joint limits restored on endpose_single_arm_qp_R_controller (back to hard limits).
[GRASP-EXEC] ELBOW-HIGH: wrist guard margin restored to full.
[INFO] [1783325948.312938949] [XARM_manager]: Deactivated controllers: ['endpose_single_arm_qp_R_controller']
[GRASP-EXEC] elbow-high seed ready/right: clamped 1 joint(s) inward (margin 0.05rad): shoulder_yaw +2.964->+2.910 [-2.960,2.960]
[GRASP-EXEC] ELBOW-HIGH: returning via transition waypoint before home (bridges elbow-high -> elbow-low without a large sweep).
[GRASP-EXEC] ELBOW-HIGH: right -> transition(return) joints=['-1.452', '-0.585', '1.455', '-1.870', '-0.746', '-0.142', '0.087']
[INFO] [1783325948.331276055] [XARM_manager]: Activated controllers: ['jointspace_arm_R_controller']
[INFO] [1783325948.332076151] [XARM_manager]: Sending goal to action server /jointspace_arm_R_controller/jointspace (attempt 1/3):
eai_manipulator_msgs.action.JointSpace_Goal(target_positions=[-1.4525, -0.5845, 1.455, -1.87, -0.7456999999999999, -0.14179999999999998, 0.08685])
[INFO] [1783325948.333684327] [XARM_manager]: Goal accepted. Waiting for result...
[INFO] [1783325950.350801316] [XARM_manager]: Action result received from /jointspace_arm_R_controller/jointspace
[INFO] [1783325950.351122736] [XARM_manager]: Action result: eai_manipulator_msgs.action.JointSpace_Result(success=True, result_msg='action finished')
[GRASP-EXEC] ELBOW-HIGH: transition(return) move result: eai_manipulator_msgs.action.JointSpace_Result(success=True, result_msg='action finished')
[GRASP-EXEC] PRE-HOME WAYPOINT: right -> joints=['0.000', '-1.180', '0.000', '-1.300', '-1.400', '-0.130', '0.180']
[INFO] [1783325950.354046767] [XARM_manager]: Sending goal to action server /jointspace_arm_R_controller/jointspace (attempt 1/3):
eai_manipulator_msgs.action.JointSpace_Goal(target_positions=[0.0, -1.18, 0.0, -1.3, -1.4, -0.13, 0.18])
[INFO] [1783325950.356001826] [XARM_manager]: Goal accepted. Waiting for result...
[INFO] [1783325952.214421617] [XARM_manager]: Action result received from /jointspace_arm_R_controller/jointspace
[INFO] [1783325952.214935401] [XARM_manager]: Action result: eai_manipulator_msgs.action.JointSpace_Result(success=True, result_msg='action finished')
[GRASP-EXEC] pre-home waypoint result: eai_manipulator_msgs.action.JointSpace_Result(success=True, result_msg='action finished')
[GRASP-EXEC] RETURN HOME: right -> joints=['0.000', '-1.180', '0.000', '-1.300', '-1.400', '-0.130', '0.180']
[INFO] [1783325952.218145995] [XARM_manager]: Sending goal to action server /jointspace_arm_R_controller/jointspace (attempt 1/3):
eai_manipulator_msgs.action.JointSpace_Goal(target_positions=[0.0, -1.18, 0.0, -1.3, -1.4, -0.13, 0.18])
[INFO] [1783325952.220099830] [XARM_manager]: Goal accepted. Waiting for result...
[INFO] [1783325952.223250990] [XARM_manager]: Action result received from /jointspace_arm_R_controller/jointspace
[INFO] [1783325952.223505128] [XARM_manager]: Action result: eai_manipulator_msgs.action.JointSpace_Result(success=True, result_msg='action finished')
[GRASP-EXEC] return home result: eai_manipulator_msgs.action.JointSpace_Result(success=True, result_msg='action finished')
{
  "arm": "right",
  "pipeline_version": "accelerated",
  "motion_strategy": "qp_all",
  "dry_run": false,
  "motion": {
    "detected_pose7": [
      0.2286223346653964,
      -0.1289775640644317,
      -0.0476298004523681,
      0.005719805693254332,
      -0.731528163362517,
      -0.07043662138325944,
      0.6781390066928796
    ],
    "approach_pose7": [
      0.3568718039834754,
      -0.2925872336302219,
      0.26667061129868735,
      -0.23943539927809132,
      -0.2574027383667301,
      0.9324866158195461,
      -0.08296524074128853
    ],
    "grasp_pose7": [
      0.40533136198927533,
      -0.2925872336302219,
      0.17633112653376345,
      -0.23943539927809132,
      -0.2574027383667301,
      0.9324866158195461,
      -0.08296524074128853
    ],
    "lift_pose7": [
      0.40533136198927533,
      -0.2925872336302219,
      0.2963311265337635,
      -0.3591009235043377,
      -0.2443714852966617,
      0.8932564726036866,
      -0.11585326091161509
    ],
    "pre_home_pose7": [
      0.22533136198927534,
      -0.39258723363022185,
      0.34633112653376347,
      -0.3591009235043377,
      -0.2443714852966617,
      0.8932564726036866,
      -0.11585326091161509
    ],
    "grasp_xyz_offset_m": [
      0.02,
      0.0,
      0.005
    ],
    "grasp_quat": [
      -0.23943539927809132,
      -0.2574027383667301,
      0.9324866158195461,
      -0.08296524074128853
    ],
    "use_fixed_grasp_quat": true,
    "phase_backends": {
      "approach": "qp_stream",
      "grasp": "qp_stream",
      "lift": "qp_stream"
    },
    "joint_limits_used": {
      "shoulder_pitch": [
        -2.96,
        2.96
      ],
      "shoulder_roll": [
        -2.616,
        0.262
      ],
      "shoulder_yaw": [
        -2.96,
        2.96
      ],
      "elbow_pitch": [
        -2.61,
        0.261
      ],
      "elbow_yaw": [
        -2.96,
        2.96
      ],
      "wrist_pitch": [
        -0.785,
        1.05
      ],
      "wrist_roll": [
        -1.3,
        1.65
      ]
    },
    "elbow_high_proactive_used": true,
    "elbow_high_orientation": "seed",
    "approach_tcp_tracking": {
      "commanded_xyz": [
        0.3568718039834754,
        -0.2925872336302219,
        0.26667061129868735
      ],
      "achieved_xyz": [
        0.3496031787324525,
        -0.29384573430058647,
        0.24850413915858352
      ],
      "error_mm": [
        -7.268625251022898,
        -1.258500670364593,
        -18.166472140103835
      ],
      "error_norm_mm": 19.60707645199265,
      "achieved_quat": [
        -0.21059668008125582,
        -0.24761848224114216,
        0.9421664439098039,
        -0.08158748409959081
      ],
      "approach_axis_tilt_deg": 52.06123109409947,
      "commanded_approach_axis_tilt_deg": 48.83603591266117,
      "orientation_error_deg": 3.6652964177327614
    },
    "approach_joint_limits": {
      "closest": {
        "joint": "wrist_pitch",
        "value": -0.7461,
        "lower": -0.785,
        "upper": 1.05,
        "dist_to_limit": 0.0389,
        "nearest_side": "lower"
      },
      "breached": [],
      "margin_rad": 0.05
    },
    "compliant_insert": {
      "ok": true,
      "contact": true,
      "reason": "contact",
      "resist_n": 1.7547326602625757,
      "traveled_m": 0.018776939518275693,
      "planned_depth_m": 0.038605064482989546,
      "ft_topic": "/arm_6dof_right",
      "calib_path": "/home/ubuntu/niu/compliant_grasp_execute/ft_calibration/ft_calibration_right.json",
      "calib_present": true,
      "commanded_m": 0.05860506448298955,
      "throttle_events": 0,
      "contact_kind": "force"
    },
    "grasp_tcp_tracking": {
      "commanded_xyz": [
        0.40533136198927533,
        -0.2925872336302219,
        0.17633112653376345
      ],
      "achieved_xyz": [
        0.3897525782458509,
        -0.29207612165703384,
        0.18749459833919
      ],
      "error_mm": [
        -15.578783743424419,
        0.5111119731880387,
        11.16347180542654
      ],
      "error_norm_mm": 19.172450055328724,
      "achieved_quat": [
        -0.20601538189822982,
        -0.2577429019580494,
        0.9391424650270483,
        -0.09559126160109652
      ],
      "approach_axis_tilt_deg": 51.46727899527557,
      "commanded_approach_axis_tilt_deg": 48.83603591266117,
      "orientation_error_deg": 4.164698365969904
    },
    "grasp_joint_limits": {
      "closest": {
        "joint": "wrist_pitch",
        "value": -0.7786,
        "lower": -0.785,
        "upper": 1.05,
        "dist_to_limit": 0.0064,
        "nearest_side": "lower"
      },
      "breached": [
        {
          "joint": "wrist_pitch",
          "value": -0.7786,
          "lower": -0.785,
          "upper": 1.05,
          "dist_to_limit": 0.0064,
          "nearest_side": "lower"
        }
      ],
      "margin_rad": 0.05
    },
    "lift_joint_limits": {
      "closest": {
        "joint": "wrist_pitch",
        "value": -0.7513,
        "lower": -0.785,
        "upper": 1.05,
        "dist_to_limit": 0.0337,
        "nearest_side": "lower"
      },
      "breached": [],
      "margin_rad": 0.05
    },
    "retract_ok": null,
    "return_home_ok": true,
    "released_on_finish_ok": null,
    "approach_ok": true,
    "grasp_ok": true,
    "lift_ok": true
  },
  "detection": {
    "class_name": "remote-control",
    "pose_head_roll_link": [
      0.7704505510404025,
      -0.14927668737996255,
      -0.16839567258620564,
      -0.27004476142290734,
      -0.2909728283645628,
      0.6702915212994376,
      0.6269927563023815
    ],
    "pose_tip_waist_yaw_link_rpy": {
      "x": 0.49275004890213187,
      "y": -0.1543260600912853,
      "z": -0.02892139802848459,
      "roll": -0.12013488549605832,
      "pitch": -0.04896063039746168,
      "yaw": 1.6068823114365116
    },
    "pose_tip_used_for_tcp_conversion_rpy": {
      "x": 0.49275004890213187,
      "y": -0.1543260600912853,
      "z": -0.02892139802848459,
      "roll": 2.136346868223538,
      "pitch": -1.4391703165571375,
      "yaw": -2.228101017574695
    },
    "pose_tcp_waist_yaw_link_rpy": {
      "x": 0.2286223346653964,
      "y": -0.1289775640644317,
      "z": -0.0476298004523681,
      "roll": 2.136346868223538,
      "pitch": -1.4391703165571375,
      "yaw": -2.228101017574695
    },
    "pose_tcp_waist_yaw_link_pose7": [
      0.2286223346653964,
      -0.1289775640644317,
      -0.0476298004523681,
      0.005719805693254332,
      -0.731528163362517,
      -0.07043662138325944,
      0.6781390066928796
    ],
    "current_tcp_pose7": [
      0.35168821955088536,
      -0.5952940185166374,
      0.2750312247926353,
      0.005719805693254332,
      -0.731528163362517,
      -0.07043662138325944,
      0.6781390066928796
    ],
    "tcp_minus_tip_waist_m": [
      -0.2641277142367355,
      0.0253484960268536,
      -0.01870840242388351
    ],
    "tcp_to_tip_offset_m": [
      0.0,
      0.0,
      -0.266
    ],
    "orientation_policy": "current",
    "use_current_tcp_rotation": true,
    "rotation_source_arm": "right",
    "bbox_2d": [
      689.8609008789062,
      395.5989685058594,
      898.7250366210938,
      435.3243408203125
    ],
    "bbox_3d": {
      "min": [
        0.754199154742511,
        -0.2397830716731779,
        -0.19026710687387807
      ],
      "max": [
        0.8058286047653352,
        -0.06026559923732267,
        -0.15165003086776652
      ],
      "center": [
        0.7800138797539231,
        -0.1500243354552503,
        -0.17095856887082228
      ],
      "size": [
        0.051629450022824264,
        0.17951747243585522,
        0.038617076006111556
      ]
    },
    "object_long_axis_waist": [
      -0.036034919685511035,
      0.9981514194020292,
      0.0489410718004242
    ],
    "object_long_axis_yaw_waist_deg": -87.93242538046152,
    "object_angle_from_waist_x_deg": 87.93242538046154
  },
  "gripper": {
    "open_ok": true,
    "close_ok": true,
    "final_pos_pct": 90.0,
    "backend": "modbus_rtu"
  },
  "ok": true
}
[GRASP-EXEC] saved result json: /tmp/grasp_exec.json
[GRASP-EXEC] saved handoff: /tmp/grasp_handoff.json (arm=right holding=True)
