[日志] 日志文件: logs/grasp/grasp_260706_162127.log
[日志] 执行命令: python3 -m compliant_grasp_execute.main
[INFO] [1783326087.691010202] [XARM_manager]: waiting for service /controller_manager/get_parameters to become available...
[INFO] [1783326088.806987902] [XARM_manager]: XARM_manager initialized, robot_type: tianyi2, run_type: real
[INFO] [1783326088.814388751] [XARM_manager]: 已订阅关节状态话题: /joint_states
[INFO] [1783326088.823626287] [XARM_manager]: 已订阅警告和错误信息话题: /manipulator/warn_and_error_info
[INFO] [1783326088.836272811] [XARM_manager]: /joint_action_report 服务已启动
[CONFIG] loaded 198 params from /home/ubuntu/niu/compliant_grasp_execute/config.yaml
[GRASP-EXEC] STARTUP: enabling arms and moving BOTH to home posture
[INFO] [1783326092.636832331] [XARM_manager]: Deactivated controllers: ['jointspace_arm_R_controller']
[GRASP-EXEC] STARTUP: left -> home joints=['0.000', '1.180', '0.000', '-1.300', '1.400', '-0.130', '0.180']
[INFO] [1783326092.668529262] [XARM_manager]: Activated controllers: ['jointspace_arm_L_controller']
[INFO] [1783326092.694649188] [XARM_manager]: Sending goal to action server /jointspace_arm_L_controller/jointspace (attempt 1/3):
eai_manipulator_msgs.action.JointSpace_Goal(target_positions=[0.0, 1.18, 0.0, -1.3, 1.4, -0.13, 0.18])
[INFO] [1783326092.965760956] [XARM_manager]: Goal accepted. Waiting for result...
[INFO] [1783326093.081043252] [XARM_manager]: Action result received from /jointspace_arm_L_controller/jointspace
[INFO] [1783326093.081538680] [XARM_manager]: Action result: eai_manipulator_msgs.action.JointSpace_Result(success=True, result_msg='action finished')
[GRASP-EXEC] STARTUP: right -> home joints=['0.000', '-1.180', '0.000', '-1.300', '-1.400', '-0.130', '0.180']
[INFO] [1783326093.094004874] [XARM_manager]: Activated controllers: ['jointspace_arm_R_controller']
[INFO] [1783326093.107547958] [XARM_manager]: Sending goal to action server /jointspace_arm_R_controller/jointspace (attempt 1/3):
eai_manipulator_msgs.action.JointSpace_Goal(target_positions=[0.0, -1.18, 0.0, -1.3, -1.4, -0.13, 0.18])
[INFO] [1783326093.110427759] [XARM_manager]: Goal accepted. Waiting for result...
[INFO] [1783326093.233655856] [XARM_manager]: Action result received from /jointspace_arm_R_controller/jointspace
[INFO] [1783326093.234111767] [XARM_manager]: Action result: eai_manipulator_msgs.action.JointSpace_Result(success=True, result_msg='action finished')
[GRASP-EXEC] STARTUP: activating both grippers (open/close cycle)
[robotiq_api] gripper already activated (gSTA==3); skip resetActivate()
[GRASP-EXEC] STARTUP: gripper 'left' activated
[robotiq_api] gripper already activated (gSTA==3); skip resetActivate()
[GRASP-EXEC] STARTUP: gripper 'right' activated
perception health check pass
[object_pose] RGB (720, 1280, 3), depth (720, 1280), valid-depth pixels: 905502/921600 (median valid depth 1.210 m)
[GRASP-EXEC] ARM-SELECT: object waist Y=-0.163m (y < boundary 0.000) -> 'right' arm
[GRASP-EXEC] diagonal schedule: angle-from-X=89.32033979704364deg -> tilt_scale=0.50, yaw_clamp=45.0deg (freed wrist_pitch, raised jaw alignment)
[GRASP-EXEC] applied grasp tilt +22.5deg about waist Y (tilt scale 1.00 x diag 0.50) -> quat=['0.3570', '0.4408', '-0.6186', '-0.5437']
[GRASP-EXEC] continuous orientation: object long-axis yaw -89.3deg (angle-from-X 89.3deg); applied continuous yaw -45.0deg about waist Z (gain=1.00, clamp +/-45deg) -> quat=['0.4985', '0.2706', '-0.3634', '-0.7391']
[GRASP-EXEC] recomputed TCP along final quat: detected_tcp_xyz=['0.3675', '-0.1370', '-0.0403'] -> consistent_tcp_xyz=['0.4288', '-0.0189', '0.0733']
[GRASP-EXEC] approach lateral clamp: approach Y +0.0459 -> -0.0189 (= grasp Y); tool_z outboard component would have pushed the standoff further from center than the grasp, which folds the elbow into its stop at far-outboard reaches.
[GRASP-EXEC] approach along grasp axis: dist=0.120m tool_z=[-0.762,0.540,0.357] approach_xyz=['0.3573', '-0.0189', '0.1211']
[GRASP-EXEC] applied lift tilt -15.0deg about waist Y -> lift quat=['0.5416', '0.3648', '-0.2953', '-0.6974']
[GRASP-EXEC] detected class=remote-control detected_pose7=['0.3675', '-0.1370', '-0.0403', '0.0055', '-0.7315', '-0.0707', '0.6781'] -> motion grasp_pose7=['0.4488', '-0.0189', '0.0783', '0.4985', '0.2706', '-0.3634', '-0.7391']
[INFO] [1783326096.772528333] [XARM_manager]: Deactivated controllers: ['jointspace_arm_L_controller', 'jointspace_arm_R_controller']
[GRASP-EXEC] arms enabled (mode 3) [took 0.03s]
[JOINT-LIMIT] right: using live controller limits from endpose_single_arm_qp_R_controller
[GRASP-EXEC] joint-limit guard ON (margin 0.050 rad) arm=right
[GRASP-EXEC] gripper: connecting in background (overlaps arm enable + approach to hide the slow serial open; --no-gripper-async-connect for the old blocking behaviour)
[GRASP-EXEC] ARM: approach via qp_stream
[GRASP-EXEC] ELBOW-HIGH (proactive): object long axis ~parallel to body (angle-from-X=89.32033979704364 >= 45.0deg); the elbow-high seed's fore-aft jaws match a parallel object's short axis; reconfiguring to elbow-high seed before approach.
[GRASP-EXEC] elbow-high seed ready/right: clamped 1 joint(s) inward (margin 0.05rad): shoulder_yaw +2.964->+2.910 [-2.960,2.960]
[GRASP-EXEC] ELBOW-HIGH: reconfiguring right arm into elbow-high seed (jointspace, via transition waypoint). NOTE: jointspace moves run at the controller's own speed; watch the first reconfiguration for table/body clearance.
[GRASP-EXEC] gripper: arm='right' -> stable by-id port /dev/serial/by-id/usb-FTDI_FT231X_USB_UART_D30JLK40-if00-port0
[GRASP-EXEC] ELBOW-HIGH: right -> transition joints=['-1.452', '-0.585', '1.455', '-1.870', '-0.746', '-0.142', '0.087']
[INFO] [1783326096.819505476] [XARM_manager]: Activated controllers: ['jointspace_arm_R_controller']
[INFO] [1783326096.820701952] [XARM_manager]: Sending goal to action server /jointspace_arm_R_controller/jointspace (attempt 1/3):
eai_manipulator_msgs.action.JointSpace_Goal(target_positions=[-1.4525, -0.5845, 1.455, -1.87, -0.7456999999999999, -0.14179999999999998, 0.08685])
[INFO] [1783326096.824590551] [XARM_manager]: Goal accepted. Waiting for result...
[robotiq_api] gripper already activated (gSTA==3); skip resetActivate()
[GRASP-EXEC] gripper: cached serial port /dev/serial/by-id/usb-FTDI_FT231X_USB_UART_D30JLK40-if00-port0 -> /tmp/robotiq_gripper_port.txt
[GRASP-EXEC] gripper controller ready: backend=modbus_rtu port=auto slave=9 (wait_timeout=8.0s) [connect took 0.03s]
[INFO] [1783326098.687123363] [XARM_manager]: Action result received from /jointspace_arm_R_controller/jointspace
[INFO] [1783326098.687609195] [XARM_manager]: Action result: eai_manipulator_msgs.action.JointSpace_Result(success=True, result_msg='action finished')
[GRASP-EXEC] ELBOW-HIGH: transition move result: eai_manipulator_msgs.action.JointSpace_Result(success=True, result_msg='action finished')
[GRASP-EXEC] ELBOW-HIGH: right -> ready joints=['-2.905', '0.011', '2.910', '-2.440', '-0.091', '-0.154', '-0.006']
[INFO] [1783326098.690467282] [XARM_manager]: Sending goal to action server /jointspace_arm_R_controller/jointspace (attempt 1/3):
eai_manipulator_msgs.action.JointSpace_Goal(target_positions=[-2.905, 0.011, 2.91, -2.44, -0.0914, -0.1536, -0.0063])
[INFO] [1783326098.691649601] [XARM_manager]: Goal accepted. Waiting for result...
[INFO] [1783326100.552419832] [XARM_manager]: Action result received from /jointspace_arm_R_controller/jointspace
[INFO] [1783326100.552691874] [XARM_manager]: Action result: eai_manipulator_msgs.action.JointSpace_Result(success=True, result_msg='action finished')
[GRASP-EXEC] ELBOW-HIGH: ready move result: eai_manipulator_msgs.action.JointSpace_Result(success=True, result_msg='action finished')
[JOINT-LIMIT] right closest-to-limit: shoulder_pitch=-2.7894 [-2.96,2.96] dist=0.1706rad
[GRASP-EXEC] continuous orientation: object long-axis yaw -89.3deg (angle-from-X 89.3deg); applied continuous yaw -9.2deg about waist Z (gain=1.00, clamp +/-90deg) [top-down jaw-align: base jaw heading -170.1deg -> short-axis +0.7deg] -> quat=['-0.2357', '-0.2667', '0.9317', '-0.0731']
[GRASP-EXEC] recomputed TCP along final quat: detected_tcp_xyz=['0.3675', '-0.1370', '-0.0403'] -> consistent_tcp_xyz=['0.5251', '-0.3039', '0.1770']
[GRASP-EXEC] approach lateral clamp: approach Y -0.3677 -> -0.3039 (= grasp Y); tool_z outboard component would have pushed the standoff further from center than the grasp, which folds the elbow into its stop at far-outboard reaches.
[GRASP-EXEC] approach along grasp axis: dist=0.120m tool_z=[-0.400,-0.531,0.747] approach_xyz=['0.4971', '-0.3039', '0.2716']
[GRASP-EXEC] applied lift tilt -15.0deg about waist Y -> lift quat=['-0.3553', '-0.2549', '0.8929', '-0.1073']
[GRASP-EXEC] ELBOW-HIGH: using SEED grasp orientation (proactive); rebuilt grasp/approach/lift poses. The seed-anchored mode keeps the orientation the arm is already in, so the approach only translates and the wrist stays in range.
[GRASP-EXEC] ELBOW-HIGH QP joint window set on endpose_single_arm_qp_R_controller (flex 0.40rad, drop 0.15rad): shoulder_pitch[-2.96,-2.64], shoulder_roll[-0.55,0.00], shoulder_yaw[2.41,2.96], elbow_pitch[-2.61,-2.14], elbow_yaw[-0.55,-0.00]. Asymmetric: tight on the drop side so the elbow is actually held high; loose on the flex side so the arm can still reach.
[GRASP-EXEC] ELBOW-HIGH: wrist guard margin relaxed to 0.010rad (from 0.050) so the nose-down grasp can reach wrist_pitch~-0.71 (still inside the -0.785 stop). Other joints keep the full margin.
[INFO] [1783326100.576208840] [XARM_manager]: Deactivated controllers: ['jointspace_arm_R_controller']
[INFO] [1783326100.585665415] [XARM_manager]: Activated controllers: ['endpose_single_arm_qp_R_controller']
[GRASP-EXEC] QP-Stream right -> approach (pure-pursuit): pos=35.9cm rot=15.8deg, lookahead=13cm @ 50Hz, pos_tol=2.0cm accept=2.5cm keep_ori=False
[GRASP-EXEC] approach TCP tracking: commanded=[0.4971,-0.3039,0.2716] achieved=[0.4892,-0.3025,0.2535] err=[-7.8,+1.4,-18.1]mm |err|=19.8mm approach-axis tilt: achieved=+52.3deg commanded=+48.3deg (0=level) ori-err=4.2deg
[JOINT-LIMIT] right closest-to-limit: wrist_pitch=-0.7278 [-0.785,1.05] dist=0.0572rad
[JOINT-LIMIT] right approach per-joint: shoulder_pitch=-1.687[-2.96,+2.96](1.273) shoulder_roll=-0.766[-2.62,+0.26](1.028) shoulder_yaw=+2.055[-2.96,+2.96](0.905) elbow_pitch=-1.168[-2.61,+0.26](1.429) elbow_yaw=+0.925[-2.96,+2.96](2.035) wrist_pitch=-0.728[-0.79,+1.05](0.057) wrist_roll=-0.182[-1.30,+1.65](1.118)
[GRASP-EXEC] GRIPPER: open (after approach, before grasp insert)
[GRASP-EXEC] gripper open: start=91% -> target=0%
[GRASP-EXEC] gripper open result: pos=1% status=3 ok=True
[GRASP-EXEC] ARM: HYBRID pre-descent (position QP-stream) -> 6.1cm, leaving final 3.0cm for F/T compliant descend-to-contact
[GRASP-EXEC] QP-Stream right -> pre-grasp (pure-pursuit): pos=6.3cm rot=0.0deg, lookahead=8cm @ 50Hz, pos_tol=1.0cm accept=2.5cm keep_ori=True
[GRASP-EXEC] ARM: COMPLIANT insert to grasp pose (F/T admittance descend-to-contact)
[INFO] [1783326106.049239294] [XARM_manager]: [COMPLIANT-RIGHT] Loaded F/T calibration from /home/ubuntu/niu/compliant_grasp_execute/ft_calibration/ft_calibration_right.json
[INFO] [1783326106.069848111] [XARM_manager]: [COMPLIANT-RIGHT] target set: p=[0.5176194115493364, -0.3037169471818466, 0.20372038252605046] q=[-0.20251641777150453, -0.26245584131690847, 0.9400477189413142, -0.08008943753618879]
[INFO] [1783326106.070679056] [XARM_manager]: [COMPLIANT-RIGHT] seeded QP target at captured pose (z=+0.2037).
[INFO] [1783326106.071344937] [XARM_manager]: [COMPLIANT-RIGHT] admittance loop starting (calibrating force offset; keep hands off the arm briefly)...
[INFO] [1783326106.395372300] [XARM_manager]: [COMPLIANT-RIGHT] runtime offset calibrated. p_ref=[0.5176194115493364, -0.3037169471818466, 0.20372038252605046], ready.
[COMPLIANT-INSERT] runtime force-offset calibrated in 0.34s
[INFO] [1783326106.414663508] [XARM_manager]: [COMPLIANT-RIGHT] gains updated: B=[3.9597979746446663, 5.6, 3.9597979746446663] K=[20.0, 40.0, 20.0] B_rot=[0.5, 0.5, 0.5] K_rot=[0.0, 0.0, 0.0]
[COMPLIANT-INSERT] insertion dir=[+0.79,-0.01,-0.62] planned_depth=3.5cm soft_axes=xz K=[20.0, 40.0, 20.0] B=[3.96, 5.6, 3.96] contact_thresh=1.5N
[INFO] [1783326107.071475046] [XARM_manager]: [COMPLIANT-RIGHT] gains updated: B=[10.844353369380768, 10.844353369380768, 10.844353369380768] K=[150.0, 150.0, 150.0] B_rot=[0.5, 0.5, 0.5] K_rot=[0.0, 0.0, 0.0]
[INFO] [1783326107.071747878] [XARM_manager]: [COMPLIANT-RIGHT] target set: p=[0.5204612874136023, -0.3020779434751608, 0.19114121200089934] q=[-0.20251641777150453, -0.26245584131690847, 0.9400477189413142, -0.08008943753618879]
[COMPLIANT-INSERT] CONTACT (force) at tcp_drop 1.0cm (resist 1.8N, thresh 1.5N); holding compliant for gripper close
[INFO] [1783326107.231197919] [XARM_manager]: [COMPLIANT-RIGHT] n=200 hz=241.4 F=[+0.00,+0.02,+2.41]N disp=[+0.2,+0.0,+0.1]cm v=[-0.03,-0.00,+0.14]
[GRASP-EXEC] grasp TCP tracking: commanded=[0.5451,-0.3039,0.1820] achieved=[0.5224,-0.3029,0.1923] err=[-22.7,+1.0,+10.2]mm |err|=24.9mm approach-axis tilt: achieved=+50.9deg commanded=+48.3deg (0=level) ori-err=5.2deg
[JOINT-LIMIT] right closest-to-limit: wrist_pitch=-0.7572 [-0.785,1.05] dist=0.0278rad
[JOINT-LIMIT] right grasp per-joint: shoulder_pitch=-1.472[-2.96,+2.96](1.488) shoulder_roll=-0.573[-2.62,+0.26](0.835) shoulder_yaw=+1.982[-2.96,+2.96](0.978) elbow_pitch=-0.770[-2.61,+0.26](1.031) elbow_yaw=+1.104[-2.96,+2.96](1.856) wrist_pitch=-0.757[-0.79,+1.05](0.028) wrist_roll=-0.462[-1.30,+1.65](0.838)
[GRASP-EXEC] GRIPPER: close at grasp pose (after arm motion, not at approach)
[GRASP-EXEC] gripper close: start=1% -> target=100%
[INFO] [1783326108.062082821] [XARM_manager]: [COMPLIANT-RIGHT] n=400 hz=241.3 F=[-1.29,-1.36,+3.53]N disp=[-0.5,+0.2,+0.9]cm v=[+0.01,-0.12,+0.19]
[GRASP-EXEC] gripper close result: pos=91% status=3 ok=True
[INFO] [1783326108.514626886] [XARM_manager]: [COMPLIANT-RIGHT] admittance loop stopped.
[GRASP-EXEC] ARM: rotate wrist away from table -20deg about waist Y before lift
[GRASP-EXEC] QP-Stream right -> table-clear (pure-pursuit): pos=0.0cm rot=20.0deg, lookahead=13cm @ 50Hz, pos_tol=2.0cm accept=2.5cm keep_ori=False
[GRASP-EXEC] ARM: lift after grasp
[GRASP-EXEC] QP-Stream right -> lift (pure-pursuit): pos=10.9cm rot=0.0deg, lookahead=13cm @ 50Hz, pos_tol=2.0cm accept=2.5cm keep_ori=True
[JOINT-LIMIT] right closest-to-limit: wrist_pitch=-0.7466 [-0.785,1.05] dist=0.0384rad
[JOINT-LIMIT] right lift per-joint: shoulder_pitch=-1.746[-2.96,+2.96](1.214) shoulder_roll=-0.595[-2.62,+0.26](0.857) shoulder_yaw=+2.151[-2.96,+2.96](0.809) elbow_pitch=-0.869[-2.61,+0.26](1.130) elbow_yaw=+0.877[-2.96,+2.96](2.083) wrist_pitch=-0.747[-0.79,+1.05](0.038) wrist_roll=-0.489[-1.30,+1.65](0.811)
[GRASP-EXEC] ELBOW-HIGH QP joint limits restored on endpose_single_arm_qp_R_controller (back to hard limits).
[GRASP-EXEC] ELBOW-HIGH: wrist guard margin restored to full.
[INFO] [1783326109.374603946] [XARM_manager]: Deactivated controllers: ['endpose_single_arm_qp_R_controller']
[GRASP-EXEC] elbow-high seed ready/right: clamped 1 joint(s) inward (margin 0.05rad): shoulder_yaw +2.964->+2.910 [-2.960,2.960]
[GRASP-EXEC] ELBOW-HIGH: returning via transition waypoint before home (bridges elbow-high -> elbow-low without a large sweep).
[GRASP-EXEC] ELBOW-HIGH: right -> transition(return) joints=['-1.452', '-0.585', '1.455', '-1.870', '-0.746', '-0.142', '0.087']
[INFO] [1783326109.392704109] [XARM_manager]: Activated controllers: ['jointspace_arm_R_controller']
[INFO] [1783326109.393462382] [XARM_manager]: Sending goal to action server /jointspace_arm_R_controller/jointspace (attempt 1/3):
eai_manipulator_msgs.action.JointSpace_Goal(target_positions=[-1.4525, -0.5845, 1.455, -1.87, -0.7456999999999999, -0.14179999999999998, 0.08685])
[INFO] [1783326109.396802298] [XARM_manager]: Goal accepted. Waiting for result...
[INFO] [1783326111.374572546] [XARM_manager]: Action result received from /jointspace_arm_R_controller/jointspace
[INFO] [1783326111.374842022] [XARM_manager]: Action result: eai_manipulator_msgs.action.JointSpace_Result(success=True, result_msg='action finished')
[GRASP-EXEC] ELBOW-HIGH: transition(return) move result: eai_manipulator_msgs.action.JointSpace_Result(success=True, result_msg='action finished')
[GRASP-EXEC] PRE-HOME WAYPOINT: right -> joints=['0.000', '-1.180', '0.000', '-1.300', '-1.400', '-0.130', '0.180']
[INFO] [1783326111.377570149] [XARM_manager]: Sending goal to action server /jointspace_arm_R_controller/jointspace (attempt 1/3):
eai_manipulator_msgs.action.JointSpace_Goal(target_positions=[0.0, -1.18, 0.0, -1.3, -1.4, -0.13, 0.18])
[INFO] [1783326111.380964812] [XARM_manager]: Goal accepted. Waiting for result...
[INFO] [1783326113.238839562] [XARM_manager]: Action result received from /jointspace_arm_R_controller/jointspace
[INFO] [1783326113.239087833] [XARM_manager]: Action result: eai_manipulator_msgs.action.JointSpace_Result(success=True, result_msg='action finished')
[GRASP-EXEC] pre-home waypoint result: eai_manipulator_msgs.action.JointSpace_Result(success=True, result_msg='action finished')
[GRASP-EXEC] RETURN HOME: right -> joints=['0.000', '-1.180', '0.000', '-1.300', '-1.400', '-0.130', '0.180']
[INFO] [1783326113.242231293] [XARM_manager]: Sending goal to action server /jointspace_arm_R_controller/jointspace (attempt 1/3):
eai_manipulator_msgs.action.JointSpace_Goal(target_positions=[0.0, -1.18, 0.0, -1.3, -1.4, -0.13, 0.18])
[INFO] [1783326113.243523333] [XARM_manager]: Goal accepted. Waiting for result...
[INFO] [1783326113.247635818] [XARM_manager]: Action result received from /jointspace_arm_R_controller/jointspace
[INFO] [1783326113.247869020] [XARM_manager]: Action result: eai_manipulator_msgs.action.JointSpace_Result(success=True, result_msg='action finished')
[GRASP-EXEC] return home result: eai_manipulator_msgs.action.JointSpace_Result(success=True, result_msg='action finished')
{
  "arm": "right",
  "pipeline_version": "accelerated",
  "motion_strategy": "qp_all",
  "dry_run": false,
  "motion": {
    "detected_pose7": [
      0.3674718528498446,
      -0.13704575664642032,
      -0.040278043415352835,
      0.005502466559649755,
      -0.7315274016478707,
      -0.0706605563176679,
      0.678118329851769
    ],
    "approach_pose7": [
      0.4970793645381311,
      -0.30389807382446776,
      0.2716270965870733,
      -0.235732240741996,
      -0.26667588130345177,
      0.931652029241086,
      -0.07306696529042116
    ],
    "grasp_pose7": [
      0.545111818077772,
      -0.30389807382446776,
      0.18203166818568486,
      -0.235732240741996,
      -0.26667588130345177,
      0.931652029241086,
      -0.07306696529042116
    ],
    "lift_pose7": [
      0.545111818077772,
      -0.30389807382446776,
      0.30203166818568483,
      -0.35532051059470904,
      -0.2548572794142061,
      0.8929123852120044,
      -0.10725005461683262
    ],
    "pre_home_pose7": [
      0.365111818077772,
      -0.40389807382446774,
      0.3520316681856848,
      -0.35532051059470904,
      -0.2548572794142061,
      0.8929123852120044,
      -0.10725005461683262
    ],
    "grasp_xyz_offset_m": [
      0.02,
      0.0,
      0.005
    ],
    "grasp_quat": [
      -0.235732240741996,
      -0.26667588130345177,
      0.931652029241086,
      -0.07306696529042116
    ],
    "use_fixed_grasp_quat": true,
    "phase_backends": {
      "approach": "qp_stream",
      "grasp": "qp_stream",
      "lift": "qp_stream"
    },
    "joint_limits_used": {
      "shoulder_pitch": [
        -2.96,
        2.96
      ],
      "shoulder_roll": [
        -2.616,
        0.262
      ],
      "shoulder_yaw": [
        -2.96,
        2.96
      ],
      "elbow_pitch": [
        -2.61,
        0.261
      ],
      "elbow_yaw": [
        -2.96,
        2.96
      ],
      "wrist_pitch": [
        -0.785,
        1.05
      ],
      "wrist_roll": [
        -1.3,
        1.65
      ]
    },
    "elbow_high_proactive_used": true,
    "elbow_high_orientation": "seed",
    "approach_tcp_tracking": {
      "commanded_xyz": [
        0.4970793645381311,
        -0.30389807382446776,
        0.2716270965870733
      ],
      "achieved_xyz": [
        0.4892428111166004,
        -0.30252716102323174,
        0.2534830279789744
      ],
      "error_mm": [
        -7.8365534215307235,
        1.3709128012360239,
        -18.14406860809892
      ],
      "error_norm_mm": 19.811567254826112,
      "achieved_quat": [
        -0.20598521313687565,
        -0.24935775064041776,
        0.9428505254379312,
        -0.08014793101461816
      ],
      "approach_axis_tilt_deg": 52.25861410727216,
      "commanded_approach_axis_tilt_deg": 48.29917210895173,
      "orientation_error_deg": 4.226710756393559
    },
    "approach_joint_limits": {
      "closest": {
        "joint": "wrist_pitch",
        "value": -0.7278,
        "lower": -0.785,
        "upper": 1.05,
        "dist_to_limit": 0.0572,
        "nearest_side": "lower"
      },
      "breached": [],
      "margin_rad": 0.05
    },
    "compliant_insert": {
      "ok": true,
      "contact": true,
      "reason": "contact",
      "resist_n": 1.7586256353681025,
      "traveled_m": 0.010013662339435087,
      "planned_depth_m": 0.035018074666140805,
      "ft_topic": "/arm_6dof_right",
      "calib_path": "/home/ubuntu/niu/compliant_grasp_execute/ft_calibration/ft_calibration_right.json",
      "calib_present": true,
      "commanded_m": 0.04908840008044153,
      "throttle_events": 0,
      "contact_kind": "force"
    },
    "grasp_tcp_tracking": {
      "commanded_xyz": [
        0.545111818077772,
        -0.30389807382446776,
        0.18203166818568486
      ],
      "achieved_xyz": [
        0.5223830500165747,
        -0.3029004392196689,
        0.19225251290955203
      ],
      "error_mm": [
        -22.72876806119728,
        0.9976346047988471,
        10.220844723867167
      ],
      "error_norm_mm": 24.94108737111911,
      "achieved_quat": [
        -0.19208691676242196,
        -0.2735842408874304,
        0.9388347647514145,
        -0.0827258365984353
      ],
      "approach_axis_tilt_deg": 50.94200464271235,
      "commanded_approach_axis_tilt_deg": 48.29917210895173,
      "orientation_error_deg": 5.248608594140872
    },
    "grasp_joint_limits": {
      "closest": {
        "joint": "wrist_pitch",
        "value": -0.7572,
        "lower": -0.785,
        "upper": 1.05,
        "dist_to_limit": 0.0278,
        "nearest_side": "lower"
      },
      "breached": [],
      "margin_rad": 0.05
    },
    "lift_joint_limits": {
      "closest": {
        "joint": "wrist_pitch",
        "value": -0.7466,
        "lower": -0.785,
        "upper": 1.05,
        "dist_to_limit": 0.0384,
        "nearest_side": "lower"
      },
      "breached": [],
      "margin_rad": 0.05
    },
    "retract_ok": null,
    "return_home_ok": true,
    "released_on_finish_ok": null,
    "approach_ok": true,
    "grasp_ok": true,
    "lift_ok": true
  },
  "detection": {
    "class_name": "remote-control",
    "pose_head_roll_link": [
      0.8722028269767748,
      -0.15551369051033911,
      -0.0735205299822736,
      -0.2654924826441812,
      -0.2842154121903399,
      0.6638256014423486,
      0.638804283018366
    ],
    "pose_tip_waist_yaw_link_rpy": {
      "x": 0.6315837567573093,
      "y": -0.16255984342201493,
      "z": -0.021571531437392766,
      "roll": -0.10169878757215892,
      "pitch": -0.03882929016943115,
      "yaw": 1.5826586351312582
    },
    "pose_tip_used_for_tcp_conversion_rpy": {
      "x": 0.6315837567573093,
      "y": -0.16255984342201493,
      "z": -0.021571531437392766,
      "roll": 2.1361683945360475,
      "pitch": -1.4391464584538571,
      "yaw": -2.2285486895329365
    },
    "pose_tcp_waist_yaw_link_rpy": {
      "x": 0.3674718528498446,
      "y": -0.13704575664642032,
      "z": -0.040278043415352835,
      "roll": 2.1361683945360475,
      "pitch": -1.4391464584538571,
      "yaw": -2.2285486895329365
    },
    "pose_tcp_waist_yaw_link_pose7": [
      0.3674718528498446,
      -0.13704575664642032,
      -0.040278043415352835,
      0.005502466559649755,
      -0.7315274016478707,
      -0.0706605563176679,
      0.678118329851769
    ],
    "current_tcp_pose7": [
      0.35168305258905563,
      -0.5953469365687613,
      0.27503187823478187,
      0.005502466559649755,
      -0.7315274016478707,
      -0.0706605563176679,
      0.678118329851769
    ],
    "tcp_minus_tip_waist_m": [
      -0.26411190390746464,
      0.025514086775594608,
      -0.01870651197796007
    ],
    "tcp_to_tip_offset_m": [
      0.0,
      0.0,
      -0.266
    ],
    "orientation_policy": "current",
    "use_current_tcp_rotation": true,
    "rotation_source_arm": "right",
    "bbox_2d": [
      693.0388793945312,
      293.2283020019531,
      884.6105346679688,
      326.7380676269531
    ],
    "bbox_3d": {
      "min": [
        0.8577522034730087,
        -0.2462397932289451,
        -0.0945533871091456
      ],
      "max": [
        0.9049540884374211,
        -0.0680919577722677,
        -0.05643233779197668
      ],
      "center": [
        0.8813531459552149,
        -0.1571658755006064,
        -0.07549286245056114
      ],
      "size": [
        0.047201884964412355,
        0.1781478354566774,
        0.03812104931716892
      ]
    },
    "object_long_axis_waist": [
      -0.011853088989155415,
      0.9991759345018538,
      0.03881953366235072
    ],
    "object_long_axis_yaw_waist_deg": -89.32033979704363,
    "object_angle_from_waist_x_deg": 89.32033979704364
  },
  "gripper": {
    "open_ok": true,
    "close_ok": true,
    "final_pos_pct": 91.0,
    "backend": "modbus_rtu"
  },
  "ok": true
}
[GRASP-EXEC] saved result json: /tmp/grasp_exec.json
[GRASP-EXEC] saved handoff: /tmp/grasp_handoff.json (arm=right holding=True)


遥控器横着放在右侧中间，没抓到。