[日志] 日志文件: logs/grasp/grasp_260708_133246.log
[日志] 执行命令: python3 -m compliant_grasp_execute.main
[INFO] [1783488767.053004107] [XARM_manager]: waiting for service /controller_manager/get_parameters to become available...
[INFO] [1783488767.897872431] [XARM_manager]: XARM_manager initialized, robot_type: tianyi2, run_type: real
[INFO] [1783488767.905190906] [XARM_manager]: 已订阅关节状态话题: /joint_states
[INFO] [1783488767.912390685] [XARM_manager]: 已订阅警告和错误信息话题: /manipulator/warn_and_error_info
[INFO] [1783488767.926279472] [XARM_manager]: /joint_action_report 服务已启动
[CONFIG] loaded 201 params from /home/ubuntu/niu/compliant_grasp_execute/config.yaml
[GRASP-EXEC] STARTUP: enabling arms and moving BOTH to home posture
[INFO] [1783488773.003973601] [XARM_manager]: Deactivated controllers: ['jointspace_arm_R_controller']
[GRASP-EXEC] STARTUP: left -> home joints=['0.844', '0.026', '-0.006', '-2.216', '-1.529', '0.250', '0.683']
[INFO] [1783488773.266925431] [XARM_manager]: Activated controllers: ['jointspace_arm_L_controller']
[INFO] [1783488773.281167822] [XARM_manager]: Sending goal to action server /jointspace_arm_L_controller/jointspace (attempt 1/3):
eai_manipulator_msgs.action.JointSpace_Goal(target_positions=[0.844, 0.026, -0.006, -2.216, -1.529, 0.25, 0.683])
[INFO] [1783488773.282912700] [XARM_manager]: Goal accepted. Waiting for result...
[INFO] [1783488773.736922683] [XARM_manager]: Action result received from /jointspace_arm_L_controller/jointspace
[INFO] [1783488773.737246808] [XARM_manager]: Action result: eai_manipulator_msgs.action.JointSpace_Result(success=True, result_msg='action finished')
[GRASP-EXEC] STARTUP: right -> home joints=['0.844', '-0.026', '0.006', '-2.216', '1.529', '0.250', '-0.683']
[INFO] [1783488773.750780004] [XARM_manager]: Activated controllers: ['jointspace_arm_R_controller']
[INFO] [1783488773.764238288] [XARM_manager]: Sending goal to action server /jointspace_arm_R_controller/jointspace (attempt 1/3):
eai_manipulator_msgs.action.JointSpace_Goal(target_positions=[0.844, -0.026, 0.006, -2.216, 1.529, 0.25, -0.683])
[INFO] [1783488773.766206247] [XARM_manager]: Goal accepted. Waiting for result...
[INFO] [1783488774.221427332] [XARM_manager]: Action result received from /jointspace_arm_R_controller/jointspace
[INFO] [1783488774.221960040] [XARM_manager]: Action result: eai_manipulator_msgs.action.JointSpace_Result(success=True, result_msg='action finished')
[GRASP-EXEC] STARTUP: activating both grippers (open/close cycle)
[robotiq_api] gripper already activated (gSTA==3); skip resetActivate()
[GRASP-EXEC] STARTUP: gripper 'left' activated
[robotiq_api] gripper already activated (gSTA==3); skip resetActivate()
[GRASP-EXEC] STARTUP: gripper 'right' activated
perception health check pass
[object_pose] RGB (720, 1280, 3), depth (720, 1280), valid-depth pixels: 842505/921600 (median valid depth 0.959 m)
[GRASP-EXEC] ARM-SELECT: object waist Y=-0.008m (y < boundary 0.000) -> 'right' arm
[GRASP-EXEC] applied grasp tilt +45.0deg about waist Y -> quat=['0.2294', '0.3262', '-0.6764', '-0.6193']
[GRASP-EXEC] continuous orientation: object long-axis yaw +3.6deg (angle-from-X 3.6deg); applied continuous yaw +3.6deg about waist Z (gain=1.00, clamp +/-15deg) -> quat=['0.2189', '0.3334', '-0.6957', '-0.5974']
[GRASP-EXEC] recomputed TCP along final quat: detected_tcp_xyz=['0.3777', '0.0392', '-0.1355'] -> consistent_tcp_xyz=['0.4194', '-0.0617', '0.1734']
[GRASP-EXEC] approach lateral clamp: approach Y -0.0860 -> -0.0617 (= grasp Y); tool_z outboard component would have pushed the standoff further from center than the grasp, which folds the elbow into its stop at far-outboard reaches.
[GRASP-EXEC] approach along grasp axis: dist=0.120m tool_z=[-0.703,-0.202,0.682] approach_xyz=['0.3750', '-0.0617', '0.2603']
[GRASP-EXEC] applied lift tilt -15.0deg about waist Y -> lift quat=['0.3079', '0.4085', '-0.6612', '-0.5488']
[GRASP-EXEC] detected class=remote-control detected_pose7=['0.3777', '0.0392', '-0.1355', '0.6948', '0.5070', '-0.3430', '-0.3777'] -> motion grasp_pose7=['0.4594', '-0.0617', '0.1784', '0.2189', '0.3334', '-0.6957', '-0.5974']
[INFO] [1783488777.744451788] [XARM_manager]: Deactivated controllers: ['jointspace_arm_L_controller', 'jointspace_arm_R_controller']
[GRASP-EXEC] arms enabled (mode 3) [took 0.02s]
[JOINT-LIMIT] right: using live controller limits from endpose_single_arm_qp_R_controller
[GRASP-EXEC] joint-limit guard ON (margin 0.050 rad) arm=right
[GRASP-EXEC] gripper: arm='right' -> stable by-id port /dev/serial/by-id/usb-FTDI_FT231X_USB_UART_D30JLK40-if00-port0
[GRASP-EXEC] gripper: connecting in background (overlaps arm enable + approach to hide the slow serial open; --no-gripper-async-connect for the old blocking behaviour)
[GRASP-EXEC] ARM: approach via qp_stream
[INFO] [1783488777.787988506] [XARM_manager]: Activated controllers: ['endpose_single_arm_qp_R_controller']
[GRASP-EXEC] QP-Stream right -> approach (pure-pursuit): pos=34.6cm rot=76.5deg, lookahead=13cm @ 50Hz, pos_tol=2.0cm accept=2.5cm keep_ori=False
[robotiq_api] gripper already activated (gSTA==3); skip resetActivate()
[GRASP-EXEC] gripper: cached serial port /dev/serial/by-id/usb-FTDI_FT231X_USB_UART_D30JLK40-if00-port0 -> /tmp/robotiq_gripper_port.txt
[GRASP-EXEC] gripper controller ready: backend=modbus_rtu port=auto slave=9 (wait_timeout=8.0s) [connect took 0.04s]
[GRASP-EXEC] approach TCP tracking: commanded=[0.3750,-0.0617,0.2603] achieved=[0.3903,-0.0731,0.2555] err=[+15.3,-11.4,-4.7]mm |err|=19.6mm approach-axis tilt: achieved=+42.8deg commanded=+43.0deg (0=level) ori-err=1.2deg
[JOINT-LIMIT] right closest-to-limit: wrist_pitch=0.9659 [-0.785,1.05] dist=0.0841rad
[JOINT-LIMIT] right approach per-joint: shoulder_pitch=-0.848[-2.96,+2.96](2.112) shoulder_roll=-0.292[-2.62,+0.26](0.554) shoulder_yaw=+0.921[-2.96,+2.96](2.039) elbow_pitch=-1.918[-2.61,+0.26](0.692) elbow_yaw=+1.058[-2.96,+2.96](1.902) wrist_pitch=+0.966[-0.79,+1.05](0.084) wrist_roll=+1.391[-1.30,+1.65](0.259)
[GRASP-EXEC] GRIPPER: open (after approach, before grasp insert)
[GRASP-EXEC] gripper already open enough: 1% (skip open command)
[GRASP-EXEC] ARM: HYBRID pre-descent (position QP-stream) -> 7.4cm, leaving final 3.0cm for F/T compliant descend-to-contact
[GRASP-EXEC] QP-Stream right -> pre-grasp (pure-pursuit): pos=7.4cm rot=0.0deg, lookahead=8cm @ 50Hz, pos_tol=1.0cm accept=2.5cm keep_ori=True
[GRASP-EXEC] ARM: COMPLIANT insert to grasp pose (F/T admittance descend-to-contact)
[INFO] [1783488782.881460311] [XARM_manager]: [COMPLIANT-RIGHT] Loaded F/T calibration from /home/ubuntu/niu/compliant_grasp_execute/ft_calibration/ft_calibration_right.json
[INFO] [1783488782.902483593] [XARM_manager]: [COMPLIANT-RIGHT] target set: p=[0.4403977295023179, -0.06256243074929847, 0.2087700185826097] q=[-0.2084855103610642, -0.3531260402124885, 0.6890526889607351, 0.5975300691423949]
[INFO] [1783488782.903186964] [XARM_manager]: [COMPLIANT-RIGHT] seeded QP target at captured pose (z=+0.2088).
[INFO] [1783488782.903824555] [XARM_manager]: [COMPLIANT-RIGHT] admittance loop starting (calibrating force offset; keep hands off the arm briefly)...
[INFO] [1783488783.230994696] [XARM_manager]: [COMPLIANT-RIGHT] runtime offset calibrated. p_ref=[0.4403977295023179, -0.06256243074929847, 0.2087700185826097], ready.
[COMPLIANT-INSERT] runtime force-offset calibrated in 0.35s
[INFO] [1783488783.250911875] [XARM_manager]: [COMPLIANT-RIGHT] gains updated: B=[3.9597979746446663, 5.6, 3.9597979746446663] K=[20.0, 40.0, 20.0] B_rot=[0.5, 0.5, 0.5] K_rot=[0.0, 0.0, 0.0]
[COMPLIANT-INSERT] insertion dir=[+0.53,+0.02,-0.85] planned_depth=3.6cm soft_axes=xz K=[20.0, 40.0, 20.0] B=[3.96, 5.6, 3.96] contact_thresh=1.5N
[INFO] [1783488784.058901515] [XARM_manager]: [COMPLIANT-RIGHT] n=200 hz=243.2 F=[+0.00,+0.00,+0.00]N disp=[-1.6,+0.2,+3.7]cm v=[+0.08,-0.02,-0.19]
[COMPLIANT-INSERT] insert s=5.4cm tcp_drop=1.4cm lag=+4.0cm resist=+0.18N (throttle x0)
[INFO] [1783488784.891328397] [XARM_manager]: [COMPLIANT-RIGHT] n=400 hz=241.0 F=[+0.00,+0.00,+0.00]N disp=[-0.9,+0.4,+3.0]cm v=[+0.05,-0.03,-0.15]
[COMPLIANT-INSERT] insert s=5.6cm tcp_drop=3.1cm lag=+2.4cm resist=+0.07N (throttle x0)
[INFO] [1783488785.724619230] [XARM_manager]: [COMPLIANT-RIGHT] n=600 hz=240.9 F=[+0.00,+0.00,+0.00]N disp=[-0.4,+0.4,+2.0]cm v=[+0.02,-0.03,-0.10]
[COMPLIANT-INSERT] insert s=5.6cm tcp_drop=4.2cm lag=+1.4cm resist=+0.21N (throttle x0)
[INFO] [1783488786.555625844] [XARM_manager]: [COMPLIANT-RIGHT] n=800 hz=241.5 F=[+0.00,+0.00,+0.00]N disp=[-0.2,+0.3,+1.2]cm v=[+0.01,-0.02,-0.06]
[COMPLIANT-INSERT] insert s=5.6cm tcp_drop=4.7cm lag=+0.8cm resist=+0.78N (throttle x0)
[INFO] [1783488787.392603983] [XARM_manager]: [COMPLIANT-RIGHT] n=1000 hz=240.4 F=[+0.00,+0.00,+0.23]N disp=[-0.1,+0.2,+0.9]cm v=[+0.00,-0.01,-0.00]
[INFO] [1783488787.465884107] [XARM_manager]: [COMPLIANT-RIGHT] gains updated: B=[10.844353369380768, 10.844353369380768, 10.844353369380768] K=[150.0, 150.0, 150.0] B_rot=[0.5, 0.5, 0.5] K_rot=[0.0, 0.0, 0.0]
[INFO] [1783488787.466210422] [XARM_manager]: [COMPLIANT-RIGHT] target set: p=[0.4694383817318263, -0.05940796980383513, 0.17089599722662346] q=[-0.2084855103610642, -0.3531260402124885, 0.6890526889607351, 0.5975300691423949]
[COMPLIANT-INSERT] CONTACT (force) at tcp_drop 4.8cm (resist 1.7N, thresh 1.5N); holding compliant for gripper close
[GRASP-EXEC] grasp TCP tracking: commanded=[0.4594,-0.0617,0.1784] achieved=[0.4686,-0.0598,0.1729] err=[+9.2,+1.8,-5.6]mm |err|=10.9mm approach-axis tilt: achieved=+42.5deg commanded=+43.0deg (0=level) ori-err=2.3deg
[JOINT-LIMIT] right closest-to-limit: wrist_pitch=0.8601 [-0.785,1.05] dist=0.1899rad
[JOINT-LIMIT] right grasp per-joint: shoulder_pitch=-1.099[-2.96,+2.96](1.861) shoulder_roll=-0.289[-2.62,+0.26](0.551) shoulder_yaw=+1.358[-2.96,+2.96](1.602) elbow_pitch=-1.435[-2.61,+0.26](1.175) elbow_yaw=+0.126[-2.96,+2.96](2.834) wrist_pitch=+0.860[-0.79,+1.05](0.190) wrist_roll=+0.479[-1.30,+1.65](1.171)
[GRASP-EXEC] GRIPPER: close at grasp pose (after arm motion, not at approach)
[GRASP-EXEC] gripper close: start=1% -> target=100%
[INFO] [1783488788.229497339] [XARM_manager]: [COMPLIANT-RIGHT] n=1200 hz=240.6 F=[+0.00,-1.78,+7.72]N disp=[-0.2,-0.4,+1.0]cm v=[+0.02,-0.12,+0.20]
[INFO] [1783488789.064989842] [XARM_manager]: [COMPLIANT-RIGHT] n=1400 hz=239.9 F=[+0.00,+0.00,+0.16]N disp=[+0.2,+0.0,+0.9]cm v=[-0.03,-0.00,-0.12]
[GRASP-EXEC] gripper close result: pos=90% status=3 ok=True
[INFO] [1783488789.222755990] [XARM_manager]: [COMPLIANT-RIGHT] admittance loop stopped.
[GRASP-EXEC] ARM: rotate wrist away from table -20deg about waist Y before lift
[GRASP-EXEC] QP-Stream right -> table-clear (pure-pursuit): pos=0.0cm rot=20.0deg, lookahead=13cm @ 50Hz, pos_tol=2.0cm accept=2.5cm keep_ori=False
[GRASP-EXEC] ARM: lift after grasp
[GRASP-EXEC] QP-Stream right -> lift (pure-pursuit): pos=12.1cm rot=0.0deg, lookahead=13cm @ 50Hz, pos_tol=2.0cm accept=2.5cm keep_ori=True
[JOINT-LIMIT] right closest-to-limit: wrist_pitch=0.9447 [-0.785,1.05] dist=0.1053rad
[JOINT-LIMIT] right lift per-joint: shoulder_pitch=-1.142[-2.96,+2.96](1.818) shoulder_roll=-0.299[-2.62,+0.26](0.561) shoulder_yaw=+1.092[-2.96,+2.96](1.868) elbow_pitch=-1.608[-2.61,+0.26](1.002) elbow_yaw=+0.552[-2.96,+2.96](2.408) wrist_pitch=+0.945[-0.79,+1.05](0.105) wrist_roll=+1.049[-1.30,+1.65](0.601)
[INFO] [1783488790.732380170] [XARM_manager]: Deactivated controllers: ['endpose_single_arm_qp_R_controller']
[GRASP-EXEC] ELBOW-LOW: returning HOME directly (no pre-home waypoint)
[GRASP-EXEC] RETURN HOME: right -> joints=['0.844', '-0.026', '0.006', '-2.216', '1.529', '0.250', '-0.683']
[INFO] [1783488790.750690468] [XARM_manager]: Activated controllers: ['jointspace_arm_R_controller']
[INFO] [1783488790.751883553] [XARM_manager]: Sending goal to action server /jointspace_arm_R_controller/jointspace (attempt 1/3):
eai_manipulator_msgs.action.JointSpace_Goal(target_positions=[0.844, -0.026, 0.006, -2.216, 1.529, 0.25, -0.683])
[INFO] [1783488790.754691431] [XARM_manager]: Goal accepted. Waiting for result...
[INFO] [1783488793.011238768] [XARM_manager]: Action result received from /jointspace_arm_R_controller/jointspace
[INFO] [1783488793.011843587] [XARM_manager]: Action result: eai_manipulator_msgs.action.JointSpace_Result(success=True, result_msg='action finished')
[GRASP-EXEC] return home result: eai_manipulator_msgs.action.JointSpace_Result(success=True, result_msg='action finished')
{
  "arm": "right",
  "pipeline_version": "accelerated",
  "motion_strategy": "qp_all",
  "dry_run": false,
  "motion": {
    "detected_pose7": [
      0.37770246709429867,
      0.0392324489490481,
      -0.1354532980404873,
      0.6947595021028057,
      0.5069558055444097,
      -0.3429540344661889,
      -0.37774009014935706
    ],
    "approach_pose7": [
      0.37500359338633765,
      -0.06168674071781658,
      0.26027297498496205,
      0.21892589580998664,
      0.3333582535137988,
      -0.6957024722627758,
      -0.5974460620386468
    ],
    "grasp_pose7": [
      0.45935660045047777,
      -0.06168674071781658,
      0.1784464805150361,
      0.21892589580998664,
      0.3333582535137988,
      -0.6957024722627758,
      -0.5974460620386468
    ],
    "lift_pose7": [
      0.45935660045047777,
      -0.06168674071781658,
      0.2984464805150361,
      0.30786034904500564,
      0.40848868697757307,
      -0.6611750776115437,
      -0.5488228446799522
    ],
    "pre_home_pose7": [
      0.2793566004504778,
      -0.16168674071781658,
      0.34844648051503607,
      0.30786034904500564,
      0.40848868697757307,
      -0.6611750776115437,
      -0.5488228446799522
    ],
    "grasp_xyz_offset_m": [
      0.04,
      0.0,
      0.005
    ],
    "grasp_quat": [
      0.21892589580998664,
      0.3333582535137988,
      -0.6957024722627758,
      -0.5974460620386468
    ],
    "use_fixed_grasp_quat": true,
    "phase_backends": {
      "approach": "qp_stream",
      "grasp": "qp_stream",
      "lift": "qp_stream"
    },
    "joint_limits_used": {
      "shoulder_pitch": [
        -2.96,
        2.96
      ],
      "shoulder_roll": [
        -2.616,
        0.262
      ],
      "shoulder_yaw": [
        -2.96,
        2.96
      ],
      "elbow_pitch": [
        -2.61,
        0.261
      ],
      "elbow_yaw": [
        -2.96,
        2.96
      ],
      "wrist_pitch": [
        -0.785,
        1.05
      ],
      "wrist_roll": [
        -1.3,
        1.65
      ]
    },
    "approach_tcp_tracking": {
      "commanded_xyz": [
        0.37500359338633765,
        -0.06168674071781658,
        0.26027297498496205
      ],
      "achieved_xyz": [
        0.3902592936709933,
        -0.07306728101090605,
        0.25553222041228807
      ],
      "error_mm": [
        15.25570028465567,
        -11.38054029308947,
        -4.7407545726739775
      ],
      "error_norm_mm": 19.614480427893195,
      "achieved_quat": [
        -0.21106170036037747,
        -0.34017100605314726,
        0.6952771993178305,
        0.596930700660076
      ],
      "approach_axis_tilt_deg": 42.80249780905881,
      "commanded_approach_axis_tilt_deg": 42.99131199460444,
      "orientation_error_deg": 1.1947597881326935
    },
    "approach_joint_limits": {
      "closest": {
        "joint": "wrist_pitch",
        "value": 0.9659,
        "lower": -0.785,
        "upper": 1.05,
        "dist_to_limit": 0.0841,
        "nearest_side": "upper"
      },
      "breached": [],
      "margin_rad": 0.05
    },
    "compliant_insert": {
      "ok": true,
      "contact": true,
      "reason": "contact",
      "resist_n": 1.7348952909620736,
      "traveled_m": 0.04757232067485701,
      "planned_depth_m": 0.035773210389840646,
      "ft_topic": "/arm_6dof_right",
      "calib_path": "/home/ubuntu/niu/compliant_grasp_execute/ft_calibration/ft_calibration_right.json",
      "calib_present": true,
      "commanded_m": 0.05577321038984065,
      "throttle_events": 0,
      "contact_kind": "force"
    },
    "grasp_tcp_tracking": {
      "commanded_xyz": [
        0.45935660045047777,
        -0.06168674071781658,
        0.1784464805150361
      ],
      "achieved_xyz": [
        0.4685744943520658,
        -0.059848750382553134,
        0.17288425399265567
      ],
      "error_mm": [
        9.217893901588003,
        1.8379903352634466,
        -5.562226522380421
      ],
      "error_norm_mm": 10.921819461048022,
      "achieved_quat": [
        -0.20460954033175094,
        -0.3471467002978124,
        0.6941257170972552,
        0.59650112601888
      ],
      "approach_axis_tilt_deg": 42.47342802112786,
      "commanded_approach_axis_tilt_deg": 42.99131199460444,
      "orientation_error_deg": 2.2874484214293056
    },
    "grasp_joint_limits": {
      "closest": {
        "joint": "wrist_pitch",
        "value": 0.8601,
        "lower": -0.785,
        "upper": 1.05,
        "dist_to_limit": 0.1899,
        "nearest_side": "upper"
      },
      "breached": [],
      "margin_rad": 0.05
    },
    "lift_joint_limits": {
      "closest": {
        "joint": "wrist_pitch",
        "value": 0.9447,
        "lower": -0.785,
        "upper": 1.05,
        "dist_to_limit": 0.1053,
        "nearest_side": "upper"
      },
      "breached": [],
      "margin_rad": 0.05
    },
    "retract_ok": null,
    "return_home_ok": true,
    "released_on_finish_ok": null,
    "approach_ok": true,
    "grasp_ok": true,
    "lift_ok": true
  },
  "detection": {
    "class_name": "remote-control",
    "pose_head_roll_link": [
      0.8425308171454051,
      -0.006655911861869588,
      -0.0827958344713743,
      -0.3562702590011788,
      0.002856322274020186,
      0.9337275773931593,
      -0.034873416663724864
    ],
    "pose_tip_waist_yaw_link_rpy": {
      "x": 0.6063390994426551,
      "y": -0.007889971426179566,
      "z": -0.007935582226633153,
      "roll": -0.018810109512459545,
      "pitch": 0.03424379003673228,
      "yaw": -3.0779944004830737
    },
    "pose_tip_used_for_tcp_conversion_rpy": {
      "x": 0.6063390994426551,
      "y": -0.007889971426179566,
      "z": -0.007935582226633153,
      "roll": -2.073163195072981,
      "pitch": 0.09368306010368643,
      "yaw": 1.3161934509182953
    },
    "pose_tcp_waist_yaw_link_rpy": {
      "x": 0.37770246709429867,
      "y": 0.0392324489490481,
      "z": -0.1354532980404873,
      "roll": -2.073163195072981,
      "pitch": 0.09368306010368643,
      "yaw": 1.3161934509182953
    },
    "pose_tcp_waist_yaw_link_pose7": [
      0.37770246709429867,
      0.0392324489490481,
      -0.1354532980404873,
      0.6947595021028057,
      0.5069558055444097,
      -0.3429540344661889,
      -0.37774009014935706
    ],
    "current_tcp_pose7": [
      0.1155970513187454,
      -0.257854265455043,
      0.14138334778853412,
      0.6947595021028057,
      0.5069558055444097,
      -0.3429540344661889,
      -0.37774009014935706
    ],
    "tcp_minus_tip_waist_m": [
      -0.2286366323483564,
      0.04712242037522767,
      -0.12751771581385415
    ],
    "tcp_to_tip_offset_m": [
      0.0,
      0.0,
      -0.266
    ],
    "orientation_policy": "current",
    "use_current_tcp_rotation": true,
    "rotation_source_arm": "right",
    "bbox_2d": [
      633.3935546875,
      234.8280487060547,
      683.954345703125,
      391.72039794921875
    ],
    "bbox_3d": {
      "min": [
        0.7810304146711291,
        -0.03474187002779009,
        -0.14531444061851329
      ],
      "max": [
        0.916031992690984,
        0.020693579095902512,
        -0.021114619431902626
      ],
      "center": [
        0.8485312036810566,
        -0.0070241454659437895,
        -0.08321453002520796
      ],
      "size": [
        0.1350015780198549,
        0.0554354491236926,
        0.12419982118661066
      ]
    },
    "object_long_axis_waist": [
      -0.9973932366232943,
      -0.06351812866946434,
      -0.034237097839026724
    ],
    "object_long_axis_yaw_waist_deg": 3.6439114874197855,
    "object_angle_from_waist_x_deg": 3.643911487419804
  },
  "gripper": {
    "open_ok": true,
    "close_ok": true,
    "final_pos_pct": 90.0,
    "backend": "modbus_rtu"
  },
  "ok": true
}
[GRASP-EXEC] saved result json: /tmp/grasp_exec.json
[GRASP-EXEC] saved handoff: /tmp/grasp_handoff.json (arm=right holding=True)
