[日志] 日志文件: logs/grasp/grasp_260708_132258.log
[日志] 执行命令: python3 -m compliant_grasp_execute.main
[INFO] [1783488179.646642349] [XARM_manager]: waiting for service /controller_manager/get_parameters to become available...
[INFO] [1783488179.904165775] [XARM_manager]: XARM_manager initialized, robot_type: tianyi2, run_type: real
[INFO] [1783488179.912145549] [XARM_manager]: 已订阅关节状态话题: /joint_states
[INFO] [1783488179.917935778] [XARM_manager]: 已订阅警告和错误信息话题: /manipulator/warn_and_error_info
[INFO] [1783488179.931266034] [XARM_manager]: /joint_action_report 服务已启动
[CONFIG] loaded 201 params from /home/ubuntu/niu/compliant_grasp_execute/config.yaml
[GRASP-EXEC] STARTUP: enabling arms and moving BOTH to home posture
[INFO] [1783488186.552074650] [XARM_manager]: Deactivated controllers: ['jointspace_arm_R_controller']
[GRASP-EXEC] STARTUP: left -> home joints=['0.844', '0.026', '-0.006', '-2.216', '-1.529', '0.250', '0.683']
[INFO] [1783488186.571721513] [XARM_manager]: Activated controllers: ['jointspace_arm_L_controller']
[INFO] [1783488186.587034870] [XARM_manager]: Sending goal to action server /jointspace_arm_L_controller/jointspace (attempt 1/3):
eai_manipulator_msgs.action.JointSpace_Goal(target_positions=[0.844, 0.026, -0.006, -2.216, -1.529, 0.25, 0.683])
[INFO] [1783488186.589049794] [XARM_manager]: Goal accepted. Waiting for result...
[INFO] [1783488187.041468552] [XARM_manager]: Action result received from /jointspace_arm_L_controller/jointspace
[INFO] [1783488187.041930514] [XARM_manager]: Action result: eai_manipulator_msgs.action.JointSpace_Result(success=True, result_msg='action finished')
[GRASP-EXEC] STARTUP: right -> home joints=['0.844', '-0.026', '0.006', '-2.216', '1.529', '0.250', '-0.683']
[INFO] [1783488187.054320305] [XARM_manager]: Activated controllers: ['jointspace_arm_R_controller']
[INFO] [1783488187.067649149] [XARM_manager]: Sending goal to action server /jointspace_arm_R_controller/jointspace (attempt 1/3):
eai_manipulator_msgs.action.JointSpace_Goal(target_positions=[0.844, -0.026, 0.006, -2.216, 1.529, 0.25, -0.683])
[INFO] [1783488187.069616292] [XARM_manager]: Goal accepted. Waiting for result...
[INFO] [1783488187.631987401] [XARM_manager]: Action result received from /jointspace_arm_R_controller/jointspace
[INFO] [1783488187.632525624] [XARM_manager]: Action result: eai_manipulator_msgs.action.JointSpace_Result(success=True, result_msg='action finished')
[GRASP-EXEC] STARTUP: activating both grippers (open/close cycle)
[robotiq_api] gripper already activated (gSTA==3); skip resetActivate()
[GRASP-EXEC] STARTUP: gripper 'left' activated
[robotiq_api] gripper already activated (gSTA==3); skip resetActivate()
[GRASP-EXEC] STARTUP: gripper 'right' activated
perception health check pass
[object_pose] RGB (720, 1280, 3), depth (720, 1280), valid-depth pixels: 842748/921600 (median valid depth 0.958 m)
[GRASP-EXEC] ARM-SELECT: object waist Y=-0.192m (y < boundary 0.000) -> 'right' arm
[GRASP-EXEC] reach tilt reduction: object |Y|=0.192m -> tilt_scale=0.93 (backed the side-tilt off so the elbow can extend to a far-outboard object instead of folding into its stop)
[GRASP-EXEC] applied grasp tilt +41.9deg about waist Y (tilt scale 1.00 x reach 0.93) -> quat=['0.2479', '0.3431', '-0.6698', '-0.6101']
[GRASP-EXEC] continuous orientation: object long-axis yaw +2.0deg (angle-from-X 2.0deg); applied continuous yaw +2.0deg about waist Z (gain=1.00, clamp +/-15deg) -> quat=['0.2418', '0.3474', '-0.6804', '-0.5983']
[GRASP-EXEC] recomputed TCP along final quat: detected_tcp_xyz=['0.2516', '-0.1445', '-0.1454'] -> consistent_tcp_xyz=['0.2821', '-0.2404', '0.1528']
[GRASP-EXEC] approach lateral clamp: approach Y -0.2624 -> -0.2404 (= grasp Y); tool_z outboard component would have pushed the standoff further from center than the grasp, which folds the elbow into its stop at far-outboard reaches.
[GRASP-EXEC] approach along grasp axis: dist=0.120m tool_z=[-0.745,-0.183,0.642] approach_xyz=['0.2328', '-0.2404', '0.2348']
[GRASP-EXEC] applied lift tilt -15.0deg about waist Y -> lift quat=['0.3286', '0.4225', '-0.6430', '-0.5478']
[GRASP-EXEC] detected class=remote-control detected_pose7=['0.2516', '-0.1445', '-0.1454', '0.6947', '0.5070', '-0.3430', '-0.3778'] -> motion grasp_pose7=['0.3221', '-0.2404', '0.1578', '0.2418', '0.3474', '-0.6804', '-0.5983']
[INFO] [1783488191.193299239] [XARM_manager]: Deactivated controllers: ['jointspace_arm_L_controller', 'jointspace_arm_R_controller']
[GRASP-EXEC] arms enabled (mode 3) [took 0.02s]
[JOINT-LIMIT] right: using live controller limits from endpose_single_arm_qp_R_controller
[GRASP-EXEC] joint-limit guard ON (margin 0.050 rad) arm=right
[GRASP-EXEC] gripper: connecting in background (overlaps arm enable + approach to hide the slow serial open; --no-gripper-async-connect for the old blocking behaviour)
[GRASP-EXEC] ARM: approach via qp_stream
[GRASP-EXEC] gripper: arm='right' -> stable by-id port /dev/serial/by-id/usb-FTDI_FT231X_USB_UART_D30JLK40-if00-port0
[INFO] [1783488191.226191114] [XARM_manager]: Activated controllers: ['endpose_single_arm_qp_R_controller']
[GRASP-EXEC] QP-Stream right -> approach (pure-pursuit): pos=15.1cm rot=73.1deg, lookahead=13cm @ 50Hz, pos_tol=2.0cm accept=2.5cm keep_ori=False
[robotiq_api] gripper already activated (gSTA==3); skip resetActivate()
[GRASP-EXEC] gripper: cached serial port /dev/serial/by-id/usb-FTDI_FT231X_USB_UART_D30JLK40-if00-port0 -> /tmp/robotiq_gripper_port.txt
[GRASP-EXEC] gripper controller ready: backend=modbus_rtu port=auto slave=9 (wait_timeout=8.0s) [connect took 0.04s]
[GRASP-EXEC] approach TCP tracking: commanded=[0.2328,-0.2404,0.2348] achieved=[0.2415,-0.2478,0.2192] err=[+8.7,-7.4,-15.6]mm |err|=19.3mm approach-axis tilt: achieved=+44.8deg commanded=+39.9deg (0=level) ori-err=6.6deg
[GRASP-EXEC] approach orientation miss 6.6deg -> ~31mm fingertip offset > tol 30mm: TCP reached position but the wrist could not hold the commanded tilt, so the fingers would miss the object. Treating approach as failed to trigger the reduced-tilt retry (prevents grasping air).
[GRASP-EXEC] approach failed to reach target; retrying with reduced long-axis alignment (yaw scale 0.50)
[GRASP-EXEC] reach tilt reduction: object |Y|=0.192m -> tilt_scale=0.93 (backed the side-tilt off so the elbow can extend to a far-outboard object instead of folding into its stop)
[GRASP-EXEC] applied grasp tilt +20.9deg about waist Y (tilt scale 0.50 x reach 0.93) -> quat=['0.3654', '0.4482', '-0.6136', '-0.5376']
[GRASP-EXEC] continuous orientation: object long-axis yaw +2.0deg (angle-from-X 2.0deg); applied continuous yaw +1.0deg about waist Z (gain=1.00, clamp +/-15deg x scale 0.50) -> quat=['0.3615', '0.4514', '-0.6183', '-0.5322']
[GRASP-EXEC] recomputed TCP along final quat: detected_tcp_xyz=['0.2516', '-0.1445', '-0.1454'] -> consistent_tcp_xyz=['0.2335', '-0.2378', '0.0702']
[GRASP-EXEC] approach lateral clamp: approach Y -0.2586 -> -0.2378 (= grasp Y); tool_z outboard component would have pushed the standoff further from center than the grasp, which folds the elbow into its stop at far-outboard reaches.
[GRASP-EXEC] approach along grasp axis: dist=0.120m tool_z=[-0.927,-0.173,0.331] approach_xyz=['0.1622', '-0.2378', '0.1149']
[GRASP-EXEC] applied lift tilt -15.0deg about waist Y -> lift quat=['0.4391', '0.5170', '-0.5659', '-0.4688']
[GRASP-EXEC] QP-Stream right -> approach (pure-pursuit): pos=13.1cm rot=25.7deg, lookahead=13cm @ 50Hz, pos_tol=2.0cm accept=2.5cm keep_ori=False
[GRASP-EXEC] approach TCP tracking: commanded=[0.1622,-0.2378,0.1149] achieved=[0.1737,-0.2509,0.1220] err=[+11.5,-13.1,+7.0]mm |err|=18.8mm approach-axis tilt: achieved=+18.3deg commanded=+19.3deg (0=level) ori-err=1.0deg
[JOINT-LIMIT] right closest-to-limit: elbow_pitch=-2.3448 [-2.61,0.261] dist=0.2652rad
[JOINT-LIMIT] right approach per-joint: shoulder_pitch=+0.628[-2.96,+2.96](2.332) shoulder_roll=-0.585[-2.62,+0.26](0.847) shoulder_yaw=+0.258[-2.96,+2.96](2.702) elbow_pitch=-2.345[-2.61,+0.26](0.265) elbow_yaw=+1.148[-2.96,+2.96](1.812) wrist_pitch=+0.386[-0.79,+1.05](0.664) wrist_roll=+0.240[-1.30,+1.65](1.410)
[GRASP-EXEC] GRIPPER: open (after approach, before grasp insert)
[GRASP-EXEC] gripper already open enough: 1% (skip open command)
[GRASP-EXEC] ARM: HYBRID pre-descent (position QP-stream) -> 8.1cm, leaving final 3.0cm for F/T compliant descend-to-contact
[GRASP-EXEC] QP-Stream right -> pre-grasp (pure-pursuit): pos=8.1cm rot=0.0deg, lookahead=8cm @ 50Hz, pos_tol=1.0cm accept=2.5cm keep_ori=True
[GRASP-EXEC] ARM: COMPLIANT insert to grasp pose (F/T admittance descend-to-contact)
[INFO] [1783488197.224334248] [XARM_manager]: [COMPLIANT-RIGHT] Loaded F/T calibration from /home/ubuntu/niu/compliant_grasp_execute/ft_calibration/ft_calibration_right.json
[INFO] [1783488197.245225838] [XARM_manager]: [COMPLIANT-RIGHT] target set: p=[0.24751398200768818, -0.2425300299920311, 0.09660988920085811] q=[-0.3716384534948285, -0.46521907895928094, 0.6081748790387098, 0.5249565553095811]
[INFO] [1783488197.245710267] [XARM_manager]: [COMPLIANT-RIGHT] seeded QP target at captured pose (z=+0.0966).
[INFO] [1783488197.246184058] [XARM_manager]: [COMPLIANT-RIGHT] admittance loop starting (calibrating force offset; keep hands off the arm briefly)...
[INFO] [1783488197.577739334] [XARM_manager]: [COMPLIANT-RIGHT] runtime offset calibrated. p_ref=[0.24751398200768818, -0.2425300299920311, 0.09660988920085811], ready.
[COMPLIANT-INSERT] runtime force-offset calibrated in 0.35s
[INFO] [1783488197.594082526] [XARM_manager]: [COMPLIANT-RIGHT] gains updated: B=[3.9597979746446663, 5.6, 3.9597979746446663] K=[20.0, 40.0, 20.0] B_rot=[0.5, 0.5, 0.5] K_rot=[0.0, 0.0, 0.0]
[COMPLIANT-INSERT] insertion dir=[+0.76,+0.14,-0.63] planned_depth=3.4cm soft_axes=xz K=[20.0, 40.0, 20.0] B=[3.96, 5.6, 3.96] contact_thresh=1.5N
[INFO] [1783488198.414743153] [XARM_manager]: [COMPLIANT-RIGHT] n=200 hz=240.2 F=[+0.00,+0.00,+0.00]N disp=[-2.0,-0.5,+3.2]cm v=[+0.10,+0.03,-0.16]
[COMPLIANT-INSERT] insert s=5.4cm tcp_drop=2.2cm lag=+3.2cm resist=-0.25N (throttle x0)
[INFO] [1783488199.250028417] [XARM_manager]: [COMPLIANT-RIGHT] n=400 hz=240.6 F=[+0.00,+0.00,+0.00]N disp=[-0.5,-0.2,+2.5]cm v=[+0.03,+0.01,-0.13]
[COMPLIANT-INSERT] insert s=5.4cm tcp_drop=3.9cm lag=+1.5cm resist=-0.07N (throttle x0)
[INFO] [1783488200.089063925] [XARM_manager]: [COMPLIANT-RIGHT] n=600 hz=239.1 F=[+0.00,+0.00,+0.00]N disp=[+0.0,-0.1,+1.8]cm v=[-0.00,+0.01,-0.09]
[INFO] [1783488200.589254234] [XARM_manager]: [COMPLIANT-RIGHT] gains updated: B=[10.844353369380768, 10.844353369380768, 10.844353369380768] K=[150.0, 150.0, 150.0] B_rot=[0.5, 0.5, 0.5] K_rot=[0.0, 0.0, 0.0]
[INFO] [1783488200.589518513] [XARM_manager]: [COMPLIANT-RIGHT] target set: p=[0.2897817352996725, -0.23536855586662114, 0.07630722699462444] q=[-0.3716384534948285, -0.46521907895928094, 0.6081748790387098, 0.5249565553095811]
[COMPLIANT-INSERT] reached commanded depth (tcp_drop 4.6cm of planned 3.4cm) WITHOUT contact (resist -0.0N < 1.5N); proceeding to close anyway
[GRASP-EXEC] grasp TCP tracking: commanded=[0.2735,-0.2378,0.0752] achieved=[0.2901,-0.2356,0.0761] err=[+16.6,+2.2,+0.9]mm |err|=16.7mm approach-axis tilt: achieved=+16.0deg commanded=+19.3deg (0=level) ori-err=3.3deg
[JOINT-LIMIT] right closest-to-limit: wrist_pitch=0.4288 [-0.785,1.05] dist=0.6212rad
[JOINT-LIMIT] right grasp per-joint: shoulder_pitch=+0.118[-2.96,+2.96](2.842) shoulder_roll=-0.546[-2.62,+0.26](0.808) shoulder_yaw=+0.503[-2.96,+2.96](2.457) elbow_pitch=-1.937[-2.61,+0.26](0.673) elbow_yaw=+1.016[-2.96,+2.96](1.944) wrist_pitch=+0.429[-0.79,+1.05](0.621) wrist_roll=+0.180[-1.30,+1.65](1.470)
[INFO] [1783488200.923654656] [XARM_manager]: [COMPLIANT-RIGHT] n=800 hz=240.6 F=[+0.00,+0.00,+0.00]N disp=[+0.0,-0.0,-0.1]cm v=[-0.00,+0.00,+0.01]
[GRASP-EXEC] GRIPPER: close at grasp pose (after arm motion, not at approach)
[GRASP-EXEC] gripper close: start=1% -> target=100%
[INFO] [1783488201.752649856] [XARM_manager]: [COMPLIANT-RIGHT] n=1000 hz=241.7 F=[+7.07,+2.70,+15.71]N disp=[-0.1,+0.0,+0.5]cm v=[+0.20,+0.20,+0.20]
[GRASP-EXEC] gripper close result: pos=91% status=3 ok=True
[INFO] [1783488202.087914654] [XARM_manager]: [COMPLIANT-RIGHT] admittance loop stopped.
[GRASP-EXEC] ARM: rotate wrist away from table -20deg about waist Y before lift
[GRASP-EXEC] QP-Stream right -> table-clear (pure-pursuit): pos=0.1cm rot=20.2deg, lookahead=13cm @ 50Hz, pos_tol=2.0cm accept=2.5cm keep_ori=False
[GRASP-EXEC] ARM: lift after grasp
[GRASP-EXEC] QP-Stream right -> lift (pure-pursuit): pos=11.2cm rot=0.0deg, lookahead=13cm @ 50Hz, pos_tol=2.0cm accept=2.5cm keep_ori=True
[JOINT-LIMIT] right closest-to-limit: elbow_pitch=-2.3003 [-2.61,0.261] dist=0.3097rad
[JOINT-LIMIT] right lift per-joint: shoulder_pitch=+0.127[-2.96,+2.96](2.833) shoulder_roll=-0.531[-2.62,+0.26](0.793) shoulder_yaw=+0.260[-2.96,+2.96](2.700) elbow_pitch=-2.300[-2.61,+0.26](0.310) elbow_yaw=+1.091[-2.96,+2.96](1.869) wrist_pitch=+0.431[-0.79,+1.05](0.619) wrist_roll=+0.743[-1.30,+1.65](0.907)
[INFO] [1783488203.766125806] [XARM_manager]: Deactivated controllers: ['endpose_single_arm_qp_R_controller']
[GRASP-EXEC] ELBOW-LOW: returning HOME directly (no pre-home waypoint)
[GRASP-EXEC] RETURN HOME: right -> joints=['0.844', '-0.026', '0.006', '-2.216', '1.529', '0.250', '-0.683']
[INFO] [1783488203.784169862] [XARM_manager]: Activated controllers: ['jointspace_arm_R_controller']
[INFO] [1783488203.784878195] [XARM_manager]: Sending goal to action server /jointspace_arm_R_controller/jointspace (attempt 1/3):
eai_manipulator_msgs.action.JointSpace_Goal(target_positions=[0.844, -0.026, 0.006, -2.216, 1.529, 0.25, -0.683])
[INFO] [1783488203.786423767] [XARM_manager]: Goal accepted. Waiting for result...
[INFO] [1783488205.623255489] [XARM_manager]: Action result received from /jointspace_arm_R_controller/jointspace
[INFO] [1783488205.623588711] [XARM_manager]: Action result: eai_manipulator_msgs.action.JointSpace_Result(success=True, result_msg='action finished')
[GRASP-EXEC] return home result: eai_manipulator_msgs.action.JointSpace_Result(success=True, result_msg='action finished')
{
  "arm": "right",
  "pipeline_version": "accelerated",
  "motion_strategy": "qp_all",
  "dry_run": false,
  "motion": {
    "detected_pose7": [
      0.2515758784680976,
      -0.1445498756453081,
      -0.14535478078265004,
      0.6946612444299152,
      0.5069859563005431,
      -0.34304067662480636,
      -0.3778016540221872
    ],
    "approach_pose7": [
      0.16223907154131623,
      -0.23777543632859433,
      0.11494967437098998,
      0.36147400237509464,
      0.4513719850695192,
      -0.6183286490298379,
      -0.532230738017138
    ],
    "grasp_pose7": [
      0.273537577848951,
      -0.23777543632859433,
      0.07520570396267034,
      0.36147400237509464,
      0.4513719850695192,
      -0.6183286490298379,
      -0.532230738017138
    ],
    "lift_pose7": [
      0.273537577848951,
      -0.23777543632859433,
      0.19520570396267034,
      0.43908962627344555,
      0.516980486781116,
      -0.56585693660428,
      -0.46876156378635186
    ],
    "pre_home_pose7": [
      0.093537577848951,
      -0.3377754363285943,
      0.24520570396267033,
      0.43908962627344555,
      0.516980486781116,
      -0.56585693660428,
      -0.46876156378635186
    ],
    "grasp_xyz_offset_m": [
      0.04,
      0.0,
      0.005
    ],
    "grasp_quat": [
      0.36147400237509464,
      0.4513719850695192,
      -0.6183286490298379,
      -0.532230738017138
    ],
    "use_fixed_grasp_quat": true,
    "phase_backends": {
      "approach": "qp_stream",
      "grasp": "qp_stream",
      "lift": "qp_stream"
    },
    "joint_limits_used": {
      "shoulder_pitch": [
        -2.96,
        2.96
      ],
      "shoulder_roll": [
        -2.616,
        0.262
      ],
      "shoulder_yaw": [
        -2.96,
        2.96
      ],
      "elbow_pitch": [
        -2.61,
        0.261
      ],
      "elbow_yaw": [
        -2.96,
        2.96
      ],
      "wrist_pitch": [
        -0.785,
        1.05
      ],
      "wrist_roll": [
        -1.3,
        1.65
      ]
    },
    "grasp_reach_retry_used": true,
    "grasp_reach_retry_yaw_scale": 0.5,
    "approach_tcp_tracking": {
      "commanded_xyz": [
        0.16223907154131623,
        -0.23777543632859433,
        0.11494967437098998
      ],
      "achieved_xyz": [
        0.1736939620925147,
        -0.25092165906412106,
        0.12199562082748261
      ],
      "error_mm": [
        11.45489055119847,
        -13.146222735526736,
        7.045946456492633
      ],
      "error_norm_mm": 18.80646301726556,
      "achieved_quat": [
        -0.3650827358733216,
        -0.45782462645506805,
        0.6143149131024874,
        0.528893557266877
      ],
      "approach_axis_tilt_deg": 18.31387807289147,
      "commanded_approach_axis_tilt_deg": 19.341611817189957,
      "orientation_error_deg": 1.0370817744406826
    },
    "approach_joint_limits": {
      "closest": {
        "joint": "elbow_pitch",
        "value": -2.3448,
        "lower": -2.61,
        "upper": 0.261,
        "dist_to_limit": 0.2652,
        "nearest_side": "lower"
      },
      "breached": [],
      "margin_rad": 0.05
    },
    "compliant_insert": {
      "ok": true,
      "contact": false,
      "reason": "reached_depth_no_contact",
      "resist_n": -0.032358084708019354,
      "traveled_m": 0.04609511789441047,
      "planned_depth_m": 0.034029000089988534,
      "ft_topic": "/arm_6dof_right",
      "calib_path": "/home/ubuntu/niu/compliant_grasp_execute/ft_calibration/ft_calibration_right.json",
      "calib_present": true,
      "commanded_m": 0.05402900008998854,
      "throttle_events": 0
    },
    "grasp_tcp_tracking": {
      "commanded_xyz": [
        0.273537577848951,
        -0.23777543632859433,
        0.07520570396267034
      ],
      "achieved_xyz": [
        0.2901070186712441,
        -0.23555105712224847,
        0.0760998447952807
      ],
      "error_mm": [
        16.569440822293114,
        2.224379206345856,
        0.8941408326103573
      ],
      "error_norm_mm": 16.74197478930244,
      "achieved_quat": [
        -0.3757862277593379,
        -0.4696743026692234,
        0.6034242886313826,
        0.5235168462698173
      ],
      "approach_axis_tilt_deg": 16.044360713789487,
      "commanded_approach_axis_tilt_deg": 19.341611817189957,
      "orientation_error_deg": 3.317113914801425
    },
    "grasp_joint_limits": {
      "closest": {
        "joint": "wrist_pitch",
        "value": 0.4288,
        "lower": -0.785,
        "upper": 1.05,
        "dist_to_limit": 0.6212,
        "nearest_side": "upper"
      },
      "breached": [],
      "margin_rad": 0.05
    },
    "lift_joint_limits": {
      "closest": {
        "joint": "elbow_pitch",
        "value": -2.3003,
        "lower": -2.61,
        "upper": 0.261,
        "dist_to_limit": 0.3097,
        "nearest_side": "lower"
      },
      "breached": [],
      "margin_rad": 0.05
    },
    "retract_ok": null,
    "return_home_ok": true,
    "released_on_finish_ok": null,
    "approach_ok": true,
    "grasp_ok": true,
    "lift_ok": true
  },
  "detection": {
    "class_name": "remote-control",
    "pose_head_roll_link": [
      0.7524218653678261,
      -0.19089783524153503,
      -0.1706009816850158,
      -0.35526285500786603,
      -0.00950020425203214,
      0.9344034826618072,
      -0.0242524547276243
    ],
    "pose_tip_waist_yaw_link_rpy": {
      "x": 0.48024926683087477,
      "y": -0.19164643203891593,
      "z": -0.017893430442438185,
      "roll": -0.035330860365631246,
      "pitch": 0.031913701599884714,
      "yaw": -3.1065890723830716
    },
    "pose_tip_used_for_tcp_conversion_rpy": {
      "x": 0.48024926683087477,
      "y": -0.19164643203891593,
      "z": -0.017893430442438185,
      "roll": -2.0729187046023734,
      "pitch": 0.09365069405819182,
      "yaw": 1.3163810670275027
    },
    "pose_tcp_waist_yaw_link_rpy": {
      "x": 0.2515758784680976,
      "y": -0.1445498756453081,
      "z": -0.14535478078265004,
      "roll": -2.0729187046023734,
      "pitch": 0.09365069405819182,
      "yaw": 1.3163810670275027
    },
    "pose_tcp_waist_yaw_link_pose7": [
      0.2515758784680976,
      -0.1445498756453081,
      -0.14535478078265004,
      0.6946612444299152,
      0.5069859563005431,
      -0.34304067662480636,
      -0.3778016540221872
    ],
    "current_tcp_pose7": [
      0.11560805455639599,
      -0.25784700273083144,
      0.1413593317439886,
      0.6946612444299152,
      0.5069859563005431,
      -0.34304067662480636,
      -0.3778016540221872
    ],
    "tcp_minus_tip_waist_m": [
      -0.22867338836277717,
      0.047096556393607825,
      -0.12746135034021186
    ],
    "tcp_to_tip_offset_m": [
      0.0,
      0.0,
      -0.266
    ],
    "orientation_policy": "current",
    "use_current_tcp_rotation": true,
    "rotation_source_arm": "right",
    "bbox_2d": [
      797.4268188476562,
      321.5736083984375,
      873.6663208007812,
      508.6238098144531
    ],
    "bbox_3d": {
      "min": [
        0.6932846871121553,
        -0.22064092857092696,
        -0.23318096647501343
      ],
      "max": [
        0.8246108496639357,
        -0.16668241089989957,
        -0.10751246878983023
      ],
      "center": [
        0.7589477683880455,
        -0.19366166973541327,
        -0.17034671763242182
      ],
      "size": [
        0.13132616255178042,
        0.053958517671027384,
        0.1256684976851832
      ]
    },
    "object_long_axis_waist": [
      -0.9988785501616663,
      -0.03497861347013797,
      -0.031908284608144225
    ],
    "object_long_axis_yaw_waist_deg": 2.0055574709885775,
    "object_angle_from_waist_x_deg": 2.0055574709886073
  },
  "gripper": {
    "open_ok": true,
    "close_ok": true,
    "final_pos_pct": 91.0,
    "backend": "modbus_rtu"
  },
  "ok": true
}
[GRASP-EXEC] saved result json: /tmp/grasp_exec.json
[GRASP-EXEC] saved handoff: /tmp/grasp_handoff.json (arm=right holding=True)


没抓起来。