[日志] 日志文件: logs/grasp/grasp_260706_162654.log
[日志] 执行命令: python3 -m compliant_grasp_execute.main
[INFO] [1783326414.557393827] [XARM_manager]: waiting for service /controller_manager/get_parameters to become available...
[INFO] [1783326416.817027323] [XARM_manager]: XARM_manager initialized, robot_type: tianyi2, run_type: real
[INFO] [1783326416.822890743] [XARM_manager]: 已订阅关节状态话题: /joint_states
[INFO] [1783326416.828262858] [XARM_manager]: 已订阅警告和错误信息话题: /manipulator/warn_and_error_info
[INFO] [1783326416.839950815] [XARM_manager]: /joint_action_report 服务已启动
[CONFIG] loaded 198 params from /home/ubuntu/niu/compliant_grasp_execute/config.yaml
[GRASP-EXEC] STARTUP: enabling arms and moving BOTH to home posture
[INFO] [1783326422.685261567] [XARM_manager]: Deactivated controllers: ['jointspace_arm_R_controller']
[GRASP-EXEC] STARTUP: left -> home joints=['0.000', '1.180', '0.000', '-1.300', '1.400', '-0.130', '0.180']
[INFO] [1783326422.708593292] [XARM_manager]: Activated controllers: ['jointspace_arm_L_controller']
[INFO] [1783326422.722964385] [XARM_manager]: Sending goal to action server /jointspace_arm_L_controller/jointspace (attempt 1/3):
eai_manipulator_msgs.action.JointSpace_Goal(target_positions=[0.0, 1.18, 0.0, -1.3, 1.4, -0.13, 0.18])
[INFO] [1783326422.725641648] [XARM_manager]: Goal accepted. Waiting for result...
[INFO] [1783326422.849476134] [XARM_manager]: Action result received from /jointspace_arm_L_controller/jointspace
[INFO] [1783326422.850007677] [XARM_manager]: Action result: eai_manipulator_msgs.action.JointSpace_Result(success=True, result_msg='action finished')
[GRASP-EXEC] STARTUP: right -> home joints=['0.000', '-1.180', '0.000', '-1.300', '-1.400', '-0.130', '0.180']
[INFO] [1783326422.862536805] [XARM_manager]: Activated controllers: ['jointspace_arm_R_controller']
[INFO] [1783326422.875243908] [XARM_manager]: Sending goal to action server /jointspace_arm_R_controller/jointspace (attempt 1/3):
eai_manipulator_msgs.action.JointSpace_Goal(target_positions=[0.0, -1.18, 0.0, -1.3, -1.4, -0.13, 0.18])
[INFO] [1783326422.877831787] [XARM_manager]: Goal accepted. Waiting for result...
[INFO] [1783326422.973732867] [XARM_manager]: Action result received from /jointspace_arm_R_controller/jointspace
[INFO] [1783326422.973961456] [XARM_manager]: Action result: eai_manipulator_msgs.action.JointSpace_Result(success=True, result_msg='action finished')
[GRASP-EXEC] STARTUP: activating both grippers (open/close cycle)
[robotiq_api] gripper already activated (gSTA==3); skip resetActivate()
[GRASP-EXEC] STARTUP: gripper 'left' activated
[robotiq_api] gripper already activated (gSTA==3); skip resetActivate()
[GRASP-EXEC] STARTUP: gripper 'right' activated
perception health check pass
[object_pose] RGB (720, 1280, 3), depth (720, 1280), valid-depth pixels: 901041/921600 (median valid depth 1.171 m)
[GRASP-EXEC] ARM-SELECT: object waist Y=-0.192m (y < boundary 0.000) -> 'right' arm
[GRASP-EXEC] diagonal schedule: angle-from-X=89.5504231723238deg -> tilt_scale=0.50, yaw_clamp=45.0deg (freed wrist_pitch, raised jaw alignment)
[GRASP-EXEC] reach tilt reduction: object |Y|=0.192m -> tilt_scale=0.93 (backed the side-tilt off so the elbow can extend to a far-outboard object instead of folding into its stop)
[GRASP-EXEC] applied grasp tilt +20.9deg about waist Y (tilt scale 1.00 x diag 0.50 x reach 0.93) -> quat=['0.3656', '0.4484', '-0.6135', '-0.5375']
[GRASP-EXEC] continuous orientation: object long-axis yaw +89.6deg (angle-from-X 89.6deg); applied continuous yaw +45.0deg about waist Z (gain=1.00, clamp +/-45deg) -> quat=['0.1662', '0.5541', '-0.7725', '-0.2618']
[GRASP-EXEC] recomputed TCP along final quat: detected_tcp_xyz=['0.1481', '-0.1666', '-0.0524'] -> consistent_tcp_xyz=['0.2668', '-0.3965', '0.0542']
[GRASP-EXEC] approach lateral clamp: approach Y -0.4888 -> -0.3965 (= grasp Y); tool_z outboard component would have pushed the standoff further from center than the grasp, which folds the elbow into its stop at far-outboard reaches.
[GRASP-EXEC] approach along grasp axis: dist=0.120m tool_z=[-0.547,-0.769,0.331] approach_xyz=['0.2211', '-0.3965', '0.0989']
[GRASP-EXEC] applied lift tilt -15.0deg about waist Y -> lift quat=['0.2656', '0.5836', '-0.7442', '-0.1872']
[GRASP-EXEC] detected class=remote-control detected_pose7=['0.1481', '-0.1666', '-0.0524', '0.0058', '-0.7315', '-0.0704', '0.6782'] -> motion grasp_pose7=['0.2868', '-0.3965', '0.0592', '0.1662', '0.5541', '-0.7725', '-0.2618']
[INFO] [1783326426.588399011] [XARM_manager]: Deactivated controllers: ['jointspace_arm_L_controller', 'jointspace_arm_R_controller']
[GRASP-EXEC] arms enabled (mode 3) [took 0.02s]
[JOINT-LIMIT] right: using live controller limits from endpose_single_arm_qp_R_controller
[GRASP-EXEC] joint-limit guard ON (margin 0.050 rad) arm=right
[GRASP-EXEC] gripper: connecting in background (overlaps arm enable + approach to hide the slow serial open; --no-gripper-async-connect for the old blocking behaviour)
[GRASP-EXEC] ARM: approach via qp_stream
[GRASP-EXEC] ELBOW-HIGH (proactive): object long axis ~parallel to body (angle-from-X=89.5504231723238 >= 45.0deg); the elbow-high seed's fore-aft jaws match a parallel object's short axis; reconfiguring to elbow-high seed before approach.
[GRASP-EXEC] elbow-high seed ready/right: clamped 1 joint(s) inward (margin 0.05rad): shoulder_yaw +2.964->+2.910 [-2.960,2.960]
[GRASP-EXEC] ELBOW-HIGH: reconfiguring right arm into elbow-high seed (jointspace, via transition waypoint). NOTE: jointspace moves run at the controller's own speed; watch the first reconfiguration for table/body clearance.
[GRASP-EXEC] gripper: arm='right' -> stable by-id port /dev/serial/by-id/usb-FTDI_FT231X_USB_UART_D30JLK40-if00-port0
[GRASP-EXEC] ELBOW-HIGH: right -> transition joints=['-1.452', '-0.585', '1.455', '-1.870', '-0.746', '-0.142', '0.087']
[INFO] [1783326426.631089095] [XARM_manager]: Activated controllers: ['jointspace_arm_R_controller']
[INFO] [1783326426.632782307] [XARM_manager]: Sending goal to action server /jointspace_arm_R_controller/jointspace (attempt 1/3):
eai_manipulator_msgs.action.JointSpace_Goal(target_positions=[-1.4525, -0.5845, 1.455, -1.87, -0.7456999999999999, -0.14179999999999998, 0.08685])
[INFO] [1783326426.639279325] [XARM_manager]: Goal accepted. Waiting for result...
[robotiq_api] gripper already activated (gSTA==3); skip resetActivate()
[GRASP-EXEC] gripper: cached serial port /dev/serial/by-id/usb-FTDI_FT231X_USB_UART_D30JLK40-if00-port0 -> /tmp/robotiq_gripper_port.txt
[GRASP-EXEC] gripper controller ready: backend=modbus_rtu port=auto slave=9 (wait_timeout=8.0s) [connect took 0.04s]
[INFO] [1783326428.499642836] [XARM_manager]: Action result received from /jointspace_arm_R_controller/jointspace
[INFO] [1783326428.500135725] [XARM_manager]: Action result: eai_manipulator_msgs.action.JointSpace_Result(success=True, result_msg='action finished')
[GRASP-EXEC] ELBOW-HIGH: transition move result: eai_manipulator_msgs.action.JointSpace_Result(success=True, result_msg='action finished')
[GRASP-EXEC] ELBOW-HIGH: right -> ready joints=['-2.905', '0.011', '2.910', '-2.440', '-0.091', '-0.154', '-0.006']
[INFO] [1783326428.503037024] [XARM_manager]: Sending goal to action server /jointspace_arm_R_controller/jointspace (attempt 1/3):
eai_manipulator_msgs.action.JointSpace_Goal(target_positions=[-2.905, 0.011, 2.91, -2.44, -0.0914, -0.1536, -0.0063])
[INFO] [1783326428.504156045] [XARM_manager]: Goal accepted. Waiting for result...
[INFO] [1783326430.361366639] [XARM_manager]: Action result received from /jointspace_arm_R_controller/jointspace
[INFO] [1783326430.361656626] [XARM_manager]: Action result: eai_manipulator_msgs.action.JointSpace_Result(success=True, result_msg='action finished')
[GRASP-EXEC] ELBOW-HIGH: ready move result: eai_manipulator_msgs.action.JointSpace_Result(success=True, result_msg='action finished')
[JOINT-LIMIT] right closest-to-limit: shoulder_pitch=-2.7865 [-2.96,2.96] dist=0.1735rad
[GRASP-EXEC] continuous orientation: object long-axis yaw +89.6deg (angle-from-X 89.6deg); applied continuous yaw -10.6deg about waist Z (gain=1.00, clamp +/-90deg) [top-down jaw-align: base jaw heading -169.9deg -> short-axis +179.6deg] -> quat=['-0.2458', '-0.2455', '0.9357', '-0.0608']
[GRASP-EXEC] recomputed TCP along final quat: detected_tcp_xyz=['0.1481', '-0.1666', '-0.0524'] -> consistent_tcp_xyz=['0.2978', '-0.3221', '0.1681']
[GRASP-EXEC] approach lateral clamp: approach Y -0.3808 -> -0.3221 (= grasp Y); tool_z outboard component would have pushed the standoff further from center than the grasp, which folds the elbow into its stop at far-outboard reaches.
[GRASP-EXEC] approach along grasp axis: dist=0.120m tool_z=[-0.430,-0.489,0.759] approach_xyz=['0.2662', '-0.3221', '0.2641']
[GRASP-EXEC] applied lift tilt -15.0deg about waist Y -> lift quat=['-0.3658', '-0.2355', '0.8956', '-0.0924']
[GRASP-EXEC] ELBOW-HIGH: using SEED grasp orientation (proactive); rebuilt grasp/approach/lift poses. The seed-anchored mode keeps the orientation the arm is already in, so the approach only translates and the wrist stays in range.
[GRASP-EXEC] ELBOW-HIGH QP joint window set on endpose_single_arm_qp_R_controller (flex 0.40rad, drop 0.15rad): shoulder_pitch[-2.96,-2.64], shoulder_roll[-0.55,0.00], shoulder_yaw[2.40,2.95], elbow_pitch[-2.61,-2.14], elbow_yaw[-0.55,-0.00]. Asymmetric: tight on the drop side so the elbow is actually held high; loose on the flex side so the arm can still reach.
[GRASP-EXEC] ELBOW-HIGH: wrist guard margin relaxed to 0.010rad (from 0.050) so the nose-down grasp can reach wrist_pitch~-0.71 (still inside the -0.785 stop). Other joints keep the full margin.
[INFO] [1783326430.385015241] [XARM_manager]: Deactivated controllers: ['jointspace_arm_R_controller']
[INFO] [1783326430.395415021] [XARM_manager]: Activated controllers: ['endpose_single_arm_qp_R_controller']
[GRASP-EXEC] QP-Stream right -> approach (pure-pursuit): pos=27.6cm rot=16.6deg, lookahead=13cm @ 50Hz, pos_tol=2.0cm accept=2.5cm keep_ori=False
[GRASP-EXEC] QP-Stream approach: settled 2.4cm from target (QP steady-state; exiting without deadline hover)
[GRASP-EXEC] approach TCP tracking: commanded=[0.2662,-0.3221,0.2641] achieved=[0.2550,-0.3228,0.2434] err=[-11.2,-0.7,-20.7]mm |err|=23.5mm approach-axis tilt: achieved=+53.8deg commanded=+49.3deg (0=level) ori-err=5.4deg
[JOINT-LIMIT] right closest-to-limit: wrist_pitch=-0.7226 [-0.785,1.05] dist=0.0624rad
[JOINT-LIMIT] right approach per-joint: shoulder_pitch=-0.008[-2.96,+2.96](2.952) shoulder_roll=-1.423[-2.62,+0.26](1.194) shoulder_yaw=+0.233[-2.96,+2.96](2.727) elbow_pitch=-2.212[-2.61,+0.26](0.398) elbow_yaw=+0.936[-2.96,+2.96](2.024) wrist_pitch=-0.723[-0.79,+1.05](0.062) wrist_roll=+0.432[-1.30,+1.65](1.218)
[GRASP-EXEC] GRIPPER: open (after approach, before grasp insert)
[GRASP-EXEC] gripper open: start=90% -> target=0%
[GRASP-EXEC] gripper open result: pos=1% status=3 ok=True
[GRASP-EXEC] ARM: HYBRID pre-descent (position QP-stream) -> 6.4cm, leaving final 3.0cm for F/T compliant descend-to-contact
[GRASP-EXEC] QP-Stream right -> pre-grasp (pure-pursuit): pos=7.0cm rot=0.0deg, lookahead=8cm @ 50Hz, pos_tol=1.0cm accept=2.5cm keep_ori=True
[GRASP-EXEC] QP-Stream pre-grasp: ABORT joint-limit guard - 'wrist_pitch'=-0.775 within 0.010rad of limit [-0.785,1.05] (side=lower); holding pose to avoid the hard stop
[GRASP-EXEC] ARM: COMPLIANT insert to grasp pose (F/T admittance descend-to-contact)
[INFO] [1783326437.428211034] [XARM_manager]: [COMPLIANT-RIGHT] Loaded F/T calibration from /home/ubuntu/niu/compliant_grasp_execute/ft_calibration/ft_calibration_right.json
[INFO] [1783326437.450608547] [XARM_manager]: [COMPLIANT-RIGHT] target set: p=[0.2998124667233083, -0.32317754828483636, 0.20898397275505198] q=[-0.23995586957523365, -0.23646938895495914, 0.9389497063346401, -0.06983450234486428]
[INFO] [1783326437.451327362] [XARM_manager]: [COMPLIANT-RIGHT] seeded QP target at captured pose (z=+0.2090).
[INFO] [1783326437.452142838] [XARM_manager]: [COMPLIANT-RIGHT] admittance loop starting (calibrating force offset; keep hands off the arm briefly)...
[COMPLIANT-INSERT] runtime force-offset calibrated in 0.33s
[INFO] [1783326437.779342290] [XARM_manager]: [COMPLIANT-RIGHT] runtime offset calibrated. p_ref=[0.2998124667233083, -0.32317754828483636, 0.20898397275505198], ready.
[INFO] [1783326437.779932795] [XARM_manager]: [COMPLIANT-RIGHT] gains updated: B=[3.9597979746446663, 5.6, 3.9597979746446663] K=[20.0, 40.0, 20.0] B_rot=[0.5, 0.5, 0.5] K_rot=[0.0, 0.0, 0.0]
[COMPLIANT-INSERT] insertion dir=[+0.45,+0.03,-0.89] planned_depth=4.0cm soft_axes=xz K=[20.0, 40.0, 20.0] B=[3.96, 5.6, 3.96] contact_thresh=1.5N
[COMPLIANT-INSERT] ABORT joint-limit guard - 'wrist_pitch'=-0.7771 within 0.010rad of limit; holding compliant pose
[COMPLIANT-INSERT] insert aborted by joint-limit guard after tcp_drop 0.0cm
[GRASP-EXEC] grasp TCP tracking: commanded=[0.3178,-0.3221,0.1731] achieved=[0.2997,-0.3230,0.2088] err=[-18.1,-0.9,+35.7]mm |err|=40.1mm approach-axis tilt: achieved=+50.8deg commanded=+49.3deg (0=level) ori-err=1.7deg
[JOINT-LIMIT] right closest-to-limit: wrist_pitch=-0.7771 [-0.785,1.05] dist=0.0079rad  BREACHED(<= 0.05): wrist_pitch
[JOINT-LIMIT] right grasp per-joint: shoulder_pitch=-0.292[-2.96,+2.96](2.668) shoulder_roll=-1.228[-2.62,+0.26](1.389) shoulder_yaw=+0.503[-2.96,+2.96](2.457) elbow_pitch=-2.030[-2.61,+0.26](0.580) elbow_yaw=+1.143[-2.96,+2.96](1.817) wrist_pitch=-0.777[-0.79,+1.05](0.008) wrist_roll=+0.378[-1.30,+1.65](1.272)
[GRASP-EXEC] grasp insert failed to reach target; retrying with reduced long-axis alignment (yaw scale 0.50)
[GRASP-EXEC] continuous orientation: object long-axis yaw +89.6deg (angle-from-X 89.6deg); applied continuous yaw -1.9deg about waist Z (gain=1.00, clamp +/-90deg x scale 0.50) [top-down jaw-align: base jaw heading -176.7deg -> short-axis +179.6deg] -> quat=['-0.2942', '-0.3423', '0.8835', '-0.1253']
[GRASP-EXEC] recomputed TCP along final quat: detected_tcp_xyz=['0.1481', '-0.1666', '-0.0524'] -> consistent_tcp_xyz=['0.2968', '-0.3724', '0.1239']
[GRASP-EXEC] ELBOW-HIGH seed retry: yaw scale 0.50
[GRASP-EXEC] approach lateral clamp: approach Y -0.4538 -> -0.3724 (= grasp Y); tool_z outboard component would have pushed the standoff further from center than the grasp, which folds the elbow into its stop at far-outboard reaches.
[GRASP-EXEC] approach along grasp axis: dist=0.120m tool_z=[-0.434,-0.679,0.593] approach_xyz=['0.2647', '-0.3724', '0.2000']
[GRASP-EXEC] applied lift tilt -15.0deg about waist Y -> lift quat=['-0.4070', '-0.3230', '0.8375', '-0.1689']
[GRASP-EXEC] QP-Stream right -> approach (pure-pursuit): pos=6.1cm rot=16.6deg, lookahead=13cm @ 50Hz, pos_tol=2.0cm accept=2.5cm keep_ori=False
[GRASP-EXEC] QP-Stream approach: ABORT joint-limit guard - 'wrist_pitch'=-0.7774 within 0.010rad of limit [-0.785,1.05] (side=lower); holding pose to avoid the hard stop
[GRASP-EXEC] approach TCP tracking: commanded=[0.2647,-0.3724,0.2000] achieved=[0.3002,-0.3238,0.2077] err=[+35.5,+48.6,+7.7]mm |err|=60.7mm approach-axis tilt: achieved=+51.1deg commanded=+36.3deg (0=level) ori-err=16.9deg
[JOINT-LIMIT] right closest-to-limit: wrist_pitch=-0.7776 [-0.785,1.05] dist=0.0074rad  BREACHED(<= 0.05): wrist_pitch
[JOINT-LIMIT] right approach per-joint: shoulder_pitch=-0.292[-2.96,+2.96](2.668) shoulder_roll=-1.225[-2.62,+0.26](1.391) shoulder_yaw=+0.505[-2.96,+2.96](2.455) elbow_pitch=-2.027[-2.61,+0.26](0.583) elbow_yaw=+1.150[-2.96,+2.96](1.810) wrist_pitch=-0.778[-0.79,+1.05](0.007) wrist_roll=+0.382[-1.30,+1.65](1.268)
[INFO] [1783326437.993962177] [XARM_manager]: [COMPLIANT-RIGHT] admittance loop stopped.
[JOINT-LIMIT] right closest-to-limit: wrist_pitch=-0.7776 [-0.785,1.05] dist=0.0074rad  BREACHED(<= 0.05): wrist_pitch
[JOINT-LIMIT] right lift per-joint: shoulder_pitch=-0.292[-2.96,+2.96](2.668) shoulder_roll=-1.225[-2.62,+0.26](1.391) shoulder_yaw=+0.505[-2.96,+2.96](2.455) elbow_pitch=-2.027[-2.61,+0.26](0.583) elbow_yaw=+1.150[-2.96,+2.96](1.810) wrist_pitch=-0.778[-0.79,+1.05](0.007) wrist_roll=+0.382[-1.30,+1.65](1.268)
[GRASP-EXEC] ELBOW-HIGH QP joint limits restored on endpose_single_arm_qp_R_controller (back to hard limits).
[GRASP-EXEC] ELBOW-HIGH: wrist guard margin restored to full.
[INFO] [1783326438.013521381] [XARM_manager]: Deactivated controllers: ['endpose_single_arm_qp_R_controller']
[GRASP-EXEC] elbow-high seed ready/right: clamped 1 joint(s) inward (margin 0.05rad): shoulder_yaw +2.964->+2.910 [-2.960,2.960]
[GRASP-EXEC] ELBOW-HIGH: returning via transition waypoint before home (bridges elbow-high -> elbow-low without a large sweep).
[GRASP-EXEC] ELBOW-HIGH: right -> transition(return) joints=['-1.452', '-0.585', '1.455', '-1.870', '-0.746', '-0.142', '0.087']
[INFO] [1783326438.033469663] [XARM_manager]: Activated controllers: ['jointspace_arm_R_controller']
[INFO] [1783326438.034354028] [XARM_manager]: Sending goal to action server /jointspace_arm_R_controller/jointspace (attempt 1/3):
eai_manipulator_msgs.action.JointSpace_Goal(target_positions=[-1.4525, -0.5845, 1.455, -1.87, -0.7456999999999999, -0.14179999999999998, 0.08685])
[INFO] [1783326438.037244540] [XARM_manager]: Goal accepted. Waiting for result...
[INFO] [1783326440.226650527] [XARM_manager]: Action result received from /jointspace_arm_R_controller/jointspace
[INFO] [1783326440.227156451] [XARM_manager]: Action result: eai_manipulator_msgs.action.JointSpace_Result(success=True, result_msg='action finished')
[GRASP-EXEC] ELBOW-HIGH: transition(return) move result: eai_manipulator_msgs.action.JointSpace_Result(success=True, result_msg='action finished')
[GRASP-EXEC] RETURN HOME: right -> joints=['0.000', '-1.180', '0.000', '-1.300', '-1.400', '-0.130', '0.180']
[INFO] [1783326440.230666711] [XARM_manager]: Sending goal to action server /jointspace_arm_R_controller/jointspace (attempt 1/3):
eai_manipulator_msgs.action.JointSpace_Goal(target_positions=[0.0, -1.18, 0.0, -1.3, -1.4, -0.13, 0.18])
[INFO] [1783326440.231940679] [XARM_manager]: Goal accepted. Waiting for result...
[INFO] [1783326442.090986862] [XARM_manager]: Action result received from /jointspace_arm_R_controller/jointspace
[INFO] [1783326442.091258332] [XARM_manager]: Action result: eai_manipulator_msgs.action.JointSpace_Result(success=True, result_msg='action finished')
[GRASP-EXEC] return home result: eai_manipulator_msgs.action.JointSpace_Result(success=True, result_msg='action finished')
{
  "arm": "right",
  "pipeline_version": "accelerated",
  "motion_strategy": "qp_all",
  "dry_run": false,
  "motion": {
    "detected_pose7": [
      0.1480925036013711,
      -0.16660632853220841,
      -0.05240485845968147,
      0.00577663721209032,
      -0.7314943099565046,
      -0.0703944723599961,
      0.678179418166708
    ],
    "approach_pose7": [
      0.26466460743702824,
      -0.37240872200560593,
      0.20001019396793496,
      -0.29421058405377526,
      -0.34227812414257186,
      0.8835069780197278,
      -0.12530457994274083
    ],
    "grasp_pose7": [
      0.31675614842490724,
      -0.37240872200560593,
      0.12890159765653209,
      -0.29421058405377526,
      -0.34227812414257186,
      0.8835069780197278,
      -0.12530457994274083
    ],
    "lift_pose7": [
      0.31675614842490724,
      -0.37240872200560593,
      0.24890159765653208,
      -0.40701437336266294,
      -0.32299435765416107,
      0.8375462660981865,
      -0.16890884211538626
    ],
    "pre_home_pose7": [
      0.13675614842490724,
      -0.4724087220056059,
      0.29890159765653207,
      -0.40701437336266294,
      -0.32299435765416107,
      0.8375462660981865,
      -0.16890884211538626
    ],
    "grasp_xyz_offset_m": [
      0.02,
      0.0,
      0.005
    ],
    "grasp_quat": [
      -0.29421058405377526,
      -0.34227812414257186,
      0.8835069780197278,
      -0.12530457994274083
    ],
    "use_fixed_grasp_quat": true,
    "phase_backends": {
      "approach": "qp_stream",
      "grasp": "qp_stream",
      "lift": "qp_stream"
    },
    "joint_limits_used": {
      "shoulder_pitch": [
        -2.96,
        2.96
      ],
      "shoulder_roll": [
        -2.616,
        0.262
      ],
      "shoulder_yaw": [
        -2.96,
        2.96
      ],
      "elbow_pitch": [
        -2.61,
        0.261
      ],
      "elbow_yaw": [
        -2.96,
        2.96
      ],
      "wrist_pitch": [
        -0.785,
        1.05
      ],
      "wrist_roll": [
        -1.3,
        1.65
      ]
    },
    "elbow_high_proactive_used": true,
    "elbow_high_orientation": "seed",
    "approach_tcp_tracking": {
      "commanded_xyz": [
        0.26466460743702824,
        -0.37240872200560593,
        0.20001019396793496
      ],
      "achieved_xyz": [
        0.3001953294417218,
        -0.3238258656318376,
        0.20769045144576317
      ],
      "error_mm": [
        35.53072200469354,
        48.58285637376836,
        7.680257477828217
      ],
      "error_norm_mm": 60.677116728918115,
      "achieved_quat": [
        -0.23805976764388903,
        -0.23269485305614174,
        0.9404779547178048,
        -0.06842418490806408
      ],
      "approach_axis_tilt_deg": 51.11078191495059,
      "commanded_approach_axis_tilt_deg": 36.33971245016593,
      "orientation_error_deg": 16.87324232110111
    },
    "approach_joint_limits": {
      "closest": {
        "joint": "wrist_pitch",
        "value": -0.7776,
        "lower": -0.785,
        "upper": 1.05,
        "dist_to_limit": 0.0074,
        "nearest_side": "lower"
      },
      "breached": [
        {
          "joint": "wrist_pitch",
          "value": -0.7776,
          "lower": -0.785,
          "upper": 1.05,
          "dist_to_limit": 0.0074,
          "nearest_side": "lower"
        }
      ],
      "margin_rad": 0.05
    },
    "compliant_insert": {
      "ok": false,
      "contact": false,
      "reason": "joint_limit_abort",
      "resist_n": 0.2173245899734543,
      "traveled_m": 0.00012028323084339284,
      "planned_depth_m": 0.04019155385823908,
      "ft_topic": "/arm_6dof_right",
      "calib_path": "/home/ubuntu/niu/compliant_grasp_execute/ft_calibration/ft_calibration_right.json",
      "calib_present": true,
      "commanded_m": 0.032499999999999994,
      "throttle_events": 0
    },
    "grasp_tcp_tracking": {
      "commanded_xyz": [
        0.31780606746177575,
        -0.3220986825403183,
        0.17306145359631728
      ],
      "achieved_xyz": [
        0.2996698556367726,
        -0.322987750134914,
        0.20878366135293214
      ],
      "error_mm": [
        -18.136211825003134,
        -0.8890675945956716,
        35.72220775661486
      ],
      "error_norm_mm": 40.07229401414272,
      "achieved_quat": [
        -0.23723682375309738,
        -0.23714613217071584,
        0.9395710806544371,
        -0.06845864335395785
      ],
      "approach_axis_tilt_deg": 50.80147896558835,
      "commanded_approach_axis_tilt_deg": 49.339712450165955,
      "orientation_error_deg": 1.6861432434140742
    },
    "grasp_joint_limits": {
      "closest": {
        "joint": "wrist_pitch",
        "value": -0.7771,
        "lower": -0.785,
        "upper": 1.05,
        "dist_to_limit": 0.0079,
        "nearest_side": "lower"
      },
      "breached": [
        {
          "joint": "wrist_pitch",
          "value": -0.7771,
          "lower": -0.785,
          "upper": 1.05,
          "dist_to_limit": 0.0079,
          "nearest_side": "lower"
        }
      ],
      "margin_rad": 0.05
    },
    "grasp_reach_retry_used": true,
    "grasp_reach_retry_yaw_scale": 0.5,
    "lift_joint_limits": {
      "closest": {
        "joint": "wrist_pitch",
        "value": -0.7776,
        "lower": -0.785,
        "upper": 1.05,
        "dist_to_limit": 0.0074,
        "nearest_side": "lower"
      },
      "breached": [
        {
          "joint": "wrist_pitch",
          "value": -0.7776,
          "lower": -0.785,
          "upper": 1.05,
          "dist_to_limit": 0.0074,
          "nearest_side": "lower"
        }
      ],
      "margin_rad": 0.05
    },
    "retract_ok": null,
    "return_home_ok": true,
    "released_on_finish_ok": null,
    "approach_ok": false,
    "grasp_ok": false,
    "lift_ok": true
  },
  "detection": {
    "class_name": "remote-control",
    "pose_head_roll_link": [
      0.7121566983181907,
      -0.18800874958203104,
      -0.22336054576754696,
      -0.2726088888945265,
      -0.3082382964114038,
      0.6517710791665288,
      0.6370777085122237
    ],
    "pose_tip_waist_yaw_link_rpy": {
      "x": 0.41222573094803905,
      "y": -0.19191652619699304,
      "z": -0.03372245750041092,
      "roll": -0.1495092083469498,
      "pitch": -0.057259666387129426,
      "yaw": 1.5629497309112756
    },
    "pose_tip_used_for_tcp_conversion_rpy": {
      "x": 0.41222573094803905,
      "y": -0.19191652619699304,
      "z": -0.03372245750041092,
      "roll": 2.1356724553285837,
      "pitch": -1.4392136606202044,
      "yaw": -2.227286042897554
    },
    "pose_tcp_waist_yaw_link_rpy": {
      "x": 0.1480925036013711,
      "y": -0.16660632853220841,
      "z": -0.05240485845968147,
      "roll": 2.1356724553285837,
      "pitch": -1.4392136606202044,
      "yaw": -2.227286042897554
    },
    "pose_tcp_waist_yaw_link_pose7": [
      0.1480925036013711,
      -0.16660632853220841,
      -0.05240485845968147,
      0.00577663721209032,
      -0.7314943099565046,
      -0.0703944723599961,
      0.678179418166708
    ],
    "current_tcp_pose7": [
      0.3516901723865467,
      -0.595281571385065,
      0.2750206476606596,
      0.00577663721209032,
      -0.7314943099565046,
      -0.0703944723599961,
      0.678179418166708
    ],
    "tcp_minus_tip_waist_m": [
      -0.26413322734666794,
      0.025310197664784623,
      -0.018682400959270554
    ],
    "tcp_to_tip_offset_m": [
      0.0,
      0.0,
      -0.266
    ],
    "orientation_policy": "current",
    "use_current_tcp_rotation": true,
    "rotation_source_arm": "right",
    "bbox_2d": [
      731.1693115234375,
      464.9500732421875,
      952.4296875,
      507.4747314453125
    ],
    "bbox_3d": {
      "min": [
        0.6967613381360453,
        -0.27801231591915576,
        -0.24586469576711686
      ],
      "max": [
        0.7423909330512269,
        -0.09882221791269077,
        -0.20726805742184315
      ],
      "center": [
        0.7195761355936361,
        -0.18841726691592325,
        -0.22656637659448
      ],
      "size": [
        0.04562959491518159,
        0.179190098006465,
        0.038596638345273715
      ]
    },
    "object_long_axis_waist": [
      0.007833655815138812,
      0.9983303792332862,
      0.057228382263462094
    ],
    "object_long_axis_yaw_waist_deg": 89.5504231723238,
    "object_angle_from_waist_x_deg": 89.5504231723238
  },
  "gripper": {
    "open_ok": true,
    "close_ok": null,
    "final_pos_pct": null,
    "backend": "modbus_rtu"
  },
  "ok": false
}
[GRASP-EXEC] saved result json: /tmp/grasp_exec.json
[GRASP-EXEC] saved handoff: /tmp/grasp_handoff.json (arm=right holding=False)
