[日志] 日志文件: logs/grasp/grasp_260706_161628.log
[日志] 执行命令: python3 -m compliant_grasp_execute.main
[INFO] [1783325788.608068994] [XARM_manager]: waiting for service /controller_manager/get_parameters to become available...
[INFO] [1783325790.297974365] [XARM_manager]: XARM_manager initialized, robot_type: tianyi2, run_type: real
[INFO] [1783325790.303138073] [XARM_manager]: 已订阅关节状态话题: /joint_states
[INFO] [1783325790.308325273] [XARM_manager]: 已订阅警告和错误信息话题: /manipulator/warn_and_error_info
[INFO] [1783325790.316365734] [XARM_manager]: /joint_action_report 服务已启动
[CONFIG] loaded 198 params from /home/ubuntu/niu/compliant_grasp_execute/config.yaml
[GRASP-EXEC] STARTUP: enabling arms and moving BOTH to home posture
[INFO] [1783325794.620837465] [XARM_manager]: Deactivated controllers: ['jointspace_arm_R_controller']
[GRASP-EXEC] STARTUP: left -> home joints=['0.000', '1.180', '0.000', '-1.300', '1.400', '-0.130', '0.180']
[INFO] [1783325794.643678888] [XARM_manager]: Activated controllers: ['jointspace_arm_L_controller']
[INFO] [1783325794.658809745] [XARM_manager]: Sending goal to action server /jointspace_arm_L_controller/jointspace (attempt 1/3):
eai_manipulator_msgs.action.JointSpace_Goal(target_positions=[0.0, 1.18, 0.0, -1.3, 1.4, -0.13, 0.18])
[INFO] [1783325794.660979706] [XARM_manager]: Goal accepted. Waiting for result...
[INFO] [1783325794.790995383] [XARM_manager]: Action result received from /jointspace_arm_L_controller/jointspace
[INFO] [1783325794.791273209] [XARM_manager]: Action result: eai_manipulator_msgs.action.JointSpace_Result(success=True, result_msg='action finished')
[GRASP-EXEC] STARTUP: right -> home joints=['0.000', '-1.180', '0.000', '-1.300', '-1.400', '-0.130', '0.180']
[INFO] [1783325794.804872323] [XARM_manager]: Activated controllers: ['jointspace_arm_R_controller']
[INFO] [1783325794.820110397] [XARM_manager]: Sending goal to action server /jointspace_arm_R_controller/jointspace (attempt 1/3):
eai_manipulator_msgs.action.JointSpace_Goal(target_positions=[0.0, -1.18, 0.0, -1.3, -1.4, -0.13, 0.18])
[INFO] [1783325794.821769639] [XARM_manager]: Goal accepted. Waiting for result...
[INFO] [1783325794.950754763] [XARM_manager]: Action result received from /jointspace_arm_R_controller/jointspace
[INFO] [1783325794.951226716] [XARM_manager]: Action result: eai_manipulator_msgs.action.JointSpace_Result(success=True, result_msg='action finished')
[GRASP-EXEC] STARTUP: activating both grippers (open/close cycle)
[robotiq_api] gripper already activated (gSTA==3); skip resetActivate()
[GRASP-EXEC] STARTUP: gripper 'left' activated
[robotiq_api] gripper already activated (gSTA==3); skip resetActivate()
[GRASP-EXEC] STARTUP: gripper 'right' activated
perception health check pass
[object_pose] RGB (720, 1280, 3), depth (720, 1280), valid-depth pixels: 905345/921600 (median valid depth 1.209 m)
[GRASP-EXEC] ARM-SELECT: object waist Y=-0.200m (y < boundary 0.000) -> 'right' arm
[GRASP-EXEC] diagonal schedule: angle-from-X=53.54501135509655deg -> tilt_scale=0.57, yaw_clamp=40.7deg (freed wrist_pitch, raised jaw alignment)
[GRASP-EXEC] reach tilt reduction: object |Y|=0.200m -> tilt_scale=0.88 (backed the side-tilt off so the elbow can extend to a far-outboard object instead of folding into its stop)
[GRASP-EXEC] applied grasp tilt +22.7deg about waist Y (tilt scale 1.00 x diag 0.57 x reach 0.88) -> quat=['0.3559', '0.4398', '-0.6192', '-0.5445']
[GRASP-EXEC] continuous orientation: object long-axis yaw +53.5deg (angle-from-X 53.5deg); applied continuous yaw +40.7deg about waist Z (gain=1.00, clamp +/-41deg) -> quat=['0.1807', '0.5362', '-0.7699', '-0.2952']
[GRASP-EXEC] recomputed TCP along final quat: detected_tcp_xyz=['0.4622', '-0.1743', '-0.0347'] -> consistent_tcp_xyz=['0.5681', '-0.3909', '0.0795']
[GRASP-EXEC] approach lateral clamp: approach Y -0.4771 -> -0.3909 (= grasp Y); tool_z outboard component would have pushed the standoff further from center than the grasp, which folds the elbow into its stop at far-outboard reaches.
[GRASP-EXEC] approach along grasp axis: dist=0.120m tool_z=[-0.595,-0.719,0.360] approach_xyz=['0.5167', '-0.3909', '0.1276']
[GRASP-EXEC] applied lift tilt -15.0deg about waist Y -> lift quat=['0.2797', '0.5701', '-0.7397', '-0.2227']
[GRASP-EXEC] detected class=remote-control detected_pose7=['0.4622', '-0.1743', '-0.0347', '0.0058', '-0.7312', '-0.0706', '0.6785'] -> motion grasp_pose7=['0.5881', '-0.3909', '0.0845', '0.1807', '0.5362', '-0.7699', '-0.2952']
[INFO] [1783325799.683220571] [XARM_manager]: Deactivated controllers: ['jointspace_arm_L_controller', 'jointspace_arm_R_controller']
[GRASP-EXEC] arms enabled (mode 3) [took 0.02s]
[JOINT-LIMIT] right: using live controller limits from endpose_single_arm_qp_R_controller
[GRASP-EXEC] joint-limit guard ON (margin 0.050 rad) arm=right
[GRASP-EXEC] gripper: connecting in background (overlaps arm enable + approach to hide the slow serial open; --no-gripper-async-connect for the old blocking behaviour)
[GRASP-EXEC] ARM: approach via qp_stream
[GRASP-EXEC] ELBOW-HIGH (proactive): object long axis ~parallel to body (angle-from-X=53.54501135509655 >= 45.0deg); the elbow-high seed's fore-aft jaws match a parallel object's short axis; reconfiguring to elbow-high seed before approach.
[GRASP-EXEC] elbow-high seed ready/right: clamped 1 joint(s) inward (margin 0.05rad): shoulder_yaw +2.964->+2.910 [-2.960,2.960]
[GRASP-EXEC] ELBOW-HIGH: reconfiguring right arm into elbow-high seed (jointspace, via transition waypoint). NOTE: jointspace moves run at the controller's own speed; watch the first reconfiguration for table/body clearance.
[GRASP-EXEC] gripper: arm='right' -> stable by-id port /dev/serial/by-id/usb-FTDI_FT231X_USB_UART_D30JLK40-if00-port0
[GRASP-EXEC] ELBOW-HIGH: right -> transition joints=['-1.452', '-0.585', '1.455', '-1.870', '-0.746', '-0.142', '0.087']
[INFO] [1783325799.732455411] [XARM_manager]: Activated controllers: ['jointspace_arm_R_controller']
[INFO] [1783325799.733241162] [XARM_manager]: Sending goal to action server /jointspace_arm_R_controller/jointspace (attempt 1/3):
eai_manipulator_msgs.action.JointSpace_Goal(target_positions=[-1.4525, -0.5845, 1.455, -1.87, -0.7456999999999999, -0.14179999999999998, 0.08685])
[INFO] [1783325799.735915662] [XARM_manager]: Goal accepted. Waiting for result...
[robotiq_api] gripper already activated (gSTA==3); skip resetActivate()
[GRASP-EXEC] gripper: cached serial port /dev/serial/by-id/usb-FTDI_FT231X_USB_UART_D30JLK40-if00-port0 -> /tmp/robotiq_gripper_port.txt
[GRASP-EXEC] gripper controller ready: backend=modbus_rtu port=auto slave=9 (wait_timeout=8.0s) [connect took 0.05s]
[INFO] [1783325801.593332791] [XARM_manager]: Action result received from /jointspace_arm_R_controller/jointspace
[INFO] [1783325801.593811394] [XARM_manager]: Action result: eai_manipulator_msgs.action.JointSpace_Result(success=True, result_msg='action finished')
[GRASP-EXEC] ELBOW-HIGH: transition move result: eai_manipulator_msgs.action.JointSpace_Result(success=True, result_msg='action finished')
[GRASP-EXEC] ELBOW-HIGH: right -> ready joints=['-2.905', '0.011', '2.910', '-2.440', '-0.091', '-0.154', '-0.006']
[INFO] [1783325801.597363058] [XARM_manager]: Sending goal to action server /jointspace_arm_R_controller/jointspace (attempt 1/3):
eai_manipulator_msgs.action.JointSpace_Goal(target_positions=[-2.905, 0.011, 2.91, -2.44, -0.0914, -0.1536, -0.0063])
[INFO] [1783325801.598880380] [XARM_manager]: Goal accepted. Waiting for result...
[INFO] [1783325803.455512149] [XARM_manager]: Action result received from /jointspace_arm_R_controller/jointspace
[INFO] [1783325803.455960718] [XARM_manager]: Action result: eai_manipulator_msgs.action.JointSpace_Result(success=True, result_msg='action finished')
[GRASP-EXEC] ELBOW-HIGH: ready move result: eai_manipulator_msgs.action.JointSpace_Result(success=True, result_msg='action finished')
[JOINT-LIMIT] right closest-to-limit: shoulder_pitch=-2.7894 [-2.96,2.96] dist=0.1706rad
[GRASP-EXEC] continuous orientation: object long-axis yaw +53.5deg (angle-from-X 53.5deg); applied continuous yaw -46.4deg about waist Z (gain=1.00, clamp +/-90deg) [top-down jaw-align: base jaw heading -170.0deg -> short-axis +143.5deg] -> quat=['-0.3091', '-0.1761', '0.9065', '0.2274']
[GRASP-EXEC] recomputed TCP along final quat: detected_tcp_xyz=['0.4622', '-0.1743', '-0.0347'] -> consistent_tcp_xyz=['0.5559', '-0.2472', '0.1824']
[GRASP-EXEC] approach lateral clamp: approach Y -0.2686 -> -0.2472 (= grasp Y); tool_z outboard component would have pushed the standoff further from center than the grasp, which folds the elbow into its stop at far-outboard reaches.
[GRASP-EXEC] approach along grasp axis: dist=0.120m tool_z=[-0.641,-0.179,0.747] approach_xyz=['0.4991', '-0.2472', '0.2771']
[GRASP-EXEC] applied lift tilt -15.0deg about waist Y -> lift quat=['-0.4248', '-0.2043', '0.8584', '0.2025']
[GRASP-EXEC] ELBOW-HIGH: using SEED grasp orientation (proactive); rebuilt grasp/approach/lift poses. The seed-anchored mode keeps the orientation the arm is already in, so the approach only translates and the wrist stays in range.
[GRASP-EXEC] ELBOW-HIGH QP joint window set on endpose_single_arm_qp_R_controller (flex 0.40rad, drop 0.15rad): shoulder_pitch[-2.96,-2.64], shoulder_roll[-0.55,0.00], shoulder_yaw[2.41,2.96], elbow_pitch[-2.61,-2.14], elbow_yaw[-0.55,-0.00]. Asymmetric: tight on the drop side so the elbow is actually held high; loose on the flex side so the arm can still reach.
[GRASP-EXEC] ELBOW-HIGH: wrist guard margin relaxed to 0.010rad (from 0.050) so the nose-down grasp can reach wrist_pitch~-0.71 (still inside the -0.785 stop). Other joints keep the full margin.
[INFO] [1783325803.477772794] [XARM_manager]: Deactivated controllers: ['jointspace_arm_R_controller']
[INFO] [1783325803.487260880] [XARM_manager]: Activated controllers: ['endpose_single_arm_qp_R_controller']
[GRASP-EXEC] QP-Stream right -> approach (pure-pursuit): pos=32.3cm rot=47.4deg, lookahead=13cm @ 50Hz, pos_tol=2.0cm accept=2.5cm keep_ori=False
[GRASP-EXEC] approach TCP tracking: commanded=[0.4991,-0.2472,0.2771] achieved=[0.4933,-0.2450,0.2592] err=[-5.7,+2.2,-17.8]mm |err|=18.9mm approach-axis tilt: achieved=+52.2deg commanded=+48.3deg (0=level) ori-err=6.6deg
[GRASP-EXEC] approach orientation miss 6.6deg -> ~31mm fingertip offset > tol 30mm: TCP reached position but the wrist could not hold the commanded tilt, so the fingers would miss the object. Treating approach as failed to trigger the reduced-tilt retry (prevents grasping air).
[GRASP-EXEC] approach failed to reach target; retrying with reduced long-axis alignment (yaw scale 0.50)
[GRASP-EXEC] continuous orientation: object long-axis yaw +53.5deg (angle-from-X 53.5deg); applied continuous yaw -23.2deg about waist Z (gain=1.00, clamp +/-90deg x scale 0.50) [top-down jaw-align: base jaw heading -170.0deg -> short-axis +143.5deg] -> quat=['-0.2674', '-0.2347', '0.9337', '0.0405']
[GRASP-EXEC] recomputed TCP along final quat: detected_tcp_xyz=['0.4622', '-0.1743', '-0.0347'] -> consistent_tcp_xyz=['0.5884', '-0.3105', '0.1824']
[GRASP-EXEC] ELBOW-HIGH seed retry: yaw scale 0.50
[GRASP-EXEC] approach lateral clamp: approach Y -0.3605 -> -0.3105 (= grasp Y); tool_z outboard component would have pushed the standoff further from center than the grasp, which folds the elbow into its stop at far-outboard reaches.
[GRASP-EXEC] approach along grasp axis: dist=0.120m tool_z=[-0.518,-0.417,0.747] approach_xyz=['0.5462', '-0.3105', '0.2771']
[GRASP-EXEC] applied lift tilt -15.0deg about waist Y -> lift quat=['-0.3870', '-0.2380', '0.8908', '0.0095']
[GRASP-EXEC] QP-Stream right -> approach (pure-pursuit): pos=8.6cm rot=22.0deg, lookahead=13cm @ 50Hz, pos_tol=2.0cm accept=2.5cm keep_ori=False
[GRASP-EXEC] approach TCP tracking: commanded=[0.5462,-0.3105,0.2771] achieved=[0.5469,-0.2957,0.2899] err=[+0.7,+14.8,+12.8]mm |err|=19.6mm approach-axis tilt: achieved=+45.1deg commanded=+48.3deg (0=level) ori-err=4.0deg
[JOINT-LIMIT] right closest-to-limit: wrist_pitch=-0.7676 [-0.785,1.05] dist=0.0174rad
[JOINT-LIMIT] right approach per-joint: shoulder_pitch=-1.601[-2.96,+2.96](1.359) shoulder_roll=-0.636[-2.62,+0.26](0.898) shoulder_yaw=+1.817[-2.96,+2.96](1.143) elbow_pitch=-0.863[-2.61,+0.26](1.124) elbow_yaw=+0.787[-2.96,+2.96](2.173) wrist_pitch=-0.768[-0.79,+1.05](0.017) wrist_roll=-0.010[-1.30,+1.65](1.290)
[GRASP-EXEC] GRIPPER: open (after approach, before grasp insert)
[GRASP-EXEC] gripper open: start=89% -> target=0%
[GRASP-EXEC] gripper open result: pos=1% status=3 ok=True
[GRASP-EXEC] ARM: HYBRID pre-descent (position QP-stream) -> 9.0cm, leaving final 3.0cm for F/T compliant descend-to-contact
[GRASP-EXEC] QP-Stream right -> pre-grasp (pure-pursuit): pos=8.4cm rot=0.0deg, lookahead=8cm @ 50Hz, pos_tol=1.0cm accept=2.5cm keep_ori=True
[GRASP-EXEC] QP-Stream pre-grasp: ABORT joint-limit guard - 'wrist_pitch'=-0.7762 within 0.010rad of limit [-0.785,1.05] (side=lower); holding pose to avoid the hard stop
[GRASP-EXEC] ARM: COMPLIANT insert to grasp pose (F/T admittance descend-to-contact)
[INFO] [1783325810.350410444] [XARM_manager]: [COMPLIANT-RIGHT] Loaded F/T calibration from /home/ubuntu/niu/compliant_grasp_execute/ft_calibration/ft_calibration_right.json
[INFO] [1783325810.351734984] [XARM_manager]: [COMPLIANT-RIGHT] target set: p=[0.5458592819997299, -0.30857443881877156, 0.27713198198723876] q=[-0.2665159497764836, -0.23585525667278184, 0.9337323519776262, 0.03854142297431906]
[INFO] [1783325810.352848859] [XARM_manager]: [COMPLIANT-RIGHT] seeded QP target at captured pose (z=+0.2771).
[INFO] [1783325810.353599343] [XARM_manager]: [COMPLIANT-RIGHT] admittance loop starting (calibrating force offset; keep hands off the arm briefly)...
[INFO] [1783325810.687408331] [XARM_manager]: [COMPLIANT-RIGHT] runtime offset calibrated. p_ref=[0.5458592819997299, -0.30857443881877156, 0.27713198198723876], ready.
[COMPLIANT-INSERT] runtime force-offset calibrated in 0.35s
[INFO] [1783325810.699534233] [XARM_manager]: [COMPLIANT-RIGHT] gains updated: B=[3.9597979746446663, 5.6, 3.9597979746446663] K=[20.0, 40.0, 20.0] B_rot=[0.5, 0.5, 0.5] K_rot=[0.0, 0.0, 0.0]
[COMPLIANT-INSERT] insertion dir=[+0.57,-0.02,-0.82] planned_depth=10.9cm soft_axes=xz K=[20.0, 40.0, 20.0] B=[3.96, 5.6, 3.96] contact_thresh=1.5N
[COMPLIANT-INSERT] ABORT joint-limit guard - 'wrist_pitch'=-0.7766 within 0.010rad of limit; holding compliant pose
[COMPLIANT-INSERT] insert aborted by joint-limit guard after tcp_drop 0.1cm
[GRASP-EXEC] grasp TCP tracking: commanded=[0.6084,-0.3105,0.1874] achieved=[0.5458,-0.3092,0.2759] err=[-62.6,+1.2,+88.5]mm |err|=108.4mm approach-axis tilt: achieved=+48.6deg commanded=+48.3deg (0=level) ori-err=0.3deg
[JOINT-LIMIT] right closest-to-limit: wrist_pitch=-0.7766 [-0.785,1.05] dist=0.0084rad  BREACHED(<= 0.05): wrist_pitch
[JOINT-LIMIT] right grasp per-joint: shoulder_pitch=-1.585[-2.96,+2.96](1.375) shoulder_roll=-0.637[-2.62,+0.26](0.899) shoulder_yaw=+1.835[-2.96,+2.96](1.125) elbow_pitch=-0.838[-2.61,+0.26](1.099) elbow_yaw=+0.809[-2.96,+2.96](2.151) wrist_pitch=-0.777[-0.79,+1.05](0.008) wrist_roll=+0.013[-1.30,+1.65](1.312)
[INFO] [1783325810.839430176] [XARM_manager]: [COMPLIANT-RIGHT] admittance loop stopped.
[JOINT-LIMIT] right closest-to-limit: wrist_pitch=-0.7766 [-0.785,1.05] dist=0.0084rad  BREACHED(<= 0.05): wrist_pitch
[JOINT-LIMIT] right lift per-joint: shoulder_pitch=-1.585[-2.96,+2.96](1.375) shoulder_roll=-0.636[-2.62,+0.26](0.898) shoulder_yaw=+1.835[-2.96,+2.96](1.125) elbow_pitch=-0.837[-2.61,+0.26](1.098) elbow_yaw=+0.809[-2.96,+2.96](2.151) wrist_pitch=-0.777[-0.79,+1.05](0.008) wrist_roll=+0.013[-1.30,+1.65](1.312)
[GRASP-EXEC] ELBOW-HIGH QP joint limits restored on endpose_single_arm_qp_R_controller (back to hard limits).
[GRASP-EXEC] ELBOW-HIGH: wrist guard margin restored to full.
[INFO] [1783325810.860000100] [XARM_manager]: Deactivated controllers: ['endpose_single_arm_qp_R_controller']
[GRASP-EXEC] elbow-high seed ready/right: clamped 1 joint(s) inward (margin 0.05rad): shoulder_yaw +2.964->+2.910 [-2.960,2.960]
[GRASP-EXEC] ELBOW-HIGH: returning via transition waypoint before home (bridges elbow-high -> elbow-low without a large sweep).
[GRASP-EXEC] ELBOW-HIGH: right -> transition(return) joints=['-1.452', '-0.585', '1.455', '-1.870', '-0.746', '-0.142', '0.087']
[INFO] [1783325810.878612626] [XARM_manager]: Activated controllers: ['jointspace_arm_R_controller']
[INFO] [1783325810.879291589] [XARM_manager]: Sending goal to action server /jointspace_arm_R_controller/jointspace (attempt 1/3):
eai_manipulator_msgs.action.JointSpace_Goal(target_positions=[-1.4525, -0.5845, 1.455, -1.87, -0.7456999999999999, -0.14179999999999998, 0.08685])
[INFO] [1783325810.881233545] [XARM_manager]: Goal accepted. Waiting for result...
[INFO] [1783325812.815968390] [XARM_manager]: Action result received from /jointspace_arm_R_controller/jointspace
[INFO] [1783325812.816437802] [XARM_manager]: Action result: eai_manipulator_msgs.action.JointSpace_Result(success=True, result_msg='action finished')
[GRASP-EXEC] ELBOW-HIGH: transition(return) move result: eai_manipulator_msgs.action.JointSpace_Result(success=True, result_msg='action finished')
[GRASP-EXEC] RETURN HOME: right -> joints=['0.000', '-1.180', '0.000', '-1.300', '-1.400', '-0.130', '0.180']
[INFO] [1783325812.820425271] [XARM_manager]: Sending goal to action server /jointspace_arm_R_controller/jointspace (attempt 1/3):
eai_manipulator_msgs.action.JointSpace_Goal(target_positions=[0.0, -1.18, 0.0, -1.3, -1.4, -0.13, 0.18])
[INFO] [1783325812.823242677] [XARM_manager]: Goal accepted. Waiting for result...
[INFO] [1783325814.679863129] [XARM_manager]: Action result received from /jointspace_arm_R_controller/jointspace
[INFO] [1783325814.680318813] [XARM_manager]: Action result: eai_manipulator_msgs.action.JointSpace_Result(success=True, result_msg='action finished')
[GRASP-EXEC] return home result: eai_manipulator_msgs.action.JointSpace_Result(success=True, result_msg='action finished')
{
  "arm": "right",
  "pipeline_version": "accelerated",
  "motion_strategy": "qp_all",
  "dry_run": false,
  "motion": {
    "detected_pose7": [
      0.4621855650825066,
      -0.1742791858814279,
      -0.034655195644966934,
      0.005756663930722568,
      -0.7311948145722406,
      -0.07055918138232758,
      0.6784853763241411
    ],
    "approach_pose7": [
      0.5462476212878314,
      -0.3104695960800903,
      0.2770674978960942,
      -0.2674121255887144,
      -0.23469028007778125,
      0.9336888431580399,
      0.04045209126039767
    ],
    "grasp_pose7": [
      0.60844924468343,
      -0.3104695960800903,
      0.187448803290061,
      -0.2674121255887144,
      -0.23469028007778125,
      0.9336888431580399,
      0.04045209126039767
    ],
    "lift_pose7": [
      0.60844924468343,
      -0.3104695960800903,
      0.30744880329006097,
      -0.3869952271997428,
      -0.2379625296370543,
      0.8907967191645312,
      0.00947278940233548
    ],
    "pre_home_pose7": [
      0.42844924468343,
      -0.41046959608009026,
      0.35744880329006096,
      -0.3869952271997428,
      -0.2379625296370543,
      0.8907967191645312,
      0.00947278940233548
    ],
    "grasp_xyz_offset_m": [
      0.02,
      0.0,
      0.005
    ],
    "grasp_quat": [
      -0.2674121255887144,
      -0.23469028007778125,
      0.9336888431580399,
      0.04045209126039767
    ],
    "use_fixed_grasp_quat": true,
    "phase_backends": {
      "approach": "qp_stream",
      "grasp": "qp_stream",
      "lift": "qp_stream"
    },
    "joint_limits_used": {
      "shoulder_pitch": [
        -2.96,
        2.96
      ],
      "shoulder_roll": [
        -2.616,
        0.262
      ],
      "shoulder_yaw": [
        -2.96,
        2.96
      ],
      "elbow_pitch": [
        -2.61,
        0.261
      ],
      "elbow_yaw": [
        -2.96,
        2.96
      ],
      "wrist_pitch": [
        -0.785,
        1.05
      ],
      "wrist_roll": [
        -1.3,
        1.65
      ]
    },
    "elbow_high_proactive_used": true,
    "elbow_high_orientation": "seed",
    "grasp_reach_retry_used": true,
    "grasp_reach_retry_yaw_scale": 0.5,
    "approach_tcp_tracking": {
      "commanded_xyz": [
        0.5462476212878314,
        -0.3104695960800903,
        0.2770674978960942
      ],
      "achieved_xyz": [
        0.5469191874762067,
        -0.2956762646497224,
        0.2898589071376604
      ],
      "error_mm": [
        0.6715661883752722,
        14.793331430367873,
        12.791409241566187
      ],
      "error_norm_mm": 19.56818352170951,
      "achieved_quat": [
        -0.2750117461589654,
        -0.26547553762478554,
        0.9235561243646085,
        0.03058371373871452
      ],
      "approach_axis_tilt_deg": 45.05478326136593,
      "commanded_approach_axis_tilt_deg": 48.31587373990466,
      "orientation_error_deg": 3.9789257119906254
    },
    "approach_joint_limits": {
      "closest": {
        "joint": "wrist_pitch",
        "value": -0.7676,
        "lower": -0.785,
        "upper": 1.05,
        "dist_to_limit": 0.0174,
        "nearest_side": "lower"
      },
      "breached": [],
      "margin_rad": 0.05
    },
    "compliant_insert": {
      "ok": false,
      "contact": false,
      "reason": "joint_limit_abort",
      "resist_n": 0.22530513019739445,
      "traveled_m": 0.0010056594496368387,
      "planned_depth_m": 0.1093808374031851,
      "ft_topic": "/arm_6dof_right",
      "calib_path": "/home/ubuntu/niu/compliant_grasp_execute/ft_calibration/ft_calibration_right.json",
      "calib_present": true,
      "commanded_m": 0.032499999999999994,
      "throttle_events": 0
    },
    "grasp_tcp_tracking": {
      "commanded_xyz": [
        0.60844924468343,
        -0.3104695960800903,
        0.187448803290061
      ],
      "achieved_xyz": [
        0.5458492255860499,
        -0.30923859346253185,
        0.2759124598048883
      ],
      "error_mm": [
        -62.60001909738011,
        1.2310026175584299,
        88.46365651482732
      ],
      "error_norm_mm": 108.37940894104443,
      "achieved_quat": [
        -0.2662243211173132,
        -0.23285674925729088,
        0.9345241841730262,
        0.03958401655583523
      ],
      "approach_axis_tilt_deg": 48.57346239836095,
      "commanded_approach_axis_tilt_deg": 48.31587373990466,
      "orientation_error_deg": 0.28588392228408666
    },
    "grasp_joint_limits": {
      "closest": {
        "joint": "wrist_pitch",
        "value": -0.7766,
        "lower": -0.785,
        "upper": 1.05,
        "dist_to_limit": 0.0084,
        "nearest_side": "lower"
      },
      "breached": [
        {
          "joint": "wrist_pitch",
          "value": -0.7766,
          "lower": -0.785,
          "upper": 1.05,
          "dist_to_limit": 0.0084,
          "nearest_side": "lower"
        }
      ],
      "margin_rad": 0.05
    },
    "lift_joint_limits": {
      "closest": {
        "joint": "wrist_pitch",
        "value": -0.7766,
        "lower": -0.785,
        "upper": 1.05,
        "dist_to_limit": 0.0084,
        "nearest_side": "lower"
      },
      "breached": [
        {
          "joint": "wrist_pitch",
          "value": -0.7766,
          "lower": -0.785,
          "upper": 1.05,
          "dist_to_limit": 0.0084,
          "nearest_side": "lower"
        }
      ],
      "margin_rad": 0.05
    },
    "retract_ok": null,
    "return_home_ok": true,
    "released_on_finish_ok": null,
    "approach_ok": true,
    "grasp_ok": false,
    "lift_ok": true
  },
  "detection": {
    "class_name": "remote-control",
    "pose_head_roll_link": [
      0.941703353965532,
      -0.19121506580727865,
      -0.008125204961598465,
      -0.3330876156068555,
      0.13950643354243383,
      0.8247791932435499,
      -0.43512053240697474
    ],
    "pose_tip_waist_yaw_link_rpy": {
      "x": 0.7263295098770067,
      "y": -0.19964850775645623,
      "z": -0.016205969753312566,
      "roll": -0.004615211201370474,
      "pitch": 0.07410496796441679,
      "yaw": -2.207055907425608
    },
    "pose_tip_used_for_tcp_conversion_rpy": {
      "x": 0.7263295098770067,
      "y": -0.19964850775645623,
      "z": -0.016205969753312566,
      "roll": 2.1292990553381728,
      "pitch": -1.4395350985100395,
      "yaw": -2.221173692664395
    },
    "pose_tcp_waist_yaw_link_rpy": {
      "x": 0.4621855650825066,
      "y": -0.1742791858814279,
      "z": -0.034655195644966934,
      "roll": 2.1292990553381728,
      "pitch": -1.4395350985100395,
      "yaw": -2.221173692664395
    },
    "pose_tcp_waist_yaw_link_pose7": [
      0.4621855650825066,
      -0.1742791858814279,
      -0.034655195644966934,
      0.005756663930722568,
      -0.7311948145722406,
      -0.07055918138232758,
      0.6784853763241411
    ],
    "current_tcp_pose7": [
      0.3516949954456168,
      -0.5952986339346652,
      0.2749291963004995,
      0.005756663930722568,
      -0.7311948145722406,
      -0.07055918138232758,
      0.6784853763241411
    ],
    "tcp_minus_tip_waist_m": [
      -0.26414394479450015,
      0.025369321875028328,
      -0.018449225891654368
    ],
    "tcp_to_tip_offset_m": [
      0.0,
      0.0,
      -0.266
    ],
    "orientation_policy": "current",
    "use_current_tcp_rotation": true,
    "rotation_source_arm": "right",
    "bbox_2d": [
      723.2669677734375,
      197.12860107421875,
      890.846923828125,
      300.4795837402344
    ],
    "bbox_3d": {
      "min": [
        0.8947485919644255,
        -0.2691027386965608,
        -0.05811624671231985
      ],
      "max": [
        0.9975097462305821,
        -0.1115681341669551,
        0.04248732650101439
      ],
      "center": [
        0.9461291690975038,
        -0.19033543643175796,
        -0.007814460105652732
      ],
      "size": [
        0.10276115426615662,
        0.15753460452960572,
        0.10060357321333424
      ]
    },
    "object_long_axis_waist": [
      -0.5925603287920015,
      -0.8021164226392362,
      -0.07403716144173879
    ],
    "object_long_axis_yaw_waist_deg": 53.545011355096534,
    "object_angle_from_waist_x_deg": 53.54501135509655
  },
  "gripper": {
    "open_ok": true,
    "close_ok": null,
    "final_pos_pct": null,
    "backend": "modbus_rtu"
  },
  "ok": false
}
[GRASP-EXEC] saved result json: /tmp/grasp_exec.json
[GRASP-EXEC] saved handoff: /tmp/grasp_handoff.json (arm=right holding=False)
