[日志] 日志文件: logs/grasp/grasp_260708_131701.log
[日志] 执行命令: python3 -m compliant_grasp_execute.main
[INFO] [1783487822.255572523] [XARM_manager]: waiting for service /controller_manager/get_parameters to become available...
[INFO] [1783487823.764863472] [XARM_manager]: XARM_manager initialized, robot_type: tianyi2, run_type: real
[INFO] [1783487823.770542163] [XARM_manager]: 已订阅关节状态话题: /joint_states
[INFO] [1783487823.774096151] [XARM_manager]: 已订阅警告和错误信息话题: /manipulator/warn_and_error_info
[INFO] [1783487823.781694174] [XARM_manager]: /joint_action_report 服务已启动
[CONFIG] loaded 201 params from /home/ubuntu/niu/compliant_grasp_execute/config.yaml
[GRASP-EXEC] STARTUP: enabling arms and moving BOTH to home posture
[INFO] [1783487831.200520922] [XARM_manager]: Deactivated controllers: ['jointspace_arm_L_controller']
[GRASP-EXEC] STARTUP: left -> home joints=['0.844', '0.026', '-0.006', '-2.216', '-1.529', '0.250', '0.683']
[INFO] [1783487831.223539050] [XARM_manager]: Activated controllers: ['jointspace_arm_L_controller']
[INFO] [1783487831.237579497] [XARM_manager]: Sending goal to action server /jointspace_arm_L_controller/jointspace (attempt 1/3):
eai_manipulator_msgs.action.JointSpace_Goal(target_positions=[0.844, 0.026, -0.006, -2.216, -1.529, 0.25, 0.683])
[INFO] [1783487831.240159789] [XARM_manager]: Goal accepted. Waiting for result...
[INFO] [1783487831.799414504] [XARM_manager]: Action result received from /jointspace_arm_L_controller/jointspace
[INFO] [1783487831.799939495] [XARM_manager]: Action result: eai_manipulator_msgs.action.JointSpace_Result(success=True, result_msg='action finished')
[GRASP-EXEC] STARTUP: right -> home joints=['0.844', '-0.026', '0.006', '-2.216', '1.529', '0.250', '-0.683']
[INFO] [1783487831.812917317] [XARM_manager]: Activated controllers: ['jointspace_arm_R_controller']
[INFO] [1783487831.825451644] [XARM_manager]: Sending goal to action server /jointspace_arm_R_controller/jointspace (attempt 1/3):
eai_manipulator_msgs.action.JointSpace_Goal(target_positions=[0.844, -0.026, 0.006, -2.216, 1.529, 0.25, -0.683])
[INFO] [1783487831.828152420] [XARM_manager]: Goal accepted. Waiting for result...
[INFO] [1783487832.277807039] [XARM_manager]: Action result received from /jointspace_arm_R_controller/jointspace
[INFO] [1783487832.278382405] [XARM_manager]: Action result: eai_manipulator_msgs.action.JointSpace_Result(success=True, result_msg='action finished')
[GRASP-EXEC] STARTUP: activating both grippers (open/close cycle)
[robotiq_api] gripper already activated (gSTA==3); skip resetActivate()
[GRASP-EXEC] STARTUP: gripper 'left' activated
[robotiq_api] gripper already activated (gSTA==3); skip resetActivate()
[GRASP-EXEC] STARTUP: gripper 'right' activated
perception health check pass
[object_pose] RGB (720, 1280, 3), depth (720, 1280), valid-depth pixels: 842333/921600 (median valid depth 0.974 m)
[GRASP-EXEC] ARM-SELECT: object waist Y=+0.186m (y >= boundary 0.000) -> 'left' arm
[GRASP-EXEC] reach tilt reduction: object |Y|=0.186m -> tilt_scale=0.96 (backed the side-tilt off so the elbow can extend to a far-outboard object instead of folding into its stop)
[GRASP-EXEC] applied grasp tilt +43.2deg about waist Y (tilt scale 1.00 x reach 0.96) -> quat=['-0.2397', '0.3357', '0.6728', '-0.6142']
[GRASP-EXEC] continuous orientation: object long-axis yaw +1.0deg (angle-from-X 1.0deg); applied continuous yaw +1.0deg about waist Z (gain=1.00, clamp +/-15deg) -> quat=['-0.2428', '0.3335', '0.6671', '-0.6203']
[GRASP-EXEC] recomputed TCP along final quat: detected_tcp_xyz=['0.2485', '0.2336', '-0.1425'] -> consistent_tcp_xyz=['0.2809', '0.2247', '0.1606']
[GRASP-EXEC] approach lateral clamp: approach Y +0.2420 -> +0.2247 (= grasp Y); tool_z outboard component would have pushed the standoff further from center than the grasp, which folds the elbow into its stop at far-outboard reaches.
[GRASP-EXEC] approach along grasp axis: dist=0.120m tool_z=[-0.738,0.144,0.660] approach_xyz=['0.2324', '0.2247', '0.2447']
[GRASP-EXEC] applied lift tilt -15.0deg about waist Y -> lift quat=['-0.3278', '0.4116', '0.6297', '-0.5715']
[GRASP-EXEC] detected class=remote-control detected_pose7=['0.2485', '0.2336', '-0.1425', '0.6948', '0.5069', '-0.3429', '-0.3777'] -> motion grasp_pose7=['0.3209', '0.2247', '0.1656', '-0.2428', '0.3335', '0.6671', '-0.6203']
[INFO] [1783487835.882102094] [XARM_manager]: Deactivated controllers: ['jointspace_arm_L_controller', 'jointspace_arm_R_controller']
[GRASP-EXEC] arms enabled (mode 3) [took 0.02s]
[JOINT-LIMIT] left: using live controller limits from endpose_single_arm_qp_L_controller
[GRASP-EXEC] joint-limit guard ON (margin 0.050 rad) arm=left
[GRASP-EXEC] gripper: connecting in background (overlaps arm enable + approach to hide the slow serial open; --no-gripper-async-connect for the old blocking behaviour)
[GRASP-EXEC] ARM: approach via qp_stream
[GRASP-EXEC] gripper: arm='left' -> stable by-id port /dev/serial/by-id/usb-FTDI_FT231X_USB_UART_DU0E2IPR-if00-port0
[INFO] [1783487835.926569832] [XARM_manager]: Activated controllers: ['endpose_single_arm_qp_L_controller']
[GRASP-EXEC] QP-Stream left -> approach (pure-pursuit): pos=15.9cm rot=73.6deg, lookahead=13cm @ 50Hz, pos_tol=2.0cm accept=2.5cm keep_ori=False
[robotiq_api] gripper already activated (gSTA==3); skip resetActivate()
[GRASP-EXEC] gripper: cached serial port /dev/serial/by-id/usb-FTDI_FT231X_USB_UART_DU0E2IPR-if00-port0 -> /tmp/robotiq_gripper_port.txt
[GRASP-EXEC] gripper controller ready: backend=modbus_rtu port=auto slave=9 (wait_timeout=8.0s) [connect took 0.05s]
[GRASP-EXEC] approach TCP tracking: commanded=[0.2324,0.2247,0.2447] achieved=[0.2445,0.2353,0.2335] err=[+12.1,+10.6,-11.3]mm |err|=19.6mm approach-axis tilt: achieved=+44.3deg commanded=+41.3deg (0=level) ori-err=4.3deg
[JOINT-LIMIT] left closest-to-limit: elbow_pitch=-2.5572 [-2.61,0.261] dist=0.0528rad
[JOINT-LIMIT] left approach per-joint: shoulder_pitch=-0.104[-2.96,+2.96](2.856) shoulder_roll=+0.733[-0.26,+2.62](0.995) shoulder_yaw=-0.391[-2.96,+2.96](2.569) elbow_pitch=-2.557[-2.61,+0.26](0.053) elbow_yaw=-1.123[-2.96,+2.96](1.837) wrist_pitch=+0.789[-0.79,+1.05](0.261) wrist_roll=-1.445[-1.65,+1.30](0.205)
[GRASP-EXEC] GRIPPER: open (after approach, before grasp insert)
[GRASP-EXEC] gripper already open enough: 1% (skip open command)
[GRASP-EXEC] ARM: HYBRID pre-descent (position QP-stream) -> 7.3cm, leaving final 3.0cm for F/T compliant descend-to-contact
[GRASP-EXEC] QP-Stream left -> pre-grasp (pure-pursuit): pos=7.3cm rot=0.0deg, lookahead=8cm @ 50Hz, pos_tol=1.0cm accept=2.5cm keep_ori=True
[GRASP-EXEC] ARM: COMPLIANT insert to grasp pose (F/T admittance descend-to-contact)
[INFO] [1783487840.616185166] [XARM_manager]: [COMPLIANT-LEFT] Loaded F/T calibration from /home/ubuntu/niu/compliant_grasp_execute/ft_calibration/ft_calibration_left.json
[INFO] [1783487840.637586008] [XARM_manager]: [COMPLIANT-LEFT] target set: p=[0.2917894774119339, 0.22635560427536433, 0.1899963162139924] q=[0.2479232734982677, -0.2987598412902196, -0.7066584102085137, 0.5915323312987396]
[INFO] [1783487840.638300737] [XARM_manager]: [COMPLIANT-LEFT] seeded QP target at captured pose (z=+0.1900).
[INFO] [1783487840.639057362] [XARM_manager]: [COMPLIANT-LEFT] admittance loop starting (calibrating force offset; keep hands off the arm briefly)...
[INFO] [1783487840.967030264] [XARM_manager]: [COMPLIANT-LEFT] runtime offset calibrated. p_ref=[0.2917894774119339, 0.22635560427536433, 0.1899963162139924], ready.
[COMPLIANT-INSERT] runtime force-offset calibrated in 0.33s
[INFO] [1783487840.967613862] [XARM_manager]: [COMPLIANT-LEFT] gains updated: B=[3.9597979746446663, 5.6, 3.9597979746446663] K=[20.0, 40.0, 20.0] B_rot=[0.5, 0.5, 0.5] K_rot=[0.0, 0.0, 0.0]
[COMPLIANT-INSERT] insertion dir=[+0.77,-0.04,-0.64] planned_depth=3.8cm soft_axes=xz K=[20.0, 40.0, 20.0] B=[3.96, 5.6, 3.96] contact_thresh=1.5N
[INFO] [1783487841.795637615] [XARM_manager]: [COMPLIANT-LEFT] n=200 hz=242.5 F=[+0.00,+0.00,+0.00]N disp=[-2.8,+0.0,+3.0]cm v=[+0.14,-0.00,-0.15]
[COMPLIANT-INSERT] insert s=5.8cm tcp_drop=2.1cm lag=+3.7cm resist=-0.27N (throttle x0)
[INFO] [1783487842.634910193] [XARM_manager]: [COMPLIANT-LEFT] n=400 hz=239.3 F=[+0.00,+0.00,+0.00]N disp=[-1.3,-0.1,+2.3]cm v=[+0.07,+0.01,-0.12]
[COMPLIANT-INSERT] insert s=5.8cm tcp_drop=3.8cm lag=+2.0cm resist=-0.04N (throttle x0)
[INFO] [1783487843.474646530] [XARM_manager]: [COMPLIANT-LEFT] n=600 hz=239.3 F=[+0.00,+0.00,+0.00]N disp=[-0.6,-0.1,+1.6]cm v=[+0.03,+0.01,-0.08]
[COMPLIANT-INSERT] insert s=5.8cm tcp_drop=4.7cm lag=+1.1cm resist=+0.58N (throttle x0)
[INFO] [1783487844.063385888] [XARM_manager]: [COMPLIANT-LEFT] gains updated: B=[10.844353369380768, 10.844353369380768, 10.844353369380768] K=[150.0, 150.0, 150.0] B_rot=[0.5, 0.5, 0.5] K_rot=[0.0, 0.0, 0.0]
[INFO] [1783487844.063647628] [XARM_manager]: [COMPLIANT-LEFT] target set: p=[0.33318621191447123, 0.2226308989489427, 0.16792009762059215] q=[0.2479232734982677, -0.2987598412902196, -0.7066584102085137, 0.5915323312987396]
[COMPLIANT-INSERT] CONTACT (force) at tcp_drop 4.6cm (resist 1.6N, thresh 1.5N); holding compliant for gripper close
[GRASP-EXEC] grasp TCP tracking: commanded=[0.3209,0.2247,0.1656] achieved=[0.3338,0.2231,0.1728] err=[+13.0,-1.6,+7.2]mm |err|=14.9mm approach-axis tilt: achieved=+45.3deg commanded=+41.3deg (0=level) ori-err=7.2deg
[JOINT-LIMIT] left closest-to-limit: wrist_roll=-1.2255 [-1.65,1.3] dist=0.4245rad
[JOINT-LIMIT] left grasp per-joint: shoulder_pitch=-0.234[-2.96,+2.96](2.726) shoulder_roll=+0.547[-0.26,+2.62](0.809) shoulder_yaw=-0.456[-2.96,+2.96](2.504) elbow_pitch=-2.119[-2.61,+0.26](0.491) elbow_yaw=-1.062[-2.96,+2.96](1.898) wrist_pitch=+0.523[-0.79,+1.05](0.526) wrist_roll=-1.226[-1.65,+1.30](0.424)
[INFO] [1783487844.316851100] [XARM_manager]: [COMPLIANT-LEFT] n=800 hz=238.9 F=[+0.00,+0.00,+0.57]N disp=[+0.1,+0.0,+0.5]cm v=[-0.01,-0.01,-0.05]
[GRASP-EXEC] GRIPPER: close at grasp pose (after arm motion, not at approach)
[GRASP-EXEC] gripper close: start=1% -> target=100%
[INFO] [1783487845.155529474] [XARM_manager]: [COMPLIANT-LEFT] n=1000 hz=239.6 F=[+0.00,+0.00,+2.30]N disp=[+0.3,-0.1,+1.7]cm v=[-0.04,-0.01,+0.01]
[GRASP-EXEC] gripper close result: pos=90% status=3 ok=True
[INFO] [1783487845.923337362] [XARM_manager]: [COMPLIANT-LEFT] admittance loop stopped.
[GRASP-EXEC] ARM: rotate wrist away from table -20deg about waist Y before lift
[GRASP-EXEC] QP-Stream left -> table-clear (pure-pursuit): pos=0.0cm rot=20.0deg, lookahead=13cm @ 50Hz, pos_tol=2.0cm accept=2.5cm keep_ori=False
[GRASP-EXEC] ARM: lift after grasp
[GRASP-EXEC] QP-Stream left -> lift (pure-pursuit): pos=10.6cm rot=0.0deg, lookahead=13cm @ 50Hz, pos_tol=2.0cm accept=2.5cm keep_ori=True
[JOINT-LIMIT] left closest-to-limit: wrist_roll=-1.4434 [-1.65,1.3] dist=0.2066rad
[JOINT-LIMIT] left lift per-joint: shoulder_pitch=-0.548[-2.96,+2.96](2.412) shoulder_roll=+0.729[-0.26,+2.62](0.991) shoulder_yaw=-0.526[-2.96,+2.96](2.434) elbow_pitch=-2.268[-2.61,+0.26](0.342) elbow_yaw=-0.879[-2.96,+2.96](2.081) wrist_pitch=+0.804[-0.79,+1.05](0.246) wrist_roll=-1.443[-1.65,+1.30](0.207)
[INFO] [1783487846.955021814] [XARM_manager]: Deactivated controllers: ['endpose_single_arm_qp_L_controller']
[GRASP-EXEC] ELBOW-LOW: returning HOME directly (no pre-home waypoint)
[GRASP-EXEC] RETURN HOME: left -> joints=['0.844', '0.026', '-0.006', '-2.216', '-1.529', '0.250', '0.683']
[INFO] [1783487846.974102123] [XARM_manager]: Activated controllers: ['jointspace_arm_L_controller']
[INFO] [1783487846.974875463] [XARM_manager]: Sending goal to action server /jointspace_arm_L_controller/jointspace (attempt 1/3):
eai_manipulator_msgs.action.JointSpace_Goal(target_positions=[0.844, 0.026, -0.006, -2.216, -1.529, 0.25, 0.683])
[INFO] [1783487846.976401066] [XARM_manager]: Goal accepted. Waiting for result...
[INFO] [1783487849.339626426] [XARM_manager]: Action result received from /jointspace_arm_L_controller/jointspace
[INFO] [1783487849.339871041] [XARM_manager]: Action result: eai_manipulator_msgs.action.JointSpace_Result(success=True, result_msg='action finished')
[GRASP-EXEC] return home result: eai_manipulator_msgs.action.JointSpace_Result(success=True, result_msg='action finished')
{
  "arm": "left",
  "pipeline_version": "accelerated",
  "motion_strategy": "qp_all",
  "dry_run": false,
  "motion": {
    "detected_pose7": [
      0.2484768515265474,
      0.23364066799803831,
      -0.1424619199547808,
      0.6948470168470865,
      0.5069016835599545,
      -0.3429015644674713,
      -0.37769938240424605
    ],
    "approach_pose7": [
      0.2323586383535159,
      0.22472282509532765,
      0.2447425084944747,
      -0.24278389094533584,
      0.3334619997785041,
      0.6671370541683606,
      -0.6203122020053502
    ],
    "grasp_pose7": [
      0.32087560087491956,
      0.22472282509532765,
      0.16557633001419528,
      -0.24278389094533584,
      0.3334619997785041,
      0.6671370541683606,
      -0.6203122020053502
    ],
    "lift_pose7": [
      0.32087560087491956,
      0.22472282509532765,
      0.28557633001419525,
      -0.32778570047159117,
      0.4115761758592264,
      0.6297399473698195,
      -0.5714798200445057
    ],
    "pre_home_pose7": [
      0.14087560087491957,
      0.12472282509532764,
      0.33557633001419523,
      -0.32778570047159117,
      0.4115761758592264,
      0.6297399473698195,
      -0.5714798200445057
    ],
    "grasp_xyz_offset_m": [
      0.04,
      0.0,
      0.005
    ],
    "grasp_quat": [
      -0.24278389094533584,
      0.3334619997785041,
      0.6671370541683606,
      -0.6203122020053502
    ],
    "use_fixed_grasp_quat": true,
    "phase_backends": {
      "approach": "qp_stream",
      "grasp": "qp_stream",
      "lift": "qp_stream"
    },
    "joint_limits_used": {
      "shoulder_pitch": [
        -2.96,
        2.96
      ],
      "shoulder_roll": [
        -0.262,
        2.616
      ],
      "shoulder_yaw": [
        -2.96,
        2.96
      ],
      "elbow_pitch": [
        -2.61,
        0.261
      ],
      "elbow_yaw": [
        -2.96,
        2.96
      ],
      "wrist_pitch": [
        -0.785,
        1.05
      ],
      "wrist_roll": [
        -1.65,
        1.3
      ]
    },
    "approach_tcp_tracking": {
      "commanded_xyz": [
        0.2323586383535159,
        0.22472282509532765,
        0.2447425084944747
      ],
      "achieved_xyz": [
        0.244467495982884,
        0.23530692144297866,
        0.2334648537300923
      ],
      "error_mm": [
        12.108857629368114,
        10.584096347651005,
        -11.277654764382417
      ],
      "error_norm_mm": 19.642632857365715,
      "achieved_quat": [
        0.24341206144264085,
        -0.3028078916972799,
        -0.6880938569648546,
        0.6128497312370487
      ],
      "approach_axis_tilt_deg": 44.276037022452826,
      "commanded_approach_axis_tilt_deg": 41.27838115646372,
      "orientation_error_deg": 4.3410643573858145
    },
    "approach_joint_limits": {
      "closest": {
        "joint": "elbow_pitch",
        "value": -2.5572,
        "lower": -2.61,
        "upper": 0.261,
        "dist_to_limit": 0.0528,
        "nearest_side": "lower"
      },
      "breached": [],
      "margin_rad": 0.05
    },
    "compliant_insert": {
      "ok": true,
      "contact": true,
      "reason": "contact",
      "resist_n": 1.6321868026069288,
      "traveled_m": 0.04601697731430577,
      "planned_depth_m": 0.0380132118079108,
      "ft_topic": "/arm_6dof_left",
      "calib_path": "/home/ubuntu/niu/compliant_grasp_execute/ft_calibration/ft_calibration_left.json",
      "calib_present": true,
      "commanded_m": 0.0580132118079108,
      "throttle_events": 0,
      "contact_kind": "force"
    },
    "grasp_tcp_tracking": {
      "commanded_xyz": [
        0.32087560087491956,
        0.22472282509532765,
        0.16557633001419528
      ],
      "achieved_xyz": [
        0.3338264045569315,
        0.22313227020602816,
        0.17278274417952352
      ],
      "error_mm": [
        12.950803682011959,
        -1.5905548892994892,
        7.206414165328246
      ],
      "error_norm_mm": 14.905890982699844,
      "achieved_quat": [
        0.24213892394117326,
        -0.29283134939653394,
        -0.7077949477242372,
        0.5955206581633082
      ],
      "approach_axis_tilt_deg": 45.33565727538689,
      "commanded_approach_axis_tilt_deg": 41.27838115646372,
      "orientation_error_deg": 7.174778015071857
    },
    "grasp_joint_limits": {
      "closest": {
        "joint": "wrist_roll",
        "value": -1.2255,
        "lower": -1.65,
        "upper": 1.3,
        "dist_to_limit": 0.4245,
        "nearest_side": "lower"
      },
      "breached": [],
      "margin_rad": 0.05
    },
    "lift_joint_limits": {
      "closest": {
        "joint": "wrist_roll",
        "value": -1.4434,
        "lower": -1.65,
        "upper": 1.3,
        "dist_to_limit": 0.2066,
        "nearest_side": "lower"
      },
      "breached": [],
      "margin_rad": 0.05
    },
    "retract_ok": null,
    "return_home_ok": true,
    "released_on_finish_ok": null,
    "approach_ok": true,
    "grasp_ok": true,
    "lift_ok": true
  },
  "detection": {
    "class_name": "remote-control",
    "pose_head_roll_link": [
      0.7474356463349405,
      0.18719464143556636,
      -0.17163718568827682,
      -0.35532143785837955,
      0.03407565217435664,
      0.9341219535335662,
      0.001304474522605705
    ],
    "pose_tip_waist_yaw_link_rpy": {
      "x": 0.4770882011306978,
      "y": 0.18649168451395184,
      "z": -0.014908698950424126,
      "roll": 0.06375867836123938,
      "pitch": 0.030831989750309763,
      "yaw": -3.123348749409069
    },
    "pose_tip_used_for_tcp_conversion_rpy": {
      "x": 0.4770882011306978,
      "y": 0.18649168451395184,
      "z": -0.014908698950424126,
      "roll": -2.0733197610817253,
      "pitch": 0.0937526329713223,
      "yaw": 1.3160031453431689
    },
    "pose_tcp_waist_yaw_link_rpy": {
      "x": 0.2484768515265474,
      "y": 0.23364066799803831,
      "z": -0.1424619199547808,
      "roll": -2.0733197610817253,
      "pitch": 0.0937526329713223,
      "yaw": 1.3160031453431689
    },
    "pose_tcp_waist_yaw_link_pose7": [
      0.2484768515265474,
      0.23364066799803831,
      -0.1424619199547808,
      0.6948470168470865,
      0.5069016835599545,
      -0.3429015644674713,
      -0.37769938240424605
    ],
    "current_tcp_pose7": [
      0.11558637229719491,
      -0.2578806344660216,
      0.14139033103047913,
      0.6948470168470865,
      0.5069016835599545,
      -0.3429015644674713,
      -0.37769938240424605
    ],
    "tcp_minus_tip_waist_m": [
      -0.2286113496041504,
      0.04714898348408647,
      -0.12755322100435668
    ],
    "tcp_to_tip_offset_m": [
      0.0,
      0.0,
      -0.266
    ],
    "orientation_policy": "current",
    "use_current_tcp_rotation": true,
    "rotation_source_arm": "right",
    "bbox_2d": [
      442.25244140625,
      323.4085388183594,
      504.1092529296875,
      512.4769897460938
    ],
    "bbox_3d": {
      "min": [
        0.685136980802637,
        0.16507819325527082,
        -0.23385908921637352
      ],
      "max": [
        0.8195465679215278,
        0.21546273041355313,
        -0.1090831331789017
      ],
      "center": [
        0.7523417743620824,
        0.19027046183441199,
        -0.1714711111976376
      ],
      "size": [
        0.13440958711889084,
        0.05038453715828231,
        0.12477595603747182
      ]
    },
    "object_long_axis_waist": [
      -0.9993583955433736,
      -0.018234221881765305,
      -0.0308271051080086
    ],
    "object_long_axis_yaw_waist_deg": 1.0452987113965548,
    "object_angle_from_waist_x_deg": 1.045298711396575
  },
  "gripper": {
    "open_ok": true,
    "close_ok": true,
    "final_pos_pct": 90.0,
    "backend": "modbus_rtu"
  },
  "ok": true
}
[GRASP-EXEC] saved result json: /tmp/grasp_exec.json
[GRASP-EXEC] saved handoff: /tmp/grasp_handoff.json (arm=left holding=True)
