[日志] 日志文件: logs/grasp/grasp_260706_162340.log
[日志] 执行命令: python3 -m compliant_grasp_execute.main
[INFO] [1783326220.605509724] [XARM_manager]: waiting for service /controller_manager/get_parameters to become available...
[INFO] [1783326220.864960246] [XARM_manager]: XARM_manager initialized, robot_type: tianyi2, run_type: real
[INFO] [1783326220.874688189] [XARM_manager]: 已订阅关节状态话题: /joint_states
[INFO] [1783326220.883108349] [XARM_manager]: 已订阅警告和错误信息话题: /manipulator/warn_and_error_info
[INFO] [1783326220.898983555] [XARM_manager]: /joint_action_report 服务已启动
[CONFIG] loaded 198 params from /home/ubuntu/niu/compliant_grasp_execute/config.yaml
[GRASP-EXEC] STARTUP: enabling arms and moving BOTH to home posture
[INFO] [1783326226.548981045] [XARM_manager]: Deactivated controllers: ['jointspace_arm_R_controller']
[GRASP-EXEC] STARTUP: left -> home joints=['0.000', '1.180', '0.000', '-1.300', '1.400', '-0.130', '0.180']
[INFO] [1783326226.568260033] [XARM_manager]: Activated controllers: ['jointspace_arm_L_controller']
[INFO] [1783326226.583429405] [XARM_manager]: Sending goal to action server /jointspace_arm_L_controller/jointspace (attempt 1/3):
eai_manipulator_msgs.action.JointSpace_Goal(target_positions=[0.0, 1.18, 0.0, -1.3, 1.4, -0.13, 0.18])
[INFO] [1783326226.585785108] [XARM_manager]: Goal accepted. Waiting for result...
[INFO] [1783326226.713387500] [XARM_manager]: Action result received from /jointspace_arm_L_controller/jointspace
[INFO] [1783326226.713706625] [XARM_manager]: Action result: eai_manipulator_msgs.action.JointSpace_Result(success=True, result_msg='action finished')
[GRASP-EXEC] STARTUP: right -> home joints=['0.000', '-1.180', '0.000', '-1.300', '-1.400', '-0.130', '0.180']
[INFO] [1783326226.723052163] [XARM_manager]: Activated controllers: ['jointspace_arm_R_controller']
[INFO] [1783326226.738820150] [XARM_manager]: Sending goal to action server /jointspace_arm_R_controller/jointspace (attempt 1/3):
eai_manipulator_msgs.action.JointSpace_Goal(target_positions=[0.0, -1.18, 0.0, -1.3, -1.4, -0.13, 0.18])
[INFO] [1783326226.743739296] [XARM_manager]: Goal accepted. Waiting for result...
[INFO] [1783326226.885271888] [XARM_manager]: Action result received from /jointspace_arm_R_controller/jointspace
[INFO] [1783326226.885556959] [XARM_manager]: Action result: eai_manipulator_msgs.action.JointSpace_Result(success=True, result_msg='action finished')
[GRASP-EXEC] STARTUP: activating both grippers (open/close cycle)
[robotiq_api] gripper already activated (gSTA==3); skip resetActivate()
[GRASP-EXEC] STARTUP: gripper 'left' activated
[robotiq_api] gripper already activated (gSTA==3); skip resetActivate()
[GRASP-EXEC] STARTUP: gripper 'right' activated
perception health check pass
[object_pose] RGB (720, 1280, 3), depth (720, 1280), valid-depth pixels: 906125/921600 (median valid depth 1.209 m)
[GRASP-EXEC] ARM-SELECT: object waist Y=-0.206m (y < boundary 0.000) -> 'right' arm
[GRASP-EXEC] diagonal schedule: angle-from-X=55.811694200207214deg -> tilt_scale=0.55, yaw_clamp=42.2deg (freed wrist_pitch, raised jaw alignment)
[GRASP-EXEC] reach tilt reduction: object |Y|=0.206m -> tilt_scale=0.84 (backed the side-tilt off so the elbow can extend to a far-outboard object instead of folding into its stop)
[GRASP-EXEC] applied grasp tilt +20.8deg about waist Y (tilt scale 1.00 x diag 0.55 x reach 0.84) -> quat=['0.3662', '0.4489', '-0.6132', '-0.5370']
[GRASP-EXEC] continuous orientation: object long-axis yaw +55.8deg (angle-from-X 55.8deg); applied continuous yaw +42.2deg about waist Z (gain=1.00, clamp +/-42deg) -> quat=['0.1800', '0.5506', '-0.7654', '-0.2802']
[GRASP-EXEC] recomputed TCP along final quat: detected_tcp_xyz=['0.2354', '-0.1803', '-0.0485'] -> consistent_tcp_xyz=['0.3442', '-0.4032', '0.0577']
[GRASP-EXEC] approach lateral clamp: approach Y -0.4923 -> -0.4032 (= grasp Y); tool_z outboard component would have pushed the standoff further from center than the grasp, which folds the elbow into its stop at far-outboard reaches.
[GRASP-EXEC] approach along grasp axis: dist=0.120m tool_z=[-0.584,-0.742,0.329] approach_xyz=['0.2940', '-0.4032', '0.1021']
[GRASP-EXEC] applied lift tilt -15.0deg about waist Y -> lift quat=['0.2784', '0.5825', '-0.7354', '-0.2060']
[GRASP-EXEC] detected class=remote-control detected_pose7=['0.2354', '-0.1803', '-0.0485', '0.0054', '-0.7315', '-0.0708', '0.6781'] -> motion grasp_pose7=['0.3642', '-0.4032', '0.0627', '0.1800', '0.5506', '-0.7654', '-0.2802']
[INFO] [1783326231.063420279] [XARM_manager]: Deactivated controllers: ['jointspace_arm_L_controller', 'jointspace_arm_R_controller']
[GRASP-EXEC] arms enabled (mode 3) [took 0.02s]
[JOINT-LIMIT] right: using live controller limits from endpose_single_arm_qp_R_controller
[GRASP-EXEC] joint-limit guard ON (margin 0.050 rad) arm=right
[GRASP-EXEC] gripper: connecting in background (overlaps arm enable + approach to hide the slow serial open; --no-gripper-async-connect for the old blocking behaviour)
[GRASP-EXEC] gripper: arm='right' -> stable by-id port /dev/serial/by-id/usb-FTDI_FT231X_USB_UART_D30JLK40-if00-port0
[GRASP-EXEC] ARM: approach via qp_stream
[GRASP-EXEC] ELBOW-HIGH (proactive): object long axis ~parallel to body (angle-from-X=55.811694200207214 >= 45.0deg); the elbow-high seed's fore-aft jaws match a parallel object's short axis; reconfiguring to elbow-high seed before approach.
[GRASP-EXEC] elbow-high seed ready/right: clamped 1 joint(s) inward (margin 0.05rad): shoulder_yaw +2.964->+2.910 [-2.960,2.960]
[GRASP-EXEC] ELBOW-HIGH: reconfiguring right arm into elbow-high seed (jointspace, via transition waypoint). NOTE: jointspace moves run at the controller's own speed; watch the first reconfiguration for table/body clearance.
[GRASP-EXEC] ELBOW-HIGH: right -> transition joints=['-1.452', '-0.585', '1.455', '-1.870', '-0.746', '-0.142', '0.087']
[INFO] [1783326231.105772124] [XARM_manager]: Activated controllers: ['jointspace_arm_R_controller']
[INFO] [1783326231.106939894] [XARM_manager]: Sending goal to action server /jointspace_arm_R_controller/jointspace (attempt 1/3):
eai_manipulator_msgs.action.JointSpace_Goal(target_positions=[-1.4525, -0.5845, 1.455, -1.87, -0.7456999999999999, -0.14179999999999998, 0.08685])
[INFO] [1783326231.108890490] [XARM_manager]: Goal accepted. Waiting for result...
[robotiq_api] gripper already activated (gSTA==3); skip resetActivate()
[GRASP-EXEC] gripper: cached serial port /dev/serial/by-id/usb-FTDI_FT231X_USB_UART_D30JLK40-if00-port0 -> /tmp/robotiq_gripper_port.txt
[GRASP-EXEC] gripper controller ready: backend=modbus_rtu port=auto slave=9 (wait_timeout=8.0s) [connect took 0.04s]
[INFO] [1783326232.966224921] [XARM_manager]: Action result received from /jointspace_arm_R_controller/jointspace
[INFO] [1783326232.966597160] [XARM_manager]: Action result: eai_manipulator_msgs.action.JointSpace_Result(success=True, result_msg='action finished')
[GRASP-EXEC] ELBOW-HIGH: transition move result: eai_manipulator_msgs.action.JointSpace_Result(success=True, result_msg='action finished')
[GRASP-EXEC] ELBOW-HIGH: right -> ready joints=['-2.905', '0.011', '2.910', '-2.440', '-0.091', '-0.154', '-0.006']
[INFO] [1783326232.970712227] [XARM_manager]: Sending goal to action server /jointspace_arm_R_controller/jointspace (attempt 1/3):
eai_manipulator_msgs.action.JointSpace_Goal(target_positions=[-2.905, 0.011, 2.91, -2.44, -0.0914, -0.1536, -0.0063])
[INFO] [1783326232.974719496] [XARM_manager]: Goal accepted. Waiting for result...
[INFO] [1783326234.829773180] [XARM_manager]: Action result received from /jointspace_arm_R_controller/jointspace
[INFO] [1783326234.830214068] [XARM_manager]: Action result: eai_manipulator_msgs.action.JointSpace_Result(success=True, result_msg='action finished')
[GRASP-EXEC] ELBOW-HIGH: ready move result: eai_manipulator_msgs.action.JointSpace_Result(success=True, result_msg='action finished')
[JOINT-LIMIT] right closest-to-limit: shoulder_pitch=-2.7903 [-2.96,2.96] dist=0.1697rad
[GRASP-EXEC] continuous orientation: object long-axis yaw +55.8deg (angle-from-X 55.8deg); applied continuous yaw -44.3deg about waist Z (gain=1.00, clamp +/-90deg) [top-down jaw-align: base jaw heading -169.9deg -> short-axis +145.8deg] -> quat=['-0.3073', '-0.1702', '0.9121', '0.2114']
[GRASP-EXEC] recomputed TCP along final quat: detected_tcp_xyz=['0.2354', '-0.1803', '-0.0485'] -> consistent_tcp_xyz=['0.3313', '-0.2539', '0.1705']
[GRASP-EXEC] approach lateral clamp: approach Y -0.2755 -> -0.2539 (= grasp Y); tool_z outboard component would have pushed the standoff further from center than the grasp, which folds the elbow into its stop at far-outboard reaches.
[GRASP-EXEC] approach along grasp axis: dist=0.120m tool_z=[-0.633,-0.181,0.753] approach_xyz=['0.2754', '-0.2539', '0.2659']
[GRASP-EXEC] applied lift tilt -15.0deg about waist Y -> lift quat=['-0.4237', '-0.1964', '0.8642', '0.1874']
[GRASP-EXEC] ELBOW-HIGH: using SEED grasp orientation (proactive); rebuilt grasp/approach/lift poses. The seed-anchored mode keeps the orientation the arm is already in, so the approach only translates and the wrist stays in range.
[GRASP-EXEC] ELBOW-HIGH QP joint window set on endpose_single_arm_qp_R_controller (flex 0.40rad, drop 0.15rad): shoulder_pitch[-2.96,-2.64], shoulder_roll[-0.54,0.01], shoulder_yaw[2.41,2.96], elbow_pitch[-2.61,-2.14], elbow_yaw[-0.55,-0.00]. Asymmetric: tight on the drop side so the elbow is actually held high; loose on the flex side so the arm can still reach.
[GRASP-EXEC] ELBOW-HIGH: wrist guard margin relaxed to 0.010rad (from 0.050) so the nose-down grasp can reach wrist_pitch~-0.71 (still inside the -0.785 stop). Other joints keep the full margin.
[INFO] [1783326234.851830389] [XARM_manager]: Deactivated controllers: ['jointspace_arm_R_controller']
[INFO] [1783326234.861956258] [XARM_manager]: Activated controllers: ['endpose_single_arm_qp_R_controller']
[GRASP-EXEC] QP-Stream right -> approach (pure-pursuit): pos=21.8cm rot=45.3deg, lookahead=13cm @ 50Hz, pos_tol=2.0cm accept=2.5cm keep_ori=False
[GRASP-EXEC] approach TCP tracking: commanded=[0.2754,-0.2539,0.2659] achieved=[0.2666,-0.2517,0.2484] err=[-8.8,+2.1,-17.5]mm |err|=19.7mm approach-axis tilt: achieved=+54.6deg commanded=+48.9deg (0=level) ori-err=7.6deg
[GRASP-EXEC] approach orientation miss 7.6deg -> ~35mm fingertip offset > tol 30mm: TCP reached position but the wrist could not hold the commanded tilt, so the fingers would miss the object. Treating approach as failed to trigger the reduced-tilt retry (prevents grasping air).
[GRASP-EXEC] approach failed to reach target; retrying with reduced long-axis alignment (yaw scale 0.50)
[GRASP-EXEC] continuous orientation: object long-axis yaw +55.8deg (angle-from-X 55.8deg); applied continuous yaw -22.1deg about waist Z (gain=1.00, clamp +/-90deg x scale 0.50) [top-down jaw-align: base jaw heading -169.9deg -> short-axis +145.8deg] -> quat=['-0.2689', '-0.2260', '0.9357', '0.0325']
[GRASP-EXEC] recomputed TCP along final quat: detected_tcp_xyz=['0.2354', '-0.1803', '-0.0485'] -> consistent_tcp_xyz=['0.3618', '-0.3137', '0.1705']
[GRASP-EXEC] ELBOW-HIGH seed retry: yaw scale 0.50
[GRASP-EXEC] approach lateral clamp: approach Y -0.3624 -> -0.3137 (= grasp Y); tool_z outboard component would have pushed the standoff further from center than the grasp, which folds the elbow into its stop at far-outboard reaches.
[GRASP-EXEC] approach along grasp axis: dist=0.120m tool_z=[-0.518,-0.406,0.753] approach_xyz=['0.3196', '-0.3137', '0.2659']
[GRASP-EXEC] applied lift tilt -15.0deg about waist Y -> lift quat=['-0.3888', '-0.2283', '0.8926', '0.0027']
[GRASP-EXEC] QP-Stream right -> approach (pure-pursuit): pos=8.3cm rot=20.4deg, lookahead=13cm @ 50Hz, pos_tol=2.0cm accept=2.5cm keep_ori=False
[GRASP-EXEC] approach TCP tracking: commanded=[0.3196,-0.3137,0.2659] achieved=[0.3133,-0.2964,0.2624] err=[-6.3,+17.3,-3.5]mm |err|=18.8mm approach-axis tilt: achieved=+48.8deg commanded=+48.9deg (0=level) ori-err=3.6deg
[JOINT-LIMIT] right closest-to-limit: wrist_pitch=-0.6198 [-0.785,1.05] dist=0.1652rad
[JOINT-LIMIT] right approach per-joint: shoulder_pitch=-0.557[-2.96,+2.96](2.403) shoulder_roll=-1.240[-2.62,+0.26](1.377) shoulder_yaw=+0.637[-2.96,+2.96](2.323) elbow_pitch=-2.111[-2.61,+0.26](0.499) elbow_yaw=+0.789[-2.96,+2.96](2.171) wrist_pitch=-0.620[-0.79,+1.05](0.165) wrist_roll=+0.697[-1.30,+1.65](0.953)
[GRASP-EXEC] GRIPPER: open (after approach, before grasp insert)
[GRASP-EXEC] gripper open: start=90% -> target=0%
[GRASP-EXEC] gripper open result: pos=1% status=3 ok=True
[GRASP-EXEC] ARM: HYBRID pre-descent (position QP-stream) -> 8.2cm, leaving final 3.0cm for F/T compliant descend-to-contact
[GRASP-EXEC] QP-Stream right -> pre-grasp (pure-pursuit): pos=7.5cm rot=0.0deg, lookahead=8cm @ 50Hz, pos_tol=1.0cm accept=2.5cm keep_ori=True
[GRASP-EXEC] ARM: COMPLIANT insert to grasp pose (F/T admittance descend-to-contact)
[INFO] [1783326242.676118947] [XARM_manager]: [COMPLIANT-RIGHT] Loaded F/T calibration from /home/ubuntu/niu/compliant_grasp_execute/ft_calibration/ft_calibration_right.json
[INFO] [1783326242.697112585] [XARM_manager]: [COMPLIANT-RIGHT] target set: p=[0.3615583432907329, -0.3098442689927249, 0.20643246438750068] q=[-0.25013345876373166, -0.2152577368499636, 0.9438785542296301, 0.013807041627646791]
[INFO] [1783326242.697807752] [XARM_manager]: [COMPLIANT-RIGHT] seeded QP target at captured pose (z=+0.2064).
[INFO] [1783326242.699434856] [XARM_manager]: [COMPLIANT-RIGHT] admittance loop starting (calibrating force offset; keep hands off the arm briefly)...
[INFO] [1783326243.024149426] [XARM_manager]: [COMPLIANT-RIGHT] runtime offset calibrated. p_ref=[0.3615583432907329, -0.3098442689927249, 0.20643246438750068], ready.
[COMPLIANT-INSERT] runtime force-offset calibrated in 0.34s
[INFO] [1783326243.043505124] [XARM_manager]: [COMPLIANT-RIGHT] gains updated: B=[3.9597979746446663, 5.6, 3.9597979746446663] K=[20.0, 40.0, 20.0] B_rot=[0.5, 0.5, 0.5] K_rot=[0.0, 0.0, 0.0]
[COMPLIANT-INSERT] insertion dir=[+0.54,-0.10,-0.83] planned_depth=3.7cm soft_axes=xz K=[20.0, 40.0, 20.0] B=[3.96, 5.6, 3.96] contact_thresh=1.5N
[INFO] [1783326243.849678916] [XARM_manager]: [COMPLIANT-RIGHT] n=200 hz=242.6 F=[+0.00,+0.00,+0.00]N disp=[-2.0,+0.5,+3.5]cm v=[+0.10,-0.03,-0.17]
[COMPLIANT-INSERT] ABORT joint-limit guard - 'wrist_pitch'=-0.7752 within 0.010rad of limit; holding compliant pose
[COMPLIANT-INSERT] insert aborted by joint-limit guard after tcp_drop 1.6cm
[GRASP-EXEC] grasp TCP tracking: commanded=[0.3818,-0.3137,0.1755] achieved=[0.3728,-0.3108,0.1942] err=[-8.9,+2.9,+18.7]mm |err|=20.9mm approach-axis tilt: achieved=+50.3deg commanded=+48.9deg (0=level) ori-err=3.6deg
[JOINT-LIMIT] right closest-to-limit: wrist_pitch=-0.7752 [-0.785,1.05] dist=0.0098rad  BREACHED(<= 0.05): wrist_pitch
[JOINT-LIMIT] right grasp per-joint: shoulder_pitch=-0.570[-2.96,+2.96](2.390) shoulder_roll=-1.001[-2.62,+0.26](1.263) shoulder_yaw=+0.677[-2.96,+2.96](2.283) elbow_pitch=-1.771[-2.61,+0.26](0.839) elbow_yaw=+1.101[-2.96,+2.96](1.859) wrist_pitch=-0.775[-0.79,+1.05](0.010) wrist_roll=+0.549[-1.30,+1.65](1.101)
[INFO] [1783326243.966787051] [XARM_manager]: [COMPLIANT-RIGHT] admittance loop stopped.
[JOINT-LIMIT] right closest-to-limit: wrist_pitch=-0.7752 [-0.785,1.05] dist=0.0098rad  BREACHED(<= 0.05): wrist_pitch
[JOINT-LIMIT] right lift per-joint: shoulder_pitch=-0.570[-2.96,+2.96](2.390) shoulder_roll=-1.001[-2.62,+0.26](1.263) shoulder_yaw=+0.677[-2.96,+2.96](2.283) elbow_pitch=-1.771[-2.61,+0.26](0.839) elbow_yaw=+1.101[-2.96,+2.96](1.859) wrist_pitch=-0.775[-0.79,+1.05](0.010) wrist_roll=+0.548[-1.30,+1.65](1.102)
[GRASP-EXEC] ELBOW-HIGH QP joint limits restored on endpose_single_arm_qp_R_controller (back to hard limits).
[GRASP-EXEC] ELBOW-HIGH: wrist guard margin restored to full.
[INFO] [1783326243.988201658] [XARM_manager]: Deactivated controllers: ['endpose_single_arm_qp_R_controller']
[GRASP-EXEC] elbow-high seed ready/right: clamped 1 joint(s) inward (margin 0.05rad): shoulder_yaw +2.964->+2.910 [-2.960,2.960]
[GRASP-EXEC] ELBOW-HIGH: returning via transition waypoint before home (bridges elbow-high -> elbow-low without a large sweep).
[GRASP-EXEC] ELBOW-HIGH: right -> transition(return) joints=['-1.452', '-0.585', '1.455', '-1.870', '-0.746', '-0.142', '0.087']
[INFO] [1783326244.007006756] [XARM_manager]: Activated controllers: ['jointspace_arm_R_controller']
[INFO] [1783326244.008097802] [XARM_manager]: Sending goal to action server /jointspace_arm_R_controller/jointspace (attempt 1/3):
eai_manipulator_msgs.action.JointSpace_Goal(target_positions=[-1.4525, -0.5845, 1.455, -1.87, -0.7456999999999999, -0.14179999999999998, 0.08685])
[INFO] [1783326244.012491742] [XARM_manager]: Goal accepted. Waiting for result...
[INFO] [1783326246.163146671] [XARM_manager]: Action result received from /jointspace_arm_R_controller/jointspace
[INFO] [1783326246.163653596] [XARM_manager]: Action result: eai_manipulator_msgs.action.JointSpace_Result(success=True, result_msg='action finished')
[GRASP-EXEC] ELBOW-HIGH: transition(return) move result: eai_manipulator_msgs.action.JointSpace_Result(success=True, result_msg='action finished')
[GRASP-EXEC] RETURN HOME: right -> joints=['0.000', '-1.180', '0.000', '-1.300', '-1.400', '-0.130', '0.180']
[INFO] [1783326246.167914234] [XARM_manager]: Sending goal to action server /jointspace_arm_R_controller/jointspace (attempt 1/3):
eai_manipulator_msgs.action.JointSpace_Goal(target_positions=[0.0, -1.18, 0.0, -1.3, -1.4, -0.13, 0.18])
[INFO] [1783326246.170694950] [XARM_manager]: Goal accepted. Waiting for result...
[INFO] [1783326248.027297515] [XARM_manager]: Action result received from /jointspace_arm_R_controller/jointspace
[INFO] [1783326248.027774739] [XARM_manager]: Action result: eai_manipulator_msgs.action.JointSpace_Result(success=True, result_msg='action finished')
[GRASP-EXEC] return home result: eai_manipulator_msgs.action.JointSpace_Result(success=True, result_msg='action finished')
{
  "arm": "right",
  "pipeline_version": "accelerated",
  "motion_strategy": "qp_all",
  "dry_run": false,
  "motion": {
    "detected_pose7": [
      0.2354388987644465,
      -0.18026683604617977,
      -0.04849115906099119,
      0.0054406889860303025,
      -0.731503574423276,
      -0.07076220025057631,
      0.6781339325863478
    ],
    "approach_pose7": [
      0.3196170991667051,
      -0.3137171508216773,
      0.26591845427791155,
      -0.26893348828898705,
      -0.22603510541392166,
      0.9356974970117024,
      0.032451565189832506
    ],
    "grasp_pose7": [
      0.3817712395218639,
      -0.3137171508216773,
      0.17553855587857525,
      -0.26893348828898705,
      -0.22603510541392166,
      0.9356974970117024,
      0.032451565189832506
    ],
    "lift_pose7": [
      0.3817712395218639,
      -0.3137171508216773,
      0.29553855587857525,
      -0.38876575637022065,
      -0.2283371229885298,
      0.8925896110257713,
      0.0026704359332594997
    ],
    "pre_home_pose7": [
      0.20177123952186393,
      -0.41371715082167726,
      0.34553855587857524,
      -0.38876575637022065,
      -0.2283371229885298,
      0.8925896110257713,
      0.0026704359332594997
    ],
    "grasp_xyz_offset_m": [
      0.02,
      0.0,
      0.005
    ],
    "grasp_quat": [
      -0.26893348828898705,
      -0.22603510541392166,
      0.9356974970117024,
      0.032451565189832506
    ],
    "use_fixed_grasp_quat": true,
    "phase_backends": {
      "approach": "qp_stream",
      "grasp": "qp_stream",
      "lift": "qp_stream"
    },
    "joint_limits_used": {
      "shoulder_pitch": [
        -2.96,
        2.96
      ],
      "shoulder_roll": [
        -2.616,
        0.262
      ],
      "shoulder_yaw": [
        -2.96,
        2.96
      ],
      "elbow_pitch": [
        -2.61,
        0.261
      ],
      "elbow_yaw": [
        -2.96,
        2.96
      ],
      "wrist_pitch": [
        -0.785,
        1.05
      ],
      "wrist_roll": [
        -1.3,
        1.65
      ]
    },
    "elbow_high_proactive_used": true,
    "elbow_high_orientation": "seed",
    "grasp_reach_retry_used": true,
    "grasp_reach_retry_yaw_scale": 0.5,
    "approach_tcp_tracking": {
      "commanded_xyz": [
        0.3196170991667051,
        -0.3137171508216773,
        0.26591845427791155
      ],
      "achieved_xyz": [
        0.3132683075388575,
        -0.2964163931345801,
        0.2624080473082376
      ],
      "error_mm": [
        -6.3487916278476275,
        17.300757687097157,
        -3.5104069696739737
      ],
      "error_norm_mm": 18.760232641793518,
      "achieved_quat": [
        -0.2563232111156909,
        -0.24096862030752653,
        0.9360374811551186,
        0.008146738194450163
      ],
      "approach_axis_tilt_deg": 48.80436351068879,
      "commanded_approach_axis_tilt_deg": 48.86536023214061,
      "orientation_error_deg": 3.574353099819773
    },
    "approach_joint_limits": {
      "closest": {
        "joint": "wrist_pitch",
        "value": -0.6198,
        "lower": -0.785,
        "upper": 1.05,
        "dist_to_limit": 0.1652,
        "nearest_side": "lower"
      },
      "breached": [],
      "margin_rad": 0.05
    },
    "compliant_insert": {
      "ok": false,
      "contact": false,
      "reason": "joint_limit_abort",
      "resist_n": -0.21002694934235128,
      "traveled_m": 0.016390152349931086,
      "planned_depth_m": 0.03712134117551999,
      "ft_topic": "/arm_6dof_right",
      "calib_path": "/home/ubuntu/niu/compliant_grasp_execute/ft_calibration/ft_calibration_right.json",
      "calib_present": true,
      "commanded_m": 0.056890152349931083,
      "throttle_events": 0
    },
    "grasp_tcp_tracking": {
      "commanded_xyz": [
        0.3817712395218639,
        -0.3137171508216773,
        0.17553855587857525
      ],
      "achieved_xyz": [
        0.3728229676382968,
        -0.31077613035801577,
        0.19422537297260672
      ],
      "error_mm": [
        -8.948271883567116,
        2.9410204636615145,
        18.686817094031472
      ],
      "error_norm_mm": 20.926497656695933,
      "achieved_quat": [
        -0.2568418016457501,
        -0.22184056253183507,
        0.9406368398546345,
        0.004624851479868258
      ],
      "approach_axis_tilt_deg": 50.32140233654503,
      "commanded_approach_axis_tilt_deg": 48.86536023214061,
      "orientation_error_deg": 3.555300569426961
    },
    "grasp_joint_limits": {
      "closest": {
        "joint": "wrist_pitch",
        "value": -0.7752,
        "lower": -0.785,
        "upper": 1.05,
        "dist_to_limit": 0.0098,
        "nearest_side": "lower"
      },
      "breached": [
        {
          "joint": "wrist_pitch",
          "value": -0.7752,
          "lower": -0.785,
          "upper": 1.05,
          "dist_to_limit": 0.0098,
          "nearest_side": "lower"
        }
      ],
      "margin_rad": 0.05
    },
    "lift_joint_limits": {
      "closest": {
        "joint": "wrist_pitch",
        "value": -0.7752,
        "lower": -0.785,
        "upper": 1.05,
        "dist_to_limit": 0.0098,
        "nearest_side": "lower"
      },
      "breached": [
        {
          "joint": "wrist_pitch",
          "value": -0.7752,
          "lower": -0.785,
          "upper": 1.05,
          "dist_to_limit": 0.0098,
          "nearest_side": "lower"
        }
      ],
      "margin_rad": 0.05
    },
    "retract_ok": null,
    "return_home_ok": true,
    "released_on_finish_ok": null,
    "approach_ok": true,
    "grasp_ok": false,
    "lift_ok": true
  },
  "detection": {
    "class_name": "remote-control",
    "pose_head_roll_link": [
      0.7766847180294469,
      -0.20068321350970938,
      -0.16411665723603197,
      -0.3158025175726884,
      0.17684055390845882,
      0.8217515588903725,
      -0.4401369830511224
    ],
    "pose_tip_waist_yaw_link_rpy": {
      "x": 0.49954625064246594,
      "y": -0.20584182451699481,
      "z": -0.029803552239953568,
      "roll": 0.04123099128228943,
      "pitch": 0.015794389209832227,
      "yaw": -2.167494828679954
    },
    "pose_tip_used_for_tcp_conversion_rpy": {
      "x": 0.49954625064246594,
      "y": -0.20584182451699481,
      "z": -0.029803552239953568,
      "roll": 2.1354594011743306,
      "pitch": -1.4391322595112699,
      "yaw": -2.2280716019803046
    },
    "pose_tcp_waist_yaw_link_rpy": {
      "x": 0.2354388987644465,
      "y": -0.18026683604617977,
      "z": -0.04849115906099119,
      "roll": 2.1354594011743306,
      "pitch": -1.4391322595112699,
      "yaw": -2.2280716019803046
    },
    "pose_tcp_waist_yaw_link_pose7": [
      0.2354388987644465,
      -0.18026683604617977,
      -0.04849115906099119,
      0.0054406889860303025,
      -0.731503574423276,
      -0.07076220025057631,
      0.6781339325863478
    ],
    "current_tcp_pose7": [
      0.35168522130831115,
      -0.5953675792183505,
      0.27503652436344267,
      0.0054406889860303025,
      -0.731503574423276,
      -0.07076220025057631,
      0.6781339325863478
    ],
    "tcp_minus_tip_waist_m": [
      -0.2641073518780194,
      0.025574988470815047,
      -0.018687606821037622
    ],
    "tcp_to_tip_offset_m": [
      0.0,
      0.0,
      -0.266
    ],
    "orientation_policy": "current",
    "use_current_tcp_rotation": true,
    "rotation_source_arm": "right",
    "bbox_2d": [
      733.3341064453125,
      345.8548583984375,
      932.8222045898438,
      466.9466552734375
    ],
    "bbox_3d": {
      "min": [
        0.7334341162922804,
        -0.28299056875266326,
        -0.21090167627770248
      ],
      "max": [
        0.8285730116631941,
        -0.11529424256300008,
        -0.11978891474469477
      ],
      "center": [
        0.7810035639777373,
        -0.19914240565783167,
        -0.16534529551119864
      ],
      "size": [
        0.09513889537091369,
        0.16769632618966318,
        0.09111276153300771
      ]
    },
    "object_long_axis_waist": [
      -0.5618444701878824,
      -0.8270921045034707,
      -0.015793732532779804
    ],
    "object_long_axis_yaw_waist_deg": 55.811694200207214,
    "object_angle_from_waist_x_deg": 55.811694200207214
  },
  "gripper": {
    "open_ok": true,
    "close_ok": null,
    "final_pos_pct": null,
    "backend": "modbus_rtu"
  },
  "ok": false
}
[GRASP-EXEC] saved result json: /tmp/grasp_exec.json
[GRASP-EXEC] saved handoff: /tmp/grasp_handoff.json (arm=right holding=False)
