[日志] 日志文件: logs/grasp/grasp_260706_155611.log
[日志] 执行命令: python3 -m compliant_grasp_execute.main
[INFO] [1783324571.739005777] [XARM_manager]: waiting for service /controller_manager/get_parameters to become available...
[INFO] [1783324572.996555505] [XARM_manager]: XARM_manager initialized, robot_type: tianyi2, run_type: real
[INFO] [1783324573.003937663] [XARM_manager]: 已订阅关节状态话题: /joint_states
[INFO] [1783324573.009307017] [XARM_manager]: 已订阅警告和错误信息话题: /manipulator/warn_and_error_info
[INFO] [1783324573.016865128] [XARM_manager]: /joint_action_report 服务已启动
[CONFIG] loaded 198 params from /home/ubuntu/niu/compliant_grasp_execute/config.yaml
[GRASP-EXEC] STARTUP: enabling arms and moving BOTH to home posture
[INFO] [1783324579.741412589] [XARM_manager]: Deactivated controllers: ['jointspace_arm_L_controller']
[GRASP-EXEC] STARTUP: left -> home joints=['0.000', '1.180', '0.000', '-1.300', '1.400', '-0.130', '0.180']
[INFO] [1783324579.760222932] [XARM_manager]: Activated controllers: ['jointspace_arm_L_controller']
[INFO] [1783324579.777394742] [XARM_manager]: Sending goal to action server /jointspace_arm_L_controller/jointspace (attempt 1/3):
eai_manipulator_msgs.action.JointSpace_Goal(target_positions=[0.0, 1.18, 0.0, -1.3, 1.4, -0.13, 0.18])
[INFO] [1783324579.780769391] [XARM_manager]: Goal accepted. Waiting for result...
[INFO] [1783324579.910712686] [XARM_manager]: Action result received from /jointspace_arm_L_controller/jointspace
[INFO] [1783324579.911233609] [XARM_manager]: Action result: eai_manipulator_msgs.action.JointSpace_Result(success=True, result_msg='action finished')
[GRASP-EXEC] STARTUP: right -> home joints=['0.000', '-1.180', '0.000', '-1.300', '-1.400', '-0.130', '0.180']
[INFO] [1783324579.923332622] [XARM_manager]: Activated controllers: ['jointspace_arm_R_controller']
[INFO] [1783324579.935315930] [XARM_manager]: Sending goal to action server /jointspace_arm_R_controller/jointspace (attempt 1/3):
eai_manipulator_msgs.action.JointSpace_Goal(target_positions=[0.0, -1.18, 0.0, -1.3, -1.4, -0.13, 0.18])
[INFO] [1783324579.937471715] [XARM_manager]: Goal accepted. Waiting for result...
[INFO] [1783324580.076925115] [XARM_manager]: Action result received from /jointspace_arm_R_controller/jointspace
[INFO] [1783324580.077365994] [XARM_manager]: Action result: eai_manipulator_msgs.action.JointSpace_Result(success=True, result_msg='action finished')
[GRASP-EXEC] STARTUP: activating both grippers (open/close cycle)
[robotiq_api] gripper already activated (gSTA==3); skip resetActivate()
[GRASP-EXEC] STARTUP: gripper 'left' activated
[robotiq_api] gripper already activated (gSTA==3); skip resetActivate()
[GRASP-EXEC] STARTUP: gripper 'right' activated
perception health check pass
[object_pose] RGB (720, 1280, 3), depth (720, 1280), valid-depth pixels: 901223/921600 (median valid depth 1.183 m)
[GRASP-EXEC] ARM-SELECT: object waist Y=+0.104m (y >= boundary 0.000) -> 'left' arm
[GRASP-EXEC] diagonal schedule: angle-from-X=89.05763548225713deg -> tilt_scale=0.50, yaw_clamp=45.0deg (freed wrist_pitch, raised jaw alignment)
[GRASP-EXEC] applied grasp tilt +22.5deg about waist Y (tilt scale 1.00 x diag 0.50) -> quat=['-0.3570', '0.4408', '0.6186', '-0.5437']
[GRASP-EXEC] continuous orientation: object long-axis yaw -89.1deg (angle-from-X 89.1deg); applied continuous yaw -45.0deg about waist Z (gain=1.00, clamp +/-45deg) -> quat=['-0.1611', '0.5438', '0.7796', '-0.2656']
[GRASP-EXEC] recomputed TCP along final quat: detected_tcp_xyz=['0.3679', '0.1300', '-0.0356'] -> consistent_tcp_xyz=['0.4884', '0.3072', '0.0780']
[GRASP-EXEC] approach lateral clamp: approach Y +0.3987 -> +0.3072 (= grasp Y); tool_z outboard component would have pushed the standoff further from center than the grasp, which folds the elbow into its stop at far-outboard reaches.
[GRASP-EXEC] approach along grasp axis: dist=0.120m tool_z=[-0.540,0.762,0.357] approach_xyz=['0.4436', '0.3072', '0.1257']
[GRASP-EXEC] applied lift tilt -15.0deg about waist Y -> lift quat=['-0.2615', '0.5738', '0.7519', '-0.1923']
[GRASP-EXEC] detected class=remote-control detected_pose7=['0.3679', '0.1300', '-0.0356', '0.0054', '-0.7315', '-0.0708', '0.6781'] -> motion grasp_pose7=['0.5084', '0.3072', '0.0830', '-0.1611', '0.5438', '0.7796', '-0.2656']
[INFO] [1783324584.300022489] [XARM_manager]: Deactivated controllers: ['jointspace_arm_L_controller', 'jointspace_arm_R_controller']
[GRASP-EXEC] arms enabled (mode 3) [took 0.03s]
[JOINT-LIMIT] left: using live controller limits from endpose_single_arm_qp_L_controller
[GRASP-EXEC] joint-limit guard ON (margin 0.050 rad) arm=left
[GRASP-EXEC] gripper: arm='left' -> stable by-id port /dev/serial/by-id/usb-FTDI_FT231X_USB_UART_DU0E2IPR-if00-port0
[GRASP-EXEC] gripper: connecting in background (overlaps arm enable + approach to hide the slow serial open; --no-gripper-async-connect for the old blocking behaviour)
[GRASP-EXEC] ARM: approach via qp_stream
[GRASP-EXEC] ELBOW-HIGH (proactive): object long axis ~parallel to body (angle-from-X=89.05763548225713 >= 45.0deg); the elbow-high seed's fore-aft jaws match a parallel object's short axis; reconfiguring to elbow-high seed before approach.
[GRASP-EXEC] elbow-high seed ready/left: clamped 1 joint(s) inward (margin 0.05rad): shoulder_yaw -2.964->-2.910 [-2.960,2.960]
[GRASP-EXEC] ELBOW-HIGH: reconfiguring left arm into elbow-high seed (jointspace, via transition waypoint). NOTE: jointspace moves run at the controller's own speed; watch the first reconfiguration for table/body clearance.
[GRASP-EXEC] ELBOW-HIGH: left -> transition joints=['-1.452', '0.585', '-1.455', '-1.870', '0.746', '-0.142', '0.093']
[INFO] [1783324584.349372373] [XARM_manager]: Activated controllers: ['jointspace_arm_L_controller']
[INFO] [1783324584.350714786] [XARM_manager]: Sending goal to action server /jointspace_arm_L_controller/jointspace (attempt 1/3):
eai_manipulator_msgs.action.JointSpace_Goal(target_positions=[-1.4525, 0.5845, -1.455, -1.87, 0.7456999999999999, -0.14179999999999998, 0.09315])
[INFO] [1783324584.355525817] [XARM_manager]: Goal accepted. Waiting for result...
[robotiq_api] gripper already activated (gSTA==3); skip resetActivate()
[GRASP-EXEC] gripper: cached serial port /dev/serial/by-id/usb-FTDI_FT231X_USB_UART_DU0E2IPR-if00-port0 -> /tmp/robotiq_gripper_port.txt
[GRASP-EXEC] gripper controller ready: backend=modbus_rtu port=auto slave=9 (wait_timeout=8.0s) [connect took 0.05s]
[INFO] [1783324586.217014221] [XARM_manager]: Action result received from /jointspace_arm_L_controller/jointspace
[INFO] [1783324586.217268874] [XARM_manager]: Action result: eai_manipulator_msgs.action.JointSpace_Result(success=True, result_msg='action finished')
[GRASP-EXEC] ELBOW-HIGH: transition move result: eai_manipulator_msgs.action.JointSpace_Result(success=True, result_msg='action finished')
[GRASP-EXEC] ELBOW-HIGH: left -> ready joints=['-2.905', '-0.011', '-2.910', '-2.440', '0.091', '-0.154', '0.006']
[INFO] [1783324586.220620981] [XARM_manager]: Sending goal to action server /jointspace_arm_L_controller/jointspace (attempt 1/3):
eai_manipulator_msgs.action.JointSpace_Goal(target_positions=[-2.905, -0.011, -2.91, -2.44, 0.0914, -0.1536, 0.0063])
[INFO] [1783324586.222394161] [XARM_manager]: Goal accepted. Waiting for result...
[INFO] [1783324588.076935453] [XARM_manager]: Action result received from /jointspace_arm_L_controller/jointspace
[INFO] [1783324588.077392960] [XARM_manager]: Action result: eai_manipulator_msgs.action.JointSpace_Result(success=True, result_msg='action finished')
[GRASP-EXEC] ELBOW-HIGH: ready move result: eai_manipulator_msgs.action.JointSpace_Result(success=True, result_msg='action finished')
[JOINT-LIMIT] left closest-to-limit: shoulder_pitch=-2.7889 [-2.96,2.96] dist=0.1711rad
[GRASP-EXEC] continuous orientation: object long-axis yaw -89.1deg (angle-from-X 89.1deg); applied continuous yaw +10.8deg about waist Z (gain=1.00, clamp +/-90deg) [top-down jaw-align: base jaw heading +170.2deg -> short-axis +0.9deg] -> quat=['-0.2419', '0.2644', '0.9316', '0.0609']
[GRASP-EXEC] recomputed TCP along final quat: detected_tcp_xyz=['0.3679', '0.1300', '-0.0356'] -> consistent_tcp_xyz=['0.5207', '0.2433', '0.1808']
[GRASP-EXEC] approach lateral clamp: approach Y +0.3060 -> +0.2433 (= grasp Y); tool_z outboard component would have pushed the standoff further from center than the grasp, which folds the elbow into its stop at far-outboard reaches.
[GRASP-EXEC] approach along grasp axis: dist=0.120m tool_z=[-0.419,0.522,0.743] approach_xyz=['0.4905', '0.2433', '0.2749']
[GRASP-EXEC] applied lift tilt -15.0deg about waist Y -> lift quat=['-0.3614', '0.2542', '0.8920', '0.0949']
[GRASP-EXEC] ELBOW-HIGH: using SEED grasp orientation (proactive); rebuilt grasp/approach/lift poses. The seed-anchored mode keeps the orientation the arm is already in, so the approach only translates and the wrist stays in range.
[GRASP-EXEC] ELBOW-HIGH QP joint window set on endpose_single_arm_qp_L_controller (flex 0.40rad, drop 0.15rad): shoulder_pitch[-2.96,-2.64], shoulder_roll[-0.00,0.55], shoulder_yaw[-2.96,-2.41], elbow_pitch[-2.61,-2.14], elbow_yaw[0.00,0.55]. Asymmetric: tight on the drop side so the elbow is actually held high; loose on the flex side so the arm can still reach.
[GRASP-EXEC] ELBOW-HIGH: wrist guard margin relaxed to 0.010rad (from 0.050) so the nose-down grasp can reach wrist_pitch~-0.71 (still inside the -0.785 stop). Other joints keep the full margin.
[INFO] [1783324588.100394021] [XARM_manager]: Deactivated controllers: ['jointspace_arm_L_controller']
[INFO] [1783324588.109156092] [XARM_manager]: Activated controllers: ['endpose_single_arm_qp_L_controller']
[GRASP-EXEC] QP-Stream left -> approach (pure-pursuit): pos=31.5cm rot=16.8deg, lookahead=13cm @ 50Hz, pos_tol=2.0cm accept=2.5cm keep_ori=False
[GRASP-EXEC] approach TCP tracking: commanded=[0.4905,0.2433,0.2749] achieved=[0.4845,0.2439,0.2565] err=[-6.0,+0.6,-18.4]mm |err|=19.4mm approach-axis tilt: achieved=+51.7deg commanded=+48.0deg (0=level) ori-err=3.8deg
[JOINT-LIMIT] left closest-to-limit: wrist_pitch=-0.7307 [-0.785,1.05] dist=0.0543rad
[JOINT-LIMIT] left approach per-joint: shoulder_pitch=-1.518[-2.96,+2.96](1.442) shoulder_roll=+0.754[-0.26,+2.62](1.016) shoulder_yaw=-1.696[-2.96,+2.96](1.264) elbow_pitch=-1.303[-2.61,+0.26](1.307) elbow_yaw=-0.853[-2.96,+2.96](2.107) wrist_pitch=-0.731[-0.79,+1.05](0.054) wrist_roll=-0.204[-1.65,+1.30](1.446)
[GRASP-EXEC] GRIPPER: open (after approach, before grasp insert)
[GRASP-EXEC] gripper open: start=90% -> target=0%
[GRASP-EXEC] gripper open result: pos=1% status=3 ok=True
[GRASP-EXEC] ARM: HYBRID pre-descent (position QP-stream) -> 6.0cm, leaving final 3.0cm for F/T compliant descend-to-contact
[GRASP-EXEC] QP-Stream left -> pre-grasp (pure-pursuit): pos=6.3cm rot=0.0deg, lookahead=8cm @ 50Hz, pos_tol=1.0cm accept=2.5cm keep_ori=True
[GRASP-EXEC] ARM: COMPLIANT insert to grasp pose (F/T admittance descend-to-contact)
[INFO] [1783324593.665770676] [XARM_manager]: [COMPLIANT-LEFT] Loaded F/T calibration from /home/ubuntu/niu/compliant_grasp_execute/ft_calibration/ft_calibration_left.json
[INFO] [1783324593.687274546] [XARM_manager]: [COMPLIANT-LEFT] target set: p=[0.5146333187420256, 0.24154806465469414, 0.21378839900343335] q=[-0.22017016157394442, 0.26488212788543436, 0.9359473804200492, 0.07324656554566268]
[INFO] [1783324593.688012770] [XARM_manager]: [COMPLIANT-LEFT] seeded QP target at captured pose (z=+0.2138).
[INFO] [1783324593.688536026] [XARM_manager]: [COMPLIANT-LEFT] admittance loop starting (calibrating force offset; keep hands off the arm briefly)...
[INFO] [1783324594.021594381] [XARM_manager]: [COMPLIANT-LEFT] runtime offset calibrated. p_ref=[0.5146333187420256, 0.24154806465469414, 0.21378839900343335], ready.
[COMPLIANT-INSERT] runtime force-offset calibrated in 0.34s
[INFO] [1783324594.032428267] [XARM_manager]: [COMPLIANT-LEFT] gains updated: B=[3.9597979746446663, 5.6, 3.9597979746446663] K=[20.0, 40.0, 20.0] B_rot=[0.5, 0.5, 0.5] K_rot=[0.0, 0.0, 0.0]
[COMPLIANT-INSERT] insertion dir=[+0.68,+0.05,-0.73] planned_depth=3.8cm soft_axes=xz K=[20.0, 40.0, 20.0] B=[3.96, 5.6, 3.96] contact_thresh=1.5N
[INFO] [1783324594.630802631] [XARM_manager]: [COMPLIANT-LEFT] gains updated: B=[10.844353369380768, 10.844353369380768, 10.844353369380768] K=[150.0, 150.0, 150.0] B_rot=[0.5, 0.5, 0.5] K_rot=[0.0, 0.0, 0.0]
[INFO] [1783324594.631923519] [XARM_manager]: [COMPLIANT-LEFT] target set: p=[0.5187094779826634, 0.24165236033390788, 0.19922467281554548] q=[-0.22017016157394442, 0.26488212788543436, 0.9359473804200492, 0.07324656554566268]
[COMPLIANT-INSERT] CONTACT (force) at tcp_drop 1.3cm (resist 1.8N, thresh 1.5N); holding compliant for gripper close
[GRASP-EXEC] grasp TCP tracking: commanded=[0.5407,0.2433,0.1858] achieved=[0.5200,0.2410,0.1997] err=[-20.7,-2.4,+13.9]mm |err|=25.1mm approach-axis tilt: achieved=+49.3deg commanded=+48.0deg (0=level) ori-err=4.3deg
[JOINT-LIMIT] left closest-to-limit: wrist_pitch=-0.7675 [-0.785,1.05] dist=0.0175rad
[JOINT-LIMIT] left grasp per-joint: shoulder_pitch=-1.384[-2.96,+2.96](1.576) shoulder_roll=+0.575[-0.26,+2.62](0.837) shoulder_yaw=-1.662[-2.96,+2.96](1.298) elbow_pitch=-0.956[-2.61,+0.26](1.217) elbow_yaw=-1.087[-2.96,+2.96](1.873) wrist_pitch=-0.767[-0.79,+1.05](0.018) wrist_roll=+0.111[-1.65,+1.30](1.190)
[INFO] [1783324594.856519105] [XARM_manager]: [COMPLIANT-LEFT] n=200 hz=241.7 F=[-0.96,-0.90,+2.52]N disp=[+0.1,-0.1,+0.0]cm v=[-0.11,-0.06,+0.20]
[GRASP-EXEC] GRIPPER: close at grasp pose (after arm motion, not at approach)
[GRASP-EXEC] gripper close: start=1% -> target=100%
[INFO] [1783324595.696417785] [XARM_manager]: [COMPLIANT-LEFT] n=400 hz=238.8 F=[+0.00,+0.00,+0.00]N disp=[-0.0,+0.0,+0.8]cm v=[-0.01,-0.00,-0.12]
[GRASP-EXEC] gripper close result: pos=90% status=3 ok=True
[INFO] [1783324595.874938619] [XARM_manager]: [COMPLIANT-LEFT] admittance loop stopped.
[GRASP-EXEC] ARM: rotate wrist away from table -20deg about waist Y before lift
[GRASP-EXEC] QP-Stream left -> table-clear (pure-pursuit): pos=0.0cm rot=20.0deg, lookahead=13cm @ 50Hz, pos_tol=2.0cm accept=2.5cm keep_ori=False
[GRASP-EXEC] ARM: lift after grasp
[GRASP-EXEC] QP-Stream left -> lift (pure-pursuit): pos=10.6cm rot=0.0deg, lookahead=13cm @ 50Hz, pos_tol=2.0cm accept=2.5cm keep_ori=True
[JOINT-LIMIT] left closest-to-limit: wrist_pitch=-0.758 [-0.785,1.05] dist=0.027rad
[JOINT-LIMIT] left lift per-joint: shoulder_pitch=-1.627[-2.96,+2.96](1.333) shoulder_roll=+0.597[-0.26,+2.62](0.859) shoulder_yaw=-1.783[-2.96,+2.96](1.177) elbow_pitch=-1.015[-2.61,+0.26](1.276) elbow_yaw=-0.850[-2.96,+2.96](2.110) wrist_pitch=-0.758[-0.79,+1.05](0.027) wrist_roll=+0.061[-1.65,+1.30](1.239)
[GRASP-EXEC] ELBOW-HIGH QP joint limits restored on endpose_single_arm_qp_L_controller (back to hard limits).
[GRASP-EXEC] ELBOW-HIGH: wrist guard margin restored to full.
[INFO] [1783324596.492872568] [XARM_manager]: Deactivated controllers: ['endpose_single_arm_qp_L_controller']
[GRASP-EXEC] elbow-high seed ready/left: clamped 1 joint(s) inward (margin 0.05rad): shoulder_yaw -2.964->-2.910 [-2.960,2.960]
[GRASP-EXEC] ELBOW-HIGH: returning via transition waypoint before home (bridges elbow-high -> elbow-low without a large sweep).
[GRASP-EXEC] ELBOW-HIGH: left -> transition(return) joints=['-1.452', '0.585', '-1.455', '-1.870', '0.746', '-0.142', '0.093']
[INFO] [1783324596.511374553] [XARM_manager]: Activated controllers: ['jointspace_arm_L_controller']
[INFO] [1783324596.512132255] [XARM_manager]: Sending goal to action server /jointspace_arm_L_controller/jointspace (attempt 1/3):
eai_manipulator_msgs.action.JointSpace_Goal(target_positions=[-1.4525, 0.5845, -1.455, -1.87, 0.7456999999999999, -0.14179999999999998, 0.09315])
[INFO] [1783324596.514954654] [XARM_manager]: Goal accepted. Waiting for result...
[INFO] [1783324598.466806014] [XARM_manager]: Action result received from /jointspace_arm_L_controller/jointspace
[INFO] [1783324598.467047136] [XARM_manager]: Action result: eai_manipulator_msgs.action.JointSpace_Result(success=True, result_msg='action finished')
[GRASP-EXEC] ELBOW-HIGH: transition(return) move result: eai_manipulator_msgs.action.JointSpace_Result(success=True, result_msg='action finished')
[GRASP-EXEC] PRE-HOME WAYPOINT: left -> joints=['0.000', '1.180', '0.000', '-1.300', '1.400', '-0.130', '0.180']
[INFO] [1783324598.470067731] [XARM_manager]: Sending goal to action server /jointspace_arm_L_controller/jointspace (attempt 1/3):
eai_manipulator_msgs.action.JointSpace_Goal(target_positions=[0.0, 1.18, 0.0, -1.3, 1.4, -0.13, 0.18])
[INFO] [1783324598.471337302] [XARM_manager]: Goal accepted. Waiting for result...
[INFO] [1783324600.326199141] [XARM_manager]: Action result received from /jointspace_arm_L_controller/jointspace
[INFO] [1783324600.326452533] [XARM_manager]: Action result: eai_manipulator_msgs.action.JointSpace_Result(success=True, result_msg='action finished')
[GRASP-EXEC] pre-home waypoint result: eai_manipulator_msgs.action.JointSpace_Result(success=True, result_msg='action finished')
[GRASP-EXEC] RETURN HOME: left -> joints=['0.000', '1.180', '0.000', '-1.300', '1.400', '-0.130', '0.180']
[INFO] [1783324600.329107901] [XARM_manager]: Sending goal to action server /jointspace_arm_L_controller/jointspace (attempt 1/3):
eai_manipulator_msgs.action.JointSpace_Goal(target_positions=[0.0, 1.18, 0.0, -1.3, 1.4, -0.13, 0.18])
[INFO] [1783324600.330644879] [XARM_manager]: Goal accepted. Waiting for result...
[INFO] [1783324600.335325898] [XARM_manager]: Action result received from /jointspace_arm_L_controller/jointspace
[INFO] [1783324600.335591549] [XARM_manager]: Action result: eai_manipulator_msgs.action.JointSpace_Result(success=True, result_msg='action finished')
[GRASP-EXEC] return home result: eai_manipulator_msgs.action.JointSpace_Result(success=True, result_msg='action finished')
{
  "arm": "left",
  "pipeline_version": "accelerated",
  "motion_strategy": "qp_all",
  "dry_run": false,
  "motion": {
    "detected_pose7": [
      0.3679382222735413,
      0.13003869950179722,
      -0.0355981922050401,
      0.0054340160892739344,
      -0.7315115685773109,
      -0.07075607475259497,
      0.6781260018553402
    ],
    "approach_pose7": [
      0.4905015149921872,
      0.24334288460751835,
      0.27494843102803174,
      -0.24191239526891534,
      0.26440001105528654,
      0.9315893262026428,
      0.06092909382656668
    ],
    "grasp_pose7": [
      0.54072231952674,
      0.24334288460751835,
      0.18577138450741884,
      -0.24191239526891534,
      0.26440001105528654,
      0.9315893262026428,
      0.06092909382656668
    ],
    "lift_pose7": [
      0.54072231952674,
      0.24334288460751835,
      0.3057713845074188,
      -0.36143960865407065,
      0.25418518969534254,
      0.8920435465690171,
      0.09491896364849839
    ],
    "pre_home_pose7": [
      0.36072231952674,
      0.14334288460751834,
      0.3557713845074188,
      -0.36143960865407065,
      0.25418518969534254,
      0.8920435465690171,
      0.09491896364849839
    ],
    "grasp_xyz_offset_m": [
      0.02,
      0.0,
      0.005
    ],
    "grasp_quat": [
      -0.24191239526891534,
      0.26440001105528654,
      0.9315893262026428,
      0.06092909382656668
    ],
    "use_fixed_grasp_quat": true,
    "phase_backends": {
      "approach": "qp_stream",
      "grasp": "qp_stream",
      "lift": "qp_stream"
    },
    "joint_limits_used": {
      "shoulder_pitch": [
        -2.96,
        2.96
      ],
      "shoulder_roll": [
        -0.262,
        2.616
      ],
      "shoulder_yaw": [
        -2.96,
        2.96
      ],
      "elbow_pitch": [
        -2.61,
        0.261
      ],
      "elbow_yaw": [
        -2.96,
        2.96
      ],
      "wrist_pitch": [
        -0.785,
        1.05
      ],
      "wrist_roll": [
        -1.65,
        1.3
      ]
    },
    "elbow_high_proactive_used": true,
    "elbow_high_orientation": "seed",
    "approach_tcp_tracking": {
      "commanded_xyz": [
        0.4905015149921872,
        0.24334288460751835,
        0.27494843102803174
      ],
      "achieved_xyz": [
        0.4844957949828893,
        0.24392989684932706,
        0.25654231056893295
      ],
      "error_mm": [
        -6.005720009297888,
        0.5870122418087098,
        -18.406120459098783
      ],
      "error_norm_mm": 19.37004198645344,
      "achieved_quat": [
        -0.21897481024273693,
        0.24408245715259627,
        0.9423789029709364,
        0.06630075282229393
      ],
      "approach_axis_tilt_deg": 51.71582968244429,
      "commanded_approach_axis_tilt_deg": 47.999762715679395,
      "orientation_error_deg": 3.7733583421169143
    },
    "approach_joint_limits": {
      "closest": {
        "joint": "wrist_pitch",
        "value": -0.7307,
        "lower": -0.785,
        "upper": 1.05,
        "dist_to_limit": 0.0543,
        "nearest_side": "lower"
      },
      "breached": [],
      "margin_rad": 0.05
    },
    "compliant_insert": {
      "ok": true,
      "contact": true,
      "reason": "contact",
      "resist_n": 1.819504774477919,
      "traveled_m": 0.013426259558425536,
      "planned_depth_m": 0.038325062842450415,
      "ft_topic": "/arm_6dof_left",
      "calib_path": "/home/ubuntu/niu/compliant_grasp_execute/ft_calibration/ft_calibration_left.json",
      "calib_present": true,
      "commanded_m": 0.05392625955842554,
      "throttle_events": 0,
      "contact_kind": "force"
    },
    "grasp_tcp_tracking": {
      "commanded_xyz": [
        0.54072231952674,
        0.24334288460751835,
        0.18577138450741884
      ],
      "achieved_xyz": [
        0.5200038764436283,
        0.24095424655667202,
        0.1996965079416938
      ],
      "error_mm": [
        -20.71844308311166,
        -2.3886380508463256,
        13.92512343427496
      ],
      "error_norm_mm": 25.07725140811652,
      "achieved_quat": [
        -0.2117497298310305,
        0.27577346412974807,
        0.9341581611635887,
        0.08037150197568017
      ],
      "approach_axis_tilt_deg": 49.30771157445146,
      "commanded_approach_axis_tilt_deg": 47.999762715679395,
      "orientation_error_deg": 4.324092281574617
    },
    "grasp_joint_limits": {
      "closest": {
        "joint": "wrist_pitch",
        "value": -0.7675,
        "lower": -0.785,
        "upper": 1.05,
        "dist_to_limit": 0.0175,
        "nearest_side": "lower"
      },
      "breached": [],
      "margin_rad": 0.05
    },
    "lift_joint_limits": {
      "closest": {
        "joint": "wrist_pitch",
        "value": -0.758,
        "lower": -0.785,
        "upper": 1.05,
        "dist_to_limit": 0.027,
        "nearest_side": "lower"
      },
      "breached": [],
      "margin_rad": 0.05
    },
    "retract_ok": null,
    "return_home_ok": true,
    "released_on_finish_ok": null,
    "approach_ok": true,
    "grasp_ok": true,
    "lift_ok": true
  },
  "detection": {
    "class_name": "remote-control",
    "pose_head_roll_link": [
      0.8671041187147093,
      0.11234375477122469,
      -0.07246802849540954,
      -0.27567746879627925,
      -0.3036639416637919,
      0.6604605738985305,
      0.6289530777863396
    ],
    "pose_tip_waist_yaw_link_rpy": {
      "x": 0.6320451029116654,
      "y": 0.1044633636218252,
      "z": -0.016904401946606473,
      "roll": -0.14752892011432092,
      "pitch": -0.053501383190943,
      "yaw": 1.587243690383478
    },
    "pose_tip_used_for_tcp_conversion_rpy": {
      "x": 0.6320451029116654,
      "y": 0.1044633636218252,
      "z": -0.016904401946606473,
      "roll": 2.135678143644245,
      "pitch": -1.4391341662395476,
      "yaw": -2.228291115276957
    },
    "pose_tcp_waist_yaw_link_rpy": {
      "x": 0.3679382222735413,
      "y": 0.13003869950179722,
      "z": -0.0355981922050401,
      "roll": 2.135678143644245,
      "pitch": -1.4391341662395476,
      "yaw": -2.228291115276957
    },
    "pose_tcp_waist_yaw_link_pose7": [
      0.3679382222735413,
      0.13003869950179722,
      -0.0355981922050401,
      0.0054340160892739344,
      -0.7315115685773109,
      -0.07075607475259497,
      0.6781260018553402
    ],
    "current_tcp_pose7": [
      0.3516814679699297,
      -0.5953664613157038,
      0.27502723572155585,
      0.0054340160892739344,
      -0.7315115685773109,
      -0.07075607475259497,
      0.6781260018553402
    ],
    "tcp_minus_tip_waist_m": [
      -0.2641068806381241,
      0.025575335879972017,
      -0.018693790258433624
    ],
    "tcp_to_tip_offset_m": [
      0.0,
      0.0,
      -0.266
    ],
    "orientation_policy": "current",
    "use_current_tcp_rotation": true,
    "rotation_source_arm": "right",
    "bbox_2d": [
      461.2887268066406,
      292.0102844238281,
      652.561767578125,
      325.7042541503906
    ],
    "bbox_3d": {
      "min": [
        0.8520046304382382,
        0.0236162670009413,
        -0.09206015142596508
      ],
      "max": [
        0.9006708860581795,
        0.1997776758625359,
        -0.05665901330821568
      ],
      "center": [
        0.8763377582482088,
        0.1116969714317386,
        -0.07435958236709038
      ],
      "size": [
        0.04866625561994131,
        0.1761614088615946,
        0.03540113811774939
      ]
    },
    "object_long_axis_waist": [
      -0.016423089278496984,
      0.9984340810491834,
      0.05347586313490786
    ],
    "object_long_axis_yaw_waist_deg": -89.05763548225713,
    "object_angle_from_waist_x_deg": 89.05763548225713
  },
  "gripper": {
    "open_ok": true,
    "close_ok": true,
    "final_pos_pct": 90.0,
    "backend": "modbus_rtu"
  },
  "ok": true
}
[GRASP-EXEC] saved result json: /tmp/grasp_exec.json
[GRASP-EXEC] saved handoff: /tmp/grasp_handoff.json (arm=left holding=True)
