[日志] 日志文件: logs/grasp/grasp_260706_161530.log
[日志] 执行命令: python3 -m compliant_grasp_execute.main
[INFO] [1783325730.803869370] [XARM_manager]: waiting for service /controller_manager/get_parameters to become available...
[INFO] [1783325731.063480818] [XARM_manager]: XARM_manager initialized, robot_type: tianyi2, run_type: real
[INFO] [1783325731.070440707] [XARM_manager]: 已订阅关节状态话题: /joint_states
[INFO] [1783325731.077907470] [XARM_manager]: 已订阅警告和错误信息话题: /manipulator/warn_and_error_info
[INFO] [1783325731.086986310] [XARM_manager]: /joint_action_report 服务已启动
[CONFIG] loaded 198 params from /home/ubuntu/niu/compliant_grasp_execute/config.yaml
[GRASP-EXEC] STARTUP: enabling arms and moving BOTH to home posture
[INFO] [1783325736.024547531] [XARM_manager]: Deactivated controllers: ['jointspace_arm_R_controller']
[GRASP-EXEC] STARTUP: left -> home joints=['0.000', '1.180', '0.000', '-1.300', '1.400', '-0.130', '0.180']
[INFO] [1783325736.043855817] [XARM_manager]: Activated controllers: ['jointspace_arm_L_controller']
[INFO] [1783325736.060583619] [XARM_manager]: Sending goal to action server /jointspace_arm_L_controller/jointspace (attempt 1/3):
eai_manipulator_msgs.action.JointSpace_Goal(target_positions=[0.0, 1.18, 0.0, -1.3, 1.4, -0.13, 0.18])
[INFO] [1783325736.063365158] [XARM_manager]: Goal accepted. Waiting for result...
[INFO] [1783325736.183703677] [XARM_manager]: Action result received from /jointspace_arm_L_controller/jointspace
[INFO] [1783325736.184072547] [XARM_manager]: Action result: eai_manipulator_msgs.action.JointSpace_Result(success=True, result_msg='action finished')
[GRASP-EXEC] STARTUP: right -> home joints=['0.000', '-1.180', '0.000', '-1.300', '-1.400', '-0.130', '0.180']
[INFO] [1783325736.196915317] [XARM_manager]: Activated controllers: ['jointspace_arm_R_controller']
[INFO] [1783325736.210822379] [XARM_manager]: Sending goal to action server /jointspace_arm_R_controller/jointspace (attempt 1/3):
eai_manipulator_msgs.action.JointSpace_Goal(target_positions=[0.0, -1.18, 0.0, -1.3, -1.4, -0.13, 0.18])
[INFO] [1783325736.213206054] [XARM_manager]: Goal accepted. Waiting for result...
[INFO] [1783325736.442858790] [XARM_manager]: Action result received from /jointspace_arm_R_controller/jointspace
[INFO] [1783325736.443430505] [XARM_manager]: Action result: eai_manipulator_msgs.action.JointSpace_Result(success=True, result_msg='action finished')
[GRASP-EXEC] STARTUP: activating both grippers (open/close cycle)
[robotiq_api] gripper already activated (gSTA==3); skip resetActivate()
[GRASP-EXEC] STARTUP: gripper 'left' activated
[robotiq_api] gripper already activated (gSTA==3); skip resetActivate()
[GRASP-EXEC] STARTUP: gripper 'right' activated
perception health check pass
[object_pose] RGB (720, 1280, 3), depth (720, 1280), valid-depth pixels: 904902/921600 (median valid depth 1.208 m)
[GRASP-EXEC] ARM-SELECT: object waist Y=-0.166m (y < boundary 0.000) -> 'right' arm
[GRASP-EXEC] diagonal schedule: angle-from-X=55.63615811358181deg -> tilt_scale=0.55, yaw_clamp=42.1deg (freed wrist_pitch, raised jaw alignment)
[GRASP-EXEC] applied grasp tilt +24.7deg about waist Y (tilt scale 1.00 x diag 0.55) -> quat=['0.3451', '0.4303', '-0.6253', '-0.5520']
[GRASP-EXEC] continuous orientation: object long-axis yaw +55.6deg (angle-from-X 55.6deg); applied continuous yaw +42.1deg about waist Z (gain=1.00, clamp +/-42deg) -> quat=['0.1676', '0.5256', '-0.7818', '-0.2906']
[GRASP-EXEC] recomputed TCP along final quat: detected_tcp_xyz=['0.2794', '-0.1402', '-0.0455'] -> consistent_tcp_xyz=['0.3926', '-0.3583', '0.0773']
[GRASP-EXEC] approach lateral clamp: approach Y -0.4453 -> -0.3583 (= grasp Y); tool_z outboard component would have pushed the standoff further from center than the grasp, which folds the elbow into its stop at far-outboard reaches.
[GRASP-EXEC] approach along grasp axis: dist=0.120m tool_z=[-0.568,-0.724,0.391] approach_xyz=['0.3445', '-0.3583', '0.1293']
[GRASP-EXEC] applied lift tilt -15.0deg about waist Y -> lift quat=['0.2682', '0.5590', '-0.7533', '-0.2196']
[GRASP-EXEC] detected class=remote-control detected_pose7=['0.2794', '-0.1402', '-0.0455', '0.0056', '-0.7315', '-0.0705', '0.6782'] -> motion grasp_pose7=['0.4126', '-0.3583', '0.0823', '0.1676', '0.5256', '-0.7818', '-0.2906']
[INFO] [1783325740.061057293] [XARM_manager]: Deactivated controllers: ['jointspace_arm_L_controller', 'jointspace_arm_R_controller']
[GRASP-EXEC] arms enabled (mode 3) [took 0.02s]
[JOINT-LIMIT] right: using live controller limits from endpose_single_arm_qp_R_controller
[GRASP-EXEC] joint-limit guard ON (margin 0.050 rad) arm=right
[GRASP-EXEC] gripper: connecting in background (overlaps arm enable + approach to hide the slow serial open; --no-gripper-async-connect for the old blocking behaviour)
[GRASP-EXEC] ARM: approach via qp_stream
[GRASP-EXEC] ELBOW-HIGH (proactive): object long axis ~parallel to body (angle-from-X=55.63615811358181 >= 45.0deg); the elbow-high seed's fore-aft jaws match a parallel object's short axis; reconfiguring to elbow-high seed before approach.
[GRASP-EXEC] elbow-high seed ready/right: clamped 1 joint(s) inward (margin 0.05rad): shoulder_yaw +2.964->+2.910 [-2.960,2.960]
[GRASP-EXEC] ELBOW-HIGH: reconfiguring right arm into elbow-high seed (jointspace, via transition waypoint). NOTE: jointspace moves run at the controller's own speed; watch the first reconfiguration for table/body clearance.
[GRASP-EXEC] gripper: arm='right' -> stable by-id port /dev/serial/by-id/usb-FTDI_FT231X_USB_UART_D30JLK40-if00-port0
[GRASP-EXEC] ELBOW-HIGH: right -> transition joints=['-1.452', '-0.585', '1.455', '-1.870', '-0.746', '-0.142', '0.087']
[INFO] [1783325740.101312494] [XARM_manager]: Activated controllers: ['jointspace_arm_R_controller']
[INFO] [1783325740.102092496] [XARM_manager]: Sending goal to action server /jointspace_arm_R_controller/jointspace (attempt 1/3):
eai_manipulator_msgs.action.JointSpace_Goal(target_positions=[-1.4525, -0.5845, 1.455, -1.87, -0.7456999999999999, -0.14179999999999998, 0.08685])
[INFO] [1783325740.104581779] [XARM_manager]: Goal accepted. Waiting for result...
[robotiq_api] gripper already activated (gSTA==3); skip resetActivate()
[GRASP-EXEC] gripper: cached serial port /dev/serial/by-id/usb-FTDI_FT231X_USB_UART_D30JLK40-if00-port0 -> /tmp/robotiq_gripper_port.txt
[GRASP-EXEC] gripper controller ready: backend=modbus_rtu port=auto slave=9 (wait_timeout=8.0s) [connect took 0.03s]
[INFO] [1783325741.959702437] [XARM_manager]: Action result received from /jointspace_arm_R_controller/jointspace
[INFO] [1783325741.960163432] [XARM_manager]: Action result: eai_manipulator_msgs.action.JointSpace_Result(success=True, result_msg='action finished')
[GRASP-EXEC] ELBOW-HIGH: transition move result: eai_manipulator_msgs.action.JointSpace_Result(success=True, result_msg='action finished')
[GRASP-EXEC] ELBOW-HIGH: right -> ready joints=['-2.905', '0.011', '2.910', '-2.440', '-0.091', '-0.154', '-0.006']
[INFO] [1783325741.964020762] [XARM_manager]: Sending goal to action server /jointspace_arm_R_controller/jointspace (attempt 1/3):
eai_manipulator_msgs.action.JointSpace_Goal(target_positions=[-2.905, 0.011, 2.91, -2.44, -0.0914, -0.1536, -0.0063])
[INFO] [1783325741.966544615] [XARM_manager]: Goal accepted. Waiting for result...
[INFO] [1783325743.822601606] [XARM_manager]: Action result received from /jointspace_arm_R_controller/jointspace
[INFO] [1783325743.822855514] [XARM_manager]: Action result: eai_manipulator_msgs.action.JointSpace_Result(success=True, result_msg='action finished')
[GRASP-EXEC] ELBOW-HIGH: ready move result: eai_manipulator_msgs.action.JointSpace_Result(success=True, result_msg='action finished')
[JOINT-LIMIT] right closest-to-limit: shoulder_pitch=-2.7894 [-2.96,2.96] dist=0.1706rad
[GRASP-EXEC] continuous orientation: object long-axis yaw +55.6deg (angle-from-X 55.6deg); applied continuous yaw -44.3deg about waist Z (gain=1.00, clamp +/-90deg) [top-down jaw-align: base jaw heading -170.1deg -> short-axis +145.6deg] -> quat=['-0.3059', '-0.1818', '0.9105', '0.2108']
[GRASP-EXEC] recomputed TCP along final quat: detected_tcp_xyz=['0.2794', '-0.1402', '-0.0455'] -> consistent_tcp_xyz=['0.3750', '-0.2194', '0.1718']
[GRASP-EXEC] approach lateral clamp: approach Y -0.2437 -> -0.2194 (= grasp Y); tool_z outboard component would have pushed the standoff further from center than the grasp, which folds the elbow into its stop at far-outboard reaches.
[GRASP-EXEC] approach along grasp axis: dist=0.120m tool_z=[-0.634,-0.202,0.747] approach_xyz=['0.3190', '-0.2194', '0.2665']
[GRASP-EXEC] applied lift tilt -15.0deg about waist Y -> lift quat=['-0.4221', '-0.2078', '0.8628', '0.1853']
[GRASP-EXEC] ELBOW-HIGH: using SEED grasp orientation (proactive); rebuilt grasp/approach/lift poses. The seed-anchored mode keeps the orientation the arm is already in, so the approach only translates and the wrist stays in range.
[GRASP-EXEC] ELBOW-HIGH QP joint window set on endpose_single_arm_qp_R_controller (flex 0.40rad, drop 0.15rad): shoulder_pitch[-2.96,-2.64], shoulder_roll[-0.55,0.00], shoulder_yaw[2.41,2.96], elbow_pitch[-2.61,-2.14], elbow_yaw[-0.55,-0.00]. Asymmetric: tight on the drop side so the elbow is actually held high; loose on the flex side so the arm can still reach.
[GRASP-EXEC] ELBOW-HIGH: wrist guard margin relaxed to 0.010rad (from 0.050) so the nose-down grasp can reach wrist_pitch~-0.71 (still inside the -0.785 stop). Other joints keep the full margin.
[INFO] [1783325743.845900906] [XARM_manager]: Deactivated controllers: ['jointspace_arm_R_controller']
[INFO] [1783325743.856015383] [XARM_manager]: Activated controllers: ['endpose_single_arm_qp_R_controller']
[GRASP-EXEC] QP-Stream right -> approach (pure-pursuit): pos=20.2cm rot=45.4deg, lookahead=13cm @ 50Hz, pos_tol=2.0cm accept=2.5cm keep_ori=False
[GRASP-EXEC] approach TCP tracking: commanded=[0.3190,-0.2194,0.2665] achieved=[0.3107,-0.2179,0.2487] err=[-8.3,+1.5,-17.8]mm |err|=19.7mm approach-axis tilt: achieved=+53.1deg commanded=+48.3deg (0=level) ori-err=6.9deg
[GRASP-EXEC] approach orientation miss 6.9deg -> ~32mm fingertip offset > tol 30mm: TCP reached position but the wrist could not hold the commanded tilt, so the fingers would miss the object. Treating approach as failed to trigger the reduced-tilt retry (prevents grasping air).
[GRASP-EXEC] approach failed to reach target; retrying with reduced long-axis alignment (yaw scale 0.50)
[GRASP-EXEC] continuous orientation: object long-axis yaw +55.6deg (angle-from-X 55.6deg); applied continuous yaw -22.1deg about waist Z (gain=1.00, clamp +/-90deg x scale 0.50) [top-down jaw-align: base jaw heading -170.1deg -> short-axis +145.6deg] -> quat=['-0.2653', '-0.2372', '0.9340', '0.0320']
[GRASP-EXEC] recomputed TCP along final quat: detected_tcp_xyz=['0.2794', '-0.1402', '-0.0455'] -> consistent_tcp_xyz=['0.4077', '-0.2790', '0.1718']
[GRASP-EXEC] ELBOW-HIGH seed retry: yaw scale 0.50
[GRASP-EXEC] approach lateral clamp: approach Y -0.3301 -> -0.2790 (= grasp Y); tool_z outboard component would have pushed the standoff further from center than the grasp, which folds the elbow into its stop at far-outboard reaches.
[GRASP-EXEC] approach along grasp axis: dist=0.120m tool_z=[-0.511,-0.426,0.747] approach_xyz=['0.3664', '-0.2790', '0.2665']
[GRASP-EXEC] applied lift tilt -15.0deg about waist Y -> lift quat=['-0.3849', '-0.2393', '0.8914', '0.0007']
[GRASP-EXEC] QP-Stream right -> approach (pure-pursuit): pos=8.5cm rot=20.5deg, lookahead=13cm @ 50Hz, pos_tol=2.0cm accept=2.5cm keep_ori=False
[GRASP-EXEC] approach TCP tracking: commanded=[0.3664,-0.2790,0.2665] achieved=[0.3601,-0.2618,0.2668] err=[-6.3,+17.2,+0.3]mm |err|=18.3mm approach-axis tilt: achieved=+48.3deg commanded=+48.3deg (0=level) ori-err=3.4deg
[JOINT-LIMIT] right closest-to-limit: wrist_pitch=-0.6133 [-0.785,1.05] dist=0.1717rad
[JOINT-LIMIT] right approach per-joint: shoulder_pitch=-0.849[-2.96,+2.96](2.111) shoulder_roll=-1.065[-2.62,+0.26](1.327) shoulder_yaw=+0.869[-2.96,+2.96](2.091) elbow_pitch=-1.971[-2.61,+0.26](0.639) elbow_yaw=+0.759[-2.96,+2.96](2.201) wrist_pitch=-0.613[-0.79,+1.05](0.172) wrist_roll=+0.783[-1.30,+1.65](0.867)
[GRASP-EXEC] GRIPPER: open (after approach, before grasp insert)
[GRASP-EXEC] gripper already open enough: 1% (skip open command)
[GRASP-EXEC] ARM: HYBRID pre-descent (position QP-stream) -> 8.4cm, leaving final 3.0cm for F/T compliant descend-to-contact
[GRASP-EXEC] QP-Stream right -> pre-grasp (pure-pursuit): pos=8.4cm rot=0.0deg, lookahead=8cm @ 50Hz, pos_tol=1.0cm accept=2.5cm keep_ori=True
[GRASP-EXEC] ARM: COMPLIANT insert to grasp pose (F/T admittance descend-to-contact)
[INFO] [1783325750.402029868] [XARM_manager]: [COMPLIANT-RIGHT] Loaded F/T calibration from /home/ubuntu/niu/compliant_grasp_execute/ft_calibration/ft_calibration_right.json
[INFO] [1783325750.423069873] [XARM_manager]: [COMPLIANT-RIGHT] target set: p=[0.40199423144710444, -0.27356279256255955, 0.20435205234119702] q=[-0.2551397326084934, -0.24297351059460076, 0.9358367233279186, -0.008787335470253737]
[INFO] [1783325750.423733960] [XARM_manager]: [COMPLIANT-RIGHT] seeded QP target at captured pose (z=+0.2044).
[INFO] [1783325750.424460804] [XARM_manager]: [COMPLIANT-RIGHT] admittance loop starting (calibrating force offset; keep hands off the arm briefly)...
[INFO] [1783325750.754853067] [XARM_manager]: [COMPLIANT-RIGHT] runtime offset calibrated. p_ref=[0.40199423144710444, -0.27356279256255955, 0.20435205234119702], ready.
[COMPLIANT-INSERT] runtime force-offset calibrated in 0.34s
[INFO] [1783325750.768342015] [XARM_manager]: [COMPLIANT-RIGHT] gains updated: B=[3.9597979746446663, 5.6, 3.9597979746446663] K=[20.0, 40.0, 20.0] B_rot=[0.5, 0.5, 0.5] K_rot=[0.0, 0.0, 0.0]
[COMPLIANT-INSERT] insertion dir=[+0.68,-0.14,-0.72] planned_depth=3.8cm soft_axes=xz K=[20.0, 40.0, 20.0] B=[3.96, 5.6, 3.96] contact_thresh=1.5N
[INFO] [1783325751.585913282] [XARM_manager]: [COMPLIANT-RIGHT] n=200 hz=241.6 F=[+0.00,+0.00,+0.00]N disp=[-2.7,+0.7,+3.0]cm v=[+0.14,-0.05,-0.15]
[COMPLIANT-INSERT] insert s=5.8cm tcp_drop=1.9cm lag=+3.9cm resist=+0.11N (throttle x0)
[INFO] [1783325752.392116702] [XARM_manager]: [COMPLIANT-RIGHT] gains updated: B=[10.844353369380768, 10.844353369380768, 10.844353369380768] K=[150.0, 150.0, 150.0] B_rot=[0.5, 0.5, 0.5] K_rot=[0.0, 0.0, 0.0]
[INFO] [1783325752.392641195] [XARM_manager]: [COMPLIANT-RIGHT] target set: p=[0.42511009211093476, -0.2773242103233433, 0.1844767544592225] q=[-0.2551397326084934, -0.24297351059460076, 0.9358367233279186, -0.008787335470253737]
[COMPLIANT-INSERT] CONTACT (force) at tcp_drop 3.1cm (resist 1.6N, thresh 1.5N); holding compliant for gripper close
[INFO] [1783325752.419899224] [XARM_manager]: [COMPLIANT-RIGHT] n=400 hz=240.5 F=[+0.00,+0.00,+1.25]N disp=[+0.1,+0.0,-0.0]cm v=[-0.01,-0.00,+0.11]
[GRASP-EXEC] grasp TCP tracking: commanded=[0.4277,-0.2790,0.1768] achieved=[0.4264,-0.2776,0.1846] err=[-1.3,+1.3,+7.8]mm |err|=8.0mm approach-axis tilt: achieved=+48.3deg commanded=+48.3deg (0=level) ori-err=5.5deg
[JOINT-LIMIT] right closest-to-limit: wrist_pitch=-0.772 [-0.785,1.05] dist=0.013rad
[JOINT-LIMIT] right grasp per-joint: shoulder_pitch=-0.807[-2.96,+2.96](2.153) shoulder_roll=-0.851[-2.62,+0.26](1.113) shoulder_yaw=+0.894[-2.96,+2.96](2.066) elbow_pitch=-1.550[-2.61,+0.26](1.060) elbow_yaw=+1.155[-2.96,+2.96](1.805) wrist_pitch=-0.772[-0.79,+1.05](0.013) wrist_roll=+0.443[-1.30,+1.65](1.207)
[GRASP-EXEC] GRIPPER: close at grasp pose (after arm motion, not at approach)
[GRASP-EXEC] gripper close: start=1% -> target=100%
[INFO] [1783325753.253619214] [XARM_manager]: [COMPLIANT-RIGHT] n=600 hz=240.9 F=[+0.00,+0.00,+1.67]N disp=[-0.2,+0.0,+0.1]cm v=[+0.03,-0.01,+0.12]
[GRASP-EXEC] gripper close result: pos=89% status=3 ok=True
[INFO] [1783325753.715823674] [XARM_manager]: [COMPLIANT-RIGHT] admittance loop stopped.
[GRASP-EXEC] ARM: rotate wrist away from table -20deg about waist Y before lift
[GRASP-EXEC] QP-Stream right -> table-clear (pure-pursuit): pos=0.0cm rot=20.0deg, lookahead=13cm @ 50Hz, pos_tol=2.0cm accept=2.5cm keep_ori=False
[GRASP-EXEC] ARM: lift after grasp
[GRASP-EXEC] QP-Stream right -> lift (pure-pursuit): pos=10.6cm rot=0.0deg, lookahead=13cm @ 50Hz, pos_tol=2.0cm accept=2.5cm keep_ori=True
[JOINT-LIMIT] right closest-to-limit: wrist_pitch=-0.7416 [-0.785,1.05] dist=0.0434rad
[JOINT-LIMIT] right lift per-joint: shoulder_pitch=-1.095[-2.96,+2.96](1.865) shoulder_roll=-0.936[-2.62,+0.26](1.198) shoulder_yaw=+1.019[-2.96,+2.96](1.941) elbow_pitch=-1.613[-2.61,+0.26](0.997) elbow_yaw=+0.865[-2.96,+2.96](2.095) wrist_pitch=-0.742[-0.79,+1.05](0.043) wrist_roll=+0.581[-1.30,+1.65](1.069)
[GRASP-EXEC] ELBOW-HIGH QP joint limits restored on endpose_single_arm_qp_R_controller (back to hard limits).
[GRASP-EXEC] ELBOW-HIGH: wrist guard margin restored to full.
[INFO] [1783325754.348852590] [XARM_manager]: Deactivated controllers: ['endpose_single_arm_qp_R_controller']
[GRASP-EXEC] elbow-high seed ready/right: clamped 1 joint(s) inward (margin 0.05rad): shoulder_yaw +2.964->+2.910 [-2.960,2.960]
[GRASP-EXEC] ELBOW-HIGH: returning via transition waypoint before home (bridges elbow-high -> elbow-low without a large sweep).
[GRASP-EXEC] ELBOW-HIGH: right -> transition(return) joints=['-1.452', '-0.585', '1.455', '-1.870', '-0.746', '-0.142', '0.087']
[INFO] [1783325754.367094234] [XARM_manager]: Activated controllers: ['jointspace_arm_R_controller']
[INFO] [1783325754.368236221] [XARM_manager]: Sending goal to action server /jointspace_arm_R_controller/jointspace (attempt 1/3):
eai_manipulator_msgs.action.JointSpace_Goal(target_positions=[-1.4525, -0.5845, 1.455, -1.87, -0.7456999999999999, -0.14179999999999998, 0.08685])
[INFO] [1783325754.370120611] [XARM_manager]: Goal accepted. Waiting for result...
[INFO] [1783325756.338123064] [XARM_manager]: Action result received from /jointspace_arm_R_controller/jointspace
[INFO] [1783325756.338419074] [XARM_manager]: Action result: eai_manipulator_msgs.action.JointSpace_Result(success=True, result_msg='action finished')
[GRASP-EXEC] ELBOW-HIGH: transition(return) move result: eai_manipulator_msgs.action.JointSpace_Result(success=True, result_msg='action finished')
[GRASP-EXEC] PRE-HOME WAYPOINT: right -> joints=['0.000', '-1.180', '0.000', '-1.300', '-1.400', '-0.130', '0.180']
[INFO] [1783325756.341034367] [XARM_manager]: Sending goal to action server /jointspace_arm_R_controller/jointspace (attempt 1/3):
eai_manipulator_msgs.action.JointSpace_Goal(target_positions=[0.0, -1.18, 0.0, -1.3, -1.4, -0.13, 0.18])
[INFO] [1783325756.342558448] [XARM_manager]: Goal accepted. Waiting for result...
[INFO] [1783325758.202006847] [XARM_manager]: Action result received from /jointspace_arm_R_controller/jointspace
[INFO] [1783325758.202536228] [XARM_manager]: Action result: eai_manipulator_msgs.action.JointSpace_Result(success=True, result_msg='action finished')
[GRASP-EXEC] pre-home waypoint result: eai_manipulator_msgs.action.JointSpace_Result(success=True, result_msg='action finished')
[GRASP-EXEC] RETURN HOME: right -> joints=['0.000', '-1.180', '0.000', '-1.300', '-1.400', '-0.130', '0.180']
[INFO] [1783325758.206042974] [XARM_manager]: Sending goal to action server /jointspace_arm_R_controller/jointspace (attempt 1/3):
eai_manipulator_msgs.action.JointSpace_Goal(target_positions=[0.0, -1.18, 0.0, -1.3, -1.4, -0.13, 0.18])
[INFO] [1783325758.208227077] [XARM_manager]: Goal accepted. Waiting for result...
[INFO] [1783325758.210505697] [XARM_manager]: Action result received from /jointspace_arm_R_controller/jointspace
[INFO] [1783325758.210736784] [XARM_manager]: Action result: eai_manipulator_msgs.action.JointSpace_Result(success=True, result_msg='action finished')
[GRASP-EXEC] return home result: eai_manipulator_msgs.action.JointSpace_Result(success=True, result_msg='action finished')
{
  "arm": "right",
  "pipeline_version": "accelerated",
  "motion_strategy": "qp_all",
  "dry_run": false,
  "motion": {
    "detected_pose7": [
      0.27941599862077715,
      -0.14021821475781343,
      -0.04548621249730502,
      0.005631812107771185,
      -0.7315055356209432,
      -0.07054287378163092,
      0.6781531073488705
    ],
    "approach_pose7": [
      0.36642270328097065,
      -0.2789841783775971,
      0.26645458297161306,
      -0.26525233077909177,
      -0.23719122497382542,
      0.934001602845174,
      0.03197701822124213
    ],
    "grasp_pose7": [
      0.42770208813592986,
      -0.2789841783775971,
      0.17684301725681095,
      -0.26525233077909177,
      -0.23719122497382542,
      0.934001602845174,
      0.03197701822124213
    ],
    "lift_pose7": [
      0.42770208813592986,
      -0.2789841783775971,
      0.29684301725681095,
      -0.3848947330651622,
      -0.23933585959022854,
      0.8913887129416618,
      0.0007437829736641824
    ],
    "pre_home_pose7": [
      0.24770208813592987,
      -0.3789841783775971,
      0.34684301725681094,
      -0.3848947330651622,
      -0.23933585959022854,
      0.8913887129416618,
      0.0007437829736641824
    ],
    "grasp_xyz_offset_m": [
      0.02,
      0.0,
      0.005
    ],
    "grasp_quat": [
      -0.26525233077909177,
      -0.23719122497382542,
      0.934001602845174,
      0.03197701822124213
    ],
    "use_fixed_grasp_quat": true,
    "phase_backends": {
      "approach": "qp_stream",
      "grasp": "qp_stream",
      "lift": "qp_stream"
    },
    "joint_limits_used": {
      "shoulder_pitch": [
        -2.96,
        2.96
      ],
      "shoulder_roll": [
        -2.616,
        0.262
      ],
      "shoulder_yaw": [
        -2.96,
        2.96
      ],
      "elbow_pitch": [
        -2.61,
        0.261
      ],
      "elbow_yaw": [
        -2.96,
        2.96
      ],
      "wrist_pitch": [
        -0.785,
        1.05
      ],
      "wrist_roll": [
        -1.3,
        1.65
      ]
    },
    "elbow_high_proactive_used": true,
    "elbow_high_orientation": "seed",
    "grasp_reach_retry_used": true,
    "grasp_reach_retry_yaw_scale": 0.5,
    "approach_tcp_tracking": {
      "commanded_xyz": [
        0.36642270328097065,
        -0.2789841783775971,
        0.26645458297161306
      ],
      "achieved_xyz": [
        0.36012934873756086,
        -0.26176161145862215,
        0.2667556815129681
      ],
      "error_mm": [
        -6.293354543409791,
        17.222566918974948,
        0.301098541355016
      ],
      "error_norm_mm": 18.33885991601531,
      "achieved_quat": [
        -0.2575093955556305,
        -0.24597625272785062,
        0.9344310599229068,
        0.004815448669797919
      ],
      "approach_axis_tilt_deg": 48.27683703392099,
      "commanded_approach_axis_tilt_deg": 48.310755688801876,
      "orientation_error_deg": 3.3899136367426834
    },
    "approach_joint_limits": {
      "closest": {
        "joint": "wrist_pitch",
        "value": -0.6133,
        "lower": -0.785,
        "upper": 1.05,
        "dist_to_limit": 0.1717,
        "nearest_side": "lower"
      },
      "breached": [],
      "margin_rad": 0.05
    },
    "compliant_insert": {
      "ok": true,
      "contact": true,
      "reason": "contact",
      "resist_n": 1.583213257234928,
      "traveled_m": 0.030531159740457683,
      "planned_depth_m": 0.03803987816703228,
      "ft_topic": "/arm_6dof_right",
      "calib_path": "/home/ubuntu/niu/compliant_grasp_execute/ft_calibration/ft_calibration_right.json",
      "calib_present": true,
      "commanded_m": 0.05803987816703228,
      "throttle_events": 0,
      "contact_kind": "force"
    },
    "grasp_tcp_tracking": {
      "commanded_xyz": [
        0.42770208813592986,
        -0.2789841783775971,
        0.17684301725681095
      ],
      "achieved_xyz": [
        0.426385722706373,
        -0.2776386256737735,
        0.18461365260939452
      ],
      "error_mm": [
        -1.316365429556876,
        1.3455527038235826,
        7.770635352583572
      ],
      "error_norm_mm": 7.9953801539214515,
      "achieved_quat": [
        -0.2575693081687231,
        -0.24567336829507233,
        0.9343977935399259,
        -0.014262223801253068
      ],
      "approach_axis_tilt_deg": 48.297167539180144,
      "commanded_approach_axis_tilt_deg": 48.310755688801876,
      "orientation_error_deg": 5.459213668360947
    },
    "grasp_joint_limits": {
      "closest": {
        "joint": "wrist_pitch",
        "value": -0.772,
        "lower": -0.785,
        "upper": 1.05,
        "dist_to_limit": 0.013,
        "nearest_side": "lower"
      },
      "breached": [],
      "margin_rad": 0.05
    },
    "lift_joint_limits": {
      "closest": {
        "joint": "wrist_pitch",
        "value": -0.7416,
        "lower": -0.785,
        "upper": 1.05,
        "dist_to_limit": 0.0434,
        "nearest_side": "lower"
      },
      "breached": [],
      "margin_rad": 0.05
    },
    "retract_ok": null,
    "return_home_ok": true,
    "released_on_finish_ok": null,
    "approach_ok": true,
    "grasp_ok": true,
    "lift_ok": true
  },
  "detection": {
    "class_name": "remote-control",
    "pose_head_roll_link": [
      0.80811013926581,
      -0.1598461073706539,
      -0.13403080987423904,
      -0.34323261979395553,
      0.1703254741270933,
      0.8122211657543668,
      -0.43986063642178336
    ],
    "pose_tip_waist_yaw_link_rpy": {
      "x": 0.5435380578977561,
      "y": -0.16563891534955244,
      "z": -0.026795953411000495,
      "roll": 0.05809285653284303,
      "pitch": 0.07276630056395383,
      "yaw": -2.170558511347633
    },
    "pose_tip_used_for_tcp_conversion_rpy": {
      "x": 0.5435380578977561,
      "y": -0.16563891534955244,
      "z": -0.026795953411000495,
      "roll": 2.135773006023226,
      "pitch": -1.4391789956571317,
      "yaw": -2.2278027211790965
    },
    "pose_tcp_waist_yaw_link_rpy": {
      "x": 0.27941599862077715,
      "y": -0.14021821475781343,
      "z": -0.04548621249730502,
      "roll": 2.135773006023226,
      "pitch": -1.4391789956571317,
      "yaw": -2.2278027211790965
    },
    "pose_tcp_waist_yaw_link_pose7": [
      0.27941599862077715,
      -0.14021821475781343,
      -0.04548621249730502,
      0.005631812107771185,
      -0.7315055356209432,
      -0.07054287378163092,
      0.6781531073488705
    ],
    "current_tcp_pose7": [
      0.35169006633723826,
      -0.5953163399459042,
      0.27503068157553706,
      0.005631812107771185,
      -0.7315055356209432,
      -0.07054287378163092,
      0.6781531073488705
    ],
    "tcp_minus_tip_waist_m": [
      -0.26412205927697896,
      0.02542070059173901,
      -0.018690259086304527
    ],
    "tcp_to_tip_offset_m": [
      0.0,
      0.0,
      -0.266
    ],
    "orientation_policy": "current",
    "use_current_tcp_rotation": true,
    "rotation_source_arm": "right",
    "bbox_2d": [
      700.33349609375,
      312.70166015625,
      888.6174926757812,
      434.96649169921875
    ],
    "bbox_3d": {
      "min": [
        0.7639092256854361,
        -0.24210459984172147,
        -0.18251240367888985
      ],
      "max": [
        0.8653573106025982,
        -0.07722470357261729,
        -0.08822397303809254
      ],
      "center": [
        0.8146332681440172,
        -0.15966465170716937,
        -0.13536818835849118
      ],
      "size": [
        0.10144808491716217,
        0.16487989626910418,
        0.09428843064079731
      ]
    },
    "object_long_axis_waist": [
      -0.5629524863551428,
      -0.8232854319476761,
      -0.07270210209678987
    ],
    "object_long_axis_yaw_waist_deg": 55.6361581135818,
    "object_angle_from_waist_x_deg": 55.63615811358181
  },
  "gripper": {
    "open_ok": true,
    "close_ok": true,
    "final_pos_pct": 89.0,
    "backend": "modbus_rtu"
  },
  "ok": true
}
[GRASP-EXEC] saved result json: /tmp/grasp_exec.json
[GRASP-EXEC] saved handoff: /tmp/grasp_handoff.json (arm=right holding=True)
