[日志] 日志文件: logs/grasp/grasp_260706_161714.log
[日志] 执行命令: python3 -m compliant_grasp_execute.main
[INFO] [1783325834.755686287] [XARM_manager]: waiting for service /controller_manager/get_parameters to become available...
[INFO] [1783325837.515577793] [XARM_manager]: XARM_manager initialized, robot_type: tianyi2, run_type: real
[INFO] [1783325837.522306505] [XARM_manager]: 已订阅关节状态话题: /joint_states
[INFO] [1783325837.527739675] [XARM_manager]: 已订阅警告和错误信息话题: /manipulator/warn_and_error_info
[INFO] [1783325837.536837866] [XARM_manager]: /joint_action_report 服务已启动
[CONFIG] loaded 198 params from /home/ubuntu/niu/compliant_grasp_execute/config.yaml
[GRASP-EXEC] STARTUP: enabling arms and moving BOTH to home posture
[INFO] [1783325843.684955391] [XARM_manager]: Deactivated controllers: ['jointspace_arm_R_controller']
[GRASP-EXEC] STARTUP: left -> home joints=['0.000', '1.180', '0.000', '-1.300', '1.400', '-0.130', '0.180']
[INFO] [1783325843.707969108] [XARM_manager]: Activated controllers: ['jointspace_arm_L_controller']
[INFO] [1783325843.722336264] [XARM_manager]: Sending goal to action server /jointspace_arm_L_controller/jointspace (attempt 1/3):
eai_manipulator_msgs.action.JointSpace_Goal(target_positions=[0.0, 1.18, 0.0, -1.3, 1.4, -0.13, 0.18])
[INFO] [1783325843.724863440] [XARM_manager]: Goal accepted. Waiting for result...
[INFO] [1783325843.894211772] [XARM_manager]: Action result received from /jointspace_arm_L_controller/jointspace
[INFO] [1783325843.894865427] [XARM_manager]: Action result: eai_manipulator_msgs.action.JointSpace_Result(success=True, result_msg='action finished')
[GRASP-EXEC] STARTUP: right -> home joints=['0.000', '-1.180', '0.000', '-1.300', '-1.400', '-0.130', '0.180']
[INFO] [1783325843.910716006] [XARM_manager]: Activated controllers: ['jointspace_arm_R_controller']
[INFO] [1783325843.929750469] [XARM_manager]: Sending goal to action server /jointspace_arm_R_controller/jointspace (attempt 1/3):
eai_manipulator_msgs.action.JointSpace_Goal(target_positions=[0.0, -1.18, 0.0, -1.3, -1.4, -0.13, 0.18])
[INFO] [1783325844.673015881] [XARM_manager]: Goal accepted. Waiting for result...
[INFO] [1783325844.794794064] [XARM_manager]: Action result received from /jointspace_arm_R_controller/jointspace
[INFO] [1783325844.795060700] [XARM_manager]: Action result: eai_manipulator_msgs.action.JointSpace_Result(success=True, result_msg='action finished')
[GRASP-EXEC] STARTUP: activating both grippers (open/close cycle)
[robotiq_api] gripper already activated (gSTA==3); skip resetActivate()
[GRASP-EXEC] STARTUP: gripper 'left' activated
[robotiq_api] gripper already activated (gSTA==3); skip resetActivate()
[GRASP-EXEC] STARTUP: gripper 'right' activated
perception health check pass
[object_pose] RGB (720, 1280, 3), depth (720, 1280), valid-depth pixels: 900618/921600 (median valid depth 1.153 m)
[GRASP-EXEC] ARM-SELECT: object waist Y=-0.152m (y < boundary 0.000) -> 'right' arm
[GRASP-EXEC] diagonal schedule: angle-from-X=89.77212439028689deg -> tilt_scale=0.50, yaw_clamp=45.0deg (freed wrist_pitch, raised jaw alignment)
[GRASP-EXEC] applied grasp tilt +22.5deg about waist Y (tilt scale 1.00 x diag 0.50) -> quat=['0.3570', '0.4408', '-0.6186', '-0.5437']
[GRASP-EXEC] continuous orientation: object long-axis yaw +89.8deg (angle-from-X 89.8deg); applied continuous yaw +45.0deg about waist Z (gain=1.00, clamp +/-45deg) -> quat=['0.1611', '0.5438', '-0.7796', '-0.2656']
[GRASP-EXEC] recomputed TCP along final quat: detected_tcp_xyz=['0.4241', '-0.1262', '-0.0368'] -> consistent_tcp_xyz=['0.5445', '-0.3545', '0.0767']
[GRASP-EXEC] approach lateral clamp: approach Y -0.4459 -> -0.3545 (= grasp Y); tool_z outboard component would have pushed the standoff further from center than the grasp, which folds the elbow into its stop at far-outboard reaches.
[GRASP-EXEC] approach along grasp axis: dist=0.120m tool_z=[-0.540,-0.762,0.357] approach_xyz=['0.4997', '-0.3545', '0.1245']
[GRASP-EXEC] applied lift tilt -15.0deg about waist Y -> lift quat=['0.2615', '0.5738', '-0.7519', '-0.1923']
[GRASP-EXEC] detected class=remote-control detected_pose7=['0.4241', '-0.1262', '-0.0368', '0.0056', '-0.7315', '-0.0706', '0.6782'] -> motion grasp_pose7=['0.5645', '-0.3545', '0.0817', '0.1611', '0.5438', '-0.7796', '-0.2656']
[INFO] [1783325848.631246099] [XARM_manager]: Deactivated controllers: ['jointspace_arm_L_controller', 'jointspace_arm_R_controller']
[GRASP-EXEC] arms enabled (mode 3) [took 0.02s]
[JOINT-LIMIT] right: using live controller limits from endpose_single_arm_qp_R_controller
[GRASP-EXEC] joint-limit guard ON (margin 0.050 rad) arm=right
[GRASP-EXEC] gripper: arm='right' -> stable by-id port /dev/serial/by-id/usb-FTDI_FT231X_USB_UART_D30JLK40-if00-port0
[GRASP-EXEC] gripper: connecting in background (overlaps arm enable + approach to hide the slow serial open; --no-gripper-async-connect for the old blocking behaviour)
[GRASP-EXEC] ARM: approach via qp_stream
[GRASP-EXEC] ELBOW-HIGH (proactive): object long axis ~parallel to body (angle-from-X=89.77212439028689 >= 45.0deg); the elbow-high seed's fore-aft jaws match a parallel object's short axis; reconfiguring to elbow-high seed before approach.
[GRASP-EXEC] elbow-high seed ready/right: clamped 1 joint(s) inward (margin 0.05rad): shoulder_yaw +2.964->+2.910 [-2.960,2.960]
[GRASP-EXEC] ELBOW-HIGH: reconfiguring right arm into elbow-high seed (jointspace, via transition waypoint). NOTE: jointspace moves run at the controller's own speed; watch the first reconfiguration for table/body clearance.
[GRASP-EXEC] ELBOW-HIGH: right -> transition joints=['-1.452', '-0.585', '1.455', '-1.870', '-0.746', '-0.142', '0.087']
[INFO] [1783325848.682377606] [XARM_manager]: Activated controllers: ['jointspace_arm_R_controller']
[INFO] [1783325848.683597590] [XARM_manager]: Sending goal to action server /jointspace_arm_R_controller/jointspace (attempt 1/3):
eai_manipulator_msgs.action.JointSpace_Goal(target_positions=[-1.4525, -0.5845, 1.455, -1.87, -0.7456999999999999, -0.14179999999999998, 0.08685])
[INFO] [1783325848.688816645] [XARM_manager]: Goal accepted. Waiting for result...
[robotiq_api] gripper already activated (gSTA==3); skip resetActivate()
[GRASP-EXEC] gripper: cached serial port /dev/serial/by-id/usb-FTDI_FT231X_USB_UART_D30JLK40-if00-port0 -> /tmp/robotiq_gripper_port.txt
[GRASP-EXEC] gripper controller ready: backend=modbus_rtu port=auto slave=9 (wait_timeout=8.0s) [connect took 0.04s]
[INFO] [1783325850.541784476] [XARM_manager]: Action result received from /jointspace_arm_R_controller/jointspace
[INFO] [1783325850.542035270] [XARM_manager]: Action result: eai_manipulator_msgs.action.JointSpace_Result(success=True, result_msg='action finished')
[GRASP-EXEC] ELBOW-HIGH: transition move result: eai_manipulator_msgs.action.JointSpace_Result(success=True, result_msg='action finished')
[GRASP-EXEC] ELBOW-HIGH: right -> ready joints=['-2.905', '0.011', '2.910', '-2.440', '-0.091', '-0.154', '-0.006']
[INFO] [1783325850.544723678] [XARM_manager]: Sending goal to action server /jointspace_arm_R_controller/jointspace (attempt 1/3):
eai_manipulator_msgs.action.JointSpace_Goal(target_positions=[-2.905, 0.011, 2.91, -2.44, -0.0914, -0.1536, -0.0063])
[INFO] [1783325850.546020783] [XARM_manager]: Goal accepted. Waiting for result...
[INFO] [1783325852.403523994] [XARM_manager]: Action result received from /jointspace_arm_R_controller/jointspace
[INFO] [1783325852.403998291] [XARM_manager]: Action result: eai_manipulator_msgs.action.JointSpace_Result(success=True, result_msg='action finished')
[GRASP-EXEC] ELBOW-HIGH: ready move result: eai_manipulator_msgs.action.JointSpace_Result(success=True, result_msg='action finished')
[JOINT-LIMIT] right closest-to-limit: shoulder_pitch=-2.7909 [-2.96,2.96] dist=0.1691rad
[GRASP-EXEC] continuous orientation: object long-axis yaw +89.8deg (angle-from-X 89.8deg); applied continuous yaw -10.3deg about waist Z (gain=1.00, clamp +/-90deg) [top-down jaw-align: base jaw heading -169.9deg -> short-axis +179.8deg] -> quat=['-0.2426', '-0.2515', '0.9348', '-0.0634']
[GRASP-EXEC] recomputed TCP along final quat: detected_tcp_xyz=['0.4241', '-0.1262', '-0.0368'] -> consistent_tcp_xyz=['0.5760', '-0.2849', '0.1829']
[GRASP-EXEC] approach lateral clamp: approach Y -0.3451 -> -0.2849 (= grasp Y); tool_z outboard component would have pushed the standoff further from center than the grasp, which folds the elbow into its stop at far-outboard reaches.
[GRASP-EXEC] approach along grasp axis: dist=0.120m tool_z=[-0.422,-0.501,0.756] approach_xyz=['0.5454', '-0.2849', '0.2786']
[GRASP-EXEC] applied lift tilt -15.0deg about waist Y -> lift quat=['-0.3625', '-0.2411', '0.8952', '-0.0957']
[GRASP-EXEC] ELBOW-HIGH: using SEED grasp orientation (proactive); rebuilt grasp/approach/lift poses. The seed-anchored mode keeps the orientation the arm is already in, so the approach only translates and the wrist stays in range.
[GRASP-EXEC] ELBOW-HIGH QP joint window set on endpose_single_arm_qp_R_controller (flex 0.40rad, drop 0.15rad): shoulder_pitch[-2.96,-2.64], shoulder_roll[-0.54,0.01], shoulder_yaw[2.41,2.96], elbow_pitch[-2.61,-2.14], elbow_yaw[-0.55,-0.00]. Asymmetric: tight on the drop side so the elbow is actually held high; loose on the flex side so the arm can still reach.
[GRASP-EXEC] ELBOW-HIGH: wrist guard margin relaxed to 0.010rad (from 0.050) so the nose-down grasp can reach wrist_pitch~-0.71 (still inside the -0.785 stop). Other joints keep the full margin.
[INFO] [1783325852.423240539] [XARM_manager]: Deactivated controllers: ['jointspace_arm_R_controller']
[INFO] [1783325852.433357771] [XARM_manager]: Activated controllers: ['endpose_single_arm_qp_R_controller']
[GRASP-EXEC] QP-Stream right -> approach (pure-pursuit): pos=37.7cm rot=16.5deg, lookahead=13cm @ 50Hz, pos_tol=2.0cm accept=2.5cm keep_ori=False
[GRASP-EXEC] approach TCP tracking: commanded=[0.5454,-0.2849,0.2786] achieved=[0.5365,-0.2832,0.2609] err=[-9.0,+1.7,-17.7]mm |err|=19.9mm approach-axis tilt: achieved=+53.4deg commanded=+49.1deg (0=level) ori-err=4.6deg
[JOINT-LIMIT] right closest-to-limit: wrist_pitch=-0.7262 [-0.785,1.05] dist=0.0588rad
[JOINT-LIMIT] right approach per-joint: shoulder_pitch=-1.746[-2.96,+2.96](1.214) shoulder_roll=-0.505[-2.62,+0.26](0.767) shoulder_yaw=+2.343[-2.96,+2.96](0.617) elbow_pitch=-0.850[-2.61,+0.26](1.111) elbow_yaw=+0.769[-2.96,+2.96](2.191) wrist_pitch=-0.726[-0.79,+1.05](0.059) wrist_roll=-0.363[-1.30,+1.65](0.936)
[GRASP-EXEC] GRIPPER: open (after approach, before grasp insert)
[GRASP-EXEC] gripper already open enough: 1% (skip open command)
[GRASP-EXEC] ARM: HYBRID pre-descent (position QP-stream) -> 6.4cm, leaving final 3.0cm for F/T compliant descend-to-contact
[GRASP-EXEC] QP-Stream right -> pre-grasp (pure-pursuit): pos=6.4cm rot=0.0deg, lookahead=8cm @ 50Hz, pos_tol=1.0cm accept=2.5cm keep_ori=True
[GRASP-EXEC] QP-Stream pre-grasp: ABORT joint-limit guard - 'wrist_pitch'=-0.7752 within 0.010rad of limit [-0.785,1.05] (side=lower); holding pose to avoid the hard stop
[GRASP-EXEC] ARM: COMPLIANT insert to grasp pose (F/T admittance descend-to-contact)
[INFO] [1783325859.025150077] [XARM_manager]: [COMPLIANT-RIGHT] Loaded F/T calibration from /home/ubuntu/niu/compliant_grasp_execute/ft_calibration/ft_calibration_right.json
[INFO] [1783325859.026022325] [XARM_manager]: [COMPLIANT-RIGHT] target set: p=[0.5649697038012603, -0.28084269091748415, 0.21130136365767307] q=[-0.2122077568962356, -0.24621621046603276, 0.9431842344321767, -0.06891259344563339]
[INFO] [1783325859.026653914] [XARM_manager]: [COMPLIANT-RIGHT] seeded QP target at captured pose (z=+0.2113).
[INFO] [1783325859.027394892] [XARM_manager]: [COMPLIANT-RIGHT] admittance loop starting (calibrating force offset; keep hands off the arm briefly)...
[INFO] [1783325859.355646919] [XARM_manager]: [COMPLIANT-RIGHT] runtime offset calibrated. p_ref=[0.5649697038012603, -0.28084269091748415, 0.21130136365767307], ready.
[COMPLIANT-INSERT] runtime force-offset calibrated in 0.34s
[INFO] [1783325859.371359782] [XARM_manager]: [COMPLIANT-RIGHT] gains updated: B=[3.9597979746446663, 5.6, 3.9597979746446663] K=[20.0, 40.0, 20.0] B_rot=[0.5, 0.5, 0.5] K_rot=[0.0, 0.0, 0.0]
[COMPLIANT-INSERT] insertion dir=[+0.79,-0.10,-0.60] planned_depth=3.9cm soft_axes=xz K=[20.0, 40.0, 20.0] B=[3.96, 5.6, 3.96] contact_thresh=1.5N
[COMPLIANT-INSERT] ABORT joint-limit guard - 'wrist_pitch'=-0.7793 within 0.010rad of limit; holding compliant pose
[COMPLIANT-INSERT] insert aborted by joint-limit guard after tcp_drop 0.2cm
[GRASP-EXEC] grasp TCP tracking: commanded=[0.5960,-0.2849,0.1879] achieved=[0.5638,-0.2877,0.2097] err=[-32.2,-2.8,+21.8]mm |err|=39.0mm approach-axis tilt: achieved=+56.8deg commanded=+49.1deg (0=level) ori-err=7.9deg
[JOINT-LIMIT] right closest-to-limit: wrist_pitch=-0.7793 [-0.785,1.05] dist=0.0057rad  BREACHED(<= 0.05): wrist_pitch
[JOINT-LIMIT] right grasp per-joint: shoulder_pitch=-1.535[-2.96,+2.96](1.425) shoulder_roll=-0.246[-2.62,+0.26](0.508) shoulder_yaw=+2.723[-2.96,+2.96](0.237) elbow_pitch=-0.334[-2.61,+0.26](0.595) elbow_yaw=+0.613[-2.96,+2.96](2.347) wrist_pitch=-0.779[-0.79,+1.05](0.006) wrist_roll=-0.675[-1.30,+1.65](0.625)
[GRASP-EXEC] grasp insert failed to reach target; retrying with reduced long-axis alignment (yaw scale 0.50)
[GRASP-EXEC] continuous orientation: object long-axis yaw +89.8deg (angle-from-X 89.8deg); applied continuous yaw -1.8deg about waist Z (gain=1.00, clamp +/-90deg x scale 0.50) [top-down jaw-align: base jaw heading -176.7deg -> short-axis +179.8deg] -> quat=['-0.2894', '-0.3488', '0.8824', '-0.1265']
[GRASP-EXEC] recomputed TCP along final quat: detected_tcp_xyz=['0.4241', '-0.1262', '-0.0368'] -> consistent_tcp_xyz=['0.5758', '-0.3349', '0.1386']
[GRASP-EXEC] ELBOW-HIGH seed retry: yaw scale 0.50
[GRASP-EXEC] approach lateral clamp: approach Y -0.4176 -> -0.3349 (= grasp Y); tool_z outboard component would have pushed the standoff further from center than the grasp, which folds the elbow into its stop at far-outboard reaches.
[GRASP-EXEC] approach along grasp axis: dist=0.120m tool_z=[-0.422,-0.689,0.589] approach_xyz=['0.5451', '-0.3349', '0.2143']
[GRASP-EXEC] applied lift tilt -15.0deg about waist Y -> lift quat=['-0.4021', '-0.3293', '0.8370', '-0.1710']
[GRASP-EXEC] QP-Stream right -> approach (pure-pursuit): pos=5.1cm rot=22.2deg, lookahead=13cm @ 50Hz, pos_tol=2.0cm accept=2.5cm keep_ori=False
[INFO] [1783325860.271732785] [XARM_manager]: [COMPLIANT-RIGHT] n=200 hz=221.1 F=[+0.00,-1.07,+2.53]N disp=[-1.5,-2.1,-0.9]cm v=[+0.14,-0.05,+0.20]
[INFO] [1783325861.187612962] [XARM_manager]: [COMPLIANT-RIGHT] n=400 hz=220.5 F=[+0.00,-0.82,-1.51]N disp=[-0.9,-1.5,-1.5]cm v=[+0.03,-0.00,-0.16]
[INFO] [1783325862.128117744] [XARM_manager]: [COMPLIANT-RIGHT] n=600 hz=214.6 F=[+0.00,+0.00,+0.00]N disp=[-1.4,-1.1,-2.1]cm v=[+0.07,+0.08,+0.11]
[INFO] [1783325863.070922065] [XARM_manager]: [COMPLIANT-RIGHT] n=800 hz=215.1 F=[+0.00,-0.54,-1.02]N disp=[-1.2,-1.1,-1.4]cm v=[+0.06,+0.05,+0.01]
[INFO] [1783325864.004511163] [XARM_manager]: [COMPLIANT-RIGHT] n=1000 hz=216.5 F=[-1.45,+4.13,+12.24]N disp=[-2.4,-3.3,-2.5]cm v=[+0.04,+0.20,+0.20]
[INFO] [1783325864.926083644] [XARM_manager]: [COMPLIANT-RIGHT] n=1200 hz=218.7 F=[+0.00,+0.00,-0.50]N disp=[-2.5,-2.5,-1.1]cm v=[+0.13,+0.18,-0.16]
[INFO] [1783325865.864840970] [XARM_manager]: [COMPLIANT-RIGHT] n=1400 hz=215.6 F=[+0.00,+0.00,-1.18]N disp=[-2.1,-1.6,-1.3]cm v=[+0.11,+0.10,-0.18]
[INFO] [1783325866.791573412] [XARM_manager]: [COMPLIANT-RIGHT] n=1600 hz=218.5 F=[+0.00,+0.00,+4.23]N disp=[-2.3,-2.4,-2.6]cm v=[+0.11,+0.17,+0.20]
[GRASP-EXEC] QP-Stream approach: finished by deadline, 3.3cm from target
[GRASP-EXEC] QP-Stream approach: WARNING target not reached within 2.5cm (final 3.3cm)
[GRASP-EXEC] approach TCP tracking: commanded=[0.5451,-0.3349,0.2143] achieved=[0.5424,-0.3029,0.2054] err=[-2.7,+32.0,-8.9]mm |err|=33.4mm approach-axis tilt: achieved=+50.4deg commanded=+36.1deg (0=level) ori-err=16.0deg
[JOINT-LIMIT] right closest-to-limit: wrist_pitch=-0.6747 [-0.785,1.05] dist=0.1103rad
[JOINT-LIMIT] right approach per-joint: shoulder_pitch=-1.537[-2.96,+2.96](1.423) shoulder_roll=-0.494[-2.62,+0.26](0.756) shoulder_yaw=+2.184[-2.96,+2.96](0.776) elbow_pitch=-0.674[-2.61,+0.26](0.935) elbow_yaw=+0.954[-2.96,+2.96](2.006) wrist_pitch=-0.675[-0.79,+1.05](0.110) wrist_roll=-0.490[-1.30,+1.65](0.810)
[INFO] [1783325867.538694730] [XARM_manager]: [COMPLIANT-RIGHT] admittance loop stopped.
[JOINT-LIMIT] right closest-to-limit: wrist_pitch=-0.6747 [-0.785,1.05] dist=0.1103rad
[JOINT-LIMIT] right lift per-joint: shoulder_pitch=-1.537[-2.96,+2.96](1.423) shoulder_roll=-0.494[-2.62,+0.26](0.756) shoulder_yaw=+2.184[-2.96,+2.96](0.776) elbow_pitch=-0.674[-2.61,+0.26](0.935) elbow_yaw=+0.954[-2.96,+2.96](2.006) wrist_pitch=-0.675[-0.79,+1.05](0.110) wrist_roll=-0.490[-1.30,+1.65](0.810)
[GRASP-EXEC] ELBOW-HIGH QP joint limits restored on endpose_single_arm_qp_R_controller (back to hard limits).
[GRASP-EXEC] ELBOW-HIGH: wrist guard margin restored to full.
[INFO] [1783325867.565695343] [XARM_manager]: Deactivated controllers: ['endpose_single_arm_qp_R_controller']
[GRASP-EXEC] elbow-high seed ready/right: clamped 1 joint(s) inward (margin 0.05rad): shoulder_yaw +2.964->+2.910 [-2.960,2.960]
[GRASP-EXEC] ELBOW-HIGH: returning via transition waypoint before home (bridges elbow-high -> elbow-low without a large sweep).
[GRASP-EXEC] ELBOW-HIGH: right -> transition(return) joints=['-1.452', '-0.585', '1.455', '-1.870', '-0.746', '-0.142', '0.087']
[INFO] [1783325867.584889884] [XARM_manager]: Activated controllers: ['jointspace_arm_R_controller']
[INFO] [1783325867.586069700] [XARM_manager]: Sending goal to action server /jointspace_arm_R_controller/jointspace (attempt 1/3):
eai_manipulator_msgs.action.JointSpace_Goal(target_positions=[-1.4525, -0.5845, 1.455, -1.87, -0.7456999999999999, -0.14179999999999998, 0.08685])
[INFO] [1783325867.587632489] [XARM_manager]: Goal accepted. Waiting for result...
[INFO] [1783325869.623673276] [XARM_manager]: Action result received from /jointspace_arm_R_controller/jointspace
[INFO] [1783325869.624003716] [XARM_manager]: Action result: eai_manipulator_msgs.action.JointSpace_Result(success=True, result_msg='action finished')
[GRASP-EXEC] ELBOW-HIGH: transition(return) move result: eai_manipulator_msgs.action.JointSpace_Result(success=True, result_msg='action finished')
[GRASP-EXEC] RETURN HOME: right -> joints=['0.000', '-1.180', '0.000', '-1.300', '-1.400', '-0.130', '0.180']
[INFO] [1783325869.627466998] [XARM_manager]: Sending goal to action server /jointspace_arm_R_controller/jointspace (attempt 1/3):
eai_manipulator_msgs.action.JointSpace_Goal(target_positions=[0.0, -1.18, 0.0, -1.3, -1.4, -0.13, 0.18])
[INFO] [1783325869.629381842] [XARM_manager]: Goal accepted. Waiting for result...
[INFO] [1783325871.487165892] [XARM_manager]: Action result received from /jointspace_arm_R_controller/jointspace
[INFO] [1783325871.487459552] [XARM_manager]: Action result: eai_manipulator_msgs.action.JointSpace_Result(success=True, result_msg='action finished')
[GRASP-EXEC] return home result: eai_manipulator_msgs.action.JointSpace_Result(success=True, result_msg='action finished')
{
  "arm": "right",
  "pipeline_version": "accelerated",
  "motion_strategy": "qp_all",
  "dry_run": false,
  "motion": {
    "detected_pose7": [
      0.42407143695494187,
      -0.12622642515613736,
      -0.0368066103762094,
      0.005556769471843304,
      -0.7315045007529637,
      -0.0705779037464967,
      0.678151197885799
    ],
    "approach_pose7": [
      0.545126727359968,
      -0.3349039532718861,
      0.21430180941318033,
      -0.2894028794591328,
      -0.3487997157414267,
      0.8823670529356238,
      -0.1265429395626828
    ],
    "grasp_pose7": [
      0.5958198692425817,
      -0.3349039532718861,
      0.14360147381490931,
      -0.2894028794591328,
      -0.3487997157414267,
      0.8823670529356238,
      -0.1265429395626828
    ],
    "lift_pose7": [
      0.5958198692425817,
      -0.3349039532718861,
      0.2636014738149093,
      -0.4020990092666571,
      -0.32929851776703417,
      0.8370436246052579,
      -0.17098784591572333
    ],
    "pre_home_pose7": [
      0.4158198692425817,
      -0.43490395327188613,
      0.31360147381490927,
      -0.4020990092666571,
      -0.32929851776703417,
      0.8370436246052579,
      -0.17098784591572333
    ],
    "grasp_xyz_offset_m": [
      0.02,
      0.0,
      0.005
    ],
    "grasp_quat": [
      -0.2894028794591328,
      -0.3487997157414267,
      0.8823670529356238,
      -0.1265429395626828
    ],
    "use_fixed_grasp_quat": true,
    "phase_backends": {
      "approach": "qp_stream",
      "grasp": "qp_stream",
      "lift": "qp_stream"
    },
    "joint_limits_used": {
      "shoulder_pitch": [
        -2.96,
        2.96
      ],
      "shoulder_roll": [
        -2.616,
        0.262
      ],
      "shoulder_yaw": [
        -2.96,
        2.96
      ],
      "elbow_pitch": [
        -2.61,
        0.261
      ],
      "elbow_yaw": [
        -2.96,
        2.96
      ],
      "wrist_pitch": [
        -0.785,
        1.05
      ],
      "wrist_roll": [
        -1.3,
        1.65
      ]
    },
    "elbow_high_proactive_used": true,
    "elbow_high_orientation": "seed",
    "approach_tcp_tracking": {
      "commanded_xyz": [
        0.545126727359968,
        -0.3349039532718861,
        0.21430180941318033
      ],
      "achieved_xyz": [
        0.5424361974344618,
        -0.30287097715314004,
        0.20535830345049516
      ],
      "error_mm": [
        -2.6905299255062243,
        32.032976118746056,
        -8.943505962685173
      ],
      "error_norm_mm": 33.36670210267693,
      "achieved_quat": [
        -0.2320611281516035,
        -0.24667416917685378,
        0.9378892267885123,
        -0.07525480274348408
      ],
      "approach_axis_tilt_deg": 50.40770671306634,
      "commanded_approach_axis_tilt_deg": 36.09809292666018,
      "orientation_error_deg": 15.986419282715369
    },
    "approach_joint_limits": {
      "closest": {
        "joint": "wrist_pitch",
        "value": -0.6747,
        "lower": -0.785,
        "upper": 1.05,
        "dist_to_limit": 0.1103,
        "nearest_side": "lower"
      },
      "breached": [],
      "margin_rad": 0.05
    },
    "compliant_insert": {
      "ok": false,
      "contact": false,
      "reason": "joint_limit_abort",
      "resist_n": 5.02588022629888,
      "traveled_m": 0.0016952321017335383,
      "planned_depth_m": 0.03909163865256339,
      "ft_topic": "/arm_6dof_right",
      "calib_path": "/home/ubuntu/niu/compliant_grasp_execute/ft_calibration/ft_calibration_right.json",
      "calib_present": true,
      "commanded_m": 0.0,
      "throttle_events": 0
    },
    "grasp_tcp_tracking": {
      "commanded_xyz": [
        0.5960390131478019,
        -0.284941824469942,
        0.18793362235923766
      ],
      "achieved_xyz": [
        0.5638319092723948,
        -0.28773050585235865,
        0.2097381689517796
      ],
      "error_mm": [
        -32.20710387540715,
        -2.788681382416669,
        21.80454659254194
      ],
      "error_norm_mm": 38.99374996073391,
      "achieved_quat": [
        -0.20381259953077357,
        -0.19973450847416055,
        0.95532288800566,
        -0.07697226805557456
      ],
      "approach_axis_tilt_deg": 56.83860895599605,
      "commanded_approach_axis_tilt_deg": 49.0980929266602,
      "orientation_error_deg": 7.928127394669947
    },
    "grasp_joint_limits": {
      "closest": {
        "joint": "wrist_pitch",
        "value": -0.7793,
        "lower": -0.785,
        "upper": 1.05,
        "dist_to_limit": 0.0057,
        "nearest_side": "lower"
      },
      "breached": [
        {
          "joint": "wrist_pitch",
          "value": -0.7793,
          "lower": -0.785,
          "upper": 1.05,
          "dist_to_limit": 0.0057,
          "nearest_side": "lower"
        }
      ],
      "margin_rad": 0.05
    },
    "grasp_reach_retry_used": true,
    "grasp_reach_retry_yaw_scale": 0.5,
    "lift_joint_limits": {
      "closest": {
        "joint": "wrist_pitch",
        "value": -0.6747,
        "lower": -0.785,
        "upper": 1.05,
        "dist_to_limit": 0.1103,
        "nearest_side": "lower"
      },
      "breached": [],
      "margin_rad": 0.05
    },
    "retract_ok": null,
    "return_home_ok": true,
    "released_on_finish_ok": null,
    "approach_ok": false,
    "grasp_ok": false,
    "lift_ok": true
  },
  "detection": {
    "class_name": "remote-control",
    "pose_head_roll_link": [
      0.9132751792860286,
      -0.14380382611902892,
      -0.034628806150304565,
      0.6494332411646152,
      0.6685034877367824,
      0.27250336546424164,
      0.23891728268344795
    ],
    "pose_tip_waist_yaw_link_rpy": {
      "x": 0.6881896670823753,
      "y": -0.1516877985212787,
      "z": -0.01811760342792479,
      "roll": 3.0984757246651577,
      "pitch": -0.056801705966189386,
      "yaw": 1.5668191471204138
    },
    "pose_tip_used_for_tcp_conversion_rpy": {
      "x": 0.6881896670823753,
      "y": -0.1516877985212787,
      "z": -0.01811760342792479,
      "roll": 2.1359496032333967,
      "pitch": -1.4392247296095686,
      "yaw": -2.228135348826707
    },
    "pose_tcp_waist_yaw_link_rpy": {
      "x": 0.42407143695494187,
      "y": -0.12622642515613736,
      "z": -0.0368066103762094,
      "roll": 2.1359496032333967,
      "pitch": -1.4392247296095686,
      "yaw": -2.228135348826707
    },
    "pose_tcp_waist_yaw_link_pose7": [
      0.42407143695494187,
      -0.12622642515613736,
      -0.0368066103762094,
      0.005556769471843304,
      -0.7315045007529637,
      -0.0705779037464967,
      0.678151197885799
    ],
    "current_tcp_pose7": [
      0.35168538175447056,
      -0.595323340674725,
      0.2750052143904359,
      0.005556769471843304,
      -0.7315045007529637,
      -0.0705779037464967,
      0.678151197885799
    ],
    "tcp_minus_tip_waist_m": [
      -0.2641182301274334,
      0.025461373365141343,
      -0.01868900694828461
    ],
    "tcp_to_tip_offset_m": [
      0.0,
      0.0,
      -0.266
    ],
    "orientation_policy": "current",
    "use_current_tcp_rotation": true,
    "rotation_source_arm": "right",
    "bbox_2d": [
      681.1033935546875,
      252.9575653076172,
      865.7691650390625,
      289.4129943847656
    ],
    "bbox_3d": {
      "min": [
        0.8932864957587873,
        -0.23493557858739478,
        -0.05528639731222623
      ],
      "max": [
        0.951010240955607,
        -0.05543279231718585,
        -0.014490751805802976
      ],
      "center": [
        0.9221483683571972,
        -0.1451841854522903,
        -0.034888574559014604
      ],
      "size": [
        0.057723745196819776,
        0.17950278627020894,
        0.040795645506423256
      ]
    },
    "object_long_axis_waist": [
      0.003970754877687315,
      0.9983793205846093,
      0.05677116640262217
    ],
    "object_long_axis_yaw_waist_deg": 89.77212439028689,
    "object_angle_from_waist_x_deg": 89.77212439028689
  },
  "gripper": {
    "open_ok": true,
    "close_ok": null,
    "final_pos_pct": null,
    "backend": "modbus_rtu"
  },
  "ok": false
}
[GRASP-EXEC] saved result json: /tmp/grasp_exec.json
[GRASP-EXEC] saved handoff: /tmp/grasp_handoff.json (arm=right holding=False)
