[日志] 日志文件: logs/grasp/grasp_260707_145347.log
[日志] 执行命令: python3 -m compliant_grasp_execute.main
[INFO] [1783407227.981914057] [XARM_manager]: waiting for service /controller_manager/get_parameters to become available...
[INFO] [1783407228.238413493] [XARM_manager]: XARM_manager initialized, robot_type: tianyi2, run_type: real
[INFO] [1783407228.244966661] [XARM_manager]: 已订阅关节状态话题: /joint_states
[INFO] [1783407228.250557936] [XARM_manager]: 已订阅警告和错误信息话题: /manipulator/warn_and_error_info
[INFO] [1783407228.264738775] [XARM_manager]: /joint_action_report 服务已启动
[CONFIG] loaded 201 params from /home/ubuntu/niu/compliant_grasp_execute/config.yaml
[GRASP-EXEC] STARTUP: enabling arms and moving BOTH to home posture
[INFO] [1783407234.914256233] [XARM_manager]: Deactivated controllers: ['jointspace_arm_L_controller']
[GRASP-EXEC] STARTUP: left -> home joints=['0.844', '0.026', '-0.006', '-2.216', '-1.529', '0.250', '0.683']
[INFO] [1783407234.937565807] [XARM_manager]: Activated controllers: ['jointspace_arm_L_controller']
[INFO] [1783407234.950816741] [XARM_manager]: Sending goal to action server /jointspace_arm_L_controller/jointspace (attempt 1/3):
eai_manipulator_msgs.action.JointSpace_Goal(target_positions=[0.844, 0.026, -0.006, -2.216, -1.529, 0.25, 0.683])
[INFO] [1783407234.953987818] [XARM_manager]: Goal accepted. Waiting for result...
[INFO] [1783407235.407011578] [XARM_manager]: Action result received from /jointspace_arm_L_controller/jointspace
[INFO] [1783407235.407515739] [XARM_manager]: Action result: eai_manipulator_msgs.action.JointSpace_Result(success=True, result_msg='action finished')
[GRASP-EXEC] STARTUP: right -> home joints=['0.844', '-0.026', '0.006', '-2.216', '1.529', '0.250', '-0.683']
[INFO] [1783407235.419960633] [XARM_manager]: Activated controllers: ['jointspace_arm_R_controller']
[INFO] [1783407235.431694734] [XARM_manager]: Sending goal to action server /jointspace_arm_R_controller/jointspace (attempt 1/3):
eai_manipulator_msgs.action.JointSpace_Goal(target_positions=[0.844, -0.026, 0.006, -2.216, 1.529, 0.25, -0.683])
[INFO] [1783407235.433688814] [XARM_manager]: Goal accepted. Waiting for result...
[INFO] [1783407235.889997321] [XARM_manager]: Action result received from /jointspace_arm_R_controller/jointspace
[INFO] [1783407235.890237720] [XARM_manager]: Action result: eai_manipulator_msgs.action.JointSpace_Result(success=True, result_msg='action finished')
[GRASP-EXEC] STARTUP: activating both grippers (open/close cycle)
[robotiq_api] gripper already activated (gSTA==3); skip resetActivate()
[GRASP-EXEC] STARTUP: gripper 'left' activated
[robotiq_api] gripper already activated (gSTA==3); skip resetActivate()
[GRASP-EXEC] STARTUP: gripper 'right' activated
perception health check pass
[object_pose] RGB (720, 1280, 3), depth (720, 1280), valid-depth pixels: 855098/921600 (median valid depth 1.298 m)
[GRASP-EXEC] ARM-SELECT: object waist Y=+0.182m (y >= boundary 0.000) -> 'left' arm
[GRASP-EXEC] diagonal schedule: angle-from-X=88.01038180427109deg -> tilt_scale=0.50, yaw_clamp=45.0deg (freed wrist_pitch, raised jaw alignment)
[GRASP-EXEC] reach tilt reduction: object |Y|=0.182m -> tilt_scale=0.99 (backed the side-tilt off so the elbow can extend to a far-outboard object instead of folding into its stop)
[GRASP-EXEC] applied grasp tilt +22.3deg about waist Y (tilt scale 1.00 x diag 0.50 x reach 0.99) -> quat=['-0.3581', '0.4418', '0.6179', '-0.5429']
[GRASP-EXEC] continuous orientation: object long-axis yaw -88.0deg (angle-from-X 88.0deg); applied continuous yaw -45.0deg about waist Z (gain=1.00, clamp +/-45deg) -> quat=['-0.1618', '0.5452', '0.7787', '-0.2651']
[GRASP-EXEC] recomputed TCP along final quat: detected_tcp_xyz=['0.3750', '0.2287', '-0.1387'] -> consistent_tcp_xyz=['0.4598', '0.3846', '0.0827']
[GRASP-EXEC] approach lateral clamp: approach Y +0.4762 -> +0.3846 (= grasp Y); tool_z outboard component would have pushed the standoff further from center than the grasp, which folds the elbow into its stop at far-outboard reaches.
[GRASP-EXEC] approach along grasp axis: dist=0.120m tool_z=[-0.541,0.763,0.353] approach_xyz=['0.4349', '0.3846', '0.1301']
[GRASP-EXEC] applied lift tilt -15.0deg about waist Y -> lift quat=['-0.2620', '0.5751', '0.7509', '-0.1917']
[GRASP-EXEC] detected class=remote-control detected_pose7=['0.3750', '0.2287', '-0.1387', '0.6947', '0.5068', '-0.3431', '-0.3779'] -> motion grasp_pose7=['0.4998', '0.3846', '0.0877', '-0.1618', '0.5452', '0.7787', '-0.2651']
[INFO] [1783407239.454255779] [XARM_manager]: Deactivated controllers: ['jointspace_arm_L_controller', 'jointspace_arm_R_controller']
[GRASP-EXEC] arms enabled (mode 3) [took 0.02s]
[JOINT-LIMIT] left: using live controller limits from endpose_single_arm_qp_L_controller
[GRASP-EXEC] joint-limit guard ON (margin 0.050 rad) arm=left
[GRASP-EXEC] gripper: connecting in background (overlaps arm enable + approach to hide the slow serial open; --no-gripper-async-connect for the old blocking behaviour)
[GRASP-EXEC] ARM: approach via qp_stream
[GRASP-EXEC] ELBOW-HIGH (proactive): object long axis ~parallel to body (angle-from-X=88.01038180427109 >= 60.0deg); the elbow-high seed's fore-aft jaws match a parallel object's short axis; reconfiguring to elbow-high seed before approach.
[GRASP-EXEC] elbow-high seed ready/left: clamped 1 joint(s) inward (margin 0.05rad): shoulder_yaw -2.964->-2.910 [-2.960,2.960]
[GRASP-EXEC] ELBOW-HIGH: reconfiguring left arm into elbow-high seed (jointspace: home -> stage -> transition -> ready). NOTE: jointspace moves run at the controller's own speed; watch the first reconfiguration for table/body clearance.
[GRASP-EXEC] gripper: arm='left' -> stable by-id port /dev/serial/by-id/usb-FTDI_FT231X_USB_UART_DU0E2IPR-if00-port0
[GRASP-EXEC] ELBOW-HIGH: left -> stage joints=['0.000', '1.180', '0.000', '-1.300', '1.400', '-0.130', '0.180']
[INFO] [1783407239.504289049] [XARM_manager]: Activated controllers: ['jointspace_arm_L_controller']
[INFO] [1783407239.505422001] [XARM_manager]: Sending goal to action server /jointspace_arm_L_controller/jointspace (attempt 1/3):
eai_manipulator_msgs.action.JointSpace_Goal(target_positions=[0.0, 1.18, 0.0, -1.3, 1.4, -0.13, 0.18])
[INFO] [1783407239.509614011] [XARM_manager]: Goal accepted. Waiting for result...
[robotiq_api] gripper already activated (gSTA==3); skip resetActivate()
[GRASP-EXEC] gripper: cached serial port /dev/serial/by-id/usb-FTDI_FT231X_USB_UART_DU0E2IPR-if00-port0 -> /tmp/robotiq_gripper_port.txt
[GRASP-EXEC] gripper controller ready: backend=modbus_rtu port=auto slave=9 (wait_timeout=8.0s) [connect took 0.05s]
[INFO] [1783407242.463245854] [XARM_manager]: Action result received from /jointspace_arm_L_controller/jointspace
[INFO] [1783407242.463749588] [XARM_manager]: Action result: eai_manipulator_msgs.action.JointSpace_Result(success=True, result_msg='action finished')
[GRASP-EXEC] ELBOW-HIGH: stage move result: eai_manipulator_msgs.action.JointSpace_Result(success=True, result_msg='action finished')
[GRASP-EXEC] ELBOW-HIGH: left -> transition joints=['-1.452', '0.585', '-1.455', '-1.870', '0.746', '-0.142', '0.093']
[INFO] [1783407242.466530042] [XARM_manager]: Sending goal to action server /jointspace_arm_L_controller/jointspace (attempt 1/3):
eai_manipulator_msgs.action.JointSpace_Goal(target_positions=[-1.4525, 0.5845, -1.455, -1.87, 0.7456999999999999, -0.14179999999999998, 0.09315])
[INFO] [1783407242.469500052] [XARM_manager]: Goal accepted. Waiting for result...
[INFO] [1783407244.324733727] [XARM_manager]: Action result received from /jointspace_arm_L_controller/jointspace
[INFO] [1783407244.325006331] [XARM_manager]: Action result: eai_manipulator_msgs.action.JointSpace_Result(success=True, result_msg='action finished')
[GRASP-EXEC] ELBOW-HIGH: transition move result: eai_manipulator_msgs.action.JointSpace_Result(success=True, result_msg='action finished')
[GRASP-EXEC] ELBOW-HIGH: left -> ready joints=['-2.905', '-0.011', '-2.910', '-2.440', '0.091', '-0.154', '0.006']
[INFO] [1783407244.327906573] [XARM_manager]: Sending goal to action server /jointspace_arm_L_controller/jointspace (attempt 1/3):
eai_manipulator_msgs.action.JointSpace_Goal(target_positions=[-2.905, -0.011, -2.91, -2.44, 0.0914, -0.1536, 0.0063])
[INFO] [1783407244.330109456] [XARM_manager]: Goal accepted. Waiting for result...
[INFO] [1783407246.187262902] [XARM_manager]: Action result received from /jointspace_arm_L_controller/jointspace
[INFO] [1783407246.187510561] [XARM_manager]: Action result: eai_manipulator_msgs.action.JointSpace_Result(success=True, result_msg='action finished')
[GRASP-EXEC] ELBOW-HIGH: ready move result: eai_manipulator_msgs.action.JointSpace_Result(success=True, result_msg='action finished')
[JOINT-LIMIT] left closest-to-limit: shoulder_pitch=-2.7896 [-2.96,2.96] dist=0.1704rad
[GRASP-EXEC] continuous orientation: object long-axis yaw -88.0deg (angle-from-X 88.0deg); applied continuous yaw +11.7deg about waist Z (gain=1.00, clamp +/-90deg) [top-down jaw-align: base jaw heading +170.3deg -> short-axis +2.0deg] -> quat=['-0.2425', '0.2667', '0.9312', '0.0531']
[GRASP-EXEC] recomputed TCP along final quat: detected_tcp_xyz=['0.3750', '0.2287', '-0.1387'] -> consistent_tcp_xyz=['0.4911', '0.3206', '0.1856']
[GRASP-EXEC] approach lateral clamp: approach Y +0.3833 -> +0.3206 (= grasp Y); tool_z outboard component would have pushed the standoff further from center than the grasp, which folds the elbow into its stop at far-outboard reaches.
[GRASP-EXEC] approach along grasp axis: dist=0.120m tool_z=[-0.423,0.523,0.740] approach_xyz=['0.4803', '0.3206', '0.2794']
[GRASP-EXEC] applied lift tilt -15.0deg about waist Y -> lift quat=['-0.3620', '0.2575', '0.8916', '0.0875']
[GRASP-EXEC] ELBOW-HIGH: using SEED grasp orientation (proactive); rebuilt grasp/approach/lift poses. The seed-anchored mode keeps the orientation the arm is already in, so the approach only translates and the wrist stays in range.
[GRASP-EXEC] ELBOW-HIGH QP joint window set on endpose_single_arm_qp_L_controller (flex 0.40rad, drop 0.15rad): shoulder_pitch[-2.96,-2.64], shoulder_roll[-0.01,0.54], shoulder_yaw[-2.96,-2.41], elbow_pitch[-2.61,-2.14], elbow_yaw[0.00,0.55]. Asymmetric: tight on the drop side so the elbow is actually held high; loose on the flex side so the arm can still reach.
[GRASP-EXEC] ELBOW-HIGH: wrist guard margin relaxed to 0.010rad (from 0.050) so the nose-down grasp can reach wrist_pitch~-0.71 (still inside the -0.785 stop). Other joints keep the full margin.
[INFO] [1783407246.208563864] [XARM_manager]: Deactivated controllers: ['jointspace_arm_L_controller']
[INFO] [1783407246.218623388] [XARM_manager]: Activated controllers: ['endpose_single_arm_qp_L_controller']
[GRASP-EXEC] QP-Stream left -> approach (pure-pursuit): pos=35.6cm rot=17.6deg, lookahead=13cm @ 50Hz, pos_tol=2.0cm accept=2.5cm keep_ori=False
[GRASP-EXEC] approach TCP tracking: commanded=[0.4803,0.3206,0.2794] achieved=[0.4735,0.3195,0.2612] err=[-6.8,-1.1,-18.2]mm |err|=19.4mm approach-axis tilt: achieved=+51.6deg commanded=+47.7deg (0=level) ori-err=4.0deg
[JOINT-LIMIT] left closest-to-limit: wrist_pitch=-0.7279 [-0.785,1.05] dist=0.0571rad
[JOINT-LIMIT] left approach per-joint: shoulder_pitch=-1.688[-2.96,+2.96](1.272) shoulder_roll=+0.862[-0.26,+2.62](1.124) shoulder_yaw=-2.006[-2.96,+2.96](0.954) elbow_pitch=-1.257[-2.61,+0.26](1.353) elbow_yaw=-0.907[-2.96,+2.96](2.053) wrist_pitch=-0.728[-0.79,+1.05](0.057) wrist_roll=+0.106[-1.65,+1.30](1.194)
[GRASP-EXEC] GRIPPER: open (after approach, before grasp insert)
[GRASP-EXEC] gripper open: start=90% -> target=0%
[GRASP-EXEC] gripper open result: pos=1% status=3 ok=True
[GRASP-EXEC] ARM: HYBRID pre-descent (position QP-stream) -> 6.1cm, leaving final 3.0cm for F/T compliant descend-to-contact
[GRASP-EXEC] QP-Stream left -> pre-grasp (pure-pursuit): pos=6.3cm rot=0.0deg, lookahead=8cm @ 50Hz, pos_tol=1.0cm accept=2.5cm keep_ori=True
[GRASP-EXEC] ARM: COMPLIANT insert to grasp pose (F/T admittance descend-to-contact)
[INFO] [1783407251.783028913] [XARM_manager]: [COMPLIANT-LEFT] Loaded F/T calibration from /home/ubuntu/niu/compliant_grasp_execute/ft_calibration/ft_calibration_left.json
[INFO] [1783407251.804896111] [XARM_manager]: [COMPLIANT-LEFT] target set: p=[0.5036865588333514, 0.32018919636069565, 0.2120717899825176] q=[-0.2120273965075251, 0.26170624577595375, 0.9396601539906224, 0.059941797223778154]
[INFO] [1783407251.805361987] [XARM_manager]: [COMPLIANT-LEFT] seeded QP target at captured pose (z=+0.2121).
[INFO] [1783407251.805909203] [XARM_manager]: [COMPLIANT-LEFT] admittance loop starting (calibrating force offset; keep hands off the arm briefly)...
[INFO] [1783407252.134853879] [XARM_manager]: [COMPLIANT-LEFT] runtime offset calibrated. p_ref=[0.5036865588333514, 0.32018919636069565, 0.2120717899825176], ready.
[COMPLIANT-INSERT] runtime force-offset calibrated in 0.35s
[INFO] [1783407252.152472063] [XARM_manager]: [COMPLIANT-LEFT] gains updated: B=[3.9597979746446663, 5.6, 3.9597979746446663] K=[20.0, 40.0, 20.0] B_rot=[0.5, 0.5, 0.5] K_rot=[0.0, 0.0, 0.0]
[COMPLIANT-INSERT] insertion dir=[+0.79,+0.01,-0.62] planned_depth=3.5cm soft_axes=xz K=[20.0, 40.0, 20.0] B=[3.96, 5.6, 3.96] contact_thresh=1.5N
[INFO] [1783407252.868524204] [XARM_manager]: [COMPLIANT-LEFT] gains updated: B=[10.844353369380768, 10.844353369380768, 10.844353369380768] K=[150.0, 150.0, 150.0] B_rot=[0.5, 0.5, 0.5] K_rot=[0.0, 0.0, 0.0]
[INFO] [1783407252.869033206] [XARM_manager]: [COMPLIANT-LEFT] target set: p=[0.5045839163290456, 0.3190970744820866, 0.2001427765009009] q=[-0.2120273965075251, 0.26170624577595375, 0.9396601539906224, 0.059941797223778154]
[COMPLIANT-INSERT] CONTACT (force) at tcp_drop 0.8cm (resist 2.0N, thresh 1.5N); holding compliant for gripper close
[INFO] [1783407252.976140812] [XARM_manager]: [COMPLIANT-LEFT] n=200 hz=239.6 F=[-0.03,+0.00,-0.60]N disp=[+0.1,+0.1,-0.1]cm v=[-0.04,-0.01,-0.03]
[GRASP-EXEC] grasp TCP tracking: commanded=[0.5311,0.3206,0.1906] achieved=[0.5070,0.3206,0.2011] err=[-24.1,-0.0,+10.5]mm |err|=26.3mm approach-axis tilt: achieved=+49.0deg commanded=+47.7deg (0=level) ori-err=5.3deg
[JOINT-LIMIT] left closest-to-limit: wrist_pitch=-0.756 [-0.785,1.05] dist=0.029rad
[JOINT-LIMIT] left grasp per-joint: shoulder_pitch=-1.460[-2.96,+2.96](1.500) shoulder_roll=+0.689[-0.26,+2.62](0.951) shoulder_yaw=-1.885[-2.96,+2.96](1.075) elbow_pitch=-0.902[-2.61,+0.26](1.163) elbow_yaw=-1.118[-2.96,+2.96](1.842) wrist_pitch=-0.756[-0.79,+1.05](0.029) wrist_roll=+0.383[-1.65,+1.30](0.917)
[GRASP-EXEC] GRIPPER: close at grasp pose (after arm motion, not at approach)
[GRASP-EXEC] gripper close: start=1% -> target=100%
[INFO] [1783407253.805759566] [XARM_manager]: [COMPLIANT-LEFT] n=400 hz=241.6 F=[-1.11,+0.93,+5.42]N disp=[-0.8,+0.0,+0.9]cm v=[-0.02,+0.08,+0.20]
[GRASP-EXEC] gripper close result: pos=90% status=3 ok=True
[INFO] [1783407254.509812222] [XARM_manager]: [COMPLIANT-LEFT] admittance loop stopped.
[GRASP-EXEC] ARM: rotate wrist away from table -20deg about waist Y before lift
[GRASP-EXEC] QP-Stream left -> table-clear (pure-pursuit): pos=0.0cm rot=20.0deg, lookahead=13cm @ 50Hz, pos_tol=2.0cm accept=2.5cm keep_ori=False
[GRASP-EXEC] ARM: lift after grasp
[GRASP-EXEC] QP-Stream left -> lift (pure-pursuit): pos=11.9cm rot=0.0deg, lookahead=13cm @ 50Hz, pos_tol=2.0cm accept=2.5cm keep_ori=True
[GRASP-EXEC] QP-Stream lift: settled 2.5cm from target (QP steady-state; exiting without deadline hover)
[JOINT-LIMIT] left closest-to-limit: wrist_pitch=-0.7718 [-0.785,1.05] dist=0.0132rad
[JOINT-LIMIT] left lift per-joint: shoulder_pitch=-1.851[-2.96,+2.96](1.109) shoulder_roll=+0.606[-0.26,+2.62](0.868) shoulder_yaw=-2.324[-2.96,+2.96](0.636) elbow_pitch=-0.885[-2.61,+0.26](1.146) elbow_yaw=-0.777[-2.96,+2.96](2.183) wrist_pitch=-0.772[-0.79,+1.05](0.013) wrist_roll=+0.602[-1.65,+1.30](0.698)
[GRASP-EXEC] ELBOW-HIGH QP joint limits restored on endpose_single_arm_qp_L_controller (back to hard limits).
[GRASP-EXEC] ELBOW-HIGH: wrist guard margin restored to full.
[INFO] [1783407255.960271163] [XARM_manager]: Deactivated controllers: ['endpose_single_arm_qp_L_controller']
[GRASP-EXEC] elbow-high seed ready/left: clamped 1 joint(s) inward (margin 0.05rad): shoulder_yaw -2.964->-2.910 [-2.960,2.960]
[GRASP-EXEC] ELBOW-HIGH: returning via transition -> stage waypoints before home (unwinds elbow-high -> elbow-low without a large sweep).
[GRASP-EXEC] ELBOW-HIGH: left -> transition(return) joints=['-1.452', '0.585', '-1.455', '-1.870', '0.746', '-0.142', '0.093']
[INFO] [1783407255.978973178] [XARM_manager]: Activated controllers: ['jointspace_arm_L_controller']
[INFO] [1783407255.979810032] [XARM_manager]: Sending goal to action server /jointspace_arm_L_controller/jointspace (attempt 1/3):
eai_manipulator_msgs.action.JointSpace_Goal(target_positions=[-1.4525, 0.5845, -1.455, -1.87, 0.7456999999999999, -0.14179999999999998, 0.09315])
[INFO] [1783407255.980934425] [XARM_manager]: Goal accepted. Waiting for result...
[INFO] [1783407257.888496241] [XARM_manager]: Action result received from /jointspace_arm_L_controller/jointspace
[INFO] [1783407257.888951047] [XARM_manager]: Action result: eai_manipulator_msgs.action.JointSpace_Result(success=True, result_msg='action finished')
[GRASP-EXEC] ELBOW-HIGH: transition(return) move result: eai_manipulator_msgs.action.JointSpace_Result(success=True, result_msg='action finished')
[GRASP-EXEC] ELBOW-HIGH: left -> stage(return) joints=['0.000', '1.180', '0.000', '-1.300', '1.400', '-0.130', '0.180']
[INFO] [1783407257.893193641] [XARM_manager]: Sending goal to action server /jointspace_arm_L_controller/jointspace (attempt 1/3):
eai_manipulator_msgs.action.JointSpace_Goal(target_positions=[0.0, 1.18, 0.0, -1.3, 1.4, -0.13, 0.18])
[INFO] [1783407257.896132548] [XARM_manager]: Goal accepted. Waiting for result...
[INFO] [1783407259.752703951] [XARM_manager]: Action result received from /jointspace_arm_L_controller/jointspace
[INFO] [1783407259.752989588] [XARM_manager]: Action result: eai_manipulator_msgs.action.JointSpace_Result(success=True, result_msg='action finished')
[GRASP-EXEC] ELBOW-HIGH: stage(return) move result: eai_manipulator_msgs.action.JointSpace_Result(success=True, result_msg='action finished')
[GRASP-EXEC] PRE-HOME WAYPOINT: left -> joints=['0.000', '1.180', '0.000', '-1.300', '1.400', '-0.130', '0.180']
[INFO] [1783407259.755742521] [XARM_manager]: Sending goal to action server /jointspace_arm_L_controller/jointspace (attempt 1/3):
eai_manipulator_msgs.action.JointSpace_Goal(target_positions=[0.0, 1.18, 0.0, -1.3, 1.4, -0.13, 0.18])
[INFO] [1783407259.757693024] [XARM_manager]: Goal accepted. Waiting for result...
[INFO] [1783407259.761666491] [XARM_manager]: Action result received from /jointspace_arm_L_controller/jointspace
[INFO] [1783407259.761894798] [XARM_manager]: Action result: eai_manipulator_msgs.action.JointSpace_Result(success=True, result_msg='action finished')
[GRASP-EXEC] pre-home waypoint result: eai_manipulator_msgs.action.JointSpace_Result(success=True, result_msg='action finished')
[GRASP-EXEC] RETURN HOME: left -> joints=['0.844', '0.026', '-0.006', '-2.216', '-1.529', '0.250', '0.683']
[INFO] [1783407259.764499322] [XARM_manager]: Sending goal to action server /jointspace_arm_L_controller/jointspace (attempt 1/3):
eai_manipulator_msgs.action.JointSpace_Goal(target_positions=[0.844, 0.026, -0.006, -2.216, -1.529, 0.25, 0.683])
[INFO] [1783407259.766031030] [XARM_manager]: Goal accepted. Waiting for result...
[INFO] [1783407262.726304958] [XARM_manager]: Action result received from /jointspace_arm_L_controller/jointspace
[INFO] [1783407262.726863515] [XARM_manager]: Action result: eai_manipulator_msgs.action.JointSpace_Result(success=True, result_msg='action finished')
[GRASP-EXEC] return home result: eai_manipulator_msgs.action.JointSpace_Result(success=True, result_msg='action finished')
{
  "arm": "left",
  "pipeline_version": "accelerated",
  "motion_strategy": "qp_all",
  "dry_run": false,
  "motion": {
    "detected_pose7": [
      0.3750411977806275,
      0.22874454948287934,
      -0.13866688007980058,
      0.6946883978829527,
      0.5068304613068165,
      -0.3430734992681133,
      -0.3779305325562726
    ],
    "approach_pose7": [
      0.4803330086704067,
      0.3205746494252604,
      0.2794062604185185,
      -0.2424978046591388,
      0.26673717095636823,
      0.9312496547702016,
      0.05310533735955118
    ],
    "grasp_pose7": [
      0.531131607731539,
      0.3205746494252604,
      0.1905951972907526,
      -0.2424978046591388,
      0.26673717095636823,
      0.9312496547702016,
      0.05310533735955118
    ],
    "lift_pose7": [
      0.531131607731539,
      0.3205746494252604,
      0.3105951972907526,
      -0.36197567376712525,
      0.2575235600099754,
      0.8916303698141721,
      0.08746720108513334
    ],
    "pre_home_pose7": [
      0.351131607731539,
      0.22057464942526042,
      0.36059519729075257,
      -0.36197567376712525,
      0.2575235600099754,
      0.8916303698141721,
      0.08746720108513334
    ],
    "grasp_xyz_offset_m": [
      0.04,
      0.0,
      0.005
    ],
    "grasp_quat": [
      -0.2424978046591388,
      0.26673717095636823,
      0.9312496547702016,
      0.05310533735955118
    ],
    "use_fixed_grasp_quat": true,
    "phase_backends": {
      "approach": "qp_stream",
      "grasp": "qp_stream",
      "lift": "qp_stream"
    },
    "joint_limits_used": {
      "shoulder_pitch": [
        -2.96,
        2.96
      ],
      "shoulder_roll": [
        -0.262,
        2.616
      ],
      "shoulder_yaw": [
        -2.96,
        2.96
      ],
      "elbow_pitch": [
        -2.61,
        0.261
      ],
      "elbow_yaw": [
        -2.96,
        2.96
      ],
      "wrist_pitch": [
        -0.785,
        1.05
      ],
      "wrist_roll": [
        -1.65,
        1.3
      ]
    },
    "elbow_high_proactive_used": true,
    "elbow_high_orientation": "seed",
    "approach_tcp_tracking": {
      "commanded_xyz": [
        0.4803330086704067,
        0.3205746494252604,
        0.2794062604185185
      ],
      "achieved_xyz": [
        0.4735442920723095,
        0.3194628619721006,
        0.26121469891654575
      ],
      "error_mm": [
        -6.788716598097155,
        -1.1117874531598182,
        -18.191561501972764
      ],
      "error_norm_mm": 19.44879570231383,
      "achieved_quat": [
        -0.21472650506063645,
        0.24958959913944329,
        0.9424431261915907,
        0.0582967745255081
      ],
      "approach_axis_tilt_deg": 51.5540557171333,
      "commanded_approach_axis_tilt_deg": 47.73926956808575,
      "orientation_error_deg": 3.998658740949153
    },
    "approach_joint_limits": {
      "closest": {
        "joint": "wrist_pitch",
        "value": -0.7279,
        "lower": -0.785,
        "upper": 1.05,
        "dist_to_limit": 0.0571,
        "nearest_side": "lower"
      },
      "breached": [],
      "margin_rad": 0.05
    },
    "compliant_insert": {
      "ok": true,
      "contact": true,
      "reason": "contact",
      "resist_n": 2.0012268838903813,
      "traveled_m": 0.008045623676541516,
      "planned_depth_m": 0.0348514464081028,
      "ft_topic": "/arm_6dof_left",
      "calib_path": "/home/ubuntu/niu/compliant_grasp_execute/ft_calibration/ft_calibration_left.json",
      "calib_present": true,
      "commanded_m": 0.04854562367654151,
      "throttle_events": 0,
      "contact_kind": "force"
    },
    "grasp_tcp_tracking": {
      "commanded_xyz": [
        0.531131607731539,
        0.3205746494252604,
        0.1905951972907526
      ],
      "achieved_xyz": [
        0.5070278518252912,
        0.32055744445314105,
        0.20106196591428013
      ],
      "error_mm": [
        -24.103755906247805,
        -0.01720497211937788,
        10.466768623527523
      ],
      "error_norm_mm": 26.278215126174413,
      "achieved_quat": [
        -0.20330846703475564,
        0.2848164602183808,
        0.9341958424507834,
        0.06945055196555526
      ],
      "approach_axis_tilt_deg": 49.033278301851865,
      "commanded_approach_axis_tilt_deg": 47.73926956808575,
      "orientation_error_deg": 5.299648575321195
    },
    "grasp_joint_limits": {
      "closest": {
        "joint": "wrist_pitch",
        "value": -0.756,
        "lower": -0.785,
        "upper": 1.05,
        "dist_to_limit": 0.029,
        "nearest_side": "lower"
      },
      "breached": [],
      "margin_rad": 0.05
    },
    "lift_joint_limits": {
      "closest": {
        "joint": "wrist_pitch",
        "value": -0.7718,
        "lower": -0.785,
        "upper": 1.05,
        "dist_to_limit": 0.0132,
        "nearest_side": "lower"
      },
      "breached": [],
      "margin_rad": 0.05
    },
    "retract_ok": null,
    "return_home_ok": true,
    "released_on_finish_ok": null,
    "approach_ok": true,
    "grasp_ok": true,
    "lift_ok": true
  },
  "detection": {
    "class_name": "remote-control",
    "pose_head_roll_link": [
      0.841105526533064,
      0.18830904377789295,
      -0.08808170011605174,
      -0.3157395622175408,
      -0.33872532835678115,
      0.6465663148151277,
      0.6062389638802933
    ],
    "pose_tip_waist_yaw_link_rpy": {
      "x": 0.6037351689837156,
      "y": 0.18157537794385237,
      "z": -0.011269325975795219,
      "roll": -0.2673095173719084,
      "pitch": -0.04680800737432089,
      "yaw": 1.6055217151679555
    },
    "pose_tip_used_for_tcp_conversion_rpy": {
      "x": 0.6037351689837156,
      "y": 0.18157537794385237,
      "z": -0.011269325975795219,
      "roll": -2.072646557328436,
      "pitch": 0.09370200492132463,
      "yaw": 1.316099337725706
    },
    "pose_tcp_waist_yaw_link_rpy": {
      "x": 0.3750411977806275,
      "y": 0.22874454948287934,
      "z": -0.13866688007980058,
      "roll": -2.072646557328436,
      "pitch": 0.09370200492132463,
      "yaw": 1.316099337725706
    },
    "pose_tcp_waist_yaw_link_pose7": [
      0.3750411977806275,
      0.22874454948287934,
      -0.13866688007980058,
      0.6946883978829527,
      0.5068304613068165,
      -0.3430734992681133,
      -0.3779305325562726
    ],
    "current_tcp_pose7": [
      0.11560810175210315,
      -0.2578752082282186,
      0.1413445385195998,
      0.6946883978829527,
      0.5068304613068165,
      -0.3430734992681133,
      -0.3779305325562726
    ],
    "tcp_minus_tip_waist_m": [
      -0.2286939712030881,
      0.04716917153902697,
      -0.12739755410400536
    ],
    "tcp_to_tip_offset_m": [
      0.0,
      0.0,
      -0.266
    ],
    "orientation_policy": "current",
    "use_current_tcp_rotation": true,
    "rotation_source_arm": "right",
    "bbox_2d": [
      392.02752685546875,
      308.8963928222656,
      589.212646484375,
      345.064453125
    ],
    "bbox_3d": {
      "min": [
        0.8210438302994145,
        0.09734977896106228,
        -0.10992551554159899
      ],
      "max": [
        0.875497452593804,
        0.27507738795144965,
        -0.07080997102477493
      ],
      "center": [
        0.8482706414466092,
        0.18621358345625597,
        -0.09036774328318696
      ],
      "size": [
        0.05445362229438944,
        0.17772760899038736,
        0.03911554451682406
      ]
    },
    "object_long_axis_waist": [
      -0.03468038295101193,
      0.9983024998274379,
      0.04679091660417721
    ],
    "object_long_axis_yaw_waist_deg": -88.01038180427108,
    "object_angle_from_waist_x_deg": 88.01038180427109
  },
  "gripper": {
    "open_ok": true,
    "close_ok": true,
    "final_pos_pct": 90.0,
    "backend": "modbus_rtu"
  },
  "ok": true
}
[GRASP-EXEC] saved result json: /tmp/grasp_exec.json
[GRASP-EXEC] saved handoff: /tmp/grasp_handoff.json (arm=left holding=True)



横放，抓起来了。