[日志] 日志文件: logs/grasp/grasp_260708_125810.log
[日志] 执行命令: python3 -m grasp_pose_place_execute.main
[CONFIG] loaded 91 params from /home/ubuntu/niu/grasp_pose_place_execute/config.yaml
[PLACE-EXEC] ARM: handoff /tmp/grasp_handoff.json -> arm='left' holding=True object=['remote-control']
[INFO] [1783486691.243501542] [XARM_manager]: waiting for service /controller_manager/get_parameters to become available...
[INFO] [1783486691.633443604] [XARM_manager]: XARM_manager initialized, robot_type: tianyi2, run_type: real
[INFO] [1783486691.639820144] [XARM_manager]: 已订阅关节状态话题: /joint_states
[INFO] [1783486691.645850904] [XARM_manager]: 已订阅警告和错误信息话题: /manipulator/warn_and_error_info
[PLACE-EXEC] applied place tilt +45.0deg about waist Y -> quat=['-0.2294', '0.3262', '0.6764', '-0.6193']
[PLACE-EXEC] place TCP target (waist) from handoff grasp_pose7 (original detected grasp position): x=0.3435 y=0.2645 z=0.1768 (+5cm release clearance)
[PLACE-EXEC] approach along place axis: dist=0.120m extra_z=0.120m tool_z=[-0.714,0.157,0.682] approach_xyz=['0.2578', '0.2834', '0.3786']
[INFO] [1783486691.657278925] [XARM_manager]: /joint_action_report 服务已启动
[INFO] [1783486696.213843280] [XARM_manager]: Deactivated controllers: ['jointspace_arm_L_controller']
[PLACE-EXEC] arms enabled (mode 3); placing with 'left' arm
[PLACE-EXEC] gripper: connecting in background (overlaps approach)
[GRASP-EXEC] gripper: arm='left' -> stable by-id port /dev/serial/by-id/usb-FTDI_FT231X_USB_UART_DU0E2IPR-if00-port0
[INFO] [1783486696.234714657] [XARM_manager]: Deactivated controllers: []
[PLACE-EXEC] START HOME: left -> joints=['0.844', '0.026', '-0.006', '-2.216', '-1.529', '0.200', '0.683']
[INFO] [1783486696.251262815] [XARM_manager]: Activated controllers: ['jointspace_arm_L_controller']
[INFO] [1783486696.266505153] [XARM_manager]: Sending goal to action server /jointspace_arm_L_controller/jointspace (attempt 1/3):
eai_manipulator_msgs.action.JointSpace_Goal(target_positions=[0.844, 0.026, -0.006, -2.216, -1.529, 0.2, 0.683])
[INFO] [1783486696.268094679] [XARM_manager]: Goal accepted. Waiting for result...
[robotiq_api] gripper already activated (gSTA==3); skip resetActivate()
[GRASP-EXEC] gripper: cached serial port /dev/serial/by-id/usb-FTDI_FT231X_USB_UART_DU0E2IPR-if00-port0 -> /tmp/robotiq_gripper_port.txt
[GRASP-EXEC] gripper controller ready: backend=modbus_rtu port=auto slave=9 (wait_timeout=8.0s) [connect took 0.05s]
[INFO] [1783486696.829553451] [XARM_manager]: Action result received from /jointspace_arm_L_controller/jointspace
[INFO] [1783486696.829997609] [XARM_manager]: Action result: eai_manipulator_msgs.action.JointSpace_Result(success=True, result_msg='action finished')
[PLACE-EXEC] START HOME result: eai_manipulator_msgs.action.JointSpace_Result(success=True, result_msg='action finished')
[INFO] [1783486696.842950813] [XARM_manager]: Deactivated controllers: ['jointspace_arm_L_controller']
[WARN] [1783486697.477869408] [XARM_manager]: TF查找超时: waist_yaw_link <- left_tcp_link, 超时0.5s
[PLACE-EXEC] TF warmup ok: read TCP after 2 attempt(s)
[PLACE-EXEC] ARM: approach to middle waypoint
[INFO] [1783486697.491822888] [XARM_manager]: Activated controllers: ['endpose_single_arm_qp_L_controller']
[GRASP-EXEC] QP-Stream left -> approach (pure-pursuit): pos=27.8cm rot=74.6deg, lookahead=13cm @ 50Hz, pos_tol=2.0cm accept=2.5cm keep_ori=False
[GRASP-EXEC] approach TCP tracking: commanded=[0.2578,0.2834,0.3786] achieved=[0.2663,0.2966,0.3663] err=[+8.5,+13.2,-12.3]mm |err|=19.9mm approach-axis tilt: achieved=+35.4deg commanded=+43.0deg (0=level) ori-err=12.8deg
[PLACE-EXEC] ARM: HYBRID pre-descent (QP, fast transit) -> 14.7cm, leaving final 6.0cm for F/T compliant set-down
[GRASP-EXEC] QP-Stream left -> approach (pure-pursuit): pos=14.7cm rot=0.0deg, lookahead=13cm @ 50Hz, pos_tol=2.0cm accept=2.5cm keep_ori=True
[PLACE-EXEC] ARM: COMPLIANT set-down (F/T admittance descend-to-contact)
[INFO] [1783486701.335859330] [XARM_manager]: [COMPLIANT-LEFT] Loaded F/T calibration from /home/ubuntu/niu/compliant_grasp_execute/ft_calibration/ft_calibration_left.json
[INFO] [1783486701.357551179] [XARM_manager]: [COMPLIANT-LEFT] target set: p=[0.30860622204901994, 0.2826801348101058, 0.2366719064748262] q=[0.1851176397348957, -0.4460436154490522, -0.580600984477304, 0.6554990842099665]
[INFO] [1783486701.358429360] [XARM_manager]: [COMPLIANT-LEFT] seeded QP target at captured pose (z=+0.2367).
[INFO] [1783486701.359135347] [XARM_manager]: [COMPLIANT-LEFT] admittance loop starting (calibrating force offset; keep hands off the arm briefly)...
[INFO] [1783486701.683975940] [XARM_manager]: [COMPLIANT-LEFT] runtime offset calibrated. p_ref=[0.30860622204901994, 0.2826801348101058, 0.2366719064748262], ready.
[COMPLIANT-INSERT] runtime force-offset calibrated in 0.33s
[INFO] [1783486701.684864239] [XARM_manager]: [COMPLIANT-LEFT] gains updated: B=[3.9597979746446663, 5.6, 3.9597979746446663] K=[20.0, 40.0, 20.0] B_rot=[0.5, 0.5, 0.5] K_rot=[0.0, 0.0, 0.0]
[COMPLIANT-INSERT] insertion dir=[+0.44,-0.21,-0.87] planned_depth=12.1cm soft_axes=xz K=[20.0, 40.0, 20.0] B=[3.96, 5.6, 3.96] contact_thresh=1.5N
[INFO] [1783486702.514840344] [XARM_manager]: [COMPLIANT-LEFT] n=200 hz=242.9 F=[+0.00,+0.00,-0.21]N disp=[-1.5,+0.5,+2.7]cm v=[+0.05,-0.04,-0.15]
[COMPLIANT-INSERT] insert s=5.5cm tcp_drop=2.4cm lag=+2.9cm resist=+0.17N (throttle x0)
[INFO] [1783486703.349714610] [XARM_manager]: [COMPLIANT-LEFT] n=400 hz=240.3 F=[+0.00,+0.00,+0.00]N disp=[-2.2,+0.6,+2.4]cm v=[+0.11,-0.05,-0.12]
[COMPLIANT-INSERT] insert s=9.0cm tcp_drop=5.9cm lag=+3.1cm resist=+0.15N (throttle x0)
[INFO] [1783486704.183027184] [XARM_manager]: [COMPLIANT-LEFT] n=600 hz=240.9 F=[+0.00,+0.00,+0.00]N disp=[-2.4,+0.6,+2.2]cm v=[+0.12,-0.04,-0.11]
[INFO] [1783486704.514394692] [XARM_manager]: [COMPLIANT-LEFT] gains updated: B=[10.844353369380768, 10.844353369380768, 10.844353369380768] K=[150.0, 150.0, 150.0] B_rot=[0.5, 0.5, 0.5] K_rot=[0.0, 0.0, 0.0]
[INFO] [1783486704.514949387] [XARM_manager]: [COMPLIANT-LEFT] target set: p=[0.33592122319520973, 0.26399936551158715, 0.1537058936626099] q=[0.1851176397348957, -0.4460436154490522, -0.580600984477304, 0.6554990842099665]
[COMPLIANT-INSERT] CONTACT (force) at tcp_drop 8.8cm (resist 4.1N, thresh 1.5N); holding compliant for gripper close
[GRASP-EXEC] place TCP tracking: commanded=[0.3435,0.2645,0.1768] achieved=[0.3398,0.2632,0.1570] err=[-3.7,-1.3,-19.8]mm |err|=20.2mm approach-axis tilt: achieved=+32.0deg commanded=+43.0deg (0=level) ori-err=20.5deg
[PLACE-EXEC] GRIPPER: release (open) at place pose
[GRASP-EXEC] gripper release: start=90% -> target=0%
[INFO] [1783486705.022376424] [XARM_manager]: [COMPLIANT-LEFT] n=800 hz=239.8 F=[+0.00,+0.00,+0.43]N disp=[+0.3,+0.0,+0.3]cm v=[-0.04,-0.00,-0.02]
[GRASP-EXEC] gripper release result: pos=1% status=3 ok=True
[INFO] [1783486705.596520156] [XARM_manager]: [COMPLIANT-LEFT] admittance loop stopped.
[PLACE-EXEC] ARM: retract to pre-insert standoff (keep orientation)
[GRASP-EXEC] QP-Stream left -> retract (pure-pursuit): pos=23.5cm rot=0.0deg, lookahead=13cm @ 50Hz, pos_tol=2.0cm accept=2.5cm keep_ori=True
[GRASP-EXEC] retract TCP tracking: commanded=[0.2578,0.2834,0.3786] achieved=[0.2747,0.2871,0.3883] err=[+16.9,+3.7,+9.7]mm |err|=19.8mm approach-axis tilt: achieved=+28.7deg commanded=+43.0deg (0=level) ori-err=20.8deg
[INFO] [1783486707.973027798] [XARM_manager]: Deactivated controllers: ['endpose_single_arm_qp_L_controller']
[PLACE-EXEC] RETURN HOME: left -> joints=['0.844', '0.026', '-0.006', '-2.216', '-1.529', '0.200', '0.683']
[INFO] [1783486707.992353673] [XARM_manager]: Activated controllers: ['jointspace_arm_L_controller']
[INFO] [1783486707.993577120] [XARM_manager]: Sending goal to action server /jointspace_arm_L_controller/jointspace (attempt 1/3):
eai_manipulator_msgs.action.JointSpace_Goal(target_positions=[0.844, 0.026, -0.006, -2.216, -1.529, 0.2, 0.683])
[INFO] [1783486707.995869361] [XARM_manager]: Goal accepted. Waiting for result...
[INFO] [1783486710.776318514] [XARM_manager]: Action result received from /jointspace_arm_L_controller/jointspace
[INFO] [1783486710.776608265] [XARM_manager]: Action result: eai_manipulator_msgs.action.JointSpace_Result(success=True, result_msg='action finished')
[PLACE-EXEC] RETURN HOME result: eai_manipulator_msgs.action.JointSpace_Result(success=True, result_msg='action finished')
{
  "arm": "left",
  "motion_strategy": "qp_all",
  "dry_run": false,
  "motion": {
    "place_pose7": [
      0.34349060336258175,
      0.2645194847664641,
      0.17676641227441575,
      -0.22941393277711944,
      0.3262292453010775,
      0.6763556988345837,
      -0.6192630261948527
    ],
    "approach_pose7": [
      0.2577656920415577,
      0.2833785510680003,
      0.3785929067443417,
      -0.22941393277711944,
      0.3262292453010775,
      0.6763556988345837,
      -0.6192630261948527
    ],
    "approach_tcp_tracking": {
      "commanded_xyz": [
        0.2577656920415577,
        0.2833785510680003,
        0.3785929067443417
      ],
      "achieved_xyz": [
        0.2662535635733056,
        0.29657008404785223,
        0.3663425788579569
      ],
      "error_mm": [
        8.487871531747903,
        13.191532979851928,
        -12.250327886384804
      ],
      "error_norm_mm": 19.90304094408477,
      "achieved_quat": [
        0.19775751437269973,
        -0.4140967977510748,
        -0.6188229466723947,
        0.6375531101587785
      ],
      "approach_axis_tilt_deg": 35.368406570849906,
      "commanded_approach_axis_tilt_deg": 42.99131199460442,
      "orientation_error_deg": 12.75015710223277
    },
    "compliant_place": {
      "ok": true,
      "contact": true,
      "reason": "contact",
      "resist_n": 4.076155575619858,
      "traveled_m": 0.08835210915320842,
      "planned_depth_m": 0.12123402115632942,
      "ft_topic": "/arm_6dof_left",
      "calib_path": "/home/ubuntu/niu/compliant_grasp_execute/ft_calibration/ft_calibration_left.json",
      "calib_present": true,
      "commanded_m": 0.11794982146169361,
      "throttle_events": 0,
      "contact_kind": "force"
    },
    "place_tcp_tracking": {
      "commanded_xyz": [
        0.34349060336258175,
        0.2645194847664641,
        0.17676641227441575
      ],
      "achieved_xyz": [
        0.33982006603647014,
        0.26323863849774476,
        0.1569913893641812
      ],
      "error_mm": [
        -3.6705373261116114,
        -1.2808462687193267,
        -19.775022910234558
      ],
      "error_norm_mm": 20.153534244066783,
      "achieved_quat": [
        0.17630289357497084,
        -0.45196733917351434,
        -0.569914721729171,
        0.6632043606565532
      ],
      "approach_axis_tilt_deg": 31.957200293150777,
      "commanded_approach_axis_tilt_deg": 42.99131199460442,
      "orientation_error_deg": 20.49122991676434
    },
    "retract_tcp_tracking": {
      "commanded_xyz": [
        0.2577656920415577,
        0.2833785510680003,
        0.3785929067443417
      ],
      "achieved_xyz": [
        0.27466751111827276,
        0.2870977277003114,
        0.38827038390405144
      ],
      "error_mm": [
        16.901819076715064,
        3.719176632311083,
        9.677477159709735
      ],
      "error_norm_mm": 19.828195255772567,
      "achieved_quat": [
        0.1988048650848702,
        -0.4698308345286777,
        -0.5718788605506285,
        0.6424096678911269
      ],
      "approach_axis_tilt_deg": 28.650872587010397,
      "commanded_approach_axis_tilt_deg": 42.99131199460442,
      "orientation_error_deg": 20.848331205011277
    },
    "approach_ok": true,
    "place_ok": true,
    "released_ok": true,
    "lift_ok": null,
    "retract_ok": true,
    "return_home_ok": true
  },
  "ok": true
}
[PLACE-EXEC] saved result json: /tmp/place_exec.json
[PLACE-EXEC] updated handoff: /tmp/grasp_handoff.json (holding=false, placed=true)
